[2024-10-08T13:58:48.131+0000] {local_task_job_runner.py:120} INFO - ::group::Pre task execution logs
[2024-10-08T13:58:48.167+0000] {taskinstance.py:2076} INFO - Dependencies all met for dep_context=non-requeueable deps ti=<TaskInstance: update_database.run_sofascore_scraper manual__2024-10-08T13:58:45.388681+00:00 [queued]>
[2024-10-08T13:58:48.179+0000] {taskinstance.py:2076} INFO - Dependencies all met for dep_context=requeueable deps ti=<TaskInstance: update_database.run_sofascore_scraper manual__2024-10-08T13:58:45.388681+00:00 [queued]>
[2024-10-08T13:58:48.181+0000] {taskinstance.py:2306} INFO - Starting attempt 1 of 2
[2024-10-08T13:58:48.200+0000] {taskinstance.py:2330} INFO - Executing <Task(BashOperator): run_sofascore_scraper> on 2024-10-08 13:58:45.388681+00:00
[2024-10-08T13:58:48.208+0000] {warnings.py:112} WARNING - /home/***/.local/lib/python3.12/site-packages/***/task/task_runner/standard_task_runner.py:61: DeprecationWarning: This process (pid=146) is multi-threaded, use of fork() may lead to deadlocks in the child.
  pid = os.fork()

[2024-10-08T13:58:48.210+0000] {standard_task_runner.py:63} INFO - Started process 148 to run task
[2024-10-08T13:58:48.209+0000] {standard_task_runner.py:90} INFO - Running: ['***', 'tasks', 'run', 'update_database', 'run_sofascore_scraper', 'manual__2024-10-08T13:58:45.388681+00:00', '--job-id', '3815', '--raw', '--subdir', 'DAGS_FOLDER/update.py', '--cfg-path', '/tmp/tmp6l5x1bf4']
[2024-10-08T13:58:48.211+0000] {standard_task_runner.py:91} INFO - Job 3815: Subtask run_sofascore_scraper
[2024-10-08T13:58:48.261+0000] {task_command.py:426} INFO - Running <TaskInstance: update_database.run_sofascore_scraper manual__2024-10-08T13:58:45.388681+00:00 [running]> on host 5e30186d778c
[2024-10-08T13:58:48.406+0000] {taskinstance.py:2648} INFO - Exporting env vars: AIRFLOW_CTX_DAG_OWNER='***' AIRFLOW_CTX_DAG_ID='update_database' AIRFLOW_CTX_TASK_ID='run_sofascore_scraper' AIRFLOW_CTX_EXECUTION_DATE='2024-10-08T13:58:45.388681+00:00' AIRFLOW_CTX_TRY_NUMBER='1' AIRFLOW_CTX_DAG_RUN_ID='manual__2024-10-08T13:58:45.388681+00:00'
[2024-10-08T13:58:48.408+0000] {taskinstance.py:430} INFO - ::endgroup::
[2024-10-08T13:58:48.413+0000] {subprocess.py:63} INFO - Tmp dir root location: /tmp
[2024-10-08T13:58:48.415+0000] {subprocess.py:75} INFO - Running command: ['/usr/bin/bash', '-c', 'docker run -d --name sofascore_scraper_container -v C:/Users/efsta/Desktop/Kostas/Data/football_scotland/***/dags/sofascore_scraper_container/csv:/app/csv kostasmitalloulis/sofascoe_scraper_image_up:latest && docker rm sofascore_scraper_container && docker rmi kostasmitalloulis/sofascoe_scraper_image_up']
[2024-10-08T13:58:48.433+0000] {subprocess.py:86} INFO - Output:
[2024-10-08T13:58:48.647+0000] {subprocess.py:93} INFO - Unable to find image 'kostasmitalloulis/sofascoe_scraper_image_up:latest' locally
[2024-10-08T13:58:50.262+0000] {subprocess.py:93} INFO - latest: Pulling from kostasmitalloulis/sofascoe_scraper_image_up
[2024-10-08T13:58:50.265+0000] {subprocess.py:93} INFO - ba83bbfca944: Already exists
[2024-10-08T13:58:50.272+0000] {subprocess.py:93} INFO - 48e779000ed2: Already exists
[2024-10-08T13:58:50.276+0000] {subprocess.py:93} INFO - 6d691dff6d17: Already exists
[2024-10-08T13:58:50.279+0000] {subprocess.py:93} INFO - 54cfd3060466: Already exists
[2024-10-08T13:58:50.282+0000] {subprocess.py:93} INFO - de88d2367fa4: Already exists
[2024-10-08T13:58:50.285+0000] {subprocess.py:93} INFO - 203a2ed516c5: Already exists
[2024-10-08T13:58:50.289+0000] {subprocess.py:93} INFO - 1098fe96b80e: Already exists
[2024-10-08T13:58:50.292+0000] {subprocess.py:93} INFO - cd8e006d5451: Already exists
[2024-10-08T13:58:50.296+0000] {subprocess.py:93} INFO - 7ad1e9b29e9f: Already exists
[2024-10-08T13:58:50.302+0000] {subprocess.py:93} INFO - 41837d337653: Already exists
[2024-10-08T13:58:50.306+0000] {subprocess.py:93} INFO - 9760b483e39f: Already exists
[2024-10-08T13:58:50.310+0000] {subprocess.py:93} INFO - c40a00e15ad1: Already exists
[2024-10-08T13:58:50.315+0000] {subprocess.py:93} INFO - 6b609d0d34f7: Already exists
[2024-10-08T13:58:50.320+0000] {subprocess.py:93} INFO - c909bc22699e: Already exists
[2024-10-08T13:58:50.325+0000] {subprocess.py:93} INFO - 399169395b2e: Already exists
[2024-10-08T13:58:50.329+0000] {subprocess.py:93} INFO - 030c072bb975: Already exists
[2024-10-08T13:58:50.334+0000] {subprocess.py:93} INFO - d7703c55093d: Already exists
[2024-10-08T13:58:50.339+0000] {subprocess.py:93} INFO - 2a1870666e16: Already exists
[2024-10-08T13:58:50.345+0000] {subprocess.py:93} INFO - 916865935dac: Already exists
[2024-10-08T13:58:50.727+0000] {subprocess.py:93} INFO - Digest: sha256:b006a03f459412ff1f832f038b08ce4a3c259b5f5216e68ba1f72d9e2656c479
[2024-10-08T13:58:50.729+0000] {subprocess.py:93} INFO - Status: Downloaded newer image for kostasmitalloulis/sofascoe_scraper_image_up:latest
[2024-10-08T13:58:50.803+0000] {subprocess.py:93} INFO - d2464b552b09c77a654d05aa0fed3fb76d3a2c688d94e15d42a2c9e9966548a4
[2024-10-08T13:58:51.755+0000] {subprocess.py:93} INFO - Error response from daemon: cannot remove container "/sofascore_scraper_container": container is running: stop the container before removing or force remove
[2024-10-08T13:58:51.761+0000] {subprocess.py:97} INFO - Command exited with return code 1
[2024-10-08T13:58:51.763+0000] {taskinstance.py:441} INFO - ::group::Post task execution logs
[2024-10-08T13:58:51.786+0000] {taskinstance.py:2905} ERROR - Task failed with exception
Traceback (most recent call last):
  File "/home/airflow/.local/lib/python3.12/site-packages/airflow/models/taskinstance.py", line 465, in _execute_task
    result = _execute_callable(context=context, **execute_callable_kwargs)
             ^^^^^^^^^^^^^^^^^^^^^^^^^^^^^^^^^^^^^^^^^^^^^^^^^^^^^^^^^^^^^
  File "/home/airflow/.local/lib/python3.12/site-packages/airflow/models/taskinstance.py", line 432, in _execute_callable
    return execute_callable(context=context, **execute_callable_kwargs)
           ^^^^^^^^^^^^^^^^^^^^^^^^^^^^^^^^^^^^^^^^^^^^^^^^^^^^^^^^^^^^
  File "/home/airflow/.local/lib/python3.12/site-packages/airflow/models/baseoperator.py", line 401, in wrapper
    return func(self, *args, **kwargs)
           ^^^^^^^^^^^^^^^^^^^^^^^^^^^
  File "/home/airflow/.local/lib/python3.12/site-packages/airflow/operators/bash.py", line 243, in execute
    raise AirflowException(
airflow.exceptions.AirflowException: Bash command failed. The command returned a non-zero exit code 1.
[2024-10-08T13:58:51.799+0000] {taskinstance.py:1206} INFO - Marking task as UP_FOR_RETRY. dag_id=update_database, task_id=run_sofascore_scraper, run_id=manual__2024-10-08T13:58:45.388681+00:00, execution_date=20241008T135845, start_date=20241008T135848, end_date=20241008T135851
[2024-10-08T13:58:51.863+0000] {standard_task_runner.py:110} ERROR - Failed to execute job 3815 for task run_sofascore_scraper (Bash command failed. The command returned a non-zero exit code 1.; 148)
[2024-10-08T13:58:51.927+0000] {local_task_job_runner.py:240} INFO - Task exited with return code 1
[2024-10-08T13:58:51.969+0000] {taskinstance.py:3503} INFO - 0 downstream tasks scheduled from follow-on schedule check
[2024-10-08T13:58:51.993+0000] {local_task_job_runner.py:222} INFO - ::endgroup::
