[2024-09-29T13:04:09.849+0000] {local_task_job_runner.py:120} INFO - ::group::Pre task execution logs
[2024-09-29T13:04:09.884+0000] {taskinstance.py:2076} INFO - Dependencies all met for dep_context=non-requeueable deps ti=<TaskInstance: intialization_database.merge_transform_football_data_task manual__2024-09-29T13:04:04.069652+00:00 [queued]>
[2024-09-29T13:04:09.895+0000] {taskinstance.py:2076} INFO - Dependencies all met for dep_context=requeueable deps ti=<TaskInstance: intialization_database.merge_transform_football_data_task manual__2024-09-29T13:04:04.069652+00:00 [queued]>
[2024-09-29T13:04:09.895+0000] {taskinstance.py:2306} INFO - Starting attempt 1 of 2
[2024-09-29T13:04:09.915+0000] {taskinstance.py:2330} INFO - Executing <Task(PythonOperator): merge_transform_football_data_task> on 2024-09-29 13:04:04.069652+00:00
[2024-09-29T13:04:09.924+0000] {warnings.py:112} WARNING - /home/***/.local/lib/python3.12/site-packages/***/task/task_runner/standard_task_runner.py:61: DeprecationWarning: This process (pid=1799) is multi-threaded, use of fork() may lead to deadlocks in the child.
  pid = os.fork()

[2024-09-29T13:04:09.925+0000] {standard_task_runner.py:63} INFO - Started process 1801 to run task
[2024-09-29T13:04:09.925+0000] {standard_task_runner.py:90} INFO - Running: ['***', 'tasks', 'run', 'intialization_database', 'merge_transform_football_data_task', 'manual__2024-09-29T13:04:04.069652+00:00', '--job-id', '2826', '--raw', '--subdir', 'DAGS_FOLDER/initialization.py', '--cfg-path', '/tmp/tmpl68vn4yt']
[2024-09-29T13:04:09.927+0000] {standard_task_runner.py:91} INFO - Job 2826: Subtask merge_transform_football_data_task
[2024-09-29T13:04:09.980+0000] {task_command.py:426} INFO - Running <TaskInstance: intialization_database.merge_transform_football_data_task manual__2024-09-29T13:04:04.069652+00:00 [running]> on host e78fe06b6548
[2024-09-29T13:04:10.085+0000] {taskinstance.py:2648} INFO - Exporting env vars: AIRFLOW_CTX_DAG_OWNER='***' AIRFLOW_CTX_DAG_ID='intialization_database' AIRFLOW_CTX_TASK_ID='merge_transform_football_data_task' AIRFLOW_CTX_EXECUTION_DATE='2024-09-29T13:04:04.069652+00:00' AIRFLOW_CTX_TRY_NUMBER='1' AIRFLOW_CTX_DAG_RUN_ID='manual__2024-09-29T13:04:04.069652+00:00'
[2024-09-29T13:04:10.087+0000] {taskinstance.py:430} INFO - ::endgroup::
[2024-09-29T13:04:11.578+0000] {warnings.py:112} WARNING - /opt/***/dags/helpers_initialization_dag/football_data_merging_transforming_csvs_fl.py:94: SettingWithCopyWarning: 
A value is trying to be set on a copy of a slice from a DataFrame.
Try using .loc[row_indexer,col_indexer] = value instead

See the caveats in the documentation: https://pandas.pydata.org/pandas-docs/stable/user_guide/indexing.html#returning-a-view-versus-a-copy
  df_99_00_00['Date'] = df_99_00_00['Date'].apply(fix_date_format_after_nineties)

[2024-09-29T13:04:11.605+0000] {warnings.py:112} WARNING - /opt/***/dags/helpers_initialization_dag/football_data_merging_transforming_csvs_fl.py:99: SettingWithCopyWarning: 
A value is trying to be set on a copy of a slice from a DataFrame.
Try using .loc[row_indexer,col_indexer] = value instead

See the caveats in the documentation: https://pandas.pydata.org/pandas-docs/stable/user_guide/indexing.html#returning-a-view-versus-a-copy
  df_99_00_99['Date'] = df_99_00_99['Date'].apply(fix_date_format)

[2024-09-29T13:04:11.639+0000] {warnings.py:112} WARNING - /opt/***/dags/helpers_initialization_dag/football_data_merging_transforming_csvs_fl.py:113: FutureWarning: DataFrame.applymap has been deprecated. Use DataFrame.map instead.
  df_concatenated = df_concatenated.applymap(lambda x: x.strip() if isinstance(x, str) else x)

[2024-09-29T13:04:11.821+0000] {logging_mixin.py:188} INFO - File /opt/***/dags/csvs/first_load_csvs/football_data_csvs/df_99_00_00.csv has been deleted.
[2024-09-29T13:04:11.824+0000] {python.py:237} INFO - Done. Returned value was: None
[2024-09-29T13:04:11.825+0000] {taskinstance.py:441} INFO - ::group::Post task execution logs
[2024-09-29T13:04:11.835+0000] {taskinstance.py:1206} INFO - Marking task as SUCCESS. dag_id=intialization_database, task_id=merge_transform_football_data_task, run_id=manual__2024-09-29T13:04:04.069652+00:00, execution_date=20240929T130404, start_date=20240929T130409, end_date=20240929T130411
[2024-09-29T13:04:11.867+0000] {local_task_job_runner.py:240} INFO - Task exited with return code 0
[2024-09-29T13:04:11.904+0000] {taskinstance.py:3503} INFO - 1 downstream tasks scheduled from follow-on schedule check
[2024-09-29T13:04:11.906+0000] {local_task_job_runner.py:222} INFO - ::endgroup::
