[2024-10-09T13:36:00.000+0000] {local_task_job_runner.py:120} INFO - ::group::Pre task execution logs
[2024-10-09T13:36:00.078+0000] {taskinstance.py:2076} INFO - Dependencies all met for dep_context=non-requeueable deps ti=<TaskInstance: update_database.get_date_from_postgres manual__2024-10-09T13:32:52.916094+00:00 [queued]>
[2024-10-09T13:36:00.099+0000] {taskinstance.py:2076} INFO - Dependencies all met for dep_context=requeueable deps ti=<TaskInstance: update_database.get_date_from_postgres manual__2024-10-09T13:32:52.916094+00:00 [queued]>
[2024-10-09T13:36:00.101+0000] {taskinstance.py:2306} INFO - Starting attempt 1 of 2
[2024-10-09T13:36:00.132+0000] {taskinstance.py:2330} INFO - Executing <Task(PythonOperator): get_date_from_postgres> on 2024-10-09 13:32:52.916094+00:00
[2024-10-09T13:36:00.145+0000] {warnings.py:112} WARNING - /home/***/.local/lib/python3.12/site-packages/***/task/task_runner/standard_task_runner.py:61: DeprecationWarning: This process (pid=57) is multi-threaded, use of fork() may lead to deadlocks in the child.
  pid = os.fork()

[2024-10-09T13:36:00.154+0000] {standard_task_runner.py:63} INFO - Started process 61 to run task
[2024-10-09T13:36:00.153+0000] {standard_task_runner.py:90} INFO - Running: ['***', 'tasks', 'run', 'update_database', 'get_date_from_postgres', 'manual__2024-10-09T13:32:52.916094+00:00', '--job-id', '3873', '--raw', '--subdir', 'DAGS_FOLDER/update.py', '--cfg-path', '/tmp/tmpr1vdsp39']
[2024-10-09T13:36:00.157+0000] {standard_task_runner.py:91} INFO - Job 3873: Subtask get_date_from_postgres
[2024-10-09T13:36:00.273+0000] {task_command.py:426} INFO - Running <TaskInstance: update_database.get_date_from_postgres manual__2024-10-09T13:32:52.916094+00:00 [running]> on host 9ee81962cd27
[2024-10-09T13:36:00.609+0000] {taskinstance.py:2648} INFO - Exporting env vars: AIRFLOW_CTX_DAG_OWNER='***' AIRFLOW_CTX_DAG_ID='update_database' AIRFLOW_CTX_TASK_ID='get_date_from_postgres' AIRFLOW_CTX_EXECUTION_DATE='2024-10-09T13:32:52.916094+00:00' AIRFLOW_CTX_TRY_NUMBER='1' AIRFLOW_CTX_DAG_RUN_ID='manual__2024-10-09T13:32:52.916094+00:00'
[2024-10-09T13:36:00.611+0000] {taskinstance.py:430} INFO - ::endgroup::
[2024-10-09T13:36:00.630+0000] {base.py:84} INFO - Using connection ID 'football_scotland_connection' for task execution.
[2024-10-09T13:36:00.639+0000] {logging_mixin.py:188} INFO - 2024-05-19
[2024-10-09T13:36:00.640+0000] {python.py:237} INFO - Done. Returned value was: 2024-05-19
[2024-10-09T13:36:00.643+0000] {taskinstance.py:441} INFO - ::group::Post task execution logs
[2024-10-09T13:36:00.691+0000] {taskinstance.py:1206} INFO - Marking task as SUCCESS. dag_id=update_database, task_id=get_date_from_postgres, run_id=manual__2024-10-09T13:32:52.916094+00:00, execution_date=20241009T133252, start_date=20241009T133600, end_date=20241009T133600
[2024-10-09T13:36:00.734+0000] {local_task_job_runner.py:240} INFO - Task exited with return code 0
[2024-10-09T13:36:00.761+0000] {taskinstance.py:3503} INFO - 0 downstream tasks scheduled from follow-on schedule check
[2024-10-09T13:36:00.763+0000] {local_task_job_runner.py:222} INFO - ::endgroup::
