[2024-10-02T10:27:20.168+0000] {local_task_job_runner.py:120} INFO - ::group::Pre task execution logs
[2024-10-02T10:27:20.197+0000] {taskinstance.py:2076} INFO - Dependencies all met for dep_context=non-requeueable deps ti=<TaskInstance: intialization_database.create_dimension_tables_fl manual__2024-10-02T10:26:05.976277+00:00 [queued]>
[2024-10-02T10:27:20.207+0000] {taskinstance.py:2076} INFO - Dependencies all met for dep_context=requeueable deps ti=<TaskInstance: intialization_database.create_dimension_tables_fl manual__2024-10-02T10:26:05.976277+00:00 [queued]>
[2024-10-02T10:27:20.208+0000] {taskinstance.py:2306} INFO - Starting attempt 1 of 2
[2024-10-02T10:27:20.225+0000] {taskinstance.py:2330} INFO - Executing <Task(PostgresOperator): create_dimension_tables_fl> on 2024-10-02 10:26:05.976277+00:00
[2024-10-02T10:27:20.234+0000] {warnings.py:112} WARNING - /home/***/.local/lib/python3.12/site-packages/***/task/task_runner/standard_task_runner.py:61: DeprecationWarning: This process (pid=2287) is multi-threaded, use of fork() may lead to deadlocks in the child.
  pid = os.fork()

[2024-10-02T10:27:20.236+0000] {standard_task_runner.py:63} INFO - Started process 2289 to run task
[2024-10-02T10:27:20.236+0000] {standard_task_runner.py:90} INFO - Running: ['***', 'tasks', 'run', 'intialization_database', 'create_dimension_tables_fl', 'manual__2024-10-02T10:26:05.976277+00:00', '--job-id', '3234', '--raw', '--subdir', 'DAGS_FOLDER/initialization.py', '--cfg-path', '/tmp/tmpk2r3kikd']
[2024-10-02T10:27:20.237+0000] {standard_task_runner.py:91} INFO - Job 3234: Subtask create_dimension_tables_fl
[2024-10-02T10:27:20.298+0000] {task_command.py:426} INFO - Running <TaskInstance: intialization_database.create_dimension_tables_fl manual__2024-10-02T10:26:05.976277+00:00 [running]> on host 6dc69f1b4d8f
[2024-10-02T10:27:20.439+0000] {taskinstance.py:2648} INFO - Exporting env vars: AIRFLOW_CTX_DAG_OWNER='***' AIRFLOW_CTX_DAG_ID='intialization_database' AIRFLOW_CTX_TASK_ID='create_dimension_tables_fl' AIRFLOW_CTX_EXECUTION_DATE='2024-10-02T10:26:05.976277+00:00' AIRFLOW_CTX_TRY_NUMBER='1' AIRFLOW_CTX_DAG_RUN_ID='manual__2024-10-02T10:26:05.976277+00:00'
[2024-10-02T10:27:20.441+0000] {taskinstance.py:430} INFO - ::endgroup::
[2024-10-02T10:27:20.442+0000] {sql.py:276} INFO - Executing: --CREATE DIMENSION TABLES
DO $$
BEGIN
    IF NOT EXISTS (SELECT FROM information_schema.tables WHERE table_schema = 'scottish_premiership' AND table_name = 'dim_general_info') THEN
        CREATE TABLE scottish_premiership.dim_general_info (
            game_id SERIAL PRIMARY KEY,
            game_date varchar(255) ,
            fd_time varchar(255),
            hometeam varchar(255) ,
            awayteam varchar(255),
            fd_fthg varchar(255),
            fd_ftag varchar(255),
            fd_hthg varchar(255),
            fd_htag varchar(255),
            fd_ftr varchar(255),
            fd_htr varchar(255),
            fd_tournament_season varchar(255),
            sofa_tournament_name varchar(255),
            sofa_tournament_country varchar(255),
            sofa_tournament_name_season varchar(255),
            sofa_tournament_season varchar(255),
            sofa_tournament_round varchar(255),
            fbref_time varchar(255),
            fbref_comp varchar(255),
            fbref_round varchar(255),
            fbref_day varchar(255),
            fbref_attendance varchar(255),
            fbref_full_season_format varchar(255),
            fbref_shortened_season varchar(255),
            fbref_match_report_url varchar(255),
            fbref_game_venue_epoch varchar(255),
            fbref_game_venue_time varchar(255),
            fbref_stadium_name varchar(255),
            german_import_time varchar(255),
            UNIQUE  (game_date,hometeam)
        );
    END IF;

    IF NOT EXISTS (SELECT FROM information_schema.tables WHERE table_schema = 'scottish_premiership' AND table_name = 'dim_referees') THEN
    CREATE TABLE scottish_premiership.dim_general_info (
        game_id INT PRIMARY KEY REFERENCES scottish_premiership.dim_general_info (game_id),  
        fd_referee varchar(255) ,
        sofa_referee_name varchar(255) ,
        sofa_referee_yellow_cards varchar(255) ,
        sofa_referee_redcards varchar(255) ,
        sofa_referee_yellowredcards varchar(255) ,	
        sofa_referee_games	varchar(255) ,
        sofa_referee_country varchar(255) ,
        fbref_gs_referee varchar(255) ,
        fbref_referee	varchar(255) ,
        fbref_ar_first	varchar(255) ,
        fbref_ar_second	varchar(255) ,
        fbref_fourth_official varchar(255) 
    );
    END IF;
END $$;


[2024-10-02T10:27:20.456+0000] {base.py:84} INFO - Using connection ID 'football_scotland_connection' for task execution.
[2024-10-02T10:27:20.470+0000] {base.py:84} INFO - Using connection ID 'football_scotland_connection' for task execution.
[2024-10-02T10:27:20.478+0000] {sql.py:487} INFO - Running statement: --CREATE DIMENSION TABLES
DO $$
BEGIN
    IF NOT EXISTS (SELECT FROM information_schema.tables WHERE table_schema = 'scottish_premiership' AND table_name = 'dim_general_info') THEN
        CREATE TABLE scottish_premiership.dim_general_info (
            game_id SERIAL PRIMARY KEY,
            game_date varchar(255) ,
            fd_time varchar(255),
            hometeam varchar(255) ,
            awayteam varchar(255),
            fd_fthg varchar(255),
            fd_ftag varchar(255),
            fd_hthg varchar(255),
            fd_htag varchar(255),
            fd_ftr varchar(255),
            fd_htr varchar(255),
            fd_tournament_season varchar(255),
            sofa_tournament_name varchar(255),
            sofa_tournament_country varchar(255),
            sofa_tournament_name_season varchar(255),
            sofa_tournament_season varchar(255),
            sofa_tournament_round varchar(255),
            fbref_time varchar(255),
            fbref_comp varchar(255),
            fbref_round varchar(255),
            fbref_day varchar(255),
            fbref_attendance varchar(255),
            fbref_full_season_format varchar(255),
            fbref_shortened_season varchar(255),
            fbref_match_report_url varchar(255),
            fbref_game_venue_epoch varchar(255),
            fbref_game_venue_time varchar(255),
            fbref_stadium_name varchar(255),
            german_import_time varchar(255),
            UNIQUE  (game_date,hometeam)
        );
    END IF;

    IF NOT EXISTS (SELECT FROM information_schema.tables WHERE table_schema = 'scottish_premiership' AND table_name = 'dim_referees') THEN
    CREATE TABLE scottish_premiership.dim_general_info (
        game_id INT PRIMARY KEY REFERENCES scottish_premiership.dim_general_info (game_id),  
        fd_referee varchar(255) ,
        sofa_referee_name varchar(255) ,
        sofa_referee_yellow_cards varchar(255) ,
        sofa_referee_redcards varchar(255) ,
        sofa_referee_yellowredcards varchar(255) ,	
        sofa_referee_games	varchar(255) ,
        sofa_referee_country varchar(255) ,
        fbref_gs_referee varchar(255) ,
        fbref_referee	varchar(255) ,
        fbref_ar_first	varchar(255) ,
        fbref_ar_second	varchar(255) ,
        fbref_fourth_official varchar(255) 
    );
    END IF;
END $$;

, parameters: None
[2024-10-02T10:27:20.498+0000] {taskinstance.py:441} INFO - ::group::Post task execution logs
[2024-10-02T10:27:20.499+0000] {taskinstance.py:2905} ERROR - Task failed with exception
Traceback (most recent call last):
  File "/home/airflow/.local/lib/python3.12/site-packages/airflow/models/taskinstance.py", line 465, in _execute_task
    result = _execute_callable(context=context, **execute_callable_kwargs)
             ^^^^^^^^^^^^^^^^^^^^^^^^^^^^^^^^^^^^^^^^^^^^^^^^^^^^^^^^^^^^^
  File "/home/airflow/.local/lib/python3.12/site-packages/airflow/models/taskinstance.py", line 432, in _execute_callable
    return execute_callable(context=context, **execute_callable_kwargs)
           ^^^^^^^^^^^^^^^^^^^^^^^^^^^^^^^^^^^^^^^^^^^^^^^^^^^^^^^^^^^^
  File "/home/airflow/.local/lib/python3.12/site-packages/airflow/models/baseoperator.py", line 401, in wrapper
    return func(self, *args, **kwargs)
           ^^^^^^^^^^^^^^^^^^^^^^^^^^^
  File "/home/airflow/.local/lib/python3.12/site-packages/airflow/providers/common/sql/operators/sql.py", line 282, in execute
    output = hook.run(
             ^^^^^^^^^
  File "/home/airflow/.local/lib/python3.12/site-packages/airflow/providers/common/sql/hooks/sql.py", line 435, in run
    self._run_command(cur, sql_statement, parameters)
  File "/home/airflow/.local/lib/python3.12/site-packages/airflow/providers/common/sql/hooks/sql.py", line 492, in _run_command
    cur.execute(sql_statement)
psycopg2.errors.DuplicateTable: relation "dim_general_info" already exists
CONTEXT:  SQL statement "CREATE TABLE scottish_premiership.dim_general_info (
        game_id INT PRIMARY KEY REFERENCES scottish_premiership.dim_general_info (game_id),  
        fd_referee varchar(255) ,
        sofa_referee_name varchar(255) ,
        sofa_referee_yellow_cards varchar(255) ,
        sofa_referee_redcards varchar(255) ,
        sofa_referee_yellowredcards varchar(255) ,	
        sofa_referee_games	varchar(255) ,
        sofa_referee_country varchar(255) ,
        fbref_gs_referee varchar(255) ,
        fbref_referee	varchar(255) ,
        fbref_ar_first	varchar(255) ,
        fbref_ar_second	varchar(255) ,
        fbref_fourth_official varchar(255) 
    )"
PL/pgSQL function inline_code_block line 39 at SQL statement

[2024-10-02T10:27:20.512+0000] {taskinstance.py:1206} INFO - Marking task as UP_FOR_RETRY. dag_id=intialization_database, task_id=create_dimension_tables_fl, run_id=manual__2024-10-02T10:26:05.976277+00:00, execution_date=20241002T102605, start_date=20241002T102720, end_date=20241002T102720
[2024-10-02T10:27:20.530+0000] {standard_task_runner.py:110} ERROR - Failed to execute job 3234 for task create_dimension_tables_fl (relation "dim_general_info" already exists
CONTEXT:  SQL statement "CREATE TABLE scottish_premiership.dim_general_info (
        game_id INT PRIMARY KEY REFERENCES scottish_premiership.dim_general_info (game_id),  
        fd_referee varchar(255) ,
        sofa_referee_name varchar(255) ,
        sofa_referee_yellow_cards varchar(255) ,
        sofa_referee_redcards varchar(255) ,
        sofa_referee_yellowredcards varchar(255) ,	
        sofa_referee_games	varchar(255) ,
        sofa_referee_country varchar(255) ,
        fbref_gs_referee varchar(255) ,
        fbref_referee	varchar(255) ,
        fbref_ar_first	varchar(255) ,
        fbref_ar_second	varchar(255) ,
        fbref_fourth_official varchar(255) 
    )"
PL/pgSQL function inline_code_block line 39 at SQL statement
; 2289)
[2024-10-02T10:27:20.571+0000] {local_task_job_runner.py:240} INFO - Task exited with return code 1
[2024-10-02T10:27:20.589+0000] {local_task_job_runner.py:222} INFO - ::endgroup::
