[2024-10-02T19:22:16.657+0000] {local_task_job_runner.py:120} INFO - ::group::Pre task execution logs
[2024-10-02T19:22:16.688+0000] {taskinstance.py:2076} INFO - Dependencies all met for dep_context=non-requeueable deps ti=<TaskInstance: intialization_database.create_schema_in_football_scotland manual__2024-10-02T19:21:08.299557+00:00 [queued]>
[2024-10-02T19:22:16.703+0000] {taskinstance.py:2076} INFO - Dependencies all met for dep_context=requeueable deps ti=<TaskInstance: intialization_database.create_schema_in_football_scotland manual__2024-10-02T19:21:08.299557+00:00 [queued]>
[2024-10-02T19:22:16.707+0000] {taskinstance.py:2306} INFO - Starting attempt 1 of 2
[2024-10-02T19:22:16.740+0000] {taskinstance.py:2330} INFO - Executing <Task(PostgresOperator): create_schema_in_football_scotland> on 2024-10-02 19:21:08.299557+00:00
[2024-10-02T19:22:16.752+0000] {warnings.py:112} WARNING - /home/***/.local/lib/python3.12/site-packages/***/task/task_runner/standard_task_runner.py:61: DeprecationWarning: This process (pid=9741) is multi-threaded, use of fork() may lead to deadlocks in the child.
  pid = os.fork()

[2024-10-02T19:22:16.758+0000] {standard_task_runner.py:63} INFO - Started process 9743 to run task
[2024-10-02T19:22:16.758+0000] {standard_task_runner.py:90} INFO - Running: ['***', 'tasks', 'run', 'intialization_database', 'create_schema_in_football_scotland', 'manual__2024-10-02T19:21:08.299557+00:00', '--job-id', '3472', '--raw', '--subdir', 'DAGS_FOLDER/initialization.py', '--cfg-path', '/tmp/tmpbifkik4n']
[2024-10-02T19:22:16.760+0000] {standard_task_runner.py:91} INFO - Job 3472: Subtask create_schema_in_football_scotland
[2024-10-02T19:22:16.894+0000] {task_command.py:426} INFO - Running <TaskInstance: intialization_database.create_schema_in_football_scotland manual__2024-10-02T19:21:08.299557+00:00 [running]> on host 6dc69f1b4d8f
[2024-10-02T19:22:17.160+0000] {taskinstance.py:2648} INFO - Exporting env vars: AIRFLOW_CTX_DAG_OWNER='***' AIRFLOW_CTX_DAG_ID='intialization_database' AIRFLOW_CTX_TASK_ID='create_schema_in_football_scotland' AIRFLOW_CTX_EXECUTION_DATE='2024-10-02T19:21:08.299557+00:00' AIRFLOW_CTX_TRY_NUMBER='1' AIRFLOW_CTX_DAG_RUN_ID='manual__2024-10-02T19:21:08.299557+00:00'
[2024-10-02T19:22:17.164+0000] {taskinstance.py:430} INFO - ::endgroup::
[2024-10-02T19:22:17.165+0000] {sql.py:276} INFO - Executing: 
        CREATE SCHEMA IF NOT EXISTS scottish_premiership;
    
[2024-10-02T19:22:17.183+0000] {base.py:84} INFO - Using connection ID 'football_scotland_connection' for task execution.
[2024-10-02T19:22:17.208+0000] {base.py:84} INFO - Using connection ID 'football_scotland_connection' for task execution.
[2024-10-02T19:22:17.229+0000] {sql.py:487} INFO - Running statement: 
        CREATE SCHEMA IF NOT EXISTS scottish_premiership;
    , parameters: None
[2024-10-02T19:22:17.235+0000] {taskinstance.py:441} INFO - ::group::Post task execution logs
[2024-10-02T19:22:17.267+0000] {taskinstance.py:1206} INFO - Marking task as SUCCESS. dag_id=intialization_database, task_id=create_schema_in_football_scotland, run_id=manual__2024-10-02T19:21:08.299557+00:00, execution_date=20241002T192108, start_date=20241002T192216, end_date=20241002T192217
[2024-10-02T19:22:17.340+0000] {local_task_job_runner.py:240} INFO - Task exited with return code 0
[2024-10-02T19:22:17.361+0000] {warnings.py:112} WARNING - /home/***/.local/lib/python3.12/site-packages/***/models/baseoperator.py:1297: AirflowProviderDeprecationWarning: Call to deprecated class PostgresOperator. (Please use `***.providers.common.sql.operators.sql.SQLExecuteQueryOperator`.Also, you can provide `hook_params={'schema': <database>}`.)
  result = cls.__new__(cls)

[2024-10-02T19:22:17.407+0000] {taskinstance.py:3503} INFO - 1 downstream tasks scheduled from follow-on schedule check
[2024-10-02T19:22:17.411+0000] {local_task_job_runner.py:222} INFO - ::endgroup::
