[2024-10-01T12:19:18.839+0000] {local_task_job_runner.py:120} INFO - ::group::Pre task execution logs
[2024-10-01T12:19:18.904+0000] {taskinstance.py:2076} INFO - Dependencies all met for dep_context=non-requeueable deps ti=<TaskInstance: intialization_database.merge_transform_all_sources manual__2024-10-01T12:18:50.459510+00:00 [queued]>
[2024-10-01T12:19:18.931+0000] {taskinstance.py:2076} INFO - Dependencies all met for dep_context=requeueable deps ti=<TaskInstance: intialization_database.merge_transform_all_sources manual__2024-10-01T12:18:50.459510+00:00 [queued]>
[2024-10-01T12:19:18.934+0000] {taskinstance.py:2306} INFO - Starting attempt 1 of 2
[2024-10-01T12:19:18.972+0000] {taskinstance.py:2330} INFO - Executing <Task(PythonOperator): merge_transform_all_sources> on 2024-10-01 12:18:50.459510+00:00
[2024-10-01T12:19:18.988+0000] {warnings.py:112} WARNING - /home/***/.local/lib/python3.12/site-packages/***/task/task_runner/standard_task_runner.py:61: DeprecationWarning: This process (pid=1525) is multi-threaded, use of fork() may lead to deadlocks in the child.
  pid = os.fork()

[2024-10-01T12:19:18.993+0000] {standard_task_runner.py:63} INFO - Started process 1527 to run task
[2024-10-01T12:19:18.994+0000] {standard_task_runner.py:90} INFO - Running: ['***', 'tasks', 'run', 'intialization_database', 'merge_transform_all_sources', 'manual__2024-10-01T12:18:50.459510+00:00', '--job-id', '2954', '--raw', '--subdir', 'DAGS_FOLDER/initialization.py', '--cfg-path', '/tmp/tmpsysbiaca']
[2024-10-01T12:19:18.999+0000] {standard_task_runner.py:91} INFO - Job 2954: Subtask merge_transform_all_sources
[2024-10-01T12:19:19.142+0000] {task_command.py:426} INFO - Running <TaskInstance: intialization_database.merge_transform_all_sources manual__2024-10-01T12:18:50.459510+00:00 [running]> on host f8103d9b7858
[2024-10-01T12:19:19.382+0000] {taskinstance.py:2648} INFO - Exporting env vars: AIRFLOW_CTX_DAG_OWNER='***' AIRFLOW_CTX_DAG_ID='intialization_database' AIRFLOW_CTX_TASK_ID='merge_transform_all_sources' AIRFLOW_CTX_EXECUTION_DATE='2024-10-01T12:18:50.459510+00:00' AIRFLOW_CTX_TRY_NUMBER='1' AIRFLOW_CTX_DAG_RUN_ID='manual__2024-10-01T12:18:50.459510+00:00'
[2024-10-01T12:19:19.389+0000] {taskinstance.py:430} INFO - ::endgroup::
[2024-10-01T12:19:27.853+0000] {python.py:237} INFO - Done. Returned value was: None
[2024-10-01T12:19:27.854+0000] {taskinstance.py:441} INFO - ::group::Post task execution logs
[2024-10-01T12:19:27.868+0000] {taskinstance.py:1206} INFO - Marking task as SUCCESS. dag_id=intialization_database, task_id=merge_transform_all_sources, run_id=manual__2024-10-01T12:18:50.459510+00:00, execution_date=20241001T121850, start_date=20241001T121918, end_date=20241001T121927
[2024-10-01T12:19:27.938+0000] {local_task_job_runner.py:240} INFO - Task exited with return code 0
[2024-10-01T12:19:27.970+0000] {warnings.py:112} WARNING - /home/***/.local/lib/python3.12/site-packages/***/models/baseoperator.py:1297: AirflowProviderDeprecationWarning: Call to deprecated class PostgresOperator. (Please use `***.providers.common.sql.operators.sql.SQLExecuteQueryOperator`.Also, you can provide `hook_params={'schema': <database>}`.)
  result = cls.__new__(cls)

[2024-10-01T12:19:28.024+0000] {taskinstance.py:3503} INFO - 1 downstream tasks scheduled from follow-on schedule check
[2024-10-01T12:19:28.029+0000] {local_task_job_runner.py:222} INFO - ::endgroup::
