[2024-10-03T11:36:32.504+0000] {local_task_job_runner.py:120} INFO - ::group::Pre task execution logs
[2024-10-03T11:36:32.579+0000] {taskinstance.py:2076} INFO - Dependencies all met for dep_context=non-requeueable deps ti=<TaskInstance: intialization_database.create_football_airflow_connection manual__2024-10-03T11:35:40.845525+00:00 [queued]>
[2024-10-03T11:36:32.613+0000] {taskinstance.py:2076} INFO - Dependencies all met for dep_context=requeueable deps ti=<TaskInstance: intialization_database.create_football_airflow_connection manual__2024-10-03T11:35:40.845525+00:00 [queued]>
[2024-10-03T11:36:32.614+0000] {taskinstance.py:2306} INFO - Starting attempt 1 of 1
[2024-10-03T11:36:32.648+0000] {taskinstance.py:2330} INFO - Executing <Task(PythonOperator): create_football_airflow_connection> on 2024-10-03 11:35:40.845525+00:00
[2024-10-03T11:36:32.667+0000] {warnings.py:112} WARNING - /home/***/.local/lib/python3.12/site-packages/***/task/task_runner/standard_task_runner.py:61: DeprecationWarning: This process (pid=490) is multi-threaded, use of fork() may lead to deadlocks in the child.
  pid = os.fork()

[2024-10-03T11:36:32.675+0000] {standard_task_runner.py:63} INFO - Started process 492 to run task
[2024-10-03T11:36:32.676+0000] {standard_task_runner.py:90} INFO - Running: ['***', 'tasks', 'run', 'intialization_database', 'create_football_***_connection', 'manual__2024-10-03T11:35:40.845525+00:00', '--job-id', '3747', '--raw', '--subdir', 'DAGS_FOLDER/initialization.py', '--cfg-path', '/tmp/tmpjr4mh_ja']
[2024-10-03T11:36:32.679+0000] {standard_task_runner.py:91} INFO - Job 3747: Subtask create_football_***_connection
[2024-10-03T11:36:32.792+0000] {task_command.py:426} INFO - Running <TaskInstance: intialization_database.create_football_airflow_connection manual__2024-10-03T11:35:40.845525+00:00 [running]> on host 7d10ea254acc
[2024-10-03T11:36:33.013+0000] {taskinstance.py:2648} INFO - Exporting env vars: AIRFLOW_CTX_DAG_OWNER='***' AIRFLOW_CTX_DAG_ID='intialization_database' AIRFLOW_CTX_TASK_ID='create_football_***_connection' AIRFLOW_CTX_EXECUTION_DATE='2024-10-03T11:35:40.845525+00:00' AIRFLOW_CTX_TRY_NUMBER='1' AIRFLOW_CTX_DAG_RUN_ID='manual__2024-10-03T11:35:40.845525+00:00'
[2024-10-03T11:36:33.017+0000] {taskinstance.py:430} INFO - ::endgroup::
[2024-10-03T11:36:33.019+0000] {crypto.py:82} WARNING - empty cryptography key - values will not be stored encrypted.
[2024-10-03T11:36:33.039+0000] {python.py:237} INFO - Done. Returned value was: None
[2024-10-03T11:36:33.040+0000] {taskinstance.py:441} INFO - ::group::Post task execution logs
[2024-10-03T11:36:33.059+0000] {taskinstance.py:1206} INFO - Marking task as SUCCESS. dag_id=intialization_database, task_id=create_football_***_connection, run_id=manual__2024-10-03T11:35:40.845525+00:00, execution_date=20241003T113540, start_date=20241003T113632, end_date=20241003T113633
[2024-10-03T11:36:33.133+0000] {local_task_job_runner.py:240} INFO - Task exited with return code 0
[2024-10-03T11:36:33.164+0000] {warnings.py:112} WARNING - /home/***/.local/lib/python3.12/site-packages/***/models/baseoperator.py:1297: AirflowProviderDeprecationWarning: Call to deprecated class PostgresOperator. (Please use `***.providers.common.sql.operators.sql.SQLExecuteQueryOperator`.Also, you can provide `hook_params={'schema': <database>}`.)
  result = cls.__new__(cls)

[2024-10-03T11:36:33.221+0000] {taskinstance.py:3503} INFO - 1 downstream tasks scheduled from follow-on schedule check
[2024-10-03T11:36:33.224+0000] {local_task_job_runner.py:222} INFO - ::endgroup::
