[2024-09-29T11:17:33.257+0000] {local_task_job_runner.py:120} INFO - ::group::Pre task execution logs
[2024-09-29T11:17:33.294+0000] {taskinstance.py:2076} INFO - Dependencies all met for dep_context=non-requeueable deps ti=<TaskInstance: intialization_database.create_connection manual__2024-09-29T11:16:58.836273+00:00 [queued]>
[2024-09-29T11:17:33.312+0000] {taskinstance.py:2076} INFO - Dependencies all met for dep_context=requeueable deps ti=<TaskInstance: intialization_database.create_connection manual__2024-09-29T11:16:58.836273+00:00 [queued]>
[2024-09-29T11:17:33.313+0000] {taskinstance.py:2306} INFO - Starting attempt 1 of 1
[2024-09-29T11:17:33.337+0000] {taskinstance.py:2330} INFO - Executing <Task(PythonOperator): create_connection> on 2024-09-29 11:16:58.836273+00:00
[2024-09-29T11:17:33.346+0000] {warnings.py:112} WARNING - /home/***/.local/lib/python3.12/site-packages/***/task/task_runner/standard_task_runner.py:61: DeprecationWarning: This process (pid=333) is multi-threaded, use of fork() may lead to deadlocks in the child.
  pid = os.fork()

[2024-09-29T11:17:33.349+0000] {standard_task_runner.py:63} INFO - Started process 335 to run task
[2024-09-29T11:17:33.349+0000] {standard_task_runner.py:90} INFO - Running: ['***', 'tasks', 'run', 'intialization_database', 'create_connection', 'manual__2024-09-29T11:16:58.836273+00:00', '--job-id', '2786', '--raw', '--subdir', 'DAGS_FOLDER/initialization.py', '--cfg-path', '/tmp/tmpelqoa_r8']
[2024-09-29T11:17:33.351+0000] {standard_task_runner.py:91} INFO - Job 2786: Subtask create_connection
[2024-09-29T11:17:33.433+0000] {task_command.py:426} INFO - Running <TaskInstance: intialization_database.create_connection manual__2024-09-29T11:16:58.836273+00:00 [running]> on host e78fe06b6548
[2024-09-29T11:17:33.594+0000] {taskinstance.py:2648} INFO - Exporting env vars: AIRFLOW_CTX_DAG_OWNER='***' AIRFLOW_CTX_DAG_ID='intialization_database' AIRFLOW_CTX_TASK_ID='create_connection' AIRFLOW_CTX_EXECUTION_DATE='2024-09-29T11:16:58.836273+00:00' AIRFLOW_CTX_TRY_NUMBER='1' AIRFLOW_CTX_DAG_RUN_ID='manual__2024-09-29T11:16:58.836273+00:00'
[2024-09-29T11:17:33.596+0000] {taskinstance.py:430} INFO - ::endgroup::
[2024-09-29T11:17:33.598+0000] {crypto.py:82} WARNING - empty cryptography key - values will not be stored encrypted.
[2024-09-29T11:17:33.599+0000] {taskinstance.py:441} INFO - ::group::Post task execution logs
[2024-09-29T11:17:33.600+0000] {taskinstance.py:2905} ERROR - Task failed with exception
Traceback (most recent call last):
  File "/home/airflow/.local/lib/python3.12/site-packages/airflow/models/taskinstance.py", line 465, in _execute_task
    result = _execute_callable(context=context, **execute_callable_kwargs)
             ^^^^^^^^^^^^^^^^^^^^^^^^^^^^^^^^^^^^^^^^^^^^^^^^^^^^^^^^^^^^^
  File "/home/airflow/.local/lib/python3.12/site-packages/airflow/models/taskinstance.py", line 432, in _execute_callable
    return execute_callable(context=context, **execute_callable_kwargs)
           ^^^^^^^^^^^^^^^^^^^^^^^^^^^^^^^^^^^^^^^^^^^^^^^^^^^^^^^^^^^^
  File "/home/airflow/.local/lib/python3.12/site-packages/airflow/models/baseoperator.py", line 401, in wrapper
    return func(self, *args, **kwargs)
           ^^^^^^^^^^^^^^^^^^^^^^^^^^^
  File "/home/airflow/.local/lib/python3.12/site-packages/airflow/operators/python.py", line 235, in execute
    return_value = self.execute_callable()
                   ^^^^^^^^^^^^^^^^^^^^^^^
  File "/home/airflow/.local/lib/python3.12/site-packages/airflow/operators/python.py", line 252, in execute_callable
    return self.python_callable(*self.op_args, **self.op_kwargs)
           ^^^^^^^^^^^^^^^^^^^^^^^^^^^^^^^^^^^^^^^^^^^^^^^^^^^^^
  File "/opt/airflow/dags/helpers_initialization_dag/create_airflow_connection.py", line 25, in create_airflow_connection
    session = BaseHook.get_session()
              ^^^^^^^^^^^^^^^^^^^^
AttributeError: type object 'BaseHook' has no attribute 'get_session'
[2024-09-29T11:17:33.622+0000] {taskinstance.py:1206} INFO - Marking task as FAILED. dag_id=intialization_database, task_id=create_connection, run_id=manual__2024-09-29T11:16:58.836273+00:00, execution_date=20240929T111658, start_date=20240929T111733, end_date=20240929T111733
[2024-09-29T11:17:33.644+0000] {standard_task_runner.py:110} ERROR - Failed to execute job 2786 for task create_connection (type object 'BaseHook' has no attribute 'get_session'; 335)
[2024-09-29T11:17:33.686+0000] {local_task_job_runner.py:240} INFO - Task exited with return code 1
[2024-09-29T11:17:33.708+0000] {taskinstance.py:3503} INFO - 0 downstream tasks scheduled from follow-on schedule check
[2024-09-29T11:17:33.711+0000] {local_task_job_runner.py:222} INFO - ::endgroup::
