[2024-10-02T12:36:42.982+0000] {local_task_job_runner.py:120} INFO - ::group::Pre task execution logs
[2024-10-02T12:36:43.025+0000] {taskinstance.py:2076} INFO - Dependencies all met for dep_context=non-requeueable deps ti=<TaskInstance: intialization_database.merge_transform_sofascore manual__2024-10-02T12:36:27.362858+00:00 [queued]>
[2024-10-02T12:36:43.043+0000] {taskinstance.py:2076} INFO - Dependencies all met for dep_context=requeueable deps ti=<TaskInstance: intialization_database.merge_transform_sofascore manual__2024-10-02T12:36:27.362858+00:00 [queued]>
[2024-10-02T12:36:43.046+0000] {taskinstance.py:2306} INFO - Starting attempt 1 of 2
[2024-10-02T12:36:43.068+0000] {taskinstance.py:2330} INFO - Executing <Task(PythonOperator): merge_transform_sofascore> on 2024-10-02 12:36:27.362858+00:00
[2024-10-02T12:36:43.081+0000] {warnings.py:112} WARNING - /home/***/.local/lib/python3.12/site-packages/***/task/task_runner/standard_task_runner.py:61: DeprecationWarning: This process (pid=4134) is multi-threaded, use of fork() may lead to deadlocks in the child.
  pid = os.fork()

[2024-10-02T12:36:43.084+0000] {standard_task_runner.py:63} INFO - Started process 4136 to run task
[2024-10-02T12:36:43.083+0000] {standard_task_runner.py:90} INFO - Running: ['***', 'tasks', 'run', 'intialization_database', 'merge_transform_sofascore', 'manual__2024-10-02T12:36:27.362858+00:00', '--job-id', '3307', '--raw', '--subdir', 'DAGS_FOLDER/initialization.py', '--cfg-path', '/tmp/tmpiobyb112']
[2024-10-02T12:36:43.085+0000] {standard_task_runner.py:91} INFO - Job 3307: Subtask merge_transform_sofascore
[2024-10-02T12:36:43.143+0000] {task_command.py:426} INFO - Running <TaskInstance: intialization_database.merge_transform_sofascore manual__2024-10-02T12:36:27.362858+00:00 [running]> on host 6dc69f1b4d8f
[2024-10-02T12:36:43.271+0000] {taskinstance.py:2648} INFO - Exporting env vars: AIRFLOW_CTX_DAG_OWNER='***' AIRFLOW_CTX_DAG_ID='intialization_database' AIRFLOW_CTX_TASK_ID='merge_transform_sofascore' AIRFLOW_CTX_EXECUTION_DATE='2024-10-02T12:36:27.362858+00:00' AIRFLOW_CTX_TRY_NUMBER='1' AIRFLOW_CTX_DAG_RUN_ID='manual__2024-10-02T12:36:27.362858+00:00'
[2024-10-02T12:36:43.273+0000] {taskinstance.py:430} INFO - ::endgroup::
[2024-10-02T12:36:51.381+0000] {warnings.py:112} WARNING - /opt/***/dags/helpers_initialization_dag/helpers_sofascore_merging_transforming_csvs_fl.py:38: FutureWarning: DataFrame.applymap has been deprecated. Use DataFrame.map instead.
  dataframe = dataframe.applymap(lambda x: x.strip() if isinstance(x, str) else x)

[2024-10-02T12:36:55.606+0000] {python.py:237} INFO - Done. Returned value was: None
[2024-10-02T12:36:55.609+0000] {taskinstance.py:441} INFO - ::group::Post task execution logs
[2024-10-02T12:36:55.630+0000] {taskinstance.py:1206} INFO - Marking task as SUCCESS. dag_id=intialization_database, task_id=merge_transform_sofascore, run_id=manual__2024-10-02T12:36:27.362858+00:00, execution_date=20241002T123627, start_date=20241002T123643, end_date=20241002T123655
[2024-10-02T12:36:55.749+0000] {local_task_job_runner.py:240} INFO - Task exited with return code 0
[2024-10-02T12:36:55.772+0000] {local_task_job_runner.py:222} INFO - ::endgroup::
