[2024-10-01T16:41:28.735+0000] {local_task_job_runner.py:120} INFO - ::group::Pre task execution logs
[2024-10-01T16:41:28.786+0000] {taskinstance.py:2076} INFO - Dependencies all met for dep_context=non-requeueable deps ti=<TaskInstance: intialization_database.merge_transform_sofascore manual__2024-10-01T16:35:55.875079+00:00 [queued]>
[2024-10-01T16:41:28.803+0000] {taskinstance.py:2076} INFO - Dependencies all met for dep_context=requeueable deps ti=<TaskInstance: intialization_database.merge_transform_sofascore manual__2024-10-01T16:35:55.875079+00:00 [queued]>
[2024-10-01T16:41:28.804+0000] {taskinstance.py:2306} INFO - Starting attempt 1 of 2
[2024-10-01T16:41:28.831+0000] {taskinstance.py:2330} INFO - Executing <Task(PythonOperator): merge_transform_sofascore> on 2024-10-01 16:35:55.875079+00:00
[2024-10-01T16:41:28.846+0000] {warnings.py:112} WARNING - /home/***/.local/lib/python3.12/site-packages/***/task/task_runner/standard_task_runner.py:61: DeprecationWarning: This process (pid=5178) is multi-threaded, use of fork() may lead to deadlocks in the child.
  pid = os.fork()

[2024-10-01T16:41:28.849+0000] {standard_task_runner.py:63} INFO - Started process 5181 to run task
[2024-10-01T16:41:28.849+0000] {standard_task_runner.py:90} INFO - Running: ['***', 'tasks', 'run', 'intialization_database', 'merge_transform_sofascore', 'manual__2024-10-01T16:35:55.875079+00:00', '--job-id', '3060', '--raw', '--subdir', 'DAGS_FOLDER/initialization.py', '--cfg-path', '/tmp/tmpdbebqxhi']
[2024-10-01T16:41:28.852+0000] {standard_task_runner.py:91} INFO - Job 3060: Subtask merge_transform_sofascore
[2024-10-01T16:41:28.931+0000] {task_command.py:426} INFO - Running <TaskInstance: intialization_database.merge_transform_sofascore manual__2024-10-01T16:35:55.875079+00:00 [running]> on host f8103d9b7858
[2024-10-01T16:41:29.085+0000] {taskinstance.py:2648} INFO - Exporting env vars: AIRFLOW_CTX_DAG_OWNER='***' AIRFLOW_CTX_DAG_ID='intialization_database' AIRFLOW_CTX_TASK_ID='merge_transform_sofascore' AIRFLOW_CTX_EXECUTION_DATE='2024-10-01T16:35:55.875079+00:00' AIRFLOW_CTX_TRY_NUMBER='1' AIRFLOW_CTX_DAG_RUN_ID='manual__2024-10-01T16:35:55.875079+00:00'
[2024-10-01T16:41:29.088+0000] {taskinstance.py:430} INFO - ::endgroup::
[2024-10-01T16:41:49.870+0000] {warnings.py:112} WARNING - /opt/***/dags/helpers_initialization_dag/helpers_sofascore_merging_transforming_csvs_fl.py:38: FutureWarning: DataFrame.applymap has been deprecated. Use DataFrame.map instead.
  dataframe = dataframe.applymap(lambda x: x.strip() if isinstance(x, str) else x)

[2024-10-01T16:41:59.630+0000] {python.py:237} INFO - Done. Returned value was: None
[2024-10-01T16:41:59.632+0000] {taskinstance.py:441} INFO - ::group::Post task execution logs
[2024-10-01T16:41:59.667+0000] {taskinstance.py:1206} INFO - Marking task as SUCCESS. dag_id=intialization_database, task_id=merge_transform_sofascore, run_id=manual__2024-10-01T16:35:55.875079+00:00, execution_date=20241001T163555, start_date=20241001T164128, end_date=20241001T164159
[2024-10-01T16:41:59.846+0000] {local_task_job_runner.py:240} INFO - Task exited with return code 0
[2024-10-01T16:41:59.873+0000] {warnings.py:112} WARNING - /home/***/.local/lib/python3.12/site-packages/***/models/baseoperator.py:1297: AirflowProviderDeprecationWarning: Call to deprecated class PostgresOperator. (Please use `***.providers.common.sql.operators.sql.SQLExecuteQueryOperator`.Also, you can provide `hook_params={'schema': <database>}`.)
  result = cls.__new__(cls)

[2024-10-01T16:41:59.936+0000] {taskinstance.py:3503} INFO - 1 downstream tasks scheduled from follow-on schedule check
[2024-10-01T16:41:59.947+0000] {local_task_job_runner.py:222} INFO - ::endgroup::
