[2024-10-02T09:47:56.654+0000] {local_task_job_runner.py:120} INFO - ::group::Pre task execution logs
[2024-10-02T09:47:56.688+0000] {taskinstance.py:2076} INFO - Dependencies all met for dep_context=non-requeueable deps ti=<TaskInstance: intialization_database.create_football_scotland_connection manual__2024-10-02T09:47:14.996093+00:00 [queued]>
[2024-10-02T09:47:56.702+0000] {taskinstance.py:2076} INFO - Dependencies all met for dep_context=requeueable deps ti=<TaskInstance: intialization_database.create_football_scotland_connection manual__2024-10-02T09:47:14.996093+00:00 [queued]>
[2024-10-02T09:47:56.705+0000] {taskinstance.py:2306} INFO - Starting attempt 1 of 1
[2024-10-02T09:47:56.723+0000] {taskinstance.py:2330} INFO - Executing <Task(PythonOperator): create_football_scotland_connection> on 2024-10-02 09:47:14.996093+00:00
[2024-10-02T09:47:56.735+0000] {warnings.py:112} WARNING - /home/***/.local/lib/python3.12/site-packages/***/task/task_runner/standard_task_runner.py:61: DeprecationWarning: This process (pid=1700) is multi-threaded, use of fork() may lead to deadlocks in the child.
  pid = os.fork()

[2024-10-02T09:47:56.738+0000] {standard_task_runner.py:63} INFO - Started process 1709 to run task
[2024-10-02T09:47:56.739+0000] {standard_task_runner.py:90} INFO - Running: ['***', 'tasks', 'run', 'intialization_database', 'create_football_scotland_connection', 'manual__2024-10-02T09:47:14.996093+00:00', '--job-id', '3205', '--raw', '--subdir', 'DAGS_FOLDER/initialization.py', '--cfg-path', '/tmp/tmp9htoecnm']
[2024-10-02T09:47:56.741+0000] {standard_task_runner.py:91} INFO - Job 3205: Subtask create_football_scotland_connection
[2024-10-02T09:47:56.802+0000] {task_command.py:426} INFO - Running <TaskInstance: intialization_database.create_football_scotland_connection manual__2024-10-02T09:47:14.996093+00:00 [running]> on host 6dc69f1b4d8f
[2024-10-02T09:47:56.916+0000] {taskinstance.py:2648} INFO - Exporting env vars: AIRFLOW_CTX_DAG_OWNER='***' AIRFLOW_CTX_DAG_ID='intialization_database' AIRFLOW_CTX_TASK_ID='create_football_scotland_connection' AIRFLOW_CTX_EXECUTION_DATE='2024-10-02T09:47:14.996093+00:00' AIRFLOW_CTX_TRY_NUMBER='1' AIRFLOW_CTX_DAG_RUN_ID='manual__2024-10-02T09:47:14.996093+00:00'
[2024-10-02T09:47:56.918+0000] {taskinstance.py:430} INFO - ::endgroup::
[2024-10-02T09:47:56.919+0000] {crypto.py:82} WARNING - empty cryptography key - values will not be stored encrypted.
[2024-10-02T09:47:56.928+0000] {python.py:237} INFO - Done. Returned value was: None
[2024-10-02T09:47:56.930+0000] {taskinstance.py:441} INFO - ::group::Post task execution logs
[2024-10-02T09:47:56.940+0000] {taskinstance.py:1206} INFO - Marking task as SUCCESS. dag_id=intialization_database, task_id=create_football_scotland_connection, run_id=manual__2024-10-02T09:47:14.996093+00:00, execution_date=20241002T094714, start_date=20241002T094756, end_date=20241002T094756
[2024-10-02T09:47:56.993+0000] {local_task_job_runner.py:240} INFO - Task exited with return code 0
[2024-10-02T09:47:57.005+0000] {warnings.py:112} WARNING - /home/***/.local/lib/python3.12/site-packages/***/models/baseoperator.py:1297: AirflowProviderDeprecationWarning: Call to deprecated class PostgresOperator. (Please use `***.providers.common.sql.operators.sql.SQLExecuteQueryOperator`.Also, you can provide `hook_params={'schema': <database>}`.)
  result = cls.__new__(cls)

[2024-10-02T09:47:57.026+0000] {taskinstance.py:3503} INFO - 1 downstream tasks scheduled from follow-on schedule check
[2024-10-02T09:47:57.028+0000] {local_task_job_runner.py:222} INFO - ::endgroup::
