[2024-10-02T09:34:25.237+0000] {local_task_job_runner.py:120} INFO - ::group::Pre task execution logs
[2024-10-02T09:34:25.265+0000] {taskinstance.py:2076} INFO - Dependencies all met for dep_context=non-requeueable deps ti=<TaskInstance: intialization_database.merge_transform_football_data_task manual__2024-10-02T09:34:13.299644+00:00 [queued]>
[2024-10-02T09:34:25.276+0000] {taskinstance.py:2076} INFO - Dependencies all met for dep_context=requeueable deps ti=<TaskInstance: intialization_database.merge_transform_football_data_task manual__2024-10-02T09:34:13.299644+00:00 [queued]>
[2024-10-02T09:34:25.277+0000] {taskinstance.py:2306} INFO - Starting attempt 1 of 2
[2024-10-02T09:34:25.293+0000] {taskinstance.py:2330} INFO - Executing <Task(PythonOperator): merge_transform_football_data_task> on 2024-10-02 09:34:13.299644+00:00
[2024-10-02T09:34:25.301+0000] {warnings.py:112} WARNING - /home/***/.local/lib/python3.12/site-packages/***/task/task_runner/standard_task_runner.py:61: DeprecationWarning: This process (pid=1430) is multi-threaded, use of fork() may lead to deadlocks in the child.
  pid = os.fork()

[2024-10-02T09:34:25.303+0000] {standard_task_runner.py:63} INFO - Started process 1432 to run task
[2024-10-02T09:34:25.303+0000] {standard_task_runner.py:90} INFO - Running: ['***', 'tasks', 'run', 'intialization_database', 'merge_transform_football_data_task', 'manual__2024-10-02T09:34:13.299644+00:00', '--job-id', '3170', '--raw', '--subdir', 'DAGS_FOLDER/initialization.py', '--cfg-path', '/tmp/tmphz_fxgnu']
[2024-10-02T09:34:25.306+0000] {standard_task_runner.py:91} INFO - Job 3170: Subtask merge_transform_football_data_task
[2024-10-02T09:34:25.361+0000] {task_command.py:426} INFO - Running <TaskInstance: intialization_database.merge_transform_football_data_task manual__2024-10-02T09:34:13.299644+00:00 [running]> on host 6dc69f1b4d8f
[2024-10-02T09:34:25.481+0000] {taskinstance.py:2648} INFO - Exporting env vars: AIRFLOW_CTX_DAG_OWNER='***' AIRFLOW_CTX_DAG_ID='intialization_database' AIRFLOW_CTX_TASK_ID='merge_transform_football_data_task' AIRFLOW_CTX_EXECUTION_DATE='2024-10-02T09:34:13.299644+00:00' AIRFLOW_CTX_TRY_NUMBER='1' AIRFLOW_CTX_DAG_RUN_ID='manual__2024-10-02T09:34:13.299644+00:00'
[2024-10-02T09:34:25.491+0000] {taskinstance.py:430} INFO - ::endgroup::
[2024-10-02T09:34:26.643+0000] {warnings.py:112} WARNING - /opt/***/dags/helpers_initialization_dag/football_data_merging_transforming_csvs_fl.py:94: SettingWithCopyWarning: 
A value is trying to be set on a copy of a slice from a DataFrame.
Try using .loc[row_indexer,col_indexer] = value instead

See the caveats in the documentation: https://pandas.pydata.org/pandas-docs/stable/user_guide/indexing.html#returning-a-view-versus-a-copy
  df_99_00_00['Date'] = df_99_00_00['Date'].apply(fix_date_format_after_nineties)

[2024-10-02T09:34:26.664+0000] {warnings.py:112} WARNING - /opt/***/dags/helpers_initialization_dag/football_data_merging_transforming_csvs_fl.py:99: SettingWithCopyWarning: 
A value is trying to be set on a copy of a slice from a DataFrame.
Try using .loc[row_indexer,col_indexer] = value instead

See the caveats in the documentation: https://pandas.pydata.org/pandas-docs/stable/user_guide/indexing.html#returning-a-view-versus-a-copy
  df_99_00_99['Date'] = df_99_00_99['Date'].apply(fix_date_format)

[2024-10-02T09:34:26.697+0000] {warnings.py:112} WARNING - /opt/***/dags/helpers_initialization_dag/football_data_merging_transforming_csvs_fl.py:113: FutureWarning: DataFrame.applymap has been deprecated. Use DataFrame.map instead.
  df_concatenated = df_concatenated.applymap(lambda x: x.strip() if isinstance(x, str) else x)

[2024-10-02T09:34:26.848+0000] {logging_mixin.py:188} INFO - File /opt/***/dags/csvs/first_load_csvs/football_data_csvs/df_99_00_00.csv has been deleted.
[2024-10-02T09:34:26.850+0000] {python.py:237} INFO - Done. Returned value was: None
[2024-10-02T09:34:26.850+0000] {taskinstance.py:441} INFO - ::group::Post task execution logs
[2024-10-02T09:34:26.860+0000] {taskinstance.py:1206} INFO - Marking task as SUCCESS. dag_id=intialization_database, task_id=merge_transform_football_data_task, run_id=manual__2024-10-02T09:34:13.299644+00:00, execution_date=20241002T093413, start_date=20241002T093425, end_date=20241002T093426
[2024-10-02T09:34:26.884+0000] {local_task_job_runner.py:240} INFO - Task exited with return code 0
[2024-10-02T09:34:26.897+0000] {warnings.py:112} WARNING - /home/***/.local/lib/python3.12/site-packages/***/models/baseoperator.py:1297: AirflowProviderDeprecationWarning: Call to deprecated class PostgresOperator. (Please use `***.providers.common.sql.operators.sql.SQLExecuteQueryOperator`.Also, you can provide `hook_params={'schema': <database>}`.)
  result = cls.__new__(cls)

[2024-10-02T09:34:26.926+0000] {taskinstance.py:3503} INFO - 1 downstream tasks scheduled from follow-on schedule check
[2024-10-02T09:34:26.928+0000] {local_task_job_runner.py:222} INFO - ::endgroup::
