[2024-10-01T15:40:15.534+0000] {local_task_job_runner.py:120} INFO - ::group::Pre task execution logs
[2024-10-01T15:40:15.561+0000] {taskinstance.py:2076} INFO - Dependencies all met for dep_context=non-requeueable deps ti=<TaskInstance: intialization_database.create_schema_in_football_scotland manual__2024-10-01T15:39:29.899385+00:00 [queued]>
[2024-10-01T15:40:15.573+0000] {taskinstance.py:2076} INFO - Dependencies all met for dep_context=requeueable deps ti=<TaskInstance: intialization_database.create_schema_in_football_scotland manual__2024-10-01T15:39:29.899385+00:00 [queued]>
[2024-10-01T15:40:15.575+0000] {taskinstance.py:2306} INFO - Starting attempt 1 of 2
[2024-10-01T15:40:15.591+0000] {taskinstance.py:2330} INFO - Executing <Task(PostgresOperator): create_schema_in_football_scotland> on 2024-10-01 15:39:29.899385+00:00
[2024-10-01T15:40:15.598+0000] {warnings.py:112} WARNING - /home/***/.local/lib/python3.12/site-packages/***/task/task_runner/standard_task_runner.py:61: DeprecationWarning: This process (pid=4333) is multi-threaded, use of fork() may lead to deadlocks in the child.
  pid = os.fork()

[2024-10-01T15:40:15.601+0000] {standard_task_runner.py:63} INFO - Started process 4343 to run task
[2024-10-01T15:40:15.601+0000] {standard_task_runner.py:90} INFO - Running: ['***', 'tasks', 'run', 'intialization_database', 'create_schema_in_football_scotland', 'manual__2024-10-01T15:39:29.899385+00:00', '--job-id', '3036', '--raw', '--subdir', 'DAGS_FOLDER/initialization.py', '--cfg-path', '/tmp/tmpq4sq5otv']
[2024-10-01T15:40:15.603+0000] {standard_task_runner.py:91} INFO - Job 3036: Subtask create_schema_in_football_scotland
[2024-10-01T15:40:15.654+0000] {task_command.py:426} INFO - Running <TaskInstance: intialization_database.create_schema_in_football_scotland manual__2024-10-01T15:39:29.899385+00:00 [running]> on host f8103d9b7858
[2024-10-01T15:40:15.805+0000] {taskinstance.py:2648} INFO - Exporting env vars: AIRFLOW_CTX_DAG_OWNER='***' AIRFLOW_CTX_DAG_ID='intialization_database' AIRFLOW_CTX_TASK_ID='create_schema_in_football_scotland' AIRFLOW_CTX_EXECUTION_DATE='2024-10-01T15:39:29.899385+00:00' AIRFLOW_CTX_TRY_NUMBER='1' AIRFLOW_CTX_DAG_RUN_ID='manual__2024-10-01T15:39:29.899385+00:00'
[2024-10-01T15:40:15.807+0000] {taskinstance.py:430} INFO - ::endgroup::
[2024-10-01T15:40:15.808+0000] {sql.py:276} INFO - Executing: 
        CREATE SCHEMA IF NOT EXISTS scottish_premiership;
    
[2024-10-01T15:40:15.821+0000] {base.py:84} INFO - Using connection ID 'football_scotland_connection' for task execution.
[2024-10-01T15:40:15.838+0000] {base.py:84} INFO - Using connection ID 'football_scotland_connection' for task execution.
[2024-10-01T15:40:15.850+0000] {sql.py:487} INFO - Running statement: 
        CREATE SCHEMA IF NOT EXISTS scottish_premiership;
    , parameters: None
[2024-10-01T15:40:15.853+0000] {taskinstance.py:441} INFO - ::group::Post task execution logs
[2024-10-01T15:40:15.866+0000] {taskinstance.py:1206} INFO - Marking task as SUCCESS. dag_id=intialization_database, task_id=create_schema_in_football_scotland, run_id=manual__2024-10-01T15:39:29.899385+00:00, execution_date=20241001T153929, start_date=20241001T154015, end_date=20241001T154015
[2024-10-01T15:40:15.897+0000] {local_task_job_runner.py:240} INFO - Task exited with return code 0
[2024-10-01T15:40:15.912+0000] {warnings.py:112} WARNING - /home/***/.local/lib/python3.12/site-packages/***/models/baseoperator.py:1297: AirflowProviderDeprecationWarning: Call to deprecated class PostgresOperator. (Please use `***.providers.common.sql.operators.sql.SQLExecuteQueryOperator`.Also, you can provide `hook_params={'schema': <database>}`.)
  result = cls.__new__(cls)

[2024-10-01T15:40:15.936+0000] {taskinstance.py:3503} INFO - 1 downstream tasks scheduled from follow-on schedule check
[2024-10-01T15:40:15.938+0000] {local_task_job_runner.py:222} INFO - ::endgroup::
