[2024-10-08T14:36:39.808+0000] {local_task_job_runner.py:120} INFO - ::group::Pre task execution logs
[2024-10-08T14:36:39.850+0000] {taskinstance.py:2076} INFO - Dependencies all met for dep_context=non-requeueable deps ti=<TaskInstance: update_database.run_sofascore_scraper manual__2024-10-08T14:36:30.388219+00:00 [queued]>
[2024-10-08T14:36:39.865+0000] {taskinstance.py:2076} INFO - Dependencies all met for dep_context=requeueable deps ti=<TaskInstance: update_database.run_sofascore_scraper manual__2024-10-08T14:36:30.388219+00:00 [queued]>
[2024-10-08T14:36:39.866+0000] {taskinstance.py:2306} INFO - Starting attempt 1 of 2
[2024-10-08T14:36:39.893+0000] {taskinstance.py:2330} INFO - Executing <Task(BashOperator): run_sofascore_scraper> on 2024-10-08 14:36:30.388219+00:00
[2024-10-08T14:36:39.902+0000] {warnings.py:112} WARNING - /home/***/.local/lib/python3.12/site-packages/***/task/task_runner/standard_task_runner.py:61: DeprecationWarning: This process (pid=293) is multi-threaded, use of fork() may lead to deadlocks in the child.
  pid = os.fork()

[2024-10-08T14:36:39.905+0000] {standard_task_runner.py:63} INFO - Started process 295 to run task
[2024-10-08T14:36:39.905+0000] {standard_task_runner.py:90} INFO - Running: ['***', 'tasks', 'run', 'update_database', 'run_sofascore_scraper', 'manual__2024-10-08T14:36:30.388219+00:00', '--job-id', '3844', '--raw', '--subdir', 'DAGS_FOLDER/update.py', '--cfg-path', '/tmp/tmpoeb78aij']
[2024-10-08T14:36:39.906+0000] {standard_task_runner.py:91} INFO - Job 3844: Subtask run_sofascore_scraper
[2024-10-08T14:36:39.982+0000] {task_command.py:426} INFO - Running <TaskInstance: update_database.run_sofascore_scraper manual__2024-10-08T14:36:30.388219+00:00 [running]> on host 1fee8bc549a8
[2024-10-08T14:36:40.165+0000] {taskinstance.py:2648} INFO - Exporting env vars: AIRFLOW_CTX_DAG_OWNER='***' AIRFLOW_CTX_DAG_ID='update_database' AIRFLOW_CTX_TASK_ID='run_sofascore_scraper' AIRFLOW_CTX_EXECUTION_DATE='2024-10-08T14:36:30.388219+00:00' AIRFLOW_CTX_TRY_NUMBER='1' AIRFLOW_CTX_DAG_RUN_ID='manual__2024-10-08T14:36:30.388219+00:00'
[2024-10-08T14:36:40.167+0000] {taskinstance.py:430} INFO - ::endgroup::
[2024-10-08T14:36:40.169+0000] {subprocess.py:63} INFO - Tmp dir root location: /tmp
[2024-10-08T14:36:40.172+0000] {subprocess.py:75} INFO - Running command: ['/usr/bin/bash', '-c', 'docker run -d --name sofascore_scraper_container -v C:/Users/efsta/Desktop/Kostas/Data/football_scotland/***/dags/sofascore_scraper_container/csv:/app/csv kostasmitalloulis/sofascoe_scraper_image_up:latest ']
[2024-10-08T14:36:40.192+0000] {subprocess.py:86} INFO - Output:
[2024-10-08T14:36:40.511+0000] {subprocess.py:93} INFO - ef5f77a921e173952a7ba574da80c2c3435ba02e3efe37712aa0471bd0f8e4dc
[2024-10-08T14:36:41.155+0000] {subprocess.py:97} INFO - Command exited with return code 0
[2024-10-08T14:36:41.157+0000] {taskinstance.py:441} INFO - ::group::Post task execution logs
[2024-10-08T14:36:41.192+0000] {taskinstance.py:1206} INFO - Marking task as SUCCESS. dag_id=update_database, task_id=run_sofascore_scraper, run_id=manual__2024-10-08T14:36:30.388219+00:00, execution_date=20241008T143630, start_date=20241008T143639, end_date=20241008T143641
[2024-10-08T14:36:41.245+0000] {local_task_job_runner.py:240} INFO - Task exited with return code 0
[2024-10-08T14:36:41.275+0000] {taskinstance.py:3503} INFO - 0 downstream tasks scheduled from follow-on schedule check
[2024-10-08T14:36:41.278+0000] {local_task_job_runner.py:222} INFO - ::endgroup::
