[2024-09-29T11:54:00.308+0000] {local_task_job_runner.py:120} INFO - ::group::Pre task execution logs
[2024-09-29T11:54:00.347+0000] {taskinstance.py:2076} INFO - Dependencies all met for dep_context=non-requeueable deps ti=<TaskInstance: intialization_database.create_connection manual__2024-09-29T11:53:19.168505+00:00 [queued]>
[2024-09-29T11:54:00.361+0000] {taskinstance.py:2076} INFO - Dependencies all met for dep_context=requeueable deps ti=<TaskInstance: intialization_database.create_connection manual__2024-09-29T11:53:19.168505+00:00 [queued]>
[2024-09-29T11:54:00.363+0000] {taskinstance.py:2306} INFO - Starting attempt 1 of 1
[2024-09-29T11:54:00.383+0000] {taskinstance.py:2330} INFO - Executing <Task(PythonOperator): create_connection> on 2024-09-29 11:53:19.168505+00:00
[2024-09-29T11:54:00.391+0000] {warnings.py:112} WARNING - /home/***/.local/lib/python3.12/site-packages/***/task/task_runner/standard_task_runner.py:61: DeprecationWarning: This process (pid=833) is multi-threaded, use of fork() may lead to deadlocks in the child.
  pid = os.fork()

[2024-09-29T11:54:00.394+0000] {standard_task_runner.py:63} INFO - Started process 835 to run task
[2024-09-29T11:54:00.394+0000] {standard_task_runner.py:90} INFO - Running: ['***', 'tasks', 'run', 'intialization_database', 'create_connection', 'manual__2024-09-29T11:53:19.168505+00:00', '--job-id', '2798', '--raw', '--subdir', 'DAGS_FOLDER/initialization.py', '--cfg-path', '/tmp/tmpteyxzofj']
[2024-09-29T11:54:00.395+0000] {standard_task_runner.py:91} INFO - Job 2798: Subtask create_connection
[2024-09-29T11:54:00.455+0000] {task_command.py:426} INFO - Running <TaskInstance: intialization_database.create_connection manual__2024-09-29T11:53:19.168505+00:00 [running]> on host e78fe06b6548
[2024-09-29T11:54:00.587+0000] {taskinstance.py:2648} INFO - Exporting env vars: AIRFLOW_CTX_DAG_OWNER='***' AIRFLOW_CTX_DAG_ID='intialization_database' AIRFLOW_CTX_TASK_ID='create_connection' AIRFLOW_CTX_EXECUTION_DATE='2024-09-29T11:53:19.168505+00:00' AIRFLOW_CTX_TRY_NUMBER='1' AIRFLOW_CTX_DAG_RUN_ID='manual__2024-09-29T11:53:19.168505+00:00'
[2024-09-29T11:54:00.589+0000] {taskinstance.py:430} INFO - ::endgroup::
[2024-09-29T11:54:00.591+0000] {crypto.py:82} WARNING - empty cryptography key - values will not be stored encrypted.
[2024-09-29T11:54:00.603+0000] {python.py:237} INFO - Done. Returned value was: None
[2024-09-29T11:54:00.604+0000] {taskinstance.py:441} INFO - ::group::Post task execution logs
[2024-09-29T11:54:00.619+0000] {taskinstance.py:1206} INFO - Marking task as SUCCESS. dag_id=intialization_database, task_id=create_connection, run_id=manual__2024-09-29T11:53:19.168505+00:00, execution_date=20240929T115319, start_date=20240929T115400, end_date=20240929T115400
[2024-09-29T11:54:00.649+0000] {local_task_job_runner.py:240} INFO - Task exited with return code 0
[2024-09-29T11:54:00.672+0000] {taskinstance.py:3503} INFO - 0 downstream tasks scheduled from follow-on schedule check
[2024-09-29T11:54:00.675+0000] {local_task_job_runner.py:222} INFO - ::endgroup::
