[2024-10-01T19:10:53.684+0000] {local_task_job_runner.py:120} INFO - ::group::Pre task execution logs
[2024-10-01T19:10:53.753+0000] {taskinstance.py:2076} INFO - Dependencies all met for dep_context=non-requeueable deps ti=<TaskInstance: intialization_database.copy_data_to_staging_table_fl_temp manual__2024-10-01T19:09:57.520963+00:00 [queued]>
[2024-10-01T19:10:53.776+0000] {taskinstance.py:2076} INFO - Dependencies all met for dep_context=requeueable deps ti=<TaskInstance: intialization_database.copy_data_to_staging_table_fl_temp manual__2024-10-01T19:09:57.520963+00:00 [queued]>
[2024-10-01T19:10:53.777+0000] {taskinstance.py:2306} INFO - Starting attempt 1 of 2
[2024-10-01T19:10:53.811+0000] {taskinstance.py:2330} INFO - Executing <Task(PythonOperator): copy_data_to_staging_table_fl_temp> on 2024-10-01 19:09:57.520963+00:00
[2024-10-01T19:10:53.827+0000] {warnings.py:112} WARNING - /home/***/.local/lib/python3.12/site-packages/***/task/task_runner/standard_task_runner.py:61: DeprecationWarning: This process (pid=7306) is multi-threaded, use of fork() may lead to deadlocks in the child.
  pid = os.fork()

[2024-10-01T19:10:53.832+0000] {standard_task_runner.py:63} INFO - Started process 7308 to run task
[2024-10-01T19:10:53.832+0000] {standard_task_runner.py:90} INFO - Running: ['***', 'tasks', 'run', 'intialization_database', 'copy_data_to_staging_table_fl_temp', 'manual__2024-10-01T19:09:57.520963+00:00', '--job-id', '3153', '--raw', '--subdir', 'DAGS_FOLDER/initialization.py', '--cfg-path', '/tmp/tmpj0awnt_5']
[2024-10-01T19:10:53.834+0000] {standard_task_runner.py:91} INFO - Job 3153: Subtask copy_data_to_staging_table_fl_temp
[2024-10-01T19:10:54.060+0000] {task_command.py:426} INFO - Running <TaskInstance: intialization_database.copy_data_to_staging_table_fl_temp manual__2024-10-01T19:09:57.520963+00:00 [running]> on host f8103d9b7858
[2024-10-01T19:10:54.510+0000] {taskinstance.py:2648} INFO - Exporting env vars: AIRFLOW_CTX_DAG_OWNER='***' AIRFLOW_CTX_DAG_ID='intialization_database' AIRFLOW_CTX_TASK_ID='copy_data_to_staging_table_fl_temp' AIRFLOW_CTX_EXECUTION_DATE='2024-10-01T19:09:57.520963+00:00' AIRFLOW_CTX_TRY_NUMBER='1' AIRFLOW_CTX_DAG_RUN_ID='manual__2024-10-01T19:09:57.520963+00:00'
[2024-10-01T19:10:54.521+0000] {taskinstance.py:430} INFO - ::endgroup::
[2024-10-01T19:10:56.201+0000] {warnings.py:112} WARNING - /opt/***/dags/helpers_initialization_dag/copy_data_to_staging_table_fl_temp.py:9: DtypeWarning: Columns (1,30,32,33,34,35,37,38,39,40,47,48,49,50,51,52,53,54,55,56,57,58,59,60,65,66,67,68,69,118,119,120,121,122,123,126,127,128,129,130,131,132,133,148,149,198,199,200,201,202,203,206,207,208,209,210,211,212,213,228,229,278,279,280,281,282,283,286,287,288,289,290,291,292,293,308,309,313,317,318,319,320,321,322,323,324,329,330,331,336,337,338,339,350,361,370,380,381,382,383,384,385,386,387,389,390,391,392,393,394,395,396,405,406,407,408,409,410,411,412,413,414,415,416,417,418,419,420,421,422,423,424,425,426) have mixed types. Specify dtype option on import or set low_memory=False.
  df = pd.read_csv('/opt/***/dags/csvs/first_load_csvs/all_sources_merged_transformed.csv')

[2024-10-01T19:11:16.003+0000] {python.py:237} INFO - Done. Returned value was: None
[2024-10-01T19:11:16.006+0000] {taskinstance.py:441} INFO - ::group::Post task execution logs
[2024-10-01T19:11:16.018+0000] {taskinstance.py:1206} INFO - Marking task as SUCCESS. dag_id=intialization_database, task_id=copy_data_to_staging_table_fl_temp, run_id=manual__2024-10-01T19:09:57.520963+00:00, execution_date=20241001T190957, start_date=20241001T191053, end_date=20241001T191116
[2024-10-01T19:11:16.103+0000] {local_task_job_runner.py:240} INFO - Task exited with return code 0
[2024-10-01T19:11:16.115+0000] {local_task_job_runner.py:222} INFO - ::endgroup::
