[2024-10-08T15:40:19.325+0000] {local_task_job_runner.py:120} INFO - ::group::Pre task execution logs
[2024-10-08T15:40:19.354+0000] {taskinstance.py:2076} INFO - Dependencies all met for dep_context=non-requeueable deps ti=<TaskInstance: update_database.run_sofascore_scraper manual__2024-10-08T15:40:05.537459+00:00 [queued]>
[2024-10-08T15:40:19.367+0000] {taskinstance.py:2076} INFO - Dependencies all met for dep_context=requeueable deps ti=<TaskInstance: update_database.run_sofascore_scraper manual__2024-10-08T15:40:05.537459+00:00 [queued]>
[2024-10-08T15:40:19.368+0000] {taskinstance.py:2306} INFO - Starting attempt 1 of 2
[2024-10-08T15:40:19.383+0000] {taskinstance.py:2330} INFO - Executing <Task(BashOperator): run_sofascore_scraper> on 2024-10-08 15:40:05.537459+00:00
[2024-10-08T15:40:19.391+0000] {warnings.py:112} WARNING - /home/***/.local/lib/python3.12/site-packages/***/task/task_runner/standard_task_runner.py:61: DeprecationWarning: This process (pid=1162) is multi-threaded, use of fork() may lead to deadlocks in the child.
  pid = os.fork()

[2024-10-08T15:40:19.392+0000] {standard_task_runner.py:63} INFO - Started process 1164 to run task
[2024-10-08T15:40:19.393+0000] {standard_task_runner.py:90} INFO - Running: ['***', 'tasks', 'run', 'update_database', 'run_sofascore_scraper', 'manual__2024-10-08T15:40:05.537459+00:00', '--job-id', '3850', '--raw', '--subdir', 'DAGS_FOLDER/update.py', '--cfg-path', '/tmp/tmph48k4_6y']
[2024-10-08T15:40:19.394+0000] {standard_task_runner.py:91} INFO - Job 3850: Subtask run_sofascore_scraper
[2024-10-08T15:40:19.445+0000] {task_command.py:426} INFO - Running <TaskInstance: update_database.run_sofascore_scraper manual__2024-10-08T15:40:05.537459+00:00 [running]> on host 1fee8bc549a8
[2024-10-08T15:40:19.554+0000] {taskinstance.py:2648} INFO - Exporting env vars: AIRFLOW_CTX_DAG_OWNER='***' AIRFLOW_CTX_DAG_ID='update_database' AIRFLOW_CTX_TASK_ID='run_sofascore_scraper' AIRFLOW_CTX_EXECUTION_DATE='2024-10-08T15:40:05.537459+00:00' AIRFLOW_CTX_TRY_NUMBER='1' AIRFLOW_CTX_DAG_RUN_ID='manual__2024-10-08T15:40:05.537459+00:00'
[2024-10-08T15:40:19.557+0000] {taskinstance.py:430} INFO - ::endgroup::
[2024-10-08T15:40:19.558+0000] {subprocess.py:63} INFO - Tmp dir root location: /tmp
[2024-10-08T15:40:19.559+0000] {subprocess.py:75} INFO - Running command: ['/usr/bin/bash', '-c', 'docker run -d --name sofascore_scraper_container -v C:/Users/efsta/Desktop/Kostas/Data/football_scotland/***/dags/sofascore_scraper_container/csv:/app/csv kostasmitalloulis/sofascoe_scraper_image_up:latest ']
[2024-10-08T15:40:19.573+0000] {subprocess.py:86} INFO - Output:
[2024-10-08T15:40:19.776+0000] {subprocess.py:93} INFO - dd1aaa0026855cfdf6d781f013e3fc3ef3debd269b56910621df01c17cbe72bd
[2024-10-08T15:40:20.259+0000] {subprocess.py:97} INFO - Command exited with return code 0
[2024-10-08T15:40:20.260+0000] {taskinstance.py:441} INFO - ::group::Post task execution logs
[2024-10-08T15:40:20.300+0000] {taskinstance.py:1206} INFO - Marking task as SUCCESS. dag_id=update_database, task_id=run_sofascore_scraper, run_id=manual__2024-10-08T15:40:05.537459+00:00, execution_date=20241008T154005, start_date=20241008T154019, end_date=20241008T154020
[2024-10-08T15:40:20.369+0000] {local_task_job_runner.py:240} INFO - Task exited with return code 0
[2024-10-08T15:40:20.395+0000] {taskinstance.py:3503} INFO - 0 downstream tasks scheduled from follow-on schedule check
[2024-10-08T15:40:20.397+0000] {local_task_job_runner.py:222} INFO - ::endgroup::
