[2024-10-01T15:19:52.645+0000] {local_task_job_runner.py:120} INFO - ::group::Pre task execution logs
[2024-10-01T15:19:52.674+0000] {taskinstance.py:2076} INFO - Dependencies all met for dep_context=non-requeueable deps ti=<TaskInstance: intialization_database.merge_transform_all_sources manual__2024-10-01T15:19:25.731918+00:00 [queued]>
[2024-10-01T15:19:52.684+0000] {taskinstance.py:2076} INFO - Dependencies all met for dep_context=requeueable deps ti=<TaskInstance: intialization_database.merge_transform_all_sources manual__2024-10-01T15:19:25.731918+00:00 [queued]>
[2024-10-01T15:19:52.685+0000] {taskinstance.py:2306} INFO - Starting attempt 1 of 2
[2024-10-01T15:19:52.699+0000] {taskinstance.py:2330} INFO - Executing <Task(PythonOperator): merge_transform_all_sources> on 2024-10-01 15:19:25.731918+00:00
[2024-10-01T15:19:52.709+0000] {warnings.py:112} WARNING - /home/***/.local/lib/python3.12/site-packages/***/task/task_runner/standard_task_runner.py:61: DeprecationWarning: This process (pid=4029) is multi-threaded, use of fork() may lead to deadlocks in the child.
  pid = os.fork()

[2024-10-01T15:19:52.711+0000] {standard_task_runner.py:63} INFO - Started process 4031 to run task
[2024-10-01T15:19:52.711+0000] {standard_task_runner.py:90} INFO - Running: ['***', 'tasks', 'run', 'intialization_database', 'merge_transform_all_sources', 'manual__2024-10-01T15:19:25.731918+00:00', '--job-id', '3019', '--raw', '--subdir', 'DAGS_FOLDER/initialization.py', '--cfg-path', '/tmp/tmpm2wa631v']
[2024-10-01T15:19:52.713+0000] {standard_task_runner.py:91} INFO - Job 3019: Subtask merge_transform_all_sources
[2024-10-01T15:19:52.761+0000] {task_command.py:426} INFO - Running <TaskInstance: intialization_database.merge_transform_all_sources manual__2024-10-01T15:19:25.731918+00:00 [running]> on host f8103d9b7858
[2024-10-01T15:19:52.865+0000] {taskinstance.py:2648} INFO - Exporting env vars: AIRFLOW_CTX_DAG_OWNER='***' AIRFLOW_CTX_DAG_ID='intialization_database' AIRFLOW_CTX_TASK_ID='merge_transform_all_sources' AIRFLOW_CTX_EXECUTION_DATE='2024-10-01T15:19:25.731918+00:00' AIRFLOW_CTX_TRY_NUMBER='1' AIRFLOW_CTX_DAG_RUN_ID='manual__2024-10-01T15:19:25.731918+00:00'
[2024-10-01T15:19:52.866+0000] {taskinstance.py:430} INFO - ::endgroup::
[2024-10-01T15:19:58.944+0000] {python.py:237} INFO - Done. Returned value was: None
[2024-10-01T15:19:58.945+0000] {taskinstance.py:441} INFO - ::group::Post task execution logs
[2024-10-01T15:19:58.958+0000] {taskinstance.py:1206} INFO - Marking task as SUCCESS. dag_id=intialization_database, task_id=merge_transform_all_sources, run_id=manual__2024-10-01T15:19:25.731918+00:00, execution_date=20241001T151925, start_date=20241001T151952, end_date=20241001T151958
[2024-10-01T15:19:59.009+0000] {local_task_job_runner.py:240} INFO - Task exited with return code 0
[2024-10-01T15:19:59.022+0000] {warnings.py:112} WARNING - /home/***/.local/lib/python3.12/site-packages/***/models/baseoperator.py:1297: AirflowProviderDeprecationWarning: Call to deprecated class PostgresOperator. (Please use `***.providers.common.sql.operators.sql.SQLExecuteQueryOperator`.Also, you can provide `hook_params={'schema': <database>}`.)
  result = cls.__new__(cls)

[2024-10-01T15:19:59.060+0000] {taskinstance.py:3503} INFO - 1 downstream tasks scheduled from follow-on schedule check
[2024-10-01T15:19:59.065+0000] {local_task_job_runner.py:222} INFO - ::endgroup::
