[2024-10-02T21:04:38.304+0000] {local_task_job_runner.py:120} INFO - ::group::Pre task execution logs
[2024-10-02T21:04:38.339+0000] {taskinstance.py:2076} INFO - Dependencies all met for dep_context=non-requeueable deps ti=<TaskInstance: intialization_database.create_schema_in_football_scotland manual__2024-10-02T21:03:38.042044+00:00 [queued]>
[2024-10-02T21:04:38.355+0000] {taskinstance.py:2076} INFO - Dependencies all met for dep_context=requeueable deps ti=<TaskInstance: intialization_database.create_schema_in_football_scotland manual__2024-10-02T21:03:38.042044+00:00 [queued]>
[2024-10-02T21:04:38.357+0000] {taskinstance.py:2306} INFO - Starting attempt 1 of 2
[2024-10-02T21:04:38.378+0000] {taskinstance.py:2330} INFO - Executing <Task(PostgresOperator): create_schema_in_football_scotland> on 2024-10-02 21:03:38.042044+00:00
[2024-10-02T21:04:38.387+0000] {warnings.py:112} WARNING - /home/***/.local/lib/python3.12/site-packages/***/task/task_runner/standard_task_runner.py:61: DeprecationWarning: This process (pid=11358) is multi-threaded, use of fork() may lead to deadlocks in the child.
  pid = os.fork()

[2024-10-02T21:04:38.390+0000] {standard_task_runner.py:63} INFO - Started process 11360 to run task
[2024-10-02T21:04:38.390+0000] {standard_task_runner.py:90} INFO - Running: ['***', 'tasks', 'run', 'intialization_database', 'create_schema_in_football_scotland', 'manual__2024-10-02T21:03:38.042044+00:00', '--job-id', '3592', '--raw', '--subdir', 'DAGS_FOLDER/initialization.py', '--cfg-path', '/tmp/tmpo63c0y7o']
[2024-10-02T21:04:38.392+0000] {standard_task_runner.py:91} INFO - Job 3592: Subtask create_schema_in_football_scotland
[2024-10-02T21:04:38.468+0000] {task_command.py:426} INFO - Running <TaskInstance: intialization_database.create_schema_in_football_scotland manual__2024-10-02T21:03:38.042044+00:00 [running]> on host 6dc69f1b4d8f
[2024-10-02T21:04:38.680+0000] {taskinstance.py:2648} INFO - Exporting env vars: AIRFLOW_CTX_DAG_OWNER='***' AIRFLOW_CTX_DAG_ID='intialization_database' AIRFLOW_CTX_TASK_ID='create_schema_in_football_scotland' AIRFLOW_CTX_EXECUTION_DATE='2024-10-02T21:03:38.042044+00:00' AIRFLOW_CTX_TRY_NUMBER='1' AIRFLOW_CTX_DAG_RUN_ID='manual__2024-10-02T21:03:38.042044+00:00'
[2024-10-02T21:04:38.684+0000] {taskinstance.py:430} INFO - ::endgroup::
[2024-10-02T21:04:38.685+0000] {sql.py:276} INFO - Executing: 
        CREATE SCHEMA IF NOT EXISTS scottish_premiership;
    
[2024-10-02T21:04:38.704+0000] {base.py:84} INFO - Using connection ID 'football_scotland_connection' for task execution.
[2024-10-02T21:04:38.727+0000] {base.py:84} INFO - Using connection ID 'football_scotland_connection' for task execution.
[2024-10-02T21:04:38.741+0000] {sql.py:487} INFO - Running statement: 
        CREATE SCHEMA IF NOT EXISTS scottish_premiership;
    , parameters: None
[2024-10-02T21:04:38.745+0000] {taskinstance.py:441} INFO - ::group::Post task execution logs
[2024-10-02T21:04:38.766+0000] {taskinstance.py:1206} INFO - Marking task as SUCCESS. dag_id=intialization_database, task_id=create_schema_in_football_scotland, run_id=manual__2024-10-02T21:03:38.042044+00:00, execution_date=20241002T210338, start_date=20241002T210438, end_date=20241002T210438
[2024-10-02T21:04:38.807+0000] {local_task_job_runner.py:240} INFO - Task exited with return code 0
[2024-10-02T21:04:38.827+0000] {warnings.py:112} WARNING - /home/***/.local/lib/python3.12/site-packages/***/models/baseoperator.py:1297: AirflowProviderDeprecationWarning: Call to deprecated class PostgresOperator. (Please use `***.providers.common.sql.operators.sql.SQLExecuteQueryOperator`.Also, you can provide `hook_params={'schema': <database>}`.)
  result = cls.__new__(cls)

[2024-10-02T21:04:38.867+0000] {taskinstance.py:3503} INFO - 1 downstream tasks scheduled from follow-on schedule check
[2024-10-02T21:04:38.870+0000] {local_task_job_runner.py:222} INFO - ::endgroup::
