[2024-10-02T18:54:33.881+0000] {local_task_job_runner.py:120} INFO - ::group::Pre task execution logs
[2024-10-02T18:54:34.016+0000] {taskinstance.py:2076} INFO - Dependencies all met for dep_context=non-requeueable deps ti=<TaskInstance: intialization_database.create_dimension_tables_fl manual__2024-10-02T18:47:42.179431+00:00 [queued]>
[2024-10-02T18:54:34.046+0000] {taskinstance.py:2076} INFO - Dependencies all met for dep_context=requeueable deps ti=<TaskInstance: intialization_database.create_dimension_tables_fl manual__2024-10-02T18:47:42.179431+00:00 [queued]>
[2024-10-02T18:54:34.049+0000] {taskinstance.py:2306} INFO - Starting attempt 2 of 2
[2024-10-02T18:54:34.088+0000] {taskinstance.py:2330} INFO - Executing <Task(PostgresOperator): create_dimension_tables_fl> on 2024-10-02 18:47:42.179431+00:00
[2024-10-02T18:54:34.103+0000] {warnings.py:112} WARNING - /home/***/.local/lib/python3.12/site-packages/***/task/task_runner/standard_task_runner.py:61: DeprecationWarning: This process (pid=9262) is multi-threaded, use of fork() may lead to deadlocks in the child.
  pid = os.fork()

[2024-10-02T18:54:34.109+0000] {standard_task_runner.py:90} INFO - Running: ['***', 'tasks', 'run', 'intialization_database', 'create_dimension_tables_fl', 'manual__2024-10-02T18:47:42.179431+00:00', '--job-id', '3426', '--raw', '--subdir', 'DAGS_FOLDER/initialization.py', '--cfg-path', '/tmp/tmpre3zsujq']
[2024-10-02T18:54:34.130+0000] {standard_task_runner.py:63} INFO - Started process 9264 to run task
[2024-10-02T18:54:34.130+0000] {standard_task_runner.py:91} INFO - Job 3426: Subtask create_dimension_tables_fl
[2024-10-02T18:54:34.233+0000] {task_command.py:426} INFO - Running <TaskInstance: intialization_database.create_dimension_tables_fl manual__2024-10-02T18:47:42.179431+00:00 [running]> on host 6dc69f1b4d8f
[2024-10-02T18:54:34.450+0000] {taskinstance.py:2648} INFO - Exporting env vars: AIRFLOW_CTX_DAG_OWNER='***' AIRFLOW_CTX_DAG_ID='intialization_database' AIRFLOW_CTX_TASK_ID='create_dimension_tables_fl' AIRFLOW_CTX_EXECUTION_DATE='2024-10-02T18:47:42.179431+00:00' AIRFLOW_CTX_TRY_NUMBER='2' AIRFLOW_CTX_DAG_RUN_ID='manual__2024-10-02T18:47:42.179431+00:00'
[2024-10-02T18:54:34.453+0000] {taskinstance.py:430} INFO - ::endgroup::
[2024-10-02T18:54:34.454+0000] {sql.py:276} INFO - Executing: --CREATE DIMENSION TABLES
DO $$
BEGIN
    IF NOT EXISTS (SELECT FROM information_schema.tables WHERE table_schema = 'scottish_premiership' AND table_name = 'dim_general_info') THEN
        CREATE TABLE scottish_premiership.dim_general_info (
            game_id SERIAL PRIMARY KEY,
            game_date varchar(255) ,
            fd_time varchar(255),
            hometeam varchar(255) ,
            awayteam varchar(255),
            fd_fthg varchar(255),
            fd_ftag varchar(255),
            fd_hthg varchar(255),
            fd_htag varchar(255),
            fd_ftr varchar(255),
            fd_htr varchar(255),
            fd_tournament_season varchar(255),
            sofa_tournament_name varchar(255),
            sofa_tournament_country varchar(255),
            sofa_tournament_name_season varchar(255),
            sofa_tournament_season varchar(255),
            sofa_tournament_round varchar(255),
            fbref_time varchar(255),
            fbref_comp varchar(255),
            fbref_round varchar(255),
            fbref_day varchar(255),
            fbref_attendance varchar(255),
            fbref_full_season_format varchar(255),
            fbref_shortened_season varchar(255),
            fbref_match_report_url varchar(255),
            fbref_game_venue_epoch varchar(255),
            fbref_game_venue_time varchar(255),
            fbref_stadium_name varchar(255),
            german_import_time varchar(255),
            UNIQUE  (game_date,hometeam)
        );
    END IF;

    IF NOT EXISTS (SELECT FROM information_schema.tables WHERE table_schema = 'scottish_premiership' AND table_name = 'dim_referees') THEN
        CREATE TABLE scottish_premiership.dim_referees (
            game_id INT PRIMARY KEY REFERENCES scottish_premiership.dim_general_info (game_id),  
            fd_referee varchar(255) ,
            sofa_referee_name varchar(255) ,
            sofa_referee_yellow_cards varchar(255) ,
            sofa_referee_redcards varchar(255) ,
            sofa_referee_yellowredcards varchar(255) ,	
            sofa_referee_games	varchar(255) ,
            sofa_referee_country varchar(255) ,
            fbref_gs_referee varchar(255) ,
            fbref_referee	varchar(255) ,
            fbref_ar_first	varchar(255) ,
            fbref_ar_second	varchar(255) ,
            fbref_fourth_official varchar(255) 
        );
    END IF;

    IF NOT EXISTS (SELECT FROM information_schema.tables WHERE table_schema = 'scottish_premiership' AND table_name = 'dim_managers') THEN
        CREATE TABLE scottish_premiership.dim_managers (
            game_id INT PRIMARY KEY REFERENCES scottish_premiership.dim_general_info (game_id),  
            sofa_home_manager_name varchar(255) ,
            sofa_home_manager_slug varchar(255) ,
            sofa_away_manager_name varchar(255) ,
            sofa_away_manager_slug varchar(255) ,
            fbref_hometeam_manager varchar(255) ,	
            fbref_awayteam_manager	varchar(255) 
        );
    END IF;


    IF NOT EXISTS (SELECT FROM information_schema.tables WHERE table_schema = 'scottish_premiership' AND table_name = 'dim_betting_odds') THEN
        CREATE TABLE scottish_premiership.dim_betting_odds (
            game_id INT PRIMARY KEY REFERENCES scottish_premiership.dim_general_info (game_id),  
            fd_b365h varchar(255) , 
            fd_b365d varchar(255) ,	
            fd_b365a varchar(255) ,	
            fd_bwh varchar(255) ,
            fd_bwd varchar(255) ,	
            fd_bwa varchar(255) 
        );
    END IF;

    IF NOT EXISTS (SELECT FROM information_schema.tables WHERE table_schema = 'scottish_premiership' AND table_name = 'dim_shots') THEN
        CREATE TABLE scottish_premiership.dim_shots (
            game_id INT PRIMARY KEY REFERENCES scottish_premiership.dim_general_info (game_id),  
            fd_hs varchar(255) , 
            fd_as varchar(255) ,	
            fd_hst varchar(255) ,	
            fd_ast varchar(255) ,
            sofa_all_home_total_shots varchar(255) ,	
            sofa_all_away_total_shots varchar(255) ,
            sofa_all_home_shots_on_target varchar(255)  ,
            sofa_all_away_shots_on_target varchar(255) ,
            sofa_all_home_hit_woodwork	varchar(255) ,
            sofa_all_away_hit_woodwork	varchar(255) ,
            sofa_all_home_shots_off_target	varchar(255) ,
            sofa_all_away_shots_off_target	varchar(255) ,
            sofa_all_home_blocked_shots	varchar(255) ,
            sofa_all_away_blocked_shots varchar(255) ,
            sofa_all_home_shots_inside_box varchar(255) ,
            sofa_all_away_shots_inside_box varchar(255) ,
            sofa_all_home_shots_outside_box varchar(255)  ,
            sofa_all_away_shots_outside_box varchar(255) ,
            sofa_first_half_home_total_shots varchar(255) ,
            sofa_first_half_away_total_shots varchar(255) ,
            sofa_first_half_home_shots_on_target varchar(255) ,
            sofa_first_half_away_shots_on_target varchar(255) ,
            sofa_first_half_home_hit_woodwork varchar(255) ,
            sofa_first_half_away_hit_woodwork varchar(255) ,
            sofa_first_half_home_shots_off_target varchar(255) ,
            sofa_first_half_away_shots_off_target varchar(255) ,
            sofa_first_half_home_blocked_shots varchar(255) ,
            sofa_first_half_away_blocked_shots varchar(255) ,
            sofa_first_half_home_shots_inside_box varchar(255) ,
            sofa_first_half_away_shots_inside_box varchar(255) ,
            sofa_first_half_home_shots_outside_box varchar(255) ,
            sofa_first_half_away_shots_outside_box varchar(255) ,
            sofa_second_half_home_total_shots varchar(255) ,
            sofa_second_half_away_total_shots varchar(255) ,
            sofa_second_half_home_shots_on_target varchar(255) ,
            sofa_second_half_away_shots_on_target varchar(255) ,
            sofa_second_half_home_hit_woodwork varchar(255) ,
            sofa_second_half_away_hit_woodwork varchar(255) ,
            sofa_second_half_home_shots_off_target varchar(255) ,
            sofa_second_half_away_shots_off_target varchar(255) ,
            sofa_second_half_home_blocked_shots varchar(255) ,
            sofa_second_half_away_blocked_shots varchar(255) ,
            sofa_second_half_home_shots_inside_box varchar(255) ,
            sofa_second_half_away_shots_inside_box varchar(255) ,
            sofa_second_half_home_shots_outside_box varchar(255) ,
            sofa_second_half_away_shots_outside_box varchar(255) ,
            fbref_hometeam_sh varchar(255) ,
            fbref_hometeam_sot varchar(255) ,
            fbref_hometeam_sot_percentage varchar(255) ,
            fbref_hometeam_gsh varchar(255) ,
            fbref_hometeam_gsot varchar(255) ,
            fbref_hometeam_pk varchar(255) ,
            fbref_hometeam_pkatt varchar(255) ,
            fbref_awayteam_sh varchar(255) ,
            fbref_awayteam_sot varchar(255) ,
            fbref_awayteam_sot_percentage varchar(255) ,
            fbref_awayteam_gsh varchar(255) ,
            fbref_awayteam_gsot varchar(255) ,
            fbref_awayteam_pk varchar(255) ,
            fbref_awayteam_pkatt varchar(255) ,
            fbref_hometeam_shots_on_target_percentage varchar(255) ,
            fbref_awayteam_shots_on_target_percentage varchar(255) ,
            fbref_hometean_shots_not_percentages varchar(255) ,
            fbref_awayteam_shots_not_percentages varchar(255) 
        );
    END IF;

    IF NOT EXISTS (SELECT FROM information_schema.tables WHERE table_schema = 'scottish_premiership' AND table_name = 'dim_fouls') THEN
        CREATE TABLE scottish_premiership.dim_fouls (
            game_id INT PRIMARY KEY REFERENCES scottish_premiership.dim_general_info (game_id),  
            sofa_all_home_fouls	varchar(255),
            sofa_all_away_fouls varchar(255),
            sofa_all_home_fouled_in_final_third varchar(255),
            sofa_all_away_fouled_in_final_third varchar(255),
            sofa_first_half_home_fouls varchar(255),
            sofa_first_half_away_fouls varchar(255),
            sofa_first_half_home_fouled_in_final_third varchar(255),
            sofa_first_half_away_fouled_in_final_third varchar(255),
            sofa_second_half_home_fouls varchar(255),
            sofa_second_half_away_fouls varchar(255),
            sofa_second_half_home_fouled_in_final_third varchar(255),
            sofa_second_half_away_fouled_in_final_third varchar(255),
            fbref_hometeam_fouls varchar(255),
            fbref_awayteam_fouls varchar(255)
        );
    END IF;

    IF NOT EXISTS (SELECT FROM information_schema.tables WHERE table_schema = 'scottish_premiership' AND table_name = 'dim_corners') THEN
        CREATE TABLE scottish_premiership.dim_corners (
            game_id INT PRIMARY KEY REFERENCES scottish_premiership.dim_general_info (game_id),  
            fd_hc varchar(255),
            fd_ac varchar(255),
            sofa_all_home_corner_kicks varchar(255),
            sofa_all_away_corner_kicks varchar(255),
            sofa_first_half_home_corner_kicks varchar(255),
            sofa_first_half_away_corner_kicks varchar(255),
            sofa_second_half_home_corner_kicks varchar(255),
            sofa_second_half_away_corner_kicks varchar(255)
        );
    END IF;

    IF NOT EXISTS (SELECT FROM information_schema.tables WHERE table_schema = 'scottish_premiership' AND table_name = 'dim_teams_form') THEN
        CREATE TABLE scottish_premiership.dim_teams_form (
            game_id INT PRIMARY KEY REFERENCES scottish_premiership.dim_general_info (game_id),  
            fd_ftr varchar(255),
            fd_htr varchar(255),
            sofa_hometeam_position varchar(255),
            sofa_hometeam_value varchar(255),
            sofa_hometeam_eam_form varchar(255),
            sofa_awayteam_position varchar(255),
            sofa_awayteam_value varchar(255),
            sofa_awayteam_form varchar(255),
            fbref_hometeam_result varchar(255),
            fbref_awayteam_result varchar(255),
            fbref_hometeam_form varchar(255),
            fbref_awayteam_form varchar(255)
        );
    END IF;

    IF NOT EXISTS (SELECT FROM information_schema.tables WHERE table_schema = 'scottish_premiership' AND table_name = 'dim_goalkeeping') THEN
        CREATE TABLE scottish_premiership.dim_goalkeeping (
            game_id INT PRIMARY KEY REFERENCES scottish_premiership.dim_general_info (game_id),  
            sofa_all_home_goalkeeper_saves varchar(255),
            sofa_all_away_goalkeeper_saves varchar(255),
            sofa_all_home_total_saves varchar(255),
            sofa_all_away_total_saves varchar(255),
            sofa_first_half_home_goalkeeper_saves varchar(255),
            sofa_first_half_away_goalkeeper_saves varchar(255),
            sofa_first_half_home_total_saves varchar(255),
            sofa_first_half_away_total_saves varchar(255),
            sofa_second_half_home_goalkeeper_saves varchar(255),
            sofa_second_half_away_goalkeeper_saves varchar(255),
            sofa_second_half_home_total_saves varchar(255),
            sofa_second_half_away_total_saves varchar(255),
            fbref_hometeam_saves_percentage varchar(255),
            fbref_awayteam_saves_not_percentages varchar(255),
            fbref_hometean_saves_not_percentages varchar(255),
            fbref_awayteam_saves_percentage varchar(255)
        );
    END IF;

    IF NOT EXISTS (SELECT FROM information_schema.tables WHERE table_schema = 'scottish_premiership' AND table_name = 'dim_passing') THEN
        CREATE TABLE scottish_premiership.dim_passing (
            game_id INT PRIMARY KEY REFERENCES scottish_premiership.dim_general_info (game_id),  
            sofa_all_home_ball_possession varchar(255),
            sofa_all_away_ball_possession varchar(255),
            sofa_all_home_passes varchar(255),
            sofa_all_away_passes varchar(255),
            sofa_all_home_through_balls varchar(255),
            sofa_all_away_through_balls varchar(255),
            sofa_all_home_accurate_passes varchar(255),
            sofa_all_away_accurate_passes varchar(255),
            sofa_all_home_long_balls varchar(255),
            sofa_all_away_long_balls varchar(255),
            sofa_all_home_crosses varchar(255),
            sofa_all_away_crosses varchar(255),
            sofa_first_half_home_ball_possession varchar(255),	
            sofa_first_half_away_ball_possession varchar(255),
            sofa_first_half_home_passes varchar(255),
            sofa_first_half_away_passes varchar(255),
            sofa_first_half_home_through_balls varchar(255),
            sofa_first_half_away_through_balls varchar(255),
            sofa_first_half_home_accurate_passes varchar(255),
            sofa_first_half_away_accurate_passes varchar(255),
            sofa_first_half_home_long_balls varchar(255),
            sofa_first_half_away_long_balls varchar(255),
            sofa_first_half_home_crosses varchar(255),
            sofa_first_half_away_crosses varchar(255),
            sofa_second_half_home_ball_possession varchar(255),
            sofa_second_half_away_ball_possession varchar(255),
            sofa_second_half_home_passes varchar(255),
            sofa_second_half_away_passes varchar(255),
            sofa_second_half_home_through_balls varchar(255),
            sofa_second_half_away_through_balls varchar(255),
            sofa_second_half_home_accurate_passes varchar(255),
            sofa_second_half_away_accurate_passes varchar(255),
            sofa_second_half_home_long_balls varchar(255) ,
            sofa_second_half_away_long_balls varchar(255),
            sofa_second_half_home_crosses varchar(255),
            sofa_second_half_away_crosses varchar(255) ,
            fbref_score_fixtures_awayteam_poss varchar(255),
            fbref_score_fixtures_hometeam_poss varchar(255),
            fbref_hometeam_crosses varchar(255),
            fbref_awayteam_crosses varchar(255),
            fbref_hometeam_possesion varchar(255) ,
            fbref_awayteam_possesion varchar(255)
        );
    END IF;


END $$;


[2024-10-02T18:54:34.471+0000] {taskinstance.py:441} INFO - ::group::Post task execution logs
[2024-10-02T18:54:34.490+0000] {taskinstance.py:2905} ERROR - Task failed with exception
Traceback (most recent call last):
  File "/home/airflow/.local/lib/python3.12/site-packages/airflow/models/taskinstance.py", line 465, in _execute_task
    result = _execute_callable(context=context, **execute_callable_kwargs)
             ^^^^^^^^^^^^^^^^^^^^^^^^^^^^^^^^^^^^^^^^^^^^^^^^^^^^^^^^^^^^^
  File "/home/airflow/.local/lib/python3.12/site-packages/airflow/models/taskinstance.py", line 432, in _execute_callable
    return execute_callable(context=context, **execute_callable_kwargs)
           ^^^^^^^^^^^^^^^^^^^^^^^^^^^^^^^^^^^^^^^^^^^^^^^^^^^^^^^^^^^^
  File "/home/airflow/.local/lib/python3.12/site-packages/airflow/models/baseoperator.py", line 401, in wrapper
    return func(self, *args, **kwargs)
           ^^^^^^^^^^^^^^^^^^^^^^^^^^^
  File "/home/airflow/.local/lib/python3.12/site-packages/airflow/providers/common/sql/operators/sql.py", line 277, in execute
    hook = self.get_db_hook()
           ^^^^^^^^^^^^^^^^^^
  File "/home/airflow/.local/lib/python3.12/site-packages/airflow/providers/common/sql/operators/sql.py", line 188, in get_db_hook
    return self._hook
           ^^^^^^^^^^
  File "/usr/local/lib/python3.12/functools.py", line 995, in __get__
    val = self.func(instance)
          ^^^^^^^^^^^^^^^^^^^
  File "/home/airflow/.local/lib/python3.12/site-packages/airflow/providers/common/sql/operators/sql.py", line 150, in _hook
    conn = BaseHook.get_connection(conn_id)
           ^^^^^^^^^^^^^^^^^^^^^^^^^^^^^^^^
  File "/home/airflow/.local/lib/python3.12/site-packages/airflow/hooks/base.py", line 83, in get_connection
    conn = Connection.get_connection_from_secrets(conn_id)
           ^^^^^^^^^^^^^^^^^^^^^^^^^^^^^^^^^^^^^^^^^^^^^^^
  File "/home/airflow/.local/lib/python3.12/site-packages/airflow/models/connection.py", line 519, in get_connection_from_secrets
    raise AirflowNotFoundException(f"The conn_id `{conn_id}` isn't defined")
airflow.exceptions.AirflowNotFoundException: The conn_id `football_scotland_connection` isn't defined
[2024-10-02T18:54:34.502+0000] {taskinstance.py:1206} INFO - Marking task as FAILED. dag_id=intialization_database, task_id=create_dimension_tables_fl, run_id=manual__2024-10-02T18:47:42.179431+00:00, execution_date=20241002T184742, start_date=20241002T185434, end_date=20241002T185434
[2024-10-02T18:54:34.530+0000] {standard_task_runner.py:110} ERROR - Failed to execute job 3426 for task create_dimension_tables_fl (The conn_id `football_scotland_connection` isn't defined; 9264)
[2024-10-02T18:54:34.590+0000] {local_task_job_runner.py:240} INFO - Task exited with return code 1
[2024-10-02T18:54:34.608+0000] {warnings.py:112} WARNING - /home/***/.local/lib/python3.12/site-packages/***/models/baseoperator.py:1297: AirflowProviderDeprecationWarning: Call to deprecated class PostgresOperator. (Please use `***.providers.common.sql.operators.sql.SQLExecuteQueryOperator`.Also, you can provide `hook_params={'schema': <database>}`.)
  result = cls.__new__(cls)

[2024-10-02T18:54:34.642+0000] {taskinstance.py:3503} INFO - 0 downstream tasks scheduled from follow-on schedule check
[2024-10-02T18:54:34.651+0000] {local_task_job_runner.py:222} INFO - ::endgroup::
