[2024-09-27T11:16:14.446+0000] {local_task_job_runner.py:120} INFO - ::group::Pre task execution logs
[2024-09-27T11:16:14.493+0000] {taskinstance.py:2076} INFO - Dependencies all met for dep_context=non-requeueable deps ti=<TaskInstance: intialization_database.merge_transform_football_data_task manual__2024-07-04T18:39:58.273942+00:00 [queued]>
[2024-09-27T11:16:14.514+0000] {taskinstance.py:2076} INFO - Dependencies all met for dep_context=requeueable deps ti=<TaskInstance: intialization_database.merge_transform_football_data_task manual__2024-07-04T18:39:58.273942+00:00 [queued]>
[2024-09-27T11:16:14.517+0000] {taskinstance.py:2306} INFO - Starting attempt 1 of 2
[2024-09-27T11:16:14.541+0000] {taskinstance.py:2330} INFO - Executing <Task(PythonOperator): merge_transform_football_data_task> on 2024-07-04 18:39:58.273942+00:00
[2024-09-27T11:16:14.559+0000] {warnings.py:112} WARNING - /home/***/.local/lib/python3.12/site-packages/***/task/task_runner/standard_task_runner.py:61: DeprecationWarning: This process (pid=508) is multi-threaded, use of fork() may lead to deadlocks in the child.
  pid = os.fork()

[2024-09-27T11:16:14.562+0000] {standard_task_runner.py:63} INFO - Started process 521 to run task
[2024-09-27T11:16:14.562+0000] {standard_task_runner.py:90} INFO - Running: ['***', 'tasks', 'run', 'intialization_database', 'merge_transform_football_data_task', 'manual__2024-07-04T18:39:58.273942+00:00', '--job-id', '2740', '--raw', '--subdir', 'DAGS_FOLDER/initialization.py', '--cfg-path', '/tmp/tmppz2f_e46']
[2024-09-27T11:16:14.564+0000] {standard_task_runner.py:91} INFO - Job 2740: Subtask merge_transform_football_data_task
[2024-09-27T11:16:14.675+0000] {task_command.py:426} INFO - Running <TaskInstance: intialization_database.merge_transform_football_data_task manual__2024-07-04T18:39:58.273942+00:00 [running]> on host e6ca4ed1725f
[2024-09-27T11:16:15.152+0000] {taskinstance.py:2648} INFO - Exporting env vars: AIRFLOW_CTX_DAG_OWNER='***' AIRFLOW_CTX_DAG_ID='intialization_database' AIRFLOW_CTX_TASK_ID='merge_transform_football_data_task' AIRFLOW_CTX_EXECUTION_DATE='2024-07-04T18:39:58.273942+00:00' AIRFLOW_CTX_TRY_NUMBER='1' AIRFLOW_CTX_DAG_RUN_ID='manual__2024-07-04T18:39:58.273942+00:00'
[2024-09-27T11:16:15.155+0000] {taskinstance.py:430} INFO - ::endgroup::
[2024-09-27T11:16:15.173+0000] {taskinstance.py:441} INFO - ::group::Post task execution logs
[2024-09-27T11:16:15.176+0000] {taskinstance.py:2905} ERROR - Task failed with exception
Traceback (most recent call last):
  File "/home/airflow/.local/lib/python3.12/site-packages/airflow/models/taskinstance.py", line 465, in _execute_task
    result = _execute_callable(context=context, **execute_callable_kwargs)
             ^^^^^^^^^^^^^^^^^^^^^^^^^^^^^^^^^^^^^^^^^^^^^^^^^^^^^^^^^^^^^
  File "/home/airflow/.local/lib/python3.12/site-packages/airflow/models/taskinstance.py", line 432, in _execute_callable
    return execute_callable(context=context, **execute_callable_kwargs)
           ^^^^^^^^^^^^^^^^^^^^^^^^^^^^^^^^^^^^^^^^^^^^^^^^^^^^^^^^^^^^
  File "/home/airflow/.local/lib/python3.12/site-packages/airflow/models/baseoperator.py", line 401, in wrapper
    return func(self, *args, **kwargs)
           ^^^^^^^^^^^^^^^^^^^^^^^^^^^
  File "/home/airflow/.local/lib/python3.12/site-packages/airflow/operators/python.py", line 235, in execute
    return_value = self.execute_callable()
                   ^^^^^^^^^^^^^^^^^^^^^^^
  File "/home/airflow/.local/lib/python3.12/site-packages/airflow/operators/python.py", line 252, in execute_callable
    return self.python_callable(*self.op_args, **self.op_kwargs)
           ^^^^^^^^^^^^^^^^^^^^^^^^^^^^^^^^^^^^^^^^^^^^^^^^^^^^^
  File "/opt/airflow/dags/dag_function_helpers/first_load/football_data_merging_transforming_csvs_fl.py", line 39, in football_data_merging_transforming_csvs_fl
    dataframes.append(df)
                      ^^
UnboundLocalError: cannot access local variable 'df' where it is not associated with a value
[2024-09-27T11:16:15.245+0000] {taskinstance.py:1206} INFO - Marking task as UP_FOR_RETRY. dag_id=intialization_database, task_id=merge_transform_football_data_task, run_id=manual__2024-07-04T18:39:58.273942+00:00, execution_date=20240704T183958, start_date=20240927T111614, end_date=20240927T111615
[2024-09-27T11:16:15.321+0000] {standard_task_runner.py:110} ERROR - Failed to execute job 2740 for task merge_transform_football_data_task (cannot access local variable 'df' where it is not associated with a value; 521)
[2024-09-27T11:16:15.368+0000] {local_task_job_runner.py:240} INFO - Task exited with return code 1
[2024-09-27T11:16:15.474+0000] {taskinstance.py:3503} INFO - 0 downstream tasks scheduled from follow-on schedule check
[2024-09-27T11:16:15.477+0000] {local_task_job_runner.py:222} INFO - ::endgroup::
