[2024-10-02T18:58:06.630+0000] {local_task_job_runner.py:120} INFO - ::group::Pre task execution logs
[2024-10-02T18:58:06.655+0000] {taskinstance.py:2076} INFO - Dependencies all met for dep_context=non-requeueable deps ti=<TaskInstance: intialization_database.merge_transform_fbref_only_general_stats_of_each_match manual__2024-10-02T18:58:04.371125+00:00 [queued]>
[2024-10-02T18:58:06.664+0000] {taskinstance.py:2076} INFO - Dependencies all met for dep_context=requeueable deps ti=<TaskInstance: intialization_database.merge_transform_fbref_only_general_stats_of_each_match manual__2024-10-02T18:58:04.371125+00:00 [queued]>
[2024-10-02T18:58:06.665+0000] {taskinstance.py:2306} INFO - Starting attempt 1 of 2
[2024-10-02T18:58:06.680+0000] {taskinstance.py:2330} INFO - Executing <Task(PythonOperator): merge_transform_fbref_only_general_stats_of_each_match> on 2024-10-02 18:58:04.371125+00:00
[2024-10-02T18:58:06.688+0000] {warnings.py:112} WARNING - /home/***/.local/lib/python3.12/site-packages/***/task/task_runner/standard_task_runner.py:61: DeprecationWarning: This process (pid=9338) is multi-threaded, use of fork() may lead to deadlocks in the child.
  pid = os.fork()

[2024-10-02T18:58:06.689+0000] {standard_task_runner.py:63} INFO - Started process 9340 to run task
[2024-10-02T18:58:06.690+0000] {standard_task_runner.py:90} INFO - Running: ['***', 'tasks', 'run', 'intialization_database', 'merge_transform_fbref_only_general_stats_of_each_match', 'manual__2024-10-02T18:58:04.371125+00:00', '--job-id', '3437', '--raw', '--subdir', 'DAGS_FOLDER/initialization.py', '--cfg-path', '/tmp/tmpsk65wacs']
[2024-10-02T18:58:06.691+0000] {standard_task_runner.py:91} INFO - Job 3437: Subtask merge_transform_fbref_only_general_stats_of_each_match
[2024-10-02T18:58:06.740+0000] {task_command.py:426} INFO - Running <TaskInstance: intialization_database.merge_transform_fbref_only_general_stats_of_each_match manual__2024-10-02T18:58:04.371125+00:00 [running]> on host 6dc69f1b4d8f
[2024-10-02T18:58:06.849+0000] {taskinstance.py:2648} INFO - Exporting env vars: AIRFLOW_CTX_DAG_OWNER='***' AIRFLOW_CTX_DAG_ID='intialization_database' AIRFLOW_CTX_TASK_ID='merge_transform_fbref_only_general_stats_of_each_match' AIRFLOW_CTX_EXECUTION_DATE='2024-10-02T18:58:04.371125+00:00' AIRFLOW_CTX_TRY_NUMBER='1' AIRFLOW_CTX_DAG_RUN_ID='manual__2024-10-02T18:58:04.371125+00:00'
[2024-10-02T18:58:06.851+0000] {taskinstance.py:430} INFO - ::endgroup::
[2024-10-02T18:58:06.986+0000] {warnings.py:112} WARNING - /opt/***/dags/helpers_initialization_dag/fbref_only_general_stats_of_each_match_merging_transforming_fl.py:27: FutureWarning: DataFrame.applymap has been deprecated. Use DataFrame.map instead.
  merged_transformed_df_only_general_stats = merged_transformed_df_only_general_stats.applymap(lambda x: x.strip() if isinstance(x, str) else x)

[2024-10-02T18:58:07.151+0000] {logging_mixin.py:188} INFO - All CSVs have been merged into /opt/***/dags/csvs/first_load_csvs/fbref_only_general_stats_merged_transformed.csv
[2024-10-02T18:58:07.152+0000] {python.py:237} INFO - Done. Returned value was: None
[2024-10-02T18:58:07.153+0000] {taskinstance.py:441} INFO - ::group::Post task execution logs
[2024-10-02T18:58:07.164+0000] {taskinstance.py:1206} INFO - Marking task as SUCCESS. dag_id=intialization_database, task_id=merge_transform_fbref_only_general_stats_of_each_match, run_id=manual__2024-10-02T18:58:04.371125+00:00, execution_date=20241002T185804, start_date=20241002T185806, end_date=20241002T185807
[2024-10-02T18:58:07.225+0000] {local_task_job_runner.py:240} INFO - Task exited with return code 0
[2024-10-02T18:58:07.250+0000] {warnings.py:112} WARNING - /home/***/.local/lib/python3.12/site-packages/***/models/baseoperator.py:1297: AirflowProviderDeprecationWarning: Call to deprecated class PostgresOperator. (Please use `***.providers.common.sql.operators.sql.SQLExecuteQueryOperator`.Also, you can provide `hook_params={'schema': <database>}`.)
  result = cls.__new__(cls)

[2024-10-02T18:58:07.333+0000] {taskinstance.py:3503} INFO - 0 downstream tasks scheduled from follow-on schedule check
[2024-10-02T18:58:07.339+0000] {local_task_job_runner.py:222} INFO - ::endgroup::
