[2024-10-03T11:49:17.616+0000] {local_task_job_runner.py:120} INFO - ::group::Pre task execution logs
[2024-10-03T11:49:17.668+0000] {taskinstance.py:2076} INFO - Dependencies all met for dep_context=non-requeueable deps ti=<TaskInstance: intialization_database.create_schema_in_football_scotland manual__2024-10-03T11:48:28.720211+00:00 [queued]>
[2024-10-03T11:49:17.692+0000] {taskinstance.py:2076} INFO - Dependencies all met for dep_context=requeueable deps ti=<TaskInstance: intialization_database.create_schema_in_football_scotland manual__2024-10-03T11:48:28.720211+00:00 [queued]>
[2024-10-03T11:49:17.693+0000] {taskinstance.py:2306} INFO - Starting attempt 1 of 2
[2024-10-03T11:49:17.725+0000] {taskinstance.py:2330} INFO - Executing <Task(PostgresOperator): create_schema_in_football_scotland> on 2024-10-03 11:48:28.720211+00:00
[2024-10-03T11:49:17.747+0000] {warnings.py:112} WARNING - /home/***/.local/lib/python3.12/site-packages/***/task/task_runner/standard_task_runner.py:61: DeprecationWarning: This process (pid=738) is multi-threaded, use of fork() may lead to deadlocks in the child.
  pid = os.fork()

[2024-10-03T11:49:17.750+0000] {standard_task_runner.py:63} INFO - Started process 740 to run task
[2024-10-03T11:49:17.755+0000] {standard_task_runner.py:90} INFO - Running: ['***', 'tasks', 'run', 'intialization_database', 'create_schema_in_football_scotland', 'manual__2024-10-03T11:48:28.720211+00:00', '--job-id', '3778', '--raw', '--subdir', 'DAGS_FOLDER/initialization.py', '--cfg-path', '/tmp/tmpizcza43t']
[2024-10-03T11:49:17.757+0000] {standard_task_runner.py:91} INFO - Job 3778: Subtask create_schema_in_football_scotland
[2024-10-03T11:49:17.844+0000] {task_command.py:426} INFO - Running <TaskInstance: intialization_database.create_schema_in_football_scotland manual__2024-10-03T11:48:28.720211+00:00 [running]> on host 7d10ea254acc
[2024-10-03T11:49:18.065+0000] {taskinstance.py:2648} INFO - Exporting env vars: AIRFLOW_CTX_DAG_OWNER='***' AIRFLOW_CTX_DAG_ID='intialization_database' AIRFLOW_CTX_TASK_ID='create_schema_in_football_scotland' AIRFLOW_CTX_EXECUTION_DATE='2024-10-03T11:48:28.720211+00:00' AIRFLOW_CTX_TRY_NUMBER='1' AIRFLOW_CTX_DAG_RUN_ID='manual__2024-10-03T11:48:28.720211+00:00'
[2024-10-03T11:49:18.069+0000] {taskinstance.py:430} INFO - ::endgroup::
[2024-10-03T11:49:18.071+0000] {sql.py:276} INFO - Executing: 
        CREATE SCHEMA IF NOT EXISTS scottish_premiership;
    
[2024-10-03T11:49:18.094+0000] {base.py:84} INFO - Using connection ID 'football_scotland_connection' for task execution.
[2024-10-03T11:49:18.117+0000] {base.py:84} INFO - Using connection ID 'football_scotland_connection' for task execution.
[2024-10-03T11:49:18.131+0000] {sql.py:487} INFO - Running statement: 
        CREATE SCHEMA IF NOT EXISTS scottish_premiership;
    , parameters: None
[2024-10-03T11:49:18.136+0000] {taskinstance.py:441} INFO - ::group::Post task execution logs
[2024-10-03T11:49:18.155+0000] {taskinstance.py:1206} INFO - Marking task as SUCCESS. dag_id=intialization_database, task_id=create_schema_in_football_scotland, run_id=manual__2024-10-03T11:48:28.720211+00:00, execution_date=20241003T114828, start_date=20241003T114917, end_date=20241003T114918
[2024-10-03T11:49:18.209+0000] {local_task_job_runner.py:240} INFO - Task exited with return code 0
[2024-10-03T11:49:18.230+0000] {warnings.py:112} WARNING - /home/***/.local/lib/python3.12/site-packages/***/models/baseoperator.py:1297: AirflowProviderDeprecationWarning: Call to deprecated class PostgresOperator. (Please use `***.providers.common.sql.operators.sql.SQLExecuteQueryOperator`.Also, you can provide `hook_params={'schema': <database>}`.)
  result = cls.__new__(cls)

[2024-10-03T11:49:18.270+0000] {taskinstance.py:3503} INFO - 1 downstream tasks scheduled from follow-on schedule check
[2024-10-03T11:49:18.275+0000] {local_task_job_runner.py:222} INFO - ::endgroup::
