[2024-10-02T19:54:39.452+0000] {local_task_job_runner.py:120} INFO - ::group::Pre task execution logs
[2024-10-02T19:54:39.495+0000] {taskinstance.py:2076} INFO - Dependencies all met for dep_context=non-requeueable deps ti=<TaskInstance: intialization_database.merge_transform_fbref_only_match_reports manual__2024-10-02T19:54:28.651073+00:00 [queued]>
[2024-10-02T19:54:39.509+0000] {taskinstance.py:2076} INFO - Dependencies all met for dep_context=requeueable deps ti=<TaskInstance: intialization_database.merge_transform_fbref_only_match_reports manual__2024-10-02T19:54:28.651073+00:00 [queued]>
[2024-10-02T19:54:39.510+0000] {taskinstance.py:2306} INFO - Starting attempt 1 of 2
[2024-10-02T19:54:39.535+0000] {taskinstance.py:2330} INFO - Executing <Task(PythonOperator): merge_transform_fbref_only_match_reports> on 2024-10-02 19:54:28.651073+00:00
[2024-10-02T19:54:39.546+0000] {warnings.py:112} WARNING - /home/***/.local/lib/python3.12/site-packages/***/task/task_runner/standard_task_runner.py:61: DeprecationWarning: This process (pid=10274) is multi-threaded, use of fork() may lead to deadlocks in the child.
  pid = os.fork()

[2024-10-02T19:54:39.549+0000] {standard_task_runner.py:63} INFO - Started process 10276 to run task
[2024-10-02T19:54:39.549+0000] {standard_task_runner.py:90} INFO - Running: ['***', 'tasks', 'run', 'intialization_database', 'merge_transform_fbref_only_match_reports', 'manual__2024-10-02T19:54:28.651073+00:00', '--job-id', '3520', '--raw', '--subdir', 'DAGS_FOLDER/initialization.py', '--cfg-path', '/tmp/tmprcvf6urd']
[2024-10-02T19:54:39.551+0000] {standard_task_runner.py:91} INFO - Job 3520: Subtask merge_transform_fbref_only_match_reports
[2024-10-02T19:54:39.616+0000] {task_command.py:426} INFO - Running <TaskInstance: intialization_database.merge_transform_fbref_only_match_reports manual__2024-10-02T19:54:28.651073+00:00 [running]> on host 6dc69f1b4d8f
[2024-10-02T19:54:39.772+0000] {taskinstance.py:2648} INFO - Exporting env vars: AIRFLOW_CTX_DAG_OWNER='***' AIRFLOW_CTX_DAG_ID='intialization_database' AIRFLOW_CTX_TASK_ID='merge_transform_fbref_only_match_reports' AIRFLOW_CTX_EXECUTION_DATE='2024-10-02T19:54:28.651073+00:00' AIRFLOW_CTX_TRY_NUMBER='1' AIRFLOW_CTX_DAG_RUN_ID='manual__2024-10-02T19:54:28.651073+00:00'
[2024-10-02T19:54:39.776+0000] {taskinstance.py:430} INFO - ::endgroup::
[2024-10-02T19:54:40.216+0000] {warnings.py:112} WARNING - /opt/***/dags/helpers_initialization_dag/fbref_only_match_reports_merging_transforming_csvs_fl.py:37: FutureWarning: DataFrame.applymap has been deprecated. Use DataFrame.map instead.
  fbref_match_reports_merged_df = fbref_match_reports_merged_df.applymap(lambda x: x.strip() if isinstance(x, str) else x)

[2024-10-02T19:54:41.254+0000] {python.py:237} INFO - Done. Returned value was: None
[2024-10-02T19:54:41.255+0000] {taskinstance.py:441} INFO - ::group::Post task execution logs
[2024-10-02T19:54:41.273+0000] {taskinstance.py:1206} INFO - Marking task as SUCCESS. dag_id=intialization_database, task_id=merge_transform_fbref_only_match_reports, run_id=manual__2024-10-02T19:54:28.651073+00:00, execution_date=20241002T195428, start_date=20241002T195439, end_date=20241002T195441
[2024-10-02T19:54:41.342+0000] {local_task_job_runner.py:240} INFO - Task exited with return code 0
[2024-10-02T19:54:41.386+0000] {warnings.py:112} WARNING - /home/***/.local/lib/python3.12/site-packages/***/models/baseoperator.py:1297: AirflowProviderDeprecationWarning: Call to deprecated class PostgresOperator. (Please use `***.providers.common.sql.operators.sql.SQLExecuteQueryOperator`.Also, you can provide `hook_params={'schema': <database>}`.)
  result = cls.__new__(cls)

[2024-10-02T19:54:41.450+0000] {taskinstance.py:3503} INFO - 1 downstream tasks scheduled from follow-on schedule check
[2024-10-02T19:54:41.456+0000] {local_task_job_runner.py:222} INFO - ::endgroup::
