[2024-10-02T18:48:05.102+0000] {local_task_job_runner.py:120} INFO - ::group::Pre task execution logs
[2024-10-02T18:48:05.134+0000] {taskinstance.py:2076} INFO - Dependencies all met for dep_context=non-requeueable deps ti=<TaskInstance: intialization_database.merge_transform_fbref_only_match_reports manual__2024-10-02T18:47:42.179431+00:00 [queued]>
[2024-10-02T18:48:05.147+0000] {taskinstance.py:2076} INFO - Dependencies all met for dep_context=requeueable deps ti=<TaskInstance: intialization_database.merge_transform_fbref_only_match_reports manual__2024-10-02T18:47:42.179431+00:00 [queued]>
[2024-10-02T18:48:05.148+0000] {taskinstance.py:2306} INFO - Starting attempt 1 of 2
[2024-10-02T18:48:05.168+0000] {taskinstance.py:2330} INFO - Executing <Task(PythonOperator): merge_transform_fbref_only_match_reports> on 2024-10-02 18:47:42.179431+00:00
[2024-10-02T18:48:05.176+0000] {warnings.py:112} WARNING - /home/***/.local/lib/python3.12/site-packages/***/task/task_runner/standard_task_runner.py:61: DeprecationWarning: This process (pid=9103) is multi-threaded, use of fork() may lead to deadlocks in the child.
  pid = os.fork()

[2024-10-02T18:48:05.179+0000] {standard_task_runner.py:63} INFO - Started process 9105 to run task
[2024-10-02T18:48:05.179+0000] {standard_task_runner.py:90} INFO - Running: ['***', 'tasks', 'run', 'intialization_database', 'merge_transform_fbref_only_match_reports', 'manual__2024-10-02T18:47:42.179431+00:00', '--job-id', '3399', '--raw', '--subdir', 'DAGS_FOLDER/initialization.py', '--cfg-path', '/tmp/tmpirn_z42v']
[2024-10-02T18:48:05.180+0000] {standard_task_runner.py:91} INFO - Job 3399: Subtask merge_transform_fbref_only_match_reports
[2024-10-02T18:48:05.244+0000] {task_command.py:426} INFO - Running <TaskInstance: intialization_database.merge_transform_fbref_only_match_reports manual__2024-10-02T18:47:42.179431+00:00 [running]> on host 6dc69f1b4d8f
[2024-10-02T18:48:05.385+0000] {taskinstance.py:2648} INFO - Exporting env vars: AIRFLOW_CTX_DAG_OWNER='***' AIRFLOW_CTX_DAG_ID='intialization_database' AIRFLOW_CTX_TASK_ID='merge_transform_fbref_only_match_reports' AIRFLOW_CTX_EXECUTION_DATE='2024-10-02T18:47:42.179431+00:00' AIRFLOW_CTX_TRY_NUMBER='1' AIRFLOW_CTX_DAG_RUN_ID='manual__2024-10-02T18:47:42.179431+00:00'
[2024-10-02T18:48:05.387+0000] {taskinstance.py:430} INFO - ::endgroup::
[2024-10-02T18:48:05.914+0000] {warnings.py:112} WARNING - /opt/***/dags/helpers_initialization_dag/fbref_only_match_reports_merging_transforming_csvs_fl.py:37: FutureWarning: DataFrame.applymap has been deprecated. Use DataFrame.map instead.
  fbref_match_reports_merged_df = fbref_match_reports_merged_df.applymap(lambda x: x.strip() if isinstance(x, str) else x)

[2024-10-02T18:48:06.787+0000] {python.py:237} INFO - Done. Returned value was: None
[2024-10-02T18:48:06.789+0000] {taskinstance.py:441} INFO - ::group::Post task execution logs
[2024-10-02T18:48:06.804+0000] {taskinstance.py:1206} INFO - Marking task as SUCCESS. dag_id=intialization_database, task_id=merge_transform_fbref_only_match_reports, run_id=manual__2024-10-02T18:47:42.179431+00:00, execution_date=20241002T184742, start_date=20241002T184805, end_date=20241002T184806
[2024-10-02T18:48:06.881+0000] {local_task_job_runner.py:240} INFO - Task exited with return code 0
[2024-10-02T18:48:06.899+0000] {warnings.py:112} WARNING - /home/***/.local/lib/python3.12/site-packages/***/models/baseoperator.py:1297: AirflowProviderDeprecationWarning: Call to deprecated class PostgresOperator. (Please use `***.providers.common.sql.operators.sql.SQLExecuteQueryOperator`.Also, you can provide `hook_params={'schema': <database>}`.)
  result = cls.__new__(cls)

[2024-10-02T18:48:06.931+0000] {taskinstance.py:3503} INFO - 1 downstream tasks scheduled from follow-on schedule check
[2024-10-02T18:48:06.933+0000] {local_task_job_runner.py:222} INFO - ::endgroup::
