[2024-10-09T14:24:47.386+0000] {local_task_job_runner.py:120} INFO - ::group::Pre task execution logs
[2024-10-09T14:24:47.407+0000] {taskinstance.py:2076} INFO - Dependencies all met for dep_context=non-requeueable deps ti=<TaskInstance: update_database.run_docker_container manual__2024-10-09T14:24:41.506858+00:00 [queued]>
[2024-10-09T14:24:47.418+0000] {taskinstance.py:2076} INFO - Dependencies all met for dep_context=requeueable deps ti=<TaskInstance: update_database.run_docker_container manual__2024-10-09T14:24:41.506858+00:00 [queued]>
[2024-10-09T14:24:47.419+0000] {taskinstance.py:2306} INFO - Starting attempt 1 of 2
[2024-10-09T14:24:47.432+0000] {taskinstance.py:2330} INFO - Executing <Task(PythonOperator): run_docker_container> on 2024-10-09 14:24:41.506858+00:00
[2024-10-09T14:24:47.440+0000] {warnings.py:112} WARNING - /home/***/.local/lib/python3.12/site-packages/***/task/task_runner/standard_task_runner.py:61: DeprecationWarning: This process (pid=689) is multi-threaded, use of fork() may lead to deadlocks in the child.
  pid = os.fork()

[2024-10-09T14:24:47.442+0000] {standard_task_runner.py:63} INFO - Started process 691 to run task
[2024-10-09T14:24:47.442+0000] {standard_task_runner.py:90} INFO - Running: ['***', 'tasks', 'run', 'update_database', 'run_docker_container', 'manual__2024-10-09T14:24:41.506858+00:00', '--job-id', '3880', '--raw', '--subdir', 'DAGS_FOLDER/update.py', '--cfg-path', '/tmp/tmpy34nr7_a']
[2024-10-09T14:24:47.443+0000] {standard_task_runner.py:91} INFO - Job 3880: Subtask run_docker_container
[2024-10-09T14:24:47.488+0000] {task_command.py:426} INFO - Running <TaskInstance: update_database.run_docker_container manual__2024-10-09T14:24:41.506858+00:00 [running]> on host 9ee81962cd27
[2024-10-09T14:24:47.574+0000] {taskinstance.py:2648} INFO - Exporting env vars: AIRFLOW_CTX_DAG_OWNER='***' AIRFLOW_CTX_DAG_ID='update_database' AIRFLOW_CTX_TASK_ID='run_docker_container' AIRFLOW_CTX_EXECUTION_DATE='2024-10-09T14:24:41.506858+00:00' AIRFLOW_CTX_TRY_NUMBER='1' AIRFLOW_CTX_DAG_RUN_ID='manual__2024-10-09T14:24:41.506858+00:00'
[2024-10-09T14:24:47.575+0000] {taskinstance.py:430} INFO - ::endgroup::
[2024-10-09T14:24:50.329+0000] {logging_mixin.py:188} INFO - Container 'sofascore_scraper_container' is running with DATE_ENV=2024-05-19 and bind mount C:/Users/efsta/Desktop/Kostas/Data/football_scotland/***/dags/sofascore_scraper_container/csv -> /app/csv
[2024-10-09T14:24:50.332+0000] {python.py:237} INFO - Done. Returned value was: None
[2024-10-09T14:24:50.334+0000] {taskinstance.py:441} INFO - ::group::Post task execution logs
[2024-10-09T14:24:50.352+0000] {taskinstance.py:1206} INFO - Marking task as SUCCESS. dag_id=update_database, task_id=run_docker_container, run_id=manual__2024-10-09T14:24:41.506858+00:00, execution_date=20241009T142441, start_date=20241009T142447, end_date=20241009T142450
[2024-10-09T14:24:50.442+0000] {local_task_job_runner.py:240} INFO - Task exited with return code 0
[2024-10-09T14:24:50.470+0000] {taskinstance.py:3503} INFO - 0 downstream tasks scheduled from follow-on schedule check
[2024-10-09T14:24:50.473+0000] {local_task_job_runner.py:222} INFO - ::endgroup::
