[2024-10-02T12:51:57.677+0000] {local_task_job_runner.py:120} INFO - ::group::Pre task execution logs
[2024-10-02T12:51:57.703+0000] {taskinstance.py:2076} INFO - Dependencies all met for dep_context=non-requeueable deps ti=<TaskInstance: intialization_database.merge_transform_fbref_only_match_reports manual__2024-10-02T12:51:46.686412+00:00 [queued]>
[2024-10-02T12:51:57.713+0000] {taskinstance.py:2076} INFO - Dependencies all met for dep_context=requeueable deps ti=<TaskInstance: intialization_database.merge_transform_fbref_only_match_reports manual__2024-10-02T12:51:46.686412+00:00 [queued]>
[2024-10-02T12:51:57.714+0000] {taskinstance.py:2306} INFO - Starting attempt 1 of 2
[2024-10-02T12:51:57.729+0000] {taskinstance.py:2330} INFO - Executing <Task(PythonOperator): merge_transform_fbref_only_match_reports> on 2024-10-02 12:51:46.686412+00:00
[2024-10-02T12:51:57.736+0000] {warnings.py:112} WARNING - /home/***/.local/lib/python3.12/site-packages/***/task/task_runner/standard_task_runner.py:61: DeprecationWarning: This process (pid=4363) is multi-threaded, use of fork() may lead to deadlocks in the child.
  pid = os.fork()

[2024-10-02T12:51:57.739+0000] {standard_task_runner.py:63} INFO - Started process 4365 to run task
[2024-10-02T12:51:57.739+0000] {standard_task_runner.py:90} INFO - Running: ['***', 'tasks', 'run', 'intialization_database', 'merge_transform_fbref_only_match_reports', 'manual__2024-10-02T12:51:46.686412+00:00', '--job-id', '3320', '--raw', '--subdir', 'DAGS_FOLDER/initialization.py', '--cfg-path', '/tmp/tmp18ozg9yh']
[2024-10-02T12:51:57.741+0000] {standard_task_runner.py:91} INFO - Job 3320: Subtask merge_transform_fbref_only_match_reports
[2024-10-02T12:51:57.795+0000] {task_command.py:426} INFO - Running <TaskInstance: intialization_database.merge_transform_fbref_only_match_reports manual__2024-10-02T12:51:46.686412+00:00 [running]> on host 6dc69f1b4d8f
[2024-10-02T12:51:57.902+0000] {taskinstance.py:2648} INFO - Exporting env vars: AIRFLOW_CTX_DAG_OWNER='***' AIRFLOW_CTX_DAG_ID='intialization_database' AIRFLOW_CTX_TASK_ID='merge_transform_fbref_only_match_reports' AIRFLOW_CTX_EXECUTION_DATE='2024-10-02T12:51:46.686412+00:00' AIRFLOW_CTX_TRY_NUMBER='1' AIRFLOW_CTX_DAG_RUN_ID='manual__2024-10-02T12:51:46.686412+00:00'
[2024-10-02T12:51:57.904+0000] {taskinstance.py:430} INFO - ::endgroup::
[2024-10-02T12:51:58.158+0000] {warnings.py:112} WARNING - /opt/***/dags/helpers_initialization_dag/fbref_only_match_reports_merging_transforming_csvs_fl.py:37: FutureWarning: DataFrame.applymap has been deprecated. Use DataFrame.map instead.
  fbref_match_reports_merged_df = fbref_match_reports_merged_df.applymap(lambda x: x.strip() if isinstance(x, str) else x)

[2024-10-02T12:51:58.657+0000] {python.py:237} INFO - Done. Returned value was: None
[2024-10-02T12:51:58.659+0000] {taskinstance.py:441} INFO - ::group::Post task execution logs
[2024-10-02T12:51:58.668+0000] {taskinstance.py:1206} INFO - Marking task as SUCCESS. dag_id=intialization_database, task_id=merge_transform_fbref_only_match_reports, run_id=manual__2024-10-02T12:51:46.686412+00:00, execution_date=20241002T125146, start_date=20241002T125157, end_date=20241002T125158
[2024-10-02T12:51:58.716+0000] {local_task_job_runner.py:240} INFO - Task exited with return code 0
[2024-10-02T12:51:58.727+0000] {warnings.py:112} WARNING - /home/***/.local/lib/python3.12/site-packages/***/models/baseoperator.py:1297: AirflowProviderDeprecationWarning: Call to deprecated class PostgresOperator. (Please use `***.providers.common.sql.operators.sql.SQLExecuteQueryOperator`.Also, you can provide `hook_params={'schema': <database>}`.)
  result = cls.__new__(cls)

[2024-10-02T12:51:58.748+0000] {taskinstance.py:3503} INFO - 1 downstream tasks scheduled from follow-on schedule check
[2024-10-02T12:51:58.750+0000] {local_task_job_runner.py:222} INFO - ::endgroup::
