[2024-09-29T11:47:44.995+0000] {local_task_job_runner.py:120} INFO - ::group::Pre task execution logs
[2024-09-29T11:47:45.033+0000] {taskinstance.py:2076} INFO - Dependencies all met for dep_context=non-requeueable deps ti=<TaskInstance: intialization_database.merge_transform_fbref_only_match_reports manual__2024-09-29T11:47:35.728695+00:00 [queued]>
[2024-09-29T11:47:45.047+0000] {taskinstance.py:2076} INFO - Dependencies all met for dep_context=requeueable deps ti=<TaskInstance: intialization_database.merge_transform_fbref_only_match_reports manual__2024-09-29T11:47:35.728695+00:00 [queued]>
[2024-09-29T11:47:45.050+0000] {taskinstance.py:2306} INFO - Starting attempt 1 of 2
[2024-09-29T11:47:45.072+0000] {taskinstance.py:2330} INFO - Executing <Task(PythonOperator): merge_transform_fbref_only_match_reports> on 2024-09-29 11:47:35.728695+00:00
[2024-09-29T11:47:45.081+0000] {warnings.py:112} WARNING - /home/***/.local/lib/python3.12/site-packages/***/task/task_runner/standard_task_runner.py:61: DeprecationWarning: This process (pid=728) is multi-threaded, use of fork() may lead to deadlocks in the child.
  pid = os.fork()

[2024-09-29T11:47:45.084+0000] {standard_task_runner.py:63} INFO - Started process 730 to run task
[2024-09-29T11:47:45.084+0000] {standard_task_runner.py:90} INFO - Running: ['***', 'tasks', 'run', 'intialization_database', 'merge_transform_fbref_only_match_reports', 'manual__2024-09-29T11:47:35.728695+00:00', '--job-id', '2789', '--raw', '--subdir', 'DAGS_FOLDER/initialization.py', '--cfg-path', '/tmp/tmpne0hsvqd']
[2024-09-29T11:47:45.085+0000] {standard_task_runner.py:91} INFO - Job 2789: Subtask merge_transform_fbref_only_match_reports
[2024-09-29T11:47:45.148+0000] {task_command.py:426} INFO - Running <TaskInstance: intialization_database.merge_transform_fbref_only_match_reports manual__2024-09-29T11:47:35.728695+00:00 [running]> on host e78fe06b6548
[2024-09-29T11:47:45.275+0000] {taskinstance.py:2648} INFO - Exporting env vars: AIRFLOW_CTX_DAG_OWNER='***' AIRFLOW_CTX_DAG_ID='intialization_database' AIRFLOW_CTX_TASK_ID='merge_transform_fbref_only_match_reports' AIRFLOW_CTX_EXECUTION_DATE='2024-09-29T11:47:35.728695+00:00' AIRFLOW_CTX_TRY_NUMBER='1' AIRFLOW_CTX_DAG_RUN_ID='manual__2024-09-29T11:47:35.728695+00:00'
[2024-09-29T11:47:45.278+0000] {taskinstance.py:430} INFO - ::endgroup::
[2024-09-29T11:47:45.769+0000] {warnings.py:112} WARNING - /opt/***/dags/helpers_initialization_dag/fbref_only_match_reports_merging_transforming_csvs_fl.py:37: FutureWarning: DataFrame.applymap has been deprecated. Use DataFrame.map instead.
  fbref_match_reports_merged_df = fbref_match_reports_merged_df.applymap(lambda x: x.strip() if isinstance(x, str) else x)

[2024-09-29T11:47:46.645+0000] {python.py:237} INFO - Done. Returned value was: None
[2024-09-29T11:47:46.646+0000] {taskinstance.py:441} INFO - ::group::Post task execution logs
[2024-09-29T11:47:46.661+0000] {taskinstance.py:1206} INFO - Marking task as SUCCESS. dag_id=intialization_database, task_id=merge_transform_fbref_only_match_reports, run_id=manual__2024-09-29T11:47:35.728695+00:00, execution_date=20240929T114735, start_date=20240929T114745, end_date=20240929T114746
[2024-09-29T11:47:46.705+0000] {local_task_job_runner.py:240} INFO - Task exited with return code 0
[2024-09-29T11:47:46.749+0000] {taskinstance.py:3503} INFO - 1 downstream tasks scheduled from follow-on schedule check
[2024-09-29T11:47:46.751+0000] {local_task_job_runner.py:222} INFO - ::endgroup::
