[2024-10-08T19:52:53.612+0000] {local_task_job_runner.py:120} INFO - ::group::Pre task execution logs
[2024-10-08T19:52:53.639+0000] {taskinstance.py:2076} INFO - Dependencies all met for dep_context=non-requeueable deps ti=<TaskInstance: update_database.get_starting_date manual__2024-10-08T19:47:46.718676+00:00 [queued]>
[2024-10-08T19:52:53.668+0000] {taskinstance.py:2076} INFO - Dependencies all met for dep_context=requeueable deps ti=<TaskInstance: update_database.get_starting_date manual__2024-10-08T19:47:46.718676+00:00 [queued]>
[2024-10-08T19:52:53.718+0000] {taskinstance.py:2306} INFO - Starting attempt 2 of 2
[2024-10-08T19:52:53.747+0000] {taskinstance.py:2330} INFO - Executing <Task(PythonOperator): get_starting_date> on 2024-10-08 19:47:46.718676+00:00
[2024-10-08T19:52:53.754+0000] {warnings.py:112} WARNING - /home/***/.local/lib/python3.12/site-packages/***/task/task_runner/standard_task_runner.py:61: DeprecationWarning: This process (pid=4440) is multi-threaded, use of fork() may lead to deadlocks in the child.
  pid = os.fork()

[2024-10-08T19:52:53.755+0000] {standard_task_runner.py:63} INFO - Started process 4442 to run task
[2024-10-08T19:52:53.756+0000] {standard_task_runner.py:90} INFO - Running: ['***', 'tasks', 'run', 'update_database', 'get_starting_date', 'manual__2024-10-08T19:47:46.718676+00:00', '--job-id', '3856', '--raw', '--subdir', 'DAGS_FOLDER/update.py', '--cfg-path', '/tmp/tmpyie4ftqe']
[2024-10-08T19:52:53.757+0000] {standard_task_runner.py:91} INFO - Job 3856: Subtask get_starting_date
[2024-10-08T19:52:53.805+0000] {task_command.py:426} INFO - Running <TaskInstance: update_database.get_starting_date manual__2024-10-08T19:47:46.718676+00:00 [running]> on host 1fee8bc549a8
[2024-10-08T19:52:53.905+0000] {taskinstance.py:2648} INFO - Exporting env vars: AIRFLOW_CTX_DAG_OWNER='***' AIRFLOW_CTX_DAG_ID='update_database' AIRFLOW_CTX_TASK_ID='get_starting_date' AIRFLOW_CTX_EXECUTION_DATE='2024-10-08T19:47:46.718676+00:00' AIRFLOW_CTX_TRY_NUMBER='2' AIRFLOW_CTX_DAG_RUN_ID='manual__2024-10-08T19:47:46.718676+00:00'
[2024-10-08T19:52:53.907+0000] {taskinstance.py:430} INFO - ::endgroup::
[2024-10-08T19:52:53.915+0000] {logging_mixin.py:188} INFO - 2024-05-19 15:00:00 Ross County
[2024-10-08T19:52:53.916+0000] {python.py:237} INFO - Done. Returned value was: ('2024-05-19', '15:00:00', 'Ross County')
[2024-10-08T19:52:53.918+0000] {taskinstance.py:441} INFO - ::group::Post task execution logs
[2024-10-08T19:52:53.939+0000] {taskinstance.py:1206} INFO - Marking task as SUCCESS. dag_id=update_database, task_id=get_starting_date, run_id=manual__2024-10-08T19:47:46.718676+00:00, execution_date=20241008T194746, start_date=20241008T195253, end_date=20241008T195253
[2024-10-08T19:52:53.970+0000] {local_task_job_runner.py:240} INFO - Task exited with return code 0
[2024-10-08T19:52:53.987+0000] {taskinstance.py:3503} INFO - 0 downstream tasks scheduled from follow-on schedule check
[2024-10-08T19:52:53.989+0000] {local_task_job_runner.py:222} INFO - ::endgroup::
