[2024-10-02T10:36:52.285+0000] {local_task_job_runner.py:120} INFO - ::group::Pre task execution logs
[2024-10-02T10:36:52.311+0000] {taskinstance.py:2076} INFO - Dependencies all met for dep_context=non-requeueable deps ti=<TaskInstance: intialization_database.data_insert_dim_tables_fl manual__2024-10-02T10:30:31.994282+00:00 [queued]>
[2024-10-02T10:36:52.320+0000] {taskinstance.py:2076} INFO - Dependencies all met for dep_context=requeueable deps ti=<TaskInstance: intialization_database.data_insert_dim_tables_fl manual__2024-10-02T10:30:31.994282+00:00 [queued]>
[2024-10-02T10:36:52.321+0000] {taskinstance.py:2306} INFO - Starting attempt 1 of 2
[2024-10-02T10:36:52.335+0000] {taskinstance.py:2330} INFO - Executing <Task(PostgresOperator): data_insert_dim_tables_fl> on 2024-10-02 10:30:31.994282+00:00
[2024-10-02T10:36:52.344+0000] {warnings.py:112} WARNING - /home/***/.local/lib/python3.12/site-packages/***/task/task_runner/standard_task_runner.py:61: DeprecationWarning: This process (pid=2485) is multi-threaded, use of fork() may lead to deadlocks in the child.
  pid = os.fork()

[2024-10-02T10:36:52.345+0000] {standard_task_runner.py:63} INFO - Started process 2487 to run task
[2024-10-02T10:36:52.346+0000] {standard_task_runner.py:90} INFO - Running: ['***', 'tasks', 'run', 'intialization_database', 'data_insert_dim_tables_fl', 'manual__2024-10-02T10:30:31.994282+00:00', '--job-id', '3263', '--raw', '--subdir', 'DAGS_FOLDER/initialization.py', '--cfg-path', '/tmp/tmppc_fmqqy']
[2024-10-02T10:36:52.347+0000] {standard_task_runner.py:91} INFO - Job 3263: Subtask data_insert_dim_tables_fl
[2024-10-02T10:36:52.399+0000] {task_command.py:426} INFO - Running <TaskInstance: intialization_database.data_insert_dim_tables_fl manual__2024-10-02T10:30:31.994282+00:00 [running]> on host 6dc69f1b4d8f
[2024-10-02T10:36:52.498+0000] {taskinstance.py:2648} INFO - Exporting env vars: AIRFLOW_CTX_DAG_OWNER='***' AIRFLOW_CTX_DAG_ID='intialization_database' AIRFLOW_CTX_TASK_ID='data_insert_dim_tables_fl' AIRFLOW_CTX_EXECUTION_DATE='2024-10-02T10:30:31.994282+00:00' AIRFLOW_CTX_TRY_NUMBER='1' AIRFLOW_CTX_DAG_RUN_ID='manual__2024-10-02T10:30:31.994282+00:00'
[2024-10-02T10:36:52.499+0000] {taskinstance.py:430} INFO - ::endgroup::
[2024-10-02T10:36:52.500+0000] {sql.py:276} INFO - Executing: INSERT INTO scottish_premiership.dim_general_info (
    game_date,
    fd_time ,
    hometeam ,
    awayteam ,
    fd_fthg ,
    fd_ftag ,
    fd_hthg ,
    fd_htag ,
    fd_ftr ,
    fd_htr ,
    fd_tournament_season ,
    sofa_tournament_name ,
    sofa_tournament_country ,
    sofa_tournament_name_season ,
    sofa_tournament_season ,
    sofa_tournament_round ,
    fbref_time ,
    fbref_comp ,
    fbref_round ,
    fbref_day ,
    fbref_attendance ,
    fbref_full_season_format ,
    fbref_shortened_season ,
    fbref_match_report_url ,
    fbref_game_venue_epoch ,
    fbref_game_venue_time ,
    fbref_stadium_name ,
    german_import_time 
)
SELECT 
    game_date ,
    football_data_time ,
    hometeam ,
    football_data_awayteam ,
    football_data_fthg ,
    football_data_ftag ,
    football_data_hthg ,
    football_data_htag ,
    football_data_ftr ,
    football_data_htr ,
    football_data_tournament_season ,
    sofascore_tournament_name ,
    sofascore_tournament_country ,
    sofascore_tournament_name_season ,
    sofascore_tournament_season ,
    sofascore_tournament_round ,
    fbref_only_general_stats_time ,
    fbref_only_general_stats_comp ,
    fbref_only_general_stats_round ,
    fbref_only_general_stats_day ,
    fbref_only_general_stats_score_fixtures_hometeam_attendance,
    fbref_only_general_stats_full_season_format ,
    fbref_only_general_stats_shortened_season ,
    fbref_match_reports_match_report_url ,
    fbref_match_reports_game_venue_epoch ,
    fbref_match_reports_game_venue_time ,
    fbref_match_reports_stadium_name ,
    german_import_time 
FROM scottish_premiership.staging_table_fl
ON CONFLICT (game_date, hometeam) DO NOTHING;  -- Prevents duplicate inserts based on game_date and hometeam



--dim referees
INSERT INTO scottish_premiership.dim_referees (
    game_id , 
    fd_referee ,
    sofa_referee_name ,
    sofa_referee_yellow_cards ,
    sofa_referee_redcards ,
    sofa_referee_yellowredcards ,	
    sofa_referee_games	,
    sofa_referee_country ,
    fbref_gs_referee ,--general stats
    fbref_referee	,
    fbref_ar_first	,
    fbref_ar_second	,
    fbref_fourth_official 
)
SELECT 
    dg.game_id, 
    st.football_data_referee, 
    st.sofascore_referee_name, 
    st.sofascore_referee_yellow_cards, 
    st.sofascore_referee_redcards, 
    st.sofascore_referee_yellowredcards, 
    st.sofascore_referee_games, 
    st.sofascore_referee_country, 
    st.fbref_only_general_stats_referee,
    st.fbref_match_reports_referee,
    st.fbref_match_reports_ar1,
    st.fbref_match_reports_ar2,
    st.fbref_match_reports_fourth_official   
FROM 
    scottish_premiership.staging_table_fl st
JOIN 
    scottish_premiership.dim_general_info dg 
ON 
    st.game_date = dg.game_date AND st.hometeam = dg.hometeam
ON CONFLICT (game_id) DO NOTHING;  -- Prevents inserting duplicate statistics for the same game_id






[2024-10-02T10:36:52.509+0000] {base.py:84} INFO - Using connection ID 'football_scotland_connection' for task execution.
[2024-10-02T10:36:52.518+0000] {base.py:84} INFO - Using connection ID 'football_scotland_connection' for task execution.
[2024-10-02T10:36:52.522+0000] {sql.py:487} INFO - Running statement: INSERT INTO scottish_premiership.dim_general_info (
    game_date,
    fd_time ,
    hometeam ,
    awayteam ,
    fd_fthg ,
    fd_ftag ,
    fd_hthg ,
    fd_htag ,
    fd_ftr ,
    fd_htr ,
    fd_tournament_season ,
    sofa_tournament_name ,
    sofa_tournament_country ,
    sofa_tournament_name_season ,
    sofa_tournament_season ,
    sofa_tournament_round ,
    fbref_time ,
    fbref_comp ,
    fbref_round ,
    fbref_day ,
    fbref_attendance ,
    fbref_full_season_format ,
    fbref_shortened_season ,
    fbref_match_report_url ,
    fbref_game_venue_epoch ,
    fbref_game_venue_time ,
    fbref_stadium_name ,
    german_import_time 
)
SELECT 
    game_date ,
    football_data_time ,
    hometeam ,
    football_data_awayteam ,
    football_data_fthg ,
    football_data_ftag ,
    football_data_hthg ,
    football_data_htag ,
    football_data_ftr ,
    football_data_htr ,
    football_data_tournament_season ,
    sofascore_tournament_name ,
    sofascore_tournament_country ,
    sofascore_tournament_name_season ,
    sofascore_tournament_season ,
    sofascore_tournament_round ,
    fbref_only_general_stats_time ,
    fbref_only_general_stats_comp ,
    fbref_only_general_stats_round ,
    fbref_only_general_stats_day ,
    fbref_only_general_stats_score_fixtures_hometeam_attendance,
    fbref_only_general_stats_full_season_format ,
    fbref_only_general_stats_shortened_season ,
    fbref_match_reports_match_report_url ,
    fbref_match_reports_game_venue_epoch ,
    fbref_match_reports_game_venue_time ,
    fbref_match_reports_stadium_name ,
    german_import_time 
FROM scottish_premiership.staging_table_fl
ON CONFLICT (game_date, hometeam) DO NOTHING;  -- Prevents duplicate inserts based on game_date and hometeam



--dim referees
INSERT INTO scottish_premiership.dim_referees (
    game_id , 
    fd_referee ,
    sofa_referee_name ,
    sofa_referee_yellow_cards ,
    sofa_referee_redcards ,
    sofa_referee_yellowredcards ,	
    sofa_referee_games	,
    sofa_referee_country ,
    fbref_gs_referee ,--general stats
    fbref_referee	,
    fbref_ar_first	,
    fbref_ar_second	,
    fbref_fourth_official 
)
SELECT 
    dg.game_id, 
    st.football_data_referee, 
    st.sofascore_referee_name, 
    st.sofascore_referee_yellow_cards, 
    st.sofascore_referee_redcards, 
    st.sofascore_referee_yellowredcards, 
    st.sofascore_referee_games, 
    st.sofascore_referee_country, 
    st.fbref_only_general_stats_referee,
    st.fbref_match_reports_referee,
    st.fbref_match_reports_ar1,
    st.fbref_match_reports_ar2,
    st.fbref_match_reports_fourth_official   
FROM 
    scottish_premiership.staging_table_fl st
JOIN 
    scottish_premiership.dim_general_info dg 
ON 
    st.game_date = dg.game_date AND st.hometeam = dg.hometeam
ON CONFLICT (game_id) DO NOTHING;  -- Prevents inserting duplicate statistics for the same game_id





, parameters: None
[2024-10-02T10:36:52.582+0000] {sql.py:496} INFO - Rows affected: 0
[2024-10-02T10:36:52.583+0000] {taskinstance.py:441} INFO - ::group::Post task execution logs
[2024-10-02T10:36:52.592+0000] {taskinstance.py:1206} INFO - Marking task as SUCCESS. dag_id=intialization_database, task_id=data_insert_dim_tables_fl, run_id=manual__2024-10-02T10:30:31.994282+00:00, execution_date=20241002T103031, start_date=20241002T103652, end_date=20241002T103652
[2024-10-02T10:36:52.641+0000] {local_task_job_runner.py:240} INFO - Task exited with return code 0
[2024-10-02T10:36:52.666+0000] {taskinstance.py:3503} INFO - 0 downstream tasks scheduled from follow-on schedule check
[2024-10-02T10:36:52.669+0000] {local_task_job_runner.py:222} INFO - ::endgroup::
