[2024-10-02T18:51:49.895+0000] {local_task_job_runner.py:120} INFO - ::group::Pre task execution logs
[2024-10-02T18:51:49.937+0000] {taskinstance.py:2076} INFO - Dependencies all met for dep_context=non-requeueable deps ti=<TaskInstance: intialization_database.create_football_airflow_connection manual__2024-10-02T18:51:00.605482+00:00 [queued]>
[2024-10-02T18:51:49.953+0000] {taskinstance.py:2076} INFO - Dependencies all met for dep_context=requeueable deps ti=<TaskInstance: intialization_database.create_football_airflow_connection manual__2024-10-02T18:51:00.605482+00:00 [queued]>
[2024-10-02T18:51:49.956+0000] {taskinstance.py:2306} INFO - Starting attempt 1 of 1
[2024-10-02T18:51:49.978+0000] {taskinstance.py:2330} INFO - Executing <Task(PythonOperator): create_football_airflow_connection> on 2024-10-02 18:51:00.605482+00:00
[2024-10-02T18:51:49.990+0000] {warnings.py:112} WARNING - /home/***/.local/lib/python3.12/site-packages/***/task/task_runner/standard_task_runner.py:61: DeprecationWarning: This process (pid=9190) is multi-threaded, use of fork() may lead to deadlocks in the child.
  pid = os.fork()

[2024-10-02T18:51:49.993+0000] {standard_task_runner.py:63} INFO - Started process 9192 to run task
[2024-10-02T18:51:49.993+0000] {standard_task_runner.py:90} INFO - Running: ['***', 'tasks', 'run', 'intialization_database', 'create_football_***_connection', 'manual__2024-10-02T18:51:00.605482+00:00', '--job-id', '3414', '--raw', '--subdir', 'DAGS_FOLDER/initialization.py', '--cfg-path', '/tmp/tmpep6_xs7w']
[2024-10-02T18:51:49.995+0000] {standard_task_runner.py:91} INFO - Job 3414: Subtask create_football_***_connection
[2024-10-02T18:51:50.062+0000] {task_command.py:426} INFO - Running <TaskInstance: intialization_database.create_football_airflow_connection manual__2024-10-02T18:51:00.605482+00:00 [running]> on host 6dc69f1b4d8f
[2024-10-02T18:51:50.202+0000] {taskinstance.py:2648} INFO - Exporting env vars: AIRFLOW_CTX_DAG_OWNER='***' AIRFLOW_CTX_DAG_ID='intialization_database' AIRFLOW_CTX_TASK_ID='create_football_***_connection' AIRFLOW_CTX_EXECUTION_DATE='2024-10-02T18:51:00.605482+00:00' AIRFLOW_CTX_TRY_NUMBER='1' AIRFLOW_CTX_DAG_RUN_ID='manual__2024-10-02T18:51:00.605482+00:00'
[2024-10-02T18:51:50.203+0000] {taskinstance.py:430} INFO - ::endgroup::
[2024-10-02T18:51:50.205+0000] {crypto.py:82} WARNING - empty cryptography key - values will not be stored encrypted.
[2024-10-02T18:51:50.213+0000] {python.py:237} INFO - Done. Returned value was: None
[2024-10-02T18:51:50.215+0000] {taskinstance.py:441} INFO - ::group::Post task execution logs
[2024-10-02T18:51:50.227+0000] {taskinstance.py:1206} INFO - Marking task as SUCCESS. dag_id=intialization_database, task_id=create_football_***_connection, run_id=manual__2024-10-02T18:51:00.605482+00:00, execution_date=20241002T185100, start_date=20241002T185149, end_date=20241002T185150
[2024-10-02T18:51:50.289+0000] {local_task_job_runner.py:240} INFO - Task exited with return code 0
[2024-10-02T18:51:50.305+0000] {warnings.py:112} WARNING - /home/***/.local/lib/python3.12/site-packages/***/models/baseoperator.py:1297: AirflowProviderDeprecationWarning: Call to deprecated class PostgresOperator. (Please use `***.providers.common.sql.operators.sql.SQLExecuteQueryOperator`.Also, you can provide `hook_params={'schema': <database>}`.)
  result = cls.__new__(cls)

[2024-10-02T18:51:50.334+0000] {taskinstance.py:3503} INFO - 1 downstream tasks scheduled from follow-on schedule check
[2024-10-02T18:51:50.338+0000] {local_task_job_runner.py:222} INFO - ::endgroup::
