[2024-10-01T20:29:36.969+0000] {processor.py:161} INFO - Started process (PID=82279) to work on /opt/airflow/dags/csvs/first_load_csvs/design_database.XLSX
[2024-10-01T20:29:36.971+0000] {processor.py:830} INFO - Processing file /opt/airflow/dags/csvs/first_load_csvs/design_database.XLSX for tasks to queue
[2024-10-01T20:29:36.972+0000] {logging_mixin.py:188} INFO - [2024-10-01T20:29:36.971+0000] {dagbag.py:545} INFO - Filling up the DagBag from /opt/airflow/dags/csvs/first_load_csvs/design_database.XLSX
[2024-10-01T20:29:36.994+0000] {processor.py:842} WARNING - No viable dags retrieved from /opt/airflow/dags/csvs/first_load_csvs/design_database.XLSX
[2024-10-01T20:29:37.008+0000] {processor.py:183} INFO - Processing /opt/airflow/dags/csvs/first_load_csvs/design_database.XLSX took 0.046 seconds
[2024-10-01T20:30:07.665+0000] {processor.py:161} INFO - Started process (PID=82352) to work on /opt/airflow/dags/csvs/first_load_csvs/design_database.XLSX
[2024-10-01T20:30:07.669+0000] {processor.py:830} INFO - Processing file /opt/airflow/dags/csvs/first_load_csvs/design_database.XLSX for tasks to queue
[2024-10-01T20:30:07.672+0000] {logging_mixin.py:188} INFO - [2024-10-01T20:30:07.671+0000] {dagbag.py:545} INFO - Filling up the DagBag from /opt/airflow/dags/csvs/first_load_csvs/design_database.XLSX
[2024-10-01T20:30:07.687+0000] {processor.py:842} WARNING - No viable dags retrieved from /opt/airflow/dags/csvs/first_load_csvs/design_database.XLSX
[2024-10-01T20:30:07.702+0000] {processor.py:183} INFO - Processing /opt/airflow/dags/csvs/first_load_csvs/design_database.XLSX took 0.045 seconds
[2024-10-01T20:30:38.258+0000] {processor.py:161} INFO - Started process (PID=82425) to work on /opt/airflow/dags/csvs/first_load_csvs/design_database.XLSX
[2024-10-01T20:30:38.259+0000] {processor.py:830} INFO - Processing file /opt/airflow/dags/csvs/first_load_csvs/design_database.XLSX for tasks to queue
[2024-10-01T20:30:38.261+0000] {logging_mixin.py:188} INFO - [2024-10-01T20:30:38.260+0000] {dagbag.py:545} INFO - Filling up the DagBag from /opt/airflow/dags/csvs/first_load_csvs/design_database.XLSX
[2024-10-01T20:30:38.274+0000] {processor.py:842} WARNING - No viable dags retrieved from /opt/airflow/dags/csvs/first_load_csvs/design_database.XLSX
[2024-10-01T20:30:38.289+0000] {processor.py:183} INFO - Processing /opt/airflow/dags/csvs/first_load_csvs/design_database.XLSX took 0.040 seconds
[2024-10-01T20:31:08.973+0000] {processor.py:161} INFO - Started process (PID=82498) to work on /opt/airflow/dags/csvs/first_load_csvs/design_database.XLSX
[2024-10-01T20:31:08.977+0000] {processor.py:830} INFO - Processing file /opt/airflow/dags/csvs/first_load_csvs/design_database.XLSX for tasks to queue
[2024-10-01T20:31:08.979+0000] {logging_mixin.py:188} INFO - [2024-10-01T20:31:08.978+0000] {dagbag.py:545} INFO - Filling up the DagBag from /opt/airflow/dags/csvs/first_load_csvs/design_database.XLSX
[2024-10-01T20:31:08.994+0000] {processor.py:842} WARNING - No viable dags retrieved from /opt/airflow/dags/csvs/first_load_csvs/design_database.XLSX
[2024-10-01T20:31:09.010+0000] {processor.py:183} INFO - Processing /opt/airflow/dags/csvs/first_load_csvs/design_database.XLSX took 0.048 seconds
[2024-10-01T20:31:39.245+0000] {processor.py:161} INFO - Started process (PID=82571) to work on /opt/airflow/dags/csvs/first_load_csvs/design_database.XLSX
[2024-10-01T20:31:39.246+0000] {processor.py:830} INFO - Processing file /opt/airflow/dags/csvs/first_load_csvs/design_database.XLSX for tasks to queue
[2024-10-01T20:31:39.247+0000] {logging_mixin.py:188} INFO - [2024-10-01T20:31:39.247+0000] {dagbag.py:545} INFO - Filling up the DagBag from /opt/airflow/dags/csvs/first_load_csvs/design_database.XLSX
[2024-10-01T20:31:39.258+0000] {processor.py:842} WARNING - No viable dags retrieved from /opt/airflow/dags/csvs/first_load_csvs/design_database.XLSX
[2024-10-01T20:31:39.271+0000] {processor.py:183} INFO - Processing /opt/airflow/dags/csvs/first_load_csvs/design_database.XLSX took 0.034 seconds
[2024-10-01T20:32:10.120+0000] {processor.py:161} INFO - Started process (PID=82644) to work on /opt/airflow/dags/csvs/first_load_csvs/design_database.XLSX
[2024-10-01T20:32:10.121+0000] {processor.py:830} INFO - Processing file /opt/airflow/dags/csvs/first_load_csvs/design_database.XLSX for tasks to queue
[2024-10-01T20:32:10.122+0000] {logging_mixin.py:188} INFO - [2024-10-01T20:32:10.122+0000] {dagbag.py:545} INFO - Filling up the DagBag from /opt/airflow/dags/csvs/first_load_csvs/design_database.XLSX
[2024-10-01T20:32:10.133+0000] {processor.py:842} WARNING - No viable dags retrieved from /opt/airflow/dags/csvs/first_load_csvs/design_database.XLSX
[2024-10-01T20:32:10.147+0000] {processor.py:183} INFO - Processing /opt/airflow/dags/csvs/first_load_csvs/design_database.XLSX took 0.033 seconds
[2024-10-01T20:32:40.469+0000] {processor.py:161} INFO - Started process (PID=82717) to work on /opt/airflow/dags/csvs/first_load_csvs/design_database.XLSX
[2024-10-01T20:32:40.471+0000] {processor.py:830} INFO - Processing file /opt/airflow/dags/csvs/first_load_csvs/design_database.XLSX for tasks to queue
[2024-10-01T20:32:40.472+0000] {logging_mixin.py:188} INFO - [2024-10-01T20:32:40.472+0000] {dagbag.py:545} INFO - Filling up the DagBag from /opt/airflow/dags/csvs/first_load_csvs/design_database.XLSX
[2024-10-01T20:32:40.492+0000] {processor.py:842} WARNING - No viable dags retrieved from /opt/airflow/dags/csvs/first_load_csvs/design_database.XLSX
[2024-10-01T20:32:40.509+0000] {processor.py:183} INFO - Processing /opt/airflow/dags/csvs/first_load_csvs/design_database.XLSX took 0.050 seconds
[2024-10-01T20:33:10.943+0000] {processor.py:161} INFO - Started process (PID=82796) to work on /opt/airflow/dags/csvs/first_load_csvs/design_database.XLSX
[2024-10-01T20:33:10.944+0000] {processor.py:830} INFO - Processing file /opt/airflow/dags/csvs/first_load_csvs/design_database.XLSX for tasks to queue
[2024-10-01T20:33:10.945+0000] {logging_mixin.py:188} INFO - [2024-10-01T20:33:10.944+0000] {dagbag.py:545} INFO - Filling up the DagBag from /opt/airflow/dags/csvs/first_load_csvs/design_database.XLSX
[2024-10-01T20:33:10.955+0000] {processor.py:842} WARNING - No viable dags retrieved from /opt/airflow/dags/csvs/first_load_csvs/design_database.XLSX
[2024-10-01T20:33:10.969+0000] {processor.py:183} INFO - Processing /opt/airflow/dags/csvs/first_load_csvs/design_database.XLSX took 0.033 seconds
[2024-10-01T20:33:41.666+0000] {processor.py:161} INFO - Started process (PID=82869) to work on /opt/airflow/dags/csvs/first_load_csvs/design_database.XLSX
[2024-10-01T20:33:41.667+0000] {processor.py:830} INFO - Processing file /opt/airflow/dags/csvs/first_load_csvs/design_database.XLSX for tasks to queue
[2024-10-01T20:33:41.668+0000] {logging_mixin.py:188} INFO - [2024-10-01T20:33:41.668+0000] {dagbag.py:545} INFO - Filling up the DagBag from /opt/airflow/dags/csvs/first_load_csvs/design_database.XLSX
[2024-10-01T20:33:41.682+0000] {processor.py:842} WARNING - No viable dags retrieved from /opt/airflow/dags/csvs/first_load_csvs/design_database.XLSX
[2024-10-01T20:33:41.699+0000] {processor.py:183} INFO - Processing /opt/airflow/dags/csvs/first_load_csvs/design_database.XLSX took 0.040 seconds
[2024-10-01T20:34:12.109+0000] {processor.py:161} INFO - Started process (PID=82942) to work on /opt/airflow/dags/csvs/first_load_csvs/design_database.XLSX
[2024-10-01T20:34:12.110+0000] {processor.py:830} INFO - Processing file /opt/airflow/dags/csvs/first_load_csvs/design_database.XLSX for tasks to queue
[2024-10-01T20:34:12.111+0000] {logging_mixin.py:188} INFO - [2024-10-01T20:34:12.111+0000] {dagbag.py:545} INFO - Filling up the DagBag from /opt/airflow/dags/csvs/first_load_csvs/design_database.XLSX
[2024-10-01T20:34:12.120+0000] {processor.py:842} WARNING - No viable dags retrieved from /opt/airflow/dags/csvs/first_load_csvs/design_database.XLSX
[2024-10-01T20:34:12.134+0000] {processor.py:183} INFO - Processing /opt/airflow/dags/csvs/first_load_csvs/design_database.XLSX took 0.032 seconds
[2024-10-01T20:34:42.275+0000] {processor.py:161} INFO - Started process (PID=83015) to work on /opt/airflow/dags/csvs/first_load_csvs/design_database.XLSX
[2024-10-01T20:34:42.276+0000] {processor.py:830} INFO - Processing file /opt/airflow/dags/csvs/first_load_csvs/design_database.XLSX for tasks to queue
[2024-10-01T20:34:42.278+0000] {logging_mixin.py:188} INFO - [2024-10-01T20:34:42.277+0000] {dagbag.py:545} INFO - Filling up the DagBag from /opt/airflow/dags/csvs/first_load_csvs/design_database.XLSX
[2024-10-01T20:34:42.289+0000] {processor.py:842} WARNING - No viable dags retrieved from /opt/airflow/dags/csvs/first_load_csvs/design_database.XLSX
[2024-10-01T20:34:42.301+0000] {processor.py:183} INFO - Processing /opt/airflow/dags/csvs/first_load_csvs/design_database.XLSX took 0.033 seconds
[2024-10-01T20:35:12.877+0000] {processor.py:161} INFO - Started process (PID=83088) to work on /opt/airflow/dags/csvs/first_load_csvs/design_database.XLSX
[2024-10-01T20:35:12.880+0000] {processor.py:830} INFO - Processing file /opt/airflow/dags/csvs/first_load_csvs/design_database.XLSX for tasks to queue
[2024-10-01T20:35:12.883+0000] {logging_mixin.py:188} INFO - [2024-10-01T20:35:12.882+0000] {dagbag.py:545} INFO - Filling up the DagBag from /opt/airflow/dags/csvs/first_load_csvs/design_database.XLSX
[2024-10-01T20:35:12.929+0000] {processor.py:842} WARNING - No viable dags retrieved from /opt/airflow/dags/csvs/first_load_csvs/design_database.XLSX
[2024-10-01T20:35:12.976+0000] {processor.py:183} INFO - Processing /opt/airflow/dags/csvs/first_load_csvs/design_database.XLSX took 0.127 seconds
[2024-10-01T20:35:43.605+0000] {processor.py:161} INFO - Started process (PID=83161) to work on /opt/airflow/dags/csvs/first_load_csvs/design_database.XLSX
[2024-10-01T20:35:43.606+0000] {processor.py:830} INFO - Processing file /opt/airflow/dags/csvs/first_load_csvs/design_database.XLSX for tasks to queue
[2024-10-01T20:35:43.608+0000] {logging_mixin.py:188} INFO - [2024-10-01T20:35:43.608+0000] {dagbag.py:545} INFO - Filling up the DagBag from /opt/airflow/dags/csvs/first_load_csvs/design_database.XLSX
[2024-10-01T20:35:43.622+0000] {processor.py:842} WARNING - No viable dags retrieved from /opt/airflow/dags/csvs/first_load_csvs/design_database.XLSX
[2024-10-01T20:35:43.640+0000] {processor.py:183} INFO - Processing /opt/airflow/dags/csvs/first_load_csvs/design_database.XLSX took 0.046 seconds
[2024-10-01T20:36:14.226+0000] {processor.py:161} INFO - Started process (PID=83234) to work on /opt/airflow/dags/csvs/first_load_csvs/design_database.XLSX
[2024-10-01T20:36:14.228+0000] {processor.py:830} INFO - Processing file /opt/airflow/dags/csvs/first_load_csvs/design_database.XLSX for tasks to queue
[2024-10-01T20:36:14.229+0000] {logging_mixin.py:188} INFO - [2024-10-01T20:36:14.228+0000] {dagbag.py:545} INFO - Filling up the DagBag from /opt/airflow/dags/csvs/first_load_csvs/design_database.XLSX
[2024-10-01T20:36:14.239+0000] {processor.py:842} WARNING - No viable dags retrieved from /opt/airflow/dags/csvs/first_load_csvs/design_database.XLSX
[2024-10-01T20:36:14.254+0000] {processor.py:183} INFO - Processing /opt/airflow/dags/csvs/first_load_csvs/design_database.XLSX took 0.034 seconds
[2024-10-01T20:36:44.372+0000] {processor.py:161} INFO - Started process (PID=83306) to work on /opt/airflow/dags/csvs/first_load_csvs/design_database.XLSX
[2024-10-01T20:36:44.373+0000] {processor.py:830} INFO - Processing file /opt/airflow/dags/csvs/first_load_csvs/design_database.XLSX for tasks to queue
[2024-10-01T20:36:44.374+0000] {logging_mixin.py:188} INFO - [2024-10-01T20:36:44.374+0000] {dagbag.py:545} INFO - Filling up the DagBag from /opt/airflow/dags/csvs/first_load_csvs/design_database.XLSX
[2024-10-01T20:36:44.386+0000] {processor.py:842} WARNING - No viable dags retrieved from /opt/airflow/dags/csvs/first_load_csvs/design_database.XLSX
[2024-10-01T20:36:44.401+0000] {processor.py:183} INFO - Processing /opt/airflow/dags/csvs/first_load_csvs/design_database.XLSX took 0.036 seconds
[2024-10-01T20:37:14.600+0000] {processor.py:161} INFO - Started process (PID=83375) to work on /opt/airflow/dags/csvs/first_load_csvs/design_database.XLSX
[2024-10-01T20:37:14.601+0000] {processor.py:830} INFO - Processing file /opt/airflow/dags/csvs/first_load_csvs/design_database.XLSX for tasks to queue
[2024-10-01T20:37:14.602+0000] {logging_mixin.py:188} INFO - [2024-10-01T20:37:14.602+0000] {dagbag.py:545} INFO - Filling up the DagBag from /opt/airflow/dags/csvs/first_load_csvs/design_database.XLSX
[2024-10-01T20:37:14.613+0000] {processor.py:842} WARNING - No viable dags retrieved from /opt/airflow/dags/csvs/first_load_csvs/design_database.XLSX
[2024-10-01T20:37:14.627+0000] {processor.py:183} INFO - Processing /opt/airflow/dags/csvs/first_load_csvs/design_database.XLSX took 0.034 seconds
[2024-10-01T20:37:45.155+0000] {processor.py:161} INFO - Started process (PID=83442) to work on /opt/airflow/dags/csvs/first_load_csvs/design_database.XLSX
[2024-10-01T20:37:45.156+0000] {processor.py:830} INFO - Processing file /opt/airflow/dags/csvs/first_load_csvs/design_database.XLSX for tasks to queue
[2024-10-01T20:37:45.157+0000] {logging_mixin.py:188} INFO - [2024-10-01T20:37:45.157+0000] {dagbag.py:545} INFO - Filling up the DagBag from /opt/airflow/dags/csvs/first_load_csvs/design_database.XLSX
[2024-10-01T20:37:45.169+0000] {processor.py:842} WARNING - No viable dags retrieved from /opt/airflow/dags/csvs/first_load_csvs/design_database.XLSX
[2024-10-01T20:37:45.185+0000] {processor.py:183} INFO - Processing /opt/airflow/dags/csvs/first_load_csvs/design_database.XLSX took 0.037 seconds
[2024-10-01T20:38:15.281+0000] {processor.py:161} INFO - Started process (PID=83515) to work on /opt/airflow/dags/csvs/first_load_csvs/design_database.XLSX
[2024-10-01T20:38:15.282+0000] {processor.py:830} INFO - Processing file /opt/airflow/dags/csvs/first_load_csvs/design_database.XLSX for tasks to queue
[2024-10-01T20:38:15.283+0000] {logging_mixin.py:188} INFO - [2024-10-01T20:38:15.282+0000] {dagbag.py:545} INFO - Filling up the DagBag from /opt/airflow/dags/csvs/first_load_csvs/design_database.XLSX
[2024-10-01T20:38:15.297+0000] {processor.py:842} WARNING - No viable dags retrieved from /opt/airflow/dags/csvs/first_load_csvs/design_database.XLSX
[2024-10-01T20:38:15.314+0000] {processor.py:183} INFO - Processing /opt/airflow/dags/csvs/first_load_csvs/design_database.XLSX took 0.042 seconds
[2024-10-01T20:38:45.425+0000] {processor.py:161} INFO - Started process (PID=83588) to work on /opt/airflow/dags/csvs/first_load_csvs/design_database.XLSX
[2024-10-01T20:38:45.426+0000] {processor.py:830} INFO - Processing file /opt/airflow/dags/csvs/first_load_csvs/design_database.XLSX for tasks to queue
[2024-10-01T20:38:45.427+0000] {logging_mixin.py:188} INFO - [2024-10-01T20:38:45.427+0000] {dagbag.py:545} INFO - Filling up the DagBag from /opt/airflow/dags/csvs/first_load_csvs/design_database.XLSX
[2024-10-01T20:38:45.440+0000] {processor.py:842} WARNING - No viable dags retrieved from /opt/airflow/dags/csvs/first_load_csvs/design_database.XLSX
[2024-10-01T20:38:45.454+0000] {processor.py:183} INFO - Processing /opt/airflow/dags/csvs/first_load_csvs/design_database.XLSX took 0.037 seconds
[2024-10-01T20:39:15.797+0000] {processor.py:161} INFO - Started process (PID=83657) to work on /opt/airflow/dags/csvs/first_load_csvs/design_database.XLSX
[2024-10-01T20:39:15.799+0000] {processor.py:830} INFO - Processing file /opt/airflow/dags/csvs/first_load_csvs/design_database.XLSX for tasks to queue
[2024-10-01T20:39:15.801+0000] {logging_mixin.py:188} INFO - [2024-10-01T20:39:15.800+0000] {dagbag.py:545} INFO - Filling up the DagBag from /opt/airflow/dags/csvs/first_load_csvs/design_database.XLSX
[2024-10-01T20:39:15.813+0000] {processor.py:842} WARNING - No viable dags retrieved from /opt/airflow/dags/csvs/first_load_csvs/design_database.XLSX
[2024-10-01T20:39:15.833+0000] {processor.py:183} INFO - Processing /opt/airflow/dags/csvs/first_load_csvs/design_database.XLSX took 0.043 seconds
[2024-10-01T20:39:46.146+0000] {processor.py:161} INFO - Started process (PID=83729) to work on /opt/airflow/dags/csvs/first_load_csvs/design_database.XLSX
[2024-10-01T20:39:46.148+0000] {processor.py:830} INFO - Processing file /opt/airflow/dags/csvs/first_load_csvs/design_database.XLSX for tasks to queue
[2024-10-01T20:39:46.149+0000] {logging_mixin.py:188} INFO - [2024-10-01T20:39:46.149+0000] {dagbag.py:545} INFO - Filling up the DagBag from /opt/airflow/dags/csvs/first_load_csvs/design_database.XLSX
[2024-10-01T20:39:46.166+0000] {processor.py:842} WARNING - No viable dags retrieved from /opt/airflow/dags/csvs/first_load_csvs/design_database.XLSX
[2024-10-01T20:39:46.187+0000] {processor.py:183} INFO - Processing /opt/airflow/dags/csvs/first_load_csvs/design_database.XLSX took 0.051 seconds
[2024-10-01T20:40:16.753+0000] {processor.py:161} INFO - Started process (PID=83797) to work on /opt/airflow/dags/csvs/first_load_csvs/design_database.XLSX
[2024-10-01T20:40:16.754+0000] {processor.py:830} INFO - Processing file /opt/airflow/dags/csvs/first_load_csvs/design_database.XLSX for tasks to queue
[2024-10-01T20:40:16.755+0000] {logging_mixin.py:188} INFO - [2024-10-01T20:40:16.755+0000] {dagbag.py:545} INFO - Filling up the DagBag from /opt/airflow/dags/csvs/first_load_csvs/design_database.XLSX
[2024-10-01T20:40:16.766+0000] {processor.py:842} WARNING - No viable dags retrieved from /opt/airflow/dags/csvs/first_load_csvs/design_database.XLSX
[2024-10-01T20:40:16.781+0000] {processor.py:183} INFO - Processing /opt/airflow/dags/csvs/first_load_csvs/design_database.XLSX took 0.035 seconds
[2024-10-01T20:40:47.309+0000] {processor.py:161} INFO - Started process (PID=83870) to work on /opt/airflow/dags/csvs/first_load_csvs/design_database.XLSX
[2024-10-01T20:40:47.311+0000] {processor.py:830} INFO - Processing file /opt/airflow/dags/csvs/first_load_csvs/design_database.XLSX for tasks to queue
[2024-10-01T20:40:47.313+0000] {logging_mixin.py:188} INFO - [2024-10-01T20:40:47.312+0000] {dagbag.py:545} INFO - Filling up the DagBag from /opt/airflow/dags/csvs/first_load_csvs/design_database.XLSX
[2024-10-01T20:40:47.329+0000] {processor.py:842} WARNING - No viable dags retrieved from /opt/airflow/dags/csvs/first_load_csvs/design_database.XLSX
[2024-10-01T20:40:47.352+0000] {processor.py:183} INFO - Processing /opt/airflow/dags/csvs/first_load_csvs/design_database.XLSX took 0.052 seconds
[2024-10-01T20:41:17.759+0000] {processor.py:161} INFO - Started process (PID=83943) to work on /opt/airflow/dags/csvs/first_load_csvs/design_database.XLSX
[2024-10-01T20:41:17.761+0000] {processor.py:830} INFO - Processing file /opt/airflow/dags/csvs/first_load_csvs/design_database.XLSX for tasks to queue
[2024-10-01T20:41:17.762+0000] {logging_mixin.py:188} INFO - [2024-10-01T20:41:17.762+0000] {dagbag.py:545} INFO - Filling up the DagBag from /opt/airflow/dags/csvs/first_load_csvs/design_database.XLSX
[2024-10-01T20:41:17.775+0000] {processor.py:842} WARNING - No viable dags retrieved from /opt/airflow/dags/csvs/first_load_csvs/design_database.XLSX
[2024-10-01T20:41:17.794+0000] {processor.py:183} INFO - Processing /opt/airflow/dags/csvs/first_load_csvs/design_database.XLSX took 0.044 seconds
[2024-10-01T20:41:48.313+0000] {processor.py:161} INFO - Started process (PID=84016) to work on /opt/airflow/dags/csvs/first_load_csvs/design_database.XLSX
[2024-10-01T20:41:48.316+0000] {processor.py:830} INFO - Processing file /opt/airflow/dags/csvs/first_load_csvs/design_database.XLSX for tasks to queue
[2024-10-01T20:41:48.318+0000] {logging_mixin.py:188} INFO - [2024-10-01T20:41:48.317+0000] {dagbag.py:545} INFO - Filling up the DagBag from /opt/airflow/dags/csvs/first_load_csvs/design_database.XLSX
[2024-10-01T20:41:48.334+0000] {processor.py:842} WARNING - No viable dags retrieved from /opt/airflow/dags/csvs/first_load_csvs/design_database.XLSX
[2024-10-01T20:41:48.353+0000] {processor.py:183} INFO - Processing /opt/airflow/dags/csvs/first_load_csvs/design_database.XLSX took 0.050 seconds
[2024-10-01T20:42:18.922+0000] {processor.py:161} INFO - Started process (PID=84089) to work on /opt/airflow/dags/csvs/first_load_csvs/design_database.XLSX
[2024-10-01T20:42:18.924+0000] {processor.py:830} INFO - Processing file /opt/airflow/dags/csvs/first_load_csvs/design_database.XLSX for tasks to queue
[2024-10-01T20:42:18.925+0000] {logging_mixin.py:188} INFO - [2024-10-01T20:42:18.924+0000] {dagbag.py:545} INFO - Filling up the DagBag from /opt/airflow/dags/csvs/first_load_csvs/design_database.XLSX
[2024-10-01T20:42:18.936+0000] {processor.py:842} WARNING - No viable dags retrieved from /opt/airflow/dags/csvs/first_load_csvs/design_database.XLSX
[2024-10-01T20:42:18.950+0000] {processor.py:183} INFO - Processing /opt/airflow/dags/csvs/first_load_csvs/design_database.XLSX took 0.036 seconds
[2024-10-01T20:42:49.034+0000] {processor.py:161} INFO - Started process (PID=84162) to work on /opt/airflow/dags/csvs/first_load_csvs/design_database.XLSX
[2024-10-01T20:42:49.035+0000] {processor.py:830} INFO - Processing file /opt/airflow/dags/csvs/first_load_csvs/design_database.XLSX for tasks to queue
[2024-10-01T20:42:49.036+0000] {logging_mixin.py:188} INFO - [2024-10-01T20:42:49.036+0000] {dagbag.py:545} INFO - Filling up the DagBag from /opt/airflow/dags/csvs/first_load_csvs/design_database.XLSX
[2024-10-01T20:42:49.047+0000] {processor.py:842} WARNING - No viable dags retrieved from /opt/airflow/dags/csvs/first_load_csvs/design_database.XLSX
[2024-10-01T20:42:49.063+0000] {processor.py:183} INFO - Processing /opt/airflow/dags/csvs/first_load_csvs/design_database.XLSX took 0.037 seconds
[2024-10-01T20:43:19.355+0000] {processor.py:161} INFO - Started process (PID=84235) to work on /opt/airflow/dags/csvs/first_load_csvs/design_database.XLSX
[2024-10-01T20:43:19.356+0000] {processor.py:830} INFO - Processing file /opt/airflow/dags/csvs/first_load_csvs/design_database.XLSX for tasks to queue
[2024-10-01T20:43:19.358+0000] {logging_mixin.py:188} INFO - [2024-10-01T20:43:19.357+0000] {dagbag.py:545} INFO - Filling up the DagBag from /opt/airflow/dags/csvs/first_load_csvs/design_database.XLSX
[2024-10-01T20:43:19.372+0000] {processor.py:842} WARNING - No viable dags retrieved from /opt/airflow/dags/csvs/first_load_csvs/design_database.XLSX
[2024-10-01T20:43:19.393+0000] {processor.py:183} INFO - Processing /opt/airflow/dags/csvs/first_load_csvs/design_database.XLSX took 0.046 seconds
[2024-10-01T20:43:49.493+0000] {processor.py:161} INFO - Started process (PID=84308) to work on /opt/airflow/dags/csvs/first_load_csvs/design_database.XLSX
[2024-10-01T20:43:49.494+0000] {processor.py:830} INFO - Processing file /opt/airflow/dags/csvs/first_load_csvs/design_database.XLSX for tasks to queue
[2024-10-01T20:43:49.495+0000] {logging_mixin.py:188} INFO - [2024-10-01T20:43:49.494+0000] {dagbag.py:545} INFO - Filling up the DagBag from /opt/airflow/dags/csvs/first_load_csvs/design_database.XLSX
[2024-10-01T20:43:49.506+0000] {processor.py:842} WARNING - No viable dags retrieved from /opt/airflow/dags/csvs/first_load_csvs/design_database.XLSX
[2024-10-01T20:43:49.546+0000] {processor.py:183} INFO - Processing /opt/airflow/dags/csvs/first_load_csvs/design_database.XLSX took 0.061 seconds
[2024-10-01T20:44:19.967+0000] {processor.py:161} INFO - Started process (PID=84381) to work on /opt/airflow/dags/csvs/first_load_csvs/design_database.XLSX
[2024-10-01T20:44:19.969+0000] {processor.py:830} INFO - Processing file /opt/airflow/dags/csvs/first_load_csvs/design_database.XLSX for tasks to queue
[2024-10-01T20:44:19.970+0000] {logging_mixin.py:188} INFO - [2024-10-01T20:44:19.970+0000] {dagbag.py:545} INFO - Filling up the DagBag from /opt/airflow/dags/csvs/first_load_csvs/design_database.XLSX
[2024-10-01T20:44:19.980+0000] {processor.py:842} WARNING - No viable dags retrieved from /opt/airflow/dags/csvs/first_load_csvs/design_database.XLSX
[2024-10-01T20:44:19.995+0000] {processor.py:183} INFO - Processing /opt/airflow/dags/csvs/first_load_csvs/design_database.XLSX took 0.035 seconds
[2024-10-01T20:44:50.152+0000] {processor.py:161} INFO - Started process (PID=84454) to work on /opt/airflow/dags/csvs/first_load_csvs/design_database.XLSX
[2024-10-01T20:44:50.153+0000] {processor.py:830} INFO - Processing file /opt/airflow/dags/csvs/first_load_csvs/design_database.XLSX for tasks to queue
[2024-10-01T20:44:50.154+0000] {logging_mixin.py:188} INFO - [2024-10-01T20:44:50.154+0000] {dagbag.py:545} INFO - Filling up the DagBag from /opt/airflow/dags/csvs/first_load_csvs/design_database.XLSX
[2024-10-01T20:44:50.166+0000] {processor.py:842} WARNING - No viable dags retrieved from /opt/airflow/dags/csvs/first_load_csvs/design_database.XLSX
[2024-10-01T20:44:50.182+0000] {processor.py:183} INFO - Processing /opt/airflow/dags/csvs/first_load_csvs/design_database.XLSX took 0.036 seconds
[2024-10-01T20:45:20.503+0000] {processor.py:161} INFO - Started process (PID=84527) to work on /opt/airflow/dags/csvs/first_load_csvs/design_database.XLSX
[2024-10-01T20:45:20.505+0000] {processor.py:830} INFO - Processing file /opt/airflow/dags/csvs/first_load_csvs/design_database.XLSX for tasks to queue
[2024-10-01T20:45:20.506+0000] {logging_mixin.py:188} INFO - [2024-10-01T20:45:20.506+0000] {dagbag.py:545} INFO - Filling up the DagBag from /opt/airflow/dags/csvs/first_load_csvs/design_database.XLSX
[2024-10-01T20:45:20.517+0000] {processor.py:842} WARNING - No viable dags retrieved from /opt/airflow/dags/csvs/first_load_csvs/design_database.XLSX
[2024-10-01T20:45:20.535+0000] {processor.py:183} INFO - Processing /opt/airflow/dags/csvs/first_load_csvs/design_database.XLSX took 0.040 seconds
[2024-10-01T20:45:50.827+0000] {processor.py:161} INFO - Started process (PID=84600) to work on /opt/airflow/dags/csvs/first_load_csvs/design_database.XLSX
[2024-10-01T20:45:50.828+0000] {processor.py:830} INFO - Processing file /opt/airflow/dags/csvs/first_load_csvs/design_database.XLSX for tasks to queue
[2024-10-01T20:45:50.830+0000] {logging_mixin.py:188} INFO - [2024-10-01T20:45:50.829+0000] {dagbag.py:545} INFO - Filling up the DagBag from /opt/airflow/dags/csvs/first_load_csvs/design_database.XLSX
[2024-10-01T20:45:50.841+0000] {processor.py:842} WARNING - No viable dags retrieved from /opt/airflow/dags/csvs/first_load_csvs/design_database.XLSX
[2024-10-01T20:45:50.857+0000] {processor.py:183} INFO - Processing /opt/airflow/dags/csvs/first_load_csvs/design_database.XLSX took 0.038 seconds
[2024-10-01T20:46:20.935+0000] {processor.py:161} INFO - Started process (PID=84673) to work on /opt/airflow/dags/csvs/first_load_csvs/design_database.XLSX
[2024-10-01T20:46:20.936+0000] {processor.py:830} INFO - Processing file /opt/airflow/dags/csvs/first_load_csvs/design_database.XLSX for tasks to queue
[2024-10-01T20:46:20.937+0000] {logging_mixin.py:188} INFO - [2024-10-01T20:46:20.937+0000] {dagbag.py:545} INFO - Filling up the DagBag from /opt/airflow/dags/csvs/first_load_csvs/design_database.XLSX
[2024-10-01T20:46:20.948+0000] {processor.py:842} WARNING - No viable dags retrieved from /opt/airflow/dags/csvs/first_load_csvs/design_database.XLSX
[2024-10-01T20:46:20.963+0000] {processor.py:183} INFO - Processing /opt/airflow/dags/csvs/first_load_csvs/design_database.XLSX took 0.034 seconds
[2024-10-01T20:46:51.109+0000] {processor.py:161} INFO - Started process (PID=84746) to work on /opt/airflow/dags/csvs/first_load_csvs/design_database.XLSX
[2024-10-01T20:46:51.110+0000] {processor.py:830} INFO - Processing file /opt/airflow/dags/csvs/first_load_csvs/design_database.XLSX for tasks to queue
[2024-10-01T20:46:51.112+0000] {logging_mixin.py:188} INFO - [2024-10-01T20:46:51.111+0000] {dagbag.py:545} INFO - Filling up the DagBag from /opt/airflow/dags/csvs/first_load_csvs/design_database.XLSX
[2024-10-01T20:46:51.126+0000] {processor.py:842} WARNING - No viable dags retrieved from /opt/airflow/dags/csvs/first_load_csvs/design_database.XLSX
[2024-10-01T20:46:51.142+0000] {processor.py:183} INFO - Processing /opt/airflow/dags/csvs/first_load_csvs/design_database.XLSX took 0.042 seconds
[2024-10-01T20:47:21.599+0000] {processor.py:161} INFO - Started process (PID=84817) to work on /opt/airflow/dags/csvs/first_load_csvs/design_database.XLSX
[2024-10-01T20:47:21.600+0000] {processor.py:830} INFO - Processing file /opt/airflow/dags/csvs/first_load_csvs/design_database.XLSX for tasks to queue
[2024-10-01T20:47:21.601+0000] {logging_mixin.py:188} INFO - [2024-10-01T20:47:21.601+0000] {dagbag.py:545} INFO - Filling up the DagBag from /opt/airflow/dags/csvs/first_load_csvs/design_database.XLSX
[2024-10-01T20:47:21.612+0000] {processor.py:842} WARNING - No viable dags retrieved from /opt/airflow/dags/csvs/first_load_csvs/design_database.XLSX
[2024-10-01T20:47:21.627+0000] {processor.py:183} INFO - Processing /opt/airflow/dags/csvs/first_load_csvs/design_database.XLSX took 0.035 seconds
[2024-10-01T20:47:52.546+0000] {processor.py:161} INFO - Started process (PID=84890) to work on /opt/airflow/dags/csvs/first_load_csvs/design_database.XLSX
[2024-10-01T20:47:52.548+0000] {processor.py:830} INFO - Processing file /opt/airflow/dags/csvs/first_load_csvs/design_database.XLSX for tasks to queue
[2024-10-01T20:47:52.549+0000] {logging_mixin.py:188} INFO - [2024-10-01T20:47:52.549+0000] {dagbag.py:545} INFO - Filling up the DagBag from /opt/airflow/dags/csvs/first_load_csvs/design_database.XLSX
[2024-10-01T20:47:52.568+0000] {processor.py:842} WARNING - No viable dags retrieved from /opt/airflow/dags/csvs/first_load_csvs/design_database.XLSX
[2024-10-01T20:47:52.590+0000] {processor.py:183} INFO - Processing /opt/airflow/dags/csvs/first_load_csvs/design_database.XLSX took 0.056 seconds
[2024-10-01T20:48:23.235+0000] {processor.py:161} INFO - Started process (PID=84963) to work on /opt/airflow/dags/csvs/first_load_csvs/design_database.XLSX
[2024-10-01T20:48:23.237+0000] {processor.py:830} INFO - Processing file /opt/airflow/dags/csvs/first_load_csvs/design_database.XLSX for tasks to queue
[2024-10-01T20:48:23.239+0000] {logging_mixin.py:188} INFO - [2024-10-01T20:48:23.238+0000] {dagbag.py:545} INFO - Filling up the DagBag from /opt/airflow/dags/csvs/first_load_csvs/design_database.XLSX
[2024-10-01T20:48:23.254+0000] {processor.py:842} WARNING - No viable dags retrieved from /opt/airflow/dags/csvs/first_load_csvs/design_database.XLSX
[2024-10-01T20:48:23.271+0000] {processor.py:183} INFO - Processing /opt/airflow/dags/csvs/first_load_csvs/design_database.XLSX took 0.045 seconds
[2024-10-01T20:48:54.175+0000] {processor.py:161} INFO - Started process (PID=85036) to work on /opt/airflow/dags/csvs/first_load_csvs/design_database.XLSX
[2024-10-01T20:48:54.176+0000] {processor.py:830} INFO - Processing file /opt/airflow/dags/csvs/first_load_csvs/design_database.XLSX for tasks to queue
[2024-10-01T20:48:54.177+0000] {logging_mixin.py:188} INFO - [2024-10-01T20:48:54.177+0000] {dagbag.py:545} INFO - Filling up the DagBag from /opt/airflow/dags/csvs/first_load_csvs/design_database.XLSX
[2024-10-01T20:48:54.188+0000] {processor.py:842} WARNING - No viable dags retrieved from /opt/airflow/dags/csvs/first_load_csvs/design_database.XLSX
[2024-10-01T20:48:54.204+0000] {processor.py:183} INFO - Processing /opt/airflow/dags/csvs/first_load_csvs/design_database.XLSX took 0.036 seconds
[2024-10-01T20:49:24.641+0000] {processor.py:161} INFO - Started process (PID=85109) to work on /opt/airflow/dags/csvs/first_load_csvs/design_database.XLSX
[2024-10-01T20:49:24.644+0000] {processor.py:830} INFO - Processing file /opt/airflow/dags/csvs/first_load_csvs/design_database.XLSX for tasks to queue
[2024-10-01T20:49:24.649+0000] {logging_mixin.py:188} INFO - [2024-10-01T20:49:24.647+0000] {dagbag.py:545} INFO - Filling up the DagBag from /opt/airflow/dags/csvs/first_load_csvs/design_database.XLSX
[2024-10-01T20:49:24.668+0000] {processor.py:842} WARNING - No viable dags retrieved from /opt/airflow/dags/csvs/first_load_csvs/design_database.XLSX
[2024-10-01T20:49:24.693+0000] {processor.py:183} INFO - Processing /opt/airflow/dags/csvs/first_load_csvs/design_database.XLSX took 0.059 seconds
[2024-10-01T20:49:55.389+0000] {processor.py:161} INFO - Started process (PID=85183) to work on /opt/airflow/dags/csvs/first_load_csvs/design_database.XLSX
[2024-10-01T20:49:55.391+0000] {processor.py:830} INFO - Processing file /opt/airflow/dags/csvs/first_load_csvs/design_database.XLSX for tasks to queue
[2024-10-01T20:49:55.393+0000] {logging_mixin.py:188} INFO - [2024-10-01T20:49:55.392+0000] {dagbag.py:545} INFO - Filling up the DagBag from /opt/airflow/dags/csvs/first_load_csvs/design_database.XLSX
[2024-10-01T20:49:55.409+0000] {processor.py:842} WARNING - No viable dags retrieved from /opt/airflow/dags/csvs/first_load_csvs/design_database.XLSX
[2024-10-01T20:49:55.430+0000] {processor.py:183} INFO - Processing /opt/airflow/dags/csvs/first_load_csvs/design_database.XLSX took 0.053 seconds
[2024-10-01T20:50:25.554+0000] {processor.py:161} INFO - Started process (PID=85256) to work on /opt/airflow/dags/csvs/first_load_csvs/design_database.XLSX
[2024-10-01T20:50:25.555+0000] {processor.py:830} INFO - Processing file /opt/airflow/dags/csvs/first_load_csvs/design_database.XLSX for tasks to queue
[2024-10-01T20:50:25.556+0000] {logging_mixin.py:188} INFO - [2024-10-01T20:50:25.556+0000] {dagbag.py:545} INFO - Filling up the DagBag from /opt/airflow/dags/csvs/first_load_csvs/design_database.XLSX
[2024-10-01T20:50:25.565+0000] {processor.py:842} WARNING - No viable dags retrieved from /opt/airflow/dags/csvs/first_load_csvs/design_database.XLSX
[2024-10-01T20:50:25.580+0000] {processor.py:183} INFO - Processing /opt/airflow/dags/csvs/first_load_csvs/design_database.XLSX took 0.033 seconds
[2024-10-01T20:50:55.716+0000] {processor.py:161} INFO - Started process (PID=85329) to work on /opt/airflow/dags/csvs/first_load_csvs/design_database.XLSX
[2024-10-01T20:50:55.717+0000] {processor.py:830} INFO - Processing file /opt/airflow/dags/csvs/first_load_csvs/design_database.XLSX for tasks to queue
[2024-10-01T20:50:55.718+0000] {logging_mixin.py:188} INFO - [2024-10-01T20:50:55.717+0000] {dagbag.py:545} INFO - Filling up the DagBag from /opt/airflow/dags/csvs/first_load_csvs/design_database.XLSX
[2024-10-01T20:50:55.729+0000] {processor.py:842} WARNING - No viable dags retrieved from /opt/airflow/dags/csvs/first_load_csvs/design_database.XLSX
[2024-10-01T20:50:55.743+0000] {processor.py:183} INFO - Processing /opt/airflow/dags/csvs/first_load_csvs/design_database.XLSX took 0.036 seconds
[2024-10-01T20:51:26.173+0000] {processor.py:161} INFO - Started process (PID=85390) to work on /opt/airflow/dags/csvs/first_load_csvs/design_database.XLSX
[2024-10-01T20:51:26.175+0000] {processor.py:830} INFO - Processing file /opt/airflow/dags/csvs/first_load_csvs/design_database.XLSX for tasks to queue
[2024-10-01T20:51:26.176+0000] {logging_mixin.py:188} INFO - [2024-10-01T20:51:26.176+0000] {dagbag.py:545} INFO - Filling up the DagBag from /opt/airflow/dags/csvs/first_load_csvs/design_database.XLSX
[2024-10-01T20:51:26.188+0000] {processor.py:842} WARNING - No viable dags retrieved from /opt/airflow/dags/csvs/first_load_csvs/design_database.XLSX
[2024-10-01T20:51:26.207+0000] {processor.py:183} INFO - Processing /opt/airflow/dags/csvs/first_load_csvs/design_database.XLSX took 0.042 seconds
[2024-10-01T20:51:56.323+0000] {processor.py:161} INFO - Started process (PID=85454) to work on /opt/airflow/dags/csvs/first_load_csvs/design_database.XLSX
[2024-10-01T20:51:56.325+0000] {processor.py:830} INFO - Processing file /opt/airflow/dags/csvs/first_load_csvs/design_database.XLSX for tasks to queue
[2024-10-01T20:51:56.326+0000] {logging_mixin.py:188} INFO - [2024-10-01T20:51:56.325+0000] {dagbag.py:545} INFO - Filling up the DagBag from /opt/airflow/dags/csvs/first_load_csvs/design_database.XLSX
[2024-10-01T20:51:56.335+0000] {processor.py:842} WARNING - No viable dags retrieved from /opt/airflow/dags/csvs/first_load_csvs/design_database.XLSX
[2024-10-01T20:51:56.349+0000] {processor.py:183} INFO - Processing /opt/airflow/dags/csvs/first_load_csvs/design_database.XLSX took 0.034 seconds
[2024-10-01T20:52:26.445+0000] {processor.py:161} INFO - Started process (PID=85515) to work on /opt/airflow/dags/csvs/first_load_csvs/design_database.XLSX
[2024-10-01T20:52:26.447+0000] {processor.py:830} INFO - Processing file /opt/airflow/dags/csvs/first_load_csvs/design_database.XLSX for tasks to queue
[2024-10-01T20:52:26.448+0000] {logging_mixin.py:188} INFO - [2024-10-01T20:52:26.448+0000] {dagbag.py:545} INFO - Filling up the DagBag from /opt/airflow/dags/csvs/first_load_csvs/design_database.XLSX
[2024-10-01T20:52:26.460+0000] {processor.py:842} WARNING - No viable dags retrieved from /opt/airflow/dags/csvs/first_load_csvs/design_database.XLSX
[2024-10-01T20:52:26.483+0000] {processor.py:183} INFO - Processing /opt/airflow/dags/csvs/first_load_csvs/design_database.XLSX took 0.046 seconds
[2024-10-01T20:52:57.191+0000] {processor.py:161} INFO - Started process (PID=85585) to work on /opt/airflow/dags/csvs/first_load_csvs/design_database.XLSX
[2024-10-01T20:52:57.192+0000] {processor.py:830} INFO - Processing file /opt/airflow/dags/csvs/first_load_csvs/design_database.XLSX for tasks to queue
[2024-10-01T20:52:57.193+0000] {logging_mixin.py:188} INFO - [2024-10-01T20:52:57.193+0000] {dagbag.py:545} INFO - Filling up the DagBag from /opt/airflow/dags/csvs/first_load_csvs/design_database.XLSX
[2024-10-01T20:52:57.205+0000] {processor.py:842} WARNING - No viable dags retrieved from /opt/airflow/dags/csvs/first_load_csvs/design_database.XLSX
[2024-10-01T20:52:57.222+0000] {processor.py:183} INFO - Processing /opt/airflow/dags/csvs/first_load_csvs/design_database.XLSX took 0.039 seconds
[2024-10-01T20:53:27.652+0000] {processor.py:161} INFO - Started process (PID=85655) to work on /opt/airflow/dags/csvs/first_load_csvs/design_database.XLSX
[2024-10-01T20:53:27.653+0000] {processor.py:830} INFO - Processing file /opt/airflow/dags/csvs/first_load_csvs/design_database.XLSX for tasks to queue
[2024-10-01T20:53:27.654+0000] {logging_mixin.py:188} INFO - [2024-10-01T20:53:27.654+0000] {dagbag.py:545} INFO - Filling up the DagBag from /opt/airflow/dags/csvs/first_load_csvs/design_database.XLSX
[2024-10-01T20:53:27.667+0000] {processor.py:842} WARNING - No viable dags retrieved from /opt/airflow/dags/csvs/first_load_csvs/design_database.XLSX
[2024-10-01T20:53:27.684+0000] {processor.py:183} INFO - Processing /opt/airflow/dags/csvs/first_load_csvs/design_database.XLSX took 0.041 seconds
[2024-10-01T20:53:58.146+0000] {processor.py:161} INFO - Started process (PID=85726) to work on /opt/airflow/dags/csvs/first_load_csvs/design_database.XLSX
[2024-10-01T20:53:58.147+0000] {processor.py:830} INFO - Processing file /opt/airflow/dags/csvs/first_load_csvs/design_database.XLSX for tasks to queue
[2024-10-01T20:53:58.149+0000] {logging_mixin.py:188} INFO - [2024-10-01T20:53:58.148+0000] {dagbag.py:545} INFO - Filling up the DagBag from /opt/airflow/dags/csvs/first_load_csvs/design_database.XLSX
[2024-10-01T20:53:58.160+0000] {processor.py:842} WARNING - No viable dags retrieved from /opt/airflow/dags/csvs/first_load_csvs/design_database.XLSX
[2024-10-01T20:53:58.175+0000] {processor.py:183} INFO - Processing /opt/airflow/dags/csvs/first_load_csvs/design_database.XLSX took 0.036 seconds
[2024-10-01T20:54:28.874+0000] {processor.py:161} INFO - Started process (PID=85800) to work on /opt/airflow/dags/csvs/first_load_csvs/design_database.XLSX
[2024-10-01T20:54:28.875+0000] {processor.py:830} INFO - Processing file /opt/airflow/dags/csvs/first_load_csvs/design_database.XLSX for tasks to queue
[2024-10-01T20:54:28.876+0000] {logging_mixin.py:188} INFO - [2024-10-01T20:54:28.875+0000] {dagbag.py:545} INFO - Filling up the DagBag from /opt/airflow/dags/csvs/first_load_csvs/design_database.XLSX
[2024-10-01T20:54:28.886+0000] {processor.py:842} WARNING - No viable dags retrieved from /opt/airflow/dags/csvs/first_load_csvs/design_database.XLSX
[2024-10-01T20:54:28.901+0000] {processor.py:183} INFO - Processing /opt/airflow/dags/csvs/first_load_csvs/design_database.XLSX took 0.035 seconds
[2024-10-01T20:54:59.092+0000] {processor.py:161} INFO - Started process (PID=85873) to work on /opt/airflow/dags/csvs/first_load_csvs/design_database.XLSX
[2024-10-01T20:54:59.094+0000] {processor.py:830} INFO - Processing file /opt/airflow/dags/csvs/first_load_csvs/design_database.XLSX for tasks to queue
[2024-10-01T20:54:59.095+0000] {logging_mixin.py:188} INFO - [2024-10-01T20:54:59.094+0000] {dagbag.py:545} INFO - Filling up the DagBag from /opt/airflow/dags/csvs/first_load_csvs/design_database.XLSX
[2024-10-01T20:54:59.107+0000] {processor.py:842} WARNING - No viable dags retrieved from /opt/airflow/dags/csvs/first_load_csvs/design_database.XLSX
[2024-10-01T20:54:59.122+0000] {processor.py:183} INFO - Processing /opt/airflow/dags/csvs/first_load_csvs/design_database.XLSX took 0.037 seconds
[2024-10-01T20:55:29.511+0000] {processor.py:161} INFO - Started process (PID=85946) to work on /opt/airflow/dags/csvs/first_load_csvs/design_database.XLSX
[2024-10-01T20:55:29.512+0000] {processor.py:830} INFO - Processing file /opt/airflow/dags/csvs/first_load_csvs/design_database.XLSX for tasks to queue
[2024-10-01T20:55:29.513+0000] {logging_mixin.py:188} INFO - [2024-10-01T20:55:29.512+0000] {dagbag.py:545} INFO - Filling up the DagBag from /opt/airflow/dags/csvs/first_load_csvs/design_database.XLSX
[2024-10-01T20:55:29.522+0000] {processor.py:842} WARNING - No viable dags retrieved from /opt/airflow/dags/csvs/first_load_csvs/design_database.XLSX
[2024-10-01T20:55:29.537+0000] {processor.py:183} INFO - Processing /opt/airflow/dags/csvs/first_load_csvs/design_database.XLSX took 0.034 seconds
[2024-10-01T20:55:59.640+0000] {processor.py:161} INFO - Started process (PID=86019) to work on /opt/airflow/dags/csvs/first_load_csvs/design_database.XLSX
[2024-10-01T20:55:59.642+0000] {processor.py:830} INFO - Processing file /opt/airflow/dags/csvs/first_load_csvs/design_database.XLSX for tasks to queue
[2024-10-01T20:55:59.643+0000] {logging_mixin.py:188} INFO - [2024-10-01T20:55:59.643+0000] {dagbag.py:545} INFO - Filling up the DagBag from /opt/airflow/dags/csvs/first_load_csvs/design_database.XLSX
[2024-10-01T20:55:59.660+0000] {processor.py:842} WARNING - No viable dags retrieved from /opt/airflow/dags/csvs/first_load_csvs/design_database.XLSX
[2024-10-01T20:55:59.682+0000] {processor.py:183} INFO - Processing /opt/airflow/dags/csvs/first_load_csvs/design_database.XLSX took 0.052 seconds
[2024-10-01T20:56:30.617+0000] {processor.py:161} INFO - Started process (PID=86092) to work on /opt/airflow/dags/csvs/first_load_csvs/design_database.XLSX
[2024-10-01T20:56:30.619+0000] {processor.py:830} INFO - Processing file /opt/airflow/dags/csvs/first_load_csvs/design_database.XLSX for tasks to queue
[2024-10-01T20:56:30.620+0000] {logging_mixin.py:188} INFO - [2024-10-01T20:56:30.619+0000] {dagbag.py:545} INFO - Filling up the DagBag from /opt/airflow/dags/csvs/first_load_csvs/design_database.XLSX
[2024-10-01T20:56:30.635+0000] {processor.py:842} WARNING - No viable dags retrieved from /opt/airflow/dags/csvs/first_load_csvs/design_database.XLSX
[2024-10-01T20:56:30.650+0000] {processor.py:183} INFO - Processing /opt/airflow/dags/csvs/first_load_csvs/design_database.XLSX took 0.041 seconds
[2024-10-01T20:57:01.204+0000] {processor.py:161} INFO - Started process (PID=86165) to work on /opt/airflow/dags/csvs/first_load_csvs/design_database.XLSX
[2024-10-01T20:57:01.206+0000] {processor.py:830} INFO - Processing file /opt/airflow/dags/csvs/first_load_csvs/design_database.XLSX for tasks to queue
[2024-10-01T20:57:01.206+0000] {logging_mixin.py:188} INFO - [2024-10-01T20:57:01.206+0000] {dagbag.py:545} INFO - Filling up the DagBag from /opt/airflow/dags/csvs/first_load_csvs/design_database.XLSX
[2024-10-01T20:57:01.217+0000] {processor.py:842} WARNING - No viable dags retrieved from /opt/airflow/dags/csvs/first_load_csvs/design_database.XLSX
[2024-10-01T20:57:01.235+0000] {processor.py:183} INFO - Processing /opt/airflow/dags/csvs/first_load_csvs/design_database.XLSX took 0.038 seconds
[2024-10-01T20:57:31.825+0000] {processor.py:161} INFO - Started process (PID=86238) to work on /opt/airflow/dags/csvs/first_load_csvs/design_database.XLSX
[2024-10-01T20:57:31.826+0000] {processor.py:830} INFO - Processing file /opt/airflow/dags/csvs/first_load_csvs/design_database.XLSX for tasks to queue
[2024-10-01T20:57:31.827+0000] {logging_mixin.py:188} INFO - [2024-10-01T20:57:31.827+0000] {dagbag.py:545} INFO - Filling up the DagBag from /opt/airflow/dags/csvs/first_load_csvs/design_database.XLSX
[2024-10-01T20:57:31.838+0000] {processor.py:842} WARNING - No viable dags retrieved from /opt/airflow/dags/csvs/first_load_csvs/design_database.XLSX
[2024-10-01T20:57:31.853+0000] {processor.py:183} INFO - Processing /opt/airflow/dags/csvs/first_load_csvs/design_database.XLSX took 0.036 seconds
[2024-10-01T20:58:02.805+0000] {processor.py:161} INFO - Started process (PID=86311) to work on /opt/airflow/dags/csvs/first_load_csvs/design_database.XLSX
[2024-10-01T20:58:02.806+0000] {processor.py:830} INFO - Processing file /opt/airflow/dags/csvs/first_load_csvs/design_database.XLSX for tasks to queue
[2024-10-01T20:58:02.807+0000] {logging_mixin.py:188} INFO - [2024-10-01T20:58:02.807+0000] {dagbag.py:545} INFO - Filling up the DagBag from /opt/airflow/dags/csvs/first_load_csvs/design_database.XLSX
[2024-10-01T20:58:02.819+0000] {processor.py:842} WARNING - No viable dags retrieved from /opt/airflow/dags/csvs/first_load_csvs/design_database.XLSX
[2024-10-01T20:58:02.835+0000] {processor.py:183} INFO - Processing /opt/airflow/dags/csvs/first_load_csvs/design_database.XLSX took 0.036 seconds
[2024-10-01T20:58:33.705+0000] {processor.py:161} INFO - Started process (PID=86384) to work on /opt/airflow/dags/csvs/first_load_csvs/design_database.XLSX
[2024-10-01T20:58:33.707+0000] {processor.py:830} INFO - Processing file /opt/airflow/dags/csvs/first_load_csvs/design_database.XLSX for tasks to queue
[2024-10-01T20:58:33.708+0000] {logging_mixin.py:188} INFO - [2024-10-01T20:58:33.708+0000] {dagbag.py:545} INFO - Filling up the DagBag from /opt/airflow/dags/csvs/first_load_csvs/design_database.XLSX
[2024-10-01T20:58:33.724+0000] {processor.py:842} WARNING - No viable dags retrieved from /opt/airflow/dags/csvs/first_load_csvs/design_database.XLSX
[2024-10-01T20:58:33.742+0000] {processor.py:183} INFO - Processing /opt/airflow/dags/csvs/first_load_csvs/design_database.XLSX took 0.047 seconds
[2024-10-01T20:58:44.329+0000] {processor.py:161} INFO - Started process (PID=86431) to work on /opt/airflow/dags/csvs/first_load_csvs/design_database.XLSX
[2024-10-01T20:58:44.332+0000] {processor.py:830} INFO - Processing file /opt/airflow/dags/csvs/first_load_csvs/design_database.XLSX for tasks to queue
[2024-10-01T20:58:44.336+0000] {logging_mixin.py:188} INFO - [2024-10-01T20:58:44.334+0000] {dagbag.py:545} INFO - Filling up the DagBag from /opt/airflow/dags/csvs/first_load_csvs/design_database.XLSX
[2024-10-01T20:58:44.372+0000] {processor.py:842} WARNING - No viable dags retrieved from /opt/airflow/dags/csvs/first_load_csvs/design_database.XLSX
[2024-10-01T20:58:44.418+0000] {processor.py:183} INFO - Processing /opt/airflow/dags/csvs/first_load_csvs/design_database.XLSX took 0.109 seconds
[2024-10-01T20:59:15.292+0000] {processor.py:161} INFO - Started process (PID=86504) to work on /opt/airflow/dags/csvs/first_load_csvs/design_database.XLSX
[2024-10-01T20:59:15.296+0000] {processor.py:830} INFO - Processing file /opt/airflow/dags/csvs/first_load_csvs/design_database.XLSX for tasks to queue
[2024-10-01T20:59:15.301+0000] {logging_mixin.py:188} INFO - [2024-10-01T20:59:15.300+0000] {dagbag.py:545} INFO - Filling up the DagBag from /opt/airflow/dags/csvs/first_load_csvs/design_database.XLSX
[2024-10-01T20:59:15.319+0000] {processor.py:842} WARNING - No viable dags retrieved from /opt/airflow/dags/csvs/first_load_csvs/design_database.XLSX
[2024-10-01T20:59:15.349+0000] {processor.py:183} INFO - Processing /opt/airflow/dags/csvs/first_load_csvs/design_database.XLSX took 0.075 seconds
[2024-10-01T20:59:46.635+0000] {processor.py:161} INFO - Started process (PID=86577) to work on /opt/airflow/dags/csvs/first_load_csvs/design_database.XLSX
[2024-10-01T20:59:46.637+0000] {processor.py:830} INFO - Processing file /opt/airflow/dags/csvs/first_load_csvs/design_database.XLSX for tasks to queue
[2024-10-01T20:59:46.638+0000] {logging_mixin.py:188} INFO - [2024-10-01T20:59:46.638+0000] {dagbag.py:545} INFO - Filling up the DagBag from /opt/airflow/dags/csvs/first_load_csvs/design_database.XLSX
[2024-10-01T20:59:46.654+0000] {processor.py:842} WARNING - No viable dags retrieved from /opt/airflow/dags/csvs/first_load_csvs/design_database.XLSX
[2024-10-01T20:59:46.679+0000] {processor.py:183} INFO - Processing /opt/airflow/dags/csvs/first_load_csvs/design_database.XLSX took 0.059 seconds
[2024-10-01T21:00:17.621+0000] {processor.py:161} INFO - Started process (PID=86650) to work on /opt/airflow/dags/csvs/first_load_csvs/design_database.XLSX
[2024-10-01T21:00:17.622+0000] {processor.py:830} INFO - Processing file /opt/airflow/dags/csvs/first_load_csvs/design_database.XLSX for tasks to queue
[2024-10-01T21:00:17.623+0000] {logging_mixin.py:188} INFO - [2024-10-01T21:00:17.623+0000] {dagbag.py:545} INFO - Filling up the DagBag from /opt/airflow/dags/csvs/first_load_csvs/design_database.XLSX
[2024-10-01T21:00:17.634+0000] {processor.py:842} WARNING - No viable dags retrieved from /opt/airflow/dags/csvs/first_load_csvs/design_database.XLSX
[2024-10-01T21:00:17.655+0000] {processor.py:183} INFO - Processing /opt/airflow/dags/csvs/first_load_csvs/design_database.XLSX took 0.044 seconds
[2024-10-01T21:00:48.361+0000] {processor.py:161} INFO - Started process (PID=86722) to work on /opt/airflow/dags/csvs/first_load_csvs/design_database.XLSX
[2024-10-01T21:00:48.363+0000] {processor.py:830} INFO - Processing file /opt/airflow/dags/csvs/first_load_csvs/design_database.XLSX for tasks to queue
[2024-10-01T21:00:48.365+0000] {logging_mixin.py:188} INFO - [2024-10-01T21:00:48.364+0000] {dagbag.py:545} INFO - Filling up the DagBag from /opt/airflow/dags/csvs/first_load_csvs/design_database.XLSX
[2024-10-01T21:00:48.384+0000] {processor.py:842} WARNING - No viable dags retrieved from /opt/airflow/dags/csvs/first_load_csvs/design_database.XLSX
[2024-10-01T21:00:48.402+0000] {processor.py:183} INFO - Processing /opt/airflow/dags/csvs/first_load_csvs/design_database.XLSX took 0.053 seconds
[2024-10-01T21:01:19.652+0000] {processor.py:161} INFO - Started process (PID=86795) to work on /opt/airflow/dags/csvs/first_load_csvs/design_database.XLSX
[2024-10-01T21:01:19.653+0000] {processor.py:830} INFO - Processing file /opt/airflow/dags/csvs/first_load_csvs/design_database.XLSX for tasks to queue
[2024-10-01T21:01:19.654+0000] {logging_mixin.py:188} INFO - [2024-10-01T21:01:19.654+0000] {dagbag.py:545} INFO - Filling up the DagBag from /opt/airflow/dags/csvs/first_load_csvs/design_database.XLSX
[2024-10-01T21:01:19.672+0000] {processor.py:842} WARNING - No viable dags retrieved from /opt/airflow/dags/csvs/first_load_csvs/design_database.XLSX
[2024-10-01T21:01:19.693+0000] {processor.py:183} INFO - Processing /opt/airflow/dags/csvs/first_load_csvs/design_database.XLSX took 0.052 seconds
[2024-10-01T21:01:50.897+0000] {processor.py:161} INFO - Started process (PID=86868) to work on /opt/airflow/dags/csvs/first_load_csvs/design_database.XLSX
[2024-10-01T21:01:50.898+0000] {processor.py:830} INFO - Processing file /opt/airflow/dags/csvs/first_load_csvs/design_database.XLSX for tasks to queue
[2024-10-01T21:01:50.899+0000] {logging_mixin.py:188} INFO - [2024-10-01T21:01:50.899+0000] {dagbag.py:545} INFO - Filling up the DagBag from /opt/airflow/dags/csvs/first_load_csvs/design_database.XLSX
[2024-10-01T21:01:50.912+0000] {processor.py:842} WARNING - No viable dags retrieved from /opt/airflow/dags/csvs/first_load_csvs/design_database.XLSX
[2024-10-01T21:01:50.927+0000] {processor.py:183} INFO - Processing /opt/airflow/dags/csvs/first_load_csvs/design_database.XLSX took 0.040 seconds
[2024-10-01T21:02:21.508+0000] {processor.py:161} INFO - Started process (PID=86941) to work on /opt/airflow/dags/csvs/first_load_csvs/design_database.XLSX
[2024-10-01T21:02:21.509+0000] {processor.py:830} INFO - Processing file /opt/airflow/dags/csvs/first_load_csvs/design_database.XLSX for tasks to queue
[2024-10-01T21:02:21.511+0000] {logging_mixin.py:188} INFO - [2024-10-01T21:02:21.510+0000] {dagbag.py:545} INFO - Filling up the DagBag from /opt/airflow/dags/csvs/first_load_csvs/design_database.XLSX
[2024-10-01T21:02:21.520+0000] {processor.py:842} WARNING - No viable dags retrieved from /opt/airflow/dags/csvs/first_load_csvs/design_database.XLSX
[2024-10-01T21:02:21.533+0000] {processor.py:183} INFO - Processing /opt/airflow/dags/csvs/first_load_csvs/design_database.XLSX took 0.032 seconds
[2024-10-01T21:02:52.142+0000] {processor.py:161} INFO - Started process (PID=87014) to work on /opt/airflow/dags/csvs/first_load_csvs/design_database.XLSX
[2024-10-01T21:02:52.143+0000] {processor.py:830} INFO - Processing file /opt/airflow/dags/csvs/first_load_csvs/design_database.XLSX for tasks to queue
[2024-10-01T21:02:52.144+0000] {logging_mixin.py:188} INFO - [2024-10-01T21:02:52.144+0000] {dagbag.py:545} INFO - Filling up the DagBag from /opt/airflow/dags/csvs/first_load_csvs/design_database.XLSX
[2024-10-01T21:02:52.156+0000] {processor.py:842} WARNING - No viable dags retrieved from /opt/airflow/dags/csvs/first_load_csvs/design_database.XLSX
[2024-10-01T21:02:52.170+0000] {processor.py:183} INFO - Processing /opt/airflow/dags/csvs/first_load_csvs/design_database.XLSX took 0.035 seconds
[2024-10-01T21:03:22.678+0000] {processor.py:161} INFO - Started process (PID=87087) to work on /opt/airflow/dags/csvs/first_load_csvs/design_database.XLSX
[2024-10-01T21:03:22.679+0000] {processor.py:830} INFO - Processing file /opt/airflow/dags/csvs/first_load_csvs/design_database.XLSX for tasks to queue
[2024-10-01T21:03:22.681+0000] {logging_mixin.py:188} INFO - [2024-10-01T21:03:22.680+0000] {dagbag.py:545} INFO - Filling up the DagBag from /opt/airflow/dags/csvs/first_load_csvs/design_database.XLSX
[2024-10-01T21:03:22.694+0000] {processor.py:842} WARNING - No viable dags retrieved from /opt/airflow/dags/csvs/first_load_csvs/design_database.XLSX
[2024-10-01T21:03:22.709+0000] {processor.py:183} INFO - Processing /opt/airflow/dags/csvs/first_load_csvs/design_database.XLSX took 0.038 seconds
[2024-10-01T21:03:53.593+0000] {processor.py:161} INFO - Started process (PID=87160) to work on /opt/airflow/dags/csvs/first_load_csvs/design_database.XLSX
[2024-10-01T21:03:53.594+0000] {processor.py:830} INFO - Processing file /opt/airflow/dags/csvs/first_load_csvs/design_database.XLSX for tasks to queue
[2024-10-01T21:03:53.595+0000] {logging_mixin.py:188} INFO - [2024-10-01T21:03:53.595+0000] {dagbag.py:545} INFO - Filling up the DagBag from /opt/airflow/dags/csvs/first_load_csvs/design_database.XLSX
[2024-10-01T21:03:53.604+0000] {processor.py:842} WARNING - No viable dags retrieved from /opt/airflow/dags/csvs/first_load_csvs/design_database.XLSX
[2024-10-01T21:03:53.617+0000] {processor.py:183} INFO - Processing /opt/airflow/dags/csvs/first_load_csvs/design_database.XLSX took 0.033 seconds
[2024-10-01T21:04:24.998+0000] {processor.py:161} INFO - Started process (PID=87233) to work on /opt/airflow/dags/csvs/first_load_csvs/design_database.XLSX
[2024-10-01T21:04:24.999+0000] {processor.py:830} INFO - Processing file /opt/airflow/dags/csvs/first_load_csvs/design_database.XLSX for tasks to queue
[2024-10-01T21:04:25.000+0000] {logging_mixin.py:188} INFO - [2024-10-01T21:04:25.000+0000] {dagbag.py:545} INFO - Filling up the DagBag from /opt/airflow/dags/csvs/first_load_csvs/design_database.XLSX
[2024-10-01T21:04:25.013+0000] {processor.py:842} WARNING - No viable dags retrieved from /opt/airflow/dags/csvs/first_load_csvs/design_database.XLSX
[2024-10-01T21:04:25.027+0000] {processor.py:183} INFO - Processing /opt/airflow/dags/csvs/first_load_csvs/design_database.XLSX took 0.036 seconds
[2024-10-01T21:04:56.143+0000] {processor.py:161} INFO - Started process (PID=87306) to work on /opt/airflow/dags/csvs/first_load_csvs/design_database.XLSX
[2024-10-01T21:04:56.144+0000] {processor.py:830} INFO - Processing file /opt/airflow/dags/csvs/first_load_csvs/design_database.XLSX for tasks to queue
[2024-10-01T21:04:56.145+0000] {logging_mixin.py:188} INFO - [2024-10-01T21:04:56.145+0000] {dagbag.py:545} INFO - Filling up the DagBag from /opt/airflow/dags/csvs/first_load_csvs/design_database.XLSX
[2024-10-01T21:04:56.157+0000] {processor.py:842} WARNING - No viable dags retrieved from /opt/airflow/dags/csvs/first_load_csvs/design_database.XLSX
[2024-10-01T21:04:56.170+0000] {processor.py:183} INFO - Processing /opt/airflow/dags/csvs/first_load_csvs/design_database.XLSX took 0.035 seconds
[2024-10-01T21:05:27.246+0000] {processor.py:161} INFO - Started process (PID=87379) to work on /opt/airflow/dags/csvs/first_load_csvs/design_database.XLSX
[2024-10-01T21:05:27.247+0000] {processor.py:830} INFO - Processing file /opt/airflow/dags/csvs/first_load_csvs/design_database.XLSX for tasks to queue
[2024-10-01T21:05:27.248+0000] {logging_mixin.py:188} INFO - [2024-10-01T21:05:27.247+0000] {dagbag.py:545} INFO - Filling up the DagBag from /opt/airflow/dags/csvs/first_load_csvs/design_database.XLSX
[2024-10-01T21:05:27.261+0000] {processor.py:842} WARNING - No viable dags retrieved from /opt/airflow/dags/csvs/first_load_csvs/design_database.XLSX
[2024-10-01T21:05:27.278+0000] {processor.py:183} INFO - Processing /opt/airflow/dags/csvs/first_load_csvs/design_database.XLSX took 0.039 seconds
[2024-10-01T21:05:58.699+0000] {processor.py:161} INFO - Started process (PID=87452) to work on /opt/airflow/dags/csvs/first_load_csvs/design_database.XLSX
[2024-10-01T21:05:58.701+0000] {processor.py:830} INFO - Processing file /opt/airflow/dags/csvs/first_load_csvs/design_database.XLSX for tasks to queue
[2024-10-01T21:05:58.702+0000] {logging_mixin.py:188} INFO - [2024-10-01T21:05:58.701+0000] {dagbag.py:545} INFO - Filling up the DagBag from /opt/airflow/dags/csvs/first_load_csvs/design_database.XLSX
[2024-10-01T21:05:58.712+0000] {processor.py:842} WARNING - No viable dags retrieved from /opt/airflow/dags/csvs/first_load_csvs/design_database.XLSX
[2024-10-01T21:05:58.728+0000] {processor.py:183} INFO - Processing /opt/airflow/dags/csvs/first_load_csvs/design_database.XLSX took 0.034 seconds
[2024-10-01T21:06:06.112+0000] {processor.py:161} INFO - Started process (PID=87461) to work on /opt/airflow/dags/csvs/first_load_csvs/design_database.XLSX
[2024-10-01T21:06:06.113+0000] {processor.py:830} INFO - Processing file /opt/airflow/dags/csvs/first_load_csvs/design_database.XLSX for tasks to queue
[2024-10-01T21:06:06.115+0000] {logging_mixin.py:188} INFO - [2024-10-01T21:06:06.114+0000] {dagbag.py:545} INFO - Filling up the DagBag from /opt/airflow/dags/csvs/first_load_csvs/design_database.XLSX
[2024-10-01T21:06:06.132+0000] {processor.py:842} WARNING - No viable dags retrieved from /opt/airflow/dags/csvs/first_load_csvs/design_database.XLSX
[2024-10-01T21:06:06.151+0000] {processor.py:183} INFO - Processing /opt/airflow/dags/csvs/first_load_csvs/design_database.XLSX took 0.049 seconds
[2024-10-01T21:06:36.928+0000] {processor.py:161} INFO - Started process (PID=87535) to work on /opt/airflow/dags/csvs/first_load_csvs/design_database.XLSX
[2024-10-01T21:06:36.930+0000] {processor.py:830} INFO - Processing file /opt/airflow/dags/csvs/first_load_csvs/design_database.XLSX for tasks to queue
[2024-10-01T21:06:36.931+0000] {logging_mixin.py:188} INFO - [2024-10-01T21:06:36.931+0000] {dagbag.py:545} INFO - Filling up the DagBag from /opt/airflow/dags/csvs/first_load_csvs/design_database.XLSX
[2024-10-01T21:06:36.948+0000] {processor.py:842} WARNING - No viable dags retrieved from /opt/airflow/dags/csvs/first_load_csvs/design_database.XLSX
[2024-10-01T21:06:36.966+0000] {processor.py:183} INFO - Processing /opt/airflow/dags/csvs/first_load_csvs/design_database.XLSX took 0.046 seconds
[2024-10-01T21:07:08.115+0000] {processor.py:161} INFO - Started process (PID=87607) to work on /opt/airflow/dags/csvs/first_load_csvs/design_database.XLSX
[2024-10-01T21:07:08.116+0000] {processor.py:830} INFO - Processing file /opt/airflow/dags/csvs/first_load_csvs/design_database.XLSX for tasks to queue
[2024-10-01T21:07:08.117+0000] {logging_mixin.py:188} INFO - [2024-10-01T21:07:08.117+0000] {dagbag.py:545} INFO - Filling up the DagBag from /opt/airflow/dags/csvs/first_load_csvs/design_database.XLSX
[2024-10-01T21:07:08.129+0000] {processor.py:842} WARNING - No viable dags retrieved from /opt/airflow/dags/csvs/first_load_csvs/design_database.XLSX
[2024-10-01T21:07:08.143+0000] {processor.py:183} INFO - Processing /opt/airflow/dags/csvs/first_load_csvs/design_database.XLSX took 0.036 seconds
[2024-10-01T21:07:39.527+0000] {processor.py:161} INFO - Started process (PID=87680) to work on /opt/airflow/dags/csvs/first_load_csvs/design_database.XLSX
[2024-10-01T21:07:39.529+0000] {processor.py:830} INFO - Processing file /opt/airflow/dags/csvs/first_load_csvs/design_database.XLSX for tasks to queue
[2024-10-01T21:07:39.534+0000] {logging_mixin.py:188} INFO - [2024-10-01T21:07:39.531+0000] {dagbag.py:545} INFO - Filling up the DagBag from /opt/airflow/dags/csvs/first_load_csvs/design_database.XLSX
[2024-10-01T21:07:39.559+0000] {processor.py:842} WARNING - No viable dags retrieved from /opt/airflow/dags/csvs/first_load_csvs/design_database.XLSX
[2024-10-01T21:07:39.607+0000] {processor.py:183} INFO - Processing /opt/airflow/dags/csvs/first_load_csvs/design_database.XLSX took 0.095 seconds
[2024-10-01T21:08:10.375+0000] {processor.py:161} INFO - Started process (PID=87753) to work on /opt/airflow/dags/csvs/first_load_csvs/design_database.XLSX
[2024-10-01T21:08:10.376+0000] {processor.py:830} INFO - Processing file /opt/airflow/dags/csvs/first_load_csvs/design_database.XLSX for tasks to queue
[2024-10-01T21:08:10.378+0000] {logging_mixin.py:188} INFO - [2024-10-01T21:08:10.377+0000] {dagbag.py:545} INFO - Filling up the DagBag from /opt/airflow/dags/csvs/first_load_csvs/design_database.XLSX
[2024-10-01T21:08:10.391+0000] {processor.py:842} WARNING - No viable dags retrieved from /opt/airflow/dags/csvs/first_load_csvs/design_database.XLSX
[2024-10-01T21:08:10.407+0000] {processor.py:183} INFO - Processing /opt/airflow/dags/csvs/first_load_csvs/design_database.XLSX took 0.041 seconds
[2024-10-01T21:08:41.151+0000] {processor.py:161} INFO - Started process (PID=87826) to work on /opt/airflow/dags/csvs/first_load_csvs/design_database.XLSX
[2024-10-01T21:08:41.153+0000] {processor.py:830} INFO - Processing file /opt/airflow/dags/csvs/first_load_csvs/design_database.XLSX for tasks to queue
[2024-10-01T21:08:41.154+0000] {logging_mixin.py:188} INFO - [2024-10-01T21:08:41.154+0000] {dagbag.py:545} INFO - Filling up the DagBag from /opt/airflow/dags/csvs/first_load_csvs/design_database.XLSX
[2024-10-01T21:08:41.167+0000] {processor.py:842} WARNING - No viable dags retrieved from /opt/airflow/dags/csvs/first_load_csvs/design_database.XLSX
[2024-10-01T21:08:41.187+0000] {processor.py:183} INFO - Processing /opt/airflow/dags/csvs/first_load_csvs/design_database.XLSX took 0.043 seconds
[2024-10-01T21:09:11.685+0000] {processor.py:161} INFO - Started process (PID=87899) to work on /opt/airflow/dags/csvs/first_load_csvs/design_database.XLSX
[2024-10-01T21:09:11.686+0000] {processor.py:830} INFO - Processing file /opt/airflow/dags/csvs/first_load_csvs/design_database.XLSX for tasks to queue
[2024-10-01T21:09:11.687+0000] {logging_mixin.py:188} INFO - [2024-10-01T21:09:11.687+0000] {dagbag.py:545} INFO - Filling up the DagBag from /opt/airflow/dags/csvs/first_load_csvs/design_database.XLSX
[2024-10-01T21:09:11.696+0000] {processor.py:842} WARNING - No viable dags retrieved from /opt/airflow/dags/csvs/first_load_csvs/design_database.XLSX
[2024-10-01T21:09:11.709+0000] {processor.py:183} INFO - Processing /opt/airflow/dags/csvs/first_load_csvs/design_database.XLSX took 0.030 seconds
[2024-10-01T21:09:22.341+0000] {processor.py:161} INFO - Started process (PID=87934) to work on /opt/airflow/dags/csvs/first_load_csvs/design_database.XLSX
[2024-10-01T21:09:22.342+0000] {processor.py:830} INFO - Processing file /opt/airflow/dags/csvs/first_load_csvs/design_database.XLSX for tasks to queue
[2024-10-01T21:09:22.344+0000] {logging_mixin.py:188} INFO - [2024-10-01T21:09:22.344+0000] {dagbag.py:545} INFO - Filling up the DagBag from /opt/airflow/dags/csvs/first_load_csvs/design_database.XLSX
[2024-10-01T21:09:22.356+0000] {processor.py:842} WARNING - No viable dags retrieved from /opt/airflow/dags/csvs/first_load_csvs/design_database.XLSX
[2024-10-01T21:09:22.372+0000] {processor.py:183} INFO - Processing /opt/airflow/dags/csvs/first_load_csvs/design_database.XLSX took 0.038 seconds
[2024-10-01T21:09:53.800+0000] {processor.py:161} INFO - Started process (PID=88007) to work on /opt/airflow/dags/csvs/first_load_csvs/design_database.XLSX
[2024-10-01T21:09:53.801+0000] {processor.py:830} INFO - Processing file /opt/airflow/dags/csvs/first_load_csvs/design_database.XLSX for tasks to queue
[2024-10-01T21:09:53.802+0000] {logging_mixin.py:188} INFO - [2024-10-01T21:09:53.802+0000] {dagbag.py:545} INFO - Filling up the DagBag from /opt/airflow/dags/csvs/first_load_csvs/design_database.XLSX
[2024-10-01T21:09:53.816+0000] {processor.py:842} WARNING - No viable dags retrieved from /opt/airflow/dags/csvs/first_load_csvs/design_database.XLSX
[2024-10-01T21:09:53.835+0000] {processor.py:183} INFO - Processing /opt/airflow/dags/csvs/first_load_csvs/design_database.XLSX took 0.044 seconds
[2024-10-01T21:10:25.265+0000] {processor.py:161} INFO - Started process (PID=88080) to work on /opt/airflow/dags/csvs/first_load_csvs/design_database.XLSX
[2024-10-01T21:10:25.266+0000] {processor.py:830} INFO - Processing file /opt/airflow/dags/csvs/first_load_csvs/design_database.XLSX for tasks to queue
[2024-10-01T21:10:25.267+0000] {logging_mixin.py:188} INFO - [2024-10-01T21:10:25.267+0000] {dagbag.py:545} INFO - Filling up the DagBag from /opt/airflow/dags/csvs/first_load_csvs/design_database.XLSX
[2024-10-01T21:10:25.279+0000] {processor.py:842} WARNING - No viable dags retrieved from /opt/airflow/dags/csvs/first_load_csvs/design_database.XLSX
[2024-10-01T21:10:25.295+0000] {processor.py:183} INFO - Processing /opt/airflow/dags/csvs/first_load_csvs/design_database.XLSX took 0.039 seconds
[2024-10-01T21:10:56.038+0000] {processor.py:161} INFO - Started process (PID=88153) to work on /opt/airflow/dags/csvs/first_load_csvs/design_database.XLSX
[2024-10-01T21:10:56.043+0000] {processor.py:830} INFO - Processing file /opt/airflow/dags/csvs/first_load_csvs/design_database.XLSX for tasks to queue
[2024-10-01T21:10:56.044+0000] {logging_mixin.py:188} INFO - [2024-10-01T21:10:56.044+0000] {dagbag.py:545} INFO - Filling up the DagBag from /opt/airflow/dags/csvs/first_load_csvs/design_database.XLSX
[2024-10-01T21:10:56.062+0000] {processor.py:842} WARNING - No viable dags retrieved from /opt/airflow/dags/csvs/first_load_csvs/design_database.XLSX
[2024-10-01T21:10:56.088+0000] {processor.py:183} INFO - Processing /opt/airflow/dags/csvs/first_load_csvs/design_database.XLSX took 0.062 seconds
[2024-10-01T21:11:27.488+0000] {processor.py:161} INFO - Started process (PID=88226) to work on /opt/airflow/dags/csvs/first_load_csvs/design_database.XLSX
[2024-10-01T21:11:27.489+0000] {processor.py:830} INFO - Processing file /opt/airflow/dags/csvs/first_load_csvs/design_database.XLSX for tasks to queue
[2024-10-01T21:11:27.490+0000] {logging_mixin.py:188} INFO - [2024-10-01T21:11:27.490+0000] {dagbag.py:545} INFO - Filling up the DagBag from /opt/airflow/dags/csvs/first_load_csvs/design_database.XLSX
[2024-10-01T21:11:27.504+0000] {processor.py:842} WARNING - No viable dags retrieved from /opt/airflow/dags/csvs/first_load_csvs/design_database.XLSX
[2024-10-01T21:11:27.521+0000] {processor.py:183} INFO - Processing /opt/airflow/dags/csvs/first_load_csvs/design_database.XLSX took 0.040 seconds
[2024-10-01T21:11:58.194+0000] {processor.py:161} INFO - Started process (PID=88299) to work on /opt/airflow/dags/csvs/first_load_csvs/design_database.XLSX
[2024-10-01T21:11:58.195+0000] {processor.py:830} INFO - Processing file /opt/airflow/dags/csvs/first_load_csvs/design_database.XLSX for tasks to queue
[2024-10-01T21:11:58.196+0000] {logging_mixin.py:188} INFO - [2024-10-01T21:11:58.196+0000] {dagbag.py:545} INFO - Filling up the DagBag from /opt/airflow/dags/csvs/first_load_csvs/design_database.XLSX
[2024-10-01T21:11:58.206+0000] {processor.py:842} WARNING - No viable dags retrieved from /opt/airflow/dags/csvs/first_load_csvs/design_database.XLSX
[2024-10-01T21:11:58.220+0000] {processor.py:183} INFO - Processing /opt/airflow/dags/csvs/first_load_csvs/design_database.XLSX took 0.034 seconds
[2024-10-01T21:12:29.606+0000] {processor.py:161} INFO - Started process (PID=88372) to work on /opt/airflow/dags/csvs/first_load_csvs/design_database.XLSX
[2024-10-01T21:12:29.607+0000] {processor.py:830} INFO - Processing file /opt/airflow/dags/csvs/first_load_csvs/design_database.XLSX for tasks to queue
[2024-10-01T21:12:29.608+0000] {logging_mixin.py:188} INFO - [2024-10-01T21:12:29.608+0000] {dagbag.py:545} INFO - Filling up the DagBag from /opt/airflow/dags/csvs/first_load_csvs/design_database.XLSX
[2024-10-01T21:12:29.619+0000] {processor.py:842} WARNING - No viable dags retrieved from /opt/airflow/dags/csvs/first_load_csvs/design_database.XLSX
[2024-10-01T21:12:29.633+0000] {processor.py:183} INFO - Processing /opt/airflow/dags/csvs/first_load_csvs/design_database.XLSX took 0.034 seconds
[2024-10-01T21:13:00.350+0000] {processor.py:161} INFO - Started process (PID=88445) to work on /opt/airflow/dags/csvs/first_load_csvs/design_database.XLSX
[2024-10-01T21:13:00.351+0000] {processor.py:830} INFO - Processing file /opt/airflow/dags/csvs/first_load_csvs/design_database.XLSX for tasks to queue
[2024-10-01T21:13:00.352+0000] {logging_mixin.py:188} INFO - [2024-10-01T21:13:00.352+0000] {dagbag.py:545} INFO - Filling up the DagBag from /opt/airflow/dags/csvs/first_load_csvs/design_database.XLSX
[2024-10-01T21:13:00.366+0000] {processor.py:842} WARNING - No viable dags retrieved from /opt/airflow/dags/csvs/first_load_csvs/design_database.XLSX
[2024-10-01T21:13:00.381+0000] {processor.py:183} INFO - Processing /opt/airflow/dags/csvs/first_load_csvs/design_database.XLSX took 0.039 seconds
[2024-10-01T21:13:31.122+0000] {processor.py:161} INFO - Started process (PID=88518) to work on /opt/airflow/dags/csvs/first_load_csvs/design_database.XLSX
[2024-10-01T21:13:31.123+0000] {processor.py:830} INFO - Processing file /opt/airflow/dags/csvs/first_load_csvs/design_database.XLSX for tasks to queue
[2024-10-01T21:13:31.126+0000] {logging_mixin.py:188} INFO - [2024-10-01T21:13:31.125+0000] {dagbag.py:545} INFO - Filling up the DagBag from /opt/airflow/dags/csvs/first_load_csvs/design_database.XLSX
[2024-10-01T21:13:31.139+0000] {processor.py:842} WARNING - No viable dags retrieved from /opt/airflow/dags/csvs/first_load_csvs/design_database.XLSX
[2024-10-01T21:13:31.158+0000] {processor.py:183} INFO - Processing /opt/airflow/dags/csvs/first_load_csvs/design_database.XLSX took 0.045 seconds
[2024-10-01T21:14:02.307+0000] {processor.py:161} INFO - Started process (PID=88591) to work on /opt/airflow/dags/csvs/first_load_csvs/design_database.XLSX
[2024-10-01T21:14:02.308+0000] {processor.py:830} INFO - Processing file /opt/airflow/dags/csvs/first_load_csvs/design_database.XLSX for tasks to queue
[2024-10-01T21:14:02.309+0000] {logging_mixin.py:188} INFO - [2024-10-01T21:14:02.309+0000] {dagbag.py:545} INFO - Filling up the DagBag from /opt/airflow/dags/csvs/first_load_csvs/design_database.XLSX
[2024-10-01T21:14:02.320+0000] {processor.py:842} WARNING - No viable dags retrieved from /opt/airflow/dags/csvs/first_load_csvs/design_database.XLSX
[2024-10-01T21:14:02.336+0000] {processor.py:183} INFO - Processing /opt/airflow/dags/csvs/first_load_csvs/design_database.XLSX took 0.038 seconds
[2024-10-01T21:14:33.446+0000] {processor.py:161} INFO - Started process (PID=88664) to work on /opt/airflow/dags/csvs/first_load_csvs/design_database.XLSX
[2024-10-01T21:14:33.447+0000] {processor.py:830} INFO - Processing file /opt/airflow/dags/csvs/first_load_csvs/design_database.XLSX for tasks to queue
[2024-10-01T21:14:33.449+0000] {logging_mixin.py:188} INFO - [2024-10-01T21:14:33.448+0000] {dagbag.py:545} INFO - Filling up the DagBag from /opt/airflow/dags/csvs/first_load_csvs/design_database.XLSX
[2024-10-01T21:14:33.461+0000] {processor.py:842} WARNING - No viable dags retrieved from /opt/airflow/dags/csvs/first_load_csvs/design_database.XLSX
[2024-10-01T21:14:33.476+0000] {processor.py:183} INFO - Processing /opt/airflow/dags/csvs/first_load_csvs/design_database.XLSX took 0.037 seconds
[2024-10-01T21:15:04.798+0000] {processor.py:161} INFO - Started process (PID=88737) to work on /opt/airflow/dags/csvs/first_load_csvs/design_database.XLSX
[2024-10-01T21:15:04.799+0000] {processor.py:830} INFO - Processing file /opt/airflow/dags/csvs/first_load_csvs/design_database.XLSX for tasks to queue
[2024-10-01T21:15:04.800+0000] {logging_mixin.py:188} INFO - [2024-10-01T21:15:04.800+0000] {dagbag.py:545} INFO - Filling up the DagBag from /opt/airflow/dags/csvs/first_load_csvs/design_database.XLSX
[2024-10-01T21:15:04.814+0000] {processor.py:842} WARNING - No viable dags retrieved from /opt/airflow/dags/csvs/first_load_csvs/design_database.XLSX
[2024-10-01T21:15:04.830+0000] {processor.py:183} INFO - Processing /opt/airflow/dags/csvs/first_load_csvs/design_database.XLSX took 0.039 seconds
[2024-10-01T21:15:35.573+0000] {processor.py:161} INFO - Started process (PID=88810) to work on /opt/airflow/dags/csvs/first_load_csvs/design_database.XLSX
[2024-10-01T21:15:35.575+0000] {processor.py:830} INFO - Processing file /opt/airflow/dags/csvs/first_load_csvs/design_database.XLSX for tasks to queue
[2024-10-01T21:15:35.576+0000] {logging_mixin.py:188} INFO - [2024-10-01T21:15:35.576+0000] {dagbag.py:545} INFO - Filling up the DagBag from /opt/airflow/dags/csvs/first_load_csvs/design_database.XLSX
[2024-10-01T21:15:35.592+0000] {processor.py:842} WARNING - No viable dags retrieved from /opt/airflow/dags/csvs/first_load_csvs/design_database.XLSX
[2024-10-01T21:15:35.610+0000] {processor.py:183} INFO - Processing /opt/airflow/dags/csvs/first_load_csvs/design_database.XLSX took 0.046 seconds
[2024-10-01T21:16:06.128+0000] {processor.py:161} INFO - Started process (PID=88883) to work on /opt/airflow/dags/csvs/first_load_csvs/design_database.XLSX
[2024-10-01T21:16:06.129+0000] {processor.py:830} INFO - Processing file /opt/airflow/dags/csvs/first_load_csvs/design_database.XLSX for tasks to queue
[2024-10-01T21:16:06.130+0000] {logging_mixin.py:188} INFO - [2024-10-01T21:16:06.130+0000] {dagbag.py:545} INFO - Filling up the DagBag from /opt/airflow/dags/csvs/first_load_csvs/design_database.XLSX
[2024-10-01T21:16:06.141+0000] {processor.py:842} WARNING - No viable dags retrieved from /opt/airflow/dags/csvs/first_load_csvs/design_database.XLSX
[2024-10-01T21:16:06.155+0000] {processor.py:183} INFO - Processing /opt/airflow/dags/csvs/first_load_csvs/design_database.XLSX took 0.033 seconds
[2024-10-01T21:16:36.932+0000] {processor.py:161} INFO - Started process (PID=88956) to work on /opt/airflow/dags/csvs/first_load_csvs/design_database.XLSX
[2024-10-01T21:16:36.933+0000] {processor.py:830} INFO - Processing file /opt/airflow/dags/csvs/first_load_csvs/design_database.XLSX for tasks to queue
[2024-10-01T21:16:36.935+0000] {logging_mixin.py:188} INFO - [2024-10-01T21:16:36.935+0000] {dagbag.py:545} INFO - Filling up the DagBag from /opt/airflow/dags/csvs/first_load_csvs/design_database.XLSX
[2024-10-01T21:16:36.952+0000] {processor.py:842} WARNING - No viable dags retrieved from /opt/airflow/dags/csvs/first_load_csvs/design_database.XLSX
[2024-10-01T21:16:36.975+0000] {processor.py:183} INFO - Processing /opt/airflow/dags/csvs/first_load_csvs/design_database.XLSX took 0.052 seconds
[2024-10-01T21:17:07.894+0000] {processor.py:161} INFO - Started process (PID=89029) to work on /opt/airflow/dags/csvs/first_load_csvs/design_database.XLSX
[2024-10-01T21:17:07.895+0000] {processor.py:830} INFO - Processing file /opt/airflow/dags/csvs/first_load_csvs/design_database.XLSX for tasks to queue
[2024-10-01T21:17:07.897+0000] {logging_mixin.py:188} INFO - [2024-10-01T21:17:07.896+0000] {dagbag.py:545} INFO - Filling up the DagBag from /opt/airflow/dags/csvs/first_load_csvs/design_database.XLSX
[2024-10-01T21:17:07.909+0000] {processor.py:842} WARNING - No viable dags retrieved from /opt/airflow/dags/csvs/first_load_csvs/design_database.XLSX
[2024-10-01T21:17:07.923+0000] {processor.py:183} INFO - Processing /opt/airflow/dags/csvs/first_load_csvs/design_database.XLSX took 0.036 seconds
[2024-10-01T21:17:38.457+0000] {processor.py:161} INFO - Started process (PID=89102) to work on /opt/airflow/dags/csvs/first_load_csvs/design_database.XLSX
[2024-10-01T21:17:38.458+0000] {processor.py:830} INFO - Processing file /opt/airflow/dags/csvs/first_load_csvs/design_database.XLSX for tasks to queue
[2024-10-01T21:17:38.460+0000] {logging_mixin.py:188} INFO - [2024-10-01T21:17:38.459+0000] {dagbag.py:545} INFO - Filling up the DagBag from /opt/airflow/dags/csvs/first_load_csvs/design_database.XLSX
[2024-10-01T21:17:38.473+0000] {processor.py:842} WARNING - No viable dags retrieved from /opt/airflow/dags/csvs/first_load_csvs/design_database.XLSX
[2024-10-01T21:17:38.488+0000] {processor.py:183} INFO - Processing /opt/airflow/dags/csvs/first_load_csvs/design_database.XLSX took 0.043 seconds
[2024-10-01T21:18:09.163+0000] {processor.py:161} INFO - Started process (PID=89176) to work on /opt/airflow/dags/csvs/first_load_csvs/design_database.XLSX
[2024-10-01T21:18:09.164+0000] {processor.py:830} INFO - Processing file /opt/airflow/dags/csvs/first_load_csvs/design_database.XLSX for tasks to queue
[2024-10-01T21:18:09.166+0000] {logging_mixin.py:188} INFO - [2024-10-01T21:18:09.165+0000] {dagbag.py:545} INFO - Filling up the DagBag from /opt/airflow/dags/csvs/first_load_csvs/design_database.XLSX
[2024-10-01T21:18:09.180+0000] {processor.py:842} WARNING - No viable dags retrieved from /opt/airflow/dags/csvs/first_load_csvs/design_database.XLSX
[2024-10-01T21:18:09.195+0000] {processor.py:183} INFO - Processing /opt/airflow/dags/csvs/first_load_csvs/design_database.XLSX took 0.041 seconds
[2024-10-01T21:18:39.761+0000] {processor.py:161} INFO - Started process (PID=89249) to work on /opt/airflow/dags/csvs/first_load_csvs/design_database.XLSX
[2024-10-01T21:18:39.762+0000] {processor.py:830} INFO - Processing file /opt/airflow/dags/csvs/first_load_csvs/design_database.XLSX for tasks to queue
[2024-10-01T21:18:39.763+0000] {logging_mixin.py:188} INFO - [2024-10-01T21:18:39.763+0000] {dagbag.py:545} INFO - Filling up the DagBag from /opt/airflow/dags/csvs/first_load_csvs/design_database.XLSX
[2024-10-01T21:18:39.775+0000] {processor.py:842} WARNING - No viable dags retrieved from /opt/airflow/dags/csvs/first_load_csvs/design_database.XLSX
[2024-10-01T21:18:39.789+0000] {processor.py:183} INFO - Processing /opt/airflow/dags/csvs/first_load_csvs/design_database.XLSX took 0.035 seconds
[2024-10-01T21:18:57.250+0000] {processor.py:161} INFO - Started process (PID=89301) to work on /opt/airflow/dags/csvs/first_load_csvs/design_database.XLSX
[2024-10-01T21:18:57.256+0000] {processor.py:830} INFO - Processing file /opt/airflow/dags/csvs/first_load_csvs/design_database.XLSX for tasks to queue
[2024-10-01T21:18:57.260+0000] {logging_mixin.py:188} INFO - [2024-10-01T21:18:57.257+0000] {dagbag.py:545} INFO - Filling up the DagBag from /opt/airflow/dags/csvs/first_load_csvs/design_database.XLSX
[2024-10-01T21:18:57.286+0000] {processor.py:842} WARNING - No viable dags retrieved from /opt/airflow/dags/csvs/first_load_csvs/design_database.XLSX
[2024-10-01T21:18:57.325+0000] {processor.py:183} INFO - Processing /opt/airflow/dags/csvs/first_load_csvs/design_database.XLSX took 0.103 seconds
