[2024-10-01T15:39:43.950+0000] {local_task_job_runner.py:120} INFO - ::group::Pre task execution logs
[2024-10-01T15:39:43.979+0000] {taskinstance.py:2076} INFO - Dependencies all met for dep_context=non-requeueable deps ti=<TaskInstance: intialization_database.merge_transform_sofascore manual__2024-10-01T15:39:29.899385+00:00 [queued]>
[2024-10-01T15:39:43.991+0000] {taskinstance.py:2076} INFO - Dependencies all met for dep_context=requeueable deps ti=<TaskInstance: intialization_database.merge_transform_sofascore manual__2024-10-01T15:39:29.899385+00:00 [queued]>
[2024-10-01T15:39:43.992+0000] {taskinstance.py:2306} INFO - Starting attempt 1 of 2
[2024-10-01T15:39:44.009+0000] {taskinstance.py:2330} INFO - Executing <Task(PythonOperator): merge_transform_sofascore> on 2024-10-01 15:39:29.899385+00:00
[2024-10-01T15:39:44.018+0000] {warnings.py:112} WARNING - /home/***/.local/lib/python3.12/site-packages/***/task/task_runner/standard_task_runner.py:61: DeprecationWarning: This process (pid=4318) is multi-threaded, use of fork() may lead to deadlocks in the child.
  pid = os.fork()

[2024-10-01T15:39:44.020+0000] {standard_task_runner.py:63} INFO - Started process 4320 to run task
[2024-10-01T15:39:44.021+0000] {standard_task_runner.py:90} INFO - Running: ['***', 'tasks', 'run', 'intialization_database', 'merge_transform_sofascore', 'manual__2024-10-01T15:39:29.899385+00:00', '--job-id', '3031', '--raw', '--subdir', 'DAGS_FOLDER/initialization.py', '--cfg-path', '/tmp/tmpg83wxkt5']
[2024-10-01T15:39:44.022+0000] {standard_task_runner.py:91} INFO - Job 3031: Subtask merge_transform_sofascore
[2024-10-01T15:39:44.078+0000] {task_command.py:426} INFO - Running <TaskInstance: intialization_database.merge_transform_sofascore manual__2024-10-01T15:39:29.899385+00:00 [running]> on host f8103d9b7858
[2024-10-01T15:39:44.193+0000] {taskinstance.py:2648} INFO - Exporting env vars: AIRFLOW_CTX_DAG_OWNER='***' AIRFLOW_CTX_DAG_ID='intialization_database' AIRFLOW_CTX_TASK_ID='merge_transform_sofascore' AIRFLOW_CTX_EXECUTION_DATE='2024-10-01T15:39:29.899385+00:00' AIRFLOW_CTX_TRY_NUMBER='1' AIRFLOW_CTX_DAG_RUN_ID='manual__2024-10-01T15:39:29.899385+00:00'
[2024-10-01T15:39:44.195+0000] {taskinstance.py:430} INFO - ::endgroup::
[2024-10-01T15:39:50.886+0000] {warnings.py:112} WARNING - /opt/***/dags/helpers_initialization_dag/helpers_sofascore_merging_transforming_csvs_fl.py:38: FutureWarning: DataFrame.applymap has been deprecated. Use DataFrame.map instead.
  dataframe = dataframe.applymap(lambda x: x.strip() if isinstance(x, str) else x)

[2024-10-01T15:39:54.515+0000] {python.py:237} INFO - Done. Returned value was: None
[2024-10-01T15:39:54.517+0000] {taskinstance.py:441} INFO - ::group::Post task execution logs
[2024-10-01T15:39:54.529+0000] {taskinstance.py:1206} INFO - Marking task as SUCCESS. dag_id=intialization_database, task_id=merge_transform_sofascore, run_id=manual__2024-10-01T15:39:29.899385+00:00, execution_date=20241001T153929, start_date=20241001T153943, end_date=20241001T153954
[2024-10-01T15:39:54.581+0000] {local_task_job_runner.py:240} INFO - Task exited with return code 0
[2024-10-01T15:39:54.595+0000] {warnings.py:112} WARNING - /home/***/.local/lib/python3.12/site-packages/***/models/baseoperator.py:1297: AirflowProviderDeprecationWarning: Call to deprecated class PostgresOperator. (Please use `***.providers.common.sql.operators.sql.SQLExecuteQueryOperator`.Also, you can provide `hook_params={'schema': <database>}`.)
  result = cls.__new__(cls)

[2024-10-01T15:39:54.622+0000] {taskinstance.py:3503} INFO - 1 downstream tasks scheduled from follow-on schedule check
[2024-10-01T15:39:54.625+0000] {local_task_job_runner.py:222} INFO - ::endgroup::
