[2024-09-24T15:40:39.807+0000] {processor.py:161} INFO - Started process (PID=57) to work on /home/airflow/.local/lib/python3.12/site-packages/airflow/example_dags/example_dynamic_task_mapping_with_no_taskflow_operators.py
[2024-09-24T15:40:39.811+0000] {processor.py:830} INFO - Processing file /home/airflow/.local/lib/python3.12/site-packages/airflow/example_dags/example_dynamic_task_mapping_with_no_taskflow_operators.py for tasks to queue
[2024-09-24T15:40:39.818+0000] {logging_mixin.py:188} INFO - [2024-09-24T15:40:39.817+0000] {dagbag.py:545} INFO - Filling up the DagBag from /home/airflow/.local/lib/python3.12/site-packages/airflow/example_dags/example_dynamic_task_mapping_with_no_taskflow_operators.py
[2024-09-24T15:40:39.851+0000] {processor.py:840} INFO - DAG(s) 'example_dynamic_task_mapping_with_no_taskflow_operators' retrieved from /home/airflow/.local/lib/python3.12/site-packages/airflow/example_dags/example_dynamic_task_mapping_with_no_taskflow_operators.py
[2024-09-24T15:40:40.370+0000] {logging_mixin.py:188} INFO - [2024-09-24T15:40:40.369+0000] {dag.py:3096} INFO - Sync 1 DAGs
[2024-09-24T15:40:40.438+0000] {logging_mixin.py:188} INFO - [2024-09-24T15:40:40.437+0000] {dag.py:3954} INFO - Setting next_dagrun for example_dynamic_task_mapping_with_no_taskflow_operators to 2024-09-23 00:00:00+00:00, run_after=2024-09-24 00:00:00+00:00
[2024-09-24T15:40:40.492+0000] {processor.py:183} INFO - Processing /home/airflow/.local/lib/python3.12/site-packages/airflow/example_dags/example_dynamic_task_mapping_with_no_taskflow_operators.py took 0.700 seconds
[2024-09-24T15:41:11.152+0000] {processor.py:161} INFO - Started process (PID=115) to work on /home/airflow/.local/lib/python3.12/site-packages/airflow/example_dags/example_dynamic_task_mapping_with_no_taskflow_operators.py
[2024-09-24T15:41:11.153+0000] {processor.py:830} INFO - Processing file /home/airflow/.local/lib/python3.12/site-packages/airflow/example_dags/example_dynamic_task_mapping_with_no_taskflow_operators.py for tasks to queue
[2024-09-24T15:41:11.155+0000] {logging_mixin.py:188} INFO - [2024-09-24T15:41:11.155+0000] {dagbag.py:545} INFO - Filling up the DagBag from /home/airflow/.local/lib/python3.12/site-packages/airflow/example_dags/example_dynamic_task_mapping_with_no_taskflow_operators.py
[2024-09-24T15:41:11.192+0000] {processor.py:840} INFO - DAG(s) 'example_dynamic_task_mapping_with_no_taskflow_operators' retrieved from /home/airflow/.local/lib/python3.12/site-packages/airflow/example_dags/example_dynamic_task_mapping_with_no_taskflow_operators.py
[2024-09-24T15:41:11.226+0000] {logging_mixin.py:188} INFO - [2024-09-24T15:41:11.226+0000] {dag.py:3096} INFO - Sync 1 DAGs
[2024-09-24T15:41:11.294+0000] {logging_mixin.py:188} INFO - [2024-09-24T15:41:11.294+0000] {dag.py:3954} INFO - Setting next_dagrun for example_dynamic_task_mapping_with_no_taskflow_operators to 2024-09-23 00:00:00+00:00, run_after=2024-09-24 00:00:00+00:00
[2024-09-24T15:41:11.321+0000] {processor.py:183} INFO - Processing /home/airflow/.local/lib/python3.12/site-packages/airflow/example_dags/example_dynamic_task_mapping_with_no_taskflow_operators.py took 0.177 seconds
[2024-09-24T15:41:41.572+0000] {processor.py:161} INFO - Started process (PID=173) to work on /home/airflow/.local/lib/python3.12/site-packages/airflow/example_dags/example_dynamic_task_mapping_with_no_taskflow_operators.py
[2024-09-24T15:41:41.573+0000] {processor.py:830} INFO - Processing file /home/airflow/.local/lib/python3.12/site-packages/airflow/example_dags/example_dynamic_task_mapping_with_no_taskflow_operators.py for tasks to queue
[2024-09-24T15:41:41.575+0000] {logging_mixin.py:188} INFO - [2024-09-24T15:41:41.574+0000] {dagbag.py:545} INFO - Filling up the DagBag from /home/airflow/.local/lib/python3.12/site-packages/airflow/example_dags/example_dynamic_task_mapping_with_no_taskflow_operators.py
[2024-09-24T15:41:41.582+0000] {processor.py:840} INFO - DAG(s) 'example_dynamic_task_mapping_with_no_taskflow_operators' retrieved from /home/airflow/.local/lib/python3.12/site-packages/airflow/example_dags/example_dynamic_task_mapping_with_no_taskflow_operators.py
[2024-09-24T15:41:41.603+0000] {logging_mixin.py:188} INFO - [2024-09-24T15:41:41.602+0000] {dag.py:3096} INFO - Sync 1 DAGs
[2024-09-24T15:41:41.626+0000] {logging_mixin.py:188} INFO - [2024-09-24T15:41:41.626+0000] {dag.py:3954} INFO - Setting next_dagrun for example_dynamic_task_mapping_with_no_taskflow_operators to 2024-09-23 00:00:00+00:00, run_after=2024-09-24 00:00:00+00:00
[2024-09-24T15:41:41.648+0000] {processor.py:183} INFO - Processing /home/airflow/.local/lib/python3.12/site-packages/airflow/example_dags/example_dynamic_task_mapping_with_no_taskflow_operators.py took 0.081 seconds
[2024-09-24T15:42:12.050+0000] {processor.py:161} INFO - Started process (PID=231) to work on /home/airflow/.local/lib/python3.12/site-packages/airflow/example_dags/example_dynamic_task_mapping_with_no_taskflow_operators.py
[2024-09-24T15:42:12.051+0000] {processor.py:830} INFO - Processing file /home/airflow/.local/lib/python3.12/site-packages/airflow/example_dags/example_dynamic_task_mapping_with_no_taskflow_operators.py for tasks to queue
[2024-09-24T15:42:12.053+0000] {logging_mixin.py:188} INFO - [2024-09-24T15:42:12.053+0000] {dagbag.py:545} INFO - Filling up the DagBag from /home/airflow/.local/lib/python3.12/site-packages/airflow/example_dags/example_dynamic_task_mapping_with_no_taskflow_operators.py
[2024-09-24T15:42:12.059+0000] {processor.py:840} INFO - DAG(s) 'example_dynamic_task_mapping_with_no_taskflow_operators' retrieved from /home/airflow/.local/lib/python3.12/site-packages/airflow/example_dags/example_dynamic_task_mapping_with_no_taskflow_operators.py
[2024-09-24T15:42:12.081+0000] {logging_mixin.py:188} INFO - [2024-09-24T15:42:12.081+0000] {dag.py:3096} INFO - Sync 1 DAGs
[2024-09-24T15:42:12.107+0000] {logging_mixin.py:188} INFO - [2024-09-24T15:42:12.106+0000] {dag.py:3954} INFO - Setting next_dagrun for example_dynamic_task_mapping_with_no_taskflow_operators to 2024-09-23 00:00:00+00:00, run_after=2024-09-24 00:00:00+00:00
[2024-09-24T15:42:12.133+0000] {processor.py:183} INFO - Processing /home/airflow/.local/lib/python3.12/site-packages/airflow/example_dags/example_dynamic_task_mapping_with_no_taskflow_operators.py took 0.089 seconds
[2024-09-24T15:42:42.388+0000] {processor.py:161} INFO - Started process (PID=289) to work on /home/airflow/.local/lib/python3.12/site-packages/airflow/example_dags/example_dynamic_task_mapping_with_no_taskflow_operators.py
[2024-09-24T15:42:42.389+0000] {processor.py:830} INFO - Processing file /home/airflow/.local/lib/python3.12/site-packages/airflow/example_dags/example_dynamic_task_mapping_with_no_taskflow_operators.py for tasks to queue
[2024-09-24T15:42:42.391+0000] {logging_mixin.py:188} INFO - [2024-09-24T15:42:42.391+0000] {dagbag.py:545} INFO - Filling up the DagBag from /home/airflow/.local/lib/python3.12/site-packages/airflow/example_dags/example_dynamic_task_mapping_with_no_taskflow_operators.py
[2024-09-24T15:42:42.399+0000] {processor.py:840} INFO - DAG(s) 'example_dynamic_task_mapping_with_no_taskflow_operators' retrieved from /home/airflow/.local/lib/python3.12/site-packages/airflow/example_dags/example_dynamic_task_mapping_with_no_taskflow_operators.py
[2024-09-24T15:42:42.426+0000] {logging_mixin.py:188} INFO - [2024-09-24T15:42:42.426+0000] {dag.py:3096} INFO - Sync 1 DAGs
[2024-09-24T15:42:42.455+0000] {logging_mixin.py:188} INFO - [2024-09-24T15:42:42.454+0000] {dag.py:3954} INFO - Setting next_dagrun for example_dynamic_task_mapping_with_no_taskflow_operators to 2024-09-23 00:00:00+00:00, run_after=2024-09-24 00:00:00+00:00
[2024-09-24T15:42:42.482+0000] {processor.py:183} INFO - Processing /home/airflow/.local/lib/python3.12/site-packages/airflow/example_dags/example_dynamic_task_mapping_with_no_taskflow_operators.py took 0.100 seconds
[2024-09-24T15:43:12.947+0000] {processor.py:161} INFO - Started process (PID=347) to work on /home/airflow/.local/lib/python3.12/site-packages/airflow/example_dags/example_dynamic_task_mapping_with_no_taskflow_operators.py
[2024-09-24T15:43:12.948+0000] {processor.py:830} INFO - Processing file /home/airflow/.local/lib/python3.12/site-packages/airflow/example_dags/example_dynamic_task_mapping_with_no_taskflow_operators.py for tasks to queue
[2024-09-24T15:43:12.951+0000] {logging_mixin.py:188} INFO - [2024-09-24T15:43:12.950+0000] {dagbag.py:545} INFO - Filling up the DagBag from /home/airflow/.local/lib/python3.12/site-packages/airflow/example_dags/example_dynamic_task_mapping_with_no_taskflow_operators.py
[2024-09-24T15:43:12.957+0000] {processor.py:840} INFO - DAG(s) 'example_dynamic_task_mapping_with_no_taskflow_operators' retrieved from /home/airflow/.local/lib/python3.12/site-packages/airflow/example_dags/example_dynamic_task_mapping_with_no_taskflow_operators.py
[2024-09-24T15:43:12.982+0000] {logging_mixin.py:188} INFO - [2024-09-24T15:43:12.982+0000] {dag.py:3096} INFO - Sync 1 DAGs
[2024-09-24T15:43:13.007+0000] {logging_mixin.py:188} INFO - [2024-09-24T15:43:13.007+0000] {dag.py:3954} INFO - Setting next_dagrun for example_dynamic_task_mapping_with_no_taskflow_operators to 2024-09-23 00:00:00+00:00, run_after=2024-09-24 00:00:00+00:00
[2024-09-24T15:43:13.035+0000] {processor.py:183} INFO - Processing /home/airflow/.local/lib/python3.12/site-packages/airflow/example_dags/example_dynamic_task_mapping_with_no_taskflow_operators.py took 0.094 seconds
[2024-09-24T15:43:43.276+0000] {processor.py:161} INFO - Started process (PID=405) to work on /home/airflow/.local/lib/python3.12/site-packages/airflow/example_dags/example_dynamic_task_mapping_with_no_taskflow_operators.py
[2024-09-24T15:43:43.278+0000] {processor.py:830} INFO - Processing file /home/airflow/.local/lib/python3.12/site-packages/airflow/example_dags/example_dynamic_task_mapping_with_no_taskflow_operators.py for tasks to queue
[2024-09-24T15:43:43.280+0000] {logging_mixin.py:188} INFO - [2024-09-24T15:43:43.280+0000] {dagbag.py:545} INFO - Filling up the DagBag from /home/airflow/.local/lib/python3.12/site-packages/airflow/example_dags/example_dynamic_task_mapping_with_no_taskflow_operators.py
[2024-09-24T15:43:43.289+0000] {processor.py:840} INFO - DAG(s) 'example_dynamic_task_mapping_with_no_taskflow_operators' retrieved from /home/airflow/.local/lib/python3.12/site-packages/airflow/example_dags/example_dynamic_task_mapping_with_no_taskflow_operators.py
[2024-09-24T15:43:43.313+0000] {logging_mixin.py:188} INFO - [2024-09-24T15:43:43.312+0000] {dag.py:3096} INFO - Sync 1 DAGs
[2024-09-24T15:43:43.341+0000] {logging_mixin.py:188} INFO - [2024-09-24T15:43:43.341+0000] {dag.py:3954} INFO - Setting next_dagrun for example_dynamic_task_mapping_with_no_taskflow_operators to 2024-09-23 00:00:00+00:00, run_after=2024-09-24 00:00:00+00:00
[2024-09-24T15:43:43.363+0000] {processor.py:183} INFO - Processing /home/airflow/.local/lib/python3.12/site-packages/airflow/example_dags/example_dynamic_task_mapping_with_no_taskflow_operators.py took 0.094 seconds
[2024-09-24T15:44:13.843+0000] {processor.py:161} INFO - Started process (PID=463) to work on /home/airflow/.local/lib/python3.12/site-packages/airflow/example_dags/example_dynamic_task_mapping_with_no_taskflow_operators.py
[2024-09-24T15:44:13.845+0000] {processor.py:830} INFO - Processing file /home/airflow/.local/lib/python3.12/site-packages/airflow/example_dags/example_dynamic_task_mapping_with_no_taskflow_operators.py for tasks to queue
[2024-09-24T15:44:13.847+0000] {logging_mixin.py:188} INFO - [2024-09-24T15:44:13.846+0000] {dagbag.py:545} INFO - Filling up the DagBag from /home/airflow/.local/lib/python3.12/site-packages/airflow/example_dags/example_dynamic_task_mapping_with_no_taskflow_operators.py
[2024-09-24T15:44:13.856+0000] {processor.py:840} INFO - DAG(s) 'example_dynamic_task_mapping_with_no_taskflow_operators' retrieved from /home/airflow/.local/lib/python3.12/site-packages/airflow/example_dags/example_dynamic_task_mapping_with_no_taskflow_operators.py
[2024-09-24T15:44:13.883+0000] {logging_mixin.py:188} INFO - [2024-09-24T15:44:13.883+0000] {dag.py:3096} INFO - Sync 1 DAGs
[2024-09-24T15:44:13.909+0000] {logging_mixin.py:188} INFO - [2024-09-24T15:44:13.909+0000] {dag.py:3954} INFO - Setting next_dagrun for example_dynamic_task_mapping_with_no_taskflow_operators to 2024-09-23 00:00:00+00:00, run_after=2024-09-24 00:00:00+00:00
[2024-09-24T15:44:13.933+0000] {processor.py:183} INFO - Processing /home/airflow/.local/lib/python3.12/site-packages/airflow/example_dags/example_dynamic_task_mapping_with_no_taskflow_operators.py took 0.096 seconds
[2024-09-24T15:44:44.129+0000] {processor.py:161} INFO - Started process (PID=521) to work on /home/airflow/.local/lib/python3.12/site-packages/airflow/example_dags/example_dynamic_task_mapping_with_no_taskflow_operators.py
[2024-09-24T15:44:44.130+0000] {processor.py:830} INFO - Processing file /home/airflow/.local/lib/python3.12/site-packages/airflow/example_dags/example_dynamic_task_mapping_with_no_taskflow_operators.py for tasks to queue
[2024-09-24T15:44:44.132+0000] {logging_mixin.py:188} INFO - [2024-09-24T15:44:44.132+0000] {dagbag.py:545} INFO - Filling up the DagBag from /home/airflow/.local/lib/python3.12/site-packages/airflow/example_dags/example_dynamic_task_mapping_with_no_taskflow_operators.py
[2024-09-24T15:44:44.139+0000] {processor.py:840} INFO - DAG(s) 'example_dynamic_task_mapping_with_no_taskflow_operators' retrieved from /home/airflow/.local/lib/python3.12/site-packages/airflow/example_dags/example_dynamic_task_mapping_with_no_taskflow_operators.py
[2024-09-24T15:44:44.162+0000] {logging_mixin.py:188} INFO - [2024-09-24T15:44:44.162+0000] {dag.py:3096} INFO - Sync 1 DAGs
[2024-09-24T15:44:44.187+0000] {logging_mixin.py:188} INFO - [2024-09-24T15:44:44.187+0000] {dag.py:3954} INFO - Setting next_dagrun for example_dynamic_task_mapping_with_no_taskflow_operators to 2024-09-23 00:00:00+00:00, run_after=2024-09-24 00:00:00+00:00
[2024-09-24T15:44:44.209+0000] {processor.py:183} INFO - Processing /home/airflow/.local/lib/python3.12/site-packages/airflow/example_dags/example_dynamic_task_mapping_with_no_taskflow_operators.py took 0.087 seconds
[2024-09-24T15:45:14.341+0000] {processor.py:161} INFO - Started process (PID=579) to work on /home/airflow/.local/lib/python3.12/site-packages/airflow/example_dags/example_dynamic_task_mapping_with_no_taskflow_operators.py
[2024-09-24T15:45:14.342+0000] {processor.py:830} INFO - Processing file /home/airflow/.local/lib/python3.12/site-packages/airflow/example_dags/example_dynamic_task_mapping_with_no_taskflow_operators.py for tasks to queue
[2024-09-24T15:45:14.344+0000] {logging_mixin.py:188} INFO - [2024-09-24T15:45:14.344+0000] {dagbag.py:545} INFO - Filling up the DagBag from /home/airflow/.local/lib/python3.12/site-packages/airflow/example_dags/example_dynamic_task_mapping_with_no_taskflow_operators.py
[2024-09-24T15:45:14.351+0000] {processor.py:840} INFO - DAG(s) 'example_dynamic_task_mapping_with_no_taskflow_operators' retrieved from /home/airflow/.local/lib/python3.12/site-packages/airflow/example_dags/example_dynamic_task_mapping_with_no_taskflow_operators.py
[2024-09-24T15:45:14.381+0000] {logging_mixin.py:188} INFO - [2024-09-24T15:45:14.380+0000] {dag.py:3096} INFO - Sync 1 DAGs
[2024-09-24T15:45:14.429+0000] {logging_mixin.py:188} INFO - [2024-09-24T15:45:14.429+0000] {dag.py:3954} INFO - Setting next_dagrun for example_dynamic_task_mapping_with_no_taskflow_operators to 2024-09-23 00:00:00+00:00, run_after=2024-09-24 00:00:00+00:00
[2024-09-24T15:45:14.458+0000] {processor.py:183} INFO - Processing /home/airflow/.local/lib/python3.12/site-packages/airflow/example_dags/example_dynamic_task_mapping_with_no_taskflow_operators.py took 0.124 seconds
[2024-09-24T15:45:44.714+0000] {processor.py:161} INFO - Started process (PID=637) to work on /home/airflow/.local/lib/python3.12/site-packages/airflow/example_dags/example_dynamic_task_mapping_with_no_taskflow_operators.py
[2024-09-24T15:45:44.715+0000] {processor.py:830} INFO - Processing file /home/airflow/.local/lib/python3.12/site-packages/airflow/example_dags/example_dynamic_task_mapping_with_no_taskflow_operators.py for tasks to queue
[2024-09-24T15:45:44.717+0000] {logging_mixin.py:188} INFO - [2024-09-24T15:45:44.717+0000] {dagbag.py:545} INFO - Filling up the DagBag from /home/airflow/.local/lib/python3.12/site-packages/airflow/example_dags/example_dynamic_task_mapping_with_no_taskflow_operators.py
[2024-09-24T15:45:44.724+0000] {processor.py:840} INFO - DAG(s) 'example_dynamic_task_mapping_with_no_taskflow_operators' retrieved from /home/airflow/.local/lib/python3.12/site-packages/airflow/example_dags/example_dynamic_task_mapping_with_no_taskflow_operators.py
[2024-09-24T15:45:44.748+0000] {logging_mixin.py:188} INFO - [2024-09-24T15:45:44.747+0000] {dag.py:3096} INFO - Sync 1 DAGs
[2024-09-24T15:45:44.781+0000] {logging_mixin.py:188} INFO - [2024-09-24T15:45:44.781+0000] {dag.py:3954} INFO - Setting next_dagrun for example_dynamic_task_mapping_with_no_taskflow_operators to 2024-09-23 00:00:00+00:00, run_after=2024-09-24 00:00:00+00:00
[2024-09-24T15:45:44.802+0000] {processor.py:183} INFO - Processing /home/airflow/.local/lib/python3.12/site-packages/airflow/example_dags/example_dynamic_task_mapping_with_no_taskflow_operators.py took 0.094 seconds
[2024-09-24T15:46:15.435+0000] {processor.py:161} INFO - Started process (PID=695) to work on /home/airflow/.local/lib/python3.12/site-packages/airflow/example_dags/example_dynamic_task_mapping_with_no_taskflow_operators.py
[2024-09-24T15:46:15.436+0000] {processor.py:830} INFO - Processing file /home/airflow/.local/lib/python3.12/site-packages/airflow/example_dags/example_dynamic_task_mapping_with_no_taskflow_operators.py for tasks to queue
[2024-09-24T15:46:15.437+0000] {logging_mixin.py:188} INFO - [2024-09-24T15:46:15.437+0000] {dagbag.py:545} INFO - Filling up the DagBag from /home/airflow/.local/lib/python3.12/site-packages/airflow/example_dags/example_dynamic_task_mapping_with_no_taskflow_operators.py
[2024-09-24T15:46:15.444+0000] {processor.py:840} INFO - DAG(s) 'example_dynamic_task_mapping_with_no_taskflow_operators' retrieved from /home/airflow/.local/lib/python3.12/site-packages/airflow/example_dags/example_dynamic_task_mapping_with_no_taskflow_operators.py
[2024-09-24T15:46:15.467+0000] {logging_mixin.py:188} INFO - [2024-09-24T15:46:15.467+0000] {dag.py:3096} INFO - Sync 1 DAGs
[2024-09-24T15:46:15.492+0000] {logging_mixin.py:188} INFO - [2024-09-24T15:46:15.491+0000] {dag.py:3954} INFO - Setting next_dagrun for example_dynamic_task_mapping_with_no_taskflow_operators to 2024-09-23 00:00:00+00:00, run_after=2024-09-24 00:00:00+00:00
[2024-09-24T15:46:15.513+0000] {processor.py:183} INFO - Processing /home/airflow/.local/lib/python3.12/site-packages/airflow/example_dags/example_dynamic_task_mapping_with_no_taskflow_operators.py took 0.084 seconds
[2024-09-24T15:46:45.725+0000] {processor.py:161} INFO - Started process (PID=753) to work on /home/airflow/.local/lib/python3.12/site-packages/airflow/example_dags/example_dynamic_task_mapping_with_no_taskflow_operators.py
[2024-09-24T15:46:45.726+0000] {processor.py:830} INFO - Processing file /home/airflow/.local/lib/python3.12/site-packages/airflow/example_dags/example_dynamic_task_mapping_with_no_taskflow_operators.py for tasks to queue
[2024-09-24T15:46:45.729+0000] {logging_mixin.py:188} INFO - [2024-09-24T15:46:45.728+0000] {dagbag.py:545} INFO - Filling up the DagBag from /home/airflow/.local/lib/python3.12/site-packages/airflow/example_dags/example_dynamic_task_mapping_with_no_taskflow_operators.py
[2024-09-24T15:46:45.737+0000] {processor.py:840} INFO - DAG(s) 'example_dynamic_task_mapping_with_no_taskflow_operators' retrieved from /home/airflow/.local/lib/python3.12/site-packages/airflow/example_dags/example_dynamic_task_mapping_with_no_taskflow_operators.py
[2024-09-24T15:46:45.761+0000] {logging_mixin.py:188} INFO - [2024-09-24T15:46:45.760+0000] {dag.py:3096} INFO - Sync 1 DAGs
[2024-09-24T15:46:45.785+0000] {logging_mixin.py:188} INFO - [2024-09-24T15:46:45.784+0000] {dag.py:3954} INFO - Setting next_dagrun for example_dynamic_task_mapping_with_no_taskflow_operators to 2024-09-23 00:00:00+00:00, run_after=2024-09-24 00:00:00+00:00
[2024-09-24T15:46:45.804+0000] {processor.py:183} INFO - Processing /home/airflow/.local/lib/python3.12/site-packages/airflow/example_dags/example_dynamic_task_mapping_with_no_taskflow_operators.py took 0.085 seconds
[2024-09-24T15:47:15.862+0000] {processor.py:161} INFO - Started process (PID=811) to work on /home/airflow/.local/lib/python3.12/site-packages/airflow/example_dags/example_dynamic_task_mapping_with_no_taskflow_operators.py
[2024-09-24T15:47:15.863+0000] {processor.py:830} INFO - Processing file /home/airflow/.local/lib/python3.12/site-packages/airflow/example_dags/example_dynamic_task_mapping_with_no_taskflow_operators.py for tasks to queue
[2024-09-24T15:47:15.865+0000] {logging_mixin.py:188} INFO - [2024-09-24T15:47:15.865+0000] {dagbag.py:545} INFO - Filling up the DagBag from /home/airflow/.local/lib/python3.12/site-packages/airflow/example_dags/example_dynamic_task_mapping_with_no_taskflow_operators.py
[2024-09-24T15:47:15.872+0000] {processor.py:840} INFO - DAG(s) 'example_dynamic_task_mapping_with_no_taskflow_operators' retrieved from /home/airflow/.local/lib/python3.12/site-packages/airflow/example_dags/example_dynamic_task_mapping_with_no_taskflow_operators.py
[2024-09-24T15:47:15.896+0000] {logging_mixin.py:188} INFO - [2024-09-24T15:47:15.895+0000] {dag.py:3096} INFO - Sync 1 DAGs
[2024-09-24T15:47:15.933+0000] {logging_mixin.py:188} INFO - [2024-09-24T15:47:15.933+0000] {dag.py:3954} INFO - Setting next_dagrun for example_dynamic_task_mapping_with_no_taskflow_operators to 2024-09-23 00:00:00+00:00, run_after=2024-09-24 00:00:00+00:00
[2024-09-24T15:47:15.959+0000] {processor.py:183} INFO - Processing /home/airflow/.local/lib/python3.12/site-packages/airflow/example_dags/example_dynamic_task_mapping_with_no_taskflow_operators.py took 0.103 seconds
[2024-09-24T15:47:46.114+0000] {processor.py:161} INFO - Started process (PID=869) to work on /home/airflow/.local/lib/python3.12/site-packages/airflow/example_dags/example_dynamic_task_mapping_with_no_taskflow_operators.py
[2024-09-24T15:47:46.115+0000] {processor.py:830} INFO - Processing file /home/airflow/.local/lib/python3.12/site-packages/airflow/example_dags/example_dynamic_task_mapping_with_no_taskflow_operators.py for tasks to queue
[2024-09-24T15:47:46.117+0000] {logging_mixin.py:188} INFO - [2024-09-24T15:47:46.117+0000] {dagbag.py:545} INFO - Filling up the DagBag from /home/airflow/.local/lib/python3.12/site-packages/airflow/example_dags/example_dynamic_task_mapping_with_no_taskflow_operators.py
[2024-09-24T15:47:46.124+0000] {processor.py:840} INFO - DAG(s) 'example_dynamic_task_mapping_with_no_taskflow_operators' retrieved from /home/airflow/.local/lib/python3.12/site-packages/airflow/example_dags/example_dynamic_task_mapping_with_no_taskflow_operators.py
[2024-09-24T15:47:46.152+0000] {logging_mixin.py:188} INFO - [2024-09-24T15:47:46.152+0000] {dag.py:3096} INFO - Sync 1 DAGs
[2024-09-24T15:47:46.177+0000] {logging_mixin.py:188} INFO - [2024-09-24T15:47:46.177+0000] {dag.py:3954} INFO - Setting next_dagrun for example_dynamic_task_mapping_with_no_taskflow_operators to 2024-09-23 00:00:00+00:00, run_after=2024-09-24 00:00:00+00:00
[2024-09-24T15:47:46.201+0000] {processor.py:183} INFO - Processing /home/airflow/.local/lib/python3.12/site-packages/airflow/example_dags/example_dynamic_task_mapping_with_no_taskflow_operators.py took 0.094 seconds
[2024-09-24T15:48:16.493+0000] {processor.py:161} INFO - Started process (PID=927) to work on /home/airflow/.local/lib/python3.12/site-packages/airflow/example_dags/example_dynamic_task_mapping_with_no_taskflow_operators.py
[2024-09-24T15:48:16.494+0000] {processor.py:830} INFO - Processing file /home/airflow/.local/lib/python3.12/site-packages/airflow/example_dags/example_dynamic_task_mapping_with_no_taskflow_operators.py for tasks to queue
[2024-09-24T15:48:16.496+0000] {logging_mixin.py:188} INFO - [2024-09-24T15:48:16.496+0000] {dagbag.py:545} INFO - Filling up the DagBag from /home/airflow/.local/lib/python3.12/site-packages/airflow/example_dags/example_dynamic_task_mapping_with_no_taskflow_operators.py
[2024-09-24T15:48:16.506+0000] {processor.py:840} INFO - DAG(s) 'example_dynamic_task_mapping_with_no_taskflow_operators' retrieved from /home/airflow/.local/lib/python3.12/site-packages/airflow/example_dags/example_dynamic_task_mapping_with_no_taskflow_operators.py
[2024-09-24T15:48:16.529+0000] {logging_mixin.py:188} INFO - [2024-09-24T15:48:16.529+0000] {dag.py:3096} INFO - Sync 1 DAGs
[2024-09-24T15:48:16.555+0000] {logging_mixin.py:188} INFO - [2024-09-24T15:48:16.555+0000] {dag.py:3954} INFO - Setting next_dagrun for example_dynamic_task_mapping_with_no_taskflow_operators to 2024-09-23 00:00:00+00:00, run_after=2024-09-24 00:00:00+00:00
[2024-09-24T15:48:16.586+0000] {processor.py:183} INFO - Processing /home/airflow/.local/lib/python3.12/site-packages/airflow/example_dags/example_dynamic_task_mapping_with_no_taskflow_operators.py took 0.099 seconds
[2024-09-24T15:48:47.214+0000] {processor.py:161} INFO - Started process (PID=985) to work on /home/airflow/.local/lib/python3.12/site-packages/airflow/example_dags/example_dynamic_task_mapping_with_no_taskflow_operators.py
[2024-09-24T15:48:47.215+0000] {processor.py:830} INFO - Processing file /home/airflow/.local/lib/python3.12/site-packages/airflow/example_dags/example_dynamic_task_mapping_with_no_taskflow_operators.py for tasks to queue
[2024-09-24T15:48:47.217+0000] {logging_mixin.py:188} INFO - [2024-09-24T15:48:47.217+0000] {dagbag.py:545} INFO - Filling up the DagBag from /home/airflow/.local/lib/python3.12/site-packages/airflow/example_dags/example_dynamic_task_mapping_with_no_taskflow_operators.py
[2024-09-24T15:48:47.227+0000] {processor.py:840} INFO - DAG(s) 'example_dynamic_task_mapping_with_no_taskflow_operators' retrieved from /home/airflow/.local/lib/python3.12/site-packages/airflow/example_dags/example_dynamic_task_mapping_with_no_taskflow_operators.py
[2024-09-24T15:48:47.249+0000] {logging_mixin.py:188} INFO - [2024-09-24T15:48:47.249+0000] {dag.py:3096} INFO - Sync 1 DAGs
[2024-09-24T15:48:47.275+0000] {logging_mixin.py:188} INFO - [2024-09-24T15:48:47.275+0000] {dag.py:3954} INFO - Setting next_dagrun for example_dynamic_task_mapping_with_no_taskflow_operators to 2024-09-23 00:00:00+00:00, run_after=2024-09-24 00:00:00+00:00
[2024-09-24T15:48:47.303+0000] {processor.py:183} INFO - Processing /home/airflow/.local/lib/python3.12/site-packages/airflow/example_dags/example_dynamic_task_mapping_with_no_taskflow_operators.py took 0.095 seconds
[2024-09-24T15:49:17.605+0000] {processor.py:161} INFO - Started process (PID=1044) to work on /home/airflow/.local/lib/python3.12/site-packages/airflow/example_dags/example_dynamic_task_mapping_with_no_taskflow_operators.py
[2024-09-24T15:49:17.606+0000] {processor.py:830} INFO - Processing file /home/airflow/.local/lib/python3.12/site-packages/airflow/example_dags/example_dynamic_task_mapping_with_no_taskflow_operators.py for tasks to queue
[2024-09-24T15:49:17.608+0000] {logging_mixin.py:188} INFO - [2024-09-24T15:49:17.607+0000] {dagbag.py:545} INFO - Filling up the DagBag from /home/airflow/.local/lib/python3.12/site-packages/airflow/example_dags/example_dynamic_task_mapping_with_no_taskflow_operators.py
[2024-09-24T15:49:17.615+0000] {processor.py:840} INFO - DAG(s) 'example_dynamic_task_mapping_with_no_taskflow_operators' retrieved from /home/airflow/.local/lib/python3.12/site-packages/airflow/example_dags/example_dynamic_task_mapping_with_no_taskflow_operators.py
[2024-09-24T15:49:17.637+0000] {logging_mixin.py:188} INFO - [2024-09-24T15:49:17.637+0000] {dag.py:3096} INFO - Sync 1 DAGs
[2024-09-24T15:49:17.660+0000] {logging_mixin.py:188} INFO - [2024-09-24T15:49:17.660+0000] {dag.py:3954} INFO - Setting next_dagrun for example_dynamic_task_mapping_with_no_taskflow_operators to 2024-09-23 00:00:00+00:00, run_after=2024-09-24 00:00:00+00:00
[2024-09-24T15:49:17.679+0000] {processor.py:183} INFO - Processing /home/airflow/.local/lib/python3.12/site-packages/airflow/example_dags/example_dynamic_task_mapping_with_no_taskflow_operators.py took 0.081 seconds
[2024-09-24T15:49:48.034+0000] {processor.py:161} INFO - Started process (PID=1102) to work on /home/airflow/.local/lib/python3.12/site-packages/airflow/example_dags/example_dynamic_task_mapping_with_no_taskflow_operators.py
[2024-09-24T15:49:48.035+0000] {processor.py:830} INFO - Processing file /home/airflow/.local/lib/python3.12/site-packages/airflow/example_dags/example_dynamic_task_mapping_with_no_taskflow_operators.py for tasks to queue
[2024-09-24T15:49:48.037+0000] {logging_mixin.py:188} INFO - [2024-09-24T15:49:48.037+0000] {dagbag.py:545} INFO - Filling up the DagBag from /home/airflow/.local/lib/python3.12/site-packages/airflow/example_dags/example_dynamic_task_mapping_with_no_taskflow_operators.py
[2024-09-24T15:49:48.044+0000] {processor.py:840} INFO - DAG(s) 'example_dynamic_task_mapping_with_no_taskflow_operators' retrieved from /home/airflow/.local/lib/python3.12/site-packages/airflow/example_dags/example_dynamic_task_mapping_with_no_taskflow_operators.py
[2024-09-24T15:49:48.064+0000] {logging_mixin.py:188} INFO - [2024-09-24T15:49:48.064+0000] {dag.py:3096} INFO - Sync 1 DAGs
[2024-09-24T15:49:48.089+0000] {logging_mixin.py:188} INFO - [2024-09-24T15:49:48.088+0000] {dag.py:3954} INFO - Setting next_dagrun for example_dynamic_task_mapping_with_no_taskflow_operators to 2024-09-23 00:00:00+00:00, run_after=2024-09-24 00:00:00+00:00
[2024-09-24T15:49:48.109+0000] {processor.py:183} INFO - Processing /home/airflow/.local/lib/python3.12/site-packages/airflow/example_dags/example_dynamic_task_mapping_with_no_taskflow_operators.py took 0.081 seconds
[2024-09-24T15:50:18.406+0000] {processor.py:161} INFO - Started process (PID=1160) to work on /home/airflow/.local/lib/python3.12/site-packages/airflow/example_dags/example_dynamic_task_mapping_with_no_taskflow_operators.py
[2024-09-24T15:50:18.407+0000] {processor.py:830} INFO - Processing file /home/airflow/.local/lib/python3.12/site-packages/airflow/example_dags/example_dynamic_task_mapping_with_no_taskflow_operators.py for tasks to queue
[2024-09-24T15:50:18.409+0000] {logging_mixin.py:188} INFO - [2024-09-24T15:50:18.409+0000] {dagbag.py:545} INFO - Filling up the DagBag from /home/airflow/.local/lib/python3.12/site-packages/airflow/example_dags/example_dynamic_task_mapping_with_no_taskflow_operators.py
[2024-09-24T15:50:18.418+0000] {processor.py:840} INFO - DAG(s) 'example_dynamic_task_mapping_with_no_taskflow_operators' retrieved from /home/airflow/.local/lib/python3.12/site-packages/airflow/example_dags/example_dynamic_task_mapping_with_no_taskflow_operators.py
[2024-09-24T15:50:18.440+0000] {logging_mixin.py:188} INFO - [2024-09-24T15:50:18.440+0000] {dag.py:3096} INFO - Sync 1 DAGs
[2024-09-24T15:50:18.471+0000] {logging_mixin.py:188} INFO - [2024-09-24T15:50:18.471+0000] {dag.py:3954} INFO - Setting next_dagrun for example_dynamic_task_mapping_with_no_taskflow_operators to 2024-09-23 00:00:00+00:00, run_after=2024-09-24 00:00:00+00:00
[2024-09-24T15:50:18.505+0000] {processor.py:183} INFO - Processing /home/airflow/.local/lib/python3.12/site-packages/airflow/example_dags/example_dynamic_task_mapping_with_no_taskflow_operators.py took 0.105 seconds
[2024-09-24T15:50:48.702+0000] {processor.py:161} INFO - Started process (PID=1219) to work on /home/airflow/.local/lib/python3.12/site-packages/airflow/example_dags/example_dynamic_task_mapping_with_no_taskflow_operators.py
[2024-09-24T15:50:48.704+0000] {processor.py:830} INFO - Processing file /home/airflow/.local/lib/python3.12/site-packages/airflow/example_dags/example_dynamic_task_mapping_with_no_taskflow_operators.py for tasks to queue
[2024-09-24T15:50:48.707+0000] {logging_mixin.py:188} INFO - [2024-09-24T15:50:48.706+0000] {dagbag.py:545} INFO - Filling up the DagBag from /home/airflow/.local/lib/python3.12/site-packages/airflow/example_dags/example_dynamic_task_mapping_with_no_taskflow_operators.py
[2024-09-24T15:50:48.716+0000] {processor.py:840} INFO - DAG(s) 'example_dynamic_task_mapping_with_no_taskflow_operators' retrieved from /home/airflow/.local/lib/python3.12/site-packages/airflow/example_dags/example_dynamic_task_mapping_with_no_taskflow_operators.py
[2024-09-24T15:50:48.740+0000] {logging_mixin.py:188} INFO - [2024-09-24T15:50:48.740+0000] {dag.py:3096} INFO - Sync 1 DAGs
[2024-09-24T15:50:48.767+0000] {logging_mixin.py:188} INFO - [2024-09-24T15:50:48.767+0000] {dag.py:3954} INFO - Setting next_dagrun for example_dynamic_task_mapping_with_no_taskflow_operators to 2024-09-23 00:00:00+00:00, run_after=2024-09-24 00:00:00+00:00
[2024-09-24T15:50:48.786+0000] {processor.py:183} INFO - Processing /home/airflow/.local/lib/python3.12/site-packages/airflow/example_dags/example_dynamic_task_mapping_with_no_taskflow_operators.py took 0.095 seconds
[2024-09-24T15:51:19.087+0000] {processor.py:161} INFO - Started process (PID=1277) to work on /home/airflow/.local/lib/python3.12/site-packages/airflow/example_dags/example_dynamic_task_mapping_with_no_taskflow_operators.py
[2024-09-24T15:51:19.088+0000] {processor.py:830} INFO - Processing file /home/airflow/.local/lib/python3.12/site-packages/airflow/example_dags/example_dynamic_task_mapping_with_no_taskflow_operators.py for tasks to queue
[2024-09-24T15:51:19.090+0000] {logging_mixin.py:188} INFO - [2024-09-24T15:51:19.090+0000] {dagbag.py:545} INFO - Filling up the DagBag from /home/airflow/.local/lib/python3.12/site-packages/airflow/example_dags/example_dynamic_task_mapping_with_no_taskflow_operators.py
[2024-09-24T15:51:19.099+0000] {processor.py:840} INFO - DAG(s) 'example_dynamic_task_mapping_with_no_taskflow_operators' retrieved from /home/airflow/.local/lib/python3.12/site-packages/airflow/example_dags/example_dynamic_task_mapping_with_no_taskflow_operators.py
[2024-09-24T15:51:19.123+0000] {logging_mixin.py:188} INFO - [2024-09-24T15:51:19.123+0000] {dag.py:3096} INFO - Sync 1 DAGs
[2024-09-24T15:51:19.150+0000] {logging_mixin.py:188} INFO - [2024-09-24T15:51:19.150+0000] {dag.py:3954} INFO - Setting next_dagrun for example_dynamic_task_mapping_with_no_taskflow_operators to 2024-09-23 00:00:00+00:00, run_after=2024-09-24 00:00:00+00:00
[2024-09-24T15:51:19.173+0000] {processor.py:183} INFO - Processing /home/airflow/.local/lib/python3.12/site-packages/airflow/example_dags/example_dynamic_task_mapping_with_no_taskflow_operators.py took 0.094 seconds
[2024-09-24T15:51:49.522+0000] {processor.py:161} INFO - Started process (PID=1335) to work on /home/airflow/.local/lib/python3.12/site-packages/airflow/example_dags/example_dynamic_task_mapping_with_no_taskflow_operators.py
[2024-09-24T15:51:49.524+0000] {processor.py:830} INFO - Processing file /home/airflow/.local/lib/python3.12/site-packages/airflow/example_dags/example_dynamic_task_mapping_with_no_taskflow_operators.py for tasks to queue
[2024-09-24T15:51:49.526+0000] {logging_mixin.py:188} INFO - [2024-09-24T15:51:49.526+0000] {dagbag.py:545} INFO - Filling up the DagBag from /home/airflow/.local/lib/python3.12/site-packages/airflow/example_dags/example_dynamic_task_mapping_with_no_taskflow_operators.py
[2024-09-24T15:51:49.535+0000] {processor.py:840} INFO - DAG(s) 'example_dynamic_task_mapping_with_no_taskflow_operators' retrieved from /home/airflow/.local/lib/python3.12/site-packages/airflow/example_dags/example_dynamic_task_mapping_with_no_taskflow_operators.py
[2024-09-24T15:51:49.565+0000] {logging_mixin.py:188} INFO - [2024-09-24T15:51:49.565+0000] {dag.py:3096} INFO - Sync 1 DAGs
[2024-09-24T15:51:49.602+0000] {logging_mixin.py:188} INFO - [2024-09-24T15:51:49.602+0000] {dag.py:3954} INFO - Setting next_dagrun for example_dynamic_task_mapping_with_no_taskflow_operators to 2024-09-23 00:00:00+00:00, run_after=2024-09-24 00:00:00+00:00
[2024-09-24T15:51:49.625+0000] {processor.py:183} INFO - Processing /home/airflow/.local/lib/python3.12/site-packages/airflow/example_dags/example_dynamic_task_mapping_with_no_taskflow_operators.py took 0.112 seconds
[2024-09-24T15:52:19.923+0000] {processor.py:161} INFO - Started process (PID=1393) to work on /home/airflow/.local/lib/python3.12/site-packages/airflow/example_dags/example_dynamic_task_mapping_with_no_taskflow_operators.py
[2024-09-24T15:52:19.924+0000] {processor.py:830} INFO - Processing file /home/airflow/.local/lib/python3.12/site-packages/airflow/example_dags/example_dynamic_task_mapping_with_no_taskflow_operators.py for tasks to queue
[2024-09-24T15:52:19.927+0000] {logging_mixin.py:188} INFO - [2024-09-24T15:52:19.926+0000] {dagbag.py:545} INFO - Filling up the DagBag from /home/airflow/.local/lib/python3.12/site-packages/airflow/example_dags/example_dynamic_task_mapping_with_no_taskflow_operators.py
[2024-09-24T15:52:19.934+0000] {processor.py:840} INFO - DAG(s) 'example_dynamic_task_mapping_with_no_taskflow_operators' retrieved from /home/airflow/.local/lib/python3.12/site-packages/airflow/example_dags/example_dynamic_task_mapping_with_no_taskflow_operators.py
[2024-09-24T15:52:19.957+0000] {logging_mixin.py:188} INFO - [2024-09-24T15:52:19.957+0000] {dag.py:3096} INFO - Sync 1 DAGs
[2024-09-24T15:52:20.009+0000] {logging_mixin.py:188} INFO - [2024-09-24T15:52:20.008+0000] {dag.py:3954} INFO - Setting next_dagrun for example_dynamic_task_mapping_with_no_taskflow_operators to 2024-09-23 00:00:00+00:00, run_after=2024-09-24 00:00:00+00:00
[2024-09-24T15:52:20.040+0000] {processor.py:183} INFO - Processing /home/airflow/.local/lib/python3.12/site-packages/airflow/example_dags/example_dynamic_task_mapping_with_no_taskflow_operators.py took 0.124 seconds
[2024-09-24T15:52:50.246+0000] {processor.py:161} INFO - Started process (PID=1451) to work on /home/airflow/.local/lib/python3.12/site-packages/airflow/example_dags/example_dynamic_task_mapping_with_no_taskflow_operators.py
[2024-09-24T15:52:50.247+0000] {processor.py:830} INFO - Processing file /home/airflow/.local/lib/python3.12/site-packages/airflow/example_dags/example_dynamic_task_mapping_with_no_taskflow_operators.py for tasks to queue
[2024-09-24T15:52:50.249+0000] {logging_mixin.py:188} INFO - [2024-09-24T15:52:50.249+0000] {dagbag.py:545} INFO - Filling up the DagBag from /home/airflow/.local/lib/python3.12/site-packages/airflow/example_dags/example_dynamic_task_mapping_with_no_taskflow_operators.py
[2024-09-24T15:52:50.257+0000] {processor.py:840} INFO - DAG(s) 'example_dynamic_task_mapping_with_no_taskflow_operators' retrieved from /home/airflow/.local/lib/python3.12/site-packages/airflow/example_dags/example_dynamic_task_mapping_with_no_taskflow_operators.py
[2024-09-24T15:52:50.283+0000] {logging_mixin.py:188} INFO - [2024-09-24T15:52:50.283+0000] {dag.py:3096} INFO - Sync 1 DAGs
[2024-09-24T15:52:50.311+0000] {logging_mixin.py:188} INFO - [2024-09-24T15:52:50.311+0000] {dag.py:3954} INFO - Setting next_dagrun for example_dynamic_task_mapping_with_no_taskflow_operators to 2024-09-23 00:00:00+00:00, run_after=2024-09-24 00:00:00+00:00
[2024-09-24T15:52:50.335+0000] {processor.py:183} INFO - Processing /home/airflow/.local/lib/python3.12/site-packages/airflow/example_dags/example_dynamic_task_mapping_with_no_taskflow_operators.py took 0.095 seconds
[2024-09-24T15:53:20.732+0000] {processor.py:161} INFO - Started process (PID=1509) to work on /home/airflow/.local/lib/python3.12/site-packages/airflow/example_dags/example_dynamic_task_mapping_with_no_taskflow_operators.py
[2024-09-24T15:53:20.733+0000] {processor.py:830} INFO - Processing file /home/airflow/.local/lib/python3.12/site-packages/airflow/example_dags/example_dynamic_task_mapping_with_no_taskflow_operators.py for tasks to queue
[2024-09-24T15:53:20.735+0000] {logging_mixin.py:188} INFO - [2024-09-24T15:53:20.735+0000] {dagbag.py:545} INFO - Filling up the DagBag from /home/airflow/.local/lib/python3.12/site-packages/airflow/example_dags/example_dynamic_task_mapping_with_no_taskflow_operators.py
[2024-09-24T15:53:20.743+0000] {processor.py:840} INFO - DAG(s) 'example_dynamic_task_mapping_with_no_taskflow_operators' retrieved from /home/airflow/.local/lib/python3.12/site-packages/airflow/example_dags/example_dynamic_task_mapping_with_no_taskflow_operators.py
[2024-09-24T15:53:20.772+0000] {logging_mixin.py:188} INFO - [2024-09-24T15:53:20.772+0000] {dag.py:3096} INFO - Sync 1 DAGs
[2024-09-24T15:53:20.812+0000] {logging_mixin.py:188} INFO - [2024-09-24T15:53:20.812+0000] {dag.py:3954} INFO - Setting next_dagrun for example_dynamic_task_mapping_with_no_taskflow_operators to 2024-09-23 00:00:00+00:00, run_after=2024-09-24 00:00:00+00:00
[2024-09-24T15:53:20.846+0000] {processor.py:183} INFO - Processing /home/airflow/.local/lib/python3.12/site-packages/airflow/example_dags/example_dynamic_task_mapping_with_no_taskflow_operators.py took 0.120 seconds
