[2024-09-24T15:40:28.600+0000] {processor.py:161} INFO - Started process (PID=32) to work on /home/airflow/.local/lib/python3.12/site-packages/airflow/example_dags/example_python_operator.py
[2024-09-24T15:40:28.602+0000] {processor.py:830} INFO - Processing file /home/airflow/.local/lib/python3.12/site-packages/airflow/example_dags/example_python_operator.py for tasks to queue
[2024-09-24T15:40:28.605+0000] {logging_mixin.py:188} INFO - [2024-09-24T15:40:28.604+0000] {dagbag.py:545} INFO - Filling up the DagBag from /home/airflow/.local/lib/python3.12/site-packages/airflow/example_dags/example_python_operator.py
[2024-09-24T15:40:28.642+0000] {processor.py:840} INFO - DAG(s) 'example_python_operator' retrieved from /home/airflow/.local/lib/python3.12/site-packages/airflow/example_dags/example_python_operator.py
[2024-09-24T15:40:28.893+0000] {logging_mixin.py:188} INFO - [2024-09-24T15:40:28.893+0000] {dag.py:3096} INFO - Sync 1 DAGs
[2024-09-24T15:40:28.945+0000] {logging_mixin.py:188} INFO - [2024-09-24T15:40:28.944+0000] {dag.py:3954} INFO - Setting next_dagrun for example_python_operator to None, run_after=None
[2024-09-24T15:40:28.986+0000] {processor.py:183} INFO - Processing /home/airflow/.local/lib/python3.12/site-packages/airflow/example_dags/example_python_operator.py took 0.397 seconds
[2024-09-24T15:40:59.834+0000] {processor.py:161} INFO - Started process (PID=96) to work on /home/airflow/.local/lib/python3.12/site-packages/airflow/example_dags/example_python_operator.py
[2024-09-24T15:40:59.835+0000] {processor.py:830} INFO - Processing file /home/airflow/.local/lib/python3.12/site-packages/airflow/example_dags/example_python_operator.py for tasks to queue
[2024-09-24T15:40:59.838+0000] {logging_mixin.py:188} INFO - [2024-09-24T15:40:59.838+0000] {dagbag.py:545} INFO - Filling up the DagBag from /home/airflow/.local/lib/python3.12/site-packages/airflow/example_dags/example_python_operator.py
[2024-09-24T15:40:59.851+0000] {processor.py:840} INFO - DAG(s) 'example_python_operator' retrieved from /home/airflow/.local/lib/python3.12/site-packages/airflow/example_dags/example_python_operator.py
[2024-09-24T15:40:59.890+0000] {logging_mixin.py:188} INFO - [2024-09-24T15:40:59.890+0000] {dag.py:3096} INFO - Sync 1 DAGs
[2024-09-24T15:40:59.908+0000] {logging_mixin.py:188} INFO - [2024-09-24T15:40:59.908+0000] {dag.py:3954} INFO - Setting next_dagrun for example_python_operator to None, run_after=None
[2024-09-24T15:40:59.929+0000] {processor.py:183} INFO - Processing /home/airflow/.local/lib/python3.12/site-packages/airflow/example_dags/example_python_operator.py took 0.102 seconds
[2024-09-24T15:41:30.363+0000] {processor.py:161} INFO - Started process (PID=154) to work on /home/airflow/.local/lib/python3.12/site-packages/airflow/example_dags/example_python_operator.py
[2024-09-24T15:41:30.364+0000] {processor.py:830} INFO - Processing file /home/airflow/.local/lib/python3.12/site-packages/airflow/example_dags/example_python_operator.py for tasks to queue
[2024-09-24T15:41:30.367+0000] {logging_mixin.py:188} INFO - [2024-09-24T15:41:30.366+0000] {dagbag.py:545} INFO - Filling up the DagBag from /home/airflow/.local/lib/python3.12/site-packages/airflow/example_dags/example_python_operator.py
[2024-09-24T15:41:30.393+0000] {processor.py:840} INFO - DAG(s) 'example_python_operator' retrieved from /home/airflow/.local/lib/python3.12/site-packages/airflow/example_dags/example_python_operator.py
[2024-09-24T15:41:30.415+0000] {logging_mixin.py:188} INFO - [2024-09-24T15:41:30.415+0000] {dag.py:3096} INFO - Sync 1 DAGs
[2024-09-24T15:41:30.430+0000] {logging_mixin.py:188} INFO - [2024-09-24T15:41:30.429+0000] {dag.py:3954} INFO - Setting next_dagrun for example_python_operator to None, run_after=None
[2024-09-24T15:41:30.463+0000] {processor.py:183} INFO - Processing /home/airflow/.local/lib/python3.12/site-packages/airflow/example_dags/example_python_operator.py took 0.107 seconds
[2024-09-24T15:42:00.784+0000] {processor.py:161} INFO - Started process (PID=212) to work on /home/airflow/.local/lib/python3.12/site-packages/airflow/example_dags/example_python_operator.py
[2024-09-24T15:42:00.785+0000] {processor.py:830} INFO - Processing file /home/airflow/.local/lib/python3.12/site-packages/airflow/example_dags/example_python_operator.py for tasks to queue
[2024-09-24T15:42:00.788+0000] {logging_mixin.py:188} INFO - [2024-09-24T15:42:00.787+0000] {dagbag.py:545} INFO - Filling up the DagBag from /home/airflow/.local/lib/python3.12/site-packages/airflow/example_dags/example_python_operator.py
[2024-09-24T15:42:00.803+0000] {processor.py:840} INFO - DAG(s) 'example_python_operator' retrieved from /home/airflow/.local/lib/python3.12/site-packages/airflow/example_dags/example_python_operator.py
[2024-09-24T15:42:00.828+0000] {logging_mixin.py:188} INFO - [2024-09-24T15:42:00.828+0000] {dag.py:3096} INFO - Sync 1 DAGs
[2024-09-24T15:42:00.842+0000] {logging_mixin.py:188} INFO - [2024-09-24T15:42:00.841+0000] {dag.py:3954} INFO - Setting next_dagrun for example_python_operator to None, run_after=None
[2024-09-24T15:42:00.865+0000] {processor.py:183} INFO - Processing /home/airflow/.local/lib/python3.12/site-packages/airflow/example_dags/example_python_operator.py took 0.088 seconds
[2024-09-24T15:42:30.922+0000] {processor.py:161} INFO - Started process (PID=270) to work on /home/airflow/.local/lib/python3.12/site-packages/airflow/example_dags/example_python_operator.py
[2024-09-24T15:42:30.923+0000] {processor.py:830} INFO - Processing file /home/airflow/.local/lib/python3.12/site-packages/airflow/example_dags/example_python_operator.py for tasks to queue
[2024-09-24T15:42:30.925+0000] {logging_mixin.py:188} INFO - [2024-09-24T15:42:30.925+0000] {dagbag.py:545} INFO - Filling up the DagBag from /home/airflow/.local/lib/python3.12/site-packages/airflow/example_dags/example_python_operator.py
[2024-09-24T15:42:30.936+0000] {processor.py:840} INFO - DAG(s) 'example_python_operator' retrieved from /home/airflow/.local/lib/python3.12/site-packages/airflow/example_dags/example_python_operator.py
[2024-09-24T15:42:30.962+0000] {logging_mixin.py:188} INFO - [2024-09-24T15:42:30.962+0000] {dag.py:3096} INFO - Sync 1 DAGs
[2024-09-24T15:42:30.975+0000] {logging_mixin.py:188} INFO - [2024-09-24T15:42:30.975+0000] {dag.py:3954} INFO - Setting next_dagrun for example_python_operator to None, run_after=None
[2024-09-24T15:42:30.995+0000] {processor.py:183} INFO - Processing /home/airflow/.local/lib/python3.12/site-packages/airflow/example_dags/example_python_operator.py took 0.079 seconds
[2024-09-24T15:43:01.164+0000] {processor.py:161} INFO - Started process (PID=328) to work on /home/airflow/.local/lib/python3.12/site-packages/airflow/example_dags/example_python_operator.py
[2024-09-24T15:43:01.165+0000] {processor.py:830} INFO - Processing file /home/airflow/.local/lib/python3.12/site-packages/airflow/example_dags/example_python_operator.py for tasks to queue
[2024-09-24T15:43:01.168+0000] {logging_mixin.py:188} INFO - [2024-09-24T15:43:01.167+0000] {dagbag.py:545} INFO - Filling up the DagBag from /home/airflow/.local/lib/python3.12/site-packages/airflow/example_dags/example_python_operator.py
[2024-09-24T15:43:01.188+0000] {processor.py:840} INFO - DAG(s) 'example_python_operator' retrieved from /home/airflow/.local/lib/python3.12/site-packages/airflow/example_dags/example_python_operator.py
[2024-09-24T15:43:01.223+0000] {logging_mixin.py:188} INFO - [2024-09-24T15:43:01.222+0000] {dag.py:3096} INFO - Sync 1 DAGs
[2024-09-24T15:43:01.243+0000] {logging_mixin.py:188} INFO - [2024-09-24T15:43:01.242+0000] {dag.py:3954} INFO - Setting next_dagrun for example_python_operator to None, run_after=None
[2024-09-24T15:43:01.268+0000] {processor.py:183} INFO - Processing /home/airflow/.local/lib/python3.12/site-packages/airflow/example_dags/example_python_operator.py took 0.112 seconds
[2024-09-24T15:43:31.865+0000] {processor.py:161} INFO - Started process (PID=386) to work on /home/airflow/.local/lib/python3.12/site-packages/airflow/example_dags/example_python_operator.py
[2024-09-24T15:43:31.867+0000] {processor.py:830} INFO - Processing file /home/airflow/.local/lib/python3.12/site-packages/airflow/example_dags/example_python_operator.py for tasks to queue
[2024-09-24T15:43:31.869+0000] {logging_mixin.py:188} INFO - [2024-09-24T15:43:31.869+0000] {dagbag.py:545} INFO - Filling up the DagBag from /home/airflow/.local/lib/python3.12/site-packages/airflow/example_dags/example_python_operator.py
[2024-09-24T15:43:31.882+0000] {processor.py:840} INFO - DAG(s) 'example_python_operator' retrieved from /home/airflow/.local/lib/python3.12/site-packages/airflow/example_dags/example_python_operator.py
[2024-09-24T15:43:31.910+0000] {logging_mixin.py:188} INFO - [2024-09-24T15:43:31.910+0000] {dag.py:3096} INFO - Sync 1 DAGs
[2024-09-24T15:43:31.927+0000] {logging_mixin.py:188} INFO - [2024-09-24T15:43:31.927+0000] {dag.py:3954} INFO - Setting next_dagrun for example_python_operator to None, run_after=None
[2024-09-24T15:43:31.954+0000] {processor.py:183} INFO - Processing /home/airflow/.local/lib/python3.12/site-packages/airflow/example_dags/example_python_operator.py took 0.094 seconds
[2024-09-24T15:44:02.465+0000] {processor.py:161} INFO - Started process (PID=444) to work on /home/airflow/.local/lib/python3.12/site-packages/airflow/example_dags/example_python_operator.py
[2024-09-24T15:44:02.467+0000] {processor.py:830} INFO - Processing file /home/airflow/.local/lib/python3.12/site-packages/airflow/example_dags/example_python_operator.py for tasks to queue
[2024-09-24T15:44:02.471+0000] {logging_mixin.py:188} INFO - [2024-09-24T15:44:02.470+0000] {dagbag.py:545} INFO - Filling up the DagBag from /home/airflow/.local/lib/python3.12/site-packages/airflow/example_dags/example_python_operator.py
[2024-09-24T15:44:02.490+0000] {processor.py:840} INFO - DAG(s) 'example_python_operator' retrieved from /home/airflow/.local/lib/python3.12/site-packages/airflow/example_dags/example_python_operator.py
[2024-09-24T15:44:02.536+0000] {logging_mixin.py:188} INFO - [2024-09-24T15:44:02.536+0000] {dag.py:3096} INFO - Sync 1 DAGs
[2024-09-24T15:44:02.561+0000] {logging_mixin.py:188} INFO - [2024-09-24T15:44:02.560+0000] {dag.py:3954} INFO - Setting next_dagrun for example_python_operator to None, run_after=None
[2024-09-24T15:44:02.588+0000] {processor.py:183} INFO - Processing /home/airflow/.local/lib/python3.12/site-packages/airflow/example_dags/example_python_operator.py took 0.131 seconds
[2024-09-24T15:44:32.633+0000] {processor.py:161} INFO - Started process (PID=502) to work on /home/airflow/.local/lib/python3.12/site-packages/airflow/example_dags/example_python_operator.py
[2024-09-24T15:44:32.634+0000] {processor.py:830} INFO - Processing file /home/airflow/.local/lib/python3.12/site-packages/airflow/example_dags/example_python_operator.py for tasks to queue
[2024-09-24T15:44:32.636+0000] {logging_mixin.py:188} INFO - [2024-09-24T15:44:32.636+0000] {dagbag.py:545} INFO - Filling up the DagBag from /home/airflow/.local/lib/python3.12/site-packages/airflow/example_dags/example_python_operator.py
[2024-09-24T15:44:32.652+0000] {processor.py:840} INFO - DAG(s) 'example_python_operator' retrieved from /home/airflow/.local/lib/python3.12/site-packages/airflow/example_dags/example_python_operator.py
[2024-09-24T15:44:32.679+0000] {logging_mixin.py:188} INFO - [2024-09-24T15:44:32.679+0000] {dag.py:3096} INFO - Sync 1 DAGs
[2024-09-24T15:44:32.694+0000] {logging_mixin.py:188} INFO - [2024-09-24T15:44:32.694+0000] {dag.py:3954} INFO - Setting next_dagrun for example_python_operator to None, run_after=None
[2024-09-24T15:44:32.715+0000] {processor.py:183} INFO - Processing /home/airflow/.local/lib/python3.12/site-packages/airflow/example_dags/example_python_operator.py took 0.088 seconds
[2024-09-24T15:45:02.970+0000] {processor.py:161} INFO - Started process (PID=560) to work on /home/airflow/.local/lib/python3.12/site-packages/airflow/example_dags/example_python_operator.py
[2024-09-24T15:45:02.972+0000] {processor.py:830} INFO - Processing file /home/airflow/.local/lib/python3.12/site-packages/airflow/example_dags/example_python_operator.py for tasks to queue
[2024-09-24T15:45:02.974+0000] {logging_mixin.py:188} INFO - [2024-09-24T15:45:02.973+0000] {dagbag.py:545} INFO - Filling up the DagBag from /home/airflow/.local/lib/python3.12/site-packages/airflow/example_dags/example_python_operator.py
[2024-09-24T15:45:02.985+0000] {processor.py:840} INFO - DAG(s) 'example_python_operator' retrieved from /home/airflow/.local/lib/python3.12/site-packages/airflow/example_dags/example_python_operator.py
[2024-09-24T15:45:03.009+0000] {logging_mixin.py:188} INFO - [2024-09-24T15:45:03.009+0000] {dag.py:3096} INFO - Sync 1 DAGs
[2024-09-24T15:45:03.022+0000] {logging_mixin.py:188} INFO - [2024-09-24T15:45:03.022+0000] {dag.py:3954} INFO - Setting next_dagrun for example_python_operator to None, run_after=None
[2024-09-24T15:45:03.043+0000] {processor.py:183} INFO - Processing /home/airflow/.local/lib/python3.12/site-packages/airflow/example_dags/example_python_operator.py took 0.079 seconds
[2024-09-24T15:45:33.385+0000] {processor.py:161} INFO - Started process (PID=618) to work on /home/airflow/.local/lib/python3.12/site-packages/airflow/example_dags/example_python_operator.py
[2024-09-24T15:45:33.388+0000] {processor.py:830} INFO - Processing file /home/airflow/.local/lib/python3.12/site-packages/airflow/example_dags/example_python_operator.py for tasks to queue
[2024-09-24T15:45:33.394+0000] {logging_mixin.py:188} INFO - [2024-09-24T15:45:33.393+0000] {dagbag.py:545} INFO - Filling up the DagBag from /home/airflow/.local/lib/python3.12/site-packages/airflow/example_dags/example_python_operator.py
[2024-09-24T15:45:33.427+0000] {processor.py:840} INFO - DAG(s) 'example_python_operator' retrieved from /home/airflow/.local/lib/python3.12/site-packages/airflow/example_dags/example_python_operator.py
[2024-09-24T15:45:33.465+0000] {logging_mixin.py:188} INFO - [2024-09-24T15:45:33.464+0000] {dag.py:3096} INFO - Sync 1 DAGs
[2024-09-24T15:45:33.484+0000] {logging_mixin.py:188} INFO - [2024-09-24T15:45:33.484+0000] {dag.py:3954} INFO - Setting next_dagrun for example_python_operator to None, run_after=None
[2024-09-24T15:45:33.517+0000] {processor.py:183} INFO - Processing /home/airflow/.local/lib/python3.12/site-packages/airflow/example_dags/example_python_operator.py took 0.150 seconds
[2024-09-24T15:46:04.035+0000] {processor.py:161} INFO - Started process (PID=676) to work on /home/airflow/.local/lib/python3.12/site-packages/airflow/example_dags/example_python_operator.py
[2024-09-24T15:46:04.039+0000] {processor.py:830} INFO - Processing file /home/airflow/.local/lib/python3.12/site-packages/airflow/example_dags/example_python_operator.py for tasks to queue
[2024-09-24T15:46:04.042+0000] {logging_mixin.py:188} INFO - [2024-09-24T15:46:04.041+0000] {dagbag.py:545} INFO - Filling up the DagBag from /home/airflow/.local/lib/python3.12/site-packages/airflow/example_dags/example_python_operator.py
[2024-09-24T15:46:04.056+0000] {processor.py:840} INFO - DAG(s) 'example_python_operator' retrieved from /home/airflow/.local/lib/python3.12/site-packages/airflow/example_dags/example_python_operator.py
[2024-09-24T15:46:04.089+0000] {logging_mixin.py:188} INFO - [2024-09-24T15:46:04.088+0000] {dag.py:3096} INFO - Sync 1 DAGs
[2024-09-24T15:46:04.111+0000] {logging_mixin.py:188} INFO - [2024-09-24T15:46:04.111+0000] {dag.py:3954} INFO - Setting next_dagrun for example_python_operator to None, run_after=None
[2024-09-24T15:46:04.134+0000] {processor.py:183} INFO - Processing /home/airflow/.local/lib/python3.12/site-packages/airflow/example_dags/example_python_operator.py took 0.106 seconds
[2024-09-24T15:46:34.193+0000] {processor.py:161} INFO - Started process (PID=734) to work on /home/airflow/.local/lib/python3.12/site-packages/airflow/example_dags/example_python_operator.py
[2024-09-24T15:46:34.194+0000] {processor.py:830} INFO - Processing file /home/airflow/.local/lib/python3.12/site-packages/airflow/example_dags/example_python_operator.py for tasks to queue
[2024-09-24T15:46:34.197+0000] {logging_mixin.py:188} INFO - [2024-09-24T15:46:34.197+0000] {dagbag.py:545} INFO - Filling up the DagBag from /home/airflow/.local/lib/python3.12/site-packages/airflow/example_dags/example_python_operator.py
[2024-09-24T15:46:34.213+0000] {processor.py:840} INFO - DAG(s) 'example_python_operator' retrieved from /home/airflow/.local/lib/python3.12/site-packages/airflow/example_dags/example_python_operator.py
[2024-09-24T15:46:34.238+0000] {logging_mixin.py:188} INFO - [2024-09-24T15:46:34.238+0000] {dag.py:3096} INFO - Sync 1 DAGs
[2024-09-24T15:46:34.255+0000] {logging_mixin.py:188} INFO - [2024-09-24T15:46:34.254+0000] {dag.py:3954} INFO - Setting next_dagrun for example_python_operator to None, run_after=None
[2024-09-24T15:46:34.280+0000] {processor.py:183} INFO - Processing /home/airflow/.local/lib/python3.12/site-packages/airflow/example_dags/example_python_operator.py took 0.094 seconds
[2024-09-24T15:47:04.359+0000] {processor.py:161} INFO - Started process (PID=792) to work on /home/airflow/.local/lib/python3.12/site-packages/airflow/example_dags/example_python_operator.py
[2024-09-24T15:47:04.361+0000] {processor.py:830} INFO - Processing file /home/airflow/.local/lib/python3.12/site-packages/airflow/example_dags/example_python_operator.py for tasks to queue
[2024-09-24T15:47:04.363+0000] {logging_mixin.py:188} INFO - [2024-09-24T15:47:04.362+0000] {dagbag.py:545} INFO - Filling up the DagBag from /home/airflow/.local/lib/python3.12/site-packages/airflow/example_dags/example_python_operator.py
[2024-09-24T15:47:04.375+0000] {processor.py:840} INFO - DAG(s) 'example_python_operator' retrieved from /home/airflow/.local/lib/python3.12/site-packages/airflow/example_dags/example_python_operator.py
[2024-09-24T15:47:04.400+0000] {logging_mixin.py:188} INFO - [2024-09-24T15:47:04.400+0000] {dag.py:3096} INFO - Sync 1 DAGs
[2024-09-24T15:47:04.416+0000] {logging_mixin.py:188} INFO - [2024-09-24T15:47:04.415+0000] {dag.py:3954} INFO - Setting next_dagrun for example_python_operator to None, run_after=None
[2024-09-24T15:47:04.440+0000] {processor.py:183} INFO - Processing /home/airflow/.local/lib/python3.12/site-packages/airflow/example_dags/example_python_operator.py took 0.087 seconds
[2024-09-24T15:47:34.797+0000] {processor.py:161} INFO - Started process (PID=850) to work on /home/airflow/.local/lib/python3.12/site-packages/airflow/example_dags/example_python_operator.py
[2024-09-24T15:47:34.799+0000] {processor.py:830} INFO - Processing file /home/airflow/.local/lib/python3.12/site-packages/airflow/example_dags/example_python_operator.py for tasks to queue
[2024-09-24T15:47:34.802+0000] {logging_mixin.py:188} INFO - [2024-09-24T15:47:34.802+0000] {dagbag.py:545} INFO - Filling up the DagBag from /home/airflow/.local/lib/python3.12/site-packages/airflow/example_dags/example_python_operator.py
[2024-09-24T15:47:34.814+0000] {processor.py:840} INFO - DAG(s) 'example_python_operator' retrieved from /home/airflow/.local/lib/python3.12/site-packages/airflow/example_dags/example_python_operator.py
[2024-09-24T15:47:34.853+0000] {logging_mixin.py:188} INFO - [2024-09-24T15:47:34.852+0000] {dag.py:3096} INFO - Sync 1 DAGs
[2024-09-24T15:47:34.874+0000] {logging_mixin.py:188} INFO - [2024-09-24T15:47:34.873+0000] {dag.py:3954} INFO - Setting next_dagrun for example_python_operator to None, run_after=None
[2024-09-24T15:47:34.894+0000] {processor.py:183} INFO - Processing /home/airflow/.local/lib/python3.12/site-packages/airflow/example_dags/example_python_operator.py took 0.103 seconds
[2024-09-24T15:48:05.291+0000] {processor.py:161} INFO - Started process (PID=908) to work on /home/airflow/.local/lib/python3.12/site-packages/airflow/example_dags/example_python_operator.py
[2024-09-24T15:48:05.292+0000] {processor.py:830} INFO - Processing file /home/airflow/.local/lib/python3.12/site-packages/airflow/example_dags/example_python_operator.py for tasks to queue
[2024-09-24T15:48:05.294+0000] {logging_mixin.py:188} INFO - [2024-09-24T15:48:05.294+0000] {dagbag.py:545} INFO - Filling up the DagBag from /home/airflow/.local/lib/python3.12/site-packages/airflow/example_dags/example_python_operator.py
[2024-09-24T15:48:05.312+0000] {processor.py:840} INFO - DAG(s) 'example_python_operator' retrieved from /home/airflow/.local/lib/python3.12/site-packages/airflow/example_dags/example_python_operator.py
[2024-09-24T15:48:05.340+0000] {logging_mixin.py:188} INFO - [2024-09-24T15:48:05.339+0000] {dag.py:3096} INFO - Sync 1 DAGs
[2024-09-24T15:48:05.354+0000] {logging_mixin.py:188} INFO - [2024-09-24T15:48:05.354+0000] {dag.py:3954} INFO - Setting next_dagrun for example_python_operator to None, run_after=None
[2024-09-24T15:48:05.380+0000] {processor.py:183} INFO - Processing /home/airflow/.local/lib/python3.12/site-packages/airflow/example_dags/example_python_operator.py took 0.095 seconds
[2024-09-24T15:48:35.667+0000] {processor.py:161} INFO - Started process (PID=964) to work on /home/airflow/.local/lib/python3.12/site-packages/airflow/example_dags/example_python_operator.py
[2024-09-24T15:48:35.669+0000] {processor.py:830} INFO - Processing file /home/airflow/.local/lib/python3.12/site-packages/airflow/example_dags/example_python_operator.py for tasks to queue
[2024-09-24T15:48:35.672+0000] {logging_mixin.py:188} INFO - [2024-09-24T15:48:35.672+0000] {dagbag.py:545} INFO - Filling up the DagBag from /home/airflow/.local/lib/python3.12/site-packages/airflow/example_dags/example_python_operator.py
[2024-09-24T15:48:35.691+0000] {processor.py:840} INFO - DAG(s) 'example_python_operator' retrieved from /home/airflow/.local/lib/python3.12/site-packages/airflow/example_dags/example_python_operator.py
[2024-09-24T15:48:35.727+0000] {logging_mixin.py:188} INFO - [2024-09-24T15:48:35.726+0000] {dag.py:3096} INFO - Sync 1 DAGs
[2024-09-24T15:48:35.750+0000] {logging_mixin.py:188} INFO - [2024-09-24T15:48:35.749+0000] {dag.py:3954} INFO - Setting next_dagrun for example_python_operator to None, run_after=None
[2024-09-24T15:48:35.776+0000] {processor.py:183} INFO - Processing /home/airflow/.local/lib/python3.12/site-packages/airflow/example_dags/example_python_operator.py took 0.118 seconds
[2024-09-24T15:49:06.548+0000] {processor.py:161} INFO - Started process (PID=1023) to work on /home/airflow/.local/lib/python3.12/site-packages/airflow/example_dags/example_python_operator.py
[2024-09-24T15:49:06.549+0000] {processor.py:830} INFO - Processing file /home/airflow/.local/lib/python3.12/site-packages/airflow/example_dags/example_python_operator.py for tasks to queue
[2024-09-24T15:49:06.551+0000] {logging_mixin.py:188} INFO - [2024-09-24T15:49:06.551+0000] {dagbag.py:545} INFO - Filling up the DagBag from /home/airflow/.local/lib/python3.12/site-packages/airflow/example_dags/example_python_operator.py
[2024-09-24T15:49:06.562+0000] {processor.py:840} INFO - DAG(s) 'example_python_operator' retrieved from /home/airflow/.local/lib/python3.12/site-packages/airflow/example_dags/example_python_operator.py
[2024-09-24T15:49:06.588+0000] {logging_mixin.py:188} INFO - [2024-09-24T15:49:06.587+0000] {dag.py:3096} INFO - Sync 1 DAGs
[2024-09-24T15:49:06.600+0000] {logging_mixin.py:188} INFO - [2024-09-24T15:49:06.599+0000] {dag.py:3954} INFO - Setting next_dagrun for example_python_operator to None, run_after=None
[2024-09-24T15:49:06.620+0000] {processor.py:183} INFO - Processing /home/airflow/.local/lib/python3.12/site-packages/airflow/example_dags/example_python_operator.py took 0.079 seconds
[2024-09-24T15:49:36.710+0000] {processor.py:161} INFO - Started process (PID=1081) to work on /home/airflow/.local/lib/python3.12/site-packages/airflow/example_dags/example_python_operator.py
[2024-09-24T15:49:36.711+0000] {processor.py:830} INFO - Processing file /home/airflow/.local/lib/python3.12/site-packages/airflow/example_dags/example_python_operator.py for tasks to queue
[2024-09-24T15:49:36.714+0000] {logging_mixin.py:188} INFO - [2024-09-24T15:49:36.714+0000] {dagbag.py:545} INFO - Filling up the DagBag from /home/airflow/.local/lib/python3.12/site-packages/airflow/example_dags/example_python_operator.py
[2024-09-24T15:49:36.727+0000] {processor.py:840} INFO - DAG(s) 'example_python_operator' retrieved from /home/airflow/.local/lib/python3.12/site-packages/airflow/example_dags/example_python_operator.py
[2024-09-24T15:49:36.752+0000] {logging_mixin.py:188} INFO - [2024-09-24T15:49:36.752+0000] {dag.py:3096} INFO - Sync 1 DAGs
[2024-09-24T15:49:36.767+0000] {logging_mixin.py:188} INFO - [2024-09-24T15:49:36.766+0000] {dag.py:3954} INFO - Setting next_dagrun for example_python_operator to None, run_after=None
[2024-09-24T15:49:36.787+0000] {processor.py:183} INFO - Processing /home/airflow/.local/lib/python3.12/site-packages/airflow/example_dags/example_python_operator.py took 0.085 seconds
[2024-09-24T15:50:07.398+0000] {processor.py:161} INFO - Started process (PID=1139) to work on /home/airflow/.local/lib/python3.12/site-packages/airflow/example_dags/example_python_operator.py
[2024-09-24T15:50:07.405+0000] {processor.py:830} INFO - Processing file /home/airflow/.local/lib/python3.12/site-packages/airflow/example_dags/example_python_operator.py for tasks to queue
[2024-09-24T15:50:07.423+0000] {logging_mixin.py:188} INFO - [2024-09-24T15:50:07.420+0000] {dagbag.py:545} INFO - Filling up the DagBag from /home/airflow/.local/lib/python3.12/site-packages/airflow/example_dags/example_python_operator.py
[2024-09-24T15:50:07.585+0000] {processor.py:840} INFO - DAG(s) 'example_python_operator' retrieved from /home/airflow/.local/lib/python3.12/site-packages/airflow/example_dags/example_python_operator.py
[2024-09-24T15:50:07.728+0000] {logging_mixin.py:188} INFO - [2024-09-24T15:50:07.727+0000] {dag.py:3096} INFO - Sync 1 DAGs
[2024-09-24T15:50:07.805+0000] {logging_mixin.py:188} INFO - [2024-09-24T15:50:07.805+0000] {dag.py:3954} INFO - Setting next_dagrun for example_python_operator to None, run_after=None
[2024-09-24T15:50:07.928+0000] {processor.py:183} INFO - Processing /home/airflow/.local/lib/python3.12/site-packages/airflow/example_dags/example_python_operator.py took 0.586 seconds
[2024-09-24T15:50:38.683+0000] {processor.py:161} INFO - Started process (PID=1198) to work on /home/airflow/.local/lib/python3.12/site-packages/airflow/example_dags/example_python_operator.py
[2024-09-24T15:50:38.685+0000] {processor.py:830} INFO - Processing file /home/airflow/.local/lib/python3.12/site-packages/airflow/example_dags/example_python_operator.py for tasks to queue
[2024-09-24T15:50:38.687+0000] {logging_mixin.py:188} INFO - [2024-09-24T15:50:38.687+0000] {dagbag.py:545} INFO - Filling up the DagBag from /home/airflow/.local/lib/python3.12/site-packages/airflow/example_dags/example_python_operator.py
[2024-09-24T15:50:38.701+0000] {processor.py:840} INFO - DAG(s) 'example_python_operator' retrieved from /home/airflow/.local/lib/python3.12/site-packages/airflow/example_dags/example_python_operator.py
[2024-09-24T15:50:38.735+0000] {logging_mixin.py:188} INFO - [2024-09-24T15:50:38.734+0000] {dag.py:3096} INFO - Sync 1 DAGs
[2024-09-24T15:50:38.749+0000] {logging_mixin.py:188} INFO - [2024-09-24T15:50:38.749+0000] {dag.py:3954} INFO - Setting next_dagrun for example_python_operator to None, run_after=None
[2024-09-24T15:50:38.770+0000] {processor.py:183} INFO - Processing /home/airflow/.local/lib/python3.12/site-packages/airflow/example_dags/example_python_operator.py took 0.093 seconds
[2024-09-24T15:51:09.652+0000] {processor.py:161} INFO - Started process (PID=1256) to work on /home/airflow/.local/lib/python3.12/site-packages/airflow/example_dags/example_python_operator.py
[2024-09-24T15:51:09.654+0000] {processor.py:830} INFO - Processing file /home/airflow/.local/lib/python3.12/site-packages/airflow/example_dags/example_python_operator.py for tasks to queue
[2024-09-24T15:51:09.658+0000] {logging_mixin.py:188} INFO - [2024-09-24T15:51:09.657+0000] {dagbag.py:545} INFO - Filling up the DagBag from /home/airflow/.local/lib/python3.12/site-packages/airflow/example_dags/example_python_operator.py
[2024-09-24T15:51:09.671+0000] {processor.py:840} INFO - DAG(s) 'example_python_operator' retrieved from /home/airflow/.local/lib/python3.12/site-packages/airflow/example_dags/example_python_operator.py
[2024-09-24T15:51:09.700+0000] {logging_mixin.py:188} INFO - [2024-09-24T15:51:09.699+0000] {dag.py:3096} INFO - Sync 1 DAGs
[2024-09-24T15:51:09.715+0000] {logging_mixin.py:188} INFO - [2024-09-24T15:51:09.714+0000] {dag.py:3954} INFO - Setting next_dagrun for example_python_operator to None, run_after=None
[2024-09-24T15:51:09.735+0000] {processor.py:183} INFO - Processing /home/airflow/.local/lib/python3.12/site-packages/airflow/example_dags/example_python_operator.py took 0.092 seconds
[2024-09-24T15:51:40.132+0000] {processor.py:161} INFO - Started process (PID=1314) to work on /home/airflow/.local/lib/python3.12/site-packages/airflow/example_dags/example_python_operator.py
[2024-09-24T15:51:40.133+0000] {processor.py:830} INFO - Processing file /home/airflow/.local/lib/python3.12/site-packages/airflow/example_dags/example_python_operator.py for tasks to queue
[2024-09-24T15:51:40.137+0000] {logging_mixin.py:188} INFO - [2024-09-24T15:51:40.137+0000] {dagbag.py:545} INFO - Filling up the DagBag from /home/airflow/.local/lib/python3.12/site-packages/airflow/example_dags/example_python_operator.py
[2024-09-24T15:51:40.154+0000] {processor.py:840} INFO - DAG(s) 'example_python_operator' retrieved from /home/airflow/.local/lib/python3.12/site-packages/airflow/example_dags/example_python_operator.py
[2024-09-24T15:51:40.188+0000] {logging_mixin.py:188} INFO - [2024-09-24T15:51:40.187+0000] {dag.py:3096} INFO - Sync 1 DAGs
[2024-09-24T15:51:40.207+0000] {logging_mixin.py:188} INFO - [2024-09-24T15:51:40.207+0000] {dag.py:3954} INFO - Setting next_dagrun for example_python_operator to None, run_after=None
[2024-09-24T15:51:40.242+0000] {processor.py:183} INFO - Processing /home/airflow/.local/lib/python3.12/site-packages/airflow/example_dags/example_python_operator.py took 0.119 seconds
[2024-09-24T15:52:10.694+0000] {processor.py:161} INFO - Started process (PID=1372) to work on /home/airflow/.local/lib/python3.12/site-packages/airflow/example_dags/example_python_operator.py
[2024-09-24T15:52:10.696+0000] {processor.py:830} INFO - Processing file /home/airflow/.local/lib/python3.12/site-packages/airflow/example_dags/example_python_operator.py for tasks to queue
[2024-09-24T15:52:10.700+0000] {logging_mixin.py:188} INFO - [2024-09-24T15:52:10.699+0000] {dagbag.py:545} INFO - Filling up the DagBag from /home/airflow/.local/lib/python3.12/site-packages/airflow/example_dags/example_python_operator.py
[2024-09-24T15:52:10.724+0000] {processor.py:840} INFO - DAG(s) 'example_python_operator' retrieved from /home/airflow/.local/lib/python3.12/site-packages/airflow/example_dags/example_python_operator.py
[2024-09-24T15:52:10.760+0000] {logging_mixin.py:188} INFO - [2024-09-24T15:52:10.760+0000] {dag.py:3096} INFO - Sync 1 DAGs
[2024-09-24T15:52:10.778+0000] {logging_mixin.py:188} INFO - [2024-09-24T15:52:10.778+0000] {dag.py:3954} INFO - Setting next_dagrun for example_python_operator to None, run_after=None
[2024-09-24T15:52:10.817+0000] {processor.py:183} INFO - Processing /home/airflow/.local/lib/python3.12/site-packages/airflow/example_dags/example_python_operator.py took 0.133 seconds
[2024-09-24T15:52:40.877+0000] {processor.py:161} INFO - Started process (PID=1430) to work on /home/airflow/.local/lib/python3.12/site-packages/airflow/example_dags/example_python_operator.py
[2024-09-24T15:52:40.878+0000] {processor.py:830} INFO - Processing file /home/airflow/.local/lib/python3.12/site-packages/airflow/example_dags/example_python_operator.py for tasks to queue
[2024-09-24T15:52:40.881+0000] {logging_mixin.py:188} INFO - [2024-09-24T15:52:40.881+0000] {dagbag.py:545} INFO - Filling up the DagBag from /home/airflow/.local/lib/python3.12/site-packages/airflow/example_dags/example_python_operator.py
[2024-09-24T15:52:40.897+0000] {processor.py:840} INFO - DAG(s) 'example_python_operator' retrieved from /home/airflow/.local/lib/python3.12/site-packages/airflow/example_dags/example_python_operator.py
[2024-09-24T15:52:40.931+0000] {logging_mixin.py:188} INFO - [2024-09-24T15:52:40.931+0000] {dag.py:3096} INFO - Sync 1 DAGs
[2024-09-24T15:52:40.956+0000] {logging_mixin.py:188} INFO - [2024-09-24T15:52:40.956+0000] {dag.py:3954} INFO - Setting next_dagrun for example_python_operator to None, run_after=None
[2024-09-24T15:52:40.989+0000] {processor.py:183} INFO - Processing /home/airflow/.local/lib/python3.12/site-packages/airflow/example_dags/example_python_operator.py took 0.123 seconds
[2024-09-24T15:53:11.402+0000] {processor.py:161} INFO - Started process (PID=1488) to work on /home/airflow/.local/lib/python3.12/site-packages/airflow/example_dags/example_python_operator.py
[2024-09-24T15:53:11.403+0000] {processor.py:830} INFO - Processing file /home/airflow/.local/lib/python3.12/site-packages/airflow/example_dags/example_python_operator.py for tasks to queue
[2024-09-24T15:53:11.405+0000] {logging_mixin.py:188} INFO - [2024-09-24T15:53:11.405+0000] {dagbag.py:545} INFO - Filling up the DagBag from /home/airflow/.local/lib/python3.12/site-packages/airflow/example_dags/example_python_operator.py
[2024-09-24T15:53:11.417+0000] {processor.py:840} INFO - DAG(s) 'example_python_operator' retrieved from /home/airflow/.local/lib/python3.12/site-packages/airflow/example_dags/example_python_operator.py
[2024-09-24T15:53:11.442+0000] {logging_mixin.py:188} INFO - [2024-09-24T15:53:11.442+0000] {dag.py:3096} INFO - Sync 1 DAGs
[2024-09-24T15:53:11.456+0000] {logging_mixin.py:188} INFO - [2024-09-24T15:53:11.456+0000] {dag.py:3954} INFO - Setting next_dagrun for example_python_operator to None, run_after=None
[2024-09-24T15:53:11.477+0000] {processor.py:183} INFO - Processing /home/airflow/.local/lib/python3.12/site-packages/airflow/example_dags/example_python_operator.py took 0.082 seconds
