[2024-09-24T15:40:44.506+0000] {processor.py:161} INFO - Started process (PID=76) to work on /home/airflow/.local/lib/python3.12/site-packages/airflow/example_dags/example_xcomargs.py
[2024-09-24T15:40:44.507+0000] {processor.py:830} INFO - Processing file /home/airflow/.local/lib/python3.12/site-packages/airflow/example_dags/example_xcomargs.py for tasks to queue
[2024-09-24T15:40:44.511+0000] {logging_mixin.py:188} INFO - [2024-09-24T15:40:44.510+0000] {dagbag.py:545} INFO - Filling up the DagBag from /home/airflow/.local/lib/python3.12/site-packages/airflow/example_dags/example_xcomargs.py
[2024-09-24T15:40:44.530+0000] {processor.py:840} INFO - DAG(s) 'example_xcom_args', 'example_xcom_args_with_operators' retrieved from /home/airflow/.local/lib/python3.12/site-packages/airflow/example_dags/example_xcomargs.py
[2024-09-24T15:40:44.727+0000] {logging_mixin.py:188} INFO - [2024-09-24T15:40:44.726+0000] {dag.py:3096} INFO - Sync 2 DAGs
[2024-09-24T15:40:44.746+0000] {logging_mixin.py:188} INFO - [2024-09-24T15:40:44.746+0000] {dag.py:3954} INFO - Setting next_dagrun for example_xcom_args to None, run_after=None
[2024-09-24T15:40:44.752+0000] {logging_mixin.py:188} INFO - [2024-09-24T15:40:44.751+0000] {dag.py:3954} INFO - Setting next_dagrun for example_xcom_args_with_operators to None, run_after=None
[2024-09-24T15:40:44.782+0000] {processor.py:183} INFO - Processing /home/airflow/.local/lib/python3.12/site-packages/airflow/example_dags/example_xcomargs.py took 0.289 seconds
[2024-09-24T15:41:15.564+0000] {processor.py:161} INFO - Started process (PID=134) to work on /home/airflow/.local/lib/python3.12/site-packages/airflow/example_dags/example_xcomargs.py
[2024-09-24T15:41:15.566+0000] {processor.py:830} INFO - Processing file /home/airflow/.local/lib/python3.12/site-packages/airflow/example_dags/example_xcomargs.py for tasks to queue
[2024-09-24T15:41:15.568+0000] {logging_mixin.py:188} INFO - [2024-09-24T15:41:15.568+0000] {dagbag.py:545} INFO - Filling up the DagBag from /home/airflow/.local/lib/python3.12/site-packages/airflow/example_dags/example_xcomargs.py
[2024-09-24T15:41:15.577+0000] {processor.py:840} INFO - DAG(s) 'example_xcom_args_with_operators', 'example_xcom_args' retrieved from /home/airflow/.local/lib/python3.12/site-packages/airflow/example_dags/example_xcomargs.py
[2024-09-24T15:41:15.617+0000] {logging_mixin.py:188} INFO - [2024-09-24T15:41:15.616+0000] {dag.py:3096} INFO - Sync 2 DAGs
[2024-09-24T15:41:15.641+0000] {logging_mixin.py:188} INFO - [2024-09-24T15:41:15.641+0000] {dag.py:3954} INFO - Setting next_dagrun for example_xcom_args to None, run_after=None
[2024-09-24T15:41:15.649+0000] {logging_mixin.py:188} INFO - [2024-09-24T15:41:15.648+0000] {dag.py:3954} INFO - Setting next_dagrun for example_xcom_args_with_operators to None, run_after=None
[2024-09-24T15:41:15.679+0000] {processor.py:183} INFO - Processing /home/airflow/.local/lib/python3.12/site-packages/airflow/example_dags/example_xcomargs.py took 0.121 seconds
[2024-09-24T15:41:45.830+0000] {processor.py:161} INFO - Started process (PID=192) to work on /home/airflow/.local/lib/python3.12/site-packages/airflow/example_dags/example_xcomargs.py
[2024-09-24T15:41:45.834+0000] {processor.py:830} INFO - Processing file /home/airflow/.local/lib/python3.12/site-packages/airflow/example_dags/example_xcomargs.py for tasks to queue
[2024-09-24T15:41:45.839+0000] {logging_mixin.py:188} INFO - [2024-09-24T15:41:45.838+0000] {dagbag.py:545} INFO - Filling up the DagBag from /home/airflow/.local/lib/python3.12/site-packages/airflow/example_dags/example_xcomargs.py
[2024-09-24T15:41:45.871+0000] {processor.py:840} INFO - DAG(s) 'example_xcom_args', 'example_xcom_args_with_operators' retrieved from /home/airflow/.local/lib/python3.12/site-packages/airflow/example_dags/example_xcomargs.py
[2024-09-24T15:41:45.914+0000] {logging_mixin.py:188} INFO - [2024-09-24T15:41:45.913+0000] {dag.py:3096} INFO - Sync 2 DAGs
[2024-09-24T15:41:45.952+0000] {logging_mixin.py:188} INFO - [2024-09-24T15:41:45.952+0000] {dag.py:3954} INFO - Setting next_dagrun for example_xcom_args to None, run_after=None
[2024-09-24T15:41:45.959+0000] {logging_mixin.py:188} INFO - [2024-09-24T15:41:45.959+0000] {dag.py:3954} INFO - Setting next_dagrun for example_xcom_args_with_operators to None, run_after=None
[2024-09-24T15:41:45.987+0000] {processor.py:183} INFO - Processing /home/airflow/.local/lib/python3.12/site-packages/airflow/example_dags/example_xcomargs.py took 0.172 seconds
[2024-09-24T15:42:16.284+0000] {processor.py:161} INFO - Started process (PID=250) to work on /home/airflow/.local/lib/python3.12/site-packages/airflow/example_dags/example_xcomargs.py
[2024-09-24T15:42:16.286+0000] {processor.py:830} INFO - Processing file /home/airflow/.local/lib/python3.12/site-packages/airflow/example_dags/example_xcomargs.py for tasks to queue
[2024-09-24T15:42:16.288+0000] {logging_mixin.py:188} INFO - [2024-09-24T15:42:16.287+0000] {dagbag.py:545} INFO - Filling up the DagBag from /home/airflow/.local/lib/python3.12/site-packages/airflow/example_dags/example_xcomargs.py
[2024-09-24T15:42:16.296+0000] {processor.py:840} INFO - DAG(s) 'example_xcom_args_with_operators', 'example_xcom_args' retrieved from /home/airflow/.local/lib/python3.12/site-packages/airflow/example_dags/example_xcomargs.py
[2024-09-24T15:42:16.324+0000] {logging_mixin.py:188} INFO - [2024-09-24T15:42:16.323+0000] {dag.py:3096} INFO - Sync 2 DAGs
[2024-09-24T15:42:16.342+0000] {logging_mixin.py:188} INFO - [2024-09-24T15:42:16.342+0000] {dag.py:3954} INFO - Setting next_dagrun for example_xcom_args to None, run_after=None
[2024-09-24T15:42:16.346+0000] {logging_mixin.py:188} INFO - [2024-09-24T15:42:16.346+0000] {dag.py:3954} INFO - Setting next_dagrun for example_xcom_args_with_operators to None, run_after=None
[2024-09-24T15:42:16.376+0000] {processor.py:183} INFO - Processing /home/airflow/.local/lib/python3.12/site-packages/airflow/example_dags/example_xcomargs.py took 0.098 seconds
[2024-09-24T15:42:46.638+0000] {processor.py:161} INFO - Started process (PID=308) to work on /home/airflow/.local/lib/python3.12/site-packages/airflow/example_dags/example_xcomargs.py
[2024-09-24T15:42:46.640+0000] {processor.py:830} INFO - Processing file /home/airflow/.local/lib/python3.12/site-packages/airflow/example_dags/example_xcomargs.py for tasks to queue
[2024-09-24T15:42:46.642+0000] {logging_mixin.py:188} INFO - [2024-09-24T15:42:46.641+0000] {dagbag.py:545} INFO - Filling up the DagBag from /home/airflow/.local/lib/python3.12/site-packages/airflow/example_dags/example_xcomargs.py
[2024-09-24T15:42:46.651+0000] {processor.py:840} INFO - DAG(s) 'example_xcom_args_with_operators', 'example_xcom_args' retrieved from /home/airflow/.local/lib/python3.12/site-packages/airflow/example_dags/example_xcomargs.py
[2024-09-24T15:42:46.679+0000] {logging_mixin.py:188} INFO - [2024-09-24T15:42:46.679+0000] {dag.py:3096} INFO - Sync 2 DAGs
[2024-09-24T15:42:46.694+0000] {logging_mixin.py:188} INFO - [2024-09-24T15:42:46.694+0000] {dag.py:3954} INFO - Setting next_dagrun for example_xcom_args to None, run_after=None
[2024-09-24T15:42:46.699+0000] {logging_mixin.py:188} INFO - [2024-09-24T15:42:46.699+0000] {dag.py:3954} INFO - Setting next_dagrun for example_xcom_args_with_operators to None, run_after=None
[2024-09-24T15:42:46.718+0000] {processor.py:183} INFO - Processing /home/airflow/.local/lib/python3.12/site-packages/airflow/example_dags/example_xcomargs.py took 0.086 seconds
[2024-09-24T15:43:17.365+0000] {processor.py:161} INFO - Started process (PID=366) to work on /home/airflow/.local/lib/python3.12/site-packages/airflow/example_dags/example_xcomargs.py
[2024-09-24T15:43:17.366+0000] {processor.py:830} INFO - Processing file /home/airflow/.local/lib/python3.12/site-packages/airflow/example_dags/example_xcomargs.py for tasks to queue
[2024-09-24T15:43:17.369+0000] {logging_mixin.py:188} INFO - [2024-09-24T15:43:17.368+0000] {dagbag.py:545} INFO - Filling up the DagBag from /home/airflow/.local/lib/python3.12/site-packages/airflow/example_dags/example_xcomargs.py
[2024-09-24T15:43:17.377+0000] {processor.py:840} INFO - DAG(s) 'example_xcom_args_with_operators', 'example_xcom_args' retrieved from /home/airflow/.local/lib/python3.12/site-packages/airflow/example_dags/example_xcomargs.py
[2024-09-24T15:43:17.408+0000] {logging_mixin.py:188} INFO - [2024-09-24T15:43:17.407+0000] {dag.py:3096} INFO - Sync 2 DAGs
[2024-09-24T15:43:17.423+0000] {logging_mixin.py:188} INFO - [2024-09-24T15:43:17.423+0000] {dag.py:3954} INFO - Setting next_dagrun for example_xcom_args to None, run_after=None
[2024-09-24T15:43:17.428+0000] {logging_mixin.py:188} INFO - [2024-09-24T15:43:17.428+0000] {dag.py:3954} INFO - Setting next_dagrun for example_xcom_args_with_operators to None, run_after=None
[2024-09-24T15:43:17.457+0000] {processor.py:183} INFO - Processing /home/airflow/.local/lib/python3.12/site-packages/airflow/example_dags/example_xcomargs.py took 0.099 seconds
[2024-09-24T15:43:47.590+0000] {processor.py:161} INFO - Started process (PID=424) to work on /home/airflow/.local/lib/python3.12/site-packages/airflow/example_dags/example_xcomargs.py
[2024-09-24T15:43:47.591+0000] {processor.py:830} INFO - Processing file /home/airflow/.local/lib/python3.12/site-packages/airflow/example_dags/example_xcomargs.py for tasks to queue
[2024-09-24T15:43:47.594+0000] {logging_mixin.py:188} INFO - [2024-09-24T15:43:47.593+0000] {dagbag.py:545} INFO - Filling up the DagBag from /home/airflow/.local/lib/python3.12/site-packages/airflow/example_dags/example_xcomargs.py
[2024-09-24T15:43:47.605+0000] {processor.py:840} INFO - DAG(s) 'example_xcom_args_with_operators', 'example_xcom_args' retrieved from /home/airflow/.local/lib/python3.12/site-packages/airflow/example_dags/example_xcomargs.py
[2024-09-24T15:43:47.637+0000] {logging_mixin.py:188} INFO - [2024-09-24T15:43:47.636+0000] {dag.py:3096} INFO - Sync 2 DAGs
[2024-09-24T15:43:47.653+0000] {logging_mixin.py:188} INFO - [2024-09-24T15:43:47.653+0000] {dag.py:3954} INFO - Setting next_dagrun for example_xcom_args to None, run_after=None
[2024-09-24T15:43:47.659+0000] {logging_mixin.py:188} INFO - [2024-09-24T15:43:47.659+0000] {dag.py:3954} INFO - Setting next_dagrun for example_xcom_args_with_operators to None, run_after=None
[2024-09-24T15:43:47.682+0000] {processor.py:183} INFO - Processing /home/airflow/.local/lib/python3.12/site-packages/airflow/example_dags/example_xcomargs.py took 0.099 seconds
[2024-09-24T15:44:18.286+0000] {processor.py:161} INFO - Started process (PID=482) to work on /home/airflow/.local/lib/python3.12/site-packages/airflow/example_dags/example_xcomargs.py
[2024-09-24T15:44:18.287+0000] {processor.py:830} INFO - Processing file /home/airflow/.local/lib/python3.12/site-packages/airflow/example_dags/example_xcomargs.py for tasks to queue
[2024-09-24T15:44:18.291+0000] {logging_mixin.py:188} INFO - [2024-09-24T15:44:18.290+0000] {dagbag.py:545} INFO - Filling up the DagBag from /home/airflow/.local/lib/python3.12/site-packages/airflow/example_dags/example_xcomargs.py
[2024-09-24T15:44:18.307+0000] {processor.py:840} INFO - DAG(s) 'example_xcom_args', 'example_xcom_args_with_operators' retrieved from /home/airflow/.local/lib/python3.12/site-packages/airflow/example_dags/example_xcomargs.py
[2024-09-24T15:44:18.347+0000] {logging_mixin.py:188} INFO - [2024-09-24T15:44:18.346+0000] {dag.py:3096} INFO - Sync 2 DAGs
[2024-09-24T15:44:18.369+0000] {logging_mixin.py:188} INFO - [2024-09-24T15:44:18.368+0000] {dag.py:3954} INFO - Setting next_dagrun for example_xcom_args to None, run_after=None
[2024-09-24T15:44:18.376+0000] {logging_mixin.py:188} INFO - [2024-09-24T15:44:18.375+0000] {dag.py:3954} INFO - Setting next_dagrun for example_xcom_args_with_operators to None, run_after=None
[2024-09-24T15:44:18.402+0000] {processor.py:183} INFO - Processing /home/airflow/.local/lib/python3.12/site-packages/airflow/example_dags/example_xcomargs.py took 0.128 seconds
[2024-09-24T15:44:48.552+0000] {processor.py:161} INFO - Started process (PID=540) to work on /home/airflow/.local/lib/python3.12/site-packages/airflow/example_dags/example_xcomargs.py
[2024-09-24T15:44:48.554+0000] {processor.py:830} INFO - Processing file /home/airflow/.local/lib/python3.12/site-packages/airflow/example_dags/example_xcomargs.py for tasks to queue
[2024-09-24T15:44:48.557+0000] {logging_mixin.py:188} INFO - [2024-09-24T15:44:48.556+0000] {dagbag.py:545} INFO - Filling up the DagBag from /home/airflow/.local/lib/python3.12/site-packages/airflow/example_dags/example_xcomargs.py
[2024-09-24T15:44:48.569+0000] {processor.py:840} INFO - DAG(s) 'example_xcom_args_with_operators', 'example_xcom_args' retrieved from /home/airflow/.local/lib/python3.12/site-packages/airflow/example_dags/example_xcomargs.py
[2024-09-24T15:44:48.598+0000] {logging_mixin.py:188} INFO - [2024-09-24T15:44:48.598+0000] {dag.py:3096} INFO - Sync 2 DAGs
[2024-09-24T15:44:48.616+0000] {logging_mixin.py:188} INFO - [2024-09-24T15:44:48.615+0000] {dag.py:3954} INFO - Setting next_dagrun for example_xcom_args to None, run_after=None
[2024-09-24T15:44:48.620+0000] {logging_mixin.py:188} INFO - [2024-09-24T15:44:48.620+0000] {dag.py:3954} INFO - Setting next_dagrun for example_xcom_args_with_operators to None, run_after=None
[2024-09-24T15:44:48.643+0000] {processor.py:183} INFO - Processing /home/airflow/.local/lib/python3.12/site-packages/airflow/example_dags/example_xcomargs.py took 0.101 seconds
[2024-09-24T15:45:18.735+0000] {processor.py:161} INFO - Started process (PID=598) to work on /home/airflow/.local/lib/python3.12/site-packages/airflow/example_dags/example_xcomargs.py
[2024-09-24T15:45:18.737+0000] {processor.py:830} INFO - Processing file /home/airflow/.local/lib/python3.12/site-packages/airflow/example_dags/example_xcomargs.py for tasks to queue
[2024-09-24T15:45:18.739+0000] {logging_mixin.py:188} INFO - [2024-09-24T15:45:18.738+0000] {dagbag.py:545} INFO - Filling up the DagBag from /home/airflow/.local/lib/python3.12/site-packages/airflow/example_dags/example_xcomargs.py
[2024-09-24T15:45:18.748+0000] {processor.py:840} INFO - DAG(s) 'example_xcom_args', 'example_xcom_args_with_operators' retrieved from /home/airflow/.local/lib/python3.12/site-packages/airflow/example_dags/example_xcomargs.py
[2024-09-24T15:45:18.775+0000] {logging_mixin.py:188} INFO - [2024-09-24T15:45:18.775+0000] {dag.py:3096} INFO - Sync 2 DAGs
[2024-09-24T15:45:18.794+0000] {logging_mixin.py:188} INFO - [2024-09-24T15:45:18.794+0000] {dag.py:3954} INFO - Setting next_dagrun for example_xcom_args to None, run_after=None
[2024-09-24T15:45:18.800+0000] {logging_mixin.py:188} INFO - [2024-09-24T15:45:18.799+0000] {dag.py:3954} INFO - Setting next_dagrun for example_xcom_args_with_operators to None, run_after=None
[2024-09-24T15:45:18.829+0000] {processor.py:183} INFO - Processing /home/airflow/.local/lib/python3.12/site-packages/airflow/example_dags/example_xcomargs.py took 0.101 seconds
[2024-09-24T15:45:48.952+0000] {processor.py:161} INFO - Started process (PID=656) to work on /home/airflow/.local/lib/python3.12/site-packages/airflow/example_dags/example_xcomargs.py
[2024-09-24T15:45:48.955+0000] {processor.py:830} INFO - Processing file /home/airflow/.local/lib/python3.12/site-packages/airflow/example_dags/example_xcomargs.py for tasks to queue
[2024-09-24T15:45:48.957+0000] {logging_mixin.py:188} INFO - [2024-09-24T15:45:48.956+0000] {dagbag.py:545} INFO - Filling up the DagBag from /home/airflow/.local/lib/python3.12/site-packages/airflow/example_dags/example_xcomargs.py
[2024-09-24T15:45:48.966+0000] {processor.py:840} INFO - DAG(s) 'example_xcom_args_with_operators', 'example_xcom_args' retrieved from /home/airflow/.local/lib/python3.12/site-packages/airflow/example_dags/example_xcomargs.py
[2024-09-24T15:45:48.991+0000] {logging_mixin.py:188} INFO - [2024-09-24T15:45:48.991+0000] {dag.py:3096} INFO - Sync 2 DAGs
[2024-09-24T15:45:49.004+0000] {logging_mixin.py:188} INFO - [2024-09-24T15:45:49.004+0000] {dag.py:3954} INFO - Setting next_dagrun for example_xcom_args to None, run_after=None
[2024-09-24T15:45:49.009+0000] {logging_mixin.py:188} INFO - [2024-09-24T15:45:49.008+0000] {dag.py:3954} INFO - Setting next_dagrun for example_xcom_args_with_operators to None, run_after=None
[2024-09-24T15:45:49.037+0000] {processor.py:183} INFO - Processing /home/airflow/.local/lib/python3.12/site-packages/airflow/example_dags/example_xcomargs.py took 0.092 seconds
[2024-09-24T15:46:19.568+0000] {processor.py:161} INFO - Started process (PID=714) to work on /home/airflow/.local/lib/python3.12/site-packages/airflow/example_dags/example_xcomargs.py
[2024-09-24T15:46:19.569+0000] {processor.py:830} INFO - Processing file /home/airflow/.local/lib/python3.12/site-packages/airflow/example_dags/example_xcomargs.py for tasks to queue
[2024-09-24T15:46:19.571+0000] {logging_mixin.py:188} INFO - [2024-09-24T15:46:19.571+0000] {dagbag.py:545} INFO - Filling up the DagBag from /home/airflow/.local/lib/python3.12/site-packages/airflow/example_dags/example_xcomargs.py
[2024-09-24T15:46:19.580+0000] {processor.py:840} INFO - DAG(s) 'example_xcom_args_with_operators', 'example_xcom_args' retrieved from /home/airflow/.local/lib/python3.12/site-packages/airflow/example_dags/example_xcomargs.py
[2024-09-24T15:46:19.606+0000] {logging_mixin.py:188} INFO - [2024-09-24T15:46:19.606+0000] {dag.py:3096} INFO - Sync 2 DAGs
[2024-09-24T15:46:19.621+0000] {logging_mixin.py:188} INFO - [2024-09-24T15:46:19.620+0000] {dag.py:3954} INFO - Setting next_dagrun for example_xcom_args to None, run_after=None
[2024-09-24T15:46:19.625+0000] {logging_mixin.py:188} INFO - [2024-09-24T15:46:19.625+0000] {dag.py:3954} INFO - Setting next_dagrun for example_xcom_args_with_operators to None, run_after=None
[2024-09-24T15:46:19.645+0000] {processor.py:183} INFO - Processing /home/airflow/.local/lib/python3.12/site-packages/airflow/example_dags/example_xcomargs.py took 0.083 seconds
[2024-09-24T15:46:49.971+0000] {processor.py:161} INFO - Started process (PID=772) to work on /home/airflow/.local/lib/python3.12/site-packages/airflow/example_dags/example_xcomargs.py
[2024-09-24T15:46:49.972+0000] {processor.py:830} INFO - Processing file /home/airflow/.local/lib/python3.12/site-packages/airflow/example_dags/example_xcomargs.py for tasks to queue
[2024-09-24T15:46:49.974+0000] {logging_mixin.py:188} INFO - [2024-09-24T15:46:49.974+0000] {dagbag.py:545} INFO - Filling up the DagBag from /home/airflow/.local/lib/python3.12/site-packages/airflow/example_dags/example_xcomargs.py
[2024-09-24T15:46:49.984+0000] {processor.py:840} INFO - DAG(s) 'example_xcom_args', 'example_xcom_args_with_operators' retrieved from /home/airflow/.local/lib/python3.12/site-packages/airflow/example_dags/example_xcomargs.py
[2024-09-24T15:46:50.012+0000] {logging_mixin.py:188} INFO - [2024-09-24T15:46:50.012+0000] {dag.py:3096} INFO - Sync 2 DAGs
[2024-09-24T15:46:50.026+0000] {logging_mixin.py:188} INFO - [2024-09-24T15:46:50.026+0000] {dag.py:3954} INFO - Setting next_dagrun for example_xcom_args to None, run_after=None
[2024-09-24T15:46:50.031+0000] {logging_mixin.py:188} INFO - [2024-09-24T15:46:50.030+0000] {dag.py:3954} INFO - Setting next_dagrun for example_xcom_args_with_operators to None, run_after=None
[2024-09-24T15:46:50.050+0000] {processor.py:183} INFO - Processing /home/airflow/.local/lib/python3.12/site-packages/airflow/example_dags/example_xcomargs.py took 0.087 seconds
[2024-09-24T15:47:20.443+0000] {processor.py:161} INFO - Started process (PID=830) to work on /home/airflow/.local/lib/python3.12/site-packages/airflow/example_dags/example_xcomargs.py
[2024-09-24T15:47:20.444+0000] {processor.py:830} INFO - Processing file /home/airflow/.local/lib/python3.12/site-packages/airflow/example_dags/example_xcomargs.py for tasks to queue
[2024-09-24T15:47:20.447+0000] {logging_mixin.py:188} INFO - [2024-09-24T15:47:20.446+0000] {dagbag.py:545} INFO - Filling up the DagBag from /home/airflow/.local/lib/python3.12/site-packages/airflow/example_dags/example_xcomargs.py
[2024-09-24T15:47:20.458+0000] {processor.py:840} INFO - DAG(s) 'example_xcom_args_with_operators', 'example_xcom_args' retrieved from /home/airflow/.local/lib/python3.12/site-packages/airflow/example_dags/example_xcomargs.py
[2024-09-24T15:47:20.492+0000] {logging_mixin.py:188} INFO - [2024-09-24T15:47:20.492+0000] {dag.py:3096} INFO - Sync 2 DAGs
[2024-09-24T15:47:20.510+0000] {logging_mixin.py:188} INFO - [2024-09-24T15:47:20.509+0000] {dag.py:3954} INFO - Setting next_dagrun for example_xcom_args to None, run_after=None
[2024-09-24T15:47:20.515+0000] {logging_mixin.py:188} INFO - [2024-09-24T15:47:20.515+0000] {dag.py:3954} INFO - Setting next_dagrun for example_xcom_args_with_operators to None, run_after=None
[2024-09-24T15:47:20.537+0000] {processor.py:183} INFO - Processing /home/airflow/.local/lib/python3.12/site-packages/airflow/example_dags/example_xcomargs.py took 0.101 seconds
[2024-09-24T15:47:51.418+0000] {processor.py:161} INFO - Started process (PID=888) to work on /home/airflow/.local/lib/python3.12/site-packages/airflow/example_dags/example_xcomargs.py
[2024-09-24T15:47:51.419+0000] {processor.py:830} INFO - Processing file /home/airflow/.local/lib/python3.12/site-packages/airflow/example_dags/example_xcomargs.py for tasks to queue
[2024-09-24T15:47:51.422+0000] {logging_mixin.py:188} INFO - [2024-09-24T15:47:51.421+0000] {dagbag.py:545} INFO - Filling up the DagBag from /home/airflow/.local/lib/python3.12/site-packages/airflow/example_dags/example_xcomargs.py
[2024-09-24T15:47:51.430+0000] {processor.py:840} INFO - DAG(s) 'example_xcom_args_with_operators', 'example_xcom_args' retrieved from /home/airflow/.local/lib/python3.12/site-packages/airflow/example_dags/example_xcomargs.py
[2024-09-24T15:47:51.460+0000] {logging_mixin.py:188} INFO - [2024-09-24T15:47:51.460+0000] {dag.py:3096} INFO - Sync 2 DAGs
[2024-09-24T15:47:51.476+0000] {logging_mixin.py:188} INFO - [2024-09-24T15:47:51.475+0000] {dag.py:3954} INFO - Setting next_dagrun for example_xcom_args to None, run_after=None
[2024-09-24T15:47:51.481+0000] {logging_mixin.py:188} INFO - [2024-09-24T15:47:51.480+0000] {dag.py:3954} INFO - Setting next_dagrun for example_xcom_args_with_operators to None, run_after=None
[2024-09-24T15:47:51.505+0000] {processor.py:183} INFO - Processing /home/airflow/.local/lib/python3.12/site-packages/airflow/example_dags/example_xcomargs.py took 0.094 seconds
[2024-09-24T15:48:21.802+0000] {processor.py:161} INFO - Started process (PID=946) to work on /home/airflow/.local/lib/python3.12/site-packages/airflow/example_dags/example_xcomargs.py
[2024-09-24T15:48:21.803+0000] {processor.py:830} INFO - Processing file /home/airflow/.local/lib/python3.12/site-packages/airflow/example_dags/example_xcomargs.py for tasks to queue
[2024-09-24T15:48:21.805+0000] {logging_mixin.py:188} INFO - [2024-09-24T15:48:21.805+0000] {dagbag.py:545} INFO - Filling up the DagBag from /home/airflow/.local/lib/python3.12/site-packages/airflow/example_dags/example_xcomargs.py
[2024-09-24T15:48:21.813+0000] {processor.py:840} INFO - DAG(s) 'example_xcom_args', 'example_xcom_args_with_operators' retrieved from /home/airflow/.local/lib/python3.12/site-packages/airflow/example_dags/example_xcomargs.py
[2024-09-24T15:48:21.840+0000] {logging_mixin.py:188} INFO - [2024-09-24T15:48:21.840+0000] {dag.py:3096} INFO - Sync 2 DAGs
[2024-09-24T15:48:21.854+0000] {logging_mixin.py:188} INFO - [2024-09-24T15:48:21.854+0000] {dag.py:3954} INFO - Setting next_dagrun for example_xcom_args to None, run_after=None
[2024-09-24T15:48:21.859+0000] {logging_mixin.py:188} INFO - [2024-09-24T15:48:21.859+0000] {dag.py:3954} INFO - Setting next_dagrun for example_xcom_args_with_operators to None, run_after=None
[2024-09-24T15:48:21.880+0000] {processor.py:183} INFO - Processing /home/airflow/.local/lib/python3.12/site-packages/airflow/example_dags/example_xcomargs.py took 0.084 seconds
[2024-09-24T15:48:52.502+0000] {processor.py:161} INFO - Started process (PID=1004) to work on /home/airflow/.local/lib/python3.12/site-packages/airflow/example_dags/example_xcomargs.py
[2024-09-24T15:48:52.504+0000] {processor.py:830} INFO - Processing file /home/airflow/.local/lib/python3.12/site-packages/airflow/example_dags/example_xcomargs.py for tasks to queue
[2024-09-24T15:48:52.509+0000] {logging_mixin.py:188} INFO - [2024-09-24T15:48:52.507+0000] {dagbag.py:545} INFO - Filling up the DagBag from /home/airflow/.local/lib/python3.12/site-packages/airflow/example_dags/example_xcomargs.py
[2024-09-24T15:48:52.528+0000] {processor.py:840} INFO - DAG(s) 'example_xcom_args_with_operators', 'example_xcom_args' retrieved from /home/airflow/.local/lib/python3.12/site-packages/airflow/example_dags/example_xcomargs.py
[2024-09-24T15:48:52.584+0000] {logging_mixin.py:188} INFO - [2024-09-24T15:48:52.583+0000] {dag.py:3096} INFO - Sync 2 DAGs
[2024-09-24T15:48:52.615+0000] {logging_mixin.py:188} INFO - [2024-09-24T15:48:52.615+0000] {dag.py:3954} INFO - Setting next_dagrun for example_xcom_args to None, run_after=None
[2024-09-24T15:48:52.621+0000] {logging_mixin.py:188} INFO - [2024-09-24T15:48:52.621+0000] {dag.py:3954} INFO - Setting next_dagrun for example_xcom_args_with_operators to None, run_after=None
[2024-09-24T15:48:52.656+0000] {processor.py:183} INFO - Processing /home/airflow/.local/lib/python3.12/site-packages/airflow/example_dags/example_xcomargs.py took 0.167 seconds
[2024-09-24T15:49:22.710+0000] {processor.py:161} INFO - Started process (PID=1062) to work on /home/airflow/.local/lib/python3.12/site-packages/airflow/example_dags/example_xcomargs.py
[2024-09-24T15:49:22.711+0000] {processor.py:830} INFO - Processing file /home/airflow/.local/lib/python3.12/site-packages/airflow/example_dags/example_xcomargs.py for tasks to queue
[2024-09-24T15:49:22.713+0000] {logging_mixin.py:188} INFO - [2024-09-24T15:49:22.713+0000] {dagbag.py:545} INFO - Filling up the DagBag from /home/airflow/.local/lib/python3.12/site-packages/airflow/example_dags/example_xcomargs.py
[2024-09-24T15:49:22.723+0000] {processor.py:840} INFO - DAG(s) 'example_xcom_args', 'example_xcom_args_with_operators' retrieved from /home/airflow/.local/lib/python3.12/site-packages/airflow/example_dags/example_xcomargs.py
[2024-09-24T15:49:22.750+0000] {logging_mixin.py:188} INFO - [2024-09-24T15:49:22.749+0000] {dag.py:3096} INFO - Sync 2 DAGs
[2024-09-24T15:49:22.765+0000] {logging_mixin.py:188} INFO - [2024-09-24T15:49:22.764+0000] {dag.py:3954} INFO - Setting next_dagrun for example_xcom_args to None, run_after=None
[2024-09-24T15:49:22.770+0000] {logging_mixin.py:188} INFO - [2024-09-24T15:49:22.769+0000] {dag.py:3954} INFO - Setting next_dagrun for example_xcom_args_with_operators to None, run_after=None
[2024-09-24T15:49:22.789+0000] {processor.py:183} INFO - Processing /home/airflow/.local/lib/python3.12/site-packages/airflow/example_dags/example_xcomargs.py took 0.086 seconds
[2024-09-24T15:49:53.145+0000] {processor.py:161} INFO - Started process (PID=1121) to work on /home/airflow/.local/lib/python3.12/site-packages/airflow/example_dags/example_xcomargs.py
[2024-09-24T15:49:53.147+0000] {processor.py:830} INFO - Processing file /home/airflow/.local/lib/python3.12/site-packages/airflow/example_dags/example_xcomargs.py for tasks to queue
[2024-09-24T15:49:53.149+0000] {logging_mixin.py:188} INFO - [2024-09-24T15:49:53.148+0000] {dagbag.py:545} INFO - Filling up the DagBag from /home/airflow/.local/lib/python3.12/site-packages/airflow/example_dags/example_xcomargs.py
[2024-09-24T15:49:53.158+0000] {processor.py:840} INFO - DAG(s) 'example_xcom_args_with_operators', 'example_xcom_args' retrieved from /home/airflow/.local/lib/python3.12/site-packages/airflow/example_dags/example_xcomargs.py
[2024-09-24T15:49:53.182+0000] {logging_mixin.py:188} INFO - [2024-09-24T15:49:53.182+0000] {dag.py:3096} INFO - Sync 2 DAGs
[2024-09-24T15:49:53.196+0000] {logging_mixin.py:188} INFO - [2024-09-24T15:49:53.195+0000] {dag.py:3954} INFO - Setting next_dagrun for example_xcom_args to None, run_after=None
[2024-09-24T15:49:53.200+0000] {logging_mixin.py:188} INFO - [2024-09-24T15:49:53.199+0000] {dag.py:3954} INFO - Setting next_dagrun for example_xcom_args_with_operators to None, run_after=None
[2024-09-24T15:49:53.217+0000] {processor.py:183} INFO - Processing /home/airflow/.local/lib/python3.12/site-packages/airflow/example_dags/example_xcomargs.py took 0.081 seconds
[2024-09-24T15:50:23.775+0000] {processor.py:161} INFO - Started process (PID=1179) to work on /home/airflow/.local/lib/python3.12/site-packages/airflow/example_dags/example_xcomargs.py
[2024-09-24T15:50:23.777+0000] {processor.py:830} INFO - Processing file /home/airflow/.local/lib/python3.12/site-packages/airflow/example_dags/example_xcomargs.py for tasks to queue
[2024-09-24T15:50:23.782+0000] {logging_mixin.py:188} INFO - [2024-09-24T15:50:23.781+0000] {dagbag.py:545} INFO - Filling up the DagBag from /home/airflow/.local/lib/python3.12/site-packages/airflow/example_dags/example_xcomargs.py
[2024-09-24T15:50:23.792+0000] {processor.py:840} INFO - DAG(s) 'example_xcom_args', 'example_xcom_args_with_operators' retrieved from /home/airflow/.local/lib/python3.12/site-packages/airflow/example_dags/example_xcomargs.py
[2024-09-24T15:50:23.823+0000] {logging_mixin.py:188} INFO - [2024-09-24T15:50:23.823+0000] {dag.py:3096} INFO - Sync 2 DAGs
[2024-09-24T15:50:23.837+0000] {logging_mixin.py:188} INFO - [2024-09-24T15:50:23.837+0000] {dag.py:3954} INFO - Setting next_dagrun for example_xcom_args to None, run_after=None
[2024-09-24T15:50:23.841+0000] {logging_mixin.py:188} INFO - [2024-09-24T15:50:23.841+0000] {dag.py:3954} INFO - Setting next_dagrun for example_xcom_args_with_operators to None, run_after=None
[2024-09-24T15:50:23.859+0000] {processor.py:183} INFO - Processing /home/airflow/.local/lib/python3.12/site-packages/airflow/example_dags/example_xcomargs.py took 0.095 seconds
[2024-09-24T15:50:54.786+0000] {processor.py:161} INFO - Started process (PID=1238) to work on /home/airflow/.local/lib/python3.12/site-packages/airflow/example_dags/example_xcomargs.py
[2024-09-24T15:50:54.787+0000] {processor.py:830} INFO - Processing file /home/airflow/.local/lib/python3.12/site-packages/airflow/example_dags/example_xcomargs.py for tasks to queue
[2024-09-24T15:50:54.789+0000] {logging_mixin.py:188} INFO - [2024-09-24T15:50:54.789+0000] {dagbag.py:545} INFO - Filling up the DagBag from /home/airflow/.local/lib/python3.12/site-packages/airflow/example_dags/example_xcomargs.py
[2024-09-24T15:50:54.799+0000] {processor.py:840} INFO - DAG(s) 'example_xcom_args', 'example_xcom_args_with_operators' retrieved from /home/airflow/.local/lib/python3.12/site-packages/airflow/example_dags/example_xcomargs.py
[2024-09-24T15:50:54.824+0000] {logging_mixin.py:188} INFO - [2024-09-24T15:50:54.824+0000] {dag.py:3096} INFO - Sync 2 DAGs
[2024-09-24T15:50:54.837+0000] {logging_mixin.py:188} INFO - [2024-09-24T15:50:54.837+0000] {dag.py:3954} INFO - Setting next_dagrun for example_xcom_args to None, run_after=None
[2024-09-24T15:50:54.841+0000] {logging_mixin.py:188} INFO - [2024-09-24T15:50:54.841+0000] {dag.py:3954} INFO - Setting next_dagrun for example_xcom_args_with_operators to None, run_after=None
[2024-09-24T15:50:54.860+0000] {processor.py:183} INFO - Processing /home/airflow/.local/lib/python3.12/site-packages/airflow/example_dags/example_xcomargs.py took 0.080 seconds
[2024-09-24T15:51:25.326+0000] {processor.py:161} INFO - Started process (PID=1296) to work on /home/airflow/.local/lib/python3.12/site-packages/airflow/example_dags/example_xcomargs.py
[2024-09-24T15:51:25.328+0000] {processor.py:830} INFO - Processing file /home/airflow/.local/lib/python3.12/site-packages/airflow/example_dags/example_xcomargs.py for tasks to queue
[2024-09-24T15:51:25.330+0000] {logging_mixin.py:188} INFO - [2024-09-24T15:51:25.330+0000] {dagbag.py:545} INFO - Filling up the DagBag from /home/airflow/.local/lib/python3.12/site-packages/airflow/example_dags/example_xcomargs.py
[2024-09-24T15:51:25.343+0000] {processor.py:840} INFO - DAG(s) 'example_xcom_args_with_operators', 'example_xcom_args' retrieved from /home/airflow/.local/lib/python3.12/site-packages/airflow/example_dags/example_xcomargs.py
[2024-09-24T15:51:25.371+0000] {logging_mixin.py:188} INFO - [2024-09-24T15:51:25.371+0000] {dag.py:3096} INFO - Sync 2 DAGs
[2024-09-24T15:51:25.386+0000] {logging_mixin.py:188} INFO - [2024-09-24T15:51:25.386+0000] {dag.py:3954} INFO - Setting next_dagrun for example_xcom_args to None, run_after=None
[2024-09-24T15:51:25.390+0000] {logging_mixin.py:188} INFO - [2024-09-24T15:51:25.390+0000] {dag.py:3954} INFO - Setting next_dagrun for example_xcom_args_with_operators to None, run_after=None
[2024-09-24T15:51:25.411+0000] {processor.py:183} INFO - Processing /home/airflow/.local/lib/python3.12/site-packages/airflow/example_dags/example_xcomargs.py took 0.097 seconds
[2024-09-24T15:51:55.828+0000] {processor.py:161} INFO - Started process (PID=1354) to work on /home/airflow/.local/lib/python3.12/site-packages/airflow/example_dags/example_xcomargs.py
[2024-09-24T15:51:55.829+0000] {processor.py:830} INFO - Processing file /home/airflow/.local/lib/python3.12/site-packages/airflow/example_dags/example_xcomargs.py for tasks to queue
[2024-09-24T15:51:55.831+0000] {logging_mixin.py:188} INFO - [2024-09-24T15:51:55.831+0000] {dagbag.py:545} INFO - Filling up the DagBag from /home/airflow/.local/lib/python3.12/site-packages/airflow/example_dags/example_xcomargs.py
[2024-09-24T15:51:55.840+0000] {processor.py:840} INFO - DAG(s) 'example_xcom_args', 'example_xcom_args_with_operators' retrieved from /home/airflow/.local/lib/python3.12/site-packages/airflow/example_dags/example_xcomargs.py
[2024-09-24T15:51:55.867+0000] {logging_mixin.py:188} INFO - [2024-09-24T15:51:55.867+0000] {dag.py:3096} INFO - Sync 2 DAGs
[2024-09-24T15:51:55.882+0000] {logging_mixin.py:188} INFO - [2024-09-24T15:51:55.882+0000] {dag.py:3954} INFO - Setting next_dagrun for example_xcom_args to None, run_after=None
[2024-09-24T15:51:55.887+0000] {logging_mixin.py:188} INFO - [2024-09-24T15:51:55.886+0000] {dag.py:3954} INFO - Setting next_dagrun for example_xcom_args_with_operators to None, run_after=None
[2024-09-24T15:51:55.906+0000] {processor.py:183} INFO - Processing /home/airflow/.local/lib/python3.12/site-packages/airflow/example_dags/example_xcomargs.py took 0.084 seconds
[2024-09-24T15:52:26.059+0000] {processor.py:161} INFO - Started process (PID=1412) to work on /home/airflow/.local/lib/python3.12/site-packages/airflow/example_dags/example_xcomargs.py
[2024-09-24T15:52:26.060+0000] {processor.py:830} INFO - Processing file /home/airflow/.local/lib/python3.12/site-packages/airflow/example_dags/example_xcomargs.py for tasks to queue
[2024-09-24T15:52:26.062+0000] {logging_mixin.py:188} INFO - [2024-09-24T15:52:26.062+0000] {dagbag.py:545} INFO - Filling up the DagBag from /home/airflow/.local/lib/python3.12/site-packages/airflow/example_dags/example_xcomargs.py
[2024-09-24T15:52:26.072+0000] {processor.py:840} INFO - DAG(s) 'example_xcom_args_with_operators', 'example_xcom_args' retrieved from /home/airflow/.local/lib/python3.12/site-packages/airflow/example_dags/example_xcomargs.py
[2024-09-24T15:52:26.099+0000] {logging_mixin.py:188} INFO - [2024-09-24T15:52:26.098+0000] {dag.py:3096} INFO - Sync 2 DAGs
[2024-09-24T15:52:26.112+0000] {logging_mixin.py:188} INFO - [2024-09-24T15:52:26.112+0000] {dag.py:3954} INFO - Setting next_dagrun for example_xcom_args to None, run_after=None
[2024-09-24T15:52:26.116+0000] {logging_mixin.py:188} INFO - [2024-09-24T15:52:26.116+0000] {dag.py:3954} INFO - Setting next_dagrun for example_xcom_args_with_operators to None, run_after=None
[2024-09-24T15:52:26.135+0000] {processor.py:183} INFO - Processing /home/airflow/.local/lib/python3.12/site-packages/airflow/example_dags/example_xcomargs.py took 0.083 seconds
[2024-09-24T15:52:56.481+0000] {processor.py:161} INFO - Started process (PID=1470) to work on /home/airflow/.local/lib/python3.12/site-packages/airflow/example_dags/example_xcomargs.py
[2024-09-24T15:52:56.482+0000] {processor.py:830} INFO - Processing file /home/airflow/.local/lib/python3.12/site-packages/airflow/example_dags/example_xcomargs.py for tasks to queue
[2024-09-24T15:52:56.486+0000] {logging_mixin.py:188} INFO - [2024-09-24T15:52:56.486+0000] {dagbag.py:545} INFO - Filling up the DagBag from /home/airflow/.local/lib/python3.12/site-packages/airflow/example_dags/example_xcomargs.py
[2024-09-24T15:52:56.497+0000] {processor.py:840} INFO - DAG(s) 'example_xcom_args', 'example_xcom_args_with_operators' retrieved from /home/airflow/.local/lib/python3.12/site-packages/airflow/example_dags/example_xcomargs.py
[2024-09-24T15:52:56.524+0000] {logging_mixin.py:188} INFO - [2024-09-24T15:52:56.523+0000] {dag.py:3096} INFO - Sync 2 DAGs
[2024-09-24T15:52:56.538+0000] {logging_mixin.py:188} INFO - [2024-09-24T15:52:56.538+0000] {dag.py:3954} INFO - Setting next_dagrun for example_xcom_args to None, run_after=None
[2024-09-24T15:52:56.542+0000] {logging_mixin.py:188} INFO - [2024-09-24T15:52:56.542+0000] {dag.py:3954} INFO - Setting next_dagrun for example_xcom_args_with_operators to None, run_after=None
[2024-09-24T15:52:56.560+0000] {processor.py:183} INFO - Processing /home/airflow/.local/lib/python3.12/site-packages/airflow/example_dags/example_xcomargs.py took 0.086 seconds
[2024-09-24T15:53:27.258+0000] {processor.py:161} INFO - Started process (PID=1528) to work on /home/airflow/.local/lib/python3.12/site-packages/airflow/example_dags/example_xcomargs.py
[2024-09-24T15:53:27.259+0000] {processor.py:830} INFO - Processing file /home/airflow/.local/lib/python3.12/site-packages/airflow/example_dags/example_xcomargs.py for tasks to queue
[2024-09-24T15:53:27.261+0000] {logging_mixin.py:188} INFO - [2024-09-24T15:53:27.261+0000] {dagbag.py:545} INFO - Filling up the DagBag from /home/airflow/.local/lib/python3.12/site-packages/airflow/example_dags/example_xcomargs.py
[2024-09-24T15:53:27.273+0000] {processor.py:840} INFO - DAG(s) 'example_xcom_args_with_operators', 'example_xcom_args' retrieved from /home/airflow/.local/lib/python3.12/site-packages/airflow/example_dags/example_xcomargs.py
[2024-09-24T15:53:27.306+0000] {logging_mixin.py:188} INFO - [2024-09-24T15:53:27.305+0000] {dag.py:3096} INFO - Sync 2 DAGs
[2024-09-24T15:53:27.326+0000] {logging_mixin.py:188} INFO - [2024-09-24T15:53:27.326+0000] {dag.py:3954} INFO - Setting next_dagrun for example_xcom_args to None, run_after=None
[2024-09-24T15:53:27.333+0000] {logging_mixin.py:188} INFO - [2024-09-24T15:53:27.332+0000] {dag.py:3954} INFO - Setting next_dagrun for example_xcom_args_with_operators to None, run_after=None
[2024-09-24T15:53:27.360+0000] {processor.py:183} INFO - Processing /home/airflow/.local/lib/python3.12/site-packages/airflow/example_dags/example_xcomargs.py took 0.109 seconds
