[2024-09-24T15:40:45.162+0000] {processor.py:161} INFO - Started process (PID=80) to work on /home/airflow/.local/lib/python3.12/site-packages/airflow/example_dags/example_sla_dag.py
[2024-09-24T15:40:45.163+0000] {processor.py:830} INFO - Processing file /home/airflow/.local/lib/python3.12/site-packages/airflow/example_dags/example_sla_dag.py for tasks to queue
[2024-09-24T15:40:45.167+0000] {logging_mixin.py:188} INFO - [2024-09-24T15:40:45.167+0000] {dagbag.py:545} INFO - Filling up the DagBag from /home/airflow/.local/lib/python3.12/site-packages/airflow/example_dags/example_sla_dag.py
[2024-09-24T15:40:45.181+0000] {processor.py:840} INFO - DAG(s) 'example_sla_dag' retrieved from /home/airflow/.local/lib/python3.12/site-packages/airflow/example_dags/example_sla_dag.py
[2024-09-24T15:40:45.338+0000] {logging_mixin.py:188} INFO - [2024-09-24T15:40:45.338+0000] {dag.py:3096} INFO - Sync 1 DAGs
[2024-09-24T15:40:45.368+0000] {logging_mixin.py:188} INFO - [2024-09-24T15:40:45.368+0000] {dag.py:3954} INFO - Setting next_dagrun for example_sla_dag to 2024-09-24 15:38:00+00:00, run_after=2024-09-24 15:40:00+00:00
[2024-09-24T15:40:45.391+0000] {processor.py:183} INFO - Processing /home/airflow/.local/lib/python3.12/site-packages/airflow/example_dags/example_sla_dag.py took 0.239 seconds
[2024-09-24T15:41:15.862+0000] {processor.py:161} INFO - Started process (PID=138) to work on /home/airflow/.local/lib/python3.12/site-packages/airflow/example_dags/example_sla_dag.py
[2024-09-24T15:41:15.863+0000] {processor.py:830} INFO - Processing file /home/airflow/.local/lib/python3.12/site-packages/airflow/example_dags/example_sla_dag.py for tasks to queue
[2024-09-24T15:41:15.865+0000] {logging_mixin.py:188} INFO - [2024-09-24T15:41:15.864+0000] {dagbag.py:545} INFO - Filling up the DagBag from /home/airflow/.local/lib/python3.12/site-packages/airflow/example_dags/example_sla_dag.py
[2024-09-24T15:41:15.874+0000] {processor.py:840} INFO - DAG(s) 'example_sla_dag' retrieved from /home/airflow/.local/lib/python3.12/site-packages/airflow/example_dags/example_sla_dag.py
[2024-09-24T15:41:15.893+0000] {logging_mixin.py:188} INFO - [2024-09-24T15:41:15.893+0000] {dag.py:3096} INFO - Sync 1 DAGs
[2024-09-24T15:41:15.922+0000] {logging_mixin.py:188} INFO - [2024-09-24T15:41:15.922+0000] {dag.py:3954} INFO - Setting next_dagrun for example_sla_dag to 2024-09-24 15:38:00+00:00, run_after=2024-09-24 15:40:00+00:00
[2024-09-24T15:41:15.941+0000] {processor.py:183} INFO - Processing /home/airflow/.local/lib/python3.12/site-packages/airflow/example_dags/example_sla_dag.py took 0.086 seconds
[2024-09-24T15:41:46.249+0000] {processor.py:161} INFO - Started process (PID=196) to work on /home/airflow/.local/lib/python3.12/site-packages/airflow/example_dags/example_sla_dag.py
[2024-09-24T15:41:46.250+0000] {processor.py:830} INFO - Processing file /home/airflow/.local/lib/python3.12/site-packages/airflow/example_dags/example_sla_dag.py for tasks to queue
[2024-09-24T15:41:46.251+0000] {logging_mixin.py:188} INFO - [2024-09-24T15:41:46.251+0000] {dagbag.py:545} INFO - Filling up the DagBag from /home/airflow/.local/lib/python3.12/site-packages/airflow/example_dags/example_sla_dag.py
[2024-09-24T15:41:46.260+0000] {processor.py:840} INFO - DAG(s) 'example_sla_dag' retrieved from /home/airflow/.local/lib/python3.12/site-packages/airflow/example_dags/example_sla_dag.py
[2024-09-24T15:41:46.281+0000] {logging_mixin.py:188} INFO - [2024-09-24T15:41:46.280+0000] {dag.py:3096} INFO - Sync 1 DAGs
[2024-09-24T15:41:46.311+0000] {logging_mixin.py:188} INFO - [2024-09-24T15:41:46.311+0000] {dag.py:3954} INFO - Setting next_dagrun for example_sla_dag to 2024-09-24 15:38:00+00:00, run_after=2024-09-24 15:40:00+00:00
[2024-09-24T15:41:46.337+0000] {processor.py:183} INFO - Processing /home/airflow/.local/lib/python3.12/site-packages/airflow/example_dags/example_sla_dag.py took 0.095 seconds
[2024-09-24T15:42:16.553+0000] {processor.py:161} INFO - Started process (PID=254) to work on /home/airflow/.local/lib/python3.12/site-packages/airflow/example_dags/example_sla_dag.py
[2024-09-24T15:42:16.554+0000] {processor.py:830} INFO - Processing file /home/airflow/.local/lib/python3.12/site-packages/airflow/example_dags/example_sla_dag.py for tasks to queue
[2024-09-24T15:42:16.556+0000] {logging_mixin.py:188} INFO - [2024-09-24T15:42:16.556+0000] {dagbag.py:545} INFO - Filling up the DagBag from /home/airflow/.local/lib/python3.12/site-packages/airflow/example_dags/example_sla_dag.py
[2024-09-24T15:42:16.565+0000] {processor.py:840} INFO - DAG(s) 'example_sla_dag' retrieved from /home/airflow/.local/lib/python3.12/site-packages/airflow/example_dags/example_sla_dag.py
[2024-09-24T15:42:16.587+0000] {logging_mixin.py:188} INFO - [2024-09-24T15:42:16.587+0000] {dag.py:3096} INFO - Sync 1 DAGs
[2024-09-24T15:42:16.613+0000] {logging_mixin.py:188} INFO - [2024-09-24T15:42:16.613+0000] {dag.py:3954} INFO - Setting next_dagrun for example_sla_dag to 2024-09-24 15:40:00+00:00, run_after=2024-09-24 15:42:00+00:00
[2024-09-24T15:42:16.635+0000] {processor.py:183} INFO - Processing /home/airflow/.local/lib/python3.12/site-packages/airflow/example_dags/example_sla_dag.py took 0.089 seconds
[2024-09-24T15:42:46.911+0000] {processor.py:161} INFO - Started process (PID=312) to work on /home/airflow/.local/lib/python3.12/site-packages/airflow/example_dags/example_sla_dag.py
[2024-09-24T15:42:46.912+0000] {processor.py:830} INFO - Processing file /home/airflow/.local/lib/python3.12/site-packages/airflow/example_dags/example_sla_dag.py for tasks to queue
[2024-09-24T15:42:46.915+0000] {logging_mixin.py:188} INFO - [2024-09-24T15:42:46.914+0000] {dagbag.py:545} INFO - Filling up the DagBag from /home/airflow/.local/lib/python3.12/site-packages/airflow/example_dags/example_sla_dag.py
[2024-09-24T15:42:46.927+0000] {processor.py:840} INFO - DAG(s) 'example_sla_dag' retrieved from /home/airflow/.local/lib/python3.12/site-packages/airflow/example_dags/example_sla_dag.py
[2024-09-24T15:42:46.948+0000] {logging_mixin.py:188} INFO - [2024-09-24T15:42:46.948+0000] {dag.py:3096} INFO - Sync 1 DAGs
[2024-09-24T15:42:46.975+0000] {logging_mixin.py:188} INFO - [2024-09-24T15:42:46.975+0000] {dag.py:3954} INFO - Setting next_dagrun for example_sla_dag to 2024-09-24 15:40:00+00:00, run_after=2024-09-24 15:42:00+00:00
[2024-09-24T15:42:46.995+0000] {processor.py:183} INFO - Processing /home/airflow/.local/lib/python3.12/site-packages/airflow/example_dags/example_sla_dag.py took 0.090 seconds
[2024-09-24T15:43:17.649+0000] {processor.py:161} INFO - Started process (PID=370) to work on /home/airflow/.local/lib/python3.12/site-packages/airflow/example_dags/example_sla_dag.py
[2024-09-24T15:43:17.650+0000] {processor.py:830} INFO - Processing file /home/airflow/.local/lib/python3.12/site-packages/airflow/example_dags/example_sla_dag.py for tasks to queue
[2024-09-24T15:43:17.652+0000] {logging_mixin.py:188} INFO - [2024-09-24T15:43:17.652+0000] {dagbag.py:545} INFO - Filling up the DagBag from /home/airflow/.local/lib/python3.12/site-packages/airflow/example_dags/example_sla_dag.py
[2024-09-24T15:43:17.661+0000] {processor.py:840} INFO - DAG(s) 'example_sla_dag' retrieved from /home/airflow/.local/lib/python3.12/site-packages/airflow/example_dags/example_sla_dag.py
[2024-09-24T15:43:17.681+0000] {logging_mixin.py:188} INFO - [2024-09-24T15:43:17.681+0000] {dag.py:3096} INFO - Sync 1 DAGs
[2024-09-24T15:43:17.711+0000] {logging_mixin.py:188} INFO - [2024-09-24T15:43:17.711+0000] {dag.py:3954} INFO - Setting next_dagrun for example_sla_dag to 2024-09-24 15:40:00+00:00, run_after=2024-09-24 15:42:00+00:00
[2024-09-24T15:43:17.731+0000] {processor.py:183} INFO - Processing /home/airflow/.local/lib/python3.12/site-packages/airflow/example_dags/example_sla_dag.py took 0.088 seconds
[2024-09-24T15:43:47.865+0000] {processor.py:161} INFO - Started process (PID=428) to work on /home/airflow/.local/lib/python3.12/site-packages/airflow/example_dags/example_sla_dag.py
[2024-09-24T15:43:47.866+0000] {processor.py:830} INFO - Processing file /home/airflow/.local/lib/python3.12/site-packages/airflow/example_dags/example_sla_dag.py for tasks to queue
[2024-09-24T15:43:47.868+0000] {logging_mixin.py:188} INFO - [2024-09-24T15:43:47.868+0000] {dagbag.py:545} INFO - Filling up the DagBag from /home/airflow/.local/lib/python3.12/site-packages/airflow/example_dags/example_sla_dag.py
[2024-09-24T15:43:47.877+0000] {processor.py:840} INFO - DAG(s) 'example_sla_dag' retrieved from /home/airflow/.local/lib/python3.12/site-packages/airflow/example_dags/example_sla_dag.py
[2024-09-24T15:43:47.897+0000] {logging_mixin.py:188} INFO - [2024-09-24T15:43:47.897+0000] {dag.py:3096} INFO - Sync 1 DAGs
[2024-09-24T15:43:47.927+0000] {logging_mixin.py:188} INFO - [2024-09-24T15:43:47.927+0000] {dag.py:3954} INFO - Setting next_dagrun for example_sla_dag to 2024-09-24 15:40:00+00:00, run_after=2024-09-24 15:42:00+00:00
[2024-09-24T15:43:47.947+0000] {processor.py:183} INFO - Processing /home/airflow/.local/lib/python3.12/site-packages/airflow/example_dags/example_sla_dag.py took 0.088 seconds
[2024-09-24T15:44:18.753+0000] {processor.py:161} INFO - Started process (PID=486) to work on /home/airflow/.local/lib/python3.12/site-packages/airflow/example_dags/example_sla_dag.py
[2024-09-24T15:44:18.758+0000] {processor.py:830} INFO - Processing file /home/airflow/.local/lib/python3.12/site-packages/airflow/example_dags/example_sla_dag.py for tasks to queue
[2024-09-24T15:44:18.762+0000] {logging_mixin.py:188} INFO - [2024-09-24T15:44:18.761+0000] {dagbag.py:545} INFO - Filling up the DagBag from /home/airflow/.local/lib/python3.12/site-packages/airflow/example_dags/example_sla_dag.py
[2024-09-24T15:44:18.780+0000] {processor.py:840} INFO - DAG(s) 'example_sla_dag' retrieved from /home/airflow/.local/lib/python3.12/site-packages/airflow/example_dags/example_sla_dag.py
[2024-09-24T15:44:18.818+0000] {logging_mixin.py:188} INFO - [2024-09-24T15:44:18.818+0000] {dag.py:3096} INFO - Sync 1 DAGs
[2024-09-24T15:44:18.886+0000] {logging_mixin.py:188} INFO - [2024-09-24T15:44:18.886+0000] {dag.py:3954} INFO - Setting next_dagrun for example_sla_dag to 2024-09-24 15:42:00+00:00, run_after=2024-09-24 15:44:00+00:00
[2024-09-24T15:44:18.987+0000] {processor.py:183} INFO - Processing /home/airflow/.local/lib/python3.12/site-packages/airflow/example_dags/example_sla_dag.py took 0.244 seconds
[2024-09-24T15:44:49.139+0000] {processor.py:161} INFO - Started process (PID=544) to work on /home/airflow/.local/lib/python3.12/site-packages/airflow/example_dags/example_sla_dag.py
[2024-09-24T15:44:49.140+0000] {processor.py:830} INFO - Processing file /home/airflow/.local/lib/python3.12/site-packages/airflow/example_dags/example_sla_dag.py for tasks to queue
[2024-09-24T15:44:49.143+0000] {logging_mixin.py:188} INFO - [2024-09-24T15:44:49.142+0000] {dagbag.py:545} INFO - Filling up the DagBag from /home/airflow/.local/lib/python3.12/site-packages/airflow/example_dags/example_sla_dag.py
[2024-09-24T15:44:49.155+0000] {processor.py:840} INFO - DAG(s) 'example_sla_dag' retrieved from /home/airflow/.local/lib/python3.12/site-packages/airflow/example_dags/example_sla_dag.py
[2024-09-24T15:44:49.178+0000] {logging_mixin.py:188} INFO - [2024-09-24T15:44:49.177+0000] {dag.py:3096} INFO - Sync 1 DAGs
[2024-09-24T15:44:49.210+0000] {logging_mixin.py:188} INFO - [2024-09-24T15:44:49.210+0000] {dag.py:3954} INFO - Setting next_dagrun for example_sla_dag to 2024-09-24 15:42:00+00:00, run_after=2024-09-24 15:44:00+00:00
[2024-09-24T15:44:49.256+0000] {processor.py:183} INFO - Processing /home/airflow/.local/lib/python3.12/site-packages/airflow/example_dags/example_sla_dag.py took 0.128 seconds
[2024-09-24T15:45:20.015+0000] {processor.py:161} INFO - Started process (PID=602) to work on /home/airflow/.local/lib/python3.12/site-packages/airflow/example_dags/example_sla_dag.py
[2024-09-24T15:45:20.016+0000] {processor.py:830} INFO - Processing file /home/airflow/.local/lib/python3.12/site-packages/airflow/example_dags/example_sla_dag.py for tasks to queue
[2024-09-24T15:45:20.020+0000] {logging_mixin.py:188} INFO - [2024-09-24T15:45:20.019+0000] {dagbag.py:545} INFO - Filling up the DagBag from /home/airflow/.local/lib/python3.12/site-packages/airflow/example_dags/example_sla_dag.py
[2024-09-24T15:45:20.034+0000] {processor.py:840} INFO - DAG(s) 'example_sla_dag' retrieved from /home/airflow/.local/lib/python3.12/site-packages/airflow/example_dags/example_sla_dag.py
[2024-09-24T15:45:20.072+0000] {logging_mixin.py:188} INFO - [2024-09-24T15:45:20.071+0000] {dag.py:3096} INFO - Sync 1 DAGs
[2024-09-24T15:45:20.121+0000] {logging_mixin.py:188} INFO - [2024-09-24T15:45:20.121+0000] {dag.py:3954} INFO - Setting next_dagrun for example_sla_dag to 2024-09-24 15:42:00+00:00, run_after=2024-09-24 15:44:00+00:00
[2024-09-24T15:45:20.153+0000] {processor.py:183} INFO - Processing /home/airflow/.local/lib/python3.12/site-packages/airflow/example_dags/example_sla_dag.py took 0.149 seconds
[2024-09-24T15:45:50.306+0000] {processor.py:161} INFO - Started process (PID=660) to work on /home/airflow/.local/lib/python3.12/site-packages/airflow/example_dags/example_sla_dag.py
[2024-09-24T15:45:50.307+0000] {processor.py:830} INFO - Processing file /home/airflow/.local/lib/python3.12/site-packages/airflow/example_dags/example_sla_dag.py for tasks to queue
[2024-09-24T15:45:50.309+0000] {logging_mixin.py:188} INFO - [2024-09-24T15:45:50.309+0000] {dagbag.py:545} INFO - Filling up the DagBag from /home/airflow/.local/lib/python3.12/site-packages/airflow/example_dags/example_sla_dag.py
[2024-09-24T15:45:50.318+0000] {processor.py:840} INFO - DAG(s) 'example_sla_dag' retrieved from /home/airflow/.local/lib/python3.12/site-packages/airflow/example_dags/example_sla_dag.py
[2024-09-24T15:45:50.340+0000] {logging_mixin.py:188} INFO - [2024-09-24T15:45:50.339+0000] {dag.py:3096} INFO - Sync 1 DAGs
[2024-09-24T15:45:50.366+0000] {logging_mixin.py:188} INFO - [2024-09-24T15:45:50.366+0000] {dag.py:3954} INFO - Setting next_dagrun for example_sla_dag to 2024-09-24 15:42:00+00:00, run_after=2024-09-24 15:44:00+00:00
[2024-09-24T15:45:50.387+0000] {processor.py:183} INFO - Processing /home/airflow/.local/lib/python3.12/site-packages/airflow/example_dags/example_sla_dag.py took 0.087 seconds
[2024-09-24T15:46:20.885+0000] {processor.py:161} INFO - Started process (PID=718) to work on /home/airflow/.local/lib/python3.12/site-packages/airflow/example_dags/example_sla_dag.py
[2024-09-24T15:46:20.888+0000] {processor.py:830} INFO - Processing file /home/airflow/.local/lib/python3.12/site-packages/airflow/example_dags/example_sla_dag.py for tasks to queue
[2024-09-24T15:46:20.894+0000] {logging_mixin.py:188} INFO - [2024-09-24T15:46:20.892+0000] {dagbag.py:545} INFO - Filling up the DagBag from /home/airflow/.local/lib/python3.12/site-packages/airflow/example_dags/example_sla_dag.py
[2024-09-24T15:46:20.924+0000] {processor.py:840} INFO - DAG(s) 'example_sla_dag' retrieved from /home/airflow/.local/lib/python3.12/site-packages/airflow/example_dags/example_sla_dag.py
[2024-09-24T15:46:20.967+0000] {logging_mixin.py:188} INFO - [2024-09-24T15:46:20.966+0000] {dag.py:3096} INFO - Sync 1 DAGs
[2024-09-24T15:46:21.008+0000] {logging_mixin.py:188} INFO - [2024-09-24T15:46:21.007+0000] {dag.py:3954} INFO - Setting next_dagrun for example_sla_dag to 2024-09-24 15:44:00+00:00, run_after=2024-09-24 15:46:00+00:00
[2024-09-24T15:46:21.032+0000] {processor.py:183} INFO - Processing /home/airflow/.local/lib/python3.12/site-packages/airflow/example_dags/example_sla_dag.py took 0.172 seconds
[2024-09-24T15:46:51.213+0000] {processor.py:161} INFO - Started process (PID=776) to work on /home/airflow/.local/lib/python3.12/site-packages/airflow/example_dags/example_sla_dag.py
[2024-09-24T15:46:51.214+0000] {processor.py:830} INFO - Processing file /home/airflow/.local/lib/python3.12/site-packages/airflow/example_dags/example_sla_dag.py for tasks to queue
[2024-09-24T15:46:51.217+0000] {logging_mixin.py:188} INFO - [2024-09-24T15:46:51.216+0000] {dagbag.py:545} INFO - Filling up the DagBag from /home/airflow/.local/lib/python3.12/site-packages/airflow/example_dags/example_sla_dag.py
[2024-09-24T15:46:51.230+0000] {processor.py:840} INFO - DAG(s) 'example_sla_dag' retrieved from /home/airflow/.local/lib/python3.12/site-packages/airflow/example_dags/example_sla_dag.py
[2024-09-24T15:46:51.259+0000] {logging_mixin.py:188} INFO - [2024-09-24T15:46:51.258+0000] {dag.py:3096} INFO - Sync 1 DAGs
[2024-09-24T15:46:51.296+0000] {logging_mixin.py:188} INFO - [2024-09-24T15:46:51.296+0000] {dag.py:3954} INFO - Setting next_dagrun for example_sla_dag to 2024-09-24 15:44:00+00:00, run_after=2024-09-24 15:46:00+00:00
[2024-09-24T15:46:51.331+0000] {processor.py:183} INFO - Processing /home/airflow/.local/lib/python3.12/site-packages/airflow/example_dags/example_sla_dag.py took 0.129 seconds
[2024-09-24T15:47:21.700+0000] {processor.py:161} INFO - Started process (PID=834) to work on /home/airflow/.local/lib/python3.12/site-packages/airflow/example_dags/example_sla_dag.py
[2024-09-24T15:47:21.701+0000] {processor.py:830} INFO - Processing file /home/airflow/.local/lib/python3.12/site-packages/airflow/example_dags/example_sla_dag.py for tasks to queue
[2024-09-24T15:47:21.704+0000] {logging_mixin.py:188} INFO - [2024-09-24T15:47:21.704+0000] {dagbag.py:545} INFO - Filling up the DagBag from /home/airflow/.local/lib/python3.12/site-packages/airflow/example_dags/example_sla_dag.py
[2024-09-24T15:47:21.716+0000] {processor.py:840} INFO - DAG(s) 'example_sla_dag' retrieved from /home/airflow/.local/lib/python3.12/site-packages/airflow/example_dags/example_sla_dag.py
[2024-09-24T15:47:21.746+0000] {logging_mixin.py:188} INFO - [2024-09-24T15:47:21.745+0000] {dag.py:3096} INFO - Sync 1 DAGs
[2024-09-24T15:47:21.779+0000] {logging_mixin.py:188} INFO - [2024-09-24T15:47:21.778+0000] {dag.py:3954} INFO - Setting next_dagrun for example_sla_dag to 2024-09-24 15:44:00+00:00, run_after=2024-09-24 15:46:00+00:00
[2024-09-24T15:47:21.798+0000] {processor.py:183} INFO - Processing /home/airflow/.local/lib/python3.12/site-packages/airflow/example_dags/example_sla_dag.py took 0.107 seconds
[2024-09-24T15:47:52.673+0000] {processor.py:161} INFO - Started process (PID=892) to work on /home/airflow/.local/lib/python3.12/site-packages/airflow/example_dags/example_sla_dag.py
[2024-09-24T15:47:52.674+0000] {processor.py:830} INFO - Processing file /home/airflow/.local/lib/python3.12/site-packages/airflow/example_dags/example_sla_dag.py for tasks to queue
[2024-09-24T15:47:52.676+0000] {logging_mixin.py:188} INFO - [2024-09-24T15:47:52.676+0000] {dagbag.py:545} INFO - Filling up the DagBag from /home/airflow/.local/lib/python3.12/site-packages/airflow/example_dags/example_sla_dag.py
[2024-09-24T15:47:52.687+0000] {processor.py:840} INFO - DAG(s) 'example_sla_dag' retrieved from /home/airflow/.local/lib/python3.12/site-packages/airflow/example_dags/example_sla_dag.py
[2024-09-24T15:47:52.712+0000] {logging_mixin.py:188} INFO - [2024-09-24T15:47:52.711+0000] {dag.py:3096} INFO - Sync 1 DAGs
[2024-09-24T15:47:52.743+0000] {logging_mixin.py:188} INFO - [2024-09-24T15:47:52.742+0000] {dag.py:3954} INFO - Setting next_dagrun for example_sla_dag to 2024-09-24 15:44:00+00:00, run_after=2024-09-24 15:46:00+00:00
[2024-09-24T15:47:52.765+0000] {processor.py:183} INFO - Processing /home/airflow/.local/lib/python3.12/site-packages/airflow/example_dags/example_sla_dag.py took 0.099 seconds
[2024-09-24T15:48:23.030+0000] {processor.py:161} INFO - Started process (PID=950) to work on /home/airflow/.local/lib/python3.12/site-packages/airflow/example_dags/example_sla_dag.py
[2024-09-24T15:48:23.031+0000] {processor.py:830} INFO - Processing file /home/airflow/.local/lib/python3.12/site-packages/airflow/example_dags/example_sla_dag.py for tasks to queue
[2024-09-24T15:48:23.034+0000] {logging_mixin.py:188} INFO - [2024-09-24T15:48:23.034+0000] {dagbag.py:545} INFO - Filling up the DagBag from /home/airflow/.local/lib/python3.12/site-packages/airflow/example_dags/example_sla_dag.py
[2024-09-24T15:48:23.044+0000] {processor.py:840} INFO - DAG(s) 'example_sla_dag' retrieved from /home/airflow/.local/lib/python3.12/site-packages/airflow/example_dags/example_sla_dag.py
[2024-09-24T15:48:23.067+0000] {logging_mixin.py:188} INFO - [2024-09-24T15:48:23.066+0000] {dag.py:3096} INFO - Sync 1 DAGs
[2024-09-24T15:48:23.099+0000] {logging_mixin.py:188} INFO - [2024-09-24T15:48:23.099+0000] {dag.py:3954} INFO - Setting next_dagrun for example_sla_dag to 2024-09-24 15:46:00+00:00, run_after=2024-09-24 15:48:00+00:00
[2024-09-24T15:48:23.125+0000] {processor.py:183} INFO - Processing /home/airflow/.local/lib/python3.12/site-packages/airflow/example_dags/example_sla_dag.py took 0.101 seconds
[2024-09-24T15:48:53.939+0000] {processor.py:161} INFO - Started process (PID=1008) to work on /home/airflow/.local/lib/python3.12/site-packages/airflow/example_dags/example_sla_dag.py
[2024-09-24T15:48:53.940+0000] {processor.py:830} INFO - Processing file /home/airflow/.local/lib/python3.12/site-packages/airflow/example_dags/example_sla_dag.py for tasks to queue
[2024-09-24T15:48:53.941+0000] {logging_mixin.py:188} INFO - [2024-09-24T15:48:53.941+0000] {dagbag.py:545} INFO - Filling up the DagBag from /home/airflow/.local/lib/python3.12/site-packages/airflow/example_dags/example_sla_dag.py
[2024-09-24T15:48:53.950+0000] {processor.py:840} INFO - DAG(s) 'example_sla_dag' retrieved from /home/airflow/.local/lib/python3.12/site-packages/airflow/example_dags/example_sla_dag.py
[2024-09-24T15:48:53.969+0000] {logging_mixin.py:188} INFO - [2024-09-24T15:48:53.969+0000] {dag.py:3096} INFO - Sync 1 DAGs
[2024-09-24T15:48:53.996+0000] {logging_mixin.py:188} INFO - [2024-09-24T15:48:53.996+0000] {dag.py:3954} INFO - Setting next_dagrun for example_sla_dag to 2024-09-24 15:46:00+00:00, run_after=2024-09-24 15:48:00+00:00
[2024-09-24T15:48:54.014+0000] {processor.py:183} INFO - Processing /home/airflow/.local/lib/python3.12/site-packages/airflow/example_dags/example_sla_dag.py took 0.082 seconds
[2024-09-24T15:49:24.086+0000] {processor.py:161} INFO - Started process (PID=1067) to work on /home/airflow/.local/lib/python3.12/site-packages/airflow/example_dags/example_sla_dag.py
[2024-09-24T15:49:24.087+0000] {processor.py:830} INFO - Processing file /home/airflow/.local/lib/python3.12/site-packages/airflow/example_dags/example_sla_dag.py for tasks to queue
[2024-09-24T15:49:24.089+0000] {logging_mixin.py:188} INFO - [2024-09-24T15:49:24.089+0000] {dagbag.py:545} INFO - Filling up the DagBag from /home/airflow/.local/lib/python3.12/site-packages/airflow/example_dags/example_sla_dag.py
[2024-09-24T15:49:24.098+0000] {processor.py:840} INFO - DAG(s) 'example_sla_dag' retrieved from /home/airflow/.local/lib/python3.12/site-packages/airflow/example_dags/example_sla_dag.py
[2024-09-24T15:49:24.120+0000] {logging_mixin.py:188} INFO - [2024-09-24T15:49:24.120+0000] {dag.py:3096} INFO - Sync 1 DAGs
[2024-09-24T15:49:24.146+0000] {logging_mixin.py:188} INFO - [2024-09-24T15:49:24.146+0000] {dag.py:3954} INFO - Setting next_dagrun for example_sla_dag to 2024-09-24 15:46:00+00:00, run_after=2024-09-24 15:48:00+00:00
[2024-09-24T15:49:24.166+0000] {processor.py:183} INFO - Processing /home/airflow/.local/lib/python3.12/site-packages/airflow/example_dags/example_sla_dag.py took 0.087 seconds
[2024-09-24T15:49:54.389+0000] {processor.py:161} INFO - Started process (PID=1125) to work on /home/airflow/.local/lib/python3.12/site-packages/airflow/example_dags/example_sla_dag.py
[2024-09-24T15:49:54.390+0000] {processor.py:830} INFO - Processing file /home/airflow/.local/lib/python3.12/site-packages/airflow/example_dags/example_sla_dag.py for tasks to queue
[2024-09-24T15:49:54.393+0000] {logging_mixin.py:188} INFO - [2024-09-24T15:49:54.392+0000] {dagbag.py:545} INFO - Filling up the DagBag from /home/airflow/.local/lib/python3.12/site-packages/airflow/example_dags/example_sla_dag.py
[2024-09-24T15:49:54.405+0000] {processor.py:840} INFO - DAG(s) 'example_sla_dag' retrieved from /home/airflow/.local/lib/python3.12/site-packages/airflow/example_dags/example_sla_dag.py
[2024-09-24T15:49:54.426+0000] {logging_mixin.py:188} INFO - [2024-09-24T15:49:54.426+0000] {dag.py:3096} INFO - Sync 1 DAGs
[2024-09-24T15:49:54.453+0000] {logging_mixin.py:188} INFO - [2024-09-24T15:49:54.453+0000] {dag.py:3954} INFO - Setting next_dagrun for example_sla_dag to 2024-09-24 15:46:00+00:00, run_after=2024-09-24 15:48:00+00:00
[2024-09-24T15:49:54.473+0000] {processor.py:183} INFO - Processing /home/airflow/.local/lib/python3.12/site-packages/airflow/example_dags/example_sla_dag.py took 0.092 seconds
[2024-09-24T15:50:25.048+0000] {processor.py:161} INFO - Started process (PID=1183) to work on /home/airflow/.local/lib/python3.12/site-packages/airflow/example_dags/example_sla_dag.py
[2024-09-24T15:50:25.051+0000] {processor.py:830} INFO - Processing file /home/airflow/.local/lib/python3.12/site-packages/airflow/example_dags/example_sla_dag.py for tasks to queue
[2024-09-24T15:50:25.053+0000] {logging_mixin.py:188} INFO - [2024-09-24T15:50:25.053+0000] {dagbag.py:545} INFO - Filling up the DagBag from /home/airflow/.local/lib/python3.12/site-packages/airflow/example_dags/example_sla_dag.py
[2024-09-24T15:50:25.064+0000] {processor.py:840} INFO - DAG(s) 'example_sla_dag' retrieved from /home/airflow/.local/lib/python3.12/site-packages/airflow/example_dags/example_sla_dag.py
[2024-09-24T15:50:25.087+0000] {logging_mixin.py:188} INFO - [2024-09-24T15:50:25.087+0000] {dag.py:3096} INFO - Sync 1 DAGs
[2024-09-24T15:50:25.121+0000] {logging_mixin.py:188} INFO - [2024-09-24T15:50:25.121+0000] {dag.py:3954} INFO - Setting next_dagrun for example_sla_dag to 2024-09-24 15:48:00+00:00, run_after=2024-09-24 15:50:00+00:00
[2024-09-24T15:50:25.150+0000] {processor.py:183} INFO - Processing /home/airflow/.local/lib/python3.12/site-packages/airflow/example_dags/example_sla_dag.py took 0.108 seconds
[2024-09-24T15:50:56.035+0000] {processor.py:161} INFO - Started process (PID=1242) to work on /home/airflow/.local/lib/python3.12/site-packages/airflow/example_dags/example_sla_dag.py
[2024-09-24T15:50:56.036+0000] {processor.py:830} INFO - Processing file /home/airflow/.local/lib/python3.12/site-packages/airflow/example_dags/example_sla_dag.py for tasks to queue
[2024-09-24T15:50:56.041+0000] {logging_mixin.py:188} INFO - [2024-09-24T15:50:56.040+0000] {dagbag.py:545} INFO - Filling up the DagBag from /home/airflow/.local/lib/python3.12/site-packages/airflow/example_dags/example_sla_dag.py
[2024-09-24T15:50:56.057+0000] {processor.py:840} INFO - DAG(s) 'example_sla_dag' retrieved from /home/airflow/.local/lib/python3.12/site-packages/airflow/example_dags/example_sla_dag.py
[2024-09-24T15:50:56.084+0000] {logging_mixin.py:188} INFO - [2024-09-24T15:50:56.084+0000] {dag.py:3096} INFO - Sync 1 DAGs
[2024-09-24T15:50:56.117+0000] {logging_mixin.py:188} INFO - [2024-09-24T15:50:56.116+0000] {dag.py:3954} INFO - Setting next_dagrun for example_sla_dag to 2024-09-24 15:48:00+00:00, run_after=2024-09-24 15:50:00+00:00
[2024-09-24T15:50:56.135+0000] {processor.py:183} INFO - Processing /home/airflow/.local/lib/python3.12/site-packages/airflow/example_dags/example_sla_dag.py took 0.108 seconds
[2024-09-24T15:51:26.581+0000] {processor.py:161} INFO - Started process (PID=1300) to work on /home/airflow/.local/lib/python3.12/site-packages/airflow/example_dags/example_sla_dag.py
[2024-09-24T15:51:26.583+0000] {processor.py:830} INFO - Processing file /home/airflow/.local/lib/python3.12/site-packages/airflow/example_dags/example_sla_dag.py for tasks to queue
[2024-09-24T15:51:26.585+0000] {logging_mixin.py:188} INFO - [2024-09-24T15:51:26.585+0000] {dagbag.py:545} INFO - Filling up the DagBag from /home/airflow/.local/lib/python3.12/site-packages/airflow/example_dags/example_sla_dag.py
[2024-09-24T15:51:26.594+0000] {processor.py:840} INFO - DAG(s) 'example_sla_dag' retrieved from /home/airflow/.local/lib/python3.12/site-packages/airflow/example_dags/example_sla_dag.py
[2024-09-24T15:51:26.614+0000] {logging_mixin.py:188} INFO - [2024-09-24T15:51:26.614+0000] {dag.py:3096} INFO - Sync 1 DAGs
[2024-09-24T15:51:26.641+0000] {logging_mixin.py:188} INFO - [2024-09-24T15:51:26.641+0000] {dag.py:3954} INFO - Setting next_dagrun for example_sla_dag to 2024-09-24 15:48:00+00:00, run_after=2024-09-24 15:50:00+00:00
[2024-09-24T15:51:26.660+0000] {processor.py:183} INFO - Processing /home/airflow/.local/lib/python3.12/site-packages/airflow/example_dags/example_sla_dag.py took 0.087 seconds
[2024-09-24T15:51:57.107+0000] {processor.py:161} INFO - Started process (PID=1358) to work on /home/airflow/.local/lib/python3.12/site-packages/airflow/example_dags/example_sla_dag.py
[2024-09-24T15:51:57.108+0000] {processor.py:830} INFO - Processing file /home/airflow/.local/lib/python3.12/site-packages/airflow/example_dags/example_sla_dag.py for tasks to queue
[2024-09-24T15:51:57.111+0000] {logging_mixin.py:188} INFO - [2024-09-24T15:51:57.111+0000] {dagbag.py:545} INFO - Filling up the DagBag from /home/airflow/.local/lib/python3.12/site-packages/airflow/example_dags/example_sla_dag.py
[2024-09-24T15:51:57.124+0000] {processor.py:840} INFO - DAG(s) 'example_sla_dag' retrieved from /home/airflow/.local/lib/python3.12/site-packages/airflow/example_dags/example_sla_dag.py
[2024-09-24T15:51:57.151+0000] {logging_mixin.py:188} INFO - [2024-09-24T15:51:57.151+0000] {dag.py:3096} INFO - Sync 1 DAGs
[2024-09-24T15:51:57.185+0000] {logging_mixin.py:188} INFO - [2024-09-24T15:51:57.185+0000] {dag.py:3954} INFO - Setting next_dagrun for example_sla_dag to 2024-09-24 15:48:00+00:00, run_after=2024-09-24 15:50:00+00:00
[2024-09-24T15:51:57.208+0000] {processor.py:183} INFO - Processing /home/airflow/.local/lib/python3.12/site-packages/airflow/example_dags/example_sla_dag.py took 0.107 seconds
[2024-09-24T15:52:27.287+0000] {processor.py:161} INFO - Started process (PID=1416) to work on /home/airflow/.local/lib/python3.12/site-packages/airflow/example_dags/example_sla_dag.py
[2024-09-24T15:52:27.288+0000] {processor.py:830} INFO - Processing file /home/airflow/.local/lib/python3.12/site-packages/airflow/example_dags/example_sla_dag.py for tasks to queue
[2024-09-24T15:52:27.290+0000] {logging_mixin.py:188} INFO - [2024-09-24T15:52:27.290+0000] {dagbag.py:545} INFO - Filling up the DagBag from /home/airflow/.local/lib/python3.12/site-packages/airflow/example_dags/example_sla_dag.py
[2024-09-24T15:52:27.299+0000] {processor.py:840} INFO - DAG(s) 'example_sla_dag' retrieved from /home/airflow/.local/lib/python3.12/site-packages/airflow/example_dags/example_sla_dag.py
[2024-09-24T15:52:27.321+0000] {logging_mixin.py:188} INFO - [2024-09-24T15:52:27.321+0000] {dag.py:3096} INFO - Sync 1 DAGs
[2024-09-24T15:52:27.348+0000] {logging_mixin.py:188} INFO - [2024-09-24T15:52:27.348+0000] {dag.py:3954} INFO - Setting next_dagrun for example_sla_dag to 2024-09-24 15:50:00+00:00, run_after=2024-09-24 15:52:00+00:00
[2024-09-24T15:52:27.371+0000] {processor.py:183} INFO - Processing /home/airflow/.local/lib/python3.12/site-packages/airflow/example_dags/example_sla_dag.py took 0.090 seconds
[2024-09-24T15:52:57.728+0000] {processor.py:161} INFO - Started process (PID=1474) to work on /home/airflow/.local/lib/python3.12/site-packages/airflow/example_dags/example_sla_dag.py
[2024-09-24T15:52:57.729+0000] {processor.py:830} INFO - Processing file /home/airflow/.local/lib/python3.12/site-packages/airflow/example_dags/example_sla_dag.py for tasks to queue
[2024-09-24T15:52:57.731+0000] {logging_mixin.py:188} INFO - [2024-09-24T15:52:57.731+0000] {dagbag.py:545} INFO - Filling up the DagBag from /home/airflow/.local/lib/python3.12/site-packages/airflow/example_dags/example_sla_dag.py
[2024-09-24T15:52:57.741+0000] {processor.py:840} INFO - DAG(s) 'example_sla_dag' retrieved from /home/airflow/.local/lib/python3.12/site-packages/airflow/example_dags/example_sla_dag.py
[2024-09-24T15:52:57.760+0000] {logging_mixin.py:188} INFO - [2024-09-24T15:52:57.759+0000] {dag.py:3096} INFO - Sync 1 DAGs
[2024-09-24T15:52:57.785+0000] {logging_mixin.py:188} INFO - [2024-09-24T15:52:57.785+0000] {dag.py:3954} INFO - Setting next_dagrun for example_sla_dag to 2024-09-24 15:50:00+00:00, run_after=2024-09-24 15:52:00+00:00
[2024-09-24T15:52:57.802+0000] {processor.py:183} INFO - Processing /home/airflow/.local/lib/python3.12/site-packages/airflow/example_dags/example_sla_dag.py took 0.081 seconds
[2024-09-24T15:53:28.525+0000] {processor.py:161} INFO - Started process (PID=1532) to work on /home/airflow/.local/lib/python3.12/site-packages/airflow/example_dags/example_sla_dag.py
[2024-09-24T15:53:28.526+0000] {processor.py:830} INFO - Processing file /home/airflow/.local/lib/python3.12/site-packages/airflow/example_dags/example_sla_dag.py for tasks to queue
[2024-09-24T15:53:28.529+0000] {logging_mixin.py:188} INFO - [2024-09-24T15:53:28.528+0000] {dagbag.py:545} INFO - Filling up the DagBag from /home/airflow/.local/lib/python3.12/site-packages/airflow/example_dags/example_sla_dag.py
[2024-09-24T15:53:28.539+0000] {processor.py:840} INFO - DAG(s) 'example_sla_dag' retrieved from /home/airflow/.local/lib/python3.12/site-packages/airflow/example_dags/example_sla_dag.py
[2024-09-24T15:53:28.563+0000] {logging_mixin.py:188} INFO - [2024-09-24T15:53:28.563+0000] {dag.py:3096} INFO - Sync 1 DAGs
[2024-09-24T15:53:28.593+0000] {logging_mixin.py:188} INFO - [2024-09-24T15:53:28.593+0000] {dag.py:3954} INFO - Setting next_dagrun for example_sla_dag to 2024-09-24 15:50:00+00:00, run_after=2024-09-24 15:52:00+00:00
[2024-09-24T15:53:28.612+0000] {processor.py:183} INFO - Processing /home/airflow/.local/lib/python3.12/site-packages/airflow/example_dags/example_sla_dag.py took 0.096 seconds
