[2024-09-24T15:40:42.667+0000] {processor.py:161} INFO - Started process (PID=66) to work on /home/airflow/.local/lib/python3.12/site-packages/airflow/example_dags/example_branch_day_of_week_operator.py
[2024-09-24T15:40:42.670+0000] {processor.py:830} INFO - Processing file /home/airflow/.local/lib/python3.12/site-packages/airflow/example_dags/example_branch_day_of_week_operator.py for tasks to queue
[2024-09-24T15:40:42.674+0000] {logging_mixin.py:188} INFO - [2024-09-24T15:40:42.673+0000] {dagbag.py:545} INFO - Filling up the DagBag from /home/airflow/.local/lib/python3.12/site-packages/airflow/example_dags/example_branch_day_of_week_operator.py
[2024-09-24T15:40:42.693+0000] {processor.py:840} INFO - DAG(s) 'example_weekday_branch_operator' retrieved from /home/airflow/.local/lib/python3.12/site-packages/airflow/example_dags/example_branch_day_of_week_operator.py
[2024-09-24T15:40:42.932+0000] {logging_mixin.py:188} INFO - [2024-09-24T15:40:42.931+0000] {dag.py:3096} INFO - Sync 1 DAGs
[2024-09-24T15:40:42.984+0000] {logging_mixin.py:188} INFO - [2024-09-24T15:40:42.984+0000] {dag.py:3954} INFO - Setting next_dagrun for example_weekday_branch_operator to 2024-09-23 00:00:00+00:00, run_after=2024-09-24 00:00:00+00:00
[2024-09-24T15:40:43.027+0000] {processor.py:183} INFO - Processing /home/airflow/.local/lib/python3.12/site-packages/airflow/example_dags/example_branch_day_of_week_operator.py took 0.374 seconds
[2024-09-24T15:41:13.912+0000] {processor.py:161} INFO - Started process (PID=124) to work on /home/airflow/.local/lib/python3.12/site-packages/airflow/example_dags/example_branch_day_of_week_operator.py
[2024-09-24T15:41:13.914+0000] {processor.py:830} INFO - Processing file /home/airflow/.local/lib/python3.12/site-packages/airflow/example_dags/example_branch_day_of_week_operator.py for tasks to queue
[2024-09-24T15:41:13.916+0000] {logging_mixin.py:188} INFO - [2024-09-24T15:41:13.915+0000] {dagbag.py:545} INFO - Filling up the DagBag from /home/airflow/.local/lib/python3.12/site-packages/airflow/example_dags/example_branch_day_of_week_operator.py
[2024-09-24T15:41:13.925+0000] {processor.py:840} INFO - DAG(s) 'example_weekday_branch_operator' retrieved from /home/airflow/.local/lib/python3.12/site-packages/airflow/example_dags/example_branch_day_of_week_operator.py
[2024-09-24T15:41:13.947+0000] {logging_mixin.py:188} INFO - [2024-09-24T15:41:13.947+0000] {dag.py:3096} INFO - Sync 1 DAGs
[2024-09-24T15:41:13.972+0000] {logging_mixin.py:188} INFO - [2024-09-24T15:41:13.972+0000] {dag.py:3954} INFO - Setting next_dagrun for example_weekday_branch_operator to 2024-09-23 00:00:00+00:00, run_after=2024-09-24 00:00:00+00:00
[2024-09-24T15:41:13.993+0000] {processor.py:183} INFO - Processing /home/airflow/.local/lib/python3.12/site-packages/airflow/example_dags/example_branch_day_of_week_operator.py took 0.087 seconds
[2024-09-24T15:41:44.134+0000] {processor.py:161} INFO - Started process (PID=182) to work on /home/airflow/.local/lib/python3.12/site-packages/airflow/example_dags/example_branch_day_of_week_operator.py
[2024-09-24T15:41:44.136+0000] {processor.py:830} INFO - Processing file /home/airflow/.local/lib/python3.12/site-packages/airflow/example_dags/example_branch_day_of_week_operator.py for tasks to queue
[2024-09-24T15:41:44.139+0000] {logging_mixin.py:188} INFO - [2024-09-24T15:41:44.138+0000] {dagbag.py:545} INFO - Filling up the DagBag from /home/airflow/.local/lib/python3.12/site-packages/airflow/example_dags/example_branch_day_of_week_operator.py
[2024-09-24T15:41:44.151+0000] {processor.py:840} INFO - DAG(s) 'example_weekday_branch_operator' retrieved from /home/airflow/.local/lib/python3.12/site-packages/airflow/example_dags/example_branch_day_of_week_operator.py
[2024-09-24T15:41:44.178+0000] {logging_mixin.py:188} INFO - [2024-09-24T15:41:44.177+0000] {dag.py:3096} INFO - Sync 1 DAGs
[2024-09-24T15:41:44.211+0000] {logging_mixin.py:188} INFO - [2024-09-24T15:41:44.210+0000] {dag.py:3954} INFO - Setting next_dagrun for example_weekday_branch_operator to 2024-09-23 00:00:00+00:00, run_after=2024-09-24 00:00:00+00:00
[2024-09-24T15:41:44.237+0000] {processor.py:183} INFO - Processing /home/airflow/.local/lib/python3.12/site-packages/airflow/example_dags/example_branch_day_of_week_operator.py took 0.111 seconds
[2024-09-24T15:42:14.666+0000] {processor.py:161} INFO - Started process (PID=240) to work on /home/airflow/.local/lib/python3.12/site-packages/airflow/example_dags/example_branch_day_of_week_operator.py
[2024-09-24T15:42:14.668+0000] {processor.py:830} INFO - Processing file /home/airflow/.local/lib/python3.12/site-packages/airflow/example_dags/example_branch_day_of_week_operator.py for tasks to queue
[2024-09-24T15:42:14.671+0000] {logging_mixin.py:188} INFO - [2024-09-24T15:42:14.670+0000] {dagbag.py:545} INFO - Filling up the DagBag from /home/airflow/.local/lib/python3.12/site-packages/airflow/example_dags/example_branch_day_of_week_operator.py
[2024-09-24T15:42:14.682+0000] {processor.py:840} INFO - DAG(s) 'example_weekday_branch_operator' retrieved from /home/airflow/.local/lib/python3.12/site-packages/airflow/example_dags/example_branch_day_of_week_operator.py
[2024-09-24T15:42:14.711+0000] {logging_mixin.py:188} INFO - [2024-09-24T15:42:14.710+0000] {dag.py:3096} INFO - Sync 1 DAGs
[2024-09-24T15:42:14.745+0000] {logging_mixin.py:188} INFO - [2024-09-24T15:42:14.745+0000] {dag.py:3954} INFO - Setting next_dagrun for example_weekday_branch_operator to 2024-09-23 00:00:00+00:00, run_after=2024-09-24 00:00:00+00:00
[2024-09-24T15:42:14.770+0000] {processor.py:183} INFO - Processing /home/airflow/.local/lib/python3.12/site-packages/airflow/example_dags/example_branch_day_of_week_operator.py took 0.112 seconds
[2024-09-24T15:42:45.137+0000] {processor.py:161} INFO - Started process (PID=298) to work on /home/airflow/.local/lib/python3.12/site-packages/airflow/example_dags/example_branch_day_of_week_operator.py
[2024-09-24T15:42:45.138+0000] {processor.py:830} INFO - Processing file /home/airflow/.local/lib/python3.12/site-packages/airflow/example_dags/example_branch_day_of_week_operator.py for tasks to queue
[2024-09-24T15:42:45.141+0000] {logging_mixin.py:188} INFO - [2024-09-24T15:42:45.140+0000] {dagbag.py:545} INFO - Filling up the DagBag from /home/airflow/.local/lib/python3.12/site-packages/airflow/example_dags/example_branch_day_of_week_operator.py
[2024-09-24T15:42:45.149+0000] {processor.py:840} INFO - DAG(s) 'example_weekday_branch_operator' retrieved from /home/airflow/.local/lib/python3.12/site-packages/airflow/example_dags/example_branch_day_of_week_operator.py
[2024-09-24T15:42:45.170+0000] {logging_mixin.py:188} INFO - [2024-09-24T15:42:45.170+0000] {dag.py:3096} INFO - Sync 1 DAGs
[2024-09-24T15:42:45.194+0000] {logging_mixin.py:188} INFO - [2024-09-24T15:42:45.194+0000] {dag.py:3954} INFO - Setting next_dagrun for example_weekday_branch_operator to 2024-09-23 00:00:00+00:00, run_after=2024-09-24 00:00:00+00:00
[2024-09-24T15:42:45.215+0000] {processor.py:183} INFO - Processing /home/airflow/.local/lib/python3.12/site-packages/airflow/example_dags/example_branch_day_of_week_operator.py took 0.083 seconds
[2024-09-24T15:43:15.792+0000] {processor.py:161} INFO - Started process (PID=356) to work on /home/airflow/.local/lib/python3.12/site-packages/airflow/example_dags/example_branch_day_of_week_operator.py
[2024-09-24T15:43:15.794+0000] {processor.py:830} INFO - Processing file /home/airflow/.local/lib/python3.12/site-packages/airflow/example_dags/example_branch_day_of_week_operator.py for tasks to queue
[2024-09-24T15:43:15.796+0000] {logging_mixin.py:188} INFO - [2024-09-24T15:43:15.795+0000] {dagbag.py:545} INFO - Filling up the DagBag from /home/airflow/.local/lib/python3.12/site-packages/airflow/example_dags/example_branch_day_of_week_operator.py
[2024-09-24T15:43:15.804+0000] {processor.py:840} INFO - DAG(s) 'example_weekday_branch_operator' retrieved from /home/airflow/.local/lib/python3.12/site-packages/airflow/example_dags/example_branch_day_of_week_operator.py
[2024-09-24T15:43:15.825+0000] {logging_mixin.py:188} INFO - [2024-09-24T15:43:15.825+0000] {dag.py:3096} INFO - Sync 1 DAGs
[2024-09-24T15:43:15.852+0000] {logging_mixin.py:188} INFO - [2024-09-24T15:43:15.852+0000] {dag.py:3954} INFO - Setting next_dagrun for example_weekday_branch_operator to 2024-09-23 00:00:00+00:00, run_after=2024-09-24 00:00:00+00:00
[2024-09-24T15:43:15.874+0000] {processor.py:183} INFO - Processing /home/airflow/.local/lib/python3.12/site-packages/airflow/example_dags/example_branch_day_of_week_operator.py took 0.088 seconds
[2024-09-24T15:43:45.982+0000] {processor.py:161} INFO - Started process (PID=414) to work on /home/airflow/.local/lib/python3.12/site-packages/airflow/example_dags/example_branch_day_of_week_operator.py
[2024-09-24T15:43:45.984+0000] {processor.py:830} INFO - Processing file /home/airflow/.local/lib/python3.12/site-packages/airflow/example_dags/example_branch_day_of_week_operator.py for tasks to queue
[2024-09-24T15:43:45.989+0000] {logging_mixin.py:188} INFO - [2024-09-24T15:43:45.987+0000] {dagbag.py:545} INFO - Filling up the DagBag from /home/airflow/.local/lib/python3.12/site-packages/airflow/example_dags/example_branch_day_of_week_operator.py
[2024-09-24T15:43:45.999+0000] {processor.py:840} INFO - DAG(s) 'example_weekday_branch_operator' retrieved from /home/airflow/.local/lib/python3.12/site-packages/airflow/example_dags/example_branch_day_of_week_operator.py
[2024-09-24T15:43:46.031+0000] {logging_mixin.py:188} INFO - [2024-09-24T15:43:46.030+0000] {dag.py:3096} INFO - Sync 1 DAGs
[2024-09-24T15:43:46.058+0000] {logging_mixin.py:188} INFO - [2024-09-24T15:43:46.058+0000] {dag.py:3954} INFO - Setting next_dagrun for example_weekday_branch_operator to 2024-09-23 00:00:00+00:00, run_after=2024-09-24 00:00:00+00:00
[2024-09-24T15:43:46.082+0000] {processor.py:183} INFO - Processing /home/airflow/.local/lib/python3.12/site-packages/airflow/example_dags/example_branch_day_of_week_operator.py took 0.107 seconds
[2024-09-24T15:44:16.524+0000] {processor.py:161} INFO - Started process (PID=472) to work on /home/airflow/.local/lib/python3.12/site-packages/airflow/example_dags/example_branch_day_of_week_operator.py
[2024-09-24T15:44:16.526+0000] {processor.py:830} INFO - Processing file /home/airflow/.local/lib/python3.12/site-packages/airflow/example_dags/example_branch_day_of_week_operator.py for tasks to queue
[2024-09-24T15:44:16.529+0000] {logging_mixin.py:188} INFO - [2024-09-24T15:44:16.528+0000] {dagbag.py:545} INFO - Filling up the DagBag from /home/airflow/.local/lib/python3.12/site-packages/airflow/example_dags/example_branch_day_of_week_operator.py
[2024-09-24T15:44:16.541+0000] {processor.py:840} INFO - DAG(s) 'example_weekday_branch_operator' retrieved from /home/airflow/.local/lib/python3.12/site-packages/airflow/example_dags/example_branch_day_of_week_operator.py
[2024-09-24T15:44:16.574+0000] {logging_mixin.py:188} INFO - [2024-09-24T15:44:16.574+0000] {dag.py:3096} INFO - Sync 1 DAGs
[2024-09-24T15:44:16.613+0000] {logging_mixin.py:188} INFO - [2024-09-24T15:44:16.612+0000] {dag.py:3954} INFO - Setting next_dagrun for example_weekday_branch_operator to 2024-09-23 00:00:00+00:00, run_after=2024-09-24 00:00:00+00:00
[2024-09-24T15:44:16.654+0000] {processor.py:183} INFO - Processing /home/airflow/.local/lib/python3.12/site-packages/airflow/example_dags/example_branch_day_of_week_operator.py took 0.137 seconds
[2024-09-24T15:44:46.978+0000] {processor.py:161} INFO - Started process (PID=530) to work on /home/airflow/.local/lib/python3.12/site-packages/airflow/example_dags/example_branch_day_of_week_operator.py
[2024-09-24T15:44:46.979+0000] {processor.py:830} INFO - Processing file /home/airflow/.local/lib/python3.12/site-packages/airflow/example_dags/example_branch_day_of_week_operator.py for tasks to queue
[2024-09-24T15:44:46.981+0000] {logging_mixin.py:188} INFO - [2024-09-24T15:44:46.981+0000] {dagbag.py:545} INFO - Filling up the DagBag from /home/airflow/.local/lib/python3.12/site-packages/airflow/example_dags/example_branch_day_of_week_operator.py
[2024-09-24T15:44:46.991+0000] {processor.py:840} INFO - DAG(s) 'example_weekday_branch_operator' retrieved from /home/airflow/.local/lib/python3.12/site-packages/airflow/example_dags/example_branch_day_of_week_operator.py
[2024-09-24T15:44:47.016+0000] {logging_mixin.py:188} INFO - [2024-09-24T15:44:47.016+0000] {dag.py:3096} INFO - Sync 1 DAGs
[2024-09-24T15:44:47.043+0000] {logging_mixin.py:188} INFO - [2024-09-24T15:44:47.043+0000] {dag.py:3954} INFO - Setting next_dagrun for example_weekday_branch_operator to 2024-09-23 00:00:00+00:00, run_after=2024-09-24 00:00:00+00:00
[2024-09-24T15:44:47.068+0000] {processor.py:183} INFO - Processing /home/airflow/.local/lib/python3.12/site-packages/airflow/example_dags/example_branch_day_of_week_operator.py took 0.096 seconds
[2024-09-24T15:45:17.175+0000] {processor.py:161} INFO - Started process (PID=588) to work on /home/airflow/.local/lib/python3.12/site-packages/airflow/example_dags/example_branch_day_of_week_operator.py
[2024-09-24T15:45:17.177+0000] {processor.py:830} INFO - Processing file /home/airflow/.local/lib/python3.12/site-packages/airflow/example_dags/example_branch_day_of_week_operator.py for tasks to queue
[2024-09-24T15:45:17.179+0000] {logging_mixin.py:188} INFO - [2024-09-24T15:45:17.179+0000] {dagbag.py:545} INFO - Filling up the DagBag from /home/airflow/.local/lib/python3.12/site-packages/airflow/example_dags/example_branch_day_of_week_operator.py
[2024-09-24T15:45:17.190+0000] {processor.py:840} INFO - DAG(s) 'example_weekday_branch_operator' retrieved from /home/airflow/.local/lib/python3.12/site-packages/airflow/example_dags/example_branch_day_of_week_operator.py
[2024-09-24T15:45:17.223+0000] {logging_mixin.py:188} INFO - [2024-09-24T15:45:17.223+0000] {dag.py:3096} INFO - Sync 1 DAGs
[2024-09-24T15:45:17.259+0000] {logging_mixin.py:188} INFO - [2024-09-24T15:45:17.258+0000] {dag.py:3954} INFO - Setting next_dagrun for example_weekday_branch_operator to 2024-09-23 00:00:00+00:00, run_after=2024-09-24 00:00:00+00:00
[2024-09-24T15:45:17.290+0000] {processor.py:183} INFO - Processing /home/airflow/.local/lib/python3.12/site-packages/airflow/example_dags/example_branch_day_of_week_operator.py took 0.121 seconds
[2024-09-24T15:45:47.398+0000] {processor.py:161} INFO - Started process (PID=646) to work on /home/airflow/.local/lib/python3.12/site-packages/airflow/example_dags/example_branch_day_of_week_operator.py
[2024-09-24T15:45:47.399+0000] {processor.py:830} INFO - Processing file /home/airflow/.local/lib/python3.12/site-packages/airflow/example_dags/example_branch_day_of_week_operator.py for tasks to queue
[2024-09-24T15:45:47.401+0000] {logging_mixin.py:188} INFO - [2024-09-24T15:45:47.401+0000] {dagbag.py:545} INFO - Filling up the DagBag from /home/airflow/.local/lib/python3.12/site-packages/airflow/example_dags/example_branch_day_of_week_operator.py
[2024-09-24T15:45:47.409+0000] {processor.py:840} INFO - DAG(s) 'example_weekday_branch_operator' retrieved from /home/airflow/.local/lib/python3.12/site-packages/airflow/example_dags/example_branch_day_of_week_operator.py
[2024-09-24T15:45:47.435+0000] {logging_mixin.py:188} INFO - [2024-09-24T15:45:47.435+0000] {dag.py:3096} INFO - Sync 1 DAGs
[2024-09-24T15:45:47.471+0000] {logging_mixin.py:188} INFO - [2024-09-24T15:45:47.471+0000] {dag.py:3954} INFO - Setting next_dagrun for example_weekday_branch_operator to 2024-09-23 00:00:00+00:00, run_after=2024-09-24 00:00:00+00:00
[2024-09-24T15:45:47.497+0000] {processor.py:183} INFO - Processing /home/airflow/.local/lib/python3.12/site-packages/airflow/example_dags/example_branch_day_of_week_operator.py took 0.106 seconds
[2024-09-24T15:46:18.030+0000] {processor.py:161} INFO - Started process (PID=704) to work on /home/airflow/.local/lib/python3.12/site-packages/airflow/example_dags/example_branch_day_of_week_operator.py
[2024-09-24T15:46:18.031+0000] {processor.py:830} INFO - Processing file /home/airflow/.local/lib/python3.12/site-packages/airflow/example_dags/example_branch_day_of_week_operator.py for tasks to queue
[2024-09-24T15:46:18.033+0000] {logging_mixin.py:188} INFO - [2024-09-24T15:46:18.033+0000] {dagbag.py:545} INFO - Filling up the DagBag from /home/airflow/.local/lib/python3.12/site-packages/airflow/example_dags/example_branch_day_of_week_operator.py
[2024-09-24T15:46:18.042+0000] {processor.py:840} INFO - DAG(s) 'example_weekday_branch_operator' retrieved from /home/airflow/.local/lib/python3.12/site-packages/airflow/example_dags/example_branch_day_of_week_operator.py
[2024-09-24T15:46:18.067+0000] {logging_mixin.py:188} INFO - [2024-09-24T15:46:18.067+0000] {dag.py:3096} INFO - Sync 1 DAGs
[2024-09-24T15:46:18.091+0000] {logging_mixin.py:188} INFO - [2024-09-24T15:46:18.091+0000] {dag.py:3954} INFO - Setting next_dagrun for example_weekday_branch_operator to 2024-09-23 00:00:00+00:00, run_after=2024-09-24 00:00:00+00:00
[2024-09-24T15:46:18.112+0000] {processor.py:183} INFO - Processing /home/airflow/.local/lib/python3.12/site-packages/airflow/example_dags/example_branch_day_of_week_operator.py took 0.088 seconds
[2024-09-24T15:46:48.434+0000] {processor.py:161} INFO - Started process (PID=762) to work on /home/airflow/.local/lib/python3.12/site-packages/airflow/example_dags/example_branch_day_of_week_operator.py
[2024-09-24T15:46:48.435+0000] {processor.py:830} INFO - Processing file /home/airflow/.local/lib/python3.12/site-packages/airflow/example_dags/example_branch_day_of_week_operator.py for tasks to queue
[2024-09-24T15:46:48.437+0000] {logging_mixin.py:188} INFO - [2024-09-24T15:46:48.437+0000] {dagbag.py:545} INFO - Filling up the DagBag from /home/airflow/.local/lib/python3.12/site-packages/airflow/example_dags/example_branch_day_of_week_operator.py
[2024-09-24T15:46:48.446+0000] {processor.py:840} INFO - DAG(s) 'example_weekday_branch_operator' retrieved from /home/airflow/.local/lib/python3.12/site-packages/airflow/example_dags/example_branch_day_of_week_operator.py
[2024-09-24T15:46:48.468+0000] {logging_mixin.py:188} INFO - [2024-09-24T15:46:48.468+0000] {dag.py:3096} INFO - Sync 1 DAGs
[2024-09-24T15:46:48.495+0000] {logging_mixin.py:188} INFO - [2024-09-24T15:46:48.495+0000] {dag.py:3954} INFO - Setting next_dagrun for example_weekday_branch_operator to 2024-09-23 00:00:00+00:00, run_after=2024-09-24 00:00:00+00:00
[2024-09-24T15:46:48.517+0000] {processor.py:183} INFO - Processing /home/airflow/.local/lib/python3.12/site-packages/airflow/example_dags/example_branch_day_of_week_operator.py took 0.089 seconds
[2024-09-24T15:47:18.706+0000] {processor.py:161} INFO - Started process (PID=820) to work on /home/airflow/.local/lib/python3.12/site-packages/airflow/example_dags/example_branch_day_of_week_operator.py
[2024-09-24T15:47:18.707+0000] {processor.py:830} INFO - Processing file /home/airflow/.local/lib/python3.12/site-packages/airflow/example_dags/example_branch_day_of_week_operator.py for tasks to queue
[2024-09-24T15:47:18.710+0000] {logging_mixin.py:188} INFO - [2024-09-24T15:47:18.710+0000] {dagbag.py:545} INFO - Filling up the DagBag from /home/airflow/.local/lib/python3.12/site-packages/airflow/example_dags/example_branch_day_of_week_operator.py
[2024-09-24T15:47:18.721+0000] {processor.py:840} INFO - DAG(s) 'example_weekday_branch_operator' retrieved from /home/airflow/.local/lib/python3.12/site-packages/airflow/example_dags/example_branch_day_of_week_operator.py
[2024-09-24T15:47:18.745+0000] {logging_mixin.py:188} INFO - [2024-09-24T15:47:18.744+0000] {dag.py:3096} INFO - Sync 1 DAGs
[2024-09-24T15:47:18.772+0000] {logging_mixin.py:188} INFO - [2024-09-24T15:47:18.771+0000] {dag.py:3954} INFO - Setting next_dagrun for example_weekday_branch_operator to 2024-09-23 00:00:00+00:00, run_after=2024-09-24 00:00:00+00:00
[2024-09-24T15:47:18.797+0000] {processor.py:183} INFO - Processing /home/airflow/.local/lib/python3.12/site-packages/airflow/example_dags/example_branch_day_of_week_operator.py took 0.100 seconds
[2024-09-24T15:47:48.869+0000] {processor.py:161} INFO - Started process (PID=878) to work on /home/airflow/.local/lib/python3.12/site-packages/airflow/example_dags/example_branch_day_of_week_operator.py
[2024-09-24T15:47:48.871+0000] {processor.py:830} INFO - Processing file /home/airflow/.local/lib/python3.12/site-packages/airflow/example_dags/example_branch_day_of_week_operator.py for tasks to queue
[2024-09-24T15:47:48.873+0000] {logging_mixin.py:188} INFO - [2024-09-24T15:47:48.872+0000] {dagbag.py:545} INFO - Filling up the DagBag from /home/airflow/.local/lib/python3.12/site-packages/airflow/example_dags/example_branch_day_of_week_operator.py
[2024-09-24T15:47:48.881+0000] {processor.py:840} INFO - DAG(s) 'example_weekday_branch_operator' retrieved from /home/airflow/.local/lib/python3.12/site-packages/airflow/example_dags/example_branch_day_of_week_operator.py
[2024-09-24T15:47:48.906+0000] {logging_mixin.py:188} INFO - [2024-09-24T15:47:48.906+0000] {dag.py:3096} INFO - Sync 1 DAGs
[2024-09-24T15:47:48.945+0000] {logging_mixin.py:188} INFO - [2024-09-24T15:47:48.944+0000] {dag.py:3954} INFO - Setting next_dagrun for example_weekday_branch_operator to 2024-09-23 00:00:00+00:00, run_after=2024-09-24 00:00:00+00:00
[2024-09-24T15:47:48.977+0000] {processor.py:183} INFO - Processing /home/airflow/.local/lib/python3.12/site-packages/airflow/example_dags/example_branch_day_of_week_operator.py took 0.115 seconds
[2024-09-24T15:48:19.261+0000] {processor.py:161} INFO - Started process (PID=936) to work on /home/airflow/.local/lib/python3.12/site-packages/airflow/example_dags/example_branch_day_of_week_operator.py
[2024-09-24T15:48:19.262+0000] {processor.py:830} INFO - Processing file /home/airflow/.local/lib/python3.12/site-packages/airflow/example_dags/example_branch_day_of_week_operator.py for tasks to queue
[2024-09-24T15:48:19.264+0000] {logging_mixin.py:188} INFO - [2024-09-24T15:48:19.264+0000] {dagbag.py:545} INFO - Filling up the DagBag from /home/airflow/.local/lib/python3.12/site-packages/airflow/example_dags/example_branch_day_of_week_operator.py
[2024-09-24T15:48:19.274+0000] {processor.py:840} INFO - DAG(s) 'example_weekday_branch_operator' retrieved from /home/airflow/.local/lib/python3.12/site-packages/airflow/example_dags/example_branch_day_of_week_operator.py
[2024-09-24T15:48:19.299+0000] {logging_mixin.py:188} INFO - [2024-09-24T15:48:19.299+0000] {dag.py:3096} INFO - Sync 1 DAGs
[2024-09-24T15:48:19.334+0000] {logging_mixin.py:188} INFO - [2024-09-24T15:48:19.333+0000] {dag.py:3954} INFO - Setting next_dagrun for example_weekday_branch_operator to 2024-09-23 00:00:00+00:00, run_after=2024-09-24 00:00:00+00:00
[2024-09-24T15:48:19.366+0000] {processor.py:183} INFO - Processing /home/airflow/.local/lib/python3.12/site-packages/airflow/example_dags/example_branch_day_of_week_operator.py took 0.112 seconds
[2024-09-24T15:48:49.917+0000] {processor.py:161} INFO - Started process (PID=994) to work on /home/airflow/.local/lib/python3.12/site-packages/airflow/example_dags/example_branch_day_of_week_operator.py
[2024-09-24T15:48:49.918+0000] {processor.py:830} INFO - Processing file /home/airflow/.local/lib/python3.12/site-packages/airflow/example_dags/example_branch_day_of_week_operator.py for tasks to queue
[2024-09-24T15:48:49.921+0000] {logging_mixin.py:188} INFO - [2024-09-24T15:48:49.920+0000] {dagbag.py:545} INFO - Filling up the DagBag from /home/airflow/.local/lib/python3.12/site-packages/airflow/example_dags/example_branch_day_of_week_operator.py
[2024-09-24T15:48:49.929+0000] {processor.py:840} INFO - DAG(s) 'example_weekday_branch_operator' retrieved from /home/airflow/.local/lib/python3.12/site-packages/airflow/example_dags/example_branch_day_of_week_operator.py
[2024-09-24T15:48:49.950+0000] {logging_mixin.py:188} INFO - [2024-09-24T15:48:49.950+0000] {dag.py:3096} INFO - Sync 1 DAGs
[2024-09-24T15:48:49.977+0000] {logging_mixin.py:188} INFO - [2024-09-24T15:48:49.976+0000] {dag.py:3954} INFO - Setting next_dagrun for example_weekday_branch_operator to 2024-09-23 00:00:00+00:00, run_after=2024-09-24 00:00:00+00:00
[2024-09-24T15:48:49.998+0000] {processor.py:183} INFO - Processing /home/airflow/.local/lib/python3.12/site-packages/airflow/example_dags/example_branch_day_of_week_operator.py took 0.087 seconds
[2024-09-24T15:49:20.207+0000] {processor.py:161} INFO - Started process (PID=1053) to work on /home/airflow/.local/lib/python3.12/site-packages/airflow/example_dags/example_branch_day_of_week_operator.py
[2024-09-24T15:49:20.208+0000] {processor.py:830} INFO - Processing file /home/airflow/.local/lib/python3.12/site-packages/airflow/example_dags/example_branch_day_of_week_operator.py for tasks to queue
[2024-09-24T15:49:20.210+0000] {logging_mixin.py:188} INFO - [2024-09-24T15:49:20.210+0000] {dagbag.py:545} INFO - Filling up the DagBag from /home/airflow/.local/lib/python3.12/site-packages/airflow/example_dags/example_branch_day_of_week_operator.py
[2024-09-24T15:49:20.219+0000] {processor.py:840} INFO - DAG(s) 'example_weekday_branch_operator' retrieved from /home/airflow/.local/lib/python3.12/site-packages/airflow/example_dags/example_branch_day_of_week_operator.py
[2024-09-24T15:49:20.244+0000] {logging_mixin.py:188} INFO - [2024-09-24T15:49:20.244+0000] {dag.py:3096} INFO - Sync 1 DAGs
[2024-09-24T15:49:20.279+0000] {logging_mixin.py:188} INFO - [2024-09-24T15:49:20.278+0000] {dag.py:3954} INFO - Setting next_dagrun for example_weekday_branch_operator to 2024-09-23 00:00:00+00:00, run_after=2024-09-24 00:00:00+00:00
[2024-09-24T15:49:20.310+0000] {processor.py:183} INFO - Processing /home/airflow/.local/lib/python3.12/site-packages/airflow/example_dags/example_branch_day_of_week_operator.py took 0.109 seconds
[2024-09-24T15:49:50.638+0000] {processor.py:161} INFO - Started process (PID=1111) to work on /home/airflow/.local/lib/python3.12/site-packages/airflow/example_dags/example_branch_day_of_week_operator.py
[2024-09-24T15:49:50.639+0000] {processor.py:830} INFO - Processing file /home/airflow/.local/lib/python3.12/site-packages/airflow/example_dags/example_branch_day_of_week_operator.py for tasks to queue
[2024-09-24T15:49:50.641+0000] {logging_mixin.py:188} INFO - [2024-09-24T15:49:50.641+0000] {dagbag.py:545} INFO - Filling up the DagBag from /home/airflow/.local/lib/python3.12/site-packages/airflow/example_dags/example_branch_day_of_week_operator.py
[2024-09-24T15:49:50.651+0000] {processor.py:840} INFO - DAG(s) 'example_weekday_branch_operator' retrieved from /home/airflow/.local/lib/python3.12/site-packages/airflow/example_dags/example_branch_day_of_week_operator.py
[2024-09-24T15:49:50.678+0000] {logging_mixin.py:188} INFO - [2024-09-24T15:49:50.678+0000] {dag.py:3096} INFO - Sync 1 DAGs
[2024-09-24T15:49:50.709+0000] {logging_mixin.py:188} INFO - [2024-09-24T15:49:50.709+0000] {dag.py:3954} INFO - Setting next_dagrun for example_weekday_branch_operator to 2024-09-23 00:00:00+00:00, run_after=2024-09-24 00:00:00+00:00
[2024-09-24T15:49:50.731+0000] {processor.py:183} INFO - Processing /home/airflow/.local/lib/python3.12/site-packages/airflow/example_dags/example_branch_day_of_week_operator.py took 0.100 seconds
[2024-09-24T15:50:21.111+0000] {processor.py:161} INFO - Started process (PID=1169) to work on /home/airflow/.local/lib/python3.12/site-packages/airflow/example_dags/example_branch_day_of_week_operator.py
[2024-09-24T15:50:21.112+0000] {processor.py:830} INFO - Processing file /home/airflow/.local/lib/python3.12/site-packages/airflow/example_dags/example_branch_day_of_week_operator.py for tasks to queue
[2024-09-24T15:50:21.114+0000] {logging_mixin.py:188} INFO - [2024-09-24T15:50:21.114+0000] {dagbag.py:545} INFO - Filling up the DagBag from /home/airflow/.local/lib/python3.12/site-packages/airflow/example_dags/example_branch_day_of_week_operator.py
[2024-09-24T15:50:21.123+0000] {processor.py:840} INFO - DAG(s) 'example_weekday_branch_operator' retrieved from /home/airflow/.local/lib/python3.12/site-packages/airflow/example_dags/example_branch_day_of_week_operator.py
[2024-09-24T15:50:21.145+0000] {logging_mixin.py:188} INFO - [2024-09-24T15:50:21.145+0000] {dag.py:3096} INFO - Sync 1 DAGs
[2024-09-24T15:50:21.171+0000] {logging_mixin.py:188} INFO - [2024-09-24T15:50:21.171+0000] {dag.py:3954} INFO - Setting next_dagrun for example_weekday_branch_operator to 2024-09-23 00:00:00+00:00, run_after=2024-09-24 00:00:00+00:00
[2024-09-24T15:50:21.193+0000] {processor.py:183} INFO - Processing /home/airflow/.local/lib/python3.12/site-packages/airflow/example_dags/example_branch_day_of_week_operator.py took 0.089 seconds
[2024-09-24T15:50:51.285+0000] {processor.py:161} INFO - Started process (PID=1228) to work on /home/airflow/.local/lib/python3.12/site-packages/airflow/example_dags/example_branch_day_of_week_operator.py
[2024-09-24T15:50:51.286+0000] {processor.py:830} INFO - Processing file /home/airflow/.local/lib/python3.12/site-packages/airflow/example_dags/example_branch_day_of_week_operator.py for tasks to queue
[2024-09-24T15:50:51.288+0000] {logging_mixin.py:188} INFO - [2024-09-24T15:50:51.288+0000] {dagbag.py:545} INFO - Filling up the DagBag from /home/airflow/.local/lib/python3.12/site-packages/airflow/example_dags/example_branch_day_of_week_operator.py
[2024-09-24T15:50:51.297+0000] {processor.py:840} INFO - DAG(s) 'example_weekday_branch_operator' retrieved from /home/airflow/.local/lib/python3.12/site-packages/airflow/example_dags/example_branch_day_of_week_operator.py
[2024-09-24T15:50:51.323+0000] {logging_mixin.py:188} INFO - [2024-09-24T15:50:51.323+0000] {dag.py:3096} INFO - Sync 1 DAGs
[2024-09-24T15:50:51.350+0000] {logging_mixin.py:188} INFO - [2024-09-24T15:50:51.350+0000] {dag.py:3954} INFO - Setting next_dagrun for example_weekday_branch_operator to 2024-09-23 00:00:00+00:00, run_after=2024-09-24 00:00:00+00:00
[2024-09-24T15:50:51.371+0000] {processor.py:183} INFO - Processing /home/airflow/.local/lib/python3.12/site-packages/airflow/example_dags/example_branch_day_of_week_operator.py took 0.093 seconds
[2024-09-24T15:51:21.703+0000] {processor.py:161} INFO - Started process (PID=1286) to work on /home/airflow/.local/lib/python3.12/site-packages/airflow/example_dags/example_branch_day_of_week_operator.py
[2024-09-24T15:51:21.704+0000] {processor.py:830} INFO - Processing file /home/airflow/.local/lib/python3.12/site-packages/airflow/example_dags/example_branch_day_of_week_operator.py for tasks to queue
[2024-09-24T15:51:21.706+0000] {logging_mixin.py:188} INFO - [2024-09-24T15:51:21.706+0000] {dagbag.py:545} INFO - Filling up the DagBag from /home/airflow/.local/lib/python3.12/site-packages/airflow/example_dags/example_branch_day_of_week_operator.py
[2024-09-24T15:51:21.715+0000] {processor.py:840} INFO - DAG(s) 'example_weekday_branch_operator' retrieved from /home/airflow/.local/lib/python3.12/site-packages/airflow/example_dags/example_branch_day_of_week_operator.py
[2024-09-24T15:51:21.737+0000] {logging_mixin.py:188} INFO - [2024-09-24T15:51:21.737+0000] {dag.py:3096} INFO - Sync 1 DAGs
[2024-09-24T15:51:21.762+0000] {logging_mixin.py:188} INFO - [2024-09-24T15:51:21.761+0000] {dag.py:3954} INFO - Setting next_dagrun for example_weekday_branch_operator to 2024-09-23 00:00:00+00:00, run_after=2024-09-24 00:00:00+00:00
[2024-09-24T15:51:21.787+0000] {processor.py:183} INFO - Processing /home/airflow/.local/lib/python3.12/site-packages/airflow/example_dags/example_branch_day_of_week_operator.py took 0.091 seconds
[2024-09-24T15:51:52.285+0000] {processor.py:161} INFO - Started process (PID=1344) to work on /home/airflow/.local/lib/python3.12/site-packages/airflow/example_dags/example_branch_day_of_week_operator.py
[2024-09-24T15:51:52.287+0000] {processor.py:830} INFO - Processing file /home/airflow/.local/lib/python3.12/site-packages/airflow/example_dags/example_branch_day_of_week_operator.py for tasks to queue
[2024-09-24T15:51:52.289+0000] {logging_mixin.py:188} INFO - [2024-09-24T15:51:52.289+0000] {dagbag.py:545} INFO - Filling up the DagBag from /home/airflow/.local/lib/python3.12/site-packages/airflow/example_dags/example_branch_day_of_week_operator.py
[2024-09-24T15:51:52.299+0000] {processor.py:840} INFO - DAG(s) 'example_weekday_branch_operator' retrieved from /home/airflow/.local/lib/python3.12/site-packages/airflow/example_dags/example_branch_day_of_week_operator.py
[2024-09-24T15:51:52.325+0000] {logging_mixin.py:188} INFO - [2024-09-24T15:51:52.324+0000] {dag.py:3096} INFO - Sync 1 DAGs
[2024-09-24T15:51:52.363+0000] {logging_mixin.py:188} INFO - [2024-09-24T15:51:52.362+0000] {dag.py:3954} INFO - Setting next_dagrun for example_weekday_branch_operator to 2024-09-23 00:00:00+00:00, run_after=2024-09-24 00:00:00+00:00
[2024-09-24T15:51:52.387+0000] {processor.py:183} INFO - Processing /home/airflow/.local/lib/python3.12/site-packages/airflow/example_dags/example_branch_day_of_week_operator.py took 0.110 seconds
[2024-09-24T15:52:22.494+0000] {processor.py:161} INFO - Started process (PID=1402) to work on /home/airflow/.local/lib/python3.12/site-packages/airflow/example_dags/example_branch_day_of_week_operator.py
[2024-09-24T15:52:22.495+0000] {processor.py:830} INFO - Processing file /home/airflow/.local/lib/python3.12/site-packages/airflow/example_dags/example_branch_day_of_week_operator.py for tasks to queue
[2024-09-24T15:52:22.497+0000] {logging_mixin.py:188} INFO - [2024-09-24T15:52:22.497+0000] {dagbag.py:545} INFO - Filling up the DagBag from /home/airflow/.local/lib/python3.12/site-packages/airflow/example_dags/example_branch_day_of_week_operator.py
[2024-09-24T15:52:22.515+0000] {processor.py:840} INFO - DAG(s) 'example_weekday_branch_operator' retrieved from /home/airflow/.local/lib/python3.12/site-packages/airflow/example_dags/example_branch_day_of_week_operator.py
[2024-09-24T15:52:22.543+0000] {logging_mixin.py:188} INFO - [2024-09-24T15:52:22.543+0000] {dag.py:3096} INFO - Sync 1 DAGs
[2024-09-24T15:52:22.570+0000] {logging_mixin.py:188} INFO - [2024-09-24T15:52:22.570+0000] {dag.py:3954} INFO - Setting next_dagrun for example_weekday_branch_operator to 2024-09-23 00:00:00+00:00, run_after=2024-09-24 00:00:00+00:00
[2024-09-24T15:52:22.598+0000] {processor.py:183} INFO - Processing /home/airflow/.local/lib/python3.12/site-packages/airflow/example_dags/example_branch_day_of_week_operator.py took 0.110 seconds
[2024-09-24T15:52:52.871+0000] {processor.py:161} INFO - Started process (PID=1460) to work on /home/airflow/.local/lib/python3.12/site-packages/airflow/example_dags/example_branch_day_of_week_operator.py
[2024-09-24T15:52:52.872+0000] {processor.py:830} INFO - Processing file /home/airflow/.local/lib/python3.12/site-packages/airflow/example_dags/example_branch_day_of_week_operator.py for tasks to queue
[2024-09-24T15:52:52.875+0000] {logging_mixin.py:188} INFO - [2024-09-24T15:52:52.874+0000] {dagbag.py:545} INFO - Filling up the DagBag from /home/airflow/.local/lib/python3.12/site-packages/airflow/example_dags/example_branch_day_of_week_operator.py
[2024-09-24T15:52:52.885+0000] {processor.py:840} INFO - DAG(s) 'example_weekday_branch_operator' retrieved from /home/airflow/.local/lib/python3.12/site-packages/airflow/example_dags/example_branch_day_of_week_operator.py
[2024-09-24T15:52:52.912+0000] {logging_mixin.py:188} INFO - [2024-09-24T15:52:52.911+0000] {dag.py:3096} INFO - Sync 1 DAGs
[2024-09-24T15:52:52.942+0000] {logging_mixin.py:188} INFO - [2024-09-24T15:52:52.942+0000] {dag.py:3954} INFO - Setting next_dagrun for example_weekday_branch_operator to 2024-09-23 00:00:00+00:00, run_after=2024-09-24 00:00:00+00:00
[2024-09-24T15:52:52.967+0000] {processor.py:183} INFO - Processing /home/airflow/.local/lib/python3.12/site-packages/airflow/example_dags/example_branch_day_of_week_operator.py took 0.104 seconds
[2024-09-24T15:53:23.390+0000] {processor.py:161} INFO - Started process (PID=1518) to work on /home/airflow/.local/lib/python3.12/site-packages/airflow/example_dags/example_branch_day_of_week_operator.py
[2024-09-24T15:53:23.392+0000] {processor.py:830} INFO - Processing file /home/airflow/.local/lib/python3.12/site-packages/airflow/example_dags/example_branch_day_of_week_operator.py for tasks to queue
[2024-09-24T15:53:23.395+0000] {logging_mixin.py:188} INFO - [2024-09-24T15:53:23.394+0000] {dagbag.py:545} INFO - Filling up the DagBag from /home/airflow/.local/lib/python3.12/site-packages/airflow/example_dags/example_branch_day_of_week_operator.py
[2024-09-24T15:53:23.406+0000] {processor.py:840} INFO - DAG(s) 'example_weekday_branch_operator' retrieved from /home/airflow/.local/lib/python3.12/site-packages/airflow/example_dags/example_branch_day_of_week_operator.py
[2024-09-24T15:53:23.465+0000] {logging_mixin.py:188} INFO - [2024-09-24T15:53:23.464+0000] {dag.py:3096} INFO - Sync 1 DAGs
[2024-09-24T15:53:23.523+0000] {logging_mixin.py:188} INFO - [2024-09-24T15:53:23.522+0000] {dag.py:3954} INFO - Setting next_dagrun for example_weekday_branch_operator to 2024-09-23 00:00:00+00:00, run_after=2024-09-24 00:00:00+00:00
[2024-09-24T15:53:23.564+0000] {processor.py:183} INFO - Processing /home/airflow/.local/lib/python3.12/site-packages/airflow/example_dags/example_branch_day_of_week_operator.py took 0.182 seconds
