[2024-09-24T15:40:44.704+0000] {processor.py:161} INFO - Started process (PID=77) to work on /home/airflow/.local/lib/python3.12/site-packages/airflow/example_dags/example_latest_only_with_trigger.py
[2024-09-24T15:40:44.706+0000] {processor.py:830} INFO - Processing file /home/airflow/.local/lib/python3.12/site-packages/airflow/example_dags/example_latest_only_with_trigger.py for tasks to queue
[2024-09-24T15:40:44.710+0000] {logging_mixin.py:188} INFO - [2024-09-24T15:40:44.709+0000] {dagbag.py:545} INFO - Filling up the DagBag from /home/airflow/.local/lib/python3.12/site-packages/airflow/example_dags/example_latest_only_with_trigger.py
[2024-09-24T15:40:44.720+0000] {processor.py:840} INFO - DAG(s) 'latest_only_with_trigger' retrieved from /home/airflow/.local/lib/python3.12/site-packages/airflow/example_dags/example_latest_only_with_trigger.py
[2024-09-24T15:40:44.896+0000] {logging_mixin.py:188} INFO - [2024-09-24T15:40:44.895+0000] {dag.py:3096} INFO - Sync 1 DAGs
[2024-09-24T15:40:44.928+0000] {logging_mixin.py:188} INFO - [2024-09-24T15:40:44.928+0000] {dag.py:3954} INFO - Setting next_dagrun for latest_only_with_trigger to 2024-09-24 08:00:00+00:00, run_after=2024-09-24 12:00:00+00:00
[2024-09-24T15:40:44.963+0000] {processor.py:183} INFO - Processing /home/airflow/.local/lib/python3.12/site-packages/airflow/example_dags/example_latest_only_with_trigger.py took 0.269 seconds
[2024-09-24T15:41:15.715+0000] {processor.py:161} INFO - Started process (PID=135) to work on /home/airflow/.local/lib/python3.12/site-packages/airflow/example_dags/example_latest_only_with_trigger.py
[2024-09-24T15:41:15.717+0000] {processor.py:830} INFO - Processing file /home/airflow/.local/lib/python3.12/site-packages/airflow/example_dags/example_latest_only_with_trigger.py for tasks to queue
[2024-09-24T15:41:15.719+0000] {logging_mixin.py:188} INFO - [2024-09-24T15:41:15.719+0000] {dagbag.py:545} INFO - Filling up the DagBag from /home/airflow/.local/lib/python3.12/site-packages/airflow/example_dags/example_latest_only_with_trigger.py
[2024-09-24T15:41:15.725+0000] {processor.py:840} INFO - DAG(s) 'latest_only_with_trigger' retrieved from /home/airflow/.local/lib/python3.12/site-packages/airflow/example_dags/example_latest_only_with_trigger.py
[2024-09-24T15:41:15.751+0000] {logging_mixin.py:188} INFO - [2024-09-24T15:41:15.751+0000] {dag.py:3096} INFO - Sync 1 DAGs
[2024-09-24T15:41:15.778+0000] {logging_mixin.py:188} INFO - [2024-09-24T15:41:15.778+0000] {dag.py:3954} INFO - Setting next_dagrun for latest_only_with_trigger to 2024-09-24 08:00:00+00:00, run_after=2024-09-24 12:00:00+00:00
[2024-09-24T15:41:15.797+0000] {processor.py:183} INFO - Processing /home/airflow/.local/lib/python3.12/site-packages/airflow/example_dags/example_latest_only_with_trigger.py took 0.090 seconds
[2024-09-24T15:41:46.024+0000] {processor.py:161} INFO - Started process (PID=193) to work on /home/airflow/.local/lib/python3.12/site-packages/airflow/example_dags/example_latest_only_with_trigger.py
[2024-09-24T15:41:46.026+0000] {processor.py:830} INFO - Processing file /home/airflow/.local/lib/python3.12/site-packages/airflow/example_dags/example_latest_only_with_trigger.py for tasks to queue
[2024-09-24T15:41:46.029+0000] {logging_mixin.py:188} INFO - [2024-09-24T15:41:46.029+0000] {dagbag.py:545} INFO - Filling up the DagBag from /home/airflow/.local/lib/python3.12/site-packages/airflow/example_dags/example_latest_only_with_trigger.py
[2024-09-24T15:41:46.037+0000] {processor.py:840} INFO - DAG(s) 'latest_only_with_trigger' retrieved from /home/airflow/.local/lib/python3.12/site-packages/airflow/example_dags/example_latest_only_with_trigger.py
[2024-09-24T15:41:46.068+0000] {logging_mixin.py:188} INFO - [2024-09-24T15:41:46.067+0000] {dag.py:3096} INFO - Sync 1 DAGs
[2024-09-24T15:41:46.118+0000] {logging_mixin.py:188} INFO - [2024-09-24T15:41:46.118+0000] {dag.py:3954} INFO - Setting next_dagrun for latest_only_with_trigger to 2024-09-24 08:00:00+00:00, run_after=2024-09-24 12:00:00+00:00
[2024-09-24T15:41:46.162+0000] {processor.py:183} INFO - Processing /home/airflow/.local/lib/python3.12/site-packages/airflow/example_dags/example_latest_only_with_trigger.py took 0.147 seconds
[2024-09-24T15:42:16.408+0000] {processor.py:161} INFO - Started process (PID=251) to work on /home/airflow/.local/lib/python3.12/site-packages/airflow/example_dags/example_latest_only_with_trigger.py
[2024-09-24T15:42:16.409+0000] {processor.py:830} INFO - Processing file /home/airflow/.local/lib/python3.12/site-packages/airflow/example_dags/example_latest_only_with_trigger.py for tasks to queue
[2024-09-24T15:42:16.412+0000] {logging_mixin.py:188} INFO - [2024-09-24T15:42:16.411+0000] {dagbag.py:545} INFO - Filling up the DagBag from /home/airflow/.local/lib/python3.12/site-packages/airflow/example_dags/example_latest_only_with_trigger.py
[2024-09-24T15:42:16.419+0000] {processor.py:840} INFO - DAG(s) 'latest_only_with_trigger' retrieved from /home/airflow/.local/lib/python3.12/site-packages/airflow/example_dags/example_latest_only_with_trigger.py
[2024-09-24T15:42:16.442+0000] {logging_mixin.py:188} INFO - [2024-09-24T15:42:16.441+0000] {dag.py:3096} INFO - Sync 1 DAGs
[2024-09-24T15:42:16.469+0000] {logging_mixin.py:188} INFO - [2024-09-24T15:42:16.469+0000] {dag.py:3954} INFO - Setting next_dagrun for latest_only_with_trigger to 2024-09-24 08:00:00+00:00, run_after=2024-09-24 12:00:00+00:00
[2024-09-24T15:42:16.494+0000] {processor.py:183} INFO - Processing /home/airflow/.local/lib/python3.12/site-packages/airflow/example_dags/example_latest_only_with_trigger.py took 0.092 seconds
[2024-09-24T15:42:46.748+0000] {processor.py:161} INFO - Started process (PID=309) to work on /home/airflow/.local/lib/python3.12/site-packages/airflow/example_dags/example_latest_only_with_trigger.py
[2024-09-24T15:42:46.750+0000] {processor.py:830} INFO - Processing file /home/airflow/.local/lib/python3.12/site-packages/airflow/example_dags/example_latest_only_with_trigger.py for tasks to queue
[2024-09-24T15:42:46.752+0000] {logging_mixin.py:188} INFO - [2024-09-24T15:42:46.752+0000] {dagbag.py:545} INFO - Filling up the DagBag from /home/airflow/.local/lib/python3.12/site-packages/airflow/example_dags/example_latest_only_with_trigger.py
[2024-09-24T15:42:46.760+0000] {processor.py:840} INFO - DAG(s) 'latest_only_with_trigger' retrieved from /home/airflow/.local/lib/python3.12/site-packages/airflow/example_dags/example_latest_only_with_trigger.py
[2024-09-24T15:42:46.789+0000] {logging_mixin.py:188} INFO - [2024-09-24T15:42:46.789+0000] {dag.py:3096} INFO - Sync 1 DAGs
[2024-09-24T15:42:46.823+0000] {logging_mixin.py:188} INFO - [2024-09-24T15:42:46.823+0000] {dag.py:3954} INFO - Setting next_dagrun for latest_only_with_trigger to 2024-09-24 08:00:00+00:00, run_after=2024-09-24 12:00:00+00:00
[2024-09-24T15:42:46.844+0000] {processor.py:183} INFO - Processing /home/airflow/.local/lib/python3.12/site-packages/airflow/example_dags/example_latest_only_with_trigger.py took 0.103 seconds
[2024-09-24T15:43:17.492+0000] {processor.py:161} INFO - Started process (PID=367) to work on /home/airflow/.local/lib/python3.12/site-packages/airflow/example_dags/example_latest_only_with_trigger.py
[2024-09-24T15:43:17.493+0000] {processor.py:830} INFO - Processing file /home/airflow/.local/lib/python3.12/site-packages/airflow/example_dags/example_latest_only_with_trigger.py for tasks to queue
[2024-09-24T15:43:17.495+0000] {logging_mixin.py:188} INFO - [2024-09-24T15:43:17.495+0000] {dagbag.py:545} INFO - Filling up the DagBag from /home/airflow/.local/lib/python3.12/site-packages/airflow/example_dags/example_latest_only_with_trigger.py
[2024-09-24T15:43:17.504+0000] {processor.py:840} INFO - DAG(s) 'latest_only_with_trigger' retrieved from /home/airflow/.local/lib/python3.12/site-packages/airflow/example_dags/example_latest_only_with_trigger.py
[2024-09-24T15:43:17.529+0000] {logging_mixin.py:188} INFO - [2024-09-24T15:43:17.529+0000] {dag.py:3096} INFO - Sync 1 DAGs
[2024-09-24T15:43:17.555+0000] {logging_mixin.py:188} INFO - [2024-09-24T15:43:17.555+0000] {dag.py:3954} INFO - Setting next_dagrun for latest_only_with_trigger to 2024-09-24 08:00:00+00:00, run_after=2024-09-24 12:00:00+00:00
[2024-09-24T15:43:17.575+0000] {processor.py:183} INFO - Processing /home/airflow/.local/lib/python3.12/site-packages/airflow/example_dags/example_latest_only_with_trigger.py took 0.092 seconds
[2024-09-24T15:43:47.715+0000] {processor.py:161} INFO - Started process (PID=425) to work on /home/airflow/.local/lib/python3.12/site-packages/airflow/example_dags/example_latest_only_with_trigger.py
[2024-09-24T15:43:47.717+0000] {processor.py:830} INFO - Processing file /home/airflow/.local/lib/python3.12/site-packages/airflow/example_dags/example_latest_only_with_trigger.py for tasks to queue
[2024-09-24T15:43:47.719+0000] {logging_mixin.py:188} INFO - [2024-09-24T15:43:47.719+0000] {dagbag.py:545} INFO - Filling up the DagBag from /home/airflow/.local/lib/python3.12/site-packages/airflow/example_dags/example_latest_only_with_trigger.py
[2024-09-24T15:43:47.725+0000] {processor.py:840} INFO - DAG(s) 'latest_only_with_trigger' retrieved from /home/airflow/.local/lib/python3.12/site-packages/airflow/example_dags/example_latest_only_with_trigger.py
[2024-09-24T15:43:47.749+0000] {logging_mixin.py:188} INFO - [2024-09-24T15:43:47.749+0000] {dag.py:3096} INFO - Sync 1 DAGs
[2024-09-24T15:43:47.775+0000] {logging_mixin.py:188} INFO - [2024-09-24T15:43:47.775+0000] {dag.py:3954} INFO - Setting next_dagrun for latest_only_with_trigger to 2024-09-24 08:00:00+00:00, run_after=2024-09-24 12:00:00+00:00
[2024-09-24T15:43:47.796+0000] {processor.py:183} INFO - Processing /home/airflow/.local/lib/python3.12/site-packages/airflow/example_dags/example_latest_only_with_trigger.py took 0.088 seconds
[2024-09-24T15:44:18.435+0000] {processor.py:161} INFO - Started process (PID=483) to work on /home/airflow/.local/lib/python3.12/site-packages/airflow/example_dags/example_latest_only_with_trigger.py
[2024-09-24T15:44:18.437+0000] {processor.py:830} INFO - Processing file /home/airflow/.local/lib/python3.12/site-packages/airflow/example_dags/example_latest_only_with_trigger.py for tasks to queue
[2024-09-24T15:44:18.439+0000] {logging_mixin.py:188} INFO - [2024-09-24T15:44:18.439+0000] {dagbag.py:545} INFO - Filling up the DagBag from /home/airflow/.local/lib/python3.12/site-packages/airflow/example_dags/example_latest_only_with_trigger.py
[2024-09-24T15:44:18.450+0000] {processor.py:840} INFO - DAG(s) 'latest_only_with_trigger' retrieved from /home/airflow/.local/lib/python3.12/site-packages/airflow/example_dags/example_latest_only_with_trigger.py
[2024-09-24T15:44:18.488+0000] {logging_mixin.py:188} INFO - [2024-09-24T15:44:18.488+0000] {dag.py:3096} INFO - Sync 1 DAGs
[2024-09-24T15:44:18.533+0000] {logging_mixin.py:188} INFO - [2024-09-24T15:44:18.532+0000] {dag.py:3954} INFO - Setting next_dagrun for latest_only_with_trigger to 2024-09-24 08:00:00+00:00, run_after=2024-09-24 12:00:00+00:00
[2024-09-24T15:44:18.579+0000] {processor.py:183} INFO - Processing /home/airflow/.local/lib/python3.12/site-packages/airflow/example_dags/example_latest_only_with_trigger.py took 0.154 seconds
[2024-09-24T15:44:48.678+0000] {processor.py:161} INFO - Started process (PID=541) to work on /home/airflow/.local/lib/python3.12/site-packages/airflow/example_dags/example_latest_only_with_trigger.py
[2024-09-24T15:44:48.679+0000] {processor.py:830} INFO - Processing file /home/airflow/.local/lib/python3.12/site-packages/airflow/example_dags/example_latest_only_with_trigger.py for tasks to queue
[2024-09-24T15:44:48.682+0000] {logging_mixin.py:188} INFO - [2024-09-24T15:44:48.681+0000] {dagbag.py:545} INFO - Filling up the DagBag from /home/airflow/.local/lib/python3.12/site-packages/airflow/example_dags/example_latest_only_with_trigger.py
[2024-09-24T15:44:48.690+0000] {processor.py:840} INFO - DAG(s) 'latest_only_with_trigger' retrieved from /home/airflow/.local/lib/python3.12/site-packages/airflow/example_dags/example_latest_only_with_trigger.py
[2024-09-24T15:44:48.713+0000] {logging_mixin.py:188} INFO - [2024-09-24T15:44:48.712+0000] {dag.py:3096} INFO - Sync 1 DAGs
[2024-09-24T15:44:48.739+0000] {logging_mixin.py:188} INFO - [2024-09-24T15:44:48.738+0000] {dag.py:3954} INFO - Setting next_dagrun for latest_only_with_trigger to 2024-09-24 08:00:00+00:00, run_after=2024-09-24 12:00:00+00:00
[2024-09-24T15:44:48.761+0000] {processor.py:183} INFO - Processing /home/airflow/.local/lib/python3.12/site-packages/airflow/example_dags/example_latest_only_with_trigger.py took 0.090 seconds
[2024-09-24T15:45:18.868+0000] {processor.py:161} INFO - Started process (PID=599) to work on /home/airflow/.local/lib/python3.12/site-packages/airflow/example_dags/example_latest_only_with_trigger.py
[2024-09-24T15:45:18.869+0000] {processor.py:830} INFO - Processing file /home/airflow/.local/lib/python3.12/site-packages/airflow/example_dags/example_latest_only_with_trigger.py for tasks to queue
[2024-09-24T15:45:18.871+0000] {logging_mixin.py:188} INFO - [2024-09-24T15:45:18.871+0000] {dagbag.py:545} INFO - Filling up the DagBag from /home/airflow/.local/lib/python3.12/site-packages/airflow/example_dags/example_latest_only_with_trigger.py
[2024-09-24T15:45:18.877+0000] {processor.py:840} INFO - DAG(s) 'latest_only_with_trigger' retrieved from /home/airflow/.local/lib/python3.12/site-packages/airflow/example_dags/example_latest_only_with_trigger.py
[2024-09-24T15:45:18.902+0000] {logging_mixin.py:188} INFO - [2024-09-24T15:45:18.902+0000] {dag.py:3096} INFO - Sync 1 DAGs
[2024-09-24T15:45:18.928+0000] {logging_mixin.py:188} INFO - [2024-09-24T15:45:18.928+0000] {dag.py:3954} INFO - Setting next_dagrun for latest_only_with_trigger to 2024-09-24 08:00:00+00:00, run_after=2024-09-24 12:00:00+00:00
[2024-09-24T15:45:18.954+0000] {processor.py:183} INFO - Processing /home/airflow/.local/lib/python3.12/site-packages/airflow/example_dags/example_latest_only_with_trigger.py took 0.094 seconds
[2024-09-24T15:45:49.073+0000] {processor.py:161} INFO - Started process (PID=657) to work on /home/airflow/.local/lib/python3.12/site-packages/airflow/example_dags/example_latest_only_with_trigger.py
[2024-09-24T15:45:49.074+0000] {processor.py:830} INFO - Processing file /home/airflow/.local/lib/python3.12/site-packages/airflow/example_dags/example_latest_only_with_trigger.py for tasks to queue
[2024-09-24T15:45:49.076+0000] {logging_mixin.py:188} INFO - [2024-09-24T15:45:49.076+0000] {dagbag.py:545} INFO - Filling up the DagBag from /home/airflow/.local/lib/python3.12/site-packages/airflow/example_dags/example_latest_only_with_trigger.py
[2024-09-24T15:45:49.083+0000] {processor.py:840} INFO - DAG(s) 'latest_only_with_trigger' retrieved from /home/airflow/.local/lib/python3.12/site-packages/airflow/example_dags/example_latest_only_with_trigger.py
[2024-09-24T15:45:49.107+0000] {logging_mixin.py:188} INFO - [2024-09-24T15:45:49.106+0000] {dag.py:3096} INFO - Sync 1 DAGs
[2024-09-24T15:45:49.132+0000] {logging_mixin.py:188} INFO - [2024-09-24T15:45:49.132+0000] {dag.py:3954} INFO - Setting next_dagrun for latest_only_with_trigger to 2024-09-24 08:00:00+00:00, run_after=2024-09-24 12:00:00+00:00
[2024-09-24T15:45:49.153+0000] {processor.py:183} INFO - Processing /home/airflow/.local/lib/python3.12/site-packages/airflow/example_dags/example_latest_only_with_trigger.py took 0.087 seconds
[2024-09-24T15:46:19.679+0000] {processor.py:161} INFO - Started process (PID=715) to work on /home/airflow/.local/lib/python3.12/site-packages/airflow/example_dags/example_latest_only_with_trigger.py
[2024-09-24T15:46:19.681+0000] {processor.py:830} INFO - Processing file /home/airflow/.local/lib/python3.12/site-packages/airflow/example_dags/example_latest_only_with_trigger.py for tasks to queue
[2024-09-24T15:46:19.684+0000] {logging_mixin.py:188} INFO - [2024-09-24T15:46:19.683+0000] {dagbag.py:545} INFO - Filling up the DagBag from /home/airflow/.local/lib/python3.12/site-packages/airflow/example_dags/example_latest_only_with_trigger.py
[2024-09-24T15:46:19.693+0000] {processor.py:840} INFO - DAG(s) 'latest_only_with_trigger' retrieved from /home/airflow/.local/lib/python3.12/site-packages/airflow/example_dags/example_latest_only_with_trigger.py
[2024-09-24T15:46:19.730+0000] {logging_mixin.py:188} INFO - [2024-09-24T15:46:19.730+0000] {dag.py:3096} INFO - Sync 1 DAGs
[2024-09-24T15:46:19.764+0000] {logging_mixin.py:188} INFO - [2024-09-24T15:46:19.763+0000] {dag.py:3954} INFO - Setting next_dagrun for latest_only_with_trigger to 2024-09-24 08:00:00+00:00, run_after=2024-09-24 12:00:00+00:00
[2024-09-24T15:46:19.785+0000] {processor.py:183} INFO - Processing /home/airflow/.local/lib/python3.12/site-packages/airflow/example_dags/example_latest_only_with_trigger.py took 0.115 seconds
[2024-09-24T15:46:50.079+0000] {processor.py:161} INFO - Started process (PID=773) to work on /home/airflow/.local/lib/python3.12/site-packages/airflow/example_dags/example_latest_only_with_trigger.py
[2024-09-24T15:46:50.080+0000] {processor.py:830} INFO - Processing file /home/airflow/.local/lib/python3.12/site-packages/airflow/example_dags/example_latest_only_with_trigger.py for tasks to queue
[2024-09-24T15:46:50.082+0000] {logging_mixin.py:188} INFO - [2024-09-24T15:46:50.082+0000] {dagbag.py:545} INFO - Filling up the DagBag from /home/airflow/.local/lib/python3.12/site-packages/airflow/example_dags/example_latest_only_with_trigger.py
[2024-09-24T15:46:50.089+0000] {processor.py:840} INFO - DAG(s) 'latest_only_with_trigger' retrieved from /home/airflow/.local/lib/python3.12/site-packages/airflow/example_dags/example_latest_only_with_trigger.py
[2024-09-24T15:46:50.112+0000] {logging_mixin.py:188} INFO - [2024-09-24T15:46:50.111+0000] {dag.py:3096} INFO - Sync 1 DAGs
[2024-09-24T15:46:50.135+0000] {logging_mixin.py:188} INFO - [2024-09-24T15:46:50.135+0000] {dag.py:3954} INFO - Setting next_dagrun for latest_only_with_trigger to 2024-09-24 08:00:00+00:00, run_after=2024-09-24 12:00:00+00:00
[2024-09-24T15:46:50.153+0000] {processor.py:183} INFO - Processing /home/airflow/.local/lib/python3.12/site-packages/airflow/example_dags/example_latest_only_with_trigger.py took 0.081 seconds
[2024-09-24T15:47:20.564+0000] {processor.py:161} INFO - Started process (PID=831) to work on /home/airflow/.local/lib/python3.12/site-packages/airflow/example_dags/example_latest_only_with_trigger.py
[2024-09-24T15:47:20.566+0000] {processor.py:830} INFO - Processing file /home/airflow/.local/lib/python3.12/site-packages/airflow/example_dags/example_latest_only_with_trigger.py for tasks to queue
[2024-09-24T15:47:20.568+0000] {logging_mixin.py:188} INFO - [2024-09-24T15:47:20.568+0000] {dagbag.py:545} INFO - Filling up the DagBag from /home/airflow/.local/lib/python3.12/site-packages/airflow/example_dags/example_latest_only_with_trigger.py
[2024-09-24T15:47:20.574+0000] {processor.py:840} INFO - DAG(s) 'latest_only_with_trigger' retrieved from /home/airflow/.local/lib/python3.12/site-packages/airflow/example_dags/example_latest_only_with_trigger.py
[2024-09-24T15:47:20.601+0000] {logging_mixin.py:188} INFO - [2024-09-24T15:47:20.600+0000] {dag.py:3096} INFO - Sync 1 DAGs
[2024-09-24T15:47:20.628+0000] {logging_mixin.py:188} INFO - [2024-09-24T15:47:20.628+0000] {dag.py:3954} INFO - Setting next_dagrun for latest_only_with_trigger to 2024-09-24 08:00:00+00:00, run_after=2024-09-24 12:00:00+00:00
[2024-09-24T15:47:20.650+0000] {processor.py:183} INFO - Processing /home/airflow/.local/lib/python3.12/site-packages/airflow/example_dags/example_latest_only_with_trigger.py took 0.093 seconds
[2024-09-24T15:47:51.538+0000] {processor.py:161} INFO - Started process (PID=889) to work on /home/airflow/.local/lib/python3.12/site-packages/airflow/example_dags/example_latest_only_with_trigger.py
[2024-09-24T15:47:51.540+0000] {processor.py:830} INFO - Processing file /home/airflow/.local/lib/python3.12/site-packages/airflow/example_dags/example_latest_only_with_trigger.py for tasks to queue
[2024-09-24T15:47:51.542+0000] {logging_mixin.py:188} INFO - [2024-09-24T15:47:51.542+0000] {dagbag.py:545} INFO - Filling up the DagBag from /home/airflow/.local/lib/python3.12/site-packages/airflow/example_dags/example_latest_only_with_trigger.py
[2024-09-24T15:47:51.549+0000] {processor.py:840} INFO - DAG(s) 'latest_only_with_trigger' retrieved from /home/airflow/.local/lib/python3.12/site-packages/airflow/example_dags/example_latest_only_with_trigger.py
[2024-09-24T15:47:51.580+0000] {logging_mixin.py:188} INFO - [2024-09-24T15:47:51.580+0000] {dag.py:3096} INFO - Sync 1 DAGs
[2024-09-24T15:47:51.608+0000] {logging_mixin.py:188} INFO - [2024-09-24T15:47:51.608+0000] {dag.py:3954} INFO - Setting next_dagrun for latest_only_with_trigger to 2024-09-24 08:00:00+00:00, run_after=2024-09-24 12:00:00+00:00
[2024-09-24T15:47:51.629+0000] {processor.py:183} INFO - Processing /home/airflow/.local/lib/python3.12/site-packages/airflow/example_dags/example_latest_only_with_trigger.py took 0.098 seconds
[2024-09-24T15:48:21.911+0000] {processor.py:161} INFO - Started process (PID=947) to work on /home/airflow/.local/lib/python3.12/site-packages/airflow/example_dags/example_latest_only_with_trigger.py
[2024-09-24T15:48:21.912+0000] {processor.py:830} INFO - Processing file /home/airflow/.local/lib/python3.12/site-packages/airflow/example_dags/example_latest_only_with_trigger.py for tasks to queue
[2024-09-24T15:48:21.915+0000] {logging_mixin.py:188} INFO - [2024-09-24T15:48:21.914+0000] {dagbag.py:545} INFO - Filling up the DagBag from /home/airflow/.local/lib/python3.12/site-packages/airflow/example_dags/example_latest_only_with_trigger.py
[2024-09-24T15:48:21.921+0000] {processor.py:840} INFO - DAG(s) 'latest_only_with_trigger' retrieved from /home/airflow/.local/lib/python3.12/site-packages/airflow/example_dags/example_latest_only_with_trigger.py
[2024-09-24T15:48:21.945+0000] {logging_mixin.py:188} INFO - [2024-09-24T15:48:21.944+0000] {dag.py:3096} INFO - Sync 1 DAGs
[2024-09-24T15:48:21.968+0000] {logging_mixin.py:188} INFO - [2024-09-24T15:48:21.967+0000] {dag.py:3954} INFO - Setting next_dagrun for latest_only_with_trigger to 2024-09-24 08:00:00+00:00, run_after=2024-09-24 12:00:00+00:00
[2024-09-24T15:48:21.988+0000] {processor.py:183} INFO - Processing /home/airflow/.local/lib/python3.12/site-packages/airflow/example_dags/example_latest_only_with_trigger.py took 0.084 seconds
[2024-09-24T15:48:52.714+0000] {processor.py:161} INFO - Started process (PID=1005) to work on /home/airflow/.local/lib/python3.12/site-packages/airflow/example_dags/example_latest_only_with_trigger.py
[2024-09-24T15:48:52.715+0000] {processor.py:830} INFO - Processing file /home/airflow/.local/lib/python3.12/site-packages/airflow/example_dags/example_latest_only_with_trigger.py for tasks to queue
[2024-09-24T15:48:52.719+0000] {logging_mixin.py:188} INFO - [2024-09-24T15:48:52.719+0000] {dagbag.py:545} INFO - Filling up the DagBag from /home/airflow/.local/lib/python3.12/site-packages/airflow/example_dags/example_latest_only_with_trigger.py
[2024-09-24T15:48:52.733+0000] {processor.py:840} INFO - DAG(s) 'latest_only_with_trigger' retrieved from /home/airflow/.local/lib/python3.12/site-packages/airflow/example_dags/example_latest_only_with_trigger.py
[2024-09-24T15:48:52.770+0000] {logging_mixin.py:188} INFO - [2024-09-24T15:48:52.769+0000] {dag.py:3096} INFO - Sync 1 DAGs
[2024-09-24T15:48:52.824+0000] {logging_mixin.py:188} INFO - [2024-09-24T15:48:52.823+0000] {dag.py:3954} INFO - Setting next_dagrun for latest_only_with_trigger to 2024-09-24 08:00:00+00:00, run_after=2024-09-24 12:00:00+00:00
[2024-09-24T15:48:52.867+0000] {processor.py:183} INFO - Processing /home/airflow/.local/lib/python3.12/site-packages/airflow/example_dags/example_latest_only_with_trigger.py took 0.166 seconds
[2024-09-24T15:49:22.942+0000] {processor.py:161} INFO - Started process (PID=1064) to work on /home/airflow/.local/lib/python3.12/site-packages/airflow/example_dags/example_latest_only_with_trigger.py
[2024-09-24T15:49:22.943+0000] {processor.py:830} INFO - Processing file /home/airflow/.local/lib/python3.12/site-packages/airflow/example_dags/example_latest_only_with_trigger.py for tasks to queue
[2024-09-24T15:49:22.946+0000] {logging_mixin.py:188} INFO - [2024-09-24T15:49:22.946+0000] {dagbag.py:545} INFO - Filling up the DagBag from /home/airflow/.local/lib/python3.12/site-packages/airflow/example_dags/example_latest_only_with_trigger.py
[2024-09-24T15:49:22.952+0000] {processor.py:840} INFO - DAG(s) 'latest_only_with_trigger' retrieved from /home/airflow/.local/lib/python3.12/site-packages/airflow/example_dags/example_latest_only_with_trigger.py
[2024-09-24T15:49:22.975+0000] {logging_mixin.py:188} INFO - [2024-09-24T15:49:22.975+0000] {dag.py:3096} INFO - Sync 1 DAGs
[2024-09-24T15:49:23.000+0000] {logging_mixin.py:188} INFO - [2024-09-24T15:49:23.000+0000] {dag.py:3954} INFO - Setting next_dagrun for latest_only_with_trigger to 2024-09-24 08:00:00+00:00, run_after=2024-09-24 12:00:00+00:00
[2024-09-24T15:49:23.023+0000] {processor.py:183} INFO - Processing /home/airflow/.local/lib/python3.12/site-packages/airflow/example_dags/example_latest_only_with_trigger.py took 0.089 seconds
[2024-09-24T15:49:53.245+0000] {processor.py:161} INFO - Started process (PID=1122) to work on /home/airflow/.local/lib/python3.12/site-packages/airflow/example_dags/example_latest_only_with_trigger.py
[2024-09-24T15:49:53.246+0000] {processor.py:830} INFO - Processing file /home/airflow/.local/lib/python3.12/site-packages/airflow/example_dags/example_latest_only_with_trigger.py for tasks to queue
[2024-09-24T15:49:53.249+0000] {logging_mixin.py:188} INFO - [2024-09-24T15:49:53.248+0000] {dagbag.py:545} INFO - Filling up the DagBag from /home/airflow/.local/lib/python3.12/site-packages/airflow/example_dags/example_latest_only_with_trigger.py
[2024-09-24T15:49:53.255+0000] {processor.py:840} INFO - DAG(s) 'latest_only_with_trigger' retrieved from /home/airflow/.local/lib/python3.12/site-packages/airflow/example_dags/example_latest_only_with_trigger.py
[2024-09-24T15:49:53.278+0000] {logging_mixin.py:188} INFO - [2024-09-24T15:49:53.278+0000] {dag.py:3096} INFO - Sync 1 DAGs
[2024-09-24T15:49:53.303+0000] {logging_mixin.py:188} INFO - [2024-09-24T15:49:53.303+0000] {dag.py:3954} INFO - Setting next_dagrun for latest_only_with_trigger to 2024-09-24 08:00:00+00:00, run_after=2024-09-24 12:00:00+00:00
[2024-09-24T15:49:53.324+0000] {processor.py:183} INFO - Processing /home/airflow/.local/lib/python3.12/site-packages/airflow/example_dags/example_latest_only_with_trigger.py took 0.085 seconds
[2024-09-24T15:50:23.889+0000] {processor.py:161} INFO - Started process (PID=1180) to work on /home/airflow/.local/lib/python3.12/site-packages/airflow/example_dags/example_latest_only_with_trigger.py
[2024-09-24T15:50:23.890+0000] {processor.py:830} INFO - Processing file /home/airflow/.local/lib/python3.12/site-packages/airflow/example_dags/example_latest_only_with_trigger.py for tasks to queue
[2024-09-24T15:50:23.892+0000] {logging_mixin.py:188} INFO - [2024-09-24T15:50:23.892+0000] {dagbag.py:545} INFO - Filling up the DagBag from /home/airflow/.local/lib/python3.12/site-packages/airflow/example_dags/example_latest_only_with_trigger.py
[2024-09-24T15:50:23.902+0000] {processor.py:840} INFO - DAG(s) 'latest_only_with_trigger' retrieved from /home/airflow/.local/lib/python3.12/site-packages/airflow/example_dags/example_latest_only_with_trigger.py
[2024-09-24T15:50:23.930+0000] {logging_mixin.py:188} INFO - [2024-09-24T15:50:23.930+0000] {dag.py:3096} INFO - Sync 1 DAGs
[2024-09-24T15:50:23.967+0000] {logging_mixin.py:188} INFO - [2024-09-24T15:50:23.967+0000] {dag.py:3954} INFO - Setting next_dagrun for latest_only_with_trigger to 2024-09-24 08:00:00+00:00, run_after=2024-09-24 12:00:00+00:00
[2024-09-24T15:50:24.001+0000] {processor.py:183} INFO - Processing /home/airflow/.local/lib/python3.12/site-packages/airflow/example_dags/example_latest_only_with_trigger.py took 0.121 seconds
[2024-09-24T15:50:54.893+0000] {processor.py:161} INFO - Started process (PID=1239) to work on /home/airflow/.local/lib/python3.12/site-packages/airflow/example_dags/example_latest_only_with_trigger.py
[2024-09-24T15:50:54.895+0000] {processor.py:830} INFO - Processing file /home/airflow/.local/lib/python3.12/site-packages/airflow/example_dags/example_latest_only_with_trigger.py for tasks to queue
[2024-09-24T15:50:54.898+0000] {logging_mixin.py:188} INFO - [2024-09-24T15:50:54.898+0000] {dagbag.py:545} INFO - Filling up the DagBag from /home/airflow/.local/lib/python3.12/site-packages/airflow/example_dags/example_latest_only_with_trigger.py
[2024-09-24T15:50:54.909+0000] {processor.py:840} INFO - DAG(s) 'latest_only_with_trigger' retrieved from /home/airflow/.local/lib/python3.12/site-packages/airflow/example_dags/example_latest_only_with_trigger.py
[2024-09-24T15:50:54.938+0000] {logging_mixin.py:188} INFO - [2024-09-24T15:50:54.938+0000] {dag.py:3096} INFO - Sync 1 DAGs
[2024-09-24T15:50:54.964+0000] {logging_mixin.py:188} INFO - [2024-09-24T15:50:54.964+0000] {dag.py:3954} INFO - Setting next_dagrun for latest_only_with_trigger to 2024-09-24 08:00:00+00:00, run_after=2024-09-24 12:00:00+00:00
[2024-09-24T15:50:54.984+0000] {processor.py:183} INFO - Processing /home/airflow/.local/lib/python3.12/site-packages/airflow/example_dags/example_latest_only_with_trigger.py took 0.100 seconds
[2024-09-24T15:51:25.439+0000] {processor.py:161} INFO - Started process (PID=1297) to work on /home/airflow/.local/lib/python3.12/site-packages/airflow/example_dags/example_latest_only_with_trigger.py
[2024-09-24T15:51:25.440+0000] {processor.py:830} INFO - Processing file /home/airflow/.local/lib/python3.12/site-packages/airflow/example_dags/example_latest_only_with_trigger.py for tasks to queue
[2024-09-24T15:51:25.442+0000] {logging_mixin.py:188} INFO - [2024-09-24T15:51:25.441+0000] {dagbag.py:545} INFO - Filling up the DagBag from /home/airflow/.local/lib/python3.12/site-packages/airflow/example_dags/example_latest_only_with_trigger.py
[2024-09-24T15:51:25.448+0000] {processor.py:840} INFO - DAG(s) 'latest_only_with_trigger' retrieved from /home/airflow/.local/lib/python3.12/site-packages/airflow/example_dags/example_latest_only_with_trigger.py
[2024-09-24T15:51:25.474+0000] {logging_mixin.py:188} INFO - [2024-09-24T15:51:25.473+0000] {dag.py:3096} INFO - Sync 1 DAGs
[2024-09-24T15:51:25.497+0000] {logging_mixin.py:188} INFO - [2024-09-24T15:51:25.497+0000] {dag.py:3954} INFO - Setting next_dagrun for latest_only_with_trigger to 2024-09-24 08:00:00+00:00, run_after=2024-09-24 12:00:00+00:00
[2024-09-24T15:51:25.518+0000] {processor.py:183} INFO - Processing /home/airflow/.local/lib/python3.12/site-packages/airflow/example_dags/example_latest_only_with_trigger.py took 0.085 seconds
[2024-09-24T15:51:55.975+0000] {processor.py:161} INFO - Started process (PID=1355) to work on /home/airflow/.local/lib/python3.12/site-packages/airflow/example_dags/example_latest_only_with_trigger.py
[2024-09-24T15:51:55.976+0000] {processor.py:830} INFO - Processing file /home/airflow/.local/lib/python3.12/site-packages/airflow/example_dags/example_latest_only_with_trigger.py for tasks to queue
[2024-09-24T15:51:55.978+0000] {logging_mixin.py:188} INFO - [2024-09-24T15:51:55.978+0000] {dagbag.py:545} INFO - Filling up the DagBag from /home/airflow/.local/lib/python3.12/site-packages/airflow/example_dags/example_latest_only_with_trigger.py
[2024-09-24T15:51:55.984+0000] {processor.py:840} INFO - DAG(s) 'latest_only_with_trigger' retrieved from /home/airflow/.local/lib/python3.12/site-packages/airflow/example_dags/example_latest_only_with_trigger.py
[2024-09-24T15:51:56.009+0000] {logging_mixin.py:188} INFO - [2024-09-24T15:51:56.008+0000] {dag.py:3096} INFO - Sync 1 DAGs
[2024-09-24T15:51:56.033+0000] {logging_mixin.py:188} INFO - [2024-09-24T15:51:56.033+0000] {dag.py:3954} INFO - Setting next_dagrun for latest_only_with_trigger to 2024-09-24 08:00:00+00:00, run_after=2024-09-24 12:00:00+00:00
[2024-09-24T15:51:56.060+0000] {processor.py:183} INFO - Processing /home/airflow/.local/lib/python3.12/site-packages/airflow/example_dags/example_latest_only_with_trigger.py took 0.095 seconds
[2024-09-24T15:52:26.168+0000] {processor.py:161} INFO - Started process (PID=1413) to work on /home/airflow/.local/lib/python3.12/site-packages/airflow/example_dags/example_latest_only_with_trigger.py
[2024-09-24T15:52:26.169+0000] {processor.py:830} INFO - Processing file /home/airflow/.local/lib/python3.12/site-packages/airflow/example_dags/example_latest_only_with_trigger.py for tasks to queue
[2024-09-24T15:52:26.172+0000] {logging_mixin.py:188} INFO - [2024-09-24T15:52:26.171+0000] {dagbag.py:545} INFO - Filling up the DagBag from /home/airflow/.local/lib/python3.12/site-packages/airflow/example_dags/example_latest_only_with_trigger.py
[2024-09-24T15:52:26.179+0000] {processor.py:840} INFO - DAG(s) 'latest_only_with_trigger' retrieved from /home/airflow/.local/lib/python3.12/site-packages/airflow/example_dags/example_latest_only_with_trigger.py
[2024-09-24T15:52:26.202+0000] {logging_mixin.py:188} INFO - [2024-09-24T15:52:26.202+0000] {dag.py:3096} INFO - Sync 1 DAGs
[2024-09-24T15:52:26.227+0000] {logging_mixin.py:188} INFO - [2024-09-24T15:52:26.227+0000] {dag.py:3954} INFO - Setting next_dagrun for latest_only_with_trigger to 2024-09-24 08:00:00+00:00, run_after=2024-09-24 12:00:00+00:00
[2024-09-24T15:52:26.247+0000] {processor.py:183} INFO - Processing /home/airflow/.local/lib/python3.12/site-packages/airflow/example_dags/example_latest_only_with_trigger.py took 0.087 seconds
[2024-09-24T15:52:56.591+0000] {processor.py:161} INFO - Started process (PID=1471) to work on /home/airflow/.local/lib/python3.12/site-packages/airflow/example_dags/example_latest_only_with_trigger.py
[2024-09-24T15:52:56.592+0000] {processor.py:830} INFO - Processing file /home/airflow/.local/lib/python3.12/site-packages/airflow/example_dags/example_latest_only_with_trigger.py for tasks to queue
[2024-09-24T15:52:56.595+0000] {logging_mixin.py:188} INFO - [2024-09-24T15:52:56.594+0000] {dagbag.py:545} INFO - Filling up the DagBag from /home/airflow/.local/lib/python3.12/site-packages/airflow/example_dags/example_latest_only_with_trigger.py
[2024-09-24T15:52:56.601+0000] {processor.py:840} INFO - DAG(s) 'latest_only_with_trigger' retrieved from /home/airflow/.local/lib/python3.12/site-packages/airflow/example_dags/example_latest_only_with_trigger.py
[2024-09-24T15:52:56.622+0000] {logging_mixin.py:188} INFO - [2024-09-24T15:52:56.622+0000] {dag.py:3096} INFO - Sync 1 DAGs
[2024-09-24T15:52:56.646+0000] {logging_mixin.py:188} INFO - [2024-09-24T15:52:56.646+0000] {dag.py:3954} INFO - Setting next_dagrun for latest_only_with_trigger to 2024-09-24 08:00:00+00:00, run_after=2024-09-24 12:00:00+00:00
[2024-09-24T15:52:56.664+0000] {processor.py:183} INFO - Processing /home/airflow/.local/lib/python3.12/site-packages/airflow/example_dags/example_latest_only_with_trigger.py took 0.079 seconds
[2024-09-24T15:53:27.396+0000] {processor.py:161} INFO - Started process (PID=1529) to work on /home/airflow/.local/lib/python3.12/site-packages/airflow/example_dags/example_latest_only_with_trigger.py
[2024-09-24T15:53:27.398+0000] {processor.py:830} INFO - Processing file /home/airflow/.local/lib/python3.12/site-packages/airflow/example_dags/example_latest_only_with_trigger.py for tasks to queue
[2024-09-24T15:53:27.401+0000] {logging_mixin.py:188} INFO - [2024-09-24T15:53:27.401+0000] {dagbag.py:545} INFO - Filling up the DagBag from /home/airflow/.local/lib/python3.12/site-packages/airflow/example_dags/example_latest_only_with_trigger.py
[2024-09-24T15:53:27.408+0000] {processor.py:840} INFO - DAG(s) 'latest_only_with_trigger' retrieved from /home/airflow/.local/lib/python3.12/site-packages/airflow/example_dags/example_latest_only_with_trigger.py
[2024-09-24T15:53:27.432+0000] {logging_mixin.py:188} INFO - [2024-09-24T15:53:27.432+0000] {dag.py:3096} INFO - Sync 1 DAGs
[2024-09-24T15:53:27.460+0000] {logging_mixin.py:188} INFO - [2024-09-24T15:53:27.460+0000] {dag.py:3954} INFO - Setting next_dagrun for latest_only_with_trigger to 2024-09-24 08:00:00+00:00, run_after=2024-09-24 12:00:00+00:00
[2024-09-24T15:53:27.477+0000] {processor.py:183} INFO - Processing /home/airflow/.local/lib/python3.12/site-packages/airflow/example_dags/example_latest_only_with_trigger.py took 0.090 seconds
