[2024-09-24T15:40:40.419+0000] {processor.py:161} INFO - Started process (PID=58) to work on /home/airflow/.local/lib/python3.12/site-packages/airflow/example_dags/example_datasets.py
[2024-09-24T15:40:40.422+0000] {processor.py:830} INFO - Processing file /home/airflow/.local/lib/python3.12/site-packages/airflow/example_dags/example_datasets.py for tasks to queue
[2024-09-24T15:40:40.426+0000] {logging_mixin.py:188} INFO - [2024-09-24T15:40:40.425+0000] {dagbag.py:545} INFO - Filling up the DagBag from /home/airflow/.local/lib/python3.12/site-packages/airflow/example_dags/example_datasets.py
[2024-09-24T15:40:40.487+0000] {processor.py:840} INFO - DAG(s) 'consume_1_and_2_with_dataset_expressions', 'conditional_dataset_and_time_based_timetable', 'dataset_consumes_1_and_2', 'dataset_consumes_1', 'dataset_consumes_1_never_scheduled', 'consume_1_or_both_2_and_3_with_dataset_expressions', 'dataset_produces_1', 'dataset_consumes_unknown_never_scheduled', 'dataset_produces_2', 'consume_1_or_2_with_dataset_expressions' retrieved from /home/airflow/.local/lib/python3.12/site-packages/airflow/example_dags/example_datasets.py
[2024-09-24T15:40:41.100+0000] {logging_mixin.py:188} INFO - [2024-09-24T15:40:41.099+0000] {dag.py:3096} INFO - Sync 10 DAGs
[2024-09-24T15:40:41.173+0000] {logging_mixin.py:188} INFO - [2024-09-24T15:40:41.173+0000] {dag.py:3954} INFO - Setting next_dagrun for conditional_dataset_and_time_based_timetable to 2024-09-18 01:00:00+00:00, run_after=2024-09-18 01:00:00+00:00
[2024-09-24T15:40:41.182+0000] {logging_mixin.py:188} INFO - [2024-09-24T15:40:41.181+0000] {dag.py:3954} INFO - Setting next_dagrun for consume_1_and_2_with_dataset_expressions to None, run_after=None
[2024-09-24T15:40:41.186+0000] {logging_mixin.py:188} INFO - [2024-09-24T15:40:41.185+0000] {dag.py:3954} INFO - Setting next_dagrun for consume_1_or_2_with_dataset_expressions to None, run_after=None
[2024-09-24T15:40:41.193+0000] {logging_mixin.py:188} INFO - [2024-09-24T15:40:41.192+0000] {dag.py:3954} INFO - Setting next_dagrun for consume_1_or_both_2_and_3_with_dataset_expressions to None, run_after=None
[2024-09-24T15:40:41.197+0000] {logging_mixin.py:188} INFO - [2024-09-24T15:40:41.197+0000] {dag.py:3954} INFO - Setting next_dagrun for dataset_consumes_1 to None, run_after=None
[2024-09-24T15:40:41.201+0000] {logging_mixin.py:188} INFO - [2024-09-24T15:40:41.200+0000] {dag.py:3954} INFO - Setting next_dagrun for dataset_consumes_1_and_2 to None, run_after=None
[2024-09-24T15:40:41.204+0000] {logging_mixin.py:188} INFO - [2024-09-24T15:40:41.204+0000] {dag.py:3954} INFO - Setting next_dagrun for dataset_consumes_1_never_scheduled to None, run_after=None
[2024-09-24T15:40:41.210+0000] {logging_mixin.py:188} INFO - [2024-09-24T15:40:41.209+0000] {dag.py:3954} INFO - Setting next_dagrun for dataset_consumes_unknown_never_scheduled to None, run_after=None
[2024-09-24T15:40:41.217+0000] {logging_mixin.py:188} INFO - [2024-09-24T15:40:41.217+0000] {dag.py:3954} INFO - Setting next_dagrun for dataset_produces_1 to 2024-09-23 00:00:00+00:00, run_after=2024-09-24 00:00:00+00:00
[2024-09-24T15:40:41.221+0000] {logging_mixin.py:188} INFO - [2024-09-24T15:40:41.221+0000] {dag.py:3954} INFO - Setting next_dagrun for dataset_produces_2 to None, run_after=None
[2024-09-24T15:40:41.345+0000] {processor.py:183} INFO - Processing /home/airflow/.local/lib/python3.12/site-packages/airflow/example_dags/example_datasets.py took 0.962 seconds
[2024-09-24T15:41:12.364+0000] {processor.py:161} INFO - Started process (PID=117) to work on /home/airflow/.local/lib/python3.12/site-packages/airflow/example_dags/example_datasets.py
[2024-09-24T15:41:12.366+0000] {processor.py:830} INFO - Processing file /home/airflow/.local/lib/python3.12/site-packages/airflow/example_dags/example_datasets.py for tasks to queue
[2024-09-24T15:41:12.368+0000] {logging_mixin.py:188} INFO - [2024-09-24T15:41:12.367+0000] {dagbag.py:545} INFO - Filling up the DagBag from /home/airflow/.local/lib/python3.12/site-packages/airflow/example_dags/example_datasets.py
[2024-09-24T15:41:12.396+0000] {processor.py:840} INFO - DAG(s) 'dataset_produces_1', 'dataset_consumes_1_never_scheduled', 'dataset_consumes_unknown_never_scheduled', 'consume_1_and_2_with_dataset_expressions', 'conditional_dataset_and_time_based_timetable', 'dataset_consumes_1_and_2', 'consume_1_or_both_2_and_3_with_dataset_expressions', 'consume_1_or_2_with_dataset_expressions', 'dataset_produces_2', 'dataset_consumes_1' retrieved from /home/airflow/.local/lib/python3.12/site-packages/airflow/example_dags/example_datasets.py
[2024-09-24T15:41:12.484+0000] {logging_mixin.py:188} INFO - [2024-09-24T15:41:12.483+0000] {dag.py:3096} INFO - Sync 10 DAGs
[2024-09-24T15:41:12.538+0000] {logging_mixin.py:188} INFO - [2024-09-24T15:41:12.538+0000] {dag.py:3954} INFO - Setting next_dagrun for conditional_dataset_and_time_based_timetable to 2024-09-18 01:00:00+00:00, run_after=2024-09-18 01:00:00+00:00
[2024-09-24T15:41:12.543+0000] {logging_mixin.py:188} INFO - [2024-09-24T15:41:12.542+0000] {dag.py:3954} INFO - Setting next_dagrun for consume_1_and_2_with_dataset_expressions to None, run_after=None
[2024-09-24T15:41:12.545+0000] {logging_mixin.py:188} INFO - [2024-09-24T15:41:12.544+0000] {dag.py:3954} INFO - Setting next_dagrun for consume_1_or_2_with_dataset_expressions to None, run_after=None
[2024-09-24T15:41:12.546+0000] {logging_mixin.py:188} INFO - [2024-09-24T15:41:12.546+0000] {dag.py:3954} INFO - Setting next_dagrun for consume_1_or_both_2_and_3_with_dataset_expressions to None, run_after=None
[2024-09-24T15:41:12.548+0000] {logging_mixin.py:188} INFO - [2024-09-24T15:41:12.548+0000] {dag.py:3954} INFO - Setting next_dagrun for dataset_consumes_1 to None, run_after=None
[2024-09-24T15:41:12.550+0000] {logging_mixin.py:188} INFO - [2024-09-24T15:41:12.550+0000] {dag.py:3954} INFO - Setting next_dagrun for dataset_consumes_1_and_2 to None, run_after=None
[2024-09-24T15:41:12.552+0000] {logging_mixin.py:188} INFO - [2024-09-24T15:41:12.552+0000] {dag.py:3954} INFO - Setting next_dagrun for dataset_consumes_1_never_scheduled to None, run_after=None
[2024-09-24T15:41:12.554+0000] {logging_mixin.py:188} INFO - [2024-09-24T15:41:12.554+0000] {dag.py:3954} INFO - Setting next_dagrun for dataset_consumes_unknown_never_scheduled to None, run_after=None
[2024-09-24T15:41:12.557+0000] {logging_mixin.py:188} INFO - [2024-09-24T15:41:12.557+0000] {dag.py:3954} INFO - Setting next_dagrun for dataset_produces_1 to 2024-09-23 00:00:00+00:00, run_after=2024-09-24 00:00:00+00:00
[2024-09-24T15:41:12.559+0000] {logging_mixin.py:188} INFO - [2024-09-24T15:41:12.559+0000] {dag.py:3954} INFO - Setting next_dagrun for dataset_produces_2 to None, run_after=None
[2024-09-24T15:41:12.603+0000] {processor.py:183} INFO - Processing /home/airflow/.local/lib/python3.12/site-packages/airflow/example_dags/example_datasets.py took 0.245 seconds
[2024-09-24T15:41:42.707+0000] {processor.py:161} INFO - Started process (PID=175) to work on /home/airflow/.local/lib/python3.12/site-packages/airflow/example_dags/example_datasets.py
[2024-09-24T15:41:42.708+0000] {processor.py:830} INFO - Processing file /home/airflow/.local/lib/python3.12/site-packages/airflow/example_dags/example_datasets.py for tasks to queue
[2024-09-24T15:41:42.711+0000] {logging_mixin.py:188} INFO - [2024-09-24T15:41:42.710+0000] {dagbag.py:545} INFO - Filling up the DagBag from /home/airflow/.local/lib/python3.12/site-packages/airflow/example_dags/example_datasets.py
[2024-09-24T15:41:42.727+0000] {processor.py:840} INFO - DAG(s) 'dataset_consumes_1', 'dataset_consumes_unknown_never_scheduled', 'dataset_produces_2', 'conditional_dataset_and_time_based_timetable', 'dataset_consumes_1_never_scheduled', 'dataset_consumes_1_and_2', 'dataset_produces_1', 'consume_1_or_both_2_and_3_with_dataset_expressions', 'consume_1_or_2_with_dataset_expressions', 'consume_1_and_2_with_dataset_expressions' retrieved from /home/airflow/.local/lib/python3.12/site-packages/airflow/example_dags/example_datasets.py
[2024-09-24T15:41:42.782+0000] {logging_mixin.py:188} INFO - [2024-09-24T15:41:42.782+0000] {dag.py:3096} INFO - Sync 10 DAGs
[2024-09-24T15:41:42.811+0000] {logging_mixin.py:188} INFO - [2024-09-24T15:41:42.811+0000] {dag.py:3954} INFO - Setting next_dagrun for conditional_dataset_and_time_based_timetable to 2024-09-18 01:00:00+00:00, run_after=2024-09-18 01:00:00+00:00
[2024-09-24T15:41:42.816+0000] {logging_mixin.py:188} INFO - [2024-09-24T15:41:42.815+0000] {dag.py:3954} INFO - Setting next_dagrun for consume_1_and_2_with_dataset_expressions to None, run_after=None
[2024-09-24T15:41:42.818+0000] {logging_mixin.py:188} INFO - [2024-09-24T15:41:42.817+0000] {dag.py:3954} INFO - Setting next_dagrun for consume_1_or_2_with_dataset_expressions to None, run_after=None
[2024-09-24T15:41:42.819+0000] {logging_mixin.py:188} INFO - [2024-09-24T15:41:42.819+0000] {dag.py:3954} INFO - Setting next_dagrun for consume_1_or_both_2_and_3_with_dataset_expressions to None, run_after=None
[2024-09-24T15:41:42.821+0000] {logging_mixin.py:188} INFO - [2024-09-24T15:41:42.821+0000] {dag.py:3954} INFO - Setting next_dagrun for dataset_consumes_1 to None, run_after=None
[2024-09-24T15:41:42.822+0000] {logging_mixin.py:188} INFO - [2024-09-24T15:41:42.822+0000] {dag.py:3954} INFO - Setting next_dagrun for dataset_consumes_1_and_2 to None, run_after=None
[2024-09-24T15:41:42.824+0000] {logging_mixin.py:188} INFO - [2024-09-24T15:41:42.824+0000] {dag.py:3954} INFO - Setting next_dagrun for dataset_consumes_1_never_scheduled to None, run_after=None
[2024-09-24T15:41:42.825+0000] {logging_mixin.py:188} INFO - [2024-09-24T15:41:42.825+0000] {dag.py:3954} INFO - Setting next_dagrun for dataset_consumes_unknown_never_scheduled to None, run_after=None
[2024-09-24T15:41:42.828+0000] {logging_mixin.py:188} INFO - [2024-09-24T15:41:42.828+0000] {dag.py:3954} INFO - Setting next_dagrun for dataset_produces_1 to 2024-09-23 00:00:00+00:00, run_after=2024-09-24 00:00:00+00:00
[2024-09-24T15:41:42.830+0000] {logging_mixin.py:188} INFO - [2024-09-24T15:41:42.829+0000] {dag.py:3954} INFO - Setting next_dagrun for dataset_produces_2 to None, run_after=None
[2024-09-24T15:41:42.864+0000] {processor.py:183} INFO - Processing /home/airflow/.local/lib/python3.12/site-packages/airflow/example_dags/example_datasets.py took 0.164 seconds
[2024-09-24T15:42:13.200+0000] {processor.py:161} INFO - Started process (PID=233) to work on /home/airflow/.local/lib/python3.12/site-packages/airflow/example_dags/example_datasets.py
[2024-09-24T15:42:13.201+0000] {processor.py:830} INFO - Processing file /home/airflow/.local/lib/python3.12/site-packages/airflow/example_dags/example_datasets.py for tasks to queue
[2024-09-24T15:42:13.203+0000] {logging_mixin.py:188} INFO - [2024-09-24T15:42:13.203+0000] {dagbag.py:545} INFO - Filling up the DagBag from /home/airflow/.local/lib/python3.12/site-packages/airflow/example_dags/example_datasets.py
[2024-09-24T15:42:13.218+0000] {processor.py:840} INFO - DAG(s) 'dataset_consumes_unknown_never_scheduled', 'dataset_produces_2', 'dataset_produces_1', 'dataset_consumes_1_and_2', 'consume_1_and_2_with_dataset_expressions', 'consume_1_or_both_2_and_3_with_dataset_expressions', 'dataset_consumes_1_never_scheduled', 'consume_1_or_2_with_dataset_expressions', 'dataset_consumes_1', 'conditional_dataset_and_time_based_timetable' retrieved from /home/airflow/.local/lib/python3.12/site-packages/airflow/example_dags/example_datasets.py
[2024-09-24T15:42:13.268+0000] {logging_mixin.py:188} INFO - [2024-09-24T15:42:13.267+0000] {dag.py:3096} INFO - Sync 10 DAGs
[2024-09-24T15:42:13.296+0000] {logging_mixin.py:188} INFO - [2024-09-24T15:42:13.296+0000] {dag.py:3954} INFO - Setting next_dagrun for conditional_dataset_and_time_based_timetable to 2024-09-18 01:00:00+00:00, run_after=2024-09-18 01:00:00+00:00
[2024-09-24T15:42:13.301+0000] {logging_mixin.py:188} INFO - [2024-09-24T15:42:13.301+0000] {dag.py:3954} INFO - Setting next_dagrun for consume_1_and_2_with_dataset_expressions to None, run_after=None
[2024-09-24T15:42:13.303+0000] {logging_mixin.py:188} INFO - [2024-09-24T15:42:13.303+0000] {dag.py:3954} INFO - Setting next_dagrun for consume_1_or_2_with_dataset_expressions to None, run_after=None
[2024-09-24T15:42:13.304+0000] {logging_mixin.py:188} INFO - [2024-09-24T15:42:13.304+0000] {dag.py:3954} INFO - Setting next_dagrun for consume_1_or_both_2_and_3_with_dataset_expressions to None, run_after=None
[2024-09-24T15:42:13.306+0000] {logging_mixin.py:188} INFO - [2024-09-24T15:42:13.306+0000] {dag.py:3954} INFO - Setting next_dagrun for dataset_consumes_1 to None, run_after=None
[2024-09-24T15:42:13.307+0000] {logging_mixin.py:188} INFO - [2024-09-24T15:42:13.307+0000] {dag.py:3954} INFO - Setting next_dagrun for dataset_consumes_1_and_2 to None, run_after=None
[2024-09-24T15:42:13.309+0000] {logging_mixin.py:188} INFO - [2024-09-24T15:42:13.309+0000] {dag.py:3954} INFO - Setting next_dagrun for dataset_consumes_1_never_scheduled to None, run_after=None
[2024-09-24T15:42:13.310+0000] {logging_mixin.py:188} INFO - [2024-09-24T15:42:13.310+0000] {dag.py:3954} INFO - Setting next_dagrun for dataset_consumes_unknown_never_scheduled to None, run_after=None
[2024-09-24T15:42:13.313+0000] {logging_mixin.py:188} INFO - [2024-09-24T15:42:13.312+0000] {dag.py:3954} INFO - Setting next_dagrun for dataset_produces_1 to 2024-09-23 00:00:00+00:00, run_after=2024-09-24 00:00:00+00:00
[2024-09-24T15:42:13.314+0000] {logging_mixin.py:188} INFO - [2024-09-24T15:42:13.314+0000] {dag.py:3954} INFO - Setting next_dagrun for dataset_produces_2 to None, run_after=None
[2024-09-24T15:42:13.358+0000] {processor.py:183} INFO - Processing /home/airflow/.local/lib/python3.12/site-packages/airflow/example_dags/example_datasets.py took 0.165 seconds
[2024-09-24T15:42:43.537+0000] {processor.py:161} INFO - Started process (PID=291) to work on /home/airflow/.local/lib/python3.12/site-packages/airflow/example_dags/example_datasets.py
[2024-09-24T15:42:43.539+0000] {processor.py:830} INFO - Processing file /home/airflow/.local/lib/python3.12/site-packages/airflow/example_dags/example_datasets.py for tasks to queue
[2024-09-24T15:42:43.541+0000] {logging_mixin.py:188} INFO - [2024-09-24T15:42:43.541+0000] {dagbag.py:545} INFO - Filling up the DagBag from /home/airflow/.local/lib/python3.12/site-packages/airflow/example_dags/example_datasets.py
[2024-09-24T15:42:43.559+0000] {processor.py:840} INFO - DAG(s) 'dataset_consumes_1', 'dataset_consumes_unknown_never_scheduled', 'dataset_consumes_1_never_scheduled', 'conditional_dataset_and_time_based_timetable', 'consume_1_and_2_with_dataset_expressions', 'dataset_produces_1', 'consume_1_or_both_2_and_3_with_dataset_expressions', 'consume_1_or_2_with_dataset_expressions', 'dataset_produces_2', 'dataset_consumes_1_and_2' retrieved from /home/airflow/.local/lib/python3.12/site-packages/airflow/example_dags/example_datasets.py
[2024-09-24T15:42:43.618+0000] {logging_mixin.py:188} INFO - [2024-09-24T15:42:43.618+0000] {dag.py:3096} INFO - Sync 10 DAGs
[2024-09-24T15:42:43.648+0000] {logging_mixin.py:188} INFO - [2024-09-24T15:42:43.648+0000] {dag.py:3954} INFO - Setting next_dagrun for conditional_dataset_and_time_based_timetable to 2024-09-18 01:00:00+00:00, run_after=2024-09-18 01:00:00+00:00
[2024-09-24T15:42:43.655+0000] {logging_mixin.py:188} INFO - [2024-09-24T15:42:43.655+0000] {dag.py:3954} INFO - Setting next_dagrun for consume_1_and_2_with_dataset_expressions to None, run_after=None
[2024-09-24T15:42:43.657+0000] {logging_mixin.py:188} INFO - [2024-09-24T15:42:43.657+0000] {dag.py:3954} INFO - Setting next_dagrun for consume_1_or_2_with_dataset_expressions to None, run_after=None
[2024-09-24T15:42:43.659+0000] {logging_mixin.py:188} INFO - [2024-09-24T15:42:43.658+0000] {dag.py:3954} INFO - Setting next_dagrun for consume_1_or_both_2_and_3_with_dataset_expressions to None, run_after=None
[2024-09-24T15:42:43.660+0000] {logging_mixin.py:188} INFO - [2024-09-24T15:42:43.660+0000] {dag.py:3954} INFO - Setting next_dagrun for dataset_consumes_1 to None, run_after=None
[2024-09-24T15:42:43.662+0000] {logging_mixin.py:188} INFO - [2024-09-24T15:42:43.662+0000] {dag.py:3954} INFO - Setting next_dagrun for dataset_consumes_1_and_2 to None, run_after=None
[2024-09-24T15:42:43.664+0000] {logging_mixin.py:188} INFO - [2024-09-24T15:42:43.664+0000] {dag.py:3954} INFO - Setting next_dagrun for dataset_consumes_1_never_scheduled to None, run_after=None
[2024-09-24T15:42:43.666+0000] {logging_mixin.py:188} INFO - [2024-09-24T15:42:43.665+0000] {dag.py:3954} INFO - Setting next_dagrun for dataset_consumes_unknown_never_scheduled to None, run_after=None
[2024-09-24T15:42:43.669+0000] {logging_mixin.py:188} INFO - [2024-09-24T15:42:43.669+0000] {dag.py:3954} INFO - Setting next_dagrun for dataset_produces_1 to 2024-09-23 00:00:00+00:00, run_after=2024-09-24 00:00:00+00:00
[2024-09-24T15:42:43.671+0000] {logging_mixin.py:188} INFO - [2024-09-24T15:42:43.670+0000] {dag.py:3954} INFO - Setting next_dagrun for dataset_produces_2 to None, run_after=None
[2024-09-24T15:42:43.704+0000] {processor.py:183} INFO - Processing /home/airflow/.local/lib/python3.12/site-packages/airflow/example_dags/example_datasets.py took 0.176 seconds
[2024-09-24T15:43:14.089+0000] {processor.py:161} INFO - Started process (PID=349) to work on /home/airflow/.local/lib/python3.12/site-packages/airflow/example_dags/example_datasets.py
[2024-09-24T15:43:14.091+0000] {processor.py:830} INFO - Processing file /home/airflow/.local/lib/python3.12/site-packages/airflow/example_dags/example_datasets.py for tasks to queue
[2024-09-24T15:43:14.096+0000] {logging_mixin.py:188} INFO - [2024-09-24T15:43:14.095+0000] {dagbag.py:545} INFO - Filling up the DagBag from /home/airflow/.local/lib/python3.12/site-packages/airflow/example_dags/example_datasets.py
[2024-09-24T15:43:14.122+0000] {processor.py:840} INFO - DAG(s) 'dataset_produces_2', 'dataset_consumes_1', 'dataset_consumes_1_never_scheduled', 'consume_1_and_2_with_dataset_expressions', 'dataset_consumes_unknown_never_scheduled', 'consume_1_or_both_2_and_3_with_dataset_expressions', 'conditional_dataset_and_time_based_timetable', 'consume_1_or_2_with_dataset_expressions', 'dataset_produces_1', 'dataset_consumes_1_and_2' retrieved from /home/airflow/.local/lib/python3.12/site-packages/airflow/example_dags/example_datasets.py
[2024-09-24T15:43:14.204+0000] {logging_mixin.py:188} INFO - [2024-09-24T15:43:14.204+0000] {dag.py:3096} INFO - Sync 10 DAGs
[2024-09-24T15:43:14.246+0000] {logging_mixin.py:188} INFO - [2024-09-24T15:43:14.245+0000] {dag.py:3954} INFO - Setting next_dagrun for conditional_dataset_and_time_based_timetable to 2024-09-18 01:00:00+00:00, run_after=2024-09-18 01:00:00+00:00
[2024-09-24T15:43:14.254+0000] {logging_mixin.py:188} INFO - [2024-09-24T15:43:14.253+0000] {dag.py:3954} INFO - Setting next_dagrun for consume_1_and_2_with_dataset_expressions to None, run_after=None
[2024-09-24T15:43:14.256+0000] {logging_mixin.py:188} INFO - [2024-09-24T15:43:14.256+0000] {dag.py:3954} INFO - Setting next_dagrun for consume_1_or_2_with_dataset_expressions to None, run_after=None
[2024-09-24T15:43:14.258+0000] {logging_mixin.py:188} INFO - [2024-09-24T15:43:14.258+0000] {dag.py:3954} INFO - Setting next_dagrun for consume_1_or_both_2_and_3_with_dataset_expressions to None, run_after=None
[2024-09-24T15:43:14.261+0000] {logging_mixin.py:188} INFO - [2024-09-24T15:43:14.260+0000] {dag.py:3954} INFO - Setting next_dagrun for dataset_consumes_1 to None, run_after=None
[2024-09-24T15:43:14.264+0000] {logging_mixin.py:188} INFO - [2024-09-24T15:43:14.263+0000] {dag.py:3954} INFO - Setting next_dagrun for dataset_consumes_1_and_2 to None, run_after=None
[2024-09-24T15:43:14.268+0000] {logging_mixin.py:188} INFO - [2024-09-24T15:43:14.268+0000] {dag.py:3954} INFO - Setting next_dagrun for dataset_consumes_1_never_scheduled to None, run_after=None
[2024-09-24T15:43:14.270+0000] {logging_mixin.py:188} INFO - [2024-09-24T15:43:14.270+0000] {dag.py:3954} INFO - Setting next_dagrun for dataset_consumes_unknown_never_scheduled to None, run_after=None
[2024-09-24T15:43:14.274+0000] {logging_mixin.py:188} INFO - [2024-09-24T15:43:14.274+0000] {dag.py:3954} INFO - Setting next_dagrun for dataset_produces_1 to 2024-09-23 00:00:00+00:00, run_after=2024-09-24 00:00:00+00:00
[2024-09-24T15:43:14.276+0000] {logging_mixin.py:188} INFO - [2024-09-24T15:43:14.276+0000] {dag.py:3954} INFO - Setting next_dagrun for dataset_produces_2 to None, run_after=None
[2024-09-24T15:43:14.335+0000] {processor.py:183} INFO - Processing /home/airflow/.local/lib/python3.12/site-packages/airflow/example_dags/example_datasets.py took 0.256 seconds
[2024-09-24T15:43:44.411+0000] {processor.py:161} INFO - Started process (PID=407) to work on /home/airflow/.local/lib/python3.12/site-packages/airflow/example_dags/example_datasets.py
[2024-09-24T15:43:44.412+0000] {processor.py:830} INFO - Processing file /home/airflow/.local/lib/python3.12/site-packages/airflow/example_dags/example_datasets.py for tasks to queue
[2024-09-24T15:43:44.414+0000] {logging_mixin.py:188} INFO - [2024-09-24T15:43:44.414+0000] {dagbag.py:545} INFO - Filling up the DagBag from /home/airflow/.local/lib/python3.12/site-packages/airflow/example_dags/example_datasets.py
[2024-09-24T15:43:44.430+0000] {processor.py:840} INFO - DAG(s) 'consume_1_or_both_2_and_3_with_dataset_expressions', 'consume_1_or_2_with_dataset_expressions', 'dataset_consumes_1_never_scheduled', 'conditional_dataset_and_time_based_timetable', 'dataset_consumes_1', 'consume_1_and_2_with_dataset_expressions', 'dataset_produces_2', 'dataset_consumes_1_and_2', 'dataset_produces_1', 'dataset_consumes_unknown_never_scheduled' retrieved from /home/airflow/.local/lib/python3.12/site-packages/airflow/example_dags/example_datasets.py
[2024-09-24T15:43:44.490+0000] {logging_mixin.py:188} INFO - [2024-09-24T15:43:44.490+0000] {dag.py:3096} INFO - Sync 10 DAGs
[2024-09-24T15:43:44.527+0000] {logging_mixin.py:188} INFO - [2024-09-24T15:43:44.526+0000] {dag.py:3954} INFO - Setting next_dagrun for conditional_dataset_and_time_based_timetable to 2024-09-18 01:00:00+00:00, run_after=2024-09-18 01:00:00+00:00
[2024-09-24T15:43:44.533+0000] {logging_mixin.py:188} INFO - [2024-09-24T15:43:44.533+0000] {dag.py:3954} INFO - Setting next_dagrun for consume_1_and_2_with_dataset_expressions to None, run_after=None
[2024-09-24T15:43:44.535+0000] {logging_mixin.py:188} INFO - [2024-09-24T15:43:44.535+0000] {dag.py:3954} INFO - Setting next_dagrun for consume_1_or_2_with_dataset_expressions to None, run_after=None
[2024-09-24T15:43:44.537+0000] {logging_mixin.py:188} INFO - [2024-09-24T15:43:44.537+0000] {dag.py:3954} INFO - Setting next_dagrun for consume_1_or_both_2_and_3_with_dataset_expressions to None, run_after=None
[2024-09-24T15:43:44.539+0000] {logging_mixin.py:188} INFO - [2024-09-24T15:43:44.539+0000] {dag.py:3954} INFO - Setting next_dagrun for dataset_consumes_1 to None, run_after=None
[2024-09-24T15:43:44.541+0000] {logging_mixin.py:188} INFO - [2024-09-24T15:43:44.541+0000] {dag.py:3954} INFO - Setting next_dagrun for dataset_consumes_1_and_2 to None, run_after=None
[2024-09-24T15:43:44.543+0000] {logging_mixin.py:188} INFO - [2024-09-24T15:43:44.543+0000] {dag.py:3954} INFO - Setting next_dagrun for dataset_consumes_1_never_scheduled to None, run_after=None
[2024-09-24T15:43:44.545+0000] {logging_mixin.py:188} INFO - [2024-09-24T15:43:44.544+0000] {dag.py:3954} INFO - Setting next_dagrun for dataset_consumes_unknown_never_scheduled to None, run_after=None
[2024-09-24T15:43:44.548+0000] {logging_mixin.py:188} INFO - [2024-09-24T15:43:44.548+0000] {dag.py:3954} INFO - Setting next_dagrun for dataset_produces_1 to 2024-09-23 00:00:00+00:00, run_after=2024-09-24 00:00:00+00:00
[2024-09-24T15:43:44.550+0000] {logging_mixin.py:188} INFO - [2024-09-24T15:43:44.549+0000] {dag.py:3954} INFO - Setting next_dagrun for dataset_produces_2 to None, run_after=None
[2024-09-24T15:43:44.590+0000] {processor.py:183} INFO - Processing /home/airflow/.local/lib/python3.12/site-packages/airflow/example_dags/example_datasets.py took 0.186 seconds
[2024-09-24T15:44:14.982+0000] {processor.py:161} INFO - Started process (PID=465) to work on /home/airflow/.local/lib/python3.12/site-packages/airflow/example_dags/example_datasets.py
[2024-09-24T15:44:14.983+0000] {processor.py:830} INFO - Processing file /home/airflow/.local/lib/python3.12/site-packages/airflow/example_dags/example_datasets.py for tasks to queue
[2024-09-24T15:44:14.986+0000] {logging_mixin.py:188} INFO - [2024-09-24T15:44:14.985+0000] {dagbag.py:545} INFO - Filling up the DagBag from /home/airflow/.local/lib/python3.12/site-packages/airflow/example_dags/example_datasets.py
[2024-09-24T15:44:15.005+0000] {processor.py:840} INFO - DAG(s) 'consume_1_and_2_with_dataset_expressions', 'conditional_dataset_and_time_based_timetable', 'dataset_consumes_1_never_scheduled', 'consume_1_or_both_2_and_3_with_dataset_expressions', 'dataset_consumes_unknown_never_scheduled', 'dataset_consumes_1', 'dataset_consumes_1_and_2', 'dataset_produces_2', 'consume_1_or_2_with_dataset_expressions', 'dataset_produces_1' retrieved from /home/airflow/.local/lib/python3.12/site-packages/airflow/example_dags/example_datasets.py
[2024-09-24T15:44:15.073+0000] {logging_mixin.py:188} INFO - [2024-09-24T15:44:15.073+0000] {dag.py:3096} INFO - Sync 10 DAGs
[2024-09-24T15:44:15.108+0000] {logging_mixin.py:188} INFO - [2024-09-24T15:44:15.108+0000] {dag.py:3954} INFO - Setting next_dagrun for conditional_dataset_and_time_based_timetable to 2024-09-18 01:00:00+00:00, run_after=2024-09-18 01:00:00+00:00
[2024-09-24T15:44:15.114+0000] {logging_mixin.py:188} INFO - [2024-09-24T15:44:15.114+0000] {dag.py:3954} INFO - Setting next_dagrun for consume_1_and_2_with_dataset_expressions to None, run_after=None
[2024-09-24T15:44:15.117+0000] {logging_mixin.py:188} INFO - [2024-09-24T15:44:15.116+0000] {dag.py:3954} INFO - Setting next_dagrun for consume_1_or_2_with_dataset_expressions to None, run_after=None
[2024-09-24T15:44:15.120+0000] {logging_mixin.py:188} INFO - [2024-09-24T15:44:15.119+0000] {dag.py:3954} INFO - Setting next_dagrun for consume_1_or_both_2_and_3_with_dataset_expressions to None, run_after=None
[2024-09-24T15:44:15.122+0000] {logging_mixin.py:188} INFO - [2024-09-24T15:44:15.122+0000] {dag.py:3954} INFO - Setting next_dagrun for dataset_consumes_1 to None, run_after=None
[2024-09-24T15:44:15.123+0000] {logging_mixin.py:188} INFO - [2024-09-24T15:44:15.123+0000] {dag.py:3954} INFO - Setting next_dagrun for dataset_consumes_1_and_2 to None, run_after=None
[2024-09-24T15:44:15.125+0000] {logging_mixin.py:188} INFO - [2024-09-24T15:44:15.125+0000] {dag.py:3954} INFO - Setting next_dagrun for dataset_consumes_1_never_scheduled to None, run_after=None
[2024-09-24T15:44:15.126+0000] {logging_mixin.py:188} INFO - [2024-09-24T15:44:15.126+0000] {dag.py:3954} INFO - Setting next_dagrun for dataset_consumes_unknown_never_scheduled to None, run_after=None
[2024-09-24T15:44:15.130+0000] {logging_mixin.py:188} INFO - [2024-09-24T15:44:15.130+0000] {dag.py:3954} INFO - Setting next_dagrun for dataset_produces_1 to 2024-09-23 00:00:00+00:00, run_after=2024-09-24 00:00:00+00:00
[2024-09-24T15:44:15.133+0000] {logging_mixin.py:188} INFO - [2024-09-24T15:44:15.133+0000] {dag.py:3954} INFO - Setting next_dagrun for dataset_produces_2 to None, run_after=None
[2024-09-24T15:44:15.194+0000] {processor.py:183} INFO - Processing /home/airflow/.local/lib/python3.12/site-packages/airflow/example_dags/example_datasets.py took 0.219 seconds
[2024-09-24T15:44:45.260+0000] {processor.py:161} INFO - Started process (PID=523) to work on /home/airflow/.local/lib/python3.12/site-packages/airflow/example_dags/example_datasets.py
[2024-09-24T15:44:45.262+0000] {processor.py:830} INFO - Processing file /home/airflow/.local/lib/python3.12/site-packages/airflow/example_dags/example_datasets.py for tasks to queue
[2024-09-24T15:44:45.264+0000] {logging_mixin.py:188} INFO - [2024-09-24T15:44:45.263+0000] {dagbag.py:545} INFO - Filling up the DagBag from /home/airflow/.local/lib/python3.12/site-packages/airflow/example_dags/example_datasets.py
[2024-09-24T15:44:45.286+0000] {processor.py:840} INFO - DAG(s) 'dataset_produces_1', 'dataset_consumes_1_and_2', 'consume_1_and_2_with_dataset_expressions', 'dataset_consumes_1_never_scheduled', 'conditional_dataset_and_time_based_timetable', 'consume_1_or_2_with_dataset_expressions', 'dataset_consumes_unknown_never_scheduled', 'dataset_consumes_1', 'dataset_produces_2', 'consume_1_or_both_2_and_3_with_dataset_expressions' retrieved from /home/airflow/.local/lib/python3.12/site-packages/airflow/example_dags/example_datasets.py
[2024-09-24T15:44:45.367+0000] {logging_mixin.py:188} INFO - [2024-09-24T15:44:45.367+0000] {dag.py:3096} INFO - Sync 10 DAGs
[2024-09-24T15:44:45.403+0000] {logging_mixin.py:188} INFO - [2024-09-24T15:44:45.403+0000] {dag.py:3954} INFO - Setting next_dagrun for conditional_dataset_and_time_based_timetable to 2024-09-18 01:00:00+00:00, run_after=2024-09-18 01:00:00+00:00
[2024-09-24T15:44:45.408+0000] {logging_mixin.py:188} INFO - [2024-09-24T15:44:45.408+0000] {dag.py:3954} INFO - Setting next_dagrun for consume_1_and_2_with_dataset_expressions to None, run_after=None
[2024-09-24T15:44:45.409+0000] {logging_mixin.py:188} INFO - [2024-09-24T15:44:45.409+0000] {dag.py:3954} INFO - Setting next_dagrun for consume_1_or_2_with_dataset_expressions to None, run_after=None
[2024-09-24T15:44:45.411+0000] {logging_mixin.py:188} INFO - [2024-09-24T15:44:45.411+0000] {dag.py:3954} INFO - Setting next_dagrun for consume_1_or_both_2_and_3_with_dataset_expressions to None, run_after=None
[2024-09-24T15:44:45.413+0000] {logging_mixin.py:188} INFO - [2024-09-24T15:44:45.413+0000] {dag.py:3954} INFO - Setting next_dagrun for dataset_consumes_1 to None, run_after=None
[2024-09-24T15:44:45.415+0000] {logging_mixin.py:188} INFO - [2024-09-24T15:44:45.415+0000] {dag.py:3954} INFO - Setting next_dagrun for dataset_consumes_1_and_2 to None, run_after=None
[2024-09-24T15:44:45.417+0000] {logging_mixin.py:188} INFO - [2024-09-24T15:44:45.416+0000] {dag.py:3954} INFO - Setting next_dagrun for dataset_consumes_1_never_scheduled to None, run_after=None
[2024-09-24T15:44:45.418+0000] {logging_mixin.py:188} INFO - [2024-09-24T15:44:45.418+0000] {dag.py:3954} INFO - Setting next_dagrun for dataset_consumes_unknown_never_scheduled to None, run_after=None
[2024-09-24T15:44:45.421+0000] {logging_mixin.py:188} INFO - [2024-09-24T15:44:45.421+0000] {dag.py:3954} INFO - Setting next_dagrun for dataset_produces_1 to 2024-09-23 00:00:00+00:00, run_after=2024-09-24 00:00:00+00:00
[2024-09-24T15:44:45.423+0000] {logging_mixin.py:188} INFO - [2024-09-24T15:44:45.422+0000] {dag.py:3954} INFO - Setting next_dagrun for dataset_produces_2 to None, run_after=None
[2024-09-24T15:44:45.460+0000] {processor.py:183} INFO - Processing /home/airflow/.local/lib/python3.12/site-packages/airflow/example_dags/example_datasets.py took 0.208 seconds
[2024-09-24T15:45:15.529+0000] {processor.py:161} INFO - Started process (PID=581) to work on /home/airflow/.local/lib/python3.12/site-packages/airflow/example_dags/example_datasets.py
[2024-09-24T15:45:15.531+0000] {processor.py:830} INFO - Processing file /home/airflow/.local/lib/python3.12/site-packages/airflow/example_dags/example_datasets.py for tasks to queue
[2024-09-24T15:45:15.533+0000] {logging_mixin.py:188} INFO - [2024-09-24T15:45:15.533+0000] {dagbag.py:545} INFO - Filling up the DagBag from /home/airflow/.local/lib/python3.12/site-packages/airflow/example_dags/example_datasets.py
[2024-09-24T15:45:15.552+0000] {processor.py:840} INFO - DAG(s) 'dataset_produces_2', 'dataset_consumes_1', 'dataset_produces_1', 'dataset_consumes_1_never_scheduled', 'conditional_dataset_and_time_based_timetable', 'dataset_consumes_unknown_never_scheduled', 'consume_1_or_both_2_and_3_with_dataset_expressions', 'consume_1_and_2_with_dataset_expressions', 'dataset_consumes_1_and_2', 'consume_1_or_2_with_dataset_expressions' retrieved from /home/airflow/.local/lib/python3.12/site-packages/airflow/example_dags/example_datasets.py
[2024-09-24T15:45:15.610+0000] {logging_mixin.py:188} INFO - [2024-09-24T15:45:15.610+0000] {dag.py:3096} INFO - Sync 10 DAGs
[2024-09-24T15:45:15.639+0000] {logging_mixin.py:188} INFO - [2024-09-24T15:45:15.639+0000] {dag.py:3954} INFO - Setting next_dagrun for conditional_dataset_and_time_based_timetable to 2024-09-18 01:00:00+00:00, run_after=2024-09-18 01:00:00+00:00
[2024-09-24T15:45:15.643+0000] {logging_mixin.py:188} INFO - [2024-09-24T15:45:15.643+0000] {dag.py:3954} INFO - Setting next_dagrun for consume_1_and_2_with_dataset_expressions to None, run_after=None
[2024-09-24T15:45:15.646+0000] {logging_mixin.py:188} INFO - [2024-09-24T15:45:15.645+0000] {dag.py:3954} INFO - Setting next_dagrun for consume_1_or_2_with_dataset_expressions to None, run_after=None
[2024-09-24T15:45:15.647+0000] {logging_mixin.py:188} INFO - [2024-09-24T15:45:15.647+0000] {dag.py:3954} INFO - Setting next_dagrun for consume_1_or_both_2_and_3_with_dataset_expressions to None, run_after=None
[2024-09-24T15:45:15.649+0000] {logging_mixin.py:188} INFO - [2024-09-24T15:45:15.649+0000] {dag.py:3954} INFO - Setting next_dagrun for dataset_consumes_1 to None, run_after=None
[2024-09-24T15:45:15.651+0000] {logging_mixin.py:188} INFO - [2024-09-24T15:45:15.651+0000] {dag.py:3954} INFO - Setting next_dagrun for dataset_consumes_1_and_2 to None, run_after=None
[2024-09-24T15:45:15.653+0000] {logging_mixin.py:188} INFO - [2024-09-24T15:45:15.652+0000] {dag.py:3954} INFO - Setting next_dagrun for dataset_consumes_1_never_scheduled to None, run_after=None
[2024-09-24T15:45:15.654+0000] {logging_mixin.py:188} INFO - [2024-09-24T15:45:15.654+0000] {dag.py:3954} INFO - Setting next_dagrun for dataset_consumes_unknown_never_scheduled to None, run_after=None
[2024-09-24T15:45:15.657+0000] {logging_mixin.py:188} INFO - [2024-09-24T15:45:15.657+0000] {dag.py:3954} INFO - Setting next_dagrun for dataset_produces_1 to 2024-09-23 00:00:00+00:00, run_after=2024-09-24 00:00:00+00:00
[2024-09-24T15:45:15.658+0000] {logging_mixin.py:188} INFO - [2024-09-24T15:45:15.658+0000] {dag.py:3954} INFO - Setting next_dagrun for dataset_produces_2 to None, run_after=None
[2024-09-24T15:45:15.696+0000] {processor.py:183} INFO - Processing /home/airflow/.local/lib/python3.12/site-packages/airflow/example_dags/example_datasets.py took 0.174 seconds
[2024-09-24T15:45:45.856+0000] {processor.py:161} INFO - Started process (PID=639) to work on /home/airflow/.local/lib/python3.12/site-packages/airflow/example_dags/example_datasets.py
[2024-09-24T15:45:45.858+0000] {processor.py:830} INFO - Processing file /home/airflow/.local/lib/python3.12/site-packages/airflow/example_dags/example_datasets.py for tasks to queue
[2024-09-24T15:45:45.860+0000] {logging_mixin.py:188} INFO - [2024-09-24T15:45:45.860+0000] {dagbag.py:545} INFO - Filling up the DagBag from /home/airflow/.local/lib/python3.12/site-packages/airflow/example_dags/example_datasets.py
[2024-09-24T15:45:45.888+0000] {processor.py:840} INFO - DAG(s) 'dataset_consumes_unknown_never_scheduled', 'dataset_produces_1', 'dataset_consumes_1_and_2', 'consume_1_and_2_with_dataset_expressions', 'dataset_produces_2', 'consume_1_or_both_2_and_3_with_dataset_expressions', 'consume_1_or_2_with_dataset_expressions', 'dataset_consumes_1', 'dataset_consumes_1_never_scheduled', 'conditional_dataset_and_time_based_timetable' retrieved from /home/airflow/.local/lib/python3.12/site-packages/airflow/example_dags/example_datasets.py
[2024-09-24T15:45:45.964+0000] {logging_mixin.py:188} INFO - [2024-09-24T15:45:45.964+0000] {dag.py:3096} INFO - Sync 10 DAGs
[2024-09-24T15:45:46.003+0000] {logging_mixin.py:188} INFO - [2024-09-24T15:45:46.002+0000] {dag.py:3954} INFO - Setting next_dagrun for conditional_dataset_and_time_based_timetable to 2024-09-18 01:00:00+00:00, run_after=2024-09-18 01:00:00+00:00
[2024-09-24T15:45:46.010+0000] {logging_mixin.py:188} INFO - [2024-09-24T15:45:46.009+0000] {dag.py:3954} INFO - Setting next_dagrun for consume_1_and_2_with_dataset_expressions to None, run_after=None
[2024-09-24T15:45:46.014+0000] {logging_mixin.py:188} INFO - [2024-09-24T15:45:46.013+0000] {dag.py:3954} INFO - Setting next_dagrun for consume_1_or_2_with_dataset_expressions to None, run_after=None
[2024-09-24T15:45:46.019+0000] {logging_mixin.py:188} INFO - [2024-09-24T15:45:46.018+0000] {dag.py:3954} INFO - Setting next_dagrun for consume_1_or_both_2_and_3_with_dataset_expressions to None, run_after=None
[2024-09-24T15:45:46.021+0000] {logging_mixin.py:188} INFO - [2024-09-24T15:45:46.021+0000] {dag.py:3954} INFO - Setting next_dagrun for dataset_consumes_1 to None, run_after=None
[2024-09-24T15:45:46.023+0000] {logging_mixin.py:188} INFO - [2024-09-24T15:45:46.023+0000] {dag.py:3954} INFO - Setting next_dagrun for dataset_consumes_1_and_2 to None, run_after=None
[2024-09-24T15:45:46.025+0000] {logging_mixin.py:188} INFO - [2024-09-24T15:45:46.025+0000] {dag.py:3954} INFO - Setting next_dagrun for dataset_consumes_1_never_scheduled to None, run_after=None
[2024-09-24T15:45:46.028+0000] {logging_mixin.py:188} INFO - [2024-09-24T15:45:46.028+0000] {dag.py:3954} INFO - Setting next_dagrun for dataset_consumes_unknown_never_scheduled to None, run_after=None
[2024-09-24T15:45:46.033+0000] {logging_mixin.py:188} INFO - [2024-09-24T15:45:46.033+0000] {dag.py:3954} INFO - Setting next_dagrun for dataset_produces_1 to 2024-09-23 00:00:00+00:00, run_after=2024-09-24 00:00:00+00:00
[2024-09-24T15:45:46.036+0000] {logging_mixin.py:188} INFO - [2024-09-24T15:45:46.036+0000] {dag.py:3954} INFO - Setting next_dagrun for dataset_produces_2 to None, run_after=None
[2024-09-24T15:45:46.097+0000] {processor.py:183} INFO - Processing /home/airflow/.local/lib/python3.12/site-packages/airflow/example_dags/example_datasets.py took 0.253 seconds
[2024-09-24T15:46:16.559+0000] {processor.py:161} INFO - Started process (PID=696) to work on /home/airflow/.local/lib/python3.12/site-packages/airflow/example_dags/example_datasets.py
[2024-09-24T15:46:16.561+0000] {processor.py:830} INFO - Processing file /home/airflow/.local/lib/python3.12/site-packages/airflow/example_dags/example_datasets.py for tasks to queue
[2024-09-24T15:46:16.563+0000] {logging_mixin.py:188} INFO - [2024-09-24T15:46:16.563+0000] {dagbag.py:545} INFO - Filling up the DagBag from /home/airflow/.local/lib/python3.12/site-packages/airflow/example_dags/example_datasets.py
[2024-09-24T15:46:16.579+0000] {processor.py:840} INFO - DAG(s) 'consume_1_and_2_with_dataset_expressions', 'conditional_dataset_and_time_based_timetable', 'dataset_consumes_1_never_scheduled', 'dataset_consumes_1_and_2', 'dataset_consumes_1', 'dataset_consumes_unknown_never_scheduled', 'consume_1_or_both_2_and_3_with_dataset_expressions', 'dataset_produces_2', 'consume_1_or_2_with_dataset_expressions', 'dataset_produces_1' retrieved from /home/airflow/.local/lib/python3.12/site-packages/airflow/example_dags/example_datasets.py
[2024-09-24T15:46:16.633+0000] {logging_mixin.py:188} INFO - [2024-09-24T15:46:16.633+0000] {dag.py:3096} INFO - Sync 10 DAGs
[2024-09-24T15:46:16.663+0000] {logging_mixin.py:188} INFO - [2024-09-24T15:46:16.663+0000] {dag.py:3954} INFO - Setting next_dagrun for conditional_dataset_and_time_based_timetable to 2024-09-18 01:00:00+00:00, run_after=2024-09-18 01:00:00+00:00
[2024-09-24T15:46:16.668+0000] {logging_mixin.py:188} INFO - [2024-09-24T15:46:16.668+0000] {dag.py:3954} INFO - Setting next_dagrun for consume_1_and_2_with_dataset_expressions to None, run_after=None
[2024-09-24T15:46:16.670+0000] {logging_mixin.py:188} INFO - [2024-09-24T15:46:16.670+0000] {dag.py:3954} INFO - Setting next_dagrun for consume_1_or_2_with_dataset_expressions to None, run_after=None
[2024-09-24T15:46:16.672+0000] {logging_mixin.py:188} INFO - [2024-09-24T15:46:16.672+0000] {dag.py:3954} INFO - Setting next_dagrun for consume_1_or_both_2_and_3_with_dataset_expressions to None, run_after=None
[2024-09-24T15:46:16.674+0000] {logging_mixin.py:188} INFO - [2024-09-24T15:46:16.674+0000] {dag.py:3954} INFO - Setting next_dagrun for dataset_consumes_1 to None, run_after=None
[2024-09-24T15:46:16.675+0000] {logging_mixin.py:188} INFO - [2024-09-24T15:46:16.675+0000] {dag.py:3954} INFO - Setting next_dagrun for dataset_consumes_1_and_2 to None, run_after=None
[2024-09-24T15:46:16.677+0000] {logging_mixin.py:188} INFO - [2024-09-24T15:46:16.677+0000] {dag.py:3954} INFO - Setting next_dagrun for dataset_consumes_1_never_scheduled to None, run_after=None
[2024-09-24T15:46:16.679+0000] {logging_mixin.py:188} INFO - [2024-09-24T15:46:16.679+0000] {dag.py:3954} INFO - Setting next_dagrun for dataset_consumes_unknown_never_scheduled to None, run_after=None
[2024-09-24T15:46:16.682+0000] {logging_mixin.py:188} INFO - [2024-09-24T15:46:16.682+0000] {dag.py:3954} INFO - Setting next_dagrun for dataset_produces_1 to 2024-09-23 00:00:00+00:00, run_after=2024-09-24 00:00:00+00:00
[2024-09-24T15:46:16.685+0000] {logging_mixin.py:188} INFO - [2024-09-24T15:46:16.684+0000] {dag.py:3954} INFO - Setting next_dagrun for dataset_produces_2 to None, run_after=None
[2024-09-24T15:46:16.721+0000] {processor.py:183} INFO - Processing /home/airflow/.local/lib/python3.12/site-packages/airflow/example_dags/example_datasets.py took 0.168 seconds
[2024-09-24T15:46:46.846+0000] {processor.py:161} INFO - Started process (PID=754) to work on /home/airflow/.local/lib/python3.12/site-packages/airflow/example_dags/example_datasets.py
[2024-09-24T15:46:46.847+0000] {processor.py:830} INFO - Processing file /home/airflow/.local/lib/python3.12/site-packages/airflow/example_dags/example_datasets.py for tasks to queue
[2024-09-24T15:46:46.849+0000] {logging_mixin.py:188} INFO - [2024-09-24T15:46:46.849+0000] {dagbag.py:545} INFO - Filling up the DagBag from /home/airflow/.local/lib/python3.12/site-packages/airflow/example_dags/example_datasets.py
[2024-09-24T15:46:46.867+0000] {processor.py:840} INFO - DAG(s) 'conditional_dataset_and_time_based_timetable', 'consume_1_or_2_with_dataset_expressions', 'dataset_consumes_1_and_2', 'dataset_consumes_unknown_never_scheduled', 'consume_1_or_both_2_and_3_with_dataset_expressions', 'dataset_consumes_1', 'dataset_consumes_1_never_scheduled', 'consume_1_and_2_with_dataset_expressions', 'dataset_produces_2', 'dataset_produces_1' retrieved from /home/airflow/.local/lib/python3.12/site-packages/airflow/example_dags/example_datasets.py
[2024-09-24T15:46:46.935+0000] {logging_mixin.py:188} INFO - [2024-09-24T15:46:46.935+0000] {dag.py:3096} INFO - Sync 10 DAGs
[2024-09-24T15:46:46.972+0000] {logging_mixin.py:188} INFO - [2024-09-24T15:46:46.972+0000] {dag.py:3954} INFO - Setting next_dagrun for conditional_dataset_and_time_based_timetable to 2024-09-18 01:00:00+00:00, run_after=2024-09-18 01:00:00+00:00
[2024-09-24T15:46:46.978+0000] {logging_mixin.py:188} INFO - [2024-09-24T15:46:46.978+0000] {dag.py:3954} INFO - Setting next_dagrun for consume_1_and_2_with_dataset_expressions to None, run_after=None
[2024-09-24T15:46:46.981+0000] {logging_mixin.py:188} INFO - [2024-09-24T15:46:46.981+0000] {dag.py:3954} INFO - Setting next_dagrun for consume_1_or_2_with_dataset_expressions to None, run_after=None
[2024-09-24T15:46:46.984+0000] {logging_mixin.py:188} INFO - [2024-09-24T15:46:46.983+0000] {dag.py:3954} INFO - Setting next_dagrun for consume_1_or_both_2_and_3_with_dataset_expressions to None, run_after=None
[2024-09-24T15:46:46.986+0000] {logging_mixin.py:188} INFO - [2024-09-24T15:46:46.986+0000] {dag.py:3954} INFO - Setting next_dagrun for dataset_consumes_1 to None, run_after=None
[2024-09-24T15:46:46.988+0000] {logging_mixin.py:188} INFO - [2024-09-24T15:46:46.988+0000] {dag.py:3954} INFO - Setting next_dagrun for dataset_consumes_1_and_2 to None, run_after=None
[2024-09-24T15:46:46.990+0000] {logging_mixin.py:188} INFO - [2024-09-24T15:46:46.990+0000] {dag.py:3954} INFO - Setting next_dagrun for dataset_consumes_1_never_scheduled to None, run_after=None
[2024-09-24T15:46:46.993+0000] {logging_mixin.py:188} INFO - [2024-09-24T15:46:46.993+0000] {dag.py:3954} INFO - Setting next_dagrun for dataset_consumes_unknown_never_scheduled to None, run_after=None
[2024-09-24T15:46:46.998+0000] {logging_mixin.py:188} INFO - [2024-09-24T15:46:46.997+0000] {dag.py:3954} INFO - Setting next_dagrun for dataset_produces_1 to 2024-09-23 00:00:00+00:00, run_after=2024-09-24 00:00:00+00:00
[2024-09-24T15:46:47.000+0000] {logging_mixin.py:188} INFO - [2024-09-24T15:46:46.999+0000] {dag.py:3954} INFO - Setting next_dagrun for dataset_produces_2 to None, run_after=None
[2024-09-24T15:46:47.047+0000] {processor.py:183} INFO - Processing /home/airflow/.local/lib/python3.12/site-packages/airflow/example_dags/example_datasets.py took 0.208 seconds
[2024-09-24T15:47:17.095+0000] {processor.py:161} INFO - Started process (PID=813) to work on /home/airflow/.local/lib/python3.12/site-packages/airflow/example_dags/example_datasets.py
[2024-09-24T15:47:17.096+0000] {processor.py:830} INFO - Processing file /home/airflow/.local/lib/python3.12/site-packages/airflow/example_dags/example_datasets.py for tasks to queue
[2024-09-24T15:47:17.099+0000] {logging_mixin.py:188} INFO - [2024-09-24T15:47:17.098+0000] {dagbag.py:545} INFO - Filling up the DagBag from /home/airflow/.local/lib/python3.12/site-packages/airflow/example_dags/example_datasets.py
[2024-09-24T15:47:17.123+0000] {processor.py:840} INFO - DAG(s) 'dataset_consumes_1_and_2', 'dataset_consumes_1', 'dataset_consumes_1_never_scheduled', 'conditional_dataset_and_time_based_timetable', 'dataset_consumes_unknown_never_scheduled', 'consume_1_or_2_with_dataset_expressions', 'consume_1_and_2_with_dataset_expressions', 'dataset_produces_1', 'consume_1_or_both_2_and_3_with_dataset_expressions', 'dataset_produces_2' retrieved from /home/airflow/.local/lib/python3.12/site-packages/airflow/example_dags/example_datasets.py
[2024-09-24T15:47:17.187+0000] {logging_mixin.py:188} INFO - [2024-09-24T15:47:17.187+0000] {dag.py:3096} INFO - Sync 10 DAGs
[2024-09-24T15:47:17.224+0000] {logging_mixin.py:188} INFO - [2024-09-24T15:47:17.223+0000] {dag.py:3954} INFO - Setting next_dagrun for conditional_dataset_and_time_based_timetable to 2024-09-18 01:00:00+00:00, run_after=2024-09-18 01:00:00+00:00
[2024-09-24T15:47:17.230+0000] {logging_mixin.py:188} INFO - [2024-09-24T15:47:17.229+0000] {dag.py:3954} INFO - Setting next_dagrun for consume_1_and_2_with_dataset_expressions to None, run_after=None
[2024-09-24T15:47:17.232+0000] {logging_mixin.py:188} INFO - [2024-09-24T15:47:17.231+0000] {dag.py:3954} INFO - Setting next_dagrun for consume_1_or_2_with_dataset_expressions to None, run_after=None
[2024-09-24T15:47:17.233+0000] {logging_mixin.py:188} INFO - [2024-09-24T15:47:17.233+0000] {dag.py:3954} INFO - Setting next_dagrun for consume_1_or_both_2_and_3_with_dataset_expressions to None, run_after=None
[2024-09-24T15:47:17.235+0000] {logging_mixin.py:188} INFO - [2024-09-24T15:47:17.235+0000] {dag.py:3954} INFO - Setting next_dagrun for dataset_consumes_1 to None, run_after=None
[2024-09-24T15:47:17.237+0000] {logging_mixin.py:188} INFO - [2024-09-24T15:47:17.237+0000] {dag.py:3954} INFO - Setting next_dagrun for dataset_consumes_1_and_2 to None, run_after=None
[2024-09-24T15:47:17.239+0000] {logging_mixin.py:188} INFO - [2024-09-24T15:47:17.239+0000] {dag.py:3954} INFO - Setting next_dagrun for dataset_consumes_1_never_scheduled to None, run_after=None
[2024-09-24T15:47:17.240+0000] {logging_mixin.py:188} INFO - [2024-09-24T15:47:17.240+0000] {dag.py:3954} INFO - Setting next_dagrun for dataset_consumes_unknown_never_scheduled to None, run_after=None
[2024-09-24T15:47:17.244+0000] {logging_mixin.py:188} INFO - [2024-09-24T15:47:17.243+0000] {dag.py:3954} INFO - Setting next_dagrun for dataset_produces_1 to 2024-09-23 00:00:00+00:00, run_after=2024-09-24 00:00:00+00:00
[2024-09-24T15:47:17.246+0000] {logging_mixin.py:188} INFO - [2024-09-24T15:47:17.246+0000] {dag.py:3954} INFO - Setting next_dagrun for dataset_produces_2 to None, run_after=None
[2024-09-24T15:47:17.285+0000] {processor.py:183} INFO - Processing /home/airflow/.local/lib/python3.12/site-packages/airflow/example_dags/example_datasets.py took 0.197 seconds
[2024-09-24T15:47:47.329+0000] {processor.py:161} INFO - Started process (PID=872) to work on /home/airflow/.local/lib/python3.12/site-packages/airflow/example_dags/example_datasets.py
[2024-09-24T15:47:47.330+0000] {processor.py:830} INFO - Processing file /home/airflow/.local/lib/python3.12/site-packages/airflow/example_dags/example_datasets.py for tasks to queue
[2024-09-24T15:47:47.332+0000] {logging_mixin.py:188} INFO - [2024-09-24T15:47:47.332+0000] {dagbag.py:545} INFO - Filling up the DagBag from /home/airflow/.local/lib/python3.12/site-packages/airflow/example_dags/example_datasets.py
[2024-09-24T15:47:47.347+0000] {processor.py:840} INFO - DAG(s) 'dataset_produces_2', 'consume_1_and_2_with_dataset_expressions', 'dataset_produces_1', 'consume_1_or_both_2_and_3_with_dataset_expressions', 'dataset_consumes_1_never_scheduled', 'conditional_dataset_and_time_based_timetable', 'dataset_consumes_unknown_never_scheduled', 'dataset_consumes_1', 'consume_1_or_2_with_dataset_expressions', 'dataset_consumes_1_and_2' retrieved from /home/airflow/.local/lib/python3.12/site-packages/airflow/example_dags/example_datasets.py
[2024-09-24T15:47:47.396+0000] {logging_mixin.py:188} INFO - [2024-09-24T15:47:47.396+0000] {dag.py:3096} INFO - Sync 10 DAGs
[2024-09-24T15:47:47.426+0000] {logging_mixin.py:188} INFO - [2024-09-24T15:47:47.426+0000] {dag.py:3954} INFO - Setting next_dagrun for conditional_dataset_and_time_based_timetable to 2024-09-18 01:00:00+00:00, run_after=2024-09-18 01:00:00+00:00
[2024-09-24T15:47:47.431+0000] {logging_mixin.py:188} INFO - [2024-09-24T15:47:47.431+0000] {dag.py:3954} INFO - Setting next_dagrun for consume_1_and_2_with_dataset_expressions to None, run_after=None
[2024-09-24T15:47:47.433+0000] {logging_mixin.py:188} INFO - [2024-09-24T15:47:47.433+0000] {dag.py:3954} INFO - Setting next_dagrun for consume_1_or_2_with_dataset_expressions to None, run_after=None
[2024-09-24T15:47:47.434+0000] {logging_mixin.py:188} INFO - [2024-09-24T15:47:47.434+0000] {dag.py:3954} INFO - Setting next_dagrun for consume_1_or_both_2_and_3_with_dataset_expressions to None, run_after=None
[2024-09-24T15:47:47.436+0000] {logging_mixin.py:188} INFO - [2024-09-24T15:47:47.436+0000] {dag.py:3954} INFO - Setting next_dagrun for dataset_consumes_1 to None, run_after=None
[2024-09-24T15:47:47.437+0000] {logging_mixin.py:188} INFO - [2024-09-24T15:47:47.437+0000] {dag.py:3954} INFO - Setting next_dagrun for dataset_consumes_1_and_2 to None, run_after=None
[2024-09-24T15:47:47.439+0000] {logging_mixin.py:188} INFO - [2024-09-24T15:47:47.439+0000] {dag.py:3954} INFO - Setting next_dagrun for dataset_consumes_1_never_scheduled to None, run_after=None
[2024-09-24T15:47:47.440+0000] {logging_mixin.py:188} INFO - [2024-09-24T15:47:47.440+0000] {dag.py:3954} INFO - Setting next_dagrun for dataset_consumes_unknown_never_scheduled to None, run_after=None
[2024-09-24T15:47:47.443+0000] {logging_mixin.py:188} INFO - [2024-09-24T15:47:47.443+0000] {dag.py:3954} INFO - Setting next_dagrun for dataset_produces_1 to 2024-09-23 00:00:00+00:00, run_after=2024-09-24 00:00:00+00:00
[2024-09-24T15:47:47.445+0000] {logging_mixin.py:188} INFO - [2024-09-24T15:47:47.444+0000] {dag.py:3954} INFO - Setting next_dagrun for dataset_produces_2 to None, run_after=None
[2024-09-24T15:47:47.480+0000] {processor.py:183} INFO - Processing /home/airflow/.local/lib/python3.12/site-packages/airflow/example_dags/example_datasets.py took 0.157 seconds
[2024-09-24T15:48:17.624+0000] {processor.py:161} INFO - Started process (PID=928) to work on /home/airflow/.local/lib/python3.12/site-packages/airflow/example_dags/example_datasets.py
[2024-09-24T15:48:17.625+0000] {processor.py:830} INFO - Processing file /home/airflow/.local/lib/python3.12/site-packages/airflow/example_dags/example_datasets.py for tasks to queue
[2024-09-24T15:48:17.627+0000] {logging_mixin.py:188} INFO - [2024-09-24T15:48:17.627+0000] {dagbag.py:545} INFO - Filling up the DagBag from /home/airflow/.local/lib/python3.12/site-packages/airflow/example_dags/example_datasets.py
[2024-09-24T15:48:17.647+0000] {processor.py:840} INFO - DAG(s) 'dataset_consumes_1_never_scheduled', 'consume_1_or_2_with_dataset_expressions', 'dataset_produces_2', 'conditional_dataset_and_time_based_timetable', 'dataset_consumes_1_and_2', 'dataset_consumes_1', 'dataset_produces_1', 'consume_1_or_both_2_and_3_with_dataset_expressions', 'dataset_consumes_unknown_never_scheduled', 'consume_1_and_2_with_dataset_expressions' retrieved from /home/airflow/.local/lib/python3.12/site-packages/airflow/example_dags/example_datasets.py
[2024-09-24T15:48:17.720+0000] {logging_mixin.py:188} INFO - [2024-09-24T15:48:17.719+0000] {dag.py:3096} INFO - Sync 10 DAGs
[2024-09-24T15:48:17.770+0000] {logging_mixin.py:188} INFO - [2024-09-24T15:48:17.770+0000] {dag.py:3954} INFO - Setting next_dagrun for conditional_dataset_and_time_based_timetable to 2024-09-18 01:00:00+00:00, run_after=2024-09-18 01:00:00+00:00
[2024-09-24T15:48:17.777+0000] {logging_mixin.py:188} INFO - [2024-09-24T15:48:17.777+0000] {dag.py:3954} INFO - Setting next_dagrun for consume_1_and_2_with_dataset_expressions to None, run_after=None
[2024-09-24T15:48:17.780+0000] {logging_mixin.py:188} INFO - [2024-09-24T15:48:17.780+0000] {dag.py:3954} INFO - Setting next_dagrun for consume_1_or_2_with_dataset_expressions to None, run_after=None
[2024-09-24T15:48:17.783+0000] {logging_mixin.py:188} INFO - [2024-09-24T15:48:17.783+0000] {dag.py:3954} INFO - Setting next_dagrun for consume_1_or_both_2_and_3_with_dataset_expressions to None, run_after=None
[2024-09-24T15:48:17.787+0000] {logging_mixin.py:188} INFO - [2024-09-24T15:48:17.786+0000] {dag.py:3954} INFO - Setting next_dagrun for dataset_consumes_1 to None, run_after=None
[2024-09-24T15:48:17.790+0000] {logging_mixin.py:188} INFO - [2024-09-24T15:48:17.789+0000] {dag.py:3954} INFO - Setting next_dagrun for dataset_consumes_1_and_2 to None, run_after=None
[2024-09-24T15:48:17.793+0000] {logging_mixin.py:188} INFO - [2024-09-24T15:48:17.792+0000] {dag.py:3954} INFO - Setting next_dagrun for dataset_consumes_1_never_scheduled to None, run_after=None
[2024-09-24T15:48:17.796+0000] {logging_mixin.py:188} INFO - [2024-09-24T15:48:17.795+0000] {dag.py:3954} INFO - Setting next_dagrun for dataset_consumes_unknown_never_scheduled to None, run_after=None
[2024-09-24T15:48:17.801+0000] {logging_mixin.py:188} INFO - [2024-09-24T15:48:17.800+0000] {dag.py:3954} INFO - Setting next_dagrun for dataset_produces_1 to 2024-09-23 00:00:00+00:00, run_after=2024-09-24 00:00:00+00:00
[2024-09-24T15:48:17.803+0000] {logging_mixin.py:188} INFO - [2024-09-24T15:48:17.803+0000] {dag.py:3954} INFO - Setting next_dagrun for dataset_produces_2 to None, run_after=None
[2024-09-24T15:48:17.849+0000] {processor.py:183} INFO - Processing /home/airflow/.local/lib/python3.12/site-packages/airflow/example_dags/example_datasets.py took 0.232 seconds
[2024-09-24T15:48:48.326+0000] {processor.py:161} INFO - Started process (PID=986) to work on /home/airflow/.local/lib/python3.12/site-packages/airflow/example_dags/example_datasets.py
[2024-09-24T15:48:48.328+0000] {processor.py:830} INFO - Processing file /home/airflow/.local/lib/python3.12/site-packages/airflow/example_dags/example_datasets.py for tasks to queue
[2024-09-24T15:48:48.331+0000] {logging_mixin.py:188} INFO - [2024-09-24T15:48:48.330+0000] {dagbag.py:545} INFO - Filling up the DagBag from /home/airflow/.local/lib/python3.12/site-packages/airflow/example_dags/example_datasets.py
[2024-09-24T15:48:48.353+0000] {processor.py:840} INFO - DAG(s) 'dataset_consumes_1', 'dataset_consumes_1_never_scheduled', 'consume_1_or_both_2_and_3_with_dataset_expressions', 'consume_1_or_2_with_dataset_expressions', 'dataset_consumes_1_and_2', 'dataset_produces_1', 'consume_1_and_2_with_dataset_expressions', 'conditional_dataset_and_time_based_timetable', 'dataset_consumes_unknown_never_scheduled', 'dataset_produces_2' retrieved from /home/airflow/.local/lib/python3.12/site-packages/airflow/example_dags/example_datasets.py
[2024-09-24T15:48:48.446+0000] {logging_mixin.py:188} INFO - [2024-09-24T15:48:48.445+0000] {dag.py:3096} INFO - Sync 10 DAGs
[2024-09-24T15:48:48.492+0000] {logging_mixin.py:188} INFO - [2024-09-24T15:48:48.492+0000] {dag.py:3954} INFO - Setting next_dagrun for conditional_dataset_and_time_based_timetable to 2024-09-18 01:00:00+00:00, run_after=2024-09-18 01:00:00+00:00
[2024-09-24T15:48:48.499+0000] {logging_mixin.py:188} INFO - [2024-09-24T15:48:48.498+0000] {dag.py:3954} INFO - Setting next_dagrun for consume_1_and_2_with_dataset_expressions to None, run_after=None
[2024-09-24T15:48:48.500+0000] {logging_mixin.py:188} INFO - [2024-09-24T15:48:48.500+0000] {dag.py:3954} INFO - Setting next_dagrun for consume_1_or_2_with_dataset_expressions to None, run_after=None
[2024-09-24T15:48:48.502+0000] {logging_mixin.py:188} INFO - [2024-09-24T15:48:48.502+0000] {dag.py:3954} INFO - Setting next_dagrun for consume_1_or_both_2_and_3_with_dataset_expressions to None, run_after=None
[2024-09-24T15:48:48.504+0000] {logging_mixin.py:188} INFO - [2024-09-24T15:48:48.504+0000] {dag.py:3954} INFO - Setting next_dagrun for dataset_consumes_1 to None, run_after=None
[2024-09-24T15:48:48.506+0000] {logging_mixin.py:188} INFO - [2024-09-24T15:48:48.505+0000] {dag.py:3954} INFO - Setting next_dagrun for dataset_consumes_1_and_2 to None, run_after=None
[2024-09-24T15:48:48.507+0000] {logging_mixin.py:188} INFO - [2024-09-24T15:48:48.507+0000] {dag.py:3954} INFO - Setting next_dagrun for dataset_consumes_1_never_scheduled to None, run_after=None
[2024-09-24T15:48:48.509+0000] {logging_mixin.py:188} INFO - [2024-09-24T15:48:48.509+0000] {dag.py:3954} INFO - Setting next_dagrun for dataset_consumes_unknown_never_scheduled to None, run_after=None
[2024-09-24T15:48:48.513+0000] {logging_mixin.py:188} INFO - [2024-09-24T15:48:48.513+0000] {dag.py:3954} INFO - Setting next_dagrun for dataset_produces_1 to 2024-09-23 00:00:00+00:00, run_after=2024-09-24 00:00:00+00:00
[2024-09-24T15:48:48.515+0000] {logging_mixin.py:188} INFO - [2024-09-24T15:48:48.514+0000] {dag.py:3954} INFO - Setting next_dagrun for dataset_produces_2 to None, run_after=None
[2024-09-24T15:48:48.560+0000] {processor.py:183} INFO - Processing /home/airflow/.local/lib/python3.12/site-packages/airflow/example_dags/example_datasets.py took 0.246 seconds
[2024-09-24T15:49:18.725+0000] {processor.py:161} INFO - Started process (PID=1045) to work on /home/airflow/.local/lib/python3.12/site-packages/airflow/example_dags/example_datasets.py
[2024-09-24T15:49:18.726+0000] {processor.py:830} INFO - Processing file /home/airflow/.local/lib/python3.12/site-packages/airflow/example_dags/example_datasets.py for tasks to queue
[2024-09-24T15:49:18.729+0000] {logging_mixin.py:188} INFO - [2024-09-24T15:49:18.728+0000] {dagbag.py:545} INFO - Filling up the DagBag from /home/airflow/.local/lib/python3.12/site-packages/airflow/example_dags/example_datasets.py
[2024-09-24T15:49:18.745+0000] {processor.py:840} INFO - DAG(s) 'conditional_dataset_and_time_based_timetable', 'dataset_produces_2', 'dataset_consumes_1', 'consume_1_or_2_with_dataset_expressions', 'consume_1_or_both_2_and_3_with_dataset_expressions', 'dataset_produces_1', 'dataset_consumes_unknown_never_scheduled', 'dataset_consumes_1_never_scheduled', 'consume_1_and_2_with_dataset_expressions', 'dataset_consumes_1_and_2' retrieved from /home/airflow/.local/lib/python3.12/site-packages/airflow/example_dags/example_datasets.py
[2024-09-24T15:49:18.794+0000] {logging_mixin.py:188} INFO - [2024-09-24T15:49:18.794+0000] {dag.py:3096} INFO - Sync 10 DAGs
[2024-09-24T15:49:18.823+0000] {logging_mixin.py:188} INFO - [2024-09-24T15:49:18.822+0000] {dag.py:3954} INFO - Setting next_dagrun for conditional_dataset_and_time_based_timetable to 2024-09-18 01:00:00+00:00, run_after=2024-09-18 01:00:00+00:00
[2024-09-24T15:49:18.827+0000] {logging_mixin.py:188} INFO - [2024-09-24T15:49:18.827+0000] {dag.py:3954} INFO - Setting next_dagrun for consume_1_and_2_with_dataset_expressions to None, run_after=None
[2024-09-24T15:49:18.829+0000] {logging_mixin.py:188} INFO - [2024-09-24T15:49:18.829+0000] {dag.py:3954} INFO - Setting next_dagrun for consume_1_or_2_with_dataset_expressions to None, run_after=None
[2024-09-24T15:49:18.831+0000] {logging_mixin.py:188} INFO - [2024-09-24T15:49:18.830+0000] {dag.py:3954} INFO - Setting next_dagrun for consume_1_or_both_2_and_3_with_dataset_expressions to None, run_after=None
[2024-09-24T15:49:18.832+0000] {logging_mixin.py:188} INFO - [2024-09-24T15:49:18.832+0000] {dag.py:3954} INFO - Setting next_dagrun for dataset_consumes_1 to None, run_after=None
[2024-09-24T15:49:18.833+0000] {logging_mixin.py:188} INFO - [2024-09-24T15:49:18.833+0000] {dag.py:3954} INFO - Setting next_dagrun for dataset_consumes_1_and_2 to None, run_after=None
[2024-09-24T15:49:18.835+0000] {logging_mixin.py:188} INFO - [2024-09-24T15:49:18.835+0000] {dag.py:3954} INFO - Setting next_dagrun for dataset_consumes_1_never_scheduled to None, run_after=None
[2024-09-24T15:49:18.836+0000] {logging_mixin.py:188} INFO - [2024-09-24T15:49:18.836+0000] {dag.py:3954} INFO - Setting next_dagrun for dataset_consumes_unknown_never_scheduled to None, run_after=None
[2024-09-24T15:49:18.839+0000] {logging_mixin.py:188} INFO - [2024-09-24T15:49:18.839+0000] {dag.py:3954} INFO - Setting next_dagrun for dataset_produces_1 to 2024-09-23 00:00:00+00:00, run_after=2024-09-24 00:00:00+00:00
[2024-09-24T15:49:18.840+0000] {logging_mixin.py:188} INFO - [2024-09-24T15:49:18.840+0000] {dag.py:3954} INFO - Setting next_dagrun for dataset_produces_2 to None, run_after=None
[2024-09-24T15:49:18.875+0000] {processor.py:183} INFO - Processing /home/airflow/.local/lib/python3.12/site-packages/airflow/example_dags/example_datasets.py took 0.157 seconds
[2024-09-24T15:49:49.160+0000] {processor.py:161} INFO - Started process (PID=1103) to work on /home/airflow/.local/lib/python3.12/site-packages/airflow/example_dags/example_datasets.py
[2024-09-24T15:49:49.162+0000] {processor.py:830} INFO - Processing file /home/airflow/.local/lib/python3.12/site-packages/airflow/example_dags/example_datasets.py for tasks to queue
[2024-09-24T15:49:49.164+0000] {logging_mixin.py:188} INFO - [2024-09-24T15:49:49.163+0000] {dagbag.py:545} INFO - Filling up the DagBag from /home/airflow/.local/lib/python3.12/site-packages/airflow/example_dags/example_datasets.py
[2024-09-24T15:49:49.179+0000] {processor.py:840} INFO - DAG(s) 'consume_1_or_2_with_dataset_expressions', 'dataset_produces_2', 'dataset_produces_1', 'dataset_consumes_1', 'consume_1_and_2_with_dataset_expressions', 'consume_1_or_both_2_and_3_with_dataset_expressions', 'dataset_consumes_1_never_scheduled', 'dataset_consumes_1_and_2', 'dataset_consumes_unknown_never_scheduled', 'conditional_dataset_and_time_based_timetable' retrieved from /home/airflow/.local/lib/python3.12/site-packages/airflow/example_dags/example_datasets.py
[2024-09-24T15:49:49.231+0000] {logging_mixin.py:188} INFO - [2024-09-24T15:49:49.231+0000] {dag.py:3096} INFO - Sync 10 DAGs
[2024-09-24T15:49:49.261+0000] {logging_mixin.py:188} INFO - [2024-09-24T15:49:49.261+0000] {dag.py:3954} INFO - Setting next_dagrun for conditional_dataset_and_time_based_timetable to 2024-09-18 01:00:00+00:00, run_after=2024-09-18 01:00:00+00:00
[2024-09-24T15:49:49.266+0000] {logging_mixin.py:188} INFO - [2024-09-24T15:49:49.265+0000] {dag.py:3954} INFO - Setting next_dagrun for consume_1_and_2_with_dataset_expressions to None, run_after=None
[2024-09-24T15:49:49.267+0000] {logging_mixin.py:188} INFO - [2024-09-24T15:49:49.267+0000] {dag.py:3954} INFO - Setting next_dagrun for consume_1_or_2_with_dataset_expressions to None, run_after=None
[2024-09-24T15:49:49.269+0000] {logging_mixin.py:188} INFO - [2024-09-24T15:49:49.269+0000] {dag.py:3954} INFO - Setting next_dagrun for consume_1_or_both_2_and_3_with_dataset_expressions to None, run_after=None
[2024-09-24T15:49:49.271+0000] {logging_mixin.py:188} INFO - [2024-09-24T15:49:49.270+0000] {dag.py:3954} INFO - Setting next_dagrun for dataset_consumes_1 to None, run_after=None
[2024-09-24T15:49:49.272+0000] {logging_mixin.py:188} INFO - [2024-09-24T15:49:49.272+0000] {dag.py:3954} INFO - Setting next_dagrun for dataset_consumes_1_and_2 to None, run_after=None
[2024-09-24T15:49:49.274+0000] {logging_mixin.py:188} INFO - [2024-09-24T15:49:49.274+0000] {dag.py:3954} INFO - Setting next_dagrun for dataset_consumes_1_never_scheduled to None, run_after=None
[2024-09-24T15:49:49.276+0000] {logging_mixin.py:188} INFO - [2024-09-24T15:49:49.276+0000] {dag.py:3954} INFO - Setting next_dagrun for dataset_consumes_unknown_never_scheduled to None, run_after=None
[2024-09-24T15:49:49.279+0000] {logging_mixin.py:188} INFO - [2024-09-24T15:49:49.279+0000] {dag.py:3954} INFO - Setting next_dagrun for dataset_produces_1 to 2024-09-23 00:00:00+00:00, run_after=2024-09-24 00:00:00+00:00
[2024-09-24T15:49:49.281+0000] {logging_mixin.py:188} INFO - [2024-09-24T15:49:49.281+0000] {dag.py:3954} INFO - Setting next_dagrun for dataset_produces_2 to None, run_after=None
[2024-09-24T15:49:49.325+0000] {processor.py:183} INFO - Processing /home/airflow/.local/lib/python3.12/site-packages/airflow/example_dags/example_datasets.py took 0.171 seconds
[2024-09-24T15:50:19.555+0000] {processor.py:161} INFO - Started process (PID=1161) to work on /home/airflow/.local/lib/python3.12/site-packages/airflow/example_dags/example_datasets.py
[2024-09-24T15:50:19.556+0000] {processor.py:830} INFO - Processing file /home/airflow/.local/lib/python3.12/site-packages/airflow/example_dags/example_datasets.py for tasks to queue
[2024-09-24T15:50:19.558+0000] {logging_mixin.py:188} INFO - [2024-09-24T15:50:19.558+0000] {dagbag.py:545} INFO - Filling up the DagBag from /home/airflow/.local/lib/python3.12/site-packages/airflow/example_dags/example_datasets.py
[2024-09-24T15:50:19.578+0000] {processor.py:840} INFO - DAG(s) 'dataset_consumes_unknown_never_scheduled', 'consume_1_and_2_with_dataset_expressions', 'dataset_produces_1', 'dataset_consumes_1_and_2', 'dataset_produces_2', 'consume_1_or_both_2_and_3_with_dataset_expressions', 'conditional_dataset_and_time_based_timetable', 'dataset_consumes_1_never_scheduled', 'consume_1_or_2_with_dataset_expressions', 'dataset_consumes_1' retrieved from /home/airflow/.local/lib/python3.12/site-packages/airflow/example_dags/example_datasets.py
[2024-09-24T15:50:19.658+0000] {logging_mixin.py:188} INFO - [2024-09-24T15:50:19.658+0000] {dag.py:3096} INFO - Sync 10 DAGs
[2024-09-24T15:50:19.702+0000] {logging_mixin.py:188} INFO - [2024-09-24T15:50:19.702+0000] {dag.py:3954} INFO - Setting next_dagrun for conditional_dataset_and_time_based_timetable to 2024-09-18 01:00:00+00:00, run_after=2024-09-18 01:00:00+00:00
[2024-09-24T15:50:19.707+0000] {logging_mixin.py:188} INFO - [2024-09-24T15:50:19.707+0000] {dag.py:3954} INFO - Setting next_dagrun for consume_1_and_2_with_dataset_expressions to None, run_after=None
[2024-09-24T15:50:19.709+0000] {logging_mixin.py:188} INFO - [2024-09-24T15:50:19.709+0000] {dag.py:3954} INFO - Setting next_dagrun for consume_1_or_2_with_dataset_expressions to None, run_after=None
[2024-09-24T15:50:19.711+0000] {logging_mixin.py:188} INFO - [2024-09-24T15:50:19.710+0000] {dag.py:3954} INFO - Setting next_dagrun for consume_1_or_both_2_and_3_with_dataset_expressions to None, run_after=None
[2024-09-24T15:50:19.713+0000] {logging_mixin.py:188} INFO - [2024-09-24T15:50:19.713+0000] {dag.py:3954} INFO - Setting next_dagrun for dataset_consumes_1 to None, run_after=None
[2024-09-24T15:50:19.718+0000] {logging_mixin.py:188} INFO - [2024-09-24T15:50:19.718+0000] {dag.py:3954} INFO - Setting next_dagrun for dataset_consumes_1_and_2 to None, run_after=None
[2024-09-24T15:50:19.720+0000] {logging_mixin.py:188} INFO - [2024-09-24T15:50:19.720+0000] {dag.py:3954} INFO - Setting next_dagrun for dataset_consumes_1_never_scheduled to None, run_after=None
[2024-09-24T15:50:19.722+0000] {logging_mixin.py:188} INFO - [2024-09-24T15:50:19.722+0000] {dag.py:3954} INFO - Setting next_dagrun for dataset_consumes_unknown_never_scheduled to None, run_after=None
[2024-09-24T15:50:19.726+0000] {logging_mixin.py:188} INFO - [2024-09-24T15:50:19.725+0000] {dag.py:3954} INFO - Setting next_dagrun for dataset_produces_1 to 2024-09-23 00:00:00+00:00, run_after=2024-09-24 00:00:00+00:00
[2024-09-24T15:50:19.728+0000] {logging_mixin.py:188} INFO - [2024-09-24T15:50:19.728+0000] {dag.py:3954} INFO - Setting next_dagrun for dataset_produces_2 to None, run_after=None
[2024-09-24T15:50:19.774+0000] {processor.py:183} INFO - Processing /home/airflow/.local/lib/python3.12/site-packages/airflow/example_dags/example_datasets.py took 0.228 seconds
[2024-09-24T15:50:49.823+0000] {processor.py:161} INFO - Started process (PID=1221) to work on /home/airflow/.local/lib/python3.12/site-packages/airflow/example_dags/example_datasets.py
[2024-09-24T15:50:49.824+0000] {processor.py:830} INFO - Processing file /home/airflow/.local/lib/python3.12/site-packages/airflow/example_dags/example_datasets.py for tasks to queue
[2024-09-24T15:50:49.827+0000] {logging_mixin.py:188} INFO - [2024-09-24T15:50:49.826+0000] {dagbag.py:545} INFO - Filling up the DagBag from /home/airflow/.local/lib/python3.12/site-packages/airflow/example_dags/example_datasets.py
[2024-09-24T15:50:49.842+0000] {processor.py:840} INFO - DAG(s) 'dataset_consumes_1_never_scheduled', 'dataset_produces_1', 'dataset_consumes_unknown_never_scheduled', 'dataset_consumes_1', 'dataset_produces_2', 'consume_1_and_2_with_dataset_expressions', 'consume_1_or_2_with_dataset_expressions', 'dataset_consumes_1_and_2', 'conditional_dataset_and_time_based_timetable', 'consume_1_or_both_2_and_3_with_dataset_expressions' retrieved from /home/airflow/.local/lib/python3.12/site-packages/airflow/example_dags/example_datasets.py
[2024-09-24T15:50:49.910+0000] {logging_mixin.py:188} INFO - [2024-09-24T15:50:49.909+0000] {dag.py:3096} INFO - Sync 10 DAGs
[2024-09-24T15:50:49.938+0000] {logging_mixin.py:188} INFO - [2024-09-24T15:50:49.938+0000] {dag.py:3954} INFO - Setting next_dagrun for conditional_dataset_and_time_based_timetable to 2024-09-18 01:00:00+00:00, run_after=2024-09-18 01:00:00+00:00
[2024-09-24T15:50:49.943+0000] {logging_mixin.py:188} INFO - [2024-09-24T15:50:49.942+0000] {dag.py:3954} INFO - Setting next_dagrun for consume_1_and_2_with_dataset_expressions to None, run_after=None
[2024-09-24T15:50:49.945+0000] {logging_mixin.py:188} INFO - [2024-09-24T15:50:49.944+0000] {dag.py:3954} INFO - Setting next_dagrun for consume_1_or_2_with_dataset_expressions to None, run_after=None
[2024-09-24T15:50:49.947+0000] {logging_mixin.py:188} INFO - [2024-09-24T15:50:49.947+0000] {dag.py:3954} INFO - Setting next_dagrun for consume_1_or_both_2_and_3_with_dataset_expressions to None, run_after=None
[2024-09-24T15:50:49.949+0000] {logging_mixin.py:188} INFO - [2024-09-24T15:50:49.949+0000] {dag.py:3954} INFO - Setting next_dagrun for dataset_consumes_1 to None, run_after=None
[2024-09-24T15:50:49.950+0000] {logging_mixin.py:188} INFO - [2024-09-24T15:50:49.950+0000] {dag.py:3954} INFO - Setting next_dagrun for dataset_consumes_1_and_2 to None, run_after=None
[2024-09-24T15:50:49.952+0000] {logging_mixin.py:188} INFO - [2024-09-24T15:50:49.952+0000] {dag.py:3954} INFO - Setting next_dagrun for dataset_consumes_1_never_scheduled to None, run_after=None
[2024-09-24T15:50:49.954+0000] {logging_mixin.py:188} INFO - [2024-09-24T15:50:49.953+0000] {dag.py:3954} INFO - Setting next_dagrun for dataset_consumes_unknown_never_scheduled to None, run_after=None
[2024-09-24T15:50:49.956+0000] {logging_mixin.py:188} INFO - [2024-09-24T15:50:49.956+0000] {dag.py:3954} INFO - Setting next_dagrun for dataset_produces_1 to 2024-09-23 00:00:00+00:00, run_after=2024-09-24 00:00:00+00:00
[2024-09-24T15:50:49.958+0000] {logging_mixin.py:188} INFO - [2024-09-24T15:50:49.958+0000] {dag.py:3954} INFO - Setting next_dagrun for dataset_produces_2 to None, run_after=None
[2024-09-24T15:50:49.998+0000] {processor.py:183} INFO - Processing /home/airflow/.local/lib/python3.12/site-packages/airflow/example_dags/example_datasets.py took 0.182 seconds
[2024-09-24T15:51:20.224+0000] {processor.py:161} INFO - Started process (PID=1278) to work on /home/airflow/.local/lib/python3.12/site-packages/airflow/example_dags/example_datasets.py
[2024-09-24T15:51:20.225+0000] {processor.py:830} INFO - Processing file /home/airflow/.local/lib/python3.12/site-packages/airflow/example_dags/example_datasets.py for tasks to queue
[2024-09-24T15:51:20.227+0000] {logging_mixin.py:188} INFO - [2024-09-24T15:51:20.227+0000] {dagbag.py:545} INFO - Filling up the DagBag from /home/airflow/.local/lib/python3.12/site-packages/airflow/example_dags/example_datasets.py
[2024-09-24T15:51:20.249+0000] {processor.py:840} INFO - DAG(s) 'dataset_consumes_1', 'dataset_consumes_1_never_scheduled', 'dataset_produces_1', 'consume_1_or_both_2_and_3_with_dataset_expressions', 'dataset_consumes_unknown_never_scheduled', 'consume_1_or_2_with_dataset_expressions', 'dataset_produces_2', 'dataset_consumes_1_and_2', 'consume_1_and_2_with_dataset_expressions', 'conditional_dataset_and_time_based_timetable' retrieved from /home/airflow/.local/lib/python3.12/site-packages/airflow/example_dags/example_datasets.py
[2024-09-24T15:51:20.303+0000] {logging_mixin.py:188} INFO - [2024-09-24T15:51:20.303+0000] {dag.py:3096} INFO - Sync 10 DAGs
[2024-09-24T15:51:20.334+0000] {logging_mixin.py:188} INFO - [2024-09-24T15:51:20.334+0000] {dag.py:3954} INFO - Setting next_dagrun for conditional_dataset_and_time_based_timetable to 2024-09-18 01:00:00+00:00, run_after=2024-09-18 01:00:00+00:00
[2024-09-24T15:51:20.341+0000] {logging_mixin.py:188} INFO - [2024-09-24T15:51:20.341+0000] {dag.py:3954} INFO - Setting next_dagrun for consume_1_and_2_with_dataset_expressions to None, run_after=None
[2024-09-24T15:51:20.344+0000] {logging_mixin.py:188} INFO - [2024-09-24T15:51:20.343+0000] {dag.py:3954} INFO - Setting next_dagrun for consume_1_or_2_with_dataset_expressions to None, run_after=None
[2024-09-24T15:51:20.346+0000] {logging_mixin.py:188} INFO - [2024-09-24T15:51:20.345+0000] {dag.py:3954} INFO - Setting next_dagrun for consume_1_or_both_2_and_3_with_dataset_expressions to None, run_after=None
[2024-09-24T15:51:20.349+0000] {logging_mixin.py:188} INFO - [2024-09-24T15:51:20.348+0000] {dag.py:3954} INFO - Setting next_dagrun for dataset_consumes_1 to None, run_after=None
[2024-09-24T15:51:20.351+0000] {logging_mixin.py:188} INFO - [2024-09-24T15:51:20.351+0000] {dag.py:3954} INFO - Setting next_dagrun for dataset_consumes_1_and_2 to None, run_after=None
[2024-09-24T15:51:20.353+0000] {logging_mixin.py:188} INFO - [2024-09-24T15:51:20.352+0000] {dag.py:3954} INFO - Setting next_dagrun for dataset_consumes_1_never_scheduled to None, run_after=None
[2024-09-24T15:51:20.355+0000] {logging_mixin.py:188} INFO - [2024-09-24T15:51:20.355+0000] {dag.py:3954} INFO - Setting next_dagrun for dataset_consumes_unknown_never_scheduled to None, run_after=None
[2024-09-24T15:51:20.359+0000] {logging_mixin.py:188} INFO - [2024-09-24T15:51:20.358+0000] {dag.py:3954} INFO - Setting next_dagrun for dataset_produces_1 to 2024-09-23 00:00:00+00:00, run_after=2024-09-24 00:00:00+00:00
[2024-09-24T15:51:20.360+0000] {logging_mixin.py:188} INFO - [2024-09-24T15:51:20.360+0000] {dag.py:3954} INFO - Setting next_dagrun for dataset_produces_2 to None, run_after=None
[2024-09-24T15:51:20.406+0000] {processor.py:183} INFO - Processing /home/airflow/.local/lib/python3.12/site-packages/airflow/example_dags/example_datasets.py took 0.189 seconds
[2024-09-24T15:51:50.537+0000] {processor.py:161} INFO - Started process (PID=1336) to work on /home/airflow/.local/lib/python3.12/site-packages/airflow/example_dags/example_datasets.py
[2024-09-24T15:51:50.539+0000] {processor.py:830} INFO - Processing file /home/airflow/.local/lib/python3.12/site-packages/airflow/example_dags/example_datasets.py for tasks to queue
[2024-09-24T15:51:50.541+0000] {logging_mixin.py:188} INFO - [2024-09-24T15:51:50.541+0000] {dagbag.py:545} INFO - Filling up the DagBag from /home/airflow/.local/lib/python3.12/site-packages/airflow/example_dags/example_datasets.py
[2024-09-24T15:51:50.560+0000] {processor.py:840} INFO - DAG(s) 'dataset_consumes_1_and_2', 'consume_1_or_both_2_and_3_with_dataset_expressions', 'dataset_produces_1', 'consume_1_or_2_with_dataset_expressions', 'consume_1_and_2_with_dataset_expressions', 'dataset_consumes_unknown_never_scheduled', 'dataset_consumes_1', 'dataset_consumes_1_never_scheduled', 'dataset_produces_2', 'conditional_dataset_and_time_based_timetable' retrieved from /home/airflow/.local/lib/python3.12/site-packages/airflow/example_dags/example_datasets.py
[2024-09-24T15:51:50.633+0000] {logging_mixin.py:188} INFO - [2024-09-24T15:51:50.633+0000] {dag.py:3096} INFO - Sync 10 DAGs
[2024-09-24T15:51:50.671+0000] {logging_mixin.py:188} INFO - [2024-09-24T15:51:50.671+0000] {dag.py:3954} INFO - Setting next_dagrun for conditional_dataset_and_time_based_timetable to 2024-09-18 01:00:00+00:00, run_after=2024-09-18 01:00:00+00:00
[2024-09-24T15:51:50.676+0000] {logging_mixin.py:188} INFO - [2024-09-24T15:51:50.676+0000] {dag.py:3954} INFO - Setting next_dagrun for consume_1_and_2_with_dataset_expressions to None, run_after=None
[2024-09-24T15:51:50.678+0000] {logging_mixin.py:188} INFO - [2024-09-24T15:51:50.677+0000] {dag.py:3954} INFO - Setting next_dagrun for consume_1_or_2_with_dataset_expressions to None, run_after=None
[2024-09-24T15:51:50.679+0000] {logging_mixin.py:188} INFO - [2024-09-24T15:51:50.679+0000] {dag.py:3954} INFO - Setting next_dagrun for consume_1_or_both_2_and_3_with_dataset_expressions to None, run_after=None
[2024-09-24T15:51:50.683+0000] {logging_mixin.py:188} INFO - [2024-09-24T15:51:50.682+0000] {dag.py:3954} INFO - Setting next_dagrun for dataset_consumes_1 to None, run_after=None
[2024-09-24T15:51:50.685+0000] {logging_mixin.py:188} INFO - [2024-09-24T15:51:50.685+0000] {dag.py:3954} INFO - Setting next_dagrun for dataset_consumes_1_and_2 to None, run_after=None
[2024-09-24T15:51:50.688+0000] {logging_mixin.py:188} INFO - [2024-09-24T15:51:50.688+0000] {dag.py:3954} INFO - Setting next_dagrun for dataset_consumes_1_never_scheduled to None, run_after=None
[2024-09-24T15:51:50.691+0000] {logging_mixin.py:188} INFO - [2024-09-24T15:51:50.691+0000] {dag.py:3954} INFO - Setting next_dagrun for dataset_consumes_unknown_never_scheduled to None, run_after=None
[2024-09-24T15:51:50.695+0000] {logging_mixin.py:188} INFO - [2024-09-24T15:51:50.695+0000] {dag.py:3954} INFO - Setting next_dagrun for dataset_produces_1 to 2024-09-23 00:00:00+00:00, run_after=2024-09-24 00:00:00+00:00
[2024-09-24T15:51:50.699+0000] {logging_mixin.py:188} INFO - [2024-09-24T15:51:50.698+0000] {dag.py:3954} INFO - Setting next_dagrun for dataset_produces_2 to None, run_after=None
[2024-09-24T15:51:50.905+0000] {processor.py:183} INFO - Processing /home/airflow/.local/lib/python3.12/site-packages/airflow/example_dags/example_datasets.py took 0.374 seconds
[2024-09-24T15:52:21.148+0000] {processor.py:161} INFO - Started process (PID=1397) to work on /home/airflow/.local/lib/python3.12/site-packages/airflow/example_dags/example_datasets.py
[2024-09-24T15:52:21.151+0000] {processor.py:830} INFO - Processing file /home/airflow/.local/lib/python3.12/site-packages/airflow/example_dags/example_datasets.py for tasks to queue
[2024-09-24T15:52:21.155+0000] {logging_mixin.py:188} INFO - [2024-09-24T15:52:21.154+0000] {dagbag.py:545} INFO - Filling up the DagBag from /home/airflow/.local/lib/python3.12/site-packages/airflow/example_dags/example_datasets.py
[2024-09-24T15:52:21.184+0000] {processor.py:840} INFO - DAG(s) 'dataset_consumes_1', 'conditional_dataset_and_time_based_timetable', 'dataset_produces_2', 'dataset_consumes_1_never_scheduled', 'dataset_consumes_1_and_2', 'consume_1_and_2_with_dataset_expressions', 'consume_1_or_both_2_and_3_with_dataset_expressions', 'dataset_consumes_unknown_never_scheduled', 'dataset_produces_1', 'consume_1_or_2_with_dataset_expressions' retrieved from /home/airflow/.local/lib/python3.12/site-packages/airflow/example_dags/example_datasets.py
[2024-09-24T15:52:21.248+0000] {logging_mixin.py:188} INFO - [2024-09-24T15:52:21.247+0000] {dag.py:3096} INFO - Sync 10 DAGs
[2024-09-24T15:52:21.278+0000] {logging_mixin.py:188} INFO - [2024-09-24T15:52:21.278+0000] {dag.py:3954} INFO - Setting next_dagrun for conditional_dataset_and_time_based_timetable to 2024-09-18 01:00:00+00:00, run_after=2024-09-18 01:00:00+00:00
[2024-09-24T15:52:21.283+0000] {logging_mixin.py:188} INFO - [2024-09-24T15:52:21.283+0000] {dag.py:3954} INFO - Setting next_dagrun for consume_1_and_2_with_dataset_expressions to None, run_after=None
[2024-09-24T15:52:21.284+0000] {logging_mixin.py:188} INFO - [2024-09-24T15:52:21.284+0000] {dag.py:3954} INFO - Setting next_dagrun for consume_1_or_2_with_dataset_expressions to None, run_after=None
[2024-09-24T15:52:21.286+0000] {logging_mixin.py:188} INFO - [2024-09-24T15:52:21.286+0000] {dag.py:3954} INFO - Setting next_dagrun for consume_1_or_both_2_and_3_with_dataset_expressions to None, run_after=None
[2024-09-24T15:52:21.287+0000] {logging_mixin.py:188} INFO - [2024-09-24T15:52:21.287+0000] {dag.py:3954} INFO - Setting next_dagrun for dataset_consumes_1 to None, run_after=None
[2024-09-24T15:52:21.289+0000] {logging_mixin.py:188} INFO - [2024-09-24T15:52:21.288+0000] {dag.py:3954} INFO - Setting next_dagrun for dataset_consumes_1_and_2 to None, run_after=None
[2024-09-24T15:52:21.290+0000] {logging_mixin.py:188} INFO - [2024-09-24T15:52:21.290+0000] {dag.py:3954} INFO - Setting next_dagrun for dataset_consumes_1_never_scheduled to None, run_after=None
[2024-09-24T15:52:21.291+0000] {logging_mixin.py:188} INFO - [2024-09-24T15:52:21.291+0000] {dag.py:3954} INFO - Setting next_dagrun for dataset_consumes_unknown_never_scheduled to None, run_after=None
[2024-09-24T15:52:21.294+0000] {logging_mixin.py:188} INFO - [2024-09-24T15:52:21.294+0000] {dag.py:3954} INFO - Setting next_dagrun for dataset_produces_1 to 2024-09-23 00:00:00+00:00, run_after=2024-09-24 00:00:00+00:00
[2024-09-24T15:52:21.296+0000] {logging_mixin.py:188} INFO - [2024-09-24T15:52:21.295+0000] {dag.py:3954} INFO - Setting next_dagrun for dataset_produces_2 to None, run_after=None
[2024-09-24T15:52:21.332+0000] {processor.py:183} INFO - Processing /home/airflow/.local/lib/python3.12/site-packages/airflow/example_dags/example_datasets.py took 0.199 seconds
[2024-09-24T15:52:51.380+0000] {processor.py:161} INFO - Started process (PID=1452) to work on /home/airflow/.local/lib/python3.12/site-packages/airflow/example_dags/example_datasets.py
[2024-09-24T15:52:51.381+0000] {processor.py:830} INFO - Processing file /home/airflow/.local/lib/python3.12/site-packages/airflow/example_dags/example_datasets.py for tasks to queue
[2024-09-24T15:52:51.383+0000] {logging_mixin.py:188} INFO - [2024-09-24T15:52:51.383+0000] {dagbag.py:545} INFO - Filling up the DagBag from /home/airflow/.local/lib/python3.12/site-packages/airflow/example_dags/example_datasets.py
[2024-09-24T15:52:51.396+0000] {processor.py:840} INFO - DAG(s) 'consume_1_or_2_with_dataset_expressions', 'consume_1_and_2_with_dataset_expressions', 'dataset_consumes_1_never_scheduled', 'conditional_dataset_and_time_based_timetable', 'dataset_produces_2', 'dataset_consumes_unknown_never_scheduled', 'dataset_consumes_1_and_2', 'dataset_produces_1', 'dataset_consumes_1', 'consume_1_or_both_2_and_3_with_dataset_expressions' retrieved from /home/airflow/.local/lib/python3.12/site-packages/airflow/example_dags/example_datasets.py
[2024-09-24T15:52:51.448+0000] {logging_mixin.py:188} INFO - [2024-09-24T15:52:51.448+0000] {dag.py:3096} INFO - Sync 10 DAGs
[2024-09-24T15:52:51.476+0000] {logging_mixin.py:188} INFO - [2024-09-24T15:52:51.476+0000] {dag.py:3954} INFO - Setting next_dagrun for conditional_dataset_and_time_based_timetable to 2024-09-18 01:00:00+00:00, run_after=2024-09-18 01:00:00+00:00
[2024-09-24T15:52:51.481+0000] {logging_mixin.py:188} INFO - [2024-09-24T15:52:51.481+0000] {dag.py:3954} INFO - Setting next_dagrun for consume_1_and_2_with_dataset_expressions to None, run_after=None
[2024-09-24T15:52:51.483+0000] {logging_mixin.py:188} INFO - [2024-09-24T15:52:51.483+0000] {dag.py:3954} INFO - Setting next_dagrun for consume_1_or_2_with_dataset_expressions to None, run_after=None
[2024-09-24T15:52:51.486+0000] {logging_mixin.py:188} INFO - [2024-09-24T15:52:51.485+0000] {dag.py:3954} INFO - Setting next_dagrun for consume_1_or_both_2_and_3_with_dataset_expressions to None, run_after=None
[2024-09-24T15:52:51.488+0000] {logging_mixin.py:188} INFO - [2024-09-24T15:52:51.487+0000] {dag.py:3954} INFO - Setting next_dagrun for dataset_consumes_1 to None, run_after=None
[2024-09-24T15:52:51.490+0000] {logging_mixin.py:188} INFO - [2024-09-24T15:52:51.490+0000] {dag.py:3954} INFO - Setting next_dagrun for dataset_consumes_1_and_2 to None, run_after=None
[2024-09-24T15:52:51.493+0000] {logging_mixin.py:188} INFO - [2024-09-24T15:52:51.493+0000] {dag.py:3954} INFO - Setting next_dagrun for dataset_consumes_1_never_scheduled to None, run_after=None
[2024-09-24T15:52:51.496+0000] {logging_mixin.py:188} INFO - [2024-09-24T15:52:51.496+0000] {dag.py:3954} INFO - Setting next_dagrun for dataset_consumes_unknown_never_scheduled to None, run_after=None
[2024-09-24T15:52:51.501+0000] {logging_mixin.py:188} INFO - [2024-09-24T15:52:51.501+0000] {dag.py:3954} INFO - Setting next_dagrun for dataset_produces_1 to 2024-09-23 00:00:00+00:00, run_after=2024-09-24 00:00:00+00:00
[2024-09-24T15:52:51.504+0000] {logging_mixin.py:188} INFO - [2024-09-24T15:52:51.504+0000] {dag.py:3954} INFO - Setting next_dagrun for dataset_produces_2 to None, run_after=None
[2024-09-24T15:52:51.557+0000] {processor.py:183} INFO - Processing /home/airflow/.local/lib/python3.12/site-packages/airflow/example_dags/example_datasets.py took 0.184 seconds
[2024-09-24T15:53:21.889+0000] {processor.py:161} INFO - Started process (PID=1510) to work on /home/airflow/.local/lib/python3.12/site-packages/airflow/example_dags/example_datasets.py
[2024-09-24T15:53:21.890+0000] {processor.py:830} INFO - Processing file /home/airflow/.local/lib/python3.12/site-packages/airflow/example_dags/example_datasets.py for tasks to queue
[2024-09-24T15:53:21.892+0000] {logging_mixin.py:188} INFO - [2024-09-24T15:53:21.892+0000] {dagbag.py:545} INFO - Filling up the DagBag from /home/airflow/.local/lib/python3.12/site-packages/airflow/example_dags/example_datasets.py
[2024-09-24T15:53:21.908+0000] {processor.py:840} INFO - DAG(s) 'dataset_consumes_1_and_2', 'consume_1_and_2_with_dataset_expressions', 'dataset_consumes_1', 'dataset_consumes_unknown_never_scheduled', 'consume_1_or_both_2_and_3_with_dataset_expressions', 'dataset_produces_1', 'dataset_consumes_1_never_scheduled', 'conditional_dataset_and_time_based_timetable', 'consume_1_or_2_with_dataset_expressions', 'dataset_produces_2' retrieved from /home/airflow/.local/lib/python3.12/site-packages/airflow/example_dags/example_datasets.py
[2024-09-24T15:53:21.967+0000] {logging_mixin.py:188} INFO - [2024-09-24T15:53:21.967+0000] {dag.py:3096} INFO - Sync 10 DAGs
[2024-09-24T15:53:22.001+0000] {logging_mixin.py:188} INFO - [2024-09-24T15:53:22.001+0000] {dag.py:3954} INFO - Setting next_dagrun for conditional_dataset_and_time_based_timetable to 2024-09-18 01:00:00+00:00, run_after=2024-09-18 01:00:00+00:00
[2024-09-24T15:53:22.006+0000] {logging_mixin.py:188} INFO - [2024-09-24T15:53:22.006+0000] {dag.py:3954} INFO - Setting next_dagrun for consume_1_and_2_with_dataset_expressions to None, run_after=None
[2024-09-24T15:53:22.008+0000] {logging_mixin.py:188} INFO - [2024-09-24T15:53:22.007+0000] {dag.py:3954} INFO - Setting next_dagrun for consume_1_or_2_with_dataset_expressions to None, run_after=None
[2024-09-24T15:53:22.009+0000] {logging_mixin.py:188} INFO - [2024-09-24T15:53:22.009+0000] {dag.py:3954} INFO - Setting next_dagrun for consume_1_or_both_2_and_3_with_dataset_expressions to None, run_after=None
[2024-09-24T15:53:22.011+0000] {logging_mixin.py:188} INFO - [2024-09-24T15:53:22.011+0000] {dag.py:3954} INFO - Setting next_dagrun for dataset_consumes_1 to None, run_after=None
[2024-09-24T15:53:22.013+0000] {logging_mixin.py:188} INFO - [2024-09-24T15:53:22.013+0000] {dag.py:3954} INFO - Setting next_dagrun for dataset_consumes_1_and_2 to None, run_after=None
[2024-09-24T15:53:22.017+0000] {logging_mixin.py:188} INFO - [2024-09-24T15:53:22.016+0000] {dag.py:3954} INFO - Setting next_dagrun for dataset_consumes_1_never_scheduled to None, run_after=None
[2024-09-24T15:53:22.019+0000] {logging_mixin.py:188} INFO - [2024-09-24T15:53:22.019+0000] {dag.py:3954} INFO - Setting next_dagrun for dataset_consumes_unknown_never_scheduled to None, run_after=None
[2024-09-24T15:53:22.022+0000] {logging_mixin.py:188} INFO - [2024-09-24T15:53:22.022+0000] {dag.py:3954} INFO - Setting next_dagrun for dataset_produces_1 to 2024-09-23 00:00:00+00:00, run_after=2024-09-24 00:00:00+00:00
[2024-09-24T15:53:22.024+0000] {logging_mixin.py:188} INFO - [2024-09-24T15:53:22.024+0000] {dag.py:3954} INFO - Setting next_dagrun for dataset_produces_2 to None, run_after=None
[2024-09-24T15:53:22.061+0000] {processor.py:183} INFO - Processing /home/airflow/.local/lib/python3.12/site-packages/airflow/example_dags/example_datasets.py took 0.178 seconds
