[2024-09-24T15:40:43.520+0000] {processor.py:161} INFO - Started process (PID=71) to work on /home/airflow/.local/lib/python3.12/site-packages/airflow/example_dags/example_setup_teardown.py
[2024-09-24T15:40:43.522+0000] {processor.py:830} INFO - Processing file /home/airflow/.local/lib/python3.12/site-packages/airflow/example_dags/example_setup_teardown.py for tasks to queue
[2024-09-24T15:40:43.525+0000] {logging_mixin.py:188} INFO - [2024-09-24T15:40:43.525+0000] {dagbag.py:545} INFO - Filling up the DagBag from /home/airflow/.local/lib/python3.12/site-packages/airflow/example_dags/example_setup_teardown.py
[2024-09-24T15:40:43.536+0000] {processor.py:840} INFO - DAG(s) 'example_setup_teardown' retrieved from /home/airflow/.local/lib/python3.12/site-packages/airflow/example_dags/example_setup_teardown.py
[2024-09-24T15:40:43.766+0000] {logging_mixin.py:188} INFO - [2024-09-24T15:40:43.765+0000] {dag.py:3096} INFO - Sync 1 DAGs
[2024-09-24T15:40:43.809+0000] {logging_mixin.py:188} INFO - [2024-09-24T15:40:43.809+0000] {dag.py:3954} INFO - Setting next_dagrun for example_setup_teardown to 2024-09-23 00:00:00+00:00, run_after=2024-09-24 00:00:00+00:00
[2024-09-24T15:40:43.859+0000] {processor.py:183} INFO - Processing /home/airflow/.local/lib/python3.12/site-packages/airflow/example_dags/example_setup_teardown.py took 0.351 seconds
[2024-09-24T15:41:14.170+0000] {processor.py:161} INFO - Started process (PID=129) to work on /home/airflow/.local/lib/python3.12/site-packages/airflow/example_dags/example_setup_teardown.py
[2024-09-24T15:41:14.172+0000] {processor.py:830} INFO - Processing file /home/airflow/.local/lib/python3.12/site-packages/airflow/example_dags/example_setup_teardown.py for tasks to queue
[2024-09-24T15:41:14.174+0000] {logging_mixin.py:188} INFO - [2024-09-24T15:41:14.173+0000] {dagbag.py:545} INFO - Filling up the DagBag from /home/airflow/.local/lib/python3.12/site-packages/airflow/example_dags/example_setup_teardown.py
[2024-09-24T15:41:14.182+0000] {processor.py:840} INFO - DAG(s) 'example_setup_teardown' retrieved from /home/airflow/.local/lib/python3.12/site-packages/airflow/example_dags/example_setup_teardown.py
[2024-09-24T15:41:14.205+0000] {logging_mixin.py:188} INFO - [2024-09-24T15:41:14.204+0000] {dag.py:3096} INFO - Sync 1 DAGs
[2024-09-24T15:41:14.230+0000] {logging_mixin.py:188} INFO - [2024-09-24T15:41:14.230+0000] {dag.py:3954} INFO - Setting next_dagrun for example_setup_teardown to 2024-09-23 00:00:00+00:00, run_after=2024-09-24 00:00:00+00:00
[2024-09-24T15:41:14.250+0000] {processor.py:183} INFO - Processing /home/airflow/.local/lib/python3.12/site-packages/airflow/example_dags/example_setup_teardown.py took 0.088 seconds
[2024-09-24T15:41:44.424+0000] {processor.py:161} INFO - Started process (PID=187) to work on /home/airflow/.local/lib/python3.12/site-packages/airflow/example_dags/example_setup_teardown.py
[2024-09-24T15:41:44.426+0000] {processor.py:830} INFO - Processing file /home/airflow/.local/lib/python3.12/site-packages/airflow/example_dags/example_setup_teardown.py for tasks to queue
[2024-09-24T15:41:44.429+0000] {logging_mixin.py:188} INFO - [2024-09-24T15:41:44.429+0000] {dagbag.py:545} INFO - Filling up the DagBag from /home/airflow/.local/lib/python3.12/site-packages/airflow/example_dags/example_setup_teardown.py
[2024-09-24T15:41:44.440+0000] {processor.py:840} INFO - DAG(s) 'example_setup_teardown' retrieved from /home/airflow/.local/lib/python3.12/site-packages/airflow/example_dags/example_setup_teardown.py
[2024-09-24T15:41:44.471+0000] {logging_mixin.py:188} INFO - [2024-09-24T15:41:44.471+0000] {dag.py:3096} INFO - Sync 1 DAGs
[2024-09-24T15:41:44.506+0000] {logging_mixin.py:188} INFO - [2024-09-24T15:41:44.506+0000] {dag.py:3954} INFO - Setting next_dagrun for example_setup_teardown to 2024-09-23 00:00:00+00:00, run_after=2024-09-24 00:00:00+00:00
[2024-09-24T15:41:44.527+0000] {processor.py:183} INFO - Processing /home/airflow/.local/lib/python3.12/site-packages/airflow/example_dags/example_setup_teardown.py took 0.110 seconds
[2024-09-24T15:42:15.022+0000] {processor.py:161} INFO - Started process (PID=245) to work on /home/airflow/.local/lib/python3.12/site-packages/airflow/example_dags/example_setup_teardown.py
[2024-09-24T15:42:15.023+0000] {processor.py:830} INFO - Processing file /home/airflow/.local/lib/python3.12/site-packages/airflow/example_dags/example_setup_teardown.py for tasks to queue
[2024-09-24T15:42:15.025+0000] {logging_mixin.py:188} INFO - [2024-09-24T15:42:15.025+0000] {dagbag.py:545} INFO - Filling up the DagBag from /home/airflow/.local/lib/python3.12/site-packages/airflow/example_dags/example_setup_teardown.py
[2024-09-24T15:42:15.032+0000] {processor.py:840} INFO - DAG(s) 'example_setup_teardown' retrieved from /home/airflow/.local/lib/python3.12/site-packages/airflow/example_dags/example_setup_teardown.py
[2024-09-24T15:42:15.053+0000] {logging_mixin.py:188} INFO - [2024-09-24T15:42:15.053+0000] {dag.py:3096} INFO - Sync 1 DAGs
[2024-09-24T15:42:15.077+0000] {logging_mixin.py:188} INFO - [2024-09-24T15:42:15.077+0000] {dag.py:3954} INFO - Setting next_dagrun for example_setup_teardown to 2024-09-23 00:00:00+00:00, run_after=2024-09-24 00:00:00+00:00
[2024-09-24T15:42:15.099+0000] {processor.py:183} INFO - Processing /home/airflow/.local/lib/python3.12/site-packages/airflow/example_dags/example_setup_teardown.py took 0.084 seconds
[2024-09-24T15:42:45.366+0000] {processor.py:161} INFO - Started process (PID=303) to work on /home/airflow/.local/lib/python3.12/site-packages/airflow/example_dags/example_setup_teardown.py
[2024-09-24T15:42:45.367+0000] {processor.py:830} INFO - Processing file /home/airflow/.local/lib/python3.12/site-packages/airflow/example_dags/example_setup_teardown.py for tasks to queue
[2024-09-24T15:42:45.369+0000] {logging_mixin.py:188} INFO - [2024-09-24T15:42:45.369+0000] {dagbag.py:545} INFO - Filling up the DagBag from /home/airflow/.local/lib/python3.12/site-packages/airflow/example_dags/example_setup_teardown.py
[2024-09-24T15:42:45.376+0000] {processor.py:840} INFO - DAG(s) 'example_setup_teardown' retrieved from /home/airflow/.local/lib/python3.12/site-packages/airflow/example_dags/example_setup_teardown.py
[2024-09-24T15:42:45.397+0000] {logging_mixin.py:188} INFO - [2024-09-24T15:42:45.397+0000] {dag.py:3096} INFO - Sync 1 DAGs
[2024-09-24T15:42:45.424+0000] {logging_mixin.py:188} INFO - [2024-09-24T15:42:45.424+0000] {dag.py:3954} INFO - Setting next_dagrun for example_setup_teardown to 2024-09-23 00:00:00+00:00, run_after=2024-09-24 00:00:00+00:00
[2024-09-24T15:42:45.445+0000] {processor.py:183} INFO - Processing /home/airflow/.local/lib/python3.12/site-packages/airflow/example_dags/example_setup_teardown.py took 0.085 seconds
[2024-09-24T15:43:16.036+0000] {processor.py:161} INFO - Started process (PID=361) to work on /home/airflow/.local/lib/python3.12/site-packages/airflow/example_dags/example_setup_teardown.py
[2024-09-24T15:43:16.038+0000] {processor.py:830} INFO - Processing file /home/airflow/.local/lib/python3.12/site-packages/airflow/example_dags/example_setup_teardown.py for tasks to queue
[2024-09-24T15:43:16.040+0000] {logging_mixin.py:188} INFO - [2024-09-24T15:43:16.039+0000] {dagbag.py:545} INFO - Filling up the DagBag from /home/airflow/.local/lib/python3.12/site-packages/airflow/example_dags/example_setup_teardown.py
[2024-09-24T15:43:16.048+0000] {processor.py:840} INFO - DAG(s) 'example_setup_teardown' retrieved from /home/airflow/.local/lib/python3.12/site-packages/airflow/example_dags/example_setup_teardown.py
[2024-09-24T15:43:16.071+0000] {logging_mixin.py:188} INFO - [2024-09-24T15:43:16.071+0000] {dag.py:3096} INFO - Sync 1 DAGs
[2024-09-24T15:43:16.096+0000] {logging_mixin.py:188} INFO - [2024-09-24T15:43:16.096+0000] {dag.py:3954} INFO - Setting next_dagrun for example_setup_teardown to 2024-09-23 00:00:00+00:00, run_after=2024-09-24 00:00:00+00:00
[2024-09-24T15:43:16.119+0000] {processor.py:183} INFO - Processing /home/airflow/.local/lib/python3.12/site-packages/airflow/example_dags/example_setup_teardown.py took 0.090 seconds
[2024-09-24T15:43:46.243+0000] {processor.py:161} INFO - Started process (PID=419) to work on /home/airflow/.local/lib/python3.12/site-packages/airflow/example_dags/example_setup_teardown.py
[2024-09-24T15:43:46.244+0000] {processor.py:830} INFO - Processing file /home/airflow/.local/lib/python3.12/site-packages/airflow/example_dags/example_setup_teardown.py for tasks to queue
[2024-09-24T15:43:46.246+0000] {logging_mixin.py:188} INFO - [2024-09-24T15:43:46.245+0000] {dagbag.py:545} INFO - Filling up the DagBag from /home/airflow/.local/lib/python3.12/site-packages/airflow/example_dags/example_setup_teardown.py
[2024-09-24T15:43:46.253+0000] {processor.py:840} INFO - DAG(s) 'example_setup_teardown' retrieved from /home/airflow/.local/lib/python3.12/site-packages/airflow/example_dags/example_setup_teardown.py
[2024-09-24T15:43:46.275+0000] {logging_mixin.py:188} INFO - [2024-09-24T15:43:46.274+0000] {dag.py:3096} INFO - Sync 1 DAGs
[2024-09-24T15:43:46.299+0000] {logging_mixin.py:188} INFO - [2024-09-24T15:43:46.298+0000] {dag.py:3954} INFO - Setting next_dagrun for example_setup_teardown to 2024-09-23 00:00:00+00:00, run_after=2024-09-24 00:00:00+00:00
[2024-09-24T15:43:46.318+0000] {processor.py:183} INFO - Processing /home/airflow/.local/lib/python3.12/site-packages/airflow/example_dags/example_setup_teardown.py took 0.082 seconds
[2024-09-24T15:44:16.880+0000] {processor.py:161} INFO - Started process (PID=477) to work on /home/airflow/.local/lib/python3.12/site-packages/airflow/example_dags/example_setup_teardown.py
[2024-09-24T15:44:16.882+0000] {processor.py:830} INFO - Processing file /home/airflow/.local/lib/python3.12/site-packages/airflow/example_dags/example_setup_teardown.py for tasks to queue
[2024-09-24T15:44:16.884+0000] {logging_mixin.py:188} INFO - [2024-09-24T15:44:16.884+0000] {dagbag.py:545} INFO - Filling up the DagBag from /home/airflow/.local/lib/python3.12/site-packages/airflow/example_dags/example_setup_teardown.py
[2024-09-24T15:44:16.895+0000] {processor.py:840} INFO - DAG(s) 'example_setup_teardown' retrieved from /home/airflow/.local/lib/python3.12/site-packages/airflow/example_dags/example_setup_teardown.py
[2024-09-24T15:44:16.917+0000] {logging_mixin.py:188} INFO - [2024-09-24T15:44:16.917+0000] {dag.py:3096} INFO - Sync 1 DAGs
[2024-09-24T15:44:16.947+0000] {logging_mixin.py:188} INFO - [2024-09-24T15:44:16.947+0000] {dag.py:3954} INFO - Setting next_dagrun for example_setup_teardown to 2024-09-23 00:00:00+00:00, run_after=2024-09-24 00:00:00+00:00
[2024-09-24T15:44:16.978+0000] {processor.py:183} INFO - Processing /home/airflow/.local/lib/python3.12/site-packages/airflow/example_dags/example_setup_teardown.py took 0.106 seconds
[2024-09-24T15:44:47.248+0000] {processor.py:161} INFO - Started process (PID=535) to work on /home/airflow/.local/lib/python3.12/site-packages/airflow/example_dags/example_setup_teardown.py
[2024-09-24T15:44:47.250+0000] {processor.py:830} INFO - Processing file /home/airflow/.local/lib/python3.12/site-packages/airflow/example_dags/example_setup_teardown.py for tasks to queue
[2024-09-24T15:44:47.252+0000] {logging_mixin.py:188} INFO - [2024-09-24T15:44:47.252+0000] {dagbag.py:545} INFO - Filling up the DagBag from /home/airflow/.local/lib/python3.12/site-packages/airflow/example_dags/example_setup_teardown.py
[2024-09-24T15:44:47.260+0000] {processor.py:840} INFO - DAG(s) 'example_setup_teardown' retrieved from /home/airflow/.local/lib/python3.12/site-packages/airflow/example_dags/example_setup_teardown.py
[2024-09-24T15:44:47.286+0000] {logging_mixin.py:188} INFO - [2024-09-24T15:44:47.285+0000] {dag.py:3096} INFO - Sync 1 DAGs
[2024-09-24T15:44:47.319+0000] {logging_mixin.py:188} INFO - [2024-09-24T15:44:47.319+0000] {dag.py:3954} INFO - Setting next_dagrun for example_setup_teardown to 2024-09-23 00:00:00+00:00, run_after=2024-09-24 00:00:00+00:00
[2024-09-24T15:44:47.341+0000] {processor.py:183} INFO - Processing /home/airflow/.local/lib/python3.12/site-packages/airflow/example_dags/example_setup_teardown.py took 0.100 seconds
[2024-09-24T15:45:17.452+0000] {processor.py:161} INFO - Started process (PID=593) to work on /home/airflow/.local/lib/python3.12/site-packages/airflow/example_dags/example_setup_teardown.py
[2024-09-24T15:45:17.453+0000] {processor.py:830} INFO - Processing file /home/airflow/.local/lib/python3.12/site-packages/airflow/example_dags/example_setup_teardown.py for tasks to queue
[2024-09-24T15:45:17.455+0000] {logging_mixin.py:188} INFO - [2024-09-24T15:45:17.455+0000] {dagbag.py:545} INFO - Filling up the DagBag from /home/airflow/.local/lib/python3.12/site-packages/airflow/example_dags/example_setup_teardown.py
[2024-09-24T15:45:17.463+0000] {processor.py:840} INFO - DAG(s) 'example_setup_teardown' retrieved from /home/airflow/.local/lib/python3.12/site-packages/airflow/example_dags/example_setup_teardown.py
[2024-09-24T15:45:17.483+0000] {logging_mixin.py:188} INFO - [2024-09-24T15:45:17.483+0000] {dag.py:3096} INFO - Sync 1 DAGs
[2024-09-24T15:45:17.509+0000] {logging_mixin.py:188} INFO - [2024-09-24T15:45:17.509+0000] {dag.py:3954} INFO - Setting next_dagrun for example_setup_teardown to 2024-09-23 00:00:00+00:00, run_after=2024-09-24 00:00:00+00:00
[2024-09-24T15:45:17.528+0000] {processor.py:183} INFO - Processing /home/airflow/.local/lib/python3.12/site-packages/airflow/example_dags/example_setup_teardown.py took 0.083 seconds
[2024-09-24T15:45:47.672+0000] {processor.py:161} INFO - Started process (PID=651) to work on /home/airflow/.local/lib/python3.12/site-packages/airflow/example_dags/example_setup_teardown.py
[2024-09-24T15:45:47.673+0000] {processor.py:830} INFO - Processing file /home/airflow/.local/lib/python3.12/site-packages/airflow/example_dags/example_setup_teardown.py for tasks to queue
[2024-09-24T15:45:47.675+0000] {logging_mixin.py:188} INFO - [2024-09-24T15:45:47.675+0000] {dagbag.py:545} INFO - Filling up the DagBag from /home/airflow/.local/lib/python3.12/site-packages/airflow/example_dags/example_setup_teardown.py
[2024-09-24T15:45:47.682+0000] {processor.py:840} INFO - DAG(s) 'example_setup_teardown' retrieved from /home/airflow/.local/lib/python3.12/site-packages/airflow/example_dags/example_setup_teardown.py
[2024-09-24T15:45:47.704+0000] {logging_mixin.py:188} INFO - [2024-09-24T15:45:47.704+0000] {dag.py:3096} INFO - Sync 1 DAGs
[2024-09-24T15:45:47.730+0000] {logging_mixin.py:188} INFO - [2024-09-24T15:45:47.730+0000] {dag.py:3954} INFO - Setting next_dagrun for example_setup_teardown to 2024-09-23 00:00:00+00:00, run_after=2024-09-24 00:00:00+00:00
[2024-09-24T15:45:47.748+0000] {processor.py:183} INFO - Processing /home/airflow/.local/lib/python3.12/site-packages/airflow/example_dags/example_setup_teardown.py took 0.083 seconds
[2024-09-24T15:46:18.276+0000] {processor.py:161} INFO - Started process (PID=709) to work on /home/airflow/.local/lib/python3.12/site-packages/airflow/example_dags/example_setup_teardown.py
[2024-09-24T15:46:18.278+0000] {processor.py:830} INFO - Processing file /home/airflow/.local/lib/python3.12/site-packages/airflow/example_dags/example_setup_teardown.py for tasks to queue
[2024-09-24T15:46:18.280+0000] {logging_mixin.py:188} INFO - [2024-09-24T15:46:18.280+0000] {dagbag.py:545} INFO - Filling up the DagBag from /home/airflow/.local/lib/python3.12/site-packages/airflow/example_dags/example_setup_teardown.py
[2024-09-24T15:46:18.291+0000] {processor.py:840} INFO - DAG(s) 'example_setup_teardown' retrieved from /home/airflow/.local/lib/python3.12/site-packages/airflow/example_dags/example_setup_teardown.py
[2024-09-24T15:46:18.319+0000] {logging_mixin.py:188} INFO - [2024-09-24T15:46:18.318+0000] {dag.py:3096} INFO - Sync 1 DAGs
[2024-09-24T15:46:18.359+0000] {logging_mixin.py:188} INFO - [2024-09-24T15:46:18.359+0000] {dag.py:3954} INFO - Setting next_dagrun for example_setup_teardown to 2024-09-23 00:00:00+00:00, run_after=2024-09-24 00:00:00+00:00
[2024-09-24T15:46:18.380+0000] {processor.py:183} INFO - Processing /home/airflow/.local/lib/python3.12/site-packages/airflow/example_dags/example_setup_teardown.py took 0.110 seconds
[2024-09-24T15:46:48.676+0000] {processor.py:161} INFO - Started process (PID=767) to work on /home/airflow/.local/lib/python3.12/site-packages/airflow/example_dags/example_setup_teardown.py
[2024-09-24T15:46:48.678+0000] {processor.py:830} INFO - Processing file /home/airflow/.local/lib/python3.12/site-packages/airflow/example_dags/example_setup_teardown.py for tasks to queue
[2024-09-24T15:46:48.680+0000] {logging_mixin.py:188} INFO - [2024-09-24T15:46:48.679+0000] {dagbag.py:545} INFO - Filling up the DagBag from /home/airflow/.local/lib/python3.12/site-packages/airflow/example_dags/example_setup_teardown.py
[2024-09-24T15:46:48.688+0000] {processor.py:840} INFO - DAG(s) 'example_setup_teardown' retrieved from /home/airflow/.local/lib/python3.12/site-packages/airflow/example_dags/example_setup_teardown.py
[2024-09-24T15:46:48.711+0000] {logging_mixin.py:188} INFO - [2024-09-24T15:46:48.711+0000] {dag.py:3096} INFO - Sync 1 DAGs
[2024-09-24T15:46:48.737+0000] {logging_mixin.py:188} INFO - [2024-09-24T15:46:48.737+0000] {dag.py:3954} INFO - Setting next_dagrun for example_setup_teardown to 2024-09-23 00:00:00+00:00, run_after=2024-09-24 00:00:00+00:00
[2024-09-24T15:46:48.757+0000] {processor.py:183} INFO - Processing /home/airflow/.local/lib/python3.12/site-packages/airflow/example_dags/example_setup_teardown.py took 0.087 seconds
[2024-09-24T15:47:18.987+0000] {processor.py:161} INFO - Started process (PID=825) to work on /home/airflow/.local/lib/python3.12/site-packages/airflow/example_dags/example_setup_teardown.py
[2024-09-24T15:47:18.988+0000] {processor.py:830} INFO - Processing file /home/airflow/.local/lib/python3.12/site-packages/airflow/example_dags/example_setup_teardown.py for tasks to queue
[2024-09-24T15:47:18.992+0000] {logging_mixin.py:188} INFO - [2024-09-24T15:47:18.991+0000] {dagbag.py:545} INFO - Filling up the DagBag from /home/airflow/.local/lib/python3.12/site-packages/airflow/example_dags/example_setup_teardown.py
[2024-09-24T15:47:19.006+0000] {processor.py:840} INFO - DAG(s) 'example_setup_teardown' retrieved from /home/airflow/.local/lib/python3.12/site-packages/airflow/example_dags/example_setup_teardown.py
[2024-09-24T15:47:19.043+0000] {logging_mixin.py:188} INFO - [2024-09-24T15:47:19.043+0000] {dag.py:3096} INFO - Sync 1 DAGs
[2024-09-24T15:47:19.080+0000] {logging_mixin.py:188} INFO - [2024-09-24T15:47:19.080+0000] {dag.py:3954} INFO - Setting next_dagrun for example_setup_teardown to 2024-09-23 00:00:00+00:00, run_after=2024-09-24 00:00:00+00:00
[2024-09-24T15:47:19.102+0000] {processor.py:183} INFO - Processing /home/airflow/.local/lib/python3.12/site-packages/airflow/example_dags/example_setup_teardown.py took 0.128 seconds
[2024-09-24T15:47:49.169+0000] {processor.py:161} INFO - Started process (PID=883) to work on /home/airflow/.local/lib/python3.12/site-packages/airflow/example_dags/example_setup_teardown.py
[2024-09-24T15:47:49.171+0000] {processor.py:830} INFO - Processing file /home/airflow/.local/lib/python3.12/site-packages/airflow/example_dags/example_setup_teardown.py for tasks to queue
[2024-09-24T15:47:49.173+0000] {logging_mixin.py:188} INFO - [2024-09-24T15:47:49.172+0000] {dagbag.py:545} INFO - Filling up the DagBag from /home/airflow/.local/lib/python3.12/site-packages/airflow/example_dags/example_setup_teardown.py
[2024-09-24T15:47:49.180+0000] {processor.py:840} INFO - DAG(s) 'example_setup_teardown' retrieved from /home/airflow/.local/lib/python3.12/site-packages/airflow/example_dags/example_setup_teardown.py
[2024-09-24T15:47:49.202+0000] {logging_mixin.py:188} INFO - [2024-09-24T15:47:49.201+0000] {dag.py:3096} INFO - Sync 1 DAGs
[2024-09-24T15:47:49.228+0000] {logging_mixin.py:188} INFO - [2024-09-24T15:47:49.228+0000] {dag.py:3954} INFO - Setting next_dagrun for example_setup_teardown to 2024-09-23 00:00:00+00:00, run_after=2024-09-24 00:00:00+00:00
[2024-09-24T15:47:49.247+0000] {processor.py:183} INFO - Processing /home/airflow/.local/lib/python3.12/site-packages/airflow/example_dags/example_setup_teardown.py took 0.083 seconds
[2024-09-24T15:48:19.538+0000] {processor.py:161} INFO - Started process (PID=941) to work on /home/airflow/.local/lib/python3.12/site-packages/airflow/example_dags/example_setup_teardown.py
[2024-09-24T15:48:19.539+0000] {processor.py:830} INFO - Processing file /home/airflow/.local/lib/python3.12/site-packages/airflow/example_dags/example_setup_teardown.py for tasks to queue
[2024-09-24T15:48:19.541+0000] {logging_mixin.py:188} INFO - [2024-09-24T15:48:19.540+0000] {dagbag.py:545} INFO - Filling up the DagBag from /home/airflow/.local/lib/python3.12/site-packages/airflow/example_dags/example_setup_teardown.py
[2024-09-24T15:48:19.548+0000] {processor.py:840} INFO - DAG(s) 'example_setup_teardown' retrieved from /home/airflow/.local/lib/python3.12/site-packages/airflow/example_dags/example_setup_teardown.py
[2024-09-24T15:48:19.569+0000] {logging_mixin.py:188} INFO - [2024-09-24T15:48:19.569+0000] {dag.py:3096} INFO - Sync 1 DAGs
[2024-09-24T15:48:19.592+0000] {logging_mixin.py:188} INFO - [2024-09-24T15:48:19.592+0000] {dag.py:3954} INFO - Setting next_dagrun for example_setup_teardown to 2024-09-23 00:00:00+00:00, run_after=2024-09-24 00:00:00+00:00
[2024-09-24T15:48:19.611+0000] {processor.py:183} INFO - Processing /home/airflow/.local/lib/python3.12/site-packages/airflow/example_dags/example_setup_teardown.py took 0.079 seconds
[2024-09-24T15:48:50.161+0000] {processor.py:161} INFO - Started process (PID=999) to work on /home/airflow/.local/lib/python3.12/site-packages/airflow/example_dags/example_setup_teardown.py
[2024-09-24T15:48:50.163+0000] {processor.py:830} INFO - Processing file /home/airflow/.local/lib/python3.12/site-packages/airflow/example_dags/example_setup_teardown.py for tasks to queue
[2024-09-24T15:48:50.166+0000] {logging_mixin.py:188} INFO - [2024-09-24T15:48:50.165+0000] {dagbag.py:545} INFO - Filling up the DagBag from /home/airflow/.local/lib/python3.12/site-packages/airflow/example_dags/example_setup_teardown.py
[2024-09-24T15:48:50.177+0000] {processor.py:840} INFO - DAG(s) 'example_setup_teardown' retrieved from /home/airflow/.local/lib/python3.12/site-packages/airflow/example_dags/example_setup_teardown.py
[2024-09-24T15:48:50.210+0000] {logging_mixin.py:188} INFO - [2024-09-24T15:48:50.209+0000] {dag.py:3096} INFO - Sync 1 DAGs
[2024-09-24T15:48:50.237+0000] {logging_mixin.py:188} INFO - [2024-09-24T15:48:50.237+0000] {dag.py:3954} INFO - Setting next_dagrun for example_setup_teardown to 2024-09-23 00:00:00+00:00, run_after=2024-09-24 00:00:00+00:00
[2024-09-24T15:48:50.256+0000] {processor.py:183} INFO - Processing /home/airflow/.local/lib/python3.12/site-packages/airflow/example_dags/example_setup_teardown.py took 0.104 seconds
[2024-09-24T15:49:20.467+0000] {processor.py:161} INFO - Started process (PID=1058) to work on /home/airflow/.local/lib/python3.12/site-packages/airflow/example_dags/example_setup_teardown.py
[2024-09-24T15:49:20.468+0000] {processor.py:830} INFO - Processing file /home/airflow/.local/lib/python3.12/site-packages/airflow/example_dags/example_setup_teardown.py for tasks to queue
[2024-09-24T15:49:20.470+0000] {logging_mixin.py:188} INFO - [2024-09-24T15:49:20.470+0000] {dagbag.py:545} INFO - Filling up the DagBag from /home/airflow/.local/lib/python3.12/site-packages/airflow/example_dags/example_setup_teardown.py
[2024-09-24T15:49:20.478+0000] {processor.py:840} INFO - DAG(s) 'example_setup_teardown' retrieved from /home/airflow/.local/lib/python3.12/site-packages/airflow/example_dags/example_setup_teardown.py
[2024-09-24T15:49:20.501+0000] {logging_mixin.py:188} INFO - [2024-09-24T15:49:20.501+0000] {dag.py:3096} INFO - Sync 1 DAGs
[2024-09-24T15:49:20.525+0000] {logging_mixin.py:188} INFO - [2024-09-24T15:49:20.525+0000] {dag.py:3954} INFO - Setting next_dagrun for example_setup_teardown to 2024-09-23 00:00:00+00:00, run_after=2024-09-24 00:00:00+00:00
[2024-09-24T15:49:20.545+0000] {processor.py:183} INFO - Processing /home/airflow/.local/lib/python3.12/site-packages/airflow/example_dags/example_setup_teardown.py took 0.085 seconds
[2024-09-24T15:49:50.882+0000] {processor.py:161} INFO - Started process (PID=1116) to work on /home/airflow/.local/lib/python3.12/site-packages/airflow/example_dags/example_setup_teardown.py
[2024-09-24T15:49:50.884+0000] {processor.py:830} INFO - Processing file /home/airflow/.local/lib/python3.12/site-packages/airflow/example_dags/example_setup_teardown.py for tasks to queue
[2024-09-24T15:49:50.886+0000] {logging_mixin.py:188} INFO - [2024-09-24T15:49:50.886+0000] {dagbag.py:545} INFO - Filling up the DagBag from /home/airflow/.local/lib/python3.12/site-packages/airflow/example_dags/example_setup_teardown.py
[2024-09-24T15:49:50.893+0000] {processor.py:840} INFO - DAG(s) 'example_setup_teardown' retrieved from /home/airflow/.local/lib/python3.12/site-packages/airflow/example_dags/example_setup_teardown.py
[2024-09-24T15:49:50.916+0000] {logging_mixin.py:188} INFO - [2024-09-24T15:49:50.915+0000] {dag.py:3096} INFO - Sync 1 DAGs
[2024-09-24T15:49:50.939+0000] {logging_mixin.py:188} INFO - [2024-09-24T15:49:50.939+0000] {dag.py:3954} INFO - Setting next_dagrun for example_setup_teardown to 2024-09-23 00:00:00+00:00, run_after=2024-09-24 00:00:00+00:00
[2024-09-24T15:49:50.960+0000] {processor.py:183} INFO - Processing /home/airflow/.local/lib/python3.12/site-packages/airflow/example_dags/example_setup_teardown.py took 0.085 seconds
[2024-09-24T15:50:21.348+0000] {processor.py:161} INFO - Started process (PID=1174) to work on /home/airflow/.local/lib/python3.12/site-packages/airflow/example_dags/example_setup_teardown.py
[2024-09-24T15:50:21.349+0000] {processor.py:830} INFO - Processing file /home/airflow/.local/lib/python3.12/site-packages/airflow/example_dags/example_setup_teardown.py for tasks to queue
[2024-09-24T15:50:21.351+0000] {logging_mixin.py:188} INFO - [2024-09-24T15:50:21.351+0000] {dagbag.py:545} INFO - Filling up the DagBag from /home/airflow/.local/lib/python3.12/site-packages/airflow/example_dags/example_setup_teardown.py
[2024-09-24T15:50:21.359+0000] {processor.py:840} INFO - DAG(s) 'example_setup_teardown' retrieved from /home/airflow/.local/lib/python3.12/site-packages/airflow/example_dags/example_setup_teardown.py
[2024-09-24T15:50:21.381+0000] {logging_mixin.py:188} INFO - [2024-09-24T15:50:21.381+0000] {dag.py:3096} INFO - Sync 1 DAGs
[2024-09-24T15:50:21.406+0000] {logging_mixin.py:188} INFO - [2024-09-24T15:50:21.406+0000] {dag.py:3954} INFO - Setting next_dagrun for example_setup_teardown to 2024-09-23 00:00:00+00:00, run_after=2024-09-24 00:00:00+00:00
[2024-09-24T15:50:21.427+0000] {processor.py:183} INFO - Processing /home/airflow/.local/lib/python3.12/site-packages/airflow/example_dags/example_setup_teardown.py took 0.086 seconds
[2024-09-24T15:50:51.533+0000] {processor.py:161} INFO - Started process (PID=1233) to work on /home/airflow/.local/lib/python3.12/site-packages/airflow/example_dags/example_setup_teardown.py
[2024-09-24T15:50:51.534+0000] {processor.py:830} INFO - Processing file /home/airflow/.local/lib/python3.12/site-packages/airflow/example_dags/example_setup_teardown.py for tasks to queue
[2024-09-24T15:50:51.536+0000] {logging_mixin.py:188} INFO - [2024-09-24T15:50:51.536+0000] {dagbag.py:545} INFO - Filling up the DagBag from /home/airflow/.local/lib/python3.12/site-packages/airflow/example_dags/example_setup_teardown.py
[2024-09-24T15:50:51.543+0000] {processor.py:840} INFO - DAG(s) 'example_setup_teardown' retrieved from /home/airflow/.local/lib/python3.12/site-packages/airflow/example_dags/example_setup_teardown.py
[2024-09-24T15:50:51.565+0000] {logging_mixin.py:188} INFO - [2024-09-24T15:50:51.564+0000] {dag.py:3096} INFO - Sync 1 DAGs
[2024-09-24T15:50:51.587+0000] {logging_mixin.py:188} INFO - [2024-09-24T15:50:51.587+0000] {dag.py:3954} INFO - Setting next_dagrun for example_setup_teardown to 2024-09-23 00:00:00+00:00, run_after=2024-09-24 00:00:00+00:00
[2024-09-24T15:50:51.608+0000] {processor.py:183} INFO - Processing /home/airflow/.local/lib/python3.12/site-packages/airflow/example_dags/example_setup_teardown.py took 0.082 seconds
[2024-09-24T15:51:22.007+0000] {processor.py:161} INFO - Started process (PID=1291) to work on /home/airflow/.local/lib/python3.12/site-packages/airflow/example_dags/example_setup_teardown.py
[2024-09-24T15:51:22.008+0000] {processor.py:830} INFO - Processing file /home/airflow/.local/lib/python3.12/site-packages/airflow/example_dags/example_setup_teardown.py for tasks to queue
[2024-09-24T15:51:22.011+0000] {logging_mixin.py:188} INFO - [2024-09-24T15:51:22.011+0000] {dagbag.py:545} INFO - Filling up the DagBag from /home/airflow/.local/lib/python3.12/site-packages/airflow/example_dags/example_setup_teardown.py
[2024-09-24T15:51:22.021+0000] {processor.py:840} INFO - DAG(s) 'example_setup_teardown' retrieved from /home/airflow/.local/lib/python3.12/site-packages/airflow/example_dags/example_setup_teardown.py
[2024-09-24T15:51:22.047+0000] {logging_mixin.py:188} INFO - [2024-09-24T15:51:22.047+0000] {dag.py:3096} INFO - Sync 1 DAGs
[2024-09-24T15:51:22.082+0000] {logging_mixin.py:188} INFO - [2024-09-24T15:51:22.081+0000] {dag.py:3954} INFO - Setting next_dagrun for example_setup_teardown to 2024-09-23 00:00:00+00:00, run_after=2024-09-24 00:00:00+00:00
[2024-09-24T15:51:22.103+0000] {processor.py:183} INFO - Processing /home/airflow/.local/lib/python3.12/site-packages/airflow/example_dags/example_setup_teardown.py took 0.106 seconds
[2024-09-24T15:51:52.581+0000] {processor.py:161} INFO - Started process (PID=1349) to work on /home/airflow/.local/lib/python3.12/site-packages/airflow/example_dags/example_setup_teardown.py
[2024-09-24T15:51:52.583+0000] {processor.py:830} INFO - Processing file /home/airflow/.local/lib/python3.12/site-packages/airflow/example_dags/example_setup_teardown.py for tasks to queue
[2024-09-24T15:51:52.585+0000] {logging_mixin.py:188} INFO - [2024-09-24T15:51:52.585+0000] {dagbag.py:545} INFO - Filling up the DagBag from /home/airflow/.local/lib/python3.12/site-packages/airflow/example_dags/example_setup_teardown.py
[2024-09-24T15:51:52.593+0000] {processor.py:840} INFO - DAG(s) 'example_setup_teardown' retrieved from /home/airflow/.local/lib/python3.12/site-packages/airflow/example_dags/example_setup_teardown.py
[2024-09-24T15:51:52.615+0000] {logging_mixin.py:188} INFO - [2024-09-24T15:51:52.615+0000] {dag.py:3096} INFO - Sync 1 DAGs
[2024-09-24T15:51:52.643+0000] {logging_mixin.py:188} INFO - [2024-09-24T15:51:52.642+0000] {dag.py:3954} INFO - Setting next_dagrun for example_setup_teardown to 2024-09-23 00:00:00+00:00, run_after=2024-09-24 00:00:00+00:00
[2024-09-24T15:51:52.664+0000] {processor.py:183} INFO - Processing /home/airflow/.local/lib/python3.12/site-packages/airflow/example_dags/example_setup_teardown.py took 0.090 seconds
[2024-09-24T15:52:22.776+0000] {processor.py:161} INFO - Started process (PID=1407) to work on /home/airflow/.local/lib/python3.12/site-packages/airflow/example_dags/example_setup_teardown.py
[2024-09-24T15:52:22.778+0000] {processor.py:830} INFO - Processing file /home/airflow/.local/lib/python3.12/site-packages/airflow/example_dags/example_setup_teardown.py for tasks to queue
[2024-09-24T15:52:22.780+0000] {logging_mixin.py:188} INFO - [2024-09-24T15:52:22.780+0000] {dagbag.py:545} INFO - Filling up the DagBag from /home/airflow/.local/lib/python3.12/site-packages/airflow/example_dags/example_setup_teardown.py
[2024-09-24T15:52:22.789+0000] {processor.py:840} INFO - DAG(s) 'example_setup_teardown' retrieved from /home/airflow/.local/lib/python3.12/site-packages/airflow/example_dags/example_setup_teardown.py
[2024-09-24T15:52:22.813+0000] {logging_mixin.py:188} INFO - [2024-09-24T15:52:22.812+0000] {dag.py:3096} INFO - Sync 1 DAGs
[2024-09-24T15:52:22.841+0000] {logging_mixin.py:188} INFO - [2024-09-24T15:52:22.841+0000] {dag.py:3954} INFO - Setting next_dagrun for example_setup_teardown to 2024-09-23 00:00:00+00:00, run_after=2024-09-24 00:00:00+00:00
[2024-09-24T15:52:22.866+0000] {processor.py:183} INFO - Processing /home/airflow/.local/lib/python3.12/site-packages/airflow/example_dags/example_setup_teardown.py took 0.098 seconds
[2024-09-24T15:52:53.133+0000] {processor.py:161} INFO - Started process (PID=1465) to work on /home/airflow/.local/lib/python3.12/site-packages/airflow/example_dags/example_setup_teardown.py
[2024-09-24T15:52:53.134+0000] {processor.py:830} INFO - Processing file /home/airflow/.local/lib/python3.12/site-packages/airflow/example_dags/example_setup_teardown.py for tasks to queue
[2024-09-24T15:52:53.136+0000] {logging_mixin.py:188} INFO - [2024-09-24T15:52:53.136+0000] {dagbag.py:545} INFO - Filling up the DagBag from /home/airflow/.local/lib/python3.12/site-packages/airflow/example_dags/example_setup_teardown.py
[2024-09-24T15:52:53.143+0000] {processor.py:840} INFO - DAG(s) 'example_setup_teardown' retrieved from /home/airflow/.local/lib/python3.12/site-packages/airflow/example_dags/example_setup_teardown.py
[2024-09-24T15:52:53.166+0000] {logging_mixin.py:188} INFO - [2024-09-24T15:52:53.166+0000] {dag.py:3096} INFO - Sync 1 DAGs
[2024-09-24T15:52:53.190+0000] {logging_mixin.py:188} INFO - [2024-09-24T15:52:53.190+0000] {dag.py:3954} INFO - Setting next_dagrun for example_setup_teardown to 2024-09-23 00:00:00+00:00, run_after=2024-09-24 00:00:00+00:00
[2024-09-24T15:52:53.208+0000] {processor.py:183} INFO - Processing /home/airflow/.local/lib/python3.12/site-packages/airflow/example_dags/example_setup_teardown.py took 0.082 seconds
[2024-09-24T15:53:23.944+0000] {processor.py:161} INFO - Started process (PID=1523) to work on /home/airflow/.local/lib/python3.12/site-packages/airflow/example_dags/example_setup_teardown.py
[2024-09-24T15:53:23.947+0000] {processor.py:830} INFO - Processing file /home/airflow/.local/lib/python3.12/site-packages/airflow/example_dags/example_setup_teardown.py for tasks to queue
[2024-09-24T15:53:23.950+0000] {logging_mixin.py:188} INFO - [2024-09-24T15:53:23.950+0000] {dagbag.py:545} INFO - Filling up the DagBag from /home/airflow/.local/lib/python3.12/site-packages/airflow/example_dags/example_setup_teardown.py
[2024-09-24T15:53:23.963+0000] {processor.py:840} INFO - DAG(s) 'example_setup_teardown' retrieved from /home/airflow/.local/lib/python3.12/site-packages/airflow/example_dags/example_setup_teardown.py
[2024-09-24T15:53:23.997+0000] {logging_mixin.py:188} INFO - [2024-09-24T15:53:23.996+0000] {dag.py:3096} INFO - Sync 1 DAGs
[2024-09-24T15:53:24.027+0000] {logging_mixin.py:188} INFO - [2024-09-24T15:53:24.027+0000] {dag.py:3954} INFO - Setting next_dagrun for example_setup_teardown to 2024-09-23 00:00:00+00:00, run_after=2024-09-24 00:00:00+00:00
[2024-09-24T15:53:24.048+0000] {processor.py:183} INFO - Processing /home/airflow/.local/lib/python3.12/site-packages/airflow/example_dags/example_setup_teardown.py took 0.119 seconds
