[2024-09-24T15:40:41.588+0000] {processor.py:161} INFO - Started process (PID=61) to work on /home/airflow/.local/lib/python3.12/site-packages/airflow/example_dags/example_external_task_marker_dag.py
[2024-09-24T15:40:41.591+0000] {processor.py:830} INFO - Processing file /home/airflow/.local/lib/python3.12/site-packages/airflow/example_dags/example_external_task_marker_dag.py for tasks to queue
[2024-09-24T15:40:41.595+0000] {logging_mixin.py:188} INFO - [2024-09-24T15:40:41.594+0000] {dagbag.py:545} INFO - Filling up the DagBag from /home/airflow/.local/lib/python3.12/site-packages/airflow/example_dags/example_external_task_marker_dag.py
[2024-09-24T15:40:41.610+0000] {processor.py:840} INFO - DAG(s) 'example_external_task_marker_child', 'example_external_task_marker_parent' retrieved from /home/airflow/.local/lib/python3.12/site-packages/airflow/example_dags/example_external_task_marker_dag.py
[2024-09-24T15:40:41.873+0000] {logging_mixin.py:188} INFO - [2024-09-24T15:40:41.872+0000] {dag.py:3096} INFO - Sync 2 DAGs
[2024-09-24T15:40:41.900+0000] {logging_mixin.py:188} INFO - [2024-09-24T15:40:41.899+0000] {dag.py:3954} INFO - Setting next_dagrun for example_external_task_marker_child to None, run_after=None
[2024-09-24T15:40:41.906+0000] {logging_mixin.py:188} INFO - [2024-09-24T15:40:41.906+0000] {dag.py:3954} INFO - Setting next_dagrun for example_external_task_marker_parent to None, run_after=None
[2024-09-24T15:40:41.937+0000] {processor.py:183} INFO - Processing /home/airflow/.local/lib/python3.12/site-packages/airflow/example_dags/example_external_task_marker_dag.py took 0.362 seconds
[2024-09-24T15:41:12.548+0000] {processor.py:161} INFO - Started process (PID=119) to work on /home/airflow/.local/lib/python3.12/site-packages/airflow/example_dags/example_external_task_marker_dag.py
[2024-09-24T15:41:12.549+0000] {processor.py:830} INFO - Processing file /home/airflow/.local/lib/python3.12/site-packages/airflow/example_dags/example_external_task_marker_dag.py for tasks to queue
[2024-09-24T15:41:12.552+0000] {logging_mixin.py:188} INFO - [2024-09-24T15:41:12.551+0000] {dagbag.py:545} INFO - Filling up the DagBag from /home/airflow/.local/lib/python3.12/site-packages/airflow/example_dags/example_external_task_marker_dag.py
[2024-09-24T15:41:12.563+0000] {processor.py:840} INFO - DAG(s) 'example_external_task_marker_parent', 'example_external_task_marker_child' retrieved from /home/airflow/.local/lib/python3.12/site-packages/airflow/example_dags/example_external_task_marker_dag.py
[2024-09-24T15:41:12.598+0000] {logging_mixin.py:188} INFO - [2024-09-24T15:41:12.598+0000] {dag.py:3096} INFO - Sync 2 DAGs
[2024-09-24T15:41:12.615+0000] {logging_mixin.py:188} INFO - [2024-09-24T15:41:12.615+0000] {dag.py:3954} INFO - Setting next_dagrun for example_external_task_marker_child to None, run_after=None
[2024-09-24T15:41:12.621+0000] {logging_mixin.py:188} INFO - [2024-09-24T15:41:12.621+0000] {dag.py:3954} INFO - Setting next_dagrun for example_external_task_marker_parent to None, run_after=None
[2024-09-24T15:41:12.640+0000] {processor.py:183} INFO - Processing /home/airflow/.local/lib/python3.12/site-packages/airflow/example_dags/example_external_task_marker_dag.py took 0.099 seconds
[2024-09-24T15:41:42.820+0000] {processor.py:161} INFO - Started process (PID=177) to work on /home/airflow/.local/lib/python3.12/site-packages/airflow/example_dags/example_external_task_marker_dag.py
[2024-09-24T15:41:42.821+0000] {processor.py:830} INFO - Processing file /home/airflow/.local/lib/python3.12/site-packages/airflow/example_dags/example_external_task_marker_dag.py for tasks to queue
[2024-09-24T15:41:42.823+0000] {logging_mixin.py:188} INFO - [2024-09-24T15:41:42.822+0000] {dagbag.py:545} INFO - Filling up the DagBag from /home/airflow/.local/lib/python3.12/site-packages/airflow/example_dags/example_external_task_marker_dag.py
[2024-09-24T15:41:42.829+0000] {processor.py:840} INFO - DAG(s) 'example_external_task_marker_parent', 'example_external_task_marker_child' retrieved from /home/airflow/.local/lib/python3.12/site-packages/airflow/example_dags/example_external_task_marker_dag.py
[2024-09-24T15:41:42.853+0000] {logging_mixin.py:188} INFO - [2024-09-24T15:41:42.853+0000] {dag.py:3096} INFO - Sync 2 DAGs
[2024-09-24T15:41:42.867+0000] {logging_mixin.py:188} INFO - [2024-09-24T15:41:42.866+0000] {dag.py:3954} INFO - Setting next_dagrun for example_external_task_marker_child to None, run_after=None
[2024-09-24T15:41:42.872+0000] {logging_mixin.py:188} INFO - [2024-09-24T15:41:42.871+0000] {dag.py:3954} INFO - Setting next_dagrun for example_external_task_marker_parent to None, run_after=None
[2024-09-24T15:41:42.891+0000] {processor.py:183} INFO - Processing /home/airflow/.local/lib/python3.12/site-packages/airflow/example_dags/example_external_task_marker_dag.py took 0.077 seconds
[2024-09-24T15:42:13.309+0000] {processor.py:161} INFO - Started process (PID=235) to work on /home/airflow/.local/lib/python3.12/site-packages/airflow/example_dags/example_external_task_marker_dag.py
[2024-09-24T15:42:13.310+0000] {processor.py:830} INFO - Processing file /home/airflow/.local/lib/python3.12/site-packages/airflow/example_dags/example_external_task_marker_dag.py for tasks to queue
[2024-09-24T15:42:13.312+0000] {logging_mixin.py:188} INFO - [2024-09-24T15:42:13.312+0000] {dagbag.py:545} INFO - Filling up the DagBag from /home/airflow/.local/lib/python3.12/site-packages/airflow/example_dags/example_external_task_marker_dag.py
[2024-09-24T15:42:13.318+0000] {processor.py:840} INFO - DAG(s) 'example_external_task_marker_child', 'example_external_task_marker_parent' retrieved from /home/airflow/.local/lib/python3.12/site-packages/airflow/example_dags/example_external_task_marker_dag.py
[2024-09-24T15:42:13.341+0000] {logging_mixin.py:188} INFO - [2024-09-24T15:42:13.341+0000] {dag.py:3096} INFO - Sync 2 DAGs
[2024-09-24T15:42:13.355+0000] {logging_mixin.py:188} INFO - [2024-09-24T15:42:13.355+0000] {dag.py:3954} INFO - Setting next_dagrun for example_external_task_marker_child to None, run_after=None
[2024-09-24T15:42:13.360+0000] {logging_mixin.py:188} INFO - [2024-09-24T15:42:13.359+0000] {dag.py:3954} INFO - Setting next_dagrun for example_external_task_marker_parent to None, run_after=None
[2024-09-24T15:42:13.380+0000] {processor.py:183} INFO - Processing /home/airflow/.local/lib/python3.12/site-packages/airflow/example_dags/example_external_task_marker_dag.py took 0.077 seconds
[2024-09-24T15:42:43.639+0000] {processor.py:161} INFO - Started process (PID=293) to work on /home/airflow/.local/lib/python3.12/site-packages/airflow/example_dags/example_external_task_marker_dag.py
[2024-09-24T15:42:43.640+0000] {processor.py:830} INFO - Processing file /home/airflow/.local/lib/python3.12/site-packages/airflow/example_dags/example_external_task_marker_dag.py for tasks to queue
[2024-09-24T15:42:43.642+0000] {logging_mixin.py:188} INFO - [2024-09-24T15:42:43.642+0000] {dagbag.py:545} INFO - Filling up the DagBag from /home/airflow/.local/lib/python3.12/site-packages/airflow/example_dags/example_external_task_marker_dag.py
[2024-09-24T15:42:43.650+0000] {processor.py:840} INFO - DAG(s) 'example_external_task_marker_child', 'example_external_task_marker_parent' retrieved from /home/airflow/.local/lib/python3.12/site-packages/airflow/example_dags/example_external_task_marker_dag.py
[2024-09-24T15:42:43.675+0000] {logging_mixin.py:188} INFO - [2024-09-24T15:42:43.675+0000] {dag.py:3096} INFO - Sync 2 DAGs
[2024-09-24T15:42:43.690+0000] {logging_mixin.py:188} INFO - [2024-09-24T15:42:43.689+0000] {dag.py:3954} INFO - Setting next_dagrun for example_external_task_marker_child to None, run_after=None
[2024-09-24T15:42:43.694+0000] {logging_mixin.py:188} INFO - [2024-09-24T15:42:43.694+0000] {dag.py:3954} INFO - Setting next_dagrun for example_external_task_marker_parent to None, run_after=None
[2024-09-24T15:42:43.710+0000] {processor.py:183} INFO - Processing /home/airflow/.local/lib/python3.12/site-packages/airflow/example_dags/example_external_task_marker_dag.py took 0.078 seconds
[2024-09-24T15:43:14.238+0000] {processor.py:161} INFO - Started process (PID=351) to work on /home/airflow/.local/lib/python3.12/site-packages/airflow/example_dags/example_external_task_marker_dag.py
[2024-09-24T15:43:14.239+0000] {processor.py:830} INFO - Processing file /home/airflow/.local/lib/python3.12/site-packages/airflow/example_dags/example_external_task_marker_dag.py for tasks to queue
[2024-09-24T15:43:14.241+0000] {logging_mixin.py:188} INFO - [2024-09-24T15:43:14.241+0000] {dagbag.py:545} INFO - Filling up the DagBag from /home/airflow/.local/lib/python3.12/site-packages/airflow/example_dags/example_external_task_marker_dag.py
[2024-09-24T15:43:14.252+0000] {processor.py:840} INFO - DAG(s) 'example_external_task_marker_parent', 'example_external_task_marker_child' retrieved from /home/airflow/.local/lib/python3.12/site-packages/airflow/example_dags/example_external_task_marker_dag.py
[2024-09-24T15:43:14.288+0000] {logging_mixin.py:188} INFO - [2024-09-24T15:43:14.287+0000] {dag.py:3096} INFO - Sync 2 DAGs
[2024-09-24T15:43:14.310+0000] {logging_mixin.py:188} INFO - [2024-09-24T15:43:14.310+0000] {dag.py:3954} INFO - Setting next_dagrun for example_external_task_marker_child to None, run_after=None
[2024-09-24T15:43:14.321+0000] {logging_mixin.py:188} INFO - [2024-09-24T15:43:14.320+0000] {dag.py:3954} INFO - Setting next_dagrun for example_external_task_marker_parent to None, run_after=None
[2024-09-24T15:43:14.345+0000] {processor.py:183} INFO - Processing /home/airflow/.local/lib/python3.12/site-packages/airflow/example_dags/example_external_task_marker_dag.py took 0.117 seconds
[2024-09-24T15:43:44.517+0000] {processor.py:161} INFO - Started process (PID=409) to work on /home/airflow/.local/lib/python3.12/site-packages/airflow/example_dags/example_external_task_marker_dag.py
[2024-09-24T15:43:44.518+0000] {processor.py:830} INFO - Processing file /home/airflow/.local/lib/python3.12/site-packages/airflow/example_dags/example_external_task_marker_dag.py for tasks to queue
[2024-09-24T15:43:44.520+0000] {logging_mixin.py:188} INFO - [2024-09-24T15:43:44.520+0000] {dagbag.py:545} INFO - Filling up the DagBag from /home/airflow/.local/lib/python3.12/site-packages/airflow/example_dags/example_external_task_marker_dag.py
[2024-09-24T15:43:44.529+0000] {processor.py:840} INFO - DAG(s) 'example_external_task_marker_parent', 'example_external_task_marker_child' retrieved from /home/airflow/.local/lib/python3.12/site-packages/airflow/example_dags/example_external_task_marker_dag.py
[2024-09-24T15:43:44.556+0000] {logging_mixin.py:188} INFO - [2024-09-24T15:43:44.556+0000] {dag.py:3096} INFO - Sync 2 DAGs
[2024-09-24T15:43:44.572+0000] {logging_mixin.py:188} INFO - [2024-09-24T15:43:44.572+0000] {dag.py:3954} INFO - Setting next_dagrun for example_external_task_marker_child to None, run_after=None
[2024-09-24T15:43:44.576+0000] {logging_mixin.py:188} INFO - [2024-09-24T15:43:44.576+0000] {dag.py:3954} INFO - Setting next_dagrun for example_external_task_marker_parent to None, run_after=None
[2024-09-24T15:43:44.594+0000] {processor.py:183} INFO - Processing /home/airflow/.local/lib/python3.12/site-packages/airflow/example_dags/example_external_task_marker_dag.py took 0.085 seconds
[2024-09-24T15:44:15.099+0000] {processor.py:161} INFO - Started process (PID=467) to work on /home/airflow/.local/lib/python3.12/site-packages/airflow/example_dags/example_external_task_marker_dag.py
[2024-09-24T15:44:15.100+0000] {processor.py:830} INFO - Processing file /home/airflow/.local/lib/python3.12/site-packages/airflow/example_dags/example_external_task_marker_dag.py for tasks to queue
[2024-09-24T15:44:15.103+0000] {logging_mixin.py:188} INFO - [2024-09-24T15:44:15.102+0000] {dagbag.py:545} INFO - Filling up the DagBag from /home/airflow/.local/lib/python3.12/site-packages/airflow/example_dags/example_external_task_marker_dag.py
[2024-09-24T15:44:15.110+0000] {processor.py:840} INFO - DAG(s) 'example_external_task_marker_parent', 'example_external_task_marker_child' retrieved from /home/airflow/.local/lib/python3.12/site-packages/airflow/example_dags/example_external_task_marker_dag.py
[2024-09-24T15:44:15.142+0000] {logging_mixin.py:188} INFO - [2024-09-24T15:44:15.142+0000] {dag.py:3096} INFO - Sync 2 DAGs
[2024-09-24T15:44:15.173+0000] {logging_mixin.py:188} INFO - [2024-09-24T15:44:15.173+0000] {dag.py:3954} INFO - Setting next_dagrun for example_external_task_marker_child to None, run_after=None
[2024-09-24T15:44:15.179+0000] {logging_mixin.py:188} INFO - [2024-09-24T15:44:15.179+0000] {dag.py:3954} INFO - Setting next_dagrun for example_external_task_marker_parent to None, run_after=None
[2024-09-24T15:44:15.204+0000] {processor.py:183} INFO - Processing /home/airflow/.local/lib/python3.12/site-packages/airflow/example_dags/example_external_task_marker_dag.py took 0.112 seconds
[2024-09-24T15:44:45.383+0000] {processor.py:161} INFO - Started process (PID=525) to work on /home/airflow/.local/lib/python3.12/site-packages/airflow/example_dags/example_external_task_marker_dag.py
[2024-09-24T15:44:45.385+0000] {processor.py:830} INFO - Processing file /home/airflow/.local/lib/python3.12/site-packages/airflow/example_dags/example_external_task_marker_dag.py for tasks to queue
[2024-09-24T15:44:45.388+0000] {logging_mixin.py:188} INFO - [2024-09-24T15:44:45.388+0000] {dagbag.py:545} INFO - Filling up the DagBag from /home/airflow/.local/lib/python3.12/site-packages/airflow/example_dags/example_external_task_marker_dag.py
[2024-09-24T15:44:45.397+0000] {processor.py:840} INFO - DAG(s) 'example_external_task_marker_child', 'example_external_task_marker_parent' retrieved from /home/airflow/.local/lib/python3.12/site-packages/airflow/example_dags/example_external_task_marker_dag.py
[2024-09-24T15:44:45.423+0000] {logging_mixin.py:188} INFO - [2024-09-24T15:44:45.423+0000] {dag.py:3096} INFO - Sync 2 DAGs
[2024-09-24T15:44:45.438+0000] {logging_mixin.py:188} INFO - [2024-09-24T15:44:45.438+0000] {dag.py:3954} INFO - Setting next_dagrun for example_external_task_marker_child to None, run_after=None
[2024-09-24T15:44:45.443+0000] {logging_mixin.py:188} INFO - [2024-09-24T15:44:45.443+0000] {dag.py:3954} INFO - Setting next_dagrun for example_external_task_marker_parent to None, run_after=None
[2024-09-24T15:44:45.464+0000] {processor.py:183} INFO - Processing /home/airflow/.local/lib/python3.12/site-packages/airflow/example_dags/example_external_task_marker_dag.py took 0.089 seconds
[2024-09-24T15:45:15.635+0000] {processor.py:161} INFO - Started process (PID=583) to work on /home/airflow/.local/lib/python3.12/site-packages/airflow/example_dags/example_external_task_marker_dag.py
[2024-09-24T15:45:15.637+0000] {processor.py:830} INFO - Processing file /home/airflow/.local/lib/python3.12/site-packages/airflow/example_dags/example_external_task_marker_dag.py for tasks to queue
[2024-09-24T15:45:15.638+0000] {logging_mixin.py:188} INFO - [2024-09-24T15:45:15.638+0000] {dagbag.py:545} INFO - Filling up the DagBag from /home/airflow/.local/lib/python3.12/site-packages/airflow/example_dags/example_external_task_marker_dag.py
[2024-09-24T15:45:15.645+0000] {processor.py:840} INFO - DAG(s) 'example_external_task_marker_child', 'example_external_task_marker_parent' retrieved from /home/airflow/.local/lib/python3.12/site-packages/airflow/example_dags/example_external_task_marker_dag.py
[2024-09-24T15:45:15.670+0000] {logging_mixin.py:188} INFO - [2024-09-24T15:45:15.670+0000] {dag.py:3096} INFO - Sync 2 DAGs
[2024-09-24T15:45:15.685+0000] {logging_mixin.py:188} INFO - [2024-09-24T15:45:15.685+0000] {dag.py:3954} INFO - Setting next_dagrun for example_external_task_marker_child to None, run_after=None
[2024-09-24T15:45:15.690+0000] {logging_mixin.py:188} INFO - [2024-09-24T15:45:15.690+0000] {dag.py:3954} INFO - Setting next_dagrun for example_external_task_marker_parent to None, run_after=None
[2024-09-24T15:45:15.709+0000] {processor.py:183} INFO - Processing /home/airflow/.local/lib/python3.12/site-packages/airflow/example_dags/example_external_task_marker_dag.py took 0.079 seconds
[2024-09-24T15:45:46.034+0000] {processor.py:161} INFO - Started process (PID=641) to work on /home/airflow/.local/lib/python3.12/site-packages/airflow/example_dags/example_external_task_marker_dag.py
[2024-09-24T15:45:46.036+0000] {processor.py:830} INFO - Processing file /home/airflow/.local/lib/python3.12/site-packages/airflow/example_dags/example_external_task_marker_dag.py for tasks to queue
[2024-09-24T15:45:46.040+0000] {logging_mixin.py:188} INFO - [2024-09-24T15:45:46.039+0000] {dagbag.py:545} INFO - Filling up the DagBag from /home/airflow/.local/lib/python3.12/site-packages/airflow/example_dags/example_external_task_marker_dag.py
[2024-09-24T15:45:46.052+0000] {processor.py:840} INFO - DAG(s) 'example_external_task_marker_child', 'example_external_task_marker_parent' retrieved from /home/airflow/.local/lib/python3.12/site-packages/airflow/example_dags/example_external_task_marker_dag.py
[2024-09-24T15:45:46.091+0000] {logging_mixin.py:188} INFO - [2024-09-24T15:45:46.091+0000] {dag.py:3096} INFO - Sync 2 DAGs
[2024-09-24T15:45:46.117+0000] {logging_mixin.py:188} INFO - [2024-09-24T15:45:46.117+0000] {dag.py:3954} INFO - Setting next_dagrun for example_external_task_marker_child to None, run_after=None
[2024-09-24T15:45:46.124+0000] {logging_mixin.py:188} INFO - [2024-09-24T15:45:46.124+0000] {dag.py:3954} INFO - Setting next_dagrun for example_external_task_marker_parent to None, run_after=None
[2024-09-24T15:45:46.150+0000] {processor.py:183} INFO - Processing /home/airflow/.local/lib/python3.12/site-packages/airflow/example_dags/example_external_task_marker_dag.py took 0.126 seconds
[2024-09-24T15:46:16.752+0000] {processor.py:161} INFO - Started process (PID=699) to work on /home/airflow/.local/lib/python3.12/site-packages/airflow/example_dags/example_external_task_marker_dag.py
[2024-09-24T15:46:16.754+0000] {processor.py:830} INFO - Processing file /home/airflow/.local/lib/python3.12/site-packages/airflow/example_dags/example_external_task_marker_dag.py for tasks to queue
[2024-09-24T15:46:16.756+0000] {logging_mixin.py:188} INFO - [2024-09-24T15:46:16.755+0000] {dagbag.py:545} INFO - Filling up the DagBag from /home/airflow/.local/lib/python3.12/site-packages/airflow/example_dags/example_external_task_marker_dag.py
[2024-09-24T15:46:16.763+0000] {processor.py:840} INFO - DAG(s) 'example_external_task_marker_child', 'example_external_task_marker_parent' retrieved from /home/airflow/.local/lib/python3.12/site-packages/airflow/example_dags/example_external_task_marker_dag.py
[2024-09-24T15:46:16.788+0000] {logging_mixin.py:188} INFO - [2024-09-24T15:46:16.788+0000] {dag.py:3096} INFO - Sync 2 DAGs
[2024-09-24T15:46:16.803+0000] {logging_mixin.py:188} INFO - [2024-09-24T15:46:16.803+0000] {dag.py:3954} INFO - Setting next_dagrun for example_external_task_marker_child to None, run_after=None
[2024-09-24T15:46:16.808+0000] {logging_mixin.py:188} INFO - [2024-09-24T15:46:16.807+0000] {dag.py:3954} INFO - Setting next_dagrun for example_external_task_marker_parent to None, run_after=None
[2024-09-24T15:46:16.823+0000] {processor.py:183} INFO - Processing /home/airflow/.local/lib/python3.12/site-packages/airflow/example_dags/example_external_task_marker_dag.py took 0.078 seconds
[2024-09-24T15:46:47.084+0000] {processor.py:161} INFO - Started process (PID=757) to work on /home/airflow/.local/lib/python3.12/site-packages/airflow/example_dags/example_external_task_marker_dag.py
[2024-09-24T15:46:47.085+0000] {processor.py:830} INFO - Processing file /home/airflow/.local/lib/python3.12/site-packages/airflow/example_dags/example_external_task_marker_dag.py for tasks to queue
[2024-09-24T15:46:47.088+0000] {logging_mixin.py:188} INFO - [2024-09-24T15:46:47.087+0000] {dagbag.py:545} INFO - Filling up the DagBag from /home/airflow/.local/lib/python3.12/site-packages/airflow/example_dags/example_external_task_marker_dag.py
[2024-09-24T15:46:47.094+0000] {processor.py:840} INFO - DAG(s) 'example_external_task_marker_child', 'example_external_task_marker_parent' retrieved from /home/airflow/.local/lib/python3.12/site-packages/airflow/example_dags/example_external_task_marker_dag.py
[2024-09-24T15:46:47.118+0000] {logging_mixin.py:188} INFO - [2024-09-24T15:46:47.118+0000] {dag.py:3096} INFO - Sync 2 DAGs
[2024-09-24T15:46:47.133+0000] {logging_mixin.py:188} INFO - [2024-09-24T15:46:47.133+0000] {dag.py:3954} INFO - Setting next_dagrun for example_external_task_marker_child to None, run_after=None
[2024-09-24T15:46:47.138+0000] {logging_mixin.py:188} INFO - [2024-09-24T15:46:47.138+0000] {dag.py:3954} INFO - Setting next_dagrun for example_external_task_marker_parent to None, run_after=None
[2024-09-24T15:46:47.152+0000] {processor.py:183} INFO - Processing /home/airflow/.local/lib/python3.12/site-packages/airflow/example_dags/example_external_task_marker_dag.py took 0.075 seconds
[2024-09-24T15:47:17.211+0000] {processor.py:161} INFO - Started process (PID=815) to work on /home/airflow/.local/lib/python3.12/site-packages/airflow/example_dags/example_external_task_marker_dag.py
[2024-09-24T15:47:17.212+0000] {processor.py:830} INFO - Processing file /home/airflow/.local/lib/python3.12/site-packages/airflow/example_dags/example_external_task_marker_dag.py for tasks to queue
[2024-09-24T15:47:17.215+0000] {logging_mixin.py:188} INFO - [2024-09-24T15:47:17.214+0000] {dagbag.py:545} INFO - Filling up the DagBag from /home/airflow/.local/lib/python3.12/site-packages/airflow/example_dags/example_external_task_marker_dag.py
[2024-09-24T15:47:17.222+0000] {processor.py:840} INFO - DAG(s) 'example_external_task_marker_child', 'example_external_task_marker_parent' retrieved from /home/airflow/.local/lib/python3.12/site-packages/airflow/example_dags/example_external_task_marker_dag.py
[2024-09-24T15:47:17.249+0000] {logging_mixin.py:188} INFO - [2024-09-24T15:47:17.249+0000] {dag.py:3096} INFO - Sync 2 DAGs
[2024-09-24T15:47:17.264+0000] {logging_mixin.py:188} INFO - [2024-09-24T15:47:17.264+0000] {dag.py:3954} INFO - Setting next_dagrun for example_external_task_marker_child to None, run_after=None
[2024-09-24T15:47:17.270+0000] {logging_mixin.py:188} INFO - [2024-09-24T15:47:17.269+0000] {dag.py:3954} INFO - Setting next_dagrun for example_external_task_marker_parent to None, run_after=None
[2024-09-24T15:47:17.288+0000] {processor.py:183} INFO - Processing /home/airflow/.local/lib/python3.12/site-packages/airflow/example_dags/example_external_task_marker_dag.py took 0.084 seconds
[2024-09-24T15:47:47.337+0000] {processor.py:161} INFO - Started process (PID=873) to work on /home/airflow/.local/lib/python3.12/site-packages/airflow/example_dags/example_external_task_marker_dag.py
[2024-09-24T15:47:47.338+0000] {processor.py:830} INFO - Processing file /home/airflow/.local/lib/python3.12/site-packages/airflow/example_dags/example_external_task_marker_dag.py for tasks to queue
[2024-09-24T15:47:47.340+0000] {logging_mixin.py:188} INFO - [2024-09-24T15:47:47.340+0000] {dagbag.py:545} INFO - Filling up the DagBag from /home/airflow/.local/lib/python3.12/site-packages/airflow/example_dags/example_external_task_marker_dag.py
[2024-09-24T15:47:47.346+0000] {processor.py:840} INFO - DAG(s) 'example_external_task_marker_child', 'example_external_task_marker_parent' retrieved from /home/airflow/.local/lib/python3.12/site-packages/airflow/example_dags/example_external_task_marker_dag.py
[2024-09-24T15:47:47.369+0000] {logging_mixin.py:188} INFO - [2024-09-24T15:47:47.369+0000] {dag.py:3096} INFO - Sync 2 DAGs
[2024-09-24T15:47:47.383+0000] {logging_mixin.py:188} INFO - [2024-09-24T15:47:47.383+0000] {dag.py:3954} INFO - Setting next_dagrun for example_external_task_marker_child to None, run_after=None
[2024-09-24T15:47:47.387+0000] {logging_mixin.py:188} INFO - [2024-09-24T15:47:47.387+0000] {dag.py:3954} INFO - Setting next_dagrun for example_external_task_marker_parent to None, run_after=None
[2024-09-24T15:47:47.405+0000] {processor.py:183} INFO - Processing /home/airflow/.local/lib/python3.12/site-packages/airflow/example_dags/example_external_task_marker_dag.py took 0.074 seconds
[2024-09-24T15:48:17.888+0000] {processor.py:161} INFO - Started process (PID=931) to work on /home/airflow/.local/lib/python3.12/site-packages/airflow/example_dags/example_external_task_marker_dag.py
[2024-09-24T15:48:17.889+0000] {processor.py:830} INFO - Processing file /home/airflow/.local/lib/python3.12/site-packages/airflow/example_dags/example_external_task_marker_dag.py for tasks to queue
[2024-09-24T15:48:17.891+0000] {logging_mixin.py:188} INFO - [2024-09-24T15:48:17.891+0000] {dagbag.py:545} INFO - Filling up the DagBag from /home/airflow/.local/lib/python3.12/site-packages/airflow/example_dags/example_external_task_marker_dag.py
[2024-09-24T15:48:17.899+0000] {processor.py:840} INFO - DAG(s) 'example_external_task_marker_parent', 'example_external_task_marker_child' retrieved from /home/airflow/.local/lib/python3.12/site-packages/airflow/example_dags/example_external_task_marker_dag.py
[2024-09-24T15:48:17.926+0000] {logging_mixin.py:188} INFO - [2024-09-24T15:48:17.925+0000] {dag.py:3096} INFO - Sync 2 DAGs
[2024-09-24T15:48:17.942+0000] {logging_mixin.py:188} INFO - [2024-09-24T15:48:17.941+0000] {dag.py:3954} INFO - Setting next_dagrun for example_external_task_marker_child to None, run_after=None
[2024-09-24T15:48:17.947+0000] {logging_mixin.py:188} INFO - [2024-09-24T15:48:17.946+0000] {dag.py:3954} INFO - Setting next_dagrun for example_external_task_marker_parent to None, run_after=None
[2024-09-24T15:48:17.966+0000] {processor.py:183} INFO - Processing /home/airflow/.local/lib/python3.12/site-packages/airflow/example_dags/example_external_task_marker_dag.py took 0.086 seconds
[2024-09-24T15:48:48.594+0000] {processor.py:161} INFO - Started process (PID=989) to work on /home/airflow/.local/lib/python3.12/site-packages/airflow/example_dags/example_external_task_marker_dag.py
[2024-09-24T15:48:48.596+0000] {processor.py:830} INFO - Processing file /home/airflow/.local/lib/python3.12/site-packages/airflow/example_dags/example_external_task_marker_dag.py for tasks to queue
[2024-09-24T15:48:48.598+0000] {logging_mixin.py:188} INFO - [2024-09-24T15:48:48.598+0000] {dagbag.py:545} INFO - Filling up the DagBag from /home/airflow/.local/lib/python3.12/site-packages/airflow/example_dags/example_external_task_marker_dag.py
[2024-09-24T15:48:48.605+0000] {processor.py:840} INFO - DAG(s) 'example_external_task_marker_parent', 'example_external_task_marker_child' retrieved from /home/airflow/.local/lib/python3.12/site-packages/airflow/example_dags/example_external_task_marker_dag.py
[2024-09-24T15:48:48.633+0000] {logging_mixin.py:188} INFO - [2024-09-24T15:48:48.633+0000] {dag.py:3096} INFO - Sync 2 DAGs
[2024-09-24T15:48:48.651+0000] {logging_mixin.py:188} INFO - [2024-09-24T15:48:48.651+0000] {dag.py:3954} INFO - Setting next_dagrun for example_external_task_marker_child to None, run_after=None
[2024-09-24T15:48:48.656+0000] {logging_mixin.py:188} INFO - [2024-09-24T15:48:48.656+0000] {dag.py:3954} INFO - Setting next_dagrun for example_external_task_marker_parent to None, run_after=None
[2024-09-24T15:48:48.678+0000] {processor.py:183} INFO - Processing /home/airflow/.local/lib/python3.12/site-packages/airflow/example_dags/example_external_task_marker_dag.py took 0.091 seconds
[2024-09-24T15:49:18.906+0000] {processor.py:161} INFO - Started process (PID=1048) to work on /home/airflow/.local/lib/python3.12/site-packages/airflow/example_dags/example_external_task_marker_dag.py
[2024-09-24T15:49:18.908+0000] {processor.py:830} INFO - Processing file /home/airflow/.local/lib/python3.12/site-packages/airflow/example_dags/example_external_task_marker_dag.py for tasks to queue
[2024-09-24T15:49:18.910+0000] {logging_mixin.py:188} INFO - [2024-09-24T15:49:18.910+0000] {dagbag.py:545} INFO - Filling up the DagBag from /home/airflow/.local/lib/python3.12/site-packages/airflow/example_dags/example_external_task_marker_dag.py
[2024-09-24T15:49:18.917+0000] {processor.py:840} INFO - DAG(s) 'example_external_task_marker_child', 'example_external_task_marker_parent' retrieved from /home/airflow/.local/lib/python3.12/site-packages/airflow/example_dags/example_external_task_marker_dag.py
[2024-09-24T15:49:18.943+0000] {logging_mixin.py:188} INFO - [2024-09-24T15:49:18.943+0000] {dag.py:3096} INFO - Sync 2 DAGs
[2024-09-24T15:49:18.957+0000] {logging_mixin.py:188} INFO - [2024-09-24T15:49:18.957+0000] {dag.py:3954} INFO - Setting next_dagrun for example_external_task_marker_child to None, run_after=None
[2024-09-24T15:49:18.962+0000] {logging_mixin.py:188} INFO - [2024-09-24T15:49:18.961+0000] {dag.py:3954} INFO - Setting next_dagrun for example_external_task_marker_parent to None, run_after=None
[2024-09-24T15:49:18.980+0000] {processor.py:183} INFO - Processing /home/airflow/.local/lib/python3.12/site-packages/airflow/example_dags/example_external_task_marker_dag.py took 0.080 seconds
[2024-09-24T15:49:49.366+0000] {processor.py:161} INFO - Started process (PID=1106) to work on /home/airflow/.local/lib/python3.12/site-packages/airflow/example_dags/example_external_task_marker_dag.py
[2024-09-24T15:49:49.368+0000] {processor.py:830} INFO - Processing file /home/airflow/.local/lib/python3.12/site-packages/airflow/example_dags/example_external_task_marker_dag.py for tasks to queue
[2024-09-24T15:49:49.371+0000] {logging_mixin.py:188} INFO - [2024-09-24T15:49:49.370+0000] {dagbag.py:545} INFO - Filling up the DagBag from /home/airflow/.local/lib/python3.12/site-packages/airflow/example_dags/example_external_task_marker_dag.py
[2024-09-24T15:49:49.381+0000] {processor.py:840} INFO - DAG(s) 'example_external_task_marker_parent', 'example_external_task_marker_child' retrieved from /home/airflow/.local/lib/python3.12/site-packages/airflow/example_dags/example_external_task_marker_dag.py
[2024-09-24T15:49:49.410+0000] {logging_mixin.py:188} INFO - [2024-09-24T15:49:49.410+0000] {dag.py:3096} INFO - Sync 2 DAGs
[2024-09-24T15:49:49.426+0000] {logging_mixin.py:188} INFO - [2024-09-24T15:49:49.425+0000] {dag.py:3954} INFO - Setting next_dagrun for example_external_task_marker_child to None, run_after=None
[2024-09-24T15:49:49.430+0000] {logging_mixin.py:188} INFO - [2024-09-24T15:49:49.430+0000] {dag.py:3954} INFO - Setting next_dagrun for example_external_task_marker_parent to None, run_after=None
[2024-09-24T15:49:49.449+0000] {processor.py:183} INFO - Processing /home/airflow/.local/lib/python3.12/site-packages/airflow/example_dags/example_external_task_marker_dag.py took 0.092 seconds
[2024-09-24T15:50:19.813+0000] {processor.py:161} INFO - Started process (PID=1164) to work on /home/airflow/.local/lib/python3.12/site-packages/airflow/example_dags/example_external_task_marker_dag.py
[2024-09-24T15:50:19.815+0000] {processor.py:830} INFO - Processing file /home/airflow/.local/lib/python3.12/site-packages/airflow/example_dags/example_external_task_marker_dag.py for tasks to queue
[2024-09-24T15:50:19.819+0000] {logging_mixin.py:188} INFO - [2024-09-24T15:50:19.819+0000] {dagbag.py:545} INFO - Filling up the DagBag from /home/airflow/.local/lib/python3.12/site-packages/airflow/example_dags/example_external_task_marker_dag.py
[2024-09-24T15:50:19.827+0000] {processor.py:840} INFO - DAG(s) 'example_external_task_marker_child', 'example_external_task_marker_parent' retrieved from /home/airflow/.local/lib/python3.12/site-packages/airflow/example_dags/example_external_task_marker_dag.py
[2024-09-24T15:50:19.859+0000] {logging_mixin.py:188} INFO - [2024-09-24T15:50:19.859+0000] {dag.py:3096} INFO - Sync 2 DAGs
[2024-09-24T15:50:19.880+0000] {logging_mixin.py:188} INFO - [2024-09-24T15:50:19.879+0000] {dag.py:3954} INFO - Setting next_dagrun for example_external_task_marker_child to None, run_after=None
[2024-09-24T15:50:19.887+0000] {logging_mixin.py:188} INFO - [2024-09-24T15:50:19.887+0000] {dag.py:3954} INFO - Setting next_dagrun for example_external_task_marker_parent to None, run_after=None
[2024-09-24T15:50:19.909+0000] {processor.py:183} INFO - Processing /home/airflow/.local/lib/python3.12/site-packages/airflow/example_dags/example_external_task_marker_dag.py took 0.104 seconds
[2024-09-24T15:50:49.993+0000] {processor.py:161} INFO - Started process (PID=1223) to work on /home/airflow/.local/lib/python3.12/site-packages/airflow/example_dags/example_external_task_marker_dag.py
[2024-09-24T15:50:49.995+0000] {processor.py:830} INFO - Processing file /home/airflow/.local/lib/python3.12/site-packages/airflow/example_dags/example_external_task_marker_dag.py for tasks to queue
[2024-09-24T15:50:49.997+0000] {logging_mixin.py:188} INFO - [2024-09-24T15:50:49.997+0000] {dagbag.py:545} INFO - Filling up the DagBag from /home/airflow/.local/lib/python3.12/site-packages/airflow/example_dags/example_external_task_marker_dag.py
[2024-09-24T15:50:50.004+0000] {processor.py:840} INFO - DAG(s) 'example_external_task_marker_parent', 'example_external_task_marker_child' retrieved from /home/airflow/.local/lib/python3.12/site-packages/airflow/example_dags/example_external_task_marker_dag.py
[2024-09-24T15:50:50.034+0000] {logging_mixin.py:188} INFO - [2024-09-24T15:50:50.034+0000] {dag.py:3096} INFO - Sync 2 DAGs
[2024-09-24T15:50:50.050+0000] {logging_mixin.py:188} INFO - [2024-09-24T15:50:50.050+0000] {dag.py:3954} INFO - Setting next_dagrun for example_external_task_marker_child to None, run_after=None
[2024-09-24T15:50:50.055+0000] {logging_mixin.py:188} INFO - [2024-09-24T15:50:50.055+0000] {dag.py:3954} INFO - Setting next_dagrun for example_external_task_marker_parent to None, run_after=None
[2024-09-24T15:50:50.073+0000] {processor.py:183} INFO - Processing /home/airflow/.local/lib/python3.12/site-packages/airflow/example_dags/example_external_task_marker_dag.py took 0.086 seconds
[2024-09-24T15:51:20.441+0000] {processor.py:161} INFO - Started process (PID=1281) to work on /home/airflow/.local/lib/python3.12/site-packages/airflow/example_dags/example_external_task_marker_dag.py
[2024-09-24T15:51:20.442+0000] {processor.py:830} INFO - Processing file /home/airflow/.local/lib/python3.12/site-packages/airflow/example_dags/example_external_task_marker_dag.py for tasks to queue
[2024-09-24T15:51:20.444+0000] {logging_mixin.py:188} INFO - [2024-09-24T15:51:20.444+0000] {dagbag.py:545} INFO - Filling up the DagBag from /home/airflow/.local/lib/python3.12/site-packages/airflow/example_dags/example_external_task_marker_dag.py
[2024-09-24T15:51:20.453+0000] {processor.py:840} INFO - DAG(s) 'example_external_task_marker_child', 'example_external_task_marker_parent' retrieved from /home/airflow/.local/lib/python3.12/site-packages/airflow/example_dags/example_external_task_marker_dag.py
[2024-09-24T15:51:20.479+0000] {logging_mixin.py:188} INFO - [2024-09-24T15:51:20.478+0000] {dag.py:3096} INFO - Sync 2 DAGs
[2024-09-24T15:51:20.497+0000] {logging_mixin.py:188} INFO - [2024-09-24T15:51:20.497+0000] {dag.py:3954} INFO - Setting next_dagrun for example_external_task_marker_child to None, run_after=None
[2024-09-24T15:51:20.502+0000] {logging_mixin.py:188} INFO - [2024-09-24T15:51:20.502+0000] {dag.py:3954} INFO - Setting next_dagrun for example_external_task_marker_parent to None, run_after=None
[2024-09-24T15:51:20.521+0000] {processor.py:183} INFO - Processing /home/airflow/.local/lib/python3.12/site-packages/airflow/example_dags/example_external_task_marker_dag.py took 0.088 seconds
[2024-09-24T15:51:50.804+0000] {processor.py:161} INFO - Started process (PID=1339) to work on /home/airflow/.local/lib/python3.12/site-packages/airflow/example_dags/example_external_task_marker_dag.py
[2024-09-24T15:51:50.805+0000] {processor.py:830} INFO - Processing file /home/airflow/.local/lib/python3.12/site-packages/airflow/example_dags/example_external_task_marker_dag.py for tasks to queue
[2024-09-24T15:51:50.808+0000] {logging_mixin.py:188} INFO - [2024-09-24T15:51:50.808+0000] {dagbag.py:545} INFO - Filling up the DagBag from /home/airflow/.local/lib/python3.12/site-packages/airflow/example_dags/example_external_task_marker_dag.py
[2024-09-24T15:51:50.816+0000] {processor.py:840} INFO - DAG(s) 'example_external_task_marker_parent', 'example_external_task_marker_child' retrieved from /home/airflow/.local/lib/python3.12/site-packages/airflow/example_dags/example_external_task_marker_dag.py
[2024-09-24T15:51:50.849+0000] {logging_mixin.py:188} INFO - [2024-09-24T15:51:50.849+0000] {dag.py:3096} INFO - Sync 2 DAGs
[2024-09-24T15:51:50.870+0000] {logging_mixin.py:188} INFO - [2024-09-24T15:51:50.870+0000] {dag.py:3954} INFO - Setting next_dagrun for example_external_task_marker_child to None, run_after=None
[2024-09-24T15:51:50.876+0000] {logging_mixin.py:188} INFO - [2024-09-24T15:51:50.876+0000] {dag.py:3954} INFO - Setting next_dagrun for example_external_task_marker_parent to None, run_after=None
[2024-09-24T15:51:50.901+0000] {processor.py:183} INFO - Processing /home/airflow/.local/lib/python3.12/site-packages/airflow/example_dags/example_external_task_marker_dag.py took 0.106 seconds
[2024-09-24T15:52:21.104+0000] {processor.py:161} INFO - Started process (PID=1396) to work on /home/airflow/.local/lib/python3.12/site-packages/airflow/example_dags/example_external_task_marker_dag.py
[2024-09-24T15:52:21.106+0000] {processor.py:830} INFO - Processing file /home/airflow/.local/lib/python3.12/site-packages/airflow/example_dags/example_external_task_marker_dag.py for tasks to queue
[2024-09-24T15:52:21.109+0000] {logging_mixin.py:188} INFO - [2024-09-24T15:52:21.108+0000] {dagbag.py:545} INFO - Filling up the DagBag from /home/airflow/.local/lib/python3.12/site-packages/airflow/example_dags/example_external_task_marker_dag.py
[2024-09-24T15:52:21.126+0000] {processor.py:840} INFO - DAG(s) 'example_external_task_marker_child', 'example_external_task_marker_parent' retrieved from /home/airflow/.local/lib/python3.12/site-packages/airflow/example_dags/example_external_task_marker_dag.py
[2024-09-24T15:52:21.179+0000] {logging_mixin.py:188} INFO - [2024-09-24T15:52:21.178+0000] {dag.py:3096} INFO - Sync 2 DAGs
[2024-09-24T15:52:21.202+0000] {logging_mixin.py:188} INFO - [2024-09-24T15:52:21.201+0000] {dag.py:3954} INFO - Setting next_dagrun for example_external_task_marker_child to None, run_after=None
[2024-09-24T15:52:21.208+0000] {logging_mixin.py:188} INFO - [2024-09-24T15:52:21.208+0000] {dag.py:3954} INFO - Setting next_dagrun for example_external_task_marker_parent to None, run_after=None
[2024-09-24T15:52:21.226+0000] {processor.py:183} INFO - Processing /home/airflow/.local/lib/python3.12/site-packages/airflow/example_dags/example_external_task_marker_dag.py took 0.134 seconds
[2024-09-24T15:52:51.593+0000] {processor.py:161} INFO - Started process (PID=1455) to work on /home/airflow/.local/lib/python3.12/site-packages/airflow/example_dags/example_external_task_marker_dag.py
[2024-09-24T15:52:51.594+0000] {processor.py:830} INFO - Processing file /home/airflow/.local/lib/python3.12/site-packages/airflow/example_dags/example_external_task_marker_dag.py for tasks to queue
[2024-09-24T15:52:51.597+0000] {logging_mixin.py:188} INFO - [2024-09-24T15:52:51.596+0000] {dagbag.py:545} INFO - Filling up the DagBag from /home/airflow/.local/lib/python3.12/site-packages/airflow/example_dags/example_external_task_marker_dag.py
[2024-09-24T15:52:51.605+0000] {processor.py:840} INFO - DAG(s) 'example_external_task_marker_parent', 'example_external_task_marker_child' retrieved from /home/airflow/.local/lib/python3.12/site-packages/airflow/example_dags/example_external_task_marker_dag.py
[2024-09-24T15:52:51.632+0000] {logging_mixin.py:188} INFO - [2024-09-24T15:52:51.632+0000] {dag.py:3096} INFO - Sync 2 DAGs
[2024-09-24T15:52:51.646+0000] {logging_mixin.py:188} INFO - [2024-09-24T15:52:51.646+0000] {dag.py:3954} INFO - Setting next_dagrun for example_external_task_marker_child to None, run_after=None
[2024-09-24T15:52:51.651+0000] {logging_mixin.py:188} INFO - [2024-09-24T15:52:51.651+0000] {dag.py:3954} INFO - Setting next_dagrun for example_external_task_marker_parent to None, run_after=None
[2024-09-24T15:52:51.669+0000] {processor.py:183} INFO - Processing /home/airflow/.local/lib/python3.12/site-packages/airflow/example_dags/example_external_task_marker_dag.py took 0.083 seconds
[2024-09-24T15:53:22.096+0000] {processor.py:161} INFO - Started process (PID=1513) to work on /home/airflow/.local/lib/python3.12/site-packages/airflow/example_dags/example_external_task_marker_dag.py
[2024-09-24T15:53:22.098+0000] {processor.py:830} INFO - Processing file /home/airflow/.local/lib/python3.12/site-packages/airflow/example_dags/example_external_task_marker_dag.py for tasks to queue
[2024-09-24T15:53:22.101+0000] {logging_mixin.py:188} INFO - [2024-09-24T15:53:22.101+0000] {dagbag.py:545} INFO - Filling up the DagBag from /home/airflow/.local/lib/python3.12/site-packages/airflow/example_dags/example_external_task_marker_dag.py
[2024-09-24T15:53:22.110+0000] {processor.py:840} INFO - DAG(s) 'example_external_task_marker_parent', 'example_external_task_marker_child' retrieved from /home/airflow/.local/lib/python3.12/site-packages/airflow/example_dags/example_external_task_marker_dag.py
[2024-09-24T15:53:22.140+0000] {logging_mixin.py:188} INFO - [2024-09-24T15:53:22.139+0000] {dag.py:3096} INFO - Sync 2 DAGs
[2024-09-24T15:53:22.159+0000] {logging_mixin.py:188} INFO - [2024-09-24T15:53:22.159+0000] {dag.py:3954} INFO - Setting next_dagrun for example_external_task_marker_child to None, run_after=None
[2024-09-24T15:53:22.165+0000] {logging_mixin.py:188} INFO - [2024-09-24T15:53:22.165+0000] {dag.py:3954} INFO - Setting next_dagrun for example_external_task_marker_parent to None, run_after=None
[2024-09-24T15:53:22.187+0000] {processor.py:183} INFO - Processing /home/airflow/.local/lib/python3.12/site-packages/airflow/example_dags/example_external_task_marker_dag.py took 0.098 seconds
