[2024-09-24T15:40:27.901+0000] {processor.py:161} INFO - Started process (PID=30) to work on /home/airflow/.local/lib/python3.12/site-packages/airflow/example_dags/example_task_group.py
[2024-09-24T15:40:27.903+0000] {processor.py:830} INFO - Processing file /home/airflow/.local/lib/python3.12/site-packages/airflow/example_dags/example_task_group.py for tasks to queue
[2024-09-24T15:40:27.906+0000] {logging_mixin.py:188} INFO - [2024-09-24T15:40:27.905+0000] {dagbag.py:545} INFO - Filling up the DagBag from /home/airflow/.local/lib/python3.12/site-packages/airflow/example_dags/example_task_group.py
[2024-09-24T15:40:27.932+0000] {processor.py:840} INFO - DAG(s) 'example_task_group' retrieved from /home/airflow/.local/lib/python3.12/site-packages/airflow/example_dags/example_task_group.py
[2024-09-24T15:40:28.427+0000] {logging_mixin.py:188} INFO - [2024-09-24T15:40:28.426+0000] {dag.py:3096} INFO - Sync 1 DAGs
[2024-09-24T15:40:28.471+0000] {logging_mixin.py:188} INFO - [2024-09-24T15:40:28.470+0000] {dag.py:3954} INFO - Setting next_dagrun for example_task_group to 2024-09-23 00:00:00+00:00, run_after=2024-09-24 00:00:00+00:00
[2024-09-24T15:40:28.517+0000] {processor.py:183} INFO - Processing /home/airflow/.local/lib/python3.12/site-packages/airflow/example_dags/example_task_group.py took 0.626 seconds
[2024-09-24T15:40:58.631+0000] {processor.py:161} INFO - Started process (PID=88) to work on /home/airflow/.local/lib/python3.12/site-packages/airflow/example_dags/example_task_group.py
[2024-09-24T15:40:58.632+0000] {processor.py:830} INFO - Processing file /home/airflow/.local/lib/python3.12/site-packages/airflow/example_dags/example_task_group.py for tasks to queue
[2024-09-24T15:40:58.634+0000] {logging_mixin.py:188} INFO - [2024-09-24T15:40:58.633+0000] {dagbag.py:545} INFO - Filling up the DagBag from /home/airflow/.local/lib/python3.12/site-packages/airflow/example_dags/example_task_group.py
[2024-09-24T15:40:58.651+0000] {processor.py:840} INFO - DAG(s) 'example_task_group' retrieved from /home/airflow/.local/lib/python3.12/site-packages/airflow/example_dags/example_task_group.py
[2024-09-24T15:40:58.691+0000] {logging_mixin.py:188} INFO - [2024-09-24T15:40:58.691+0000] {dag.py:3096} INFO - Sync 1 DAGs
[2024-09-24T15:40:58.753+0000] {logging_mixin.py:188} INFO - [2024-09-24T15:40:58.752+0000] {dag.py:3954} INFO - Setting next_dagrun for example_task_group to 2024-09-23 00:00:00+00:00, run_after=2024-09-24 00:00:00+00:00
[2024-09-24T15:40:58.777+0000] {processor.py:183} INFO - Processing /home/airflow/.local/lib/python3.12/site-packages/airflow/example_dags/example_task_group.py took 0.155 seconds
[2024-09-24T15:41:29.223+0000] {processor.py:161} INFO - Started process (PID=146) to work on /home/airflow/.local/lib/python3.12/site-packages/airflow/example_dags/example_task_group.py
[2024-09-24T15:41:29.224+0000] {processor.py:830} INFO - Processing file /home/airflow/.local/lib/python3.12/site-packages/airflow/example_dags/example_task_group.py for tasks to queue
[2024-09-24T15:41:29.226+0000] {logging_mixin.py:188} INFO - [2024-09-24T15:41:29.226+0000] {dagbag.py:545} INFO - Filling up the DagBag from /home/airflow/.local/lib/python3.12/site-packages/airflow/example_dags/example_task_group.py
[2024-09-24T15:41:29.247+0000] {processor.py:840} INFO - DAG(s) 'example_task_group' retrieved from /home/airflow/.local/lib/python3.12/site-packages/airflow/example_dags/example_task_group.py
[2024-09-24T15:41:29.276+0000] {logging_mixin.py:188} INFO - [2024-09-24T15:41:29.275+0000] {dag.py:3096} INFO - Sync 1 DAGs
[2024-09-24T15:41:29.300+0000] {logging_mixin.py:188} INFO - [2024-09-24T15:41:29.300+0000] {dag.py:3954} INFO - Setting next_dagrun for example_task_group to 2024-09-23 00:00:00+00:00, run_after=2024-09-24 00:00:00+00:00
[2024-09-24T15:41:29.319+0000] {processor.py:183} INFO - Processing /home/airflow/.local/lib/python3.12/site-packages/airflow/example_dags/example_task_group.py took 0.104 seconds
[2024-09-24T15:41:59.639+0000] {processor.py:161} INFO - Started process (PID=204) to work on /home/airflow/.local/lib/python3.12/site-packages/airflow/example_dags/example_task_group.py
[2024-09-24T15:41:59.641+0000] {processor.py:830} INFO - Processing file /home/airflow/.local/lib/python3.12/site-packages/airflow/example_dags/example_task_group.py for tasks to queue
[2024-09-24T15:41:59.643+0000] {logging_mixin.py:188} INFO - [2024-09-24T15:41:59.643+0000] {dagbag.py:545} INFO - Filling up the DagBag from /home/airflow/.local/lib/python3.12/site-packages/airflow/example_dags/example_task_group.py
[2024-09-24T15:41:59.650+0000] {processor.py:840} INFO - DAG(s) 'example_task_group' retrieved from /home/airflow/.local/lib/python3.12/site-packages/airflow/example_dags/example_task_group.py
[2024-09-24T15:41:59.672+0000] {logging_mixin.py:188} INFO - [2024-09-24T15:41:59.672+0000] {dag.py:3096} INFO - Sync 1 DAGs
[2024-09-24T15:41:59.695+0000] {logging_mixin.py:188} INFO - [2024-09-24T15:41:59.694+0000] {dag.py:3954} INFO - Setting next_dagrun for example_task_group to 2024-09-23 00:00:00+00:00, run_after=2024-09-24 00:00:00+00:00
[2024-09-24T15:41:59.731+0000] {processor.py:183} INFO - Processing /home/airflow/.local/lib/python3.12/site-packages/airflow/example_dags/example_task_group.py took 0.098 seconds
[2024-09-24T15:42:29.799+0000] {processor.py:161} INFO - Started process (PID=262) to work on /home/airflow/.local/lib/python3.12/site-packages/airflow/example_dags/example_task_group.py
[2024-09-24T15:42:29.800+0000] {processor.py:830} INFO - Processing file /home/airflow/.local/lib/python3.12/site-packages/airflow/example_dags/example_task_group.py for tasks to queue
[2024-09-24T15:42:29.804+0000] {logging_mixin.py:188} INFO - [2024-09-24T15:42:29.804+0000] {dagbag.py:545} INFO - Filling up the DagBag from /home/airflow/.local/lib/python3.12/site-packages/airflow/example_dags/example_task_group.py
[2024-09-24T15:42:29.812+0000] {processor.py:840} INFO - DAG(s) 'example_task_group' retrieved from /home/airflow/.local/lib/python3.12/site-packages/airflow/example_dags/example_task_group.py
[2024-09-24T15:42:29.835+0000] {logging_mixin.py:188} INFO - [2024-09-24T15:42:29.835+0000] {dag.py:3096} INFO - Sync 1 DAGs
[2024-09-24T15:42:29.860+0000] {logging_mixin.py:188} INFO - [2024-09-24T15:42:29.860+0000] {dag.py:3954} INFO - Setting next_dagrun for example_task_group to 2024-09-23 00:00:00+00:00, run_after=2024-09-24 00:00:00+00:00
[2024-09-24T15:42:29.882+0000] {processor.py:183} INFO - Processing /home/airflow/.local/lib/python3.12/site-packages/airflow/example_dags/example_task_group.py took 0.090 seconds
[2024-09-24T15:43:00.014+0000] {processor.py:161} INFO - Started process (PID=326) to work on /home/airflow/.local/lib/python3.12/site-packages/airflow/example_dags/example_task_group.py
[2024-09-24T15:43:00.015+0000] {processor.py:830} INFO - Processing file /home/airflow/.local/lib/python3.12/site-packages/airflow/example_dags/example_task_group.py for tasks to queue
[2024-09-24T15:43:00.019+0000] {logging_mixin.py:188} INFO - [2024-09-24T15:43:00.018+0000] {dagbag.py:545} INFO - Filling up the DagBag from /home/airflow/.local/lib/python3.12/site-packages/airflow/example_dags/example_task_group.py
[2024-09-24T15:43:00.030+0000] {processor.py:840} INFO - DAG(s) 'example_task_group' retrieved from /home/airflow/.local/lib/python3.12/site-packages/airflow/example_dags/example_task_group.py
[2024-09-24T15:43:00.059+0000] {logging_mixin.py:188} INFO - [2024-09-24T15:43:00.059+0000] {dag.py:3096} INFO - Sync 1 DAGs
[2024-09-24T15:43:00.088+0000] {logging_mixin.py:188} INFO - [2024-09-24T15:43:00.088+0000] {dag.py:3954} INFO - Setting next_dagrun for example_task_group to 2024-09-23 00:00:00+00:00, run_after=2024-09-24 00:00:00+00:00
[2024-09-24T15:43:00.112+0000] {processor.py:183} INFO - Processing /home/airflow/.local/lib/python3.12/site-packages/airflow/example_dags/example_task_group.py took 0.108 seconds
[2024-09-24T15:43:30.712+0000] {processor.py:161} INFO - Started process (PID=384) to work on /home/airflow/.local/lib/python3.12/site-packages/airflow/example_dags/example_task_group.py
[2024-09-24T15:43:30.713+0000] {processor.py:830} INFO - Processing file /home/airflow/.local/lib/python3.12/site-packages/airflow/example_dags/example_task_group.py for tasks to queue
[2024-09-24T15:43:30.716+0000] {logging_mixin.py:188} INFO - [2024-09-24T15:43:30.716+0000] {dagbag.py:545} INFO - Filling up the DagBag from /home/airflow/.local/lib/python3.12/site-packages/airflow/example_dags/example_task_group.py
[2024-09-24T15:43:30.724+0000] {processor.py:840} INFO - DAG(s) 'example_task_group' retrieved from /home/airflow/.local/lib/python3.12/site-packages/airflow/example_dags/example_task_group.py
[2024-09-24T15:43:30.754+0000] {logging_mixin.py:188} INFO - [2024-09-24T15:43:30.754+0000] {dag.py:3096} INFO - Sync 1 DAGs
[2024-09-24T15:43:30.786+0000] {logging_mixin.py:188} INFO - [2024-09-24T15:43:30.786+0000] {dag.py:3954} INFO - Setting next_dagrun for example_task_group to 2024-09-23 00:00:00+00:00, run_after=2024-09-24 00:00:00+00:00
[2024-09-24T15:43:30.816+0000] {processor.py:183} INFO - Processing /home/airflow/.local/lib/python3.12/site-packages/airflow/example_dags/example_task_group.py took 0.113 seconds
[2024-09-24T15:44:01.264+0000] {processor.py:161} INFO - Started process (PID=442) to work on /home/airflow/.local/lib/python3.12/site-packages/airflow/example_dags/example_task_group.py
[2024-09-24T15:44:01.267+0000] {processor.py:830} INFO - Processing file /home/airflow/.local/lib/python3.12/site-packages/airflow/example_dags/example_task_group.py for tasks to queue
[2024-09-24T15:44:01.270+0000] {logging_mixin.py:188} INFO - [2024-09-24T15:44:01.270+0000] {dagbag.py:545} INFO - Filling up the DagBag from /home/airflow/.local/lib/python3.12/site-packages/airflow/example_dags/example_task_group.py
[2024-09-24T15:44:01.281+0000] {processor.py:840} INFO - DAG(s) 'example_task_group' retrieved from /home/airflow/.local/lib/python3.12/site-packages/airflow/example_dags/example_task_group.py
[2024-09-24T15:44:01.314+0000] {logging_mixin.py:188} INFO - [2024-09-24T15:44:01.313+0000] {dag.py:3096} INFO - Sync 1 DAGs
[2024-09-24T15:44:01.359+0000] {logging_mixin.py:188} INFO - [2024-09-24T15:44:01.359+0000] {dag.py:3954} INFO - Setting next_dagrun for example_task_group to 2024-09-23 00:00:00+00:00, run_after=2024-09-24 00:00:00+00:00
[2024-09-24T15:44:01.412+0000] {processor.py:183} INFO - Processing /home/airflow/.local/lib/python3.12/site-packages/airflow/example_dags/example_task_group.py took 0.156 seconds
[2024-09-24T15:44:31.480+0000] {processor.py:161} INFO - Started process (PID=500) to work on /home/airflow/.local/lib/python3.12/site-packages/airflow/example_dags/example_task_group.py
[2024-09-24T15:44:31.481+0000] {processor.py:830} INFO - Processing file /home/airflow/.local/lib/python3.12/site-packages/airflow/example_dags/example_task_group.py for tasks to queue
[2024-09-24T15:44:31.483+0000] {logging_mixin.py:188} INFO - [2024-09-24T15:44:31.483+0000] {dagbag.py:545} INFO - Filling up the DagBag from /home/airflow/.local/lib/python3.12/site-packages/airflow/example_dags/example_task_group.py
[2024-09-24T15:44:31.491+0000] {processor.py:840} INFO - DAG(s) 'example_task_group' retrieved from /home/airflow/.local/lib/python3.12/site-packages/airflow/example_dags/example_task_group.py
[2024-09-24T15:44:31.514+0000] {logging_mixin.py:188} INFO - [2024-09-24T15:44:31.514+0000] {dag.py:3096} INFO - Sync 1 DAGs
[2024-09-24T15:44:31.540+0000] {logging_mixin.py:188} INFO - [2024-09-24T15:44:31.540+0000] {dag.py:3954} INFO - Setting next_dagrun for example_task_group to 2024-09-23 00:00:00+00:00, run_after=2024-09-24 00:00:00+00:00
[2024-09-24T15:44:31.565+0000] {processor.py:183} INFO - Processing /home/airflow/.local/lib/python3.12/site-packages/airflow/example_dags/example_task_group.py took 0.091 seconds
[2024-09-24T15:45:01.820+0000] {processor.py:161} INFO - Started process (PID=558) to work on /home/airflow/.local/lib/python3.12/site-packages/airflow/example_dags/example_task_group.py
[2024-09-24T15:45:01.822+0000] {processor.py:830} INFO - Processing file /home/airflow/.local/lib/python3.12/site-packages/airflow/example_dags/example_task_group.py for tasks to queue
[2024-09-24T15:45:01.824+0000] {logging_mixin.py:188} INFO - [2024-09-24T15:45:01.823+0000] {dagbag.py:545} INFO - Filling up the DagBag from /home/airflow/.local/lib/python3.12/site-packages/airflow/example_dags/example_task_group.py
[2024-09-24T15:45:01.833+0000] {processor.py:840} INFO - DAG(s) 'example_task_group' retrieved from /home/airflow/.local/lib/python3.12/site-packages/airflow/example_dags/example_task_group.py
[2024-09-24T15:45:01.857+0000] {logging_mixin.py:188} INFO - [2024-09-24T15:45:01.857+0000] {dag.py:3096} INFO - Sync 1 DAGs
[2024-09-24T15:45:01.885+0000] {logging_mixin.py:188} INFO - [2024-09-24T15:45:01.884+0000] {dag.py:3954} INFO - Setting next_dagrun for example_task_group to 2024-09-23 00:00:00+00:00, run_after=2024-09-24 00:00:00+00:00
[2024-09-24T15:45:01.915+0000] {processor.py:183} INFO - Processing /home/airflow/.local/lib/python3.12/site-packages/airflow/example_dags/example_task_group.py took 0.101 seconds
[2024-09-24T15:45:32.216+0000] {processor.py:161} INFO - Started process (PID=616) to work on /home/airflow/.local/lib/python3.12/site-packages/airflow/example_dags/example_task_group.py
[2024-09-24T15:45:32.217+0000] {processor.py:830} INFO - Processing file /home/airflow/.local/lib/python3.12/site-packages/airflow/example_dags/example_task_group.py for tasks to queue
[2024-09-24T15:45:32.219+0000] {logging_mixin.py:188} INFO - [2024-09-24T15:45:32.218+0000] {dagbag.py:545} INFO - Filling up the DagBag from /home/airflow/.local/lib/python3.12/site-packages/airflow/example_dags/example_task_group.py
[2024-09-24T15:45:32.227+0000] {processor.py:840} INFO - DAG(s) 'example_task_group' retrieved from /home/airflow/.local/lib/python3.12/site-packages/airflow/example_dags/example_task_group.py
[2024-09-24T15:45:32.252+0000] {logging_mixin.py:188} INFO - [2024-09-24T15:45:32.252+0000] {dag.py:3096} INFO - Sync 1 DAGs
[2024-09-24T15:45:32.279+0000] {logging_mixin.py:188} INFO - [2024-09-24T15:45:32.279+0000] {dag.py:3954} INFO - Setting next_dagrun for example_task_group to 2024-09-23 00:00:00+00:00, run_after=2024-09-24 00:00:00+00:00
[2024-09-24T15:45:32.300+0000] {processor.py:183} INFO - Processing /home/airflow/.local/lib/python3.12/site-packages/airflow/example_dags/example_task_group.py took 0.092 seconds
[2024-09-24T15:46:02.867+0000] {processor.py:161} INFO - Started process (PID=674) to work on /home/airflow/.local/lib/python3.12/site-packages/airflow/example_dags/example_task_group.py
[2024-09-24T15:46:02.870+0000] {processor.py:830} INFO - Processing file /home/airflow/.local/lib/python3.12/site-packages/airflow/example_dags/example_task_group.py for tasks to queue
[2024-09-24T15:46:02.872+0000] {logging_mixin.py:188} INFO - [2024-09-24T15:46:02.872+0000] {dagbag.py:545} INFO - Filling up the DagBag from /home/airflow/.local/lib/python3.12/site-packages/airflow/example_dags/example_task_group.py
[2024-09-24T15:46:02.881+0000] {processor.py:840} INFO - DAG(s) 'example_task_group' retrieved from /home/airflow/.local/lib/python3.12/site-packages/airflow/example_dags/example_task_group.py
[2024-09-24T15:46:02.910+0000] {logging_mixin.py:188} INFO - [2024-09-24T15:46:02.910+0000] {dag.py:3096} INFO - Sync 1 DAGs
[2024-09-24T15:46:02.944+0000] {logging_mixin.py:188} INFO - [2024-09-24T15:46:02.944+0000] {dag.py:3954} INFO - Setting next_dagrun for example_task_group to 2024-09-23 00:00:00+00:00, run_after=2024-09-24 00:00:00+00:00
[2024-09-24T15:46:02.974+0000] {processor.py:183} INFO - Processing /home/airflow/.local/lib/python3.12/site-packages/airflow/example_dags/example_task_group.py took 0.113 seconds
[2024-09-24T15:46:33.075+0000] {processor.py:161} INFO - Started process (PID=732) to work on /home/airflow/.local/lib/python3.12/site-packages/airflow/example_dags/example_task_group.py
[2024-09-24T15:46:33.077+0000] {processor.py:830} INFO - Processing file /home/airflow/.local/lib/python3.12/site-packages/airflow/example_dags/example_task_group.py for tasks to queue
[2024-09-24T15:46:33.079+0000] {logging_mixin.py:188} INFO - [2024-09-24T15:46:33.079+0000] {dagbag.py:545} INFO - Filling up the DagBag from /home/airflow/.local/lib/python3.12/site-packages/airflow/example_dags/example_task_group.py
[2024-09-24T15:46:33.087+0000] {processor.py:840} INFO - DAG(s) 'example_task_group' retrieved from /home/airflow/.local/lib/python3.12/site-packages/airflow/example_dags/example_task_group.py
[2024-09-24T15:46:33.110+0000] {logging_mixin.py:188} INFO - [2024-09-24T15:46:33.110+0000] {dag.py:3096} INFO - Sync 1 DAGs
[2024-09-24T15:46:33.133+0000] {logging_mixin.py:188} INFO - [2024-09-24T15:46:33.133+0000] {dag.py:3954} INFO - Setting next_dagrun for example_task_group to 2024-09-23 00:00:00+00:00, run_after=2024-09-24 00:00:00+00:00
[2024-09-24T15:46:33.153+0000] {processor.py:183} INFO - Processing /home/airflow/.local/lib/python3.12/site-packages/airflow/example_dags/example_task_group.py took 0.084 seconds
[2024-09-24T15:47:03.224+0000] {processor.py:161} INFO - Started process (PID=790) to work on /home/airflow/.local/lib/python3.12/site-packages/airflow/example_dags/example_task_group.py
[2024-09-24T15:47:03.226+0000] {processor.py:830} INFO - Processing file /home/airflow/.local/lib/python3.12/site-packages/airflow/example_dags/example_task_group.py for tasks to queue
[2024-09-24T15:47:03.228+0000] {logging_mixin.py:188} INFO - [2024-09-24T15:47:03.228+0000] {dagbag.py:545} INFO - Filling up the DagBag from /home/airflow/.local/lib/python3.12/site-packages/airflow/example_dags/example_task_group.py
[2024-09-24T15:47:03.238+0000] {processor.py:840} INFO - DAG(s) 'example_task_group' retrieved from /home/airflow/.local/lib/python3.12/site-packages/airflow/example_dags/example_task_group.py
[2024-09-24T15:47:03.263+0000] {logging_mixin.py:188} INFO - [2024-09-24T15:47:03.263+0000] {dag.py:3096} INFO - Sync 1 DAGs
[2024-09-24T15:47:03.291+0000] {logging_mixin.py:188} INFO - [2024-09-24T15:47:03.291+0000] {dag.py:3954} INFO - Setting next_dagrun for example_task_group to 2024-09-23 00:00:00+00:00, run_after=2024-09-24 00:00:00+00:00
[2024-09-24T15:47:03.312+0000] {processor.py:183} INFO - Processing /home/airflow/.local/lib/python3.12/site-packages/airflow/example_dags/example_task_group.py took 0.096 seconds
[2024-09-24T15:47:33.654+0000] {processor.py:161} INFO - Started process (PID=848) to work on /home/airflow/.local/lib/python3.12/site-packages/airflow/example_dags/example_task_group.py
[2024-09-24T15:47:33.655+0000] {processor.py:830} INFO - Processing file /home/airflow/.local/lib/python3.12/site-packages/airflow/example_dags/example_task_group.py for tasks to queue
[2024-09-24T15:47:33.657+0000] {logging_mixin.py:188} INFO - [2024-09-24T15:47:33.657+0000] {dagbag.py:545} INFO - Filling up the DagBag from /home/airflow/.local/lib/python3.12/site-packages/airflow/example_dags/example_task_group.py
[2024-09-24T15:47:33.666+0000] {processor.py:840} INFO - DAG(s) 'example_task_group' retrieved from /home/airflow/.local/lib/python3.12/site-packages/airflow/example_dags/example_task_group.py
[2024-09-24T15:47:33.693+0000] {logging_mixin.py:188} INFO - [2024-09-24T15:47:33.693+0000] {dag.py:3096} INFO - Sync 1 DAGs
[2024-09-24T15:47:33.719+0000] {logging_mixin.py:188} INFO - [2024-09-24T15:47:33.719+0000] {dag.py:3954} INFO - Setting next_dagrun for example_task_group to 2024-09-23 00:00:00+00:00, run_after=2024-09-24 00:00:00+00:00
[2024-09-24T15:47:33.744+0000] {processor.py:183} INFO - Processing /home/airflow/.local/lib/python3.12/site-packages/airflow/example_dags/example_task_group.py took 0.098 seconds
[2024-09-24T15:48:04.131+0000] {processor.py:161} INFO - Started process (PID=904) to work on /home/airflow/.local/lib/python3.12/site-packages/airflow/example_dags/example_task_group.py
[2024-09-24T15:48:04.132+0000] {processor.py:830} INFO - Processing file /home/airflow/.local/lib/python3.12/site-packages/airflow/example_dags/example_task_group.py for tasks to queue
[2024-09-24T15:48:04.134+0000] {logging_mixin.py:188} INFO - [2024-09-24T15:48:04.134+0000] {dagbag.py:545} INFO - Filling up the DagBag from /home/airflow/.local/lib/python3.12/site-packages/airflow/example_dags/example_task_group.py
[2024-09-24T15:48:04.142+0000] {processor.py:840} INFO - DAG(s) 'example_task_group' retrieved from /home/airflow/.local/lib/python3.12/site-packages/airflow/example_dags/example_task_group.py
[2024-09-24T15:48:04.168+0000] {logging_mixin.py:188} INFO - [2024-09-24T15:48:04.167+0000] {dag.py:3096} INFO - Sync 1 DAGs
[2024-09-24T15:48:04.193+0000] {logging_mixin.py:188} INFO - [2024-09-24T15:48:04.193+0000] {dag.py:3954} INFO - Setting next_dagrun for example_task_group to 2024-09-23 00:00:00+00:00, run_after=2024-09-24 00:00:00+00:00
[2024-09-24T15:48:04.219+0000] {processor.py:183} INFO - Processing /home/airflow/.local/lib/python3.12/site-packages/airflow/example_dags/example_task_group.py took 0.094 seconds
[2024-09-24T15:48:34.503+0000] {processor.py:161} INFO - Started process (PID=962) to work on /home/airflow/.local/lib/python3.12/site-packages/airflow/example_dags/example_task_group.py
[2024-09-24T15:48:34.504+0000] {processor.py:830} INFO - Processing file /home/airflow/.local/lib/python3.12/site-packages/airflow/example_dags/example_task_group.py for tasks to queue
[2024-09-24T15:48:34.507+0000] {logging_mixin.py:188} INFO - [2024-09-24T15:48:34.506+0000] {dagbag.py:545} INFO - Filling up the DagBag from /home/airflow/.local/lib/python3.12/site-packages/airflow/example_dags/example_task_group.py
[2024-09-24T15:48:34.515+0000] {processor.py:840} INFO - DAG(s) 'example_task_group' retrieved from /home/airflow/.local/lib/python3.12/site-packages/airflow/example_dags/example_task_group.py
[2024-09-24T15:48:34.538+0000] {logging_mixin.py:188} INFO - [2024-09-24T15:48:34.538+0000] {dag.py:3096} INFO - Sync 1 DAGs
[2024-09-24T15:48:34.576+0000] {logging_mixin.py:188} INFO - [2024-09-24T15:48:34.575+0000] {dag.py:3954} INFO - Setting next_dagrun for example_task_group to 2024-09-23 00:00:00+00:00, run_after=2024-09-24 00:00:00+00:00
[2024-09-24T15:48:34.616+0000] {processor.py:183} INFO - Processing /home/airflow/.local/lib/python3.12/site-packages/airflow/example_dags/example_task_group.py took 0.120 seconds
[2024-09-24T15:49:05.391+0000] {processor.py:161} INFO - Started process (PID=1021) to work on /home/airflow/.local/lib/python3.12/site-packages/airflow/example_dags/example_task_group.py
[2024-09-24T15:49:05.392+0000] {processor.py:830} INFO - Processing file /home/airflow/.local/lib/python3.12/site-packages/airflow/example_dags/example_task_group.py for tasks to queue
[2024-09-24T15:49:05.401+0000] {logging_mixin.py:188} INFO - [2024-09-24T15:49:05.400+0000] {dagbag.py:545} INFO - Filling up the DagBag from /home/airflow/.local/lib/python3.12/site-packages/airflow/example_dags/example_task_group.py
[2024-09-24T15:49:05.408+0000] {processor.py:840} INFO - DAG(s) 'example_task_group' retrieved from /home/airflow/.local/lib/python3.12/site-packages/airflow/example_dags/example_task_group.py
[2024-09-24T15:49:05.437+0000] {logging_mixin.py:188} INFO - [2024-09-24T15:49:05.436+0000] {dag.py:3096} INFO - Sync 1 DAGs
[2024-09-24T15:49:05.462+0000] {logging_mixin.py:188} INFO - [2024-09-24T15:49:05.461+0000] {dag.py:3954} INFO - Setting next_dagrun for example_task_group to 2024-09-23 00:00:00+00:00, run_after=2024-09-24 00:00:00+00:00
[2024-09-24T15:49:05.486+0000] {processor.py:183} INFO - Processing /home/airflow/.local/lib/python3.12/site-packages/airflow/example_dags/example_task_group.py took 0.101 seconds
[2024-09-24T15:49:35.571+0000] {processor.py:161} INFO - Started process (PID=1079) to work on /home/airflow/.local/lib/python3.12/site-packages/airflow/example_dags/example_task_group.py
[2024-09-24T15:49:35.572+0000] {processor.py:830} INFO - Processing file /home/airflow/.local/lib/python3.12/site-packages/airflow/example_dags/example_task_group.py for tasks to queue
[2024-09-24T15:49:35.575+0000] {logging_mixin.py:188} INFO - [2024-09-24T15:49:35.574+0000] {dagbag.py:545} INFO - Filling up the DagBag from /home/airflow/.local/lib/python3.12/site-packages/airflow/example_dags/example_task_group.py
[2024-09-24T15:49:35.584+0000] {processor.py:840} INFO - DAG(s) 'example_task_group' retrieved from /home/airflow/.local/lib/python3.12/site-packages/airflow/example_dags/example_task_group.py
[2024-09-24T15:49:35.608+0000] {logging_mixin.py:188} INFO - [2024-09-24T15:49:35.607+0000] {dag.py:3096} INFO - Sync 1 DAGs
[2024-09-24T15:49:35.634+0000] {logging_mixin.py:188} INFO - [2024-09-24T15:49:35.634+0000] {dag.py:3954} INFO - Setting next_dagrun for example_task_group to 2024-09-23 00:00:00+00:00, run_after=2024-09-24 00:00:00+00:00
[2024-09-24T15:49:35.657+0000] {processor.py:183} INFO - Processing /home/airflow/.local/lib/python3.12/site-packages/airflow/example_dags/example_task_group.py took 0.096 seconds
[2024-09-24T15:50:05.805+0000] {processor.py:161} INFO - Started process (PID=1137) to work on /home/airflow/.local/lib/python3.12/site-packages/airflow/example_dags/example_task_group.py
[2024-09-24T15:50:05.809+0000] {processor.py:830} INFO - Processing file /home/airflow/.local/lib/python3.12/site-packages/airflow/example_dags/example_task_group.py for tasks to queue
[2024-09-24T15:50:05.822+0000] {logging_mixin.py:188} INFO - [2024-09-24T15:50:05.822+0000] {dagbag.py:545} INFO - Filling up the DagBag from /home/airflow/.local/lib/python3.12/site-packages/airflow/example_dags/example_task_group.py
[2024-09-24T15:50:05.852+0000] {processor.py:840} INFO - DAG(s) 'example_task_group' retrieved from /home/airflow/.local/lib/python3.12/site-packages/airflow/example_dags/example_task_group.py
[2024-09-24T15:50:05.939+0000] {logging_mixin.py:188} INFO - [2024-09-24T15:50:05.939+0000] {dag.py:3096} INFO - Sync 1 DAGs
[2024-09-24T15:50:05.995+0000] {logging_mixin.py:188} INFO - [2024-09-24T15:50:05.994+0000] {dag.py:3954} INFO - Setting next_dagrun for example_task_group to 2024-09-23 00:00:00+00:00, run_after=2024-09-24 00:00:00+00:00
[2024-09-24T15:50:06.093+0000] {processor.py:183} INFO - Processing /home/airflow/.local/lib/python3.12/site-packages/airflow/example_dags/example_task_group.py took 0.333 seconds
[2024-09-24T15:50:36.556+0000] {processor.py:161} INFO - Started process (PID=1196) to work on /home/airflow/.local/lib/python3.12/site-packages/airflow/example_dags/example_task_group.py
[2024-09-24T15:50:36.558+0000] {processor.py:830} INFO - Processing file /home/airflow/.local/lib/python3.12/site-packages/airflow/example_dags/example_task_group.py for tasks to queue
[2024-09-24T15:50:36.560+0000] {logging_mixin.py:188} INFO - [2024-09-24T15:50:36.559+0000] {dagbag.py:545} INFO - Filling up the DagBag from /home/airflow/.local/lib/python3.12/site-packages/airflow/example_dags/example_task_group.py
[2024-09-24T15:50:36.568+0000] {processor.py:840} INFO - DAG(s) 'example_task_group' retrieved from /home/airflow/.local/lib/python3.12/site-packages/airflow/example_dags/example_task_group.py
[2024-09-24T15:50:36.589+0000] {logging_mixin.py:188} INFO - [2024-09-24T15:50:36.589+0000] {dag.py:3096} INFO - Sync 1 DAGs
[2024-09-24T15:50:36.611+0000] {logging_mixin.py:188} INFO - [2024-09-24T15:50:36.611+0000] {dag.py:3954} INFO - Setting next_dagrun for example_task_group to 2024-09-23 00:00:00+00:00, run_after=2024-09-24 00:00:00+00:00
[2024-09-24T15:50:36.632+0000] {processor.py:183} INFO - Processing /home/airflow/.local/lib/python3.12/site-packages/airflow/example_dags/example_task_group.py took 0.082 seconds
[2024-09-24T15:51:07.509+0000] {processor.py:161} INFO - Started process (PID=1254) to work on /home/airflow/.local/lib/python3.12/site-packages/airflow/example_dags/example_task_group.py
[2024-09-24T15:51:07.510+0000] {processor.py:830} INFO - Processing file /home/airflow/.local/lib/python3.12/site-packages/airflow/example_dags/example_task_group.py for tasks to queue
[2024-09-24T15:51:07.512+0000] {logging_mixin.py:188} INFO - [2024-09-24T15:51:07.512+0000] {dagbag.py:545} INFO - Filling up the DagBag from /home/airflow/.local/lib/python3.12/site-packages/airflow/example_dags/example_task_group.py
[2024-09-24T15:51:07.521+0000] {processor.py:840} INFO - DAG(s) 'example_task_group' retrieved from /home/airflow/.local/lib/python3.12/site-packages/airflow/example_dags/example_task_group.py
[2024-09-24T15:51:07.548+0000] {logging_mixin.py:188} INFO - [2024-09-24T15:51:07.548+0000] {dag.py:3096} INFO - Sync 1 DAGs
[2024-09-24T15:51:07.575+0000] {logging_mixin.py:188} INFO - [2024-09-24T15:51:07.575+0000] {dag.py:3954} INFO - Setting next_dagrun for example_task_group to 2024-09-23 00:00:00+00:00, run_after=2024-09-24 00:00:00+00:00
[2024-09-24T15:51:07.597+0000] {processor.py:183} INFO - Processing /home/airflow/.local/lib/python3.12/site-packages/airflow/example_dags/example_task_group.py took 0.097 seconds
[2024-09-24T15:51:37.968+0000] {processor.py:161} INFO - Started process (PID=1312) to work on /home/airflow/.local/lib/python3.12/site-packages/airflow/example_dags/example_task_group.py
[2024-09-24T15:51:37.969+0000] {processor.py:830} INFO - Processing file /home/airflow/.local/lib/python3.12/site-packages/airflow/example_dags/example_task_group.py for tasks to queue
[2024-09-24T15:51:37.972+0000] {logging_mixin.py:188} INFO - [2024-09-24T15:51:37.971+0000] {dagbag.py:545} INFO - Filling up the DagBag from /home/airflow/.local/lib/python3.12/site-packages/airflow/example_dags/example_task_group.py
[2024-09-24T15:51:37.984+0000] {processor.py:840} INFO - DAG(s) 'example_task_group' retrieved from /home/airflow/.local/lib/python3.12/site-packages/airflow/example_dags/example_task_group.py
[2024-09-24T15:51:38.019+0000] {logging_mixin.py:188} INFO - [2024-09-24T15:51:38.018+0000] {dag.py:3096} INFO - Sync 1 DAGs
[2024-09-24T15:51:38.053+0000] {logging_mixin.py:188} INFO - [2024-09-24T15:51:38.053+0000] {dag.py:3954} INFO - Setting next_dagrun for example_task_group to 2024-09-23 00:00:00+00:00, run_after=2024-09-24 00:00:00+00:00
[2024-09-24T15:51:38.076+0000] {processor.py:183} INFO - Processing /home/airflow/.local/lib/python3.12/site-packages/airflow/example_dags/example_task_group.py took 0.116 seconds
[2024-09-24T15:52:08.556+0000] {processor.py:161} INFO - Started process (PID=1370) to work on /home/airflow/.local/lib/python3.12/site-packages/airflow/example_dags/example_task_group.py
[2024-09-24T15:52:08.557+0000] {processor.py:830} INFO - Processing file /home/airflow/.local/lib/python3.12/site-packages/airflow/example_dags/example_task_group.py for tasks to queue
[2024-09-24T15:52:08.560+0000] {logging_mixin.py:188} INFO - [2024-09-24T15:52:08.560+0000] {dagbag.py:545} INFO - Filling up the DagBag from /home/airflow/.local/lib/python3.12/site-packages/airflow/example_dags/example_task_group.py
[2024-09-24T15:52:08.568+0000] {processor.py:840} INFO - DAG(s) 'example_task_group' retrieved from /home/airflow/.local/lib/python3.12/site-packages/airflow/example_dags/example_task_group.py
[2024-09-24T15:52:08.593+0000] {logging_mixin.py:188} INFO - [2024-09-24T15:52:08.593+0000] {dag.py:3096} INFO - Sync 1 DAGs
[2024-09-24T15:52:08.619+0000] {logging_mixin.py:188} INFO - [2024-09-24T15:52:08.618+0000] {dag.py:3954} INFO - Setting next_dagrun for example_task_group to 2024-09-23 00:00:00+00:00, run_after=2024-09-24 00:00:00+00:00
[2024-09-24T15:52:08.643+0000] {processor.py:183} INFO - Processing /home/airflow/.local/lib/python3.12/site-packages/airflow/example_dags/example_task_group.py took 0.094 seconds
[2024-09-24T15:52:38.726+0000] {processor.py:161} INFO - Started process (PID=1428) to work on /home/airflow/.local/lib/python3.12/site-packages/airflow/example_dags/example_task_group.py
[2024-09-24T15:52:38.727+0000] {processor.py:830} INFO - Processing file /home/airflow/.local/lib/python3.12/site-packages/airflow/example_dags/example_task_group.py for tasks to queue
[2024-09-24T15:52:38.729+0000] {logging_mixin.py:188} INFO - [2024-09-24T15:52:38.729+0000] {dagbag.py:545} INFO - Filling up the DagBag from /home/airflow/.local/lib/python3.12/site-packages/airflow/example_dags/example_task_group.py
[2024-09-24T15:52:38.737+0000] {processor.py:840} INFO - DAG(s) 'example_task_group' retrieved from /home/airflow/.local/lib/python3.12/site-packages/airflow/example_dags/example_task_group.py
[2024-09-24T15:52:38.758+0000] {logging_mixin.py:188} INFO - [2024-09-24T15:52:38.758+0000] {dag.py:3096} INFO - Sync 1 DAGs
[2024-09-24T15:52:38.781+0000] {logging_mixin.py:188} INFO - [2024-09-24T15:52:38.781+0000] {dag.py:3954} INFO - Setting next_dagrun for example_task_group to 2024-09-23 00:00:00+00:00, run_after=2024-09-24 00:00:00+00:00
[2024-09-24T15:52:38.801+0000] {processor.py:183} INFO - Processing /home/airflow/.local/lib/python3.12/site-packages/airflow/example_dags/example_task_group.py took 0.083 seconds
[2024-09-24T15:53:09.106+0000] {processor.py:161} INFO - Started process (PID=1486) to work on /home/airflow/.local/lib/python3.12/site-packages/airflow/example_dags/example_task_group.py
[2024-09-24T15:53:09.107+0000] {processor.py:830} INFO - Processing file /home/airflow/.local/lib/python3.12/site-packages/airflow/example_dags/example_task_group.py for tasks to queue
[2024-09-24T15:53:09.109+0000] {logging_mixin.py:188} INFO - [2024-09-24T15:53:09.109+0000] {dagbag.py:545} INFO - Filling up the DagBag from /home/airflow/.local/lib/python3.12/site-packages/airflow/example_dags/example_task_group.py
[2024-09-24T15:53:09.117+0000] {processor.py:840} INFO - DAG(s) 'example_task_group' retrieved from /home/airflow/.local/lib/python3.12/site-packages/airflow/example_dags/example_task_group.py
[2024-09-24T15:53:09.138+0000] {logging_mixin.py:188} INFO - [2024-09-24T15:53:09.137+0000] {dag.py:3096} INFO - Sync 1 DAGs
[2024-09-24T15:53:09.161+0000] {logging_mixin.py:188} INFO - [2024-09-24T15:53:09.161+0000] {dag.py:3954} INFO - Setting next_dagrun for example_task_group to 2024-09-23 00:00:00+00:00, run_after=2024-09-24 00:00:00+00:00
[2024-09-24T15:53:09.324+0000] {processor.py:183} INFO - Processing /home/airflow/.local/lib/python3.12/site-packages/airflow/example_dags/example_task_group.py took 0.224 seconds
