[2024-09-24T15:40:36.583+0000] {processor.py:161} INFO - Started process (PID=50) to work on /home/airflow/.local/lib/python3.12/site-packages/airflow/example_dags/example_branch_operator.py
[2024-09-24T15:40:36.599+0000] {processor.py:830} INFO - Processing file /home/airflow/.local/lib/python3.12/site-packages/airflow/example_dags/example_branch_operator.py for tasks to queue
[2024-09-24T15:40:36.611+0000] {logging_mixin.py:188} INFO - [2024-09-24T15:40:36.610+0000] {dagbag.py:545} INFO - Filling up the DagBag from /home/airflow/.local/lib/python3.12/site-packages/airflow/example_dags/example_branch_operator.py
[2024-09-24T15:40:36.866+0000] {processor.py:840} INFO - DAG(s) 'example_branch_operator' retrieved from /home/airflow/.local/lib/python3.12/site-packages/airflow/example_dags/example_branch_operator.py
[2024-09-24T15:40:37.504+0000] {logging_mixin.py:188} INFO - [2024-09-24T15:40:37.503+0000] {dag.py:3096} INFO - Sync 1 DAGs
[2024-09-24T15:40:37.760+0000] {logging_mixin.py:188} INFO - [2024-09-24T15:40:37.759+0000] {dag.py:3954} INFO - Setting next_dagrun for example_branch_operator to 2024-09-23 00:00:00+00:00, run_after=2024-09-24 00:00:00+00:00
[2024-09-24T15:40:37.927+0000] {processor.py:183} INFO - Processing /home/airflow/.local/lib/python3.12/site-packages/airflow/example_dags/example_branch_operator.py took 1.415 seconds
[2024-09-24T15:41:08.703+0000] {processor.py:161} INFO - Started process (PID=108) to work on /home/airflow/.local/lib/python3.12/site-packages/airflow/example_dags/example_branch_operator.py
[2024-09-24T15:41:08.705+0000] {processor.py:830} INFO - Processing file /home/airflow/.local/lib/python3.12/site-packages/airflow/example_dags/example_branch_operator.py for tasks to queue
[2024-09-24T15:41:08.708+0000] {logging_mixin.py:188} INFO - [2024-09-24T15:41:08.708+0000] {dagbag.py:545} INFO - Filling up the DagBag from /home/airflow/.local/lib/python3.12/site-packages/airflow/example_dags/example_branch_operator.py
[2024-09-24T15:41:08.742+0000] {processor.py:840} INFO - DAG(s) 'example_branch_operator' retrieved from /home/airflow/.local/lib/python3.12/site-packages/airflow/example_dags/example_branch_operator.py
[2024-09-24T15:41:08.794+0000] {logging_mixin.py:188} INFO - [2024-09-24T15:41:08.793+0000] {dag.py:3096} INFO - Sync 1 DAGs
[2024-09-24T15:41:08.822+0000] {logging_mixin.py:188} INFO - [2024-09-24T15:41:08.821+0000] {dag.py:3954} INFO - Setting next_dagrun for example_branch_operator to 2024-09-23 00:00:00+00:00, run_after=2024-09-24 00:00:00+00:00
[2024-09-24T15:41:08.842+0000] {processor.py:183} INFO - Processing /home/airflow/.local/lib/python3.12/site-packages/airflow/example_dags/example_branch_operator.py took 0.147 seconds
[2024-09-24T15:41:39.288+0000] {processor.py:161} INFO - Started process (PID=166) to work on /home/airflow/.local/lib/python3.12/site-packages/airflow/example_dags/example_branch_operator.py
[2024-09-24T15:41:39.289+0000] {processor.py:830} INFO - Processing file /home/airflow/.local/lib/python3.12/site-packages/airflow/example_dags/example_branch_operator.py for tasks to queue
[2024-09-24T15:41:39.292+0000] {logging_mixin.py:188} INFO - [2024-09-24T15:41:39.291+0000] {dagbag.py:545} INFO - Filling up the DagBag from /home/airflow/.local/lib/python3.12/site-packages/airflow/example_dags/example_branch_operator.py
[2024-09-24T15:41:39.311+0000] {processor.py:840} INFO - DAG(s) 'example_branch_operator' retrieved from /home/airflow/.local/lib/python3.12/site-packages/airflow/example_dags/example_branch_operator.py
[2024-09-24T15:41:39.344+0000] {logging_mixin.py:188} INFO - [2024-09-24T15:41:39.344+0000] {dag.py:3096} INFO - Sync 1 DAGs
[2024-09-24T15:41:39.375+0000] {logging_mixin.py:188} INFO - [2024-09-24T15:41:39.375+0000] {dag.py:3954} INFO - Setting next_dagrun for example_branch_operator to 2024-09-23 00:00:00+00:00, run_after=2024-09-24 00:00:00+00:00
[2024-09-24T15:41:39.403+0000] {processor.py:183} INFO - Processing /home/airflow/.local/lib/python3.12/site-packages/airflow/example_dags/example_branch_operator.py took 0.121 seconds
[2024-09-24T15:42:09.682+0000] {processor.py:161} INFO - Started process (PID=224) to work on /home/airflow/.local/lib/python3.12/site-packages/airflow/example_dags/example_branch_operator.py
[2024-09-24T15:42:09.683+0000] {processor.py:830} INFO - Processing file /home/airflow/.local/lib/python3.12/site-packages/airflow/example_dags/example_branch_operator.py for tasks to queue
[2024-09-24T15:42:09.685+0000] {logging_mixin.py:188} INFO - [2024-09-24T15:42:09.685+0000] {dagbag.py:545} INFO - Filling up the DagBag from /home/airflow/.local/lib/python3.12/site-packages/airflow/example_dags/example_branch_operator.py
[2024-09-24T15:42:09.704+0000] {processor.py:840} INFO - DAG(s) 'example_branch_operator' retrieved from /home/airflow/.local/lib/python3.12/site-packages/airflow/example_dags/example_branch_operator.py
[2024-09-24T15:42:09.735+0000] {logging_mixin.py:188} INFO - [2024-09-24T15:42:09.735+0000] {dag.py:3096} INFO - Sync 1 DAGs
[2024-09-24T15:42:09.759+0000] {logging_mixin.py:188} INFO - [2024-09-24T15:42:09.759+0000] {dag.py:3954} INFO - Setting next_dagrun for example_branch_operator to 2024-09-23 00:00:00+00:00, run_after=2024-09-24 00:00:00+00:00
[2024-09-24T15:42:09.781+0000] {processor.py:183} INFO - Processing /home/airflow/.local/lib/python3.12/site-packages/airflow/example_dags/example_branch_operator.py took 0.105 seconds
[2024-09-24T15:42:39.997+0000] {processor.py:161} INFO - Started process (PID=282) to work on /home/airflow/.local/lib/python3.12/site-packages/airflow/example_dags/example_branch_operator.py
[2024-09-24T15:42:39.998+0000] {processor.py:830} INFO - Processing file /home/airflow/.local/lib/python3.12/site-packages/airflow/example_dags/example_branch_operator.py for tasks to queue
[2024-09-24T15:42:40.000+0000] {logging_mixin.py:188} INFO - [2024-09-24T15:42:40.000+0000] {dagbag.py:545} INFO - Filling up the DagBag from /home/airflow/.local/lib/python3.12/site-packages/airflow/example_dags/example_branch_operator.py
[2024-09-24T15:42:40.019+0000] {processor.py:840} INFO - DAG(s) 'example_branch_operator' retrieved from /home/airflow/.local/lib/python3.12/site-packages/airflow/example_dags/example_branch_operator.py
[2024-09-24T15:42:40.051+0000] {logging_mixin.py:188} INFO - [2024-09-24T15:42:40.050+0000] {dag.py:3096} INFO - Sync 1 DAGs
[2024-09-24T15:42:40.076+0000] {logging_mixin.py:188} INFO - [2024-09-24T15:42:40.076+0000] {dag.py:3954} INFO - Setting next_dagrun for example_branch_operator to 2024-09-23 00:00:00+00:00, run_after=2024-09-24 00:00:00+00:00
[2024-09-24T15:42:40.096+0000] {processor.py:183} INFO - Processing /home/airflow/.local/lib/python3.12/site-packages/airflow/example_dags/example_branch_operator.py took 0.105 seconds
[2024-09-24T15:43:10.206+0000] {processor.py:161} INFO - Started process (PID=340) to work on /home/airflow/.local/lib/python3.12/site-packages/airflow/example_dags/example_branch_operator.py
[2024-09-24T15:43:10.208+0000] {processor.py:830} INFO - Processing file /home/airflow/.local/lib/python3.12/site-packages/airflow/example_dags/example_branch_operator.py for tasks to queue
[2024-09-24T15:43:10.211+0000] {logging_mixin.py:188} INFO - [2024-09-24T15:43:10.211+0000] {dagbag.py:545} INFO - Filling up the DagBag from /home/airflow/.local/lib/python3.12/site-packages/airflow/example_dags/example_branch_operator.py
[2024-09-24T15:43:10.235+0000] {processor.py:840} INFO - DAG(s) 'example_branch_operator' retrieved from /home/airflow/.local/lib/python3.12/site-packages/airflow/example_dags/example_branch_operator.py
[2024-09-24T15:43:10.276+0000] {logging_mixin.py:188} INFO - [2024-09-24T15:43:10.275+0000] {dag.py:3096} INFO - Sync 1 DAGs
[2024-09-24T15:43:10.318+0000] {logging_mixin.py:188} INFO - [2024-09-24T15:43:10.317+0000] {dag.py:3954} INFO - Setting next_dagrun for example_branch_operator to 2024-09-23 00:00:00+00:00, run_after=2024-09-24 00:00:00+00:00
[2024-09-24T15:43:10.351+0000] {processor.py:183} INFO - Processing /home/airflow/.local/lib/python3.12/site-packages/airflow/example_dags/example_branch_operator.py took 0.151 seconds
[2024-09-24T15:43:40.888+0000] {processor.py:161} INFO - Started process (PID=398) to work on /home/airflow/.local/lib/python3.12/site-packages/airflow/example_dags/example_branch_operator.py
[2024-09-24T15:43:40.889+0000] {processor.py:830} INFO - Processing file /home/airflow/.local/lib/python3.12/site-packages/airflow/example_dags/example_branch_operator.py for tasks to queue
[2024-09-24T15:43:40.892+0000] {logging_mixin.py:188} INFO - [2024-09-24T15:43:40.891+0000] {dagbag.py:545} INFO - Filling up the DagBag from /home/airflow/.local/lib/python3.12/site-packages/airflow/example_dags/example_branch_operator.py
[2024-09-24T15:43:40.919+0000] {processor.py:840} INFO - DAG(s) 'example_branch_operator' retrieved from /home/airflow/.local/lib/python3.12/site-packages/airflow/example_dags/example_branch_operator.py
[2024-09-24T15:43:40.955+0000] {logging_mixin.py:188} INFO - [2024-09-24T15:43:40.955+0000] {dag.py:3096} INFO - Sync 1 DAGs
[2024-09-24T15:43:40.988+0000] {logging_mixin.py:188} INFO - [2024-09-24T15:43:40.988+0000] {dag.py:3954} INFO - Setting next_dagrun for example_branch_operator to 2024-09-23 00:00:00+00:00, run_after=2024-09-24 00:00:00+00:00
[2024-09-24T15:43:41.017+0000] {processor.py:183} INFO - Processing /home/airflow/.local/lib/python3.12/site-packages/airflow/example_dags/example_branch_operator.py took 0.138 seconds
[2024-09-24T15:44:11.413+0000] {processor.py:161} INFO - Started process (PID=456) to work on /home/airflow/.local/lib/python3.12/site-packages/airflow/example_dags/example_branch_operator.py
[2024-09-24T15:44:11.415+0000] {processor.py:830} INFO - Processing file /home/airflow/.local/lib/python3.12/site-packages/airflow/example_dags/example_branch_operator.py for tasks to queue
[2024-09-24T15:44:11.417+0000] {logging_mixin.py:188} INFO - [2024-09-24T15:44:11.417+0000] {dagbag.py:545} INFO - Filling up the DagBag from /home/airflow/.local/lib/python3.12/site-packages/airflow/example_dags/example_branch_operator.py
[2024-09-24T15:44:11.441+0000] {processor.py:840} INFO - DAG(s) 'example_branch_operator' retrieved from /home/airflow/.local/lib/python3.12/site-packages/airflow/example_dags/example_branch_operator.py
[2024-09-24T15:44:11.486+0000] {logging_mixin.py:188} INFO - [2024-09-24T15:44:11.486+0000] {dag.py:3096} INFO - Sync 1 DAGs
[2024-09-24T15:44:11.519+0000] {logging_mixin.py:188} INFO - [2024-09-24T15:44:11.519+0000] {dag.py:3954} INFO - Setting next_dagrun for example_branch_operator to 2024-09-23 00:00:00+00:00, run_after=2024-09-24 00:00:00+00:00
[2024-09-24T15:44:11.544+0000] {processor.py:183} INFO - Processing /home/airflow/.local/lib/python3.12/site-packages/airflow/example_dags/example_branch_operator.py took 0.140 seconds
[2024-09-24T15:44:41.733+0000] {processor.py:161} INFO - Started process (PID=514) to work on /home/airflow/.local/lib/python3.12/site-packages/airflow/example_dags/example_branch_operator.py
[2024-09-24T15:44:41.735+0000] {processor.py:830} INFO - Processing file /home/airflow/.local/lib/python3.12/site-packages/airflow/example_dags/example_branch_operator.py for tasks to queue
[2024-09-24T15:44:41.737+0000] {logging_mixin.py:188} INFO - [2024-09-24T15:44:41.736+0000] {dagbag.py:545} INFO - Filling up the DagBag from /home/airflow/.local/lib/python3.12/site-packages/airflow/example_dags/example_branch_operator.py
[2024-09-24T15:44:41.756+0000] {processor.py:840} INFO - DAG(s) 'example_branch_operator' retrieved from /home/airflow/.local/lib/python3.12/site-packages/airflow/example_dags/example_branch_operator.py
[2024-09-24T15:44:41.793+0000] {logging_mixin.py:188} INFO - [2024-09-24T15:44:41.793+0000] {dag.py:3096} INFO - Sync 1 DAGs
[2024-09-24T15:44:41.821+0000] {logging_mixin.py:188} INFO - [2024-09-24T15:44:41.821+0000] {dag.py:3954} INFO - Setting next_dagrun for example_branch_operator to 2024-09-23 00:00:00+00:00, run_after=2024-09-24 00:00:00+00:00
[2024-09-24T15:44:41.849+0000] {processor.py:183} INFO - Processing /home/airflow/.local/lib/python3.12/site-packages/airflow/example_dags/example_branch_operator.py took 0.122 seconds
[2024-09-24T15:45:11.968+0000] {processor.py:161} INFO - Started process (PID=572) to work on /home/airflow/.local/lib/python3.12/site-packages/airflow/example_dags/example_branch_operator.py
[2024-09-24T15:45:11.969+0000] {processor.py:830} INFO - Processing file /home/airflow/.local/lib/python3.12/site-packages/airflow/example_dags/example_branch_operator.py for tasks to queue
[2024-09-24T15:45:11.971+0000] {logging_mixin.py:188} INFO - [2024-09-24T15:45:11.971+0000] {dagbag.py:545} INFO - Filling up the DagBag from /home/airflow/.local/lib/python3.12/site-packages/airflow/example_dags/example_branch_operator.py
[2024-09-24T15:45:11.990+0000] {processor.py:840} INFO - DAG(s) 'example_branch_operator' retrieved from /home/airflow/.local/lib/python3.12/site-packages/airflow/example_dags/example_branch_operator.py
[2024-09-24T15:45:12.023+0000] {logging_mixin.py:188} INFO - [2024-09-24T15:45:12.023+0000] {dag.py:3096} INFO - Sync 1 DAGs
[2024-09-24T15:45:12.048+0000] {logging_mixin.py:188} INFO - [2024-09-24T15:45:12.047+0000] {dag.py:3954} INFO - Setting next_dagrun for example_branch_operator to 2024-09-23 00:00:00+00:00, run_after=2024-09-24 00:00:00+00:00
[2024-09-24T15:45:12.069+0000] {processor.py:183} INFO - Processing /home/airflow/.local/lib/python3.12/site-packages/airflow/example_dags/example_branch_operator.py took 0.108 seconds
[2024-09-24T15:45:42.283+0000] {processor.py:161} INFO - Started process (PID=630) to work on /home/airflow/.local/lib/python3.12/site-packages/airflow/example_dags/example_branch_operator.py
[2024-09-24T15:45:42.285+0000] {processor.py:830} INFO - Processing file /home/airflow/.local/lib/python3.12/site-packages/airflow/example_dags/example_branch_operator.py for tasks to queue
[2024-09-24T15:45:42.288+0000] {logging_mixin.py:188} INFO - [2024-09-24T15:45:42.287+0000] {dagbag.py:545} INFO - Filling up the DagBag from /home/airflow/.local/lib/python3.12/site-packages/airflow/example_dags/example_branch_operator.py
[2024-09-24T15:45:42.314+0000] {processor.py:840} INFO - DAG(s) 'example_branch_operator' retrieved from /home/airflow/.local/lib/python3.12/site-packages/airflow/example_dags/example_branch_operator.py
[2024-09-24T15:45:42.352+0000] {logging_mixin.py:188} INFO - [2024-09-24T15:45:42.351+0000] {dag.py:3096} INFO - Sync 1 DAGs
[2024-09-24T15:45:42.382+0000] {logging_mixin.py:188} INFO - [2024-09-24T15:45:42.382+0000] {dag.py:3954} INFO - Setting next_dagrun for example_branch_operator to 2024-09-23 00:00:00+00:00, run_after=2024-09-24 00:00:00+00:00
[2024-09-24T15:45:42.406+0000] {processor.py:183} INFO - Processing /home/airflow/.local/lib/python3.12/site-packages/airflow/example_dags/example_branch_operator.py took 0.131 seconds
[2024-09-24T15:46:12.952+0000] {processor.py:161} INFO - Started process (PID=688) to work on /home/airflow/.local/lib/python3.12/site-packages/airflow/example_dags/example_branch_operator.py
[2024-09-24T15:46:12.954+0000] {processor.py:830} INFO - Processing file /home/airflow/.local/lib/python3.12/site-packages/airflow/example_dags/example_branch_operator.py for tasks to queue
[2024-09-24T15:46:12.957+0000] {logging_mixin.py:188} INFO - [2024-09-24T15:46:12.956+0000] {dagbag.py:545} INFO - Filling up the DagBag from /home/airflow/.local/lib/python3.12/site-packages/airflow/example_dags/example_branch_operator.py
[2024-09-24T15:46:12.982+0000] {processor.py:840} INFO - DAG(s) 'example_branch_operator' retrieved from /home/airflow/.local/lib/python3.12/site-packages/airflow/example_dags/example_branch_operator.py
[2024-09-24T15:46:13.025+0000] {logging_mixin.py:188} INFO - [2024-09-24T15:46:13.025+0000] {dag.py:3096} INFO - Sync 1 DAGs
[2024-09-24T15:46:13.061+0000] {logging_mixin.py:188} INFO - [2024-09-24T15:46:13.061+0000] {dag.py:3954} INFO - Setting next_dagrun for example_branch_operator to 2024-09-23 00:00:00+00:00, run_after=2024-09-24 00:00:00+00:00
[2024-09-24T15:46:13.087+0000] {processor.py:183} INFO - Processing /home/airflow/.local/lib/python3.12/site-packages/airflow/example_dags/example_branch_operator.py took 0.141 seconds
[2024-09-24T15:46:43.247+0000] {processor.py:161} INFO - Started process (PID=746) to work on /home/airflow/.local/lib/python3.12/site-packages/airflow/example_dags/example_branch_operator.py
[2024-09-24T15:46:43.248+0000] {processor.py:830} INFO - Processing file /home/airflow/.local/lib/python3.12/site-packages/airflow/example_dags/example_branch_operator.py for tasks to queue
[2024-09-24T15:46:43.250+0000] {logging_mixin.py:188} INFO - [2024-09-24T15:46:43.250+0000] {dagbag.py:545} INFO - Filling up the DagBag from /home/airflow/.local/lib/python3.12/site-packages/airflow/example_dags/example_branch_operator.py
[2024-09-24T15:46:43.276+0000] {processor.py:840} INFO - DAG(s) 'example_branch_operator' retrieved from /home/airflow/.local/lib/python3.12/site-packages/airflow/example_dags/example_branch_operator.py
[2024-09-24T15:46:43.321+0000] {logging_mixin.py:188} INFO - [2024-09-24T15:46:43.321+0000] {dag.py:3096} INFO - Sync 1 DAGs
[2024-09-24T15:46:43.358+0000] {logging_mixin.py:188} INFO - [2024-09-24T15:46:43.357+0000] {dag.py:3954} INFO - Setting next_dagrun for example_branch_operator to 2024-09-23 00:00:00+00:00, run_after=2024-09-24 00:00:00+00:00
[2024-09-24T15:46:43.378+0000] {processor.py:183} INFO - Processing /home/airflow/.local/lib/python3.12/site-packages/airflow/example_dags/example_branch_operator.py took 0.138 seconds
[2024-09-24T15:47:13.427+0000] {processor.py:161} INFO - Started process (PID=804) to work on /home/airflow/.local/lib/python3.12/site-packages/airflow/example_dags/example_branch_operator.py
[2024-09-24T15:47:13.429+0000] {processor.py:830} INFO - Processing file /home/airflow/.local/lib/python3.12/site-packages/airflow/example_dags/example_branch_operator.py for tasks to queue
[2024-09-24T15:47:13.432+0000] {logging_mixin.py:188} INFO - [2024-09-24T15:47:13.432+0000] {dagbag.py:545} INFO - Filling up the DagBag from /home/airflow/.local/lib/python3.12/site-packages/airflow/example_dags/example_branch_operator.py
[2024-09-24T15:47:13.463+0000] {processor.py:840} INFO - DAG(s) 'example_branch_operator' retrieved from /home/airflow/.local/lib/python3.12/site-packages/airflow/example_dags/example_branch_operator.py
[2024-09-24T15:47:13.502+0000] {logging_mixin.py:188} INFO - [2024-09-24T15:47:13.501+0000] {dag.py:3096} INFO - Sync 1 DAGs
[2024-09-24T15:47:13.529+0000] {logging_mixin.py:188} INFO - [2024-09-24T15:47:13.529+0000] {dag.py:3954} INFO - Setting next_dagrun for example_branch_operator to 2024-09-23 00:00:00+00:00, run_after=2024-09-24 00:00:00+00:00
[2024-09-24T15:47:13.550+0000] {processor.py:183} INFO - Processing /home/airflow/.local/lib/python3.12/site-packages/airflow/example_dags/example_branch_operator.py took 0.133 seconds
[2024-09-24T15:47:43.688+0000] {processor.py:161} INFO - Started process (PID=863) to work on /home/airflow/.local/lib/python3.12/site-packages/airflow/example_dags/example_branch_operator.py
[2024-09-24T15:47:43.689+0000] {processor.py:830} INFO - Processing file /home/airflow/.local/lib/python3.12/site-packages/airflow/example_dags/example_branch_operator.py for tasks to queue
[2024-09-24T15:47:43.691+0000] {logging_mixin.py:188} INFO - [2024-09-24T15:47:43.691+0000] {dagbag.py:545} INFO - Filling up the DagBag from /home/airflow/.local/lib/python3.12/site-packages/airflow/example_dags/example_branch_operator.py
[2024-09-24T15:47:43.713+0000] {processor.py:840} INFO - DAG(s) 'example_branch_operator' retrieved from /home/airflow/.local/lib/python3.12/site-packages/airflow/example_dags/example_branch_operator.py
[2024-09-24T15:47:43.758+0000] {logging_mixin.py:188} INFO - [2024-09-24T15:47:43.758+0000] {dag.py:3096} INFO - Sync 1 DAGs
[2024-09-24T15:47:43.792+0000] {logging_mixin.py:188} INFO - [2024-09-24T15:47:43.792+0000] {dag.py:3954} INFO - Setting next_dagrun for example_branch_operator to 2024-09-23 00:00:00+00:00, run_after=2024-09-24 00:00:00+00:00
[2024-09-24T15:47:43.817+0000] {processor.py:183} INFO - Processing /home/airflow/.local/lib/python3.12/site-packages/airflow/example_dags/example_branch_operator.py took 0.137 seconds
[2024-09-24T15:48:14.095+0000] {processor.py:161} INFO - Started process (PID=920) to work on /home/airflow/.local/lib/python3.12/site-packages/airflow/example_dags/example_branch_operator.py
[2024-09-24T15:48:14.097+0000] {processor.py:830} INFO - Processing file /home/airflow/.local/lib/python3.12/site-packages/airflow/example_dags/example_branch_operator.py for tasks to queue
[2024-09-24T15:48:14.099+0000] {logging_mixin.py:188} INFO - [2024-09-24T15:48:14.098+0000] {dagbag.py:545} INFO - Filling up the DagBag from /home/airflow/.local/lib/python3.12/site-packages/airflow/example_dags/example_branch_operator.py
[2024-09-24T15:48:14.119+0000] {processor.py:840} INFO - DAG(s) 'example_branch_operator' retrieved from /home/airflow/.local/lib/python3.12/site-packages/airflow/example_dags/example_branch_operator.py
[2024-09-24T15:48:14.151+0000] {logging_mixin.py:188} INFO - [2024-09-24T15:48:14.151+0000] {dag.py:3096} INFO - Sync 1 DAGs
[2024-09-24T15:48:14.177+0000] {logging_mixin.py:188} INFO - [2024-09-24T15:48:14.177+0000] {dag.py:3954} INFO - Setting next_dagrun for example_branch_operator to 2024-09-23 00:00:00+00:00, run_after=2024-09-24 00:00:00+00:00
[2024-09-24T15:48:14.199+0000] {processor.py:183} INFO - Processing /home/airflow/.local/lib/python3.12/site-packages/airflow/example_dags/example_branch_operator.py took 0.111 seconds
[2024-09-24T15:48:44.808+0000] {processor.py:161} INFO - Started process (PID=978) to work on /home/airflow/.local/lib/python3.12/site-packages/airflow/example_dags/example_branch_operator.py
[2024-09-24T15:48:44.809+0000] {processor.py:830} INFO - Processing file /home/airflow/.local/lib/python3.12/site-packages/airflow/example_dags/example_branch_operator.py for tasks to queue
[2024-09-24T15:48:44.812+0000] {logging_mixin.py:188} INFO - [2024-09-24T15:48:44.812+0000] {dagbag.py:545} INFO - Filling up the DagBag from /home/airflow/.local/lib/python3.12/site-packages/airflow/example_dags/example_branch_operator.py
[2024-09-24T15:48:44.835+0000] {processor.py:840} INFO - DAG(s) 'example_branch_operator' retrieved from /home/airflow/.local/lib/python3.12/site-packages/airflow/example_dags/example_branch_operator.py
[2024-09-24T15:48:44.868+0000] {logging_mixin.py:188} INFO - [2024-09-24T15:48:44.868+0000] {dag.py:3096} INFO - Sync 1 DAGs
[2024-09-24T15:48:44.906+0000] {logging_mixin.py:188} INFO - [2024-09-24T15:48:44.905+0000] {dag.py:3954} INFO - Setting next_dagrun for example_branch_operator to 2024-09-23 00:00:00+00:00, run_after=2024-09-24 00:00:00+00:00
[2024-09-24T15:48:44.928+0000] {processor.py:183} INFO - Processing /home/airflow/.local/lib/python3.12/site-packages/airflow/example_dags/example_branch_operator.py took 0.127 seconds
[2024-09-24T15:49:15.240+0000] {processor.py:161} INFO - Started process (PID=1037) to work on /home/airflow/.local/lib/python3.12/site-packages/airflow/example_dags/example_branch_operator.py
[2024-09-24T15:49:15.241+0000] {processor.py:830} INFO - Processing file /home/airflow/.local/lib/python3.12/site-packages/airflow/example_dags/example_branch_operator.py for tasks to queue
[2024-09-24T15:49:15.244+0000] {logging_mixin.py:188} INFO - [2024-09-24T15:49:15.244+0000] {dagbag.py:545} INFO - Filling up the DagBag from /home/airflow/.local/lib/python3.12/site-packages/airflow/example_dags/example_branch_operator.py
[2024-09-24T15:49:15.262+0000] {processor.py:840} INFO - DAG(s) 'example_branch_operator' retrieved from /home/airflow/.local/lib/python3.12/site-packages/airflow/example_dags/example_branch_operator.py
[2024-09-24T15:49:15.293+0000] {logging_mixin.py:188} INFO - [2024-09-24T15:49:15.293+0000] {dag.py:3096} INFO - Sync 1 DAGs
[2024-09-24T15:49:15.316+0000] {logging_mixin.py:188} INFO - [2024-09-24T15:49:15.316+0000] {dag.py:3954} INFO - Setting next_dagrun for example_branch_operator to 2024-09-23 00:00:00+00:00, run_after=2024-09-24 00:00:00+00:00
[2024-09-24T15:49:15.337+0000] {processor.py:183} INFO - Processing /home/airflow/.local/lib/python3.12/site-packages/airflow/example_dags/example_branch_operator.py took 0.104 seconds
[2024-09-24T15:49:45.655+0000] {processor.py:161} INFO - Started process (PID=1095) to work on /home/airflow/.local/lib/python3.12/site-packages/airflow/example_dags/example_branch_operator.py
[2024-09-24T15:49:45.657+0000] {processor.py:830} INFO - Processing file /home/airflow/.local/lib/python3.12/site-packages/airflow/example_dags/example_branch_operator.py for tasks to queue
[2024-09-24T15:49:45.659+0000] {logging_mixin.py:188} INFO - [2024-09-24T15:49:45.659+0000] {dagbag.py:545} INFO - Filling up the DagBag from /home/airflow/.local/lib/python3.12/site-packages/airflow/example_dags/example_branch_operator.py
[2024-09-24T15:49:45.684+0000] {processor.py:840} INFO - DAG(s) 'example_branch_operator' retrieved from /home/airflow/.local/lib/python3.12/site-packages/airflow/example_dags/example_branch_operator.py
[2024-09-24T15:49:45.715+0000] {logging_mixin.py:188} INFO - [2024-09-24T15:49:45.714+0000] {dag.py:3096} INFO - Sync 1 DAGs
[2024-09-24T15:49:45.737+0000] {logging_mixin.py:188} INFO - [2024-09-24T15:49:45.737+0000] {dag.py:3954} INFO - Setting next_dagrun for example_branch_operator to 2024-09-23 00:00:00+00:00, run_after=2024-09-24 00:00:00+00:00
[2024-09-24T15:49:45.758+0000] {processor.py:183} INFO - Processing /home/airflow/.local/lib/python3.12/site-packages/airflow/example_dags/example_branch_operator.py took 0.112 seconds
[2024-09-24T15:50:15.933+0000] {processor.py:161} INFO - Started process (PID=1153) to work on /home/airflow/.local/lib/python3.12/site-packages/airflow/example_dags/example_branch_operator.py
[2024-09-24T15:50:15.936+0000] {processor.py:830} INFO - Processing file /home/airflow/.local/lib/python3.12/site-packages/airflow/example_dags/example_branch_operator.py for tasks to queue
[2024-09-24T15:50:15.940+0000] {logging_mixin.py:188} INFO - [2024-09-24T15:50:15.939+0000] {dagbag.py:545} INFO - Filling up the DagBag from /home/airflow/.local/lib/python3.12/site-packages/airflow/example_dags/example_branch_operator.py
[2024-09-24T15:50:15.971+0000] {processor.py:840} INFO - DAG(s) 'example_branch_operator' retrieved from /home/airflow/.local/lib/python3.12/site-packages/airflow/example_dags/example_branch_operator.py
[2024-09-24T15:50:16.018+0000] {logging_mixin.py:188} INFO - [2024-09-24T15:50:16.018+0000] {dag.py:3096} INFO - Sync 1 DAGs
[2024-09-24T15:50:16.054+0000] {logging_mixin.py:188} INFO - [2024-09-24T15:50:16.054+0000] {dag.py:3954} INFO - Setting next_dagrun for example_branch_operator to 2024-09-23 00:00:00+00:00, run_after=2024-09-24 00:00:00+00:00
[2024-09-24T15:50:16.091+0000] {processor.py:183} INFO - Processing /home/airflow/.local/lib/python3.12/site-packages/airflow/example_dags/example_branch_operator.py took 0.170 seconds
[2024-09-24T15:50:46.147+0000] {processor.py:161} INFO - Started process (PID=1211) to work on /home/airflow/.local/lib/python3.12/site-packages/airflow/example_dags/example_branch_operator.py
[2024-09-24T15:50:46.149+0000] {processor.py:830} INFO - Processing file /home/airflow/.local/lib/python3.12/site-packages/airflow/example_dags/example_branch_operator.py for tasks to queue
[2024-09-24T15:50:46.151+0000] {logging_mixin.py:188} INFO - [2024-09-24T15:50:46.150+0000] {dagbag.py:545} INFO - Filling up the DagBag from /home/airflow/.local/lib/python3.12/site-packages/airflow/example_dags/example_branch_operator.py
[2024-09-24T15:50:46.170+0000] {processor.py:840} INFO - DAG(s) 'example_branch_operator' retrieved from /home/airflow/.local/lib/python3.12/site-packages/airflow/example_dags/example_branch_operator.py
[2024-09-24T15:50:46.203+0000] {logging_mixin.py:188} INFO - [2024-09-24T15:50:46.203+0000] {dag.py:3096} INFO - Sync 1 DAGs
[2024-09-24T15:50:46.230+0000] {logging_mixin.py:188} INFO - [2024-09-24T15:50:46.230+0000] {dag.py:3954} INFO - Setting next_dagrun for example_branch_operator to 2024-09-23 00:00:00+00:00, run_after=2024-09-24 00:00:00+00:00
[2024-09-24T15:50:46.263+0000] {processor.py:183} INFO - Processing /home/airflow/.local/lib/python3.12/site-packages/airflow/example_dags/example_branch_operator.py took 0.121 seconds
[2024-09-24T15:51:16.345+0000] {processor.py:161} INFO - Started process (PID=1269) to work on /home/airflow/.local/lib/python3.12/site-packages/airflow/example_dags/example_branch_operator.py
[2024-09-24T15:51:16.347+0000] {processor.py:830} INFO - Processing file /home/airflow/.local/lib/python3.12/site-packages/airflow/example_dags/example_branch_operator.py for tasks to queue
[2024-09-24T15:51:16.352+0000] {logging_mixin.py:188} INFO - [2024-09-24T15:51:16.351+0000] {dagbag.py:545} INFO - Filling up the DagBag from /home/airflow/.local/lib/python3.12/site-packages/airflow/example_dags/example_branch_operator.py
[2024-09-24T15:51:16.387+0000] {processor.py:840} INFO - DAG(s) 'example_branch_operator' retrieved from /home/airflow/.local/lib/python3.12/site-packages/airflow/example_dags/example_branch_operator.py
[2024-09-24T15:51:16.431+0000] {logging_mixin.py:188} INFO - [2024-09-24T15:51:16.430+0000] {dag.py:3096} INFO - Sync 1 DAGs
[2024-09-24T15:51:16.463+0000] {logging_mixin.py:188} INFO - [2024-09-24T15:51:16.462+0000] {dag.py:3954} INFO - Setting next_dagrun for example_branch_operator to 2024-09-23 00:00:00+00:00, run_after=2024-09-24 00:00:00+00:00
[2024-09-24T15:51:16.485+0000] {processor.py:183} INFO - Processing /home/airflow/.local/lib/python3.12/site-packages/airflow/example_dags/example_branch_operator.py took 0.149 seconds
[2024-09-24T15:51:46.895+0000] {processor.py:161} INFO - Started process (PID=1327) to work on /home/airflow/.local/lib/python3.12/site-packages/airflow/example_dags/example_branch_operator.py
[2024-09-24T15:51:46.896+0000] {processor.py:830} INFO - Processing file /home/airflow/.local/lib/python3.12/site-packages/airflow/example_dags/example_branch_operator.py for tasks to queue
[2024-09-24T15:51:46.898+0000] {logging_mixin.py:188} INFO - [2024-09-24T15:51:46.898+0000] {dagbag.py:545} INFO - Filling up the DagBag from /home/airflow/.local/lib/python3.12/site-packages/airflow/example_dags/example_branch_operator.py
[2024-09-24T15:51:46.916+0000] {processor.py:840} INFO - DAG(s) 'example_branch_operator' retrieved from /home/airflow/.local/lib/python3.12/site-packages/airflow/example_dags/example_branch_operator.py
[2024-09-24T15:51:46.947+0000] {logging_mixin.py:188} INFO - [2024-09-24T15:51:46.947+0000] {dag.py:3096} INFO - Sync 1 DAGs
[2024-09-24T15:51:46.973+0000] {logging_mixin.py:188} INFO - [2024-09-24T15:51:46.972+0000] {dag.py:3954} INFO - Setting next_dagrun for example_branch_operator to 2024-09-23 00:00:00+00:00, run_after=2024-09-24 00:00:00+00:00
[2024-09-24T15:51:46.994+0000] {processor.py:183} INFO - Processing /home/airflow/.local/lib/python3.12/site-packages/airflow/example_dags/example_branch_operator.py took 0.105 seconds
[2024-09-24T15:52:17.198+0000] {processor.py:161} INFO - Started process (PID=1385) to work on /home/airflow/.local/lib/python3.12/site-packages/airflow/example_dags/example_branch_operator.py
[2024-09-24T15:52:17.199+0000] {processor.py:830} INFO - Processing file /home/airflow/.local/lib/python3.12/site-packages/airflow/example_dags/example_branch_operator.py for tasks to queue
[2024-09-24T15:52:17.202+0000] {logging_mixin.py:188} INFO - [2024-09-24T15:52:17.201+0000] {dagbag.py:545} INFO - Filling up the DagBag from /home/airflow/.local/lib/python3.12/site-packages/airflow/example_dags/example_branch_operator.py
[2024-09-24T15:52:17.221+0000] {processor.py:840} INFO - DAG(s) 'example_branch_operator' retrieved from /home/airflow/.local/lib/python3.12/site-packages/airflow/example_dags/example_branch_operator.py
[2024-09-24T15:52:17.252+0000] {logging_mixin.py:188} INFO - [2024-09-24T15:52:17.251+0000] {dag.py:3096} INFO - Sync 1 DAGs
[2024-09-24T15:52:17.276+0000] {logging_mixin.py:188} INFO - [2024-09-24T15:52:17.276+0000] {dag.py:3954} INFO - Setting next_dagrun for example_branch_operator to 2024-09-23 00:00:00+00:00, run_after=2024-09-24 00:00:00+00:00
[2024-09-24T15:52:17.297+0000] {processor.py:183} INFO - Processing /home/airflow/.local/lib/python3.12/site-packages/airflow/example_dags/example_branch_operator.py took 0.105 seconds
[2024-09-24T15:52:47.668+0000] {processor.py:161} INFO - Started process (PID=1443) to work on /home/airflow/.local/lib/python3.12/site-packages/airflow/example_dags/example_branch_operator.py
[2024-09-24T15:52:47.670+0000] {processor.py:830} INFO - Processing file /home/airflow/.local/lib/python3.12/site-packages/airflow/example_dags/example_branch_operator.py for tasks to queue
[2024-09-24T15:52:47.672+0000] {logging_mixin.py:188} INFO - [2024-09-24T15:52:47.671+0000] {dagbag.py:545} INFO - Filling up the DagBag from /home/airflow/.local/lib/python3.12/site-packages/airflow/example_dags/example_branch_operator.py
[2024-09-24T15:52:47.692+0000] {processor.py:840} INFO - DAG(s) 'example_branch_operator' retrieved from /home/airflow/.local/lib/python3.12/site-packages/airflow/example_dags/example_branch_operator.py
[2024-09-24T15:52:47.730+0000] {logging_mixin.py:188} INFO - [2024-09-24T15:52:47.729+0000] {dag.py:3096} INFO - Sync 1 DAGs
[2024-09-24T15:52:47.758+0000] {logging_mixin.py:188} INFO - [2024-09-24T15:52:47.758+0000] {dag.py:3954} INFO - Setting next_dagrun for example_branch_operator to 2024-09-23 00:00:00+00:00, run_after=2024-09-24 00:00:00+00:00
[2024-09-24T15:52:47.785+0000] {processor.py:183} INFO - Processing /home/airflow/.local/lib/python3.12/site-packages/airflow/example_dags/example_branch_operator.py took 0.126 seconds
[2024-09-24T15:53:18.169+0000] {processor.py:161} INFO - Started process (PID=1501) to work on /home/airflow/.local/lib/python3.12/site-packages/airflow/example_dags/example_branch_operator.py
[2024-09-24T15:53:18.170+0000] {processor.py:830} INFO - Processing file /home/airflow/.local/lib/python3.12/site-packages/airflow/example_dags/example_branch_operator.py for tasks to queue
[2024-09-24T15:53:18.172+0000] {logging_mixin.py:188} INFO - [2024-09-24T15:53:18.172+0000] {dagbag.py:545} INFO - Filling up the DagBag from /home/airflow/.local/lib/python3.12/site-packages/airflow/example_dags/example_branch_operator.py
[2024-09-24T15:53:18.198+0000] {processor.py:840} INFO - DAG(s) 'example_branch_operator' retrieved from /home/airflow/.local/lib/python3.12/site-packages/airflow/example_dags/example_branch_operator.py
[2024-09-24T15:53:18.236+0000] {logging_mixin.py:188} INFO - [2024-09-24T15:53:18.236+0000] {dag.py:3096} INFO - Sync 1 DAGs
[2024-09-24T15:53:18.263+0000] {logging_mixin.py:188} INFO - [2024-09-24T15:53:18.263+0000] {dag.py:3954} INFO - Setting next_dagrun for example_branch_operator to 2024-09-23 00:00:00+00:00, run_after=2024-09-24 00:00:00+00:00
[2024-09-24T15:53:18.288+0000] {processor.py:183} INFO - Processing /home/airflow/.local/lib/python3.12/site-packages/airflow/example_dags/example_branch_operator.py took 0.128 seconds
