[2024-09-24T15:40:38.324+0000] {processor.py:161} INFO - Started process (PID=52) to work on /home/airflow/.local/lib/python3.12/site-packages/airflow/example_dags/example_display_name.py
[2024-09-24T15:40:38.327+0000] {processor.py:830} INFO - Processing file /home/airflow/.local/lib/python3.12/site-packages/airflow/example_dags/example_display_name.py for tasks to queue
[2024-09-24T15:40:38.333+0000] {logging_mixin.py:188} INFO - [2024-09-24T15:40:38.332+0000] {dagbag.py:545} INFO - Filling up the DagBag from /home/airflow/.local/lib/python3.12/site-packages/airflow/example_dags/example_display_name.py
[2024-09-24T15:40:38.366+0000] {processor.py:840} INFO - DAG(s) 'example_display_name' retrieved from /home/airflow/.local/lib/python3.12/site-packages/airflow/example_dags/example_display_name.py
[2024-09-24T15:40:38.704+0000] {logging_mixin.py:188} INFO - [2024-09-24T15:40:38.703+0000] {dag.py:3096} INFO - Sync 1 DAGs
[2024-09-24T15:40:38.751+0000] {logging_mixin.py:188} INFO - [2024-09-24T15:40:38.751+0000] {dag.py:3954} INFO - Setting next_dagrun for example_display_name to None, run_after=None
[2024-09-24T15:40:38.853+0000] {processor.py:183} INFO - Processing /home/airflow/.local/lib/python3.12/site-packages/airflow/example_dags/example_display_name.py took 0.569 seconds
[2024-09-24T15:41:09.890+0000] {processor.py:161} INFO - Started process (PID=110) to work on /home/airflow/.local/lib/python3.12/site-packages/airflow/example_dags/example_display_name.py
[2024-09-24T15:41:09.891+0000] {processor.py:830} INFO - Processing file /home/airflow/.local/lib/python3.12/site-packages/airflow/example_dags/example_display_name.py for tasks to queue
[2024-09-24T15:41:09.894+0000] {logging_mixin.py:188} INFO - [2024-09-24T15:41:09.893+0000] {dagbag.py:545} INFO - Filling up the DagBag from /home/airflow/.local/lib/python3.12/site-packages/airflow/example_dags/example_display_name.py
[2024-09-24T15:41:09.903+0000] {processor.py:840} INFO - DAG(s) 'example_display_name' retrieved from /home/airflow/.local/lib/python3.12/site-packages/airflow/example_dags/example_display_name.py
[2024-09-24T15:41:09.941+0000] {logging_mixin.py:188} INFO - [2024-09-24T15:41:09.940+0000] {dag.py:3096} INFO - Sync 1 DAGs
[2024-09-24T15:41:09.954+0000] {logging_mixin.py:188} INFO - [2024-09-24T15:41:09.954+0000] {dag.py:3954} INFO - Setting next_dagrun for example_display_name to None, run_after=None
[2024-09-24T15:41:09.975+0000] {processor.py:183} INFO - Processing /home/airflow/.local/lib/python3.12/site-packages/airflow/example_dags/example_display_name.py took 0.092 seconds
[2024-09-24T15:41:40.436+0000] {processor.py:161} INFO - Started process (PID=168) to work on /home/airflow/.local/lib/python3.12/site-packages/airflow/example_dags/example_display_name.py
[2024-09-24T15:41:40.438+0000] {processor.py:830} INFO - Processing file /home/airflow/.local/lib/python3.12/site-packages/airflow/example_dags/example_display_name.py for tasks to queue
[2024-09-24T15:41:40.440+0000] {logging_mixin.py:188} INFO - [2024-09-24T15:41:40.440+0000] {dagbag.py:545} INFO - Filling up the DagBag from /home/airflow/.local/lib/python3.12/site-packages/airflow/example_dags/example_display_name.py
[2024-09-24T15:41:40.448+0000] {processor.py:840} INFO - DAG(s) 'example_display_name' retrieved from /home/airflow/.local/lib/python3.12/site-packages/airflow/example_dags/example_display_name.py
[2024-09-24T15:41:40.472+0000] {logging_mixin.py:188} INFO - [2024-09-24T15:41:40.472+0000] {dag.py:3096} INFO - Sync 1 DAGs
[2024-09-24T15:41:40.487+0000] {logging_mixin.py:188} INFO - [2024-09-24T15:41:40.486+0000] {dag.py:3954} INFO - Setting next_dagrun for example_display_name to None, run_after=None
[2024-09-24T15:41:40.519+0000] {processor.py:183} INFO - Processing /home/airflow/.local/lib/python3.12/site-packages/airflow/example_dags/example_display_name.py took 0.089 seconds
[2024-09-24T15:42:10.818+0000] {processor.py:161} INFO - Started process (PID=226) to work on /home/airflow/.local/lib/python3.12/site-packages/airflow/example_dags/example_display_name.py
[2024-09-24T15:42:10.820+0000] {processor.py:830} INFO - Processing file /home/airflow/.local/lib/python3.12/site-packages/airflow/example_dags/example_display_name.py for tasks to queue
[2024-09-24T15:42:10.822+0000] {logging_mixin.py:188} INFO - [2024-09-24T15:42:10.822+0000] {dagbag.py:545} INFO - Filling up the DagBag from /home/airflow/.local/lib/python3.12/site-packages/airflow/example_dags/example_display_name.py
[2024-09-24T15:42:10.829+0000] {processor.py:840} INFO - DAG(s) 'example_display_name' retrieved from /home/airflow/.local/lib/python3.12/site-packages/airflow/example_dags/example_display_name.py
[2024-09-24T15:42:10.853+0000] {logging_mixin.py:188} INFO - [2024-09-24T15:42:10.852+0000] {dag.py:3096} INFO - Sync 1 DAGs
[2024-09-24T15:42:10.868+0000] {logging_mixin.py:188} INFO - [2024-09-24T15:42:10.868+0000] {dag.py:3954} INFO - Setting next_dagrun for example_display_name to None, run_after=None
[2024-09-24T15:42:10.906+0000] {processor.py:183} INFO - Processing /home/airflow/.local/lib/python3.12/site-packages/airflow/example_dags/example_display_name.py took 0.094 seconds
[2024-09-24T15:42:41.110+0000] {processor.py:161} INFO - Started process (PID=284) to work on /home/airflow/.local/lib/python3.12/site-packages/airflow/example_dags/example_display_name.py
[2024-09-24T15:42:41.112+0000] {processor.py:830} INFO - Processing file /home/airflow/.local/lib/python3.12/site-packages/airflow/example_dags/example_display_name.py for tasks to queue
[2024-09-24T15:42:41.115+0000] {logging_mixin.py:188} INFO - [2024-09-24T15:42:41.114+0000] {dagbag.py:545} INFO - Filling up the DagBag from /home/airflow/.local/lib/python3.12/site-packages/airflow/example_dags/example_display_name.py
[2024-09-24T15:42:41.122+0000] {processor.py:840} INFO - DAG(s) 'example_display_name' retrieved from /home/airflow/.local/lib/python3.12/site-packages/airflow/example_dags/example_display_name.py
[2024-09-24T15:42:41.155+0000] {logging_mixin.py:188} INFO - [2024-09-24T15:42:41.155+0000] {dag.py:3096} INFO - Sync 1 DAGs
[2024-09-24T15:42:41.176+0000] {logging_mixin.py:188} INFO - [2024-09-24T15:42:41.175+0000] {dag.py:3954} INFO - Setting next_dagrun for example_display_name to None, run_after=None
[2024-09-24T15:42:41.203+0000] {processor.py:183} INFO - Processing /home/airflow/.local/lib/python3.12/site-packages/airflow/example_dags/example_display_name.py took 0.099 seconds
[2024-09-24T15:43:11.437+0000] {processor.py:161} INFO - Started process (PID=342) to work on /home/airflow/.local/lib/python3.12/site-packages/airflow/example_dags/example_display_name.py
[2024-09-24T15:43:11.452+0000] {processor.py:830} INFO - Processing file /home/airflow/.local/lib/python3.12/site-packages/airflow/example_dags/example_display_name.py for tasks to queue
[2024-09-24T15:43:11.455+0000] {logging_mixin.py:188} INFO - [2024-09-24T15:43:11.455+0000] {dagbag.py:545} INFO - Filling up the DagBag from /home/airflow/.local/lib/python3.12/site-packages/airflow/example_dags/example_display_name.py
[2024-09-24T15:43:11.469+0000] {processor.py:840} INFO - DAG(s) 'example_display_name' retrieved from /home/airflow/.local/lib/python3.12/site-packages/airflow/example_dags/example_display_name.py
[2024-09-24T15:43:11.527+0000] {logging_mixin.py:188} INFO - [2024-09-24T15:43:11.525+0000] {dag.py:3096} INFO - Sync 1 DAGs
[2024-09-24T15:43:11.601+0000] {logging_mixin.py:188} INFO - [2024-09-24T15:43:11.601+0000] {dag.py:3954} INFO - Setting next_dagrun for example_display_name to None, run_after=None
[2024-09-24T15:43:11.671+0000] {processor.py:183} INFO - Processing /home/airflow/.local/lib/python3.12/site-packages/airflow/example_dags/example_display_name.py took 0.253 seconds
[2024-09-24T15:43:42.036+0000] {processor.py:161} INFO - Started process (PID=400) to work on /home/airflow/.local/lib/python3.12/site-packages/airflow/example_dags/example_display_name.py
[2024-09-24T15:43:42.038+0000] {processor.py:830} INFO - Processing file /home/airflow/.local/lib/python3.12/site-packages/airflow/example_dags/example_display_name.py for tasks to queue
[2024-09-24T15:43:42.041+0000] {logging_mixin.py:188} INFO - [2024-09-24T15:43:42.040+0000] {dagbag.py:545} INFO - Filling up the DagBag from /home/airflow/.local/lib/python3.12/site-packages/airflow/example_dags/example_display_name.py
[2024-09-24T15:43:42.047+0000] {processor.py:840} INFO - DAG(s) 'example_display_name' retrieved from /home/airflow/.local/lib/python3.12/site-packages/airflow/example_dags/example_display_name.py
[2024-09-24T15:43:42.069+0000] {logging_mixin.py:188} INFO - [2024-09-24T15:43:42.068+0000] {dag.py:3096} INFO - Sync 1 DAGs
[2024-09-24T15:43:42.082+0000] {logging_mixin.py:188} INFO - [2024-09-24T15:43:42.082+0000] {dag.py:3954} INFO - Setting next_dagrun for example_display_name to None, run_after=None
[2024-09-24T15:43:42.104+0000] {processor.py:183} INFO - Processing /home/airflow/.local/lib/python3.12/site-packages/airflow/example_dags/example_display_name.py took 0.077 seconds
[2024-09-24T15:44:12.571+0000] {processor.py:161} INFO - Started process (PID=458) to work on /home/airflow/.local/lib/python3.12/site-packages/airflow/example_dags/example_display_name.py
[2024-09-24T15:44:12.572+0000] {processor.py:830} INFO - Processing file /home/airflow/.local/lib/python3.12/site-packages/airflow/example_dags/example_display_name.py for tasks to queue
[2024-09-24T15:44:12.575+0000] {logging_mixin.py:188} INFO - [2024-09-24T15:44:12.575+0000] {dagbag.py:545} INFO - Filling up the DagBag from /home/airflow/.local/lib/python3.12/site-packages/airflow/example_dags/example_display_name.py
[2024-09-24T15:44:12.582+0000] {processor.py:840} INFO - DAG(s) 'example_display_name' retrieved from /home/airflow/.local/lib/python3.12/site-packages/airflow/example_dags/example_display_name.py
[2024-09-24T15:44:12.608+0000] {logging_mixin.py:188} INFO - [2024-09-24T15:44:12.608+0000] {dag.py:3096} INFO - Sync 1 DAGs
[2024-09-24T15:44:12.626+0000] {logging_mixin.py:188} INFO - [2024-09-24T15:44:12.625+0000] {dag.py:3954} INFO - Setting next_dagrun for example_display_name to None, run_after=None
[2024-09-24T15:44:12.649+0000] {processor.py:183} INFO - Processing /home/airflow/.local/lib/python3.12/site-packages/airflow/example_dags/example_display_name.py took 0.087 seconds
[2024-09-24T15:44:42.867+0000] {processor.py:161} INFO - Started process (PID=516) to work on /home/airflow/.local/lib/python3.12/site-packages/airflow/example_dags/example_display_name.py
[2024-09-24T15:44:42.869+0000] {processor.py:830} INFO - Processing file /home/airflow/.local/lib/python3.12/site-packages/airflow/example_dags/example_display_name.py for tasks to queue
[2024-09-24T15:44:42.871+0000] {logging_mixin.py:188} INFO - [2024-09-24T15:44:42.871+0000] {dagbag.py:545} INFO - Filling up the DagBag from /home/airflow/.local/lib/python3.12/site-packages/airflow/example_dags/example_display_name.py
[2024-09-24T15:44:42.879+0000] {processor.py:840} INFO - DAG(s) 'example_display_name' retrieved from /home/airflow/.local/lib/python3.12/site-packages/airflow/example_dags/example_display_name.py
[2024-09-24T15:44:42.905+0000] {logging_mixin.py:188} INFO - [2024-09-24T15:44:42.904+0000] {dag.py:3096} INFO - Sync 1 DAGs
[2024-09-24T15:44:42.923+0000] {logging_mixin.py:188} INFO - [2024-09-24T15:44:42.922+0000] {dag.py:3954} INFO - Setting next_dagrun for example_display_name to None, run_after=None
[2024-09-24T15:44:42.946+0000] {processor.py:183} INFO - Processing /home/airflow/.local/lib/python3.12/site-packages/airflow/example_dags/example_display_name.py took 0.086 seconds
[2024-09-24T15:45:13.096+0000] {processor.py:161} INFO - Started process (PID=574) to work on /home/airflow/.local/lib/python3.12/site-packages/airflow/example_dags/example_display_name.py
[2024-09-24T15:45:13.097+0000] {processor.py:830} INFO - Processing file /home/airflow/.local/lib/python3.12/site-packages/airflow/example_dags/example_display_name.py for tasks to queue
[2024-09-24T15:45:13.100+0000] {logging_mixin.py:188} INFO - [2024-09-24T15:45:13.099+0000] {dagbag.py:545} INFO - Filling up the DagBag from /home/airflow/.local/lib/python3.12/site-packages/airflow/example_dags/example_display_name.py
[2024-09-24T15:45:13.106+0000] {processor.py:840} INFO - DAG(s) 'example_display_name' retrieved from /home/airflow/.local/lib/python3.12/site-packages/airflow/example_dags/example_display_name.py
[2024-09-24T15:45:13.127+0000] {logging_mixin.py:188} INFO - [2024-09-24T15:45:13.127+0000] {dag.py:3096} INFO - Sync 1 DAGs
[2024-09-24T15:45:13.140+0000] {logging_mixin.py:188} INFO - [2024-09-24T15:45:13.140+0000] {dag.py:3954} INFO - Setting next_dagrun for example_display_name to None, run_after=None
[2024-09-24T15:45:13.159+0000] {processor.py:183} INFO - Processing /home/airflow/.local/lib/python3.12/site-packages/airflow/example_dags/example_display_name.py took 0.069 seconds
[2024-09-24T15:45:43.424+0000] {processor.py:161} INFO - Started process (PID=632) to work on /home/airflow/.local/lib/python3.12/site-packages/airflow/example_dags/example_display_name.py
[2024-09-24T15:45:43.425+0000] {processor.py:830} INFO - Processing file /home/airflow/.local/lib/python3.12/site-packages/airflow/example_dags/example_display_name.py for tasks to queue
[2024-09-24T15:45:43.429+0000] {logging_mixin.py:188} INFO - [2024-09-24T15:45:43.428+0000] {dagbag.py:545} INFO - Filling up the DagBag from /home/airflow/.local/lib/python3.12/site-packages/airflow/example_dags/example_display_name.py
[2024-09-24T15:45:43.436+0000] {processor.py:840} INFO - DAG(s) 'example_display_name' retrieved from /home/airflow/.local/lib/python3.12/site-packages/airflow/example_dags/example_display_name.py
[2024-09-24T15:45:43.465+0000] {logging_mixin.py:188} INFO - [2024-09-24T15:45:43.464+0000] {dag.py:3096} INFO - Sync 1 DAGs
[2024-09-24T15:45:43.485+0000] {logging_mixin.py:188} INFO - [2024-09-24T15:45:43.485+0000] {dag.py:3954} INFO - Setting next_dagrun for example_display_name to None, run_after=None
[2024-09-24T15:45:43.514+0000] {processor.py:183} INFO - Processing /home/airflow/.local/lib/python3.12/site-packages/airflow/example_dags/example_display_name.py took 0.099 seconds
[2024-09-24T15:46:14.110+0000] {processor.py:161} INFO - Started process (PID=690) to work on /home/airflow/.local/lib/python3.12/site-packages/airflow/example_dags/example_display_name.py
[2024-09-24T15:46:14.111+0000] {processor.py:830} INFO - Processing file /home/airflow/.local/lib/python3.12/site-packages/airflow/example_dags/example_display_name.py for tasks to queue
[2024-09-24T15:46:14.118+0000] {logging_mixin.py:188} INFO - [2024-09-24T15:46:14.117+0000] {dagbag.py:545} INFO - Filling up the DagBag from /home/airflow/.local/lib/python3.12/site-packages/airflow/example_dags/example_display_name.py
[2024-09-24T15:46:14.132+0000] {processor.py:840} INFO - DAG(s) 'example_display_name' retrieved from /home/airflow/.local/lib/python3.12/site-packages/airflow/example_dags/example_display_name.py
[2024-09-24T15:46:14.178+0000] {logging_mixin.py:188} INFO - [2024-09-24T15:46:14.178+0000] {dag.py:3096} INFO - Sync 1 DAGs
[2024-09-24T15:46:14.200+0000] {logging_mixin.py:188} INFO - [2024-09-24T15:46:14.200+0000] {dag.py:3954} INFO - Setting next_dagrun for example_display_name to None, run_after=None
[2024-09-24T15:46:14.240+0000] {processor.py:183} INFO - Processing /home/airflow/.local/lib/python3.12/site-packages/airflow/example_dags/example_display_name.py took 0.140 seconds
[2024-09-24T15:46:44.398+0000] {processor.py:161} INFO - Started process (PID=748) to work on /home/airflow/.local/lib/python3.12/site-packages/airflow/example_dags/example_display_name.py
[2024-09-24T15:46:44.400+0000] {processor.py:830} INFO - Processing file /home/airflow/.local/lib/python3.12/site-packages/airflow/example_dags/example_display_name.py for tasks to queue
[2024-09-24T15:46:44.403+0000] {logging_mixin.py:188} INFO - [2024-09-24T15:46:44.403+0000] {dagbag.py:545} INFO - Filling up the DagBag from /home/airflow/.local/lib/python3.12/site-packages/airflow/example_dags/example_display_name.py
[2024-09-24T15:46:44.412+0000] {processor.py:840} INFO - DAG(s) 'example_display_name' retrieved from /home/airflow/.local/lib/python3.12/site-packages/airflow/example_dags/example_display_name.py
[2024-09-24T15:46:44.450+0000] {logging_mixin.py:188} INFO - [2024-09-24T15:46:44.449+0000] {dag.py:3096} INFO - Sync 1 DAGs
[2024-09-24T15:46:44.485+0000] {logging_mixin.py:188} INFO - [2024-09-24T15:46:44.484+0000] {dag.py:3954} INFO - Setting next_dagrun for example_display_name to None, run_after=None
[2024-09-24T15:46:44.510+0000] {processor.py:183} INFO - Processing /home/airflow/.local/lib/python3.12/site-packages/airflow/example_dags/example_display_name.py took 0.122 seconds
[2024-09-24T15:47:14.577+0000] {processor.py:161} INFO - Started process (PID=806) to work on /home/airflow/.local/lib/python3.12/site-packages/airflow/example_dags/example_display_name.py
[2024-09-24T15:47:14.579+0000] {processor.py:830} INFO - Processing file /home/airflow/.local/lib/python3.12/site-packages/airflow/example_dags/example_display_name.py for tasks to queue
[2024-09-24T15:47:14.583+0000] {logging_mixin.py:188} INFO - [2024-09-24T15:47:14.583+0000] {dagbag.py:545} INFO - Filling up the DagBag from /home/airflow/.local/lib/python3.12/site-packages/airflow/example_dags/example_display_name.py
[2024-09-24T15:47:14.595+0000] {processor.py:840} INFO - DAG(s) 'example_display_name' retrieved from /home/airflow/.local/lib/python3.12/site-packages/airflow/example_dags/example_display_name.py
[2024-09-24T15:47:14.643+0000] {logging_mixin.py:188} INFO - [2024-09-24T15:47:14.642+0000] {dag.py:3096} INFO - Sync 1 DAGs
[2024-09-24T15:47:14.663+0000] {logging_mixin.py:188} INFO - [2024-09-24T15:47:14.663+0000] {dag.py:3954} INFO - Setting next_dagrun for example_display_name to None, run_after=None
[2024-09-24T15:47:14.689+0000] {processor.py:183} INFO - Processing /home/airflow/.local/lib/python3.12/site-packages/airflow/example_dags/example_display_name.py took 0.121 seconds
[2024-09-24T15:47:44.858+0000] {processor.py:161} INFO - Started process (PID=864) to work on /home/airflow/.local/lib/python3.12/site-packages/airflow/example_dags/example_display_name.py
[2024-09-24T15:47:44.860+0000] {processor.py:830} INFO - Processing file /home/airflow/.local/lib/python3.12/site-packages/airflow/example_dags/example_display_name.py for tasks to queue
[2024-09-24T15:47:44.862+0000] {logging_mixin.py:188} INFO - [2024-09-24T15:47:44.861+0000] {dagbag.py:545} INFO - Filling up the DagBag from /home/airflow/.local/lib/python3.12/site-packages/airflow/example_dags/example_display_name.py
[2024-09-24T15:47:44.870+0000] {processor.py:840} INFO - DAG(s) 'example_display_name' retrieved from /home/airflow/.local/lib/python3.12/site-packages/airflow/example_dags/example_display_name.py
[2024-09-24T15:47:44.899+0000] {logging_mixin.py:188} INFO - [2024-09-24T15:47:44.899+0000] {dag.py:3096} INFO - Sync 1 DAGs
[2024-09-24T15:47:44.913+0000] {logging_mixin.py:188} INFO - [2024-09-24T15:47:44.913+0000] {dag.py:3954} INFO - Setting next_dagrun for example_display_name to None, run_after=None
[2024-09-24T15:47:44.935+0000] {processor.py:183} INFO - Processing /home/airflow/.local/lib/python3.12/site-packages/airflow/example_dags/example_display_name.py took 0.083 seconds
[2024-09-24T15:48:15.222+0000] {processor.py:161} INFO - Started process (PID=922) to work on /home/airflow/.local/lib/python3.12/site-packages/airflow/example_dags/example_display_name.py
[2024-09-24T15:48:15.223+0000] {processor.py:830} INFO - Processing file /home/airflow/.local/lib/python3.12/site-packages/airflow/example_dags/example_display_name.py for tasks to queue
[2024-09-24T15:48:15.226+0000] {logging_mixin.py:188} INFO - [2024-09-24T15:48:15.225+0000] {dagbag.py:545} INFO - Filling up the DagBag from /home/airflow/.local/lib/python3.12/site-packages/airflow/example_dags/example_display_name.py
[2024-09-24T15:48:15.235+0000] {processor.py:840} INFO - DAG(s) 'example_display_name' retrieved from /home/airflow/.local/lib/python3.12/site-packages/airflow/example_dags/example_display_name.py
[2024-09-24T15:48:15.263+0000] {logging_mixin.py:188} INFO - [2024-09-24T15:48:15.262+0000] {dag.py:3096} INFO - Sync 1 DAGs
[2024-09-24T15:48:15.280+0000] {logging_mixin.py:188} INFO - [2024-09-24T15:48:15.280+0000] {dag.py:3954} INFO - Setting next_dagrun for example_display_name to None, run_after=None
[2024-09-24T15:48:15.305+0000] {processor.py:183} INFO - Processing /home/airflow/.local/lib/python3.12/site-packages/airflow/example_dags/example_display_name.py took 0.091 seconds
[2024-09-24T15:48:45.950+0000] {processor.py:161} INFO - Started process (PID=980) to work on /home/airflow/.local/lib/python3.12/site-packages/airflow/example_dags/example_display_name.py
[2024-09-24T15:48:45.952+0000] {processor.py:830} INFO - Processing file /home/airflow/.local/lib/python3.12/site-packages/airflow/example_dags/example_display_name.py for tasks to queue
[2024-09-24T15:48:45.954+0000] {logging_mixin.py:188} INFO - [2024-09-24T15:48:45.954+0000] {dagbag.py:545} INFO - Filling up the DagBag from /home/airflow/.local/lib/python3.12/site-packages/airflow/example_dags/example_display_name.py
[2024-09-24T15:48:45.965+0000] {processor.py:840} INFO - DAG(s) 'example_display_name' retrieved from /home/airflow/.local/lib/python3.12/site-packages/airflow/example_dags/example_display_name.py
[2024-09-24T15:48:45.995+0000] {logging_mixin.py:188} INFO - [2024-09-24T15:48:45.994+0000] {dag.py:3096} INFO - Sync 1 DAGs
[2024-09-24T15:48:46.014+0000] {logging_mixin.py:188} INFO - [2024-09-24T15:48:46.013+0000] {dag.py:3954} INFO - Setting next_dagrun for example_display_name to None, run_after=None
[2024-09-24T15:48:46.041+0000] {processor.py:183} INFO - Processing /home/airflow/.local/lib/python3.12/site-packages/airflow/example_dags/example_display_name.py took 0.098 seconds
[2024-09-24T15:49:16.370+0000] {processor.py:161} INFO - Started process (PID=1039) to work on /home/airflow/.local/lib/python3.12/site-packages/airflow/example_dags/example_display_name.py
[2024-09-24T15:49:16.371+0000] {processor.py:830} INFO - Processing file /home/airflow/.local/lib/python3.12/site-packages/airflow/example_dags/example_display_name.py for tasks to queue
[2024-09-24T15:49:16.373+0000] {logging_mixin.py:188} INFO - [2024-09-24T15:49:16.373+0000] {dagbag.py:545} INFO - Filling up the DagBag from /home/airflow/.local/lib/python3.12/site-packages/airflow/example_dags/example_display_name.py
[2024-09-24T15:49:16.379+0000] {processor.py:840} INFO - DAG(s) 'example_display_name' retrieved from /home/airflow/.local/lib/python3.12/site-packages/airflow/example_dags/example_display_name.py
[2024-09-24T15:49:16.399+0000] {logging_mixin.py:188} INFO - [2024-09-24T15:49:16.399+0000] {dag.py:3096} INFO - Sync 1 DAGs
[2024-09-24T15:49:16.414+0000] {logging_mixin.py:188} INFO - [2024-09-24T15:49:16.414+0000] {dag.py:3954} INFO - Setting next_dagrun for example_display_name to None, run_after=None
[2024-09-24T15:49:16.433+0000] {processor.py:183} INFO - Processing /home/airflow/.local/lib/python3.12/site-packages/airflow/example_dags/example_display_name.py took 0.069 seconds
[2024-09-24T15:49:46.795+0000] {processor.py:161} INFO - Started process (PID=1097) to work on /home/airflow/.local/lib/python3.12/site-packages/airflow/example_dags/example_display_name.py
[2024-09-24T15:49:46.797+0000] {processor.py:830} INFO - Processing file /home/airflow/.local/lib/python3.12/site-packages/airflow/example_dags/example_display_name.py for tasks to queue
[2024-09-24T15:49:46.800+0000] {logging_mixin.py:188} INFO - [2024-09-24T15:49:46.799+0000] {dagbag.py:545} INFO - Filling up the DagBag from /home/airflow/.local/lib/python3.12/site-packages/airflow/example_dags/example_display_name.py
[2024-09-24T15:49:46.806+0000] {processor.py:840} INFO - DAG(s) 'example_display_name' retrieved from /home/airflow/.local/lib/python3.12/site-packages/airflow/example_dags/example_display_name.py
[2024-09-24T15:49:46.828+0000] {logging_mixin.py:188} INFO - [2024-09-24T15:49:46.828+0000] {dag.py:3096} INFO - Sync 1 DAGs
[2024-09-24T15:49:46.843+0000] {logging_mixin.py:188} INFO - [2024-09-24T15:49:46.842+0000] {dag.py:3954} INFO - Setting next_dagrun for example_display_name to None, run_after=None
[2024-09-24T15:49:46.865+0000] {processor.py:183} INFO - Processing /home/airflow/.local/lib/python3.12/site-packages/airflow/example_dags/example_display_name.py took 0.078 seconds
[2024-09-24T15:50:17.268+0000] {processor.py:161} INFO - Started process (PID=1155) to work on /home/airflow/.local/lib/python3.12/site-packages/airflow/example_dags/example_display_name.py
[2024-09-24T15:50:17.271+0000] {processor.py:830} INFO - Processing file /home/airflow/.local/lib/python3.12/site-packages/airflow/example_dags/example_display_name.py for tasks to queue
[2024-09-24T15:50:17.274+0000] {logging_mixin.py:188} INFO - [2024-09-24T15:50:17.273+0000] {dagbag.py:545} INFO - Filling up the DagBag from /home/airflow/.local/lib/python3.12/site-packages/airflow/example_dags/example_display_name.py
[2024-09-24T15:50:17.280+0000] {processor.py:840} INFO - DAG(s) 'example_display_name' retrieved from /home/airflow/.local/lib/python3.12/site-packages/airflow/example_dags/example_display_name.py
[2024-09-24T15:50:17.301+0000] {logging_mixin.py:188} INFO - [2024-09-24T15:50:17.301+0000] {dag.py:3096} INFO - Sync 1 DAGs
[2024-09-24T15:50:17.315+0000] {logging_mixin.py:188} INFO - [2024-09-24T15:50:17.315+0000] {dag.py:3954} INFO - Setting next_dagrun for example_display_name to None, run_after=None
[2024-09-24T15:50:17.337+0000] {processor.py:183} INFO - Processing /home/airflow/.local/lib/python3.12/site-packages/airflow/example_dags/example_display_name.py took 0.075 seconds
[2024-09-24T15:50:47.430+0000] {processor.py:161} INFO - Started process (PID=1214) to work on /home/airflow/.local/lib/python3.12/site-packages/airflow/example_dags/example_display_name.py
[2024-09-24T15:50:47.431+0000] {processor.py:830} INFO - Processing file /home/airflow/.local/lib/python3.12/site-packages/airflow/example_dags/example_display_name.py for tasks to queue
[2024-09-24T15:50:47.433+0000] {logging_mixin.py:188} INFO - [2024-09-24T15:50:47.432+0000] {dagbag.py:545} INFO - Filling up the DagBag from /home/airflow/.local/lib/python3.12/site-packages/airflow/example_dags/example_display_name.py
[2024-09-24T15:50:47.438+0000] {processor.py:840} INFO - DAG(s) 'example_display_name' retrieved from /home/airflow/.local/lib/python3.12/site-packages/airflow/example_dags/example_display_name.py
[2024-09-24T15:50:47.463+0000] {logging_mixin.py:188} INFO - [2024-09-24T15:50:47.462+0000] {dag.py:3096} INFO - Sync 1 DAGs
[2024-09-24T15:50:47.478+0000] {logging_mixin.py:188} INFO - [2024-09-24T15:50:47.477+0000] {dag.py:3954} INFO - Setting next_dagrun for example_display_name to None, run_after=None
[2024-09-24T15:50:47.501+0000] {processor.py:183} INFO - Processing /home/airflow/.local/lib/python3.12/site-packages/airflow/example_dags/example_display_name.py took 0.078 seconds
[2024-09-24T15:51:17.587+0000] {processor.py:161} INFO - Started process (PID=1272) to work on /home/airflow/.local/lib/python3.12/site-packages/airflow/example_dags/example_display_name.py
[2024-09-24T15:51:17.588+0000] {processor.py:830} INFO - Processing file /home/airflow/.local/lib/python3.12/site-packages/airflow/example_dags/example_display_name.py for tasks to queue
[2024-09-24T15:51:17.590+0000] {logging_mixin.py:188} INFO - [2024-09-24T15:51:17.590+0000] {dagbag.py:545} INFO - Filling up the DagBag from /home/airflow/.local/lib/python3.12/site-packages/airflow/example_dags/example_display_name.py
[2024-09-24T15:51:17.596+0000] {processor.py:840} INFO - DAG(s) 'example_display_name' retrieved from /home/airflow/.local/lib/python3.12/site-packages/airflow/example_dags/example_display_name.py
[2024-09-24T15:51:17.615+0000] {logging_mixin.py:188} INFO - [2024-09-24T15:51:17.615+0000] {dag.py:3096} INFO - Sync 1 DAGs
[2024-09-24T15:51:17.629+0000] {logging_mixin.py:188} INFO - [2024-09-24T15:51:17.629+0000] {dag.py:3954} INFO - Setting next_dagrun for example_display_name to None, run_after=None
[2024-09-24T15:51:17.650+0000] {processor.py:183} INFO - Processing /home/airflow/.local/lib/python3.12/site-packages/airflow/example_dags/example_display_name.py took 0.069 seconds
[2024-09-24T15:51:48.026+0000] {processor.py:161} INFO - Started process (PID=1329) to work on /home/airflow/.local/lib/python3.12/site-packages/airflow/example_dags/example_display_name.py
[2024-09-24T15:51:48.028+0000] {processor.py:830} INFO - Processing file /home/airflow/.local/lib/python3.12/site-packages/airflow/example_dags/example_display_name.py for tasks to queue
[2024-09-24T15:51:48.033+0000] {logging_mixin.py:188} INFO - [2024-09-24T15:51:48.032+0000] {dagbag.py:545} INFO - Filling up the DagBag from /home/airflow/.local/lib/python3.12/site-packages/airflow/example_dags/example_display_name.py
[2024-09-24T15:51:48.042+0000] {processor.py:840} INFO - DAG(s) 'example_display_name' retrieved from /home/airflow/.local/lib/python3.12/site-packages/airflow/example_dags/example_display_name.py
[2024-09-24T15:51:48.078+0000] {logging_mixin.py:188} INFO - [2024-09-24T15:51:48.078+0000] {dag.py:3096} INFO - Sync 1 DAGs
[2024-09-24T15:51:48.102+0000] {logging_mixin.py:188} INFO - [2024-09-24T15:51:48.102+0000] {dag.py:3954} INFO - Setting next_dagrun for example_display_name to None, run_after=None
[2024-09-24T15:51:48.135+0000] {processor.py:183} INFO - Processing /home/airflow/.local/lib/python3.12/site-packages/airflow/example_dags/example_display_name.py took 0.120 seconds
[2024-09-24T15:52:18.314+0000] {processor.py:161} INFO - Started process (PID=1387) to work on /home/airflow/.local/lib/python3.12/site-packages/airflow/example_dags/example_display_name.py
[2024-09-24T15:52:18.315+0000] {processor.py:830} INFO - Processing file /home/airflow/.local/lib/python3.12/site-packages/airflow/example_dags/example_display_name.py for tasks to queue
[2024-09-24T15:52:18.317+0000] {logging_mixin.py:188} INFO - [2024-09-24T15:52:18.317+0000] {dagbag.py:545} INFO - Filling up the DagBag from /home/airflow/.local/lib/python3.12/site-packages/airflow/example_dags/example_display_name.py
[2024-09-24T15:52:18.323+0000] {processor.py:840} INFO - DAG(s) 'example_display_name' retrieved from /home/airflow/.local/lib/python3.12/site-packages/airflow/example_dags/example_display_name.py
[2024-09-24T15:52:18.346+0000] {logging_mixin.py:188} INFO - [2024-09-24T15:52:18.345+0000] {dag.py:3096} INFO - Sync 1 DAGs
[2024-09-24T15:52:18.360+0000] {logging_mixin.py:188} INFO - [2024-09-24T15:52:18.359+0000] {dag.py:3954} INFO - Setting next_dagrun for example_display_name to None, run_after=None
[2024-09-24T15:52:18.384+0000] {processor.py:183} INFO - Processing /home/airflow/.local/lib/python3.12/site-packages/airflow/example_dags/example_display_name.py took 0.079 seconds
[2024-09-24T15:52:48.815+0000] {processor.py:161} INFO - Started process (PID=1445) to work on /home/airflow/.local/lib/python3.12/site-packages/airflow/example_dags/example_display_name.py
[2024-09-24T15:52:48.816+0000] {processor.py:830} INFO - Processing file /home/airflow/.local/lib/python3.12/site-packages/airflow/example_dags/example_display_name.py for tasks to queue
[2024-09-24T15:52:48.818+0000] {logging_mixin.py:188} INFO - [2024-09-24T15:52:48.818+0000] {dagbag.py:545} INFO - Filling up the DagBag from /home/airflow/.local/lib/python3.12/site-packages/airflow/example_dags/example_display_name.py
[2024-09-24T15:52:48.825+0000] {processor.py:840} INFO - DAG(s) 'example_display_name' retrieved from /home/airflow/.local/lib/python3.12/site-packages/airflow/example_dags/example_display_name.py
[2024-09-24T15:52:48.846+0000] {logging_mixin.py:188} INFO - [2024-09-24T15:52:48.846+0000] {dag.py:3096} INFO - Sync 1 DAGs
[2024-09-24T15:52:48.859+0000] {logging_mixin.py:188} INFO - [2024-09-24T15:52:48.859+0000] {dag.py:3954} INFO - Setting next_dagrun for example_display_name to None, run_after=None
[2024-09-24T15:52:48.881+0000] {processor.py:183} INFO - Processing /home/airflow/.local/lib/python3.12/site-packages/airflow/example_dags/example_display_name.py took 0.072 seconds
[2024-09-24T15:53:19.301+0000] {processor.py:161} INFO - Started process (PID=1503) to work on /home/airflow/.local/lib/python3.12/site-packages/airflow/example_dags/example_display_name.py
[2024-09-24T15:53:19.302+0000] {processor.py:830} INFO - Processing file /home/airflow/.local/lib/python3.12/site-packages/airflow/example_dags/example_display_name.py for tasks to queue
[2024-09-24T15:53:19.305+0000] {logging_mixin.py:188} INFO - [2024-09-24T15:53:19.305+0000] {dagbag.py:545} INFO - Filling up the DagBag from /home/airflow/.local/lib/python3.12/site-packages/airflow/example_dags/example_display_name.py
[2024-09-24T15:53:19.312+0000] {processor.py:840} INFO - DAG(s) 'example_display_name' retrieved from /home/airflow/.local/lib/python3.12/site-packages/airflow/example_dags/example_display_name.py
[2024-09-24T15:53:19.338+0000] {logging_mixin.py:188} INFO - [2024-09-24T15:53:19.338+0000] {dag.py:3096} INFO - Sync 1 DAGs
[2024-09-24T15:53:19.362+0000] {logging_mixin.py:188} INFO - [2024-09-24T15:53:19.362+0000] {dag.py:3954} INFO - Setting next_dagrun for example_display_name to None, run_after=None
[2024-09-24T15:53:19.389+0000] {processor.py:183} INFO - Processing /home/airflow/.local/lib/python3.12/site-packages/airflow/example_dags/example_display_name.py took 0.095 seconds
