[2024-09-24T15:40:35.561+0000] {processor.py:161} INFO - Started process (PID=49) to work on /home/airflow/.local/lib/python3.12/site-packages/airflow/example_dags/example_branch_datetime_operator.py
[2024-09-24T15:40:35.584+0000] {processor.py:830} INFO - Processing file /home/airflow/.local/lib/python3.12/site-packages/airflow/example_dags/example_branch_datetime_operator.py for tasks to queue
[2024-09-24T15:40:35.590+0000] {logging_mixin.py:188} INFO - [2024-09-24T15:40:35.589+0000] {dagbag.py:545} INFO - Filling up the DagBag from /home/airflow/.local/lib/python3.12/site-packages/airflow/example_dags/example_branch_datetime_operator.py
[2024-09-24T15:40:35.637+0000] {processor.py:840} INFO - DAG(s) 'example_branch_datetime_operator_2', 'example_branch_datetime_operator', 'example_branch_datetime_operator_3' retrieved from /home/airflow/.local/lib/python3.12/site-packages/airflow/example_dags/example_branch_datetime_operator.py
[2024-09-24T15:40:36.911+0000] {logging_mixin.py:188} INFO - [2024-09-24T15:40:36.910+0000] {dag.py:3096} INFO - Sync 3 DAGs
[2024-09-24T15:40:37.029+0000] {logging_mixin.py:188} INFO - [2024-09-24T15:40:37.028+0000] {dag.py:3954} INFO - Setting next_dagrun for example_branch_datetime_operator to 2024-09-23 00:00:00+00:00, run_after=2024-09-24 00:00:00+00:00
[2024-09-24T15:40:37.050+0000] {logging_mixin.py:188} INFO - [2024-09-24T15:40:37.049+0000] {dag.py:3954} INFO - Setting next_dagrun for example_branch_datetime_operator_2 to 2024-09-23 00:00:00+00:00, run_after=2024-09-24 00:00:00+00:00
[2024-09-24T15:40:37.061+0000] {logging_mixin.py:188} INFO - [2024-09-24T15:40:37.059+0000] {dag.py:3954} INFO - Setting next_dagrun for example_branch_datetime_operator_3 to 2024-09-23 00:00:00+00:00, run_after=2024-09-24 00:00:00+00:00
[2024-09-24T15:40:37.176+0000] {processor.py:183} INFO - Processing /home/airflow/.local/lib/python3.12/site-packages/airflow/example_dags/example_branch_datetime_operator.py took 1.650 seconds
[2024-09-24T15:41:07.596+0000] {processor.py:161} INFO - Started process (PID=107) to work on /home/airflow/.local/lib/python3.12/site-packages/airflow/example_dags/example_branch_datetime_operator.py
[2024-09-24T15:41:07.597+0000] {processor.py:830} INFO - Processing file /home/airflow/.local/lib/python3.12/site-packages/airflow/example_dags/example_branch_datetime_operator.py for tasks to queue
[2024-09-24T15:41:07.600+0000] {logging_mixin.py:188} INFO - [2024-09-24T15:41:07.599+0000] {dagbag.py:545} INFO - Filling up the DagBag from /home/airflow/.local/lib/python3.12/site-packages/airflow/example_dags/example_branch_datetime_operator.py
[2024-09-24T15:41:07.615+0000] {processor.py:840} INFO - DAG(s) 'example_branch_datetime_operator_2', 'example_branch_datetime_operator', 'example_branch_datetime_operator_3' retrieved from /home/airflow/.local/lib/python3.12/site-packages/airflow/example_dags/example_branch_datetime_operator.py
[2024-09-24T15:41:07.656+0000] {logging_mixin.py:188} INFO - [2024-09-24T15:41:07.655+0000] {dag.py:3096} INFO - Sync 3 DAGs
[2024-09-24T15:41:07.687+0000] {logging_mixin.py:188} INFO - [2024-09-24T15:41:07.687+0000] {dag.py:3954} INFO - Setting next_dagrun for example_branch_datetime_operator to 2024-09-23 00:00:00+00:00, run_after=2024-09-24 00:00:00+00:00
[2024-09-24T15:41:07.694+0000] {logging_mixin.py:188} INFO - [2024-09-24T15:41:07.693+0000] {dag.py:3954} INFO - Setting next_dagrun for example_branch_datetime_operator_2 to 2024-09-23 00:00:00+00:00, run_after=2024-09-24 00:00:00+00:00
[2024-09-24T15:41:07.697+0000] {logging_mixin.py:188} INFO - [2024-09-24T15:41:07.697+0000] {dag.py:3954} INFO - Setting next_dagrun for example_branch_datetime_operator_3 to 2024-09-23 00:00:00+00:00, run_after=2024-09-24 00:00:00+00:00
[2024-09-24T15:41:07.720+0000] {processor.py:183} INFO - Processing /home/airflow/.local/lib/python3.12/site-packages/airflow/example_dags/example_branch_datetime_operator.py took 0.132 seconds
[2024-09-24T15:41:38.243+0000] {processor.py:161} INFO - Started process (PID=165) to work on /home/airflow/.local/lib/python3.12/site-packages/airflow/example_dags/example_branch_datetime_operator.py
[2024-09-24T15:41:38.244+0000] {processor.py:830} INFO - Processing file /home/airflow/.local/lib/python3.12/site-packages/airflow/example_dags/example_branch_datetime_operator.py for tasks to queue
[2024-09-24T15:41:38.246+0000] {logging_mixin.py:188} INFO - [2024-09-24T15:41:38.245+0000] {dagbag.py:545} INFO - Filling up the DagBag from /home/airflow/.local/lib/python3.12/site-packages/airflow/example_dags/example_branch_datetime_operator.py
[2024-09-24T15:41:38.257+0000] {processor.py:840} INFO - DAG(s) 'example_branch_datetime_operator_2', 'example_branch_datetime_operator', 'example_branch_datetime_operator_3' retrieved from /home/airflow/.local/lib/python3.12/site-packages/airflow/example_dags/example_branch_datetime_operator.py
[2024-09-24T15:41:38.284+0000] {logging_mixin.py:188} INFO - [2024-09-24T15:41:38.284+0000] {dag.py:3096} INFO - Sync 3 DAGs
[2024-09-24T15:41:38.310+0000] {logging_mixin.py:188} INFO - [2024-09-24T15:41:38.310+0000] {dag.py:3954} INFO - Setting next_dagrun for example_branch_datetime_operator to 2024-09-23 00:00:00+00:00, run_after=2024-09-24 00:00:00+00:00
[2024-09-24T15:41:38.316+0000] {logging_mixin.py:188} INFO - [2024-09-24T15:41:38.316+0000] {dag.py:3954} INFO - Setting next_dagrun for example_branch_datetime_operator_2 to 2024-09-23 00:00:00+00:00, run_after=2024-09-24 00:00:00+00:00
[2024-09-24T15:41:38.319+0000] {logging_mixin.py:188} INFO - [2024-09-24T15:41:38.319+0000] {dag.py:3954} INFO - Setting next_dagrun for example_branch_datetime_operator_3 to 2024-09-23 00:00:00+00:00, run_after=2024-09-24 00:00:00+00:00
[2024-09-24T15:41:38.337+0000] {processor.py:183} INFO - Processing /home/airflow/.local/lib/python3.12/site-packages/airflow/example_dags/example_branch_datetime_operator.py took 0.101 seconds
[2024-09-24T15:42:08.606+0000] {processor.py:161} INFO - Started process (PID=223) to work on /home/airflow/.local/lib/python3.12/site-packages/airflow/example_dags/example_branch_datetime_operator.py
[2024-09-24T15:42:08.607+0000] {processor.py:830} INFO - Processing file /home/airflow/.local/lib/python3.12/site-packages/airflow/example_dags/example_branch_datetime_operator.py for tasks to queue
[2024-09-24T15:42:08.609+0000] {logging_mixin.py:188} INFO - [2024-09-24T15:42:08.609+0000] {dagbag.py:545} INFO - Filling up the DagBag from /home/airflow/.local/lib/python3.12/site-packages/airflow/example_dags/example_branch_datetime_operator.py
[2024-09-24T15:42:08.621+0000] {processor.py:840} INFO - DAG(s) 'example_branch_datetime_operator_3', 'example_branch_datetime_operator_2', 'example_branch_datetime_operator' retrieved from /home/airflow/.local/lib/python3.12/site-packages/airflow/example_dags/example_branch_datetime_operator.py
[2024-09-24T15:42:08.651+0000] {logging_mixin.py:188} INFO - [2024-09-24T15:42:08.651+0000] {dag.py:3096} INFO - Sync 3 DAGs
[2024-09-24T15:42:08.678+0000] {logging_mixin.py:188} INFO - [2024-09-24T15:42:08.678+0000] {dag.py:3954} INFO - Setting next_dagrun for example_branch_datetime_operator to 2024-09-23 00:00:00+00:00, run_after=2024-09-24 00:00:00+00:00
[2024-09-24T15:42:08.684+0000] {logging_mixin.py:188} INFO - [2024-09-24T15:42:08.684+0000] {dag.py:3954} INFO - Setting next_dagrun for example_branch_datetime_operator_2 to 2024-09-23 00:00:00+00:00, run_after=2024-09-24 00:00:00+00:00
[2024-09-24T15:42:08.687+0000] {logging_mixin.py:188} INFO - [2024-09-24T15:42:08.687+0000] {dag.py:3954} INFO - Setting next_dagrun for example_branch_datetime_operator_3 to 2024-09-23 00:00:00+00:00, run_after=2024-09-24 00:00:00+00:00
[2024-09-24T15:42:08.721+0000] {processor.py:183} INFO - Processing /home/airflow/.local/lib/python3.12/site-packages/airflow/example_dags/example_branch_datetime_operator.py took 0.121 seconds
[2024-09-24T15:42:38.943+0000] {processor.py:161} INFO - Started process (PID=281) to work on /home/airflow/.local/lib/python3.12/site-packages/airflow/example_dags/example_branch_datetime_operator.py
[2024-09-24T15:42:38.944+0000] {processor.py:830} INFO - Processing file /home/airflow/.local/lib/python3.12/site-packages/airflow/example_dags/example_branch_datetime_operator.py for tasks to queue
[2024-09-24T15:42:38.947+0000] {logging_mixin.py:188} INFO - [2024-09-24T15:42:38.947+0000] {dagbag.py:545} INFO - Filling up the DagBag from /home/airflow/.local/lib/python3.12/site-packages/airflow/example_dags/example_branch_datetime_operator.py
[2024-09-24T15:42:38.958+0000] {processor.py:840} INFO - DAG(s) 'example_branch_datetime_operator', 'example_branch_datetime_operator_2', 'example_branch_datetime_operator_3' retrieved from /home/airflow/.local/lib/python3.12/site-packages/airflow/example_dags/example_branch_datetime_operator.py
[2024-09-24T15:42:38.988+0000] {logging_mixin.py:188} INFO - [2024-09-24T15:42:38.988+0000] {dag.py:3096} INFO - Sync 3 DAGs
[2024-09-24T15:42:39.017+0000] {logging_mixin.py:188} INFO - [2024-09-24T15:42:39.016+0000] {dag.py:3954} INFO - Setting next_dagrun for example_branch_datetime_operator to 2024-09-23 00:00:00+00:00, run_after=2024-09-24 00:00:00+00:00
[2024-09-24T15:42:39.023+0000] {logging_mixin.py:188} INFO - [2024-09-24T15:42:39.022+0000] {dag.py:3954} INFO - Setting next_dagrun for example_branch_datetime_operator_2 to 2024-09-23 00:00:00+00:00, run_after=2024-09-24 00:00:00+00:00
[2024-09-24T15:42:39.026+0000] {logging_mixin.py:188} INFO - [2024-09-24T15:42:39.026+0000] {dag.py:3954} INFO - Setting next_dagrun for example_branch_datetime_operator_3 to 2024-09-23 00:00:00+00:00, run_after=2024-09-24 00:00:00+00:00
[2024-09-24T15:42:39.045+0000] {processor.py:183} INFO - Processing /home/airflow/.local/lib/python3.12/site-packages/airflow/example_dags/example_branch_datetime_operator.py took 0.108 seconds
[2024-09-24T15:43:09.179+0000] {processor.py:161} INFO - Started process (PID=339) to work on /home/airflow/.local/lib/python3.12/site-packages/airflow/example_dags/example_branch_datetime_operator.py
[2024-09-24T15:43:09.180+0000] {processor.py:830} INFO - Processing file /home/airflow/.local/lib/python3.12/site-packages/airflow/example_dags/example_branch_datetime_operator.py for tasks to queue
[2024-09-24T15:43:09.182+0000] {logging_mixin.py:188} INFO - [2024-09-24T15:43:09.182+0000] {dagbag.py:545} INFO - Filling up the DagBag from /home/airflow/.local/lib/python3.12/site-packages/airflow/example_dags/example_branch_datetime_operator.py
[2024-09-24T15:43:09.192+0000] {processor.py:840} INFO - DAG(s) 'example_branch_datetime_operator', 'example_branch_datetime_operator_3', 'example_branch_datetime_operator_2' retrieved from /home/airflow/.local/lib/python3.12/site-packages/airflow/example_dags/example_branch_datetime_operator.py
[2024-09-24T15:43:09.221+0000] {logging_mixin.py:188} INFO - [2024-09-24T15:43:09.221+0000] {dag.py:3096} INFO - Sync 3 DAGs
[2024-09-24T15:43:09.248+0000] {logging_mixin.py:188} INFO - [2024-09-24T15:43:09.248+0000] {dag.py:3954} INFO - Setting next_dagrun for example_branch_datetime_operator to 2024-09-23 00:00:00+00:00, run_after=2024-09-24 00:00:00+00:00
[2024-09-24T15:43:09.254+0000] {logging_mixin.py:188} INFO - [2024-09-24T15:43:09.254+0000] {dag.py:3954} INFO - Setting next_dagrun for example_branch_datetime_operator_2 to 2024-09-23 00:00:00+00:00, run_after=2024-09-24 00:00:00+00:00
[2024-09-24T15:43:09.257+0000] {logging_mixin.py:188} INFO - [2024-09-24T15:43:09.257+0000] {dag.py:3954} INFO - Setting next_dagrun for example_branch_datetime_operator_3 to 2024-09-23 00:00:00+00:00, run_after=2024-09-24 00:00:00+00:00
[2024-09-24T15:43:09.276+0000] {processor.py:183} INFO - Processing /home/airflow/.local/lib/python3.12/site-packages/airflow/example_dags/example_branch_datetime_operator.py took 0.103 seconds
[2024-09-24T15:43:39.798+0000] {processor.py:161} INFO - Started process (PID=397) to work on /home/airflow/.local/lib/python3.12/site-packages/airflow/example_dags/example_branch_datetime_operator.py
[2024-09-24T15:43:39.799+0000] {processor.py:830} INFO - Processing file /home/airflow/.local/lib/python3.12/site-packages/airflow/example_dags/example_branch_datetime_operator.py for tasks to queue
[2024-09-24T15:43:39.802+0000] {logging_mixin.py:188} INFO - [2024-09-24T15:43:39.801+0000] {dagbag.py:545} INFO - Filling up the DagBag from /home/airflow/.local/lib/python3.12/site-packages/airflow/example_dags/example_branch_datetime_operator.py
[2024-09-24T15:43:39.814+0000] {processor.py:840} INFO - DAG(s) 'example_branch_datetime_operator_2', 'example_branch_datetime_operator_3', 'example_branch_datetime_operator' retrieved from /home/airflow/.local/lib/python3.12/site-packages/airflow/example_dags/example_branch_datetime_operator.py
[2024-09-24T15:43:39.844+0000] {logging_mixin.py:188} INFO - [2024-09-24T15:43:39.844+0000] {dag.py:3096} INFO - Sync 3 DAGs
[2024-09-24T15:43:39.870+0000] {logging_mixin.py:188} INFO - [2024-09-24T15:43:39.870+0000] {dag.py:3954} INFO - Setting next_dagrun for example_branch_datetime_operator to 2024-09-23 00:00:00+00:00, run_after=2024-09-24 00:00:00+00:00
[2024-09-24T15:43:39.877+0000] {logging_mixin.py:188} INFO - [2024-09-24T15:43:39.877+0000] {dag.py:3954} INFO - Setting next_dagrun for example_branch_datetime_operator_2 to 2024-09-23 00:00:00+00:00, run_after=2024-09-24 00:00:00+00:00
[2024-09-24T15:43:39.880+0000] {logging_mixin.py:188} INFO - [2024-09-24T15:43:39.880+0000] {dag.py:3954} INFO - Setting next_dagrun for example_branch_datetime_operator_3 to 2024-09-23 00:00:00+00:00, run_after=2024-09-24 00:00:00+00:00
[2024-09-24T15:43:39.898+0000] {processor.py:183} INFO - Processing /home/airflow/.local/lib/python3.12/site-packages/airflow/example_dags/example_branch_datetime_operator.py took 0.107 seconds
[2024-09-24T15:44:10.347+0000] {processor.py:161} INFO - Started process (PID=455) to work on /home/airflow/.local/lib/python3.12/site-packages/airflow/example_dags/example_branch_datetime_operator.py
[2024-09-24T15:44:10.348+0000] {processor.py:830} INFO - Processing file /home/airflow/.local/lib/python3.12/site-packages/airflow/example_dags/example_branch_datetime_operator.py for tasks to queue
[2024-09-24T15:44:10.350+0000] {logging_mixin.py:188} INFO - [2024-09-24T15:44:10.350+0000] {dagbag.py:545} INFO - Filling up the DagBag from /home/airflow/.local/lib/python3.12/site-packages/airflow/example_dags/example_branch_datetime_operator.py
[2024-09-24T15:44:10.363+0000] {processor.py:840} INFO - DAG(s) 'example_branch_datetime_operator_2', 'example_branch_datetime_operator', 'example_branch_datetime_operator_3' retrieved from /home/airflow/.local/lib/python3.12/site-packages/airflow/example_dags/example_branch_datetime_operator.py
[2024-09-24T15:44:10.390+0000] {logging_mixin.py:188} INFO - [2024-09-24T15:44:10.390+0000] {dag.py:3096} INFO - Sync 3 DAGs
[2024-09-24T15:44:10.417+0000] {logging_mixin.py:188} INFO - [2024-09-24T15:44:10.416+0000] {dag.py:3954} INFO - Setting next_dagrun for example_branch_datetime_operator to 2024-09-23 00:00:00+00:00, run_after=2024-09-24 00:00:00+00:00
[2024-09-24T15:44:10.423+0000] {logging_mixin.py:188} INFO - [2024-09-24T15:44:10.422+0000] {dag.py:3954} INFO - Setting next_dagrun for example_branch_datetime_operator_2 to 2024-09-23 00:00:00+00:00, run_after=2024-09-24 00:00:00+00:00
[2024-09-24T15:44:10.426+0000] {logging_mixin.py:188} INFO - [2024-09-24T15:44:10.426+0000] {dag.py:3954} INFO - Setting next_dagrun for example_branch_datetime_operator_3 to 2024-09-23 00:00:00+00:00, run_after=2024-09-24 00:00:00+00:00
[2024-09-24T15:44:10.446+0000] {processor.py:183} INFO - Processing /home/airflow/.local/lib/python3.12/site-packages/airflow/example_dags/example_branch_datetime_operator.py took 0.105 seconds
[2024-09-24T15:44:40.619+0000] {processor.py:161} INFO - Started process (PID=513) to work on /home/airflow/.local/lib/python3.12/site-packages/airflow/example_dags/example_branch_datetime_operator.py
[2024-09-24T15:44:40.621+0000] {processor.py:830} INFO - Processing file /home/airflow/.local/lib/python3.12/site-packages/airflow/example_dags/example_branch_datetime_operator.py for tasks to queue
[2024-09-24T15:44:40.624+0000] {logging_mixin.py:188} INFO - [2024-09-24T15:44:40.623+0000] {dagbag.py:545} INFO - Filling up the DagBag from /home/airflow/.local/lib/python3.12/site-packages/airflow/example_dags/example_branch_datetime_operator.py
[2024-09-24T15:44:40.636+0000] {processor.py:840} INFO - DAG(s) 'example_branch_datetime_operator', 'example_branch_datetime_operator_2', 'example_branch_datetime_operator_3' retrieved from /home/airflow/.local/lib/python3.12/site-packages/airflow/example_dags/example_branch_datetime_operator.py
[2024-09-24T15:44:40.670+0000] {logging_mixin.py:188} INFO - [2024-09-24T15:44:40.670+0000] {dag.py:3096} INFO - Sync 3 DAGs
[2024-09-24T15:44:40.700+0000] {logging_mixin.py:188} INFO - [2024-09-24T15:44:40.699+0000] {dag.py:3954} INFO - Setting next_dagrun for example_branch_datetime_operator to 2024-09-23 00:00:00+00:00, run_after=2024-09-24 00:00:00+00:00
[2024-09-24T15:44:40.708+0000] {logging_mixin.py:188} INFO - [2024-09-24T15:44:40.707+0000] {dag.py:3954} INFO - Setting next_dagrun for example_branch_datetime_operator_2 to 2024-09-23 00:00:00+00:00, run_after=2024-09-24 00:00:00+00:00
[2024-09-24T15:44:40.712+0000] {logging_mixin.py:188} INFO - [2024-09-24T15:44:40.711+0000] {dag.py:3954} INFO - Setting next_dagrun for example_branch_datetime_operator_3 to 2024-09-23 00:00:00+00:00, run_after=2024-09-24 00:00:00+00:00
[2024-09-24T15:44:40.731+0000] {processor.py:183} INFO - Processing /home/airflow/.local/lib/python3.12/site-packages/airflow/example_dags/example_branch_datetime_operator.py took 0.118 seconds
[2024-09-24T15:45:10.935+0000] {processor.py:161} INFO - Started process (PID=571) to work on /home/airflow/.local/lib/python3.12/site-packages/airflow/example_dags/example_branch_datetime_operator.py
[2024-09-24T15:45:10.936+0000] {processor.py:830} INFO - Processing file /home/airflow/.local/lib/python3.12/site-packages/airflow/example_dags/example_branch_datetime_operator.py for tasks to queue
[2024-09-24T15:45:10.939+0000] {logging_mixin.py:188} INFO - [2024-09-24T15:45:10.938+0000] {dagbag.py:545} INFO - Filling up the DagBag from /home/airflow/.local/lib/python3.12/site-packages/airflow/example_dags/example_branch_datetime_operator.py
[2024-09-24T15:45:10.950+0000] {processor.py:840} INFO - DAG(s) 'example_branch_datetime_operator_2', 'example_branch_datetime_operator', 'example_branch_datetime_operator_3' retrieved from /home/airflow/.local/lib/python3.12/site-packages/airflow/example_dags/example_branch_datetime_operator.py
[2024-09-24T15:45:10.984+0000] {logging_mixin.py:188} INFO - [2024-09-24T15:45:10.984+0000] {dag.py:3096} INFO - Sync 3 DAGs
[2024-09-24T15:45:11.013+0000] {logging_mixin.py:188} INFO - [2024-09-24T15:45:11.012+0000] {dag.py:3954} INFO - Setting next_dagrun for example_branch_datetime_operator to 2024-09-23 00:00:00+00:00, run_after=2024-09-24 00:00:00+00:00
[2024-09-24T15:45:11.019+0000] {logging_mixin.py:188} INFO - [2024-09-24T15:45:11.018+0000] {dag.py:3954} INFO - Setting next_dagrun for example_branch_datetime_operator_2 to 2024-09-23 00:00:00+00:00, run_after=2024-09-24 00:00:00+00:00
[2024-09-24T15:45:11.022+0000] {logging_mixin.py:188} INFO - [2024-09-24T15:45:11.022+0000] {dag.py:3954} INFO - Setting next_dagrun for example_branch_datetime_operator_3 to 2024-09-23 00:00:00+00:00, run_after=2024-09-24 00:00:00+00:00
[2024-09-24T15:45:11.040+0000] {processor.py:183} INFO - Processing /home/airflow/.local/lib/python3.12/site-packages/airflow/example_dags/example_branch_datetime_operator.py took 0.112 seconds
[2024-09-24T15:45:41.217+0000] {processor.py:161} INFO - Started process (PID=629) to work on /home/airflow/.local/lib/python3.12/site-packages/airflow/example_dags/example_branch_datetime_operator.py
[2024-09-24T15:45:41.219+0000] {processor.py:830} INFO - Processing file /home/airflow/.local/lib/python3.12/site-packages/airflow/example_dags/example_branch_datetime_operator.py for tasks to queue
[2024-09-24T15:45:41.221+0000] {logging_mixin.py:188} INFO - [2024-09-24T15:45:41.221+0000] {dagbag.py:545} INFO - Filling up the DagBag from /home/airflow/.local/lib/python3.12/site-packages/airflow/example_dags/example_branch_datetime_operator.py
[2024-09-24T15:45:41.233+0000] {processor.py:840} INFO - DAG(s) 'example_branch_datetime_operator_3', 'example_branch_datetime_operator', 'example_branch_datetime_operator_2' retrieved from /home/airflow/.local/lib/python3.12/site-packages/airflow/example_dags/example_branch_datetime_operator.py
[2024-09-24T15:45:41.269+0000] {logging_mixin.py:188} INFO - [2024-09-24T15:45:41.268+0000] {dag.py:3096} INFO - Sync 3 DAGs
[2024-09-24T15:45:41.301+0000] {logging_mixin.py:188} INFO - [2024-09-24T15:45:41.300+0000] {dag.py:3954} INFO - Setting next_dagrun for example_branch_datetime_operator to 2024-09-23 00:00:00+00:00, run_after=2024-09-24 00:00:00+00:00
[2024-09-24T15:45:41.308+0000] {logging_mixin.py:188} INFO - [2024-09-24T15:45:41.307+0000] {dag.py:3954} INFO - Setting next_dagrun for example_branch_datetime_operator_2 to 2024-09-23 00:00:00+00:00, run_after=2024-09-24 00:00:00+00:00
[2024-09-24T15:45:41.312+0000] {logging_mixin.py:188} INFO - [2024-09-24T15:45:41.312+0000] {dag.py:3954} INFO - Setting next_dagrun for example_branch_datetime_operator_3 to 2024-09-23 00:00:00+00:00, run_after=2024-09-24 00:00:00+00:00
[2024-09-24T15:45:41.334+0000] {processor.py:183} INFO - Processing /home/airflow/.local/lib/python3.12/site-packages/airflow/example_dags/example_branch_datetime_operator.py took 0.124 seconds
[2024-09-24T15:46:11.934+0000] {processor.py:161} INFO - Started process (PID=687) to work on /home/airflow/.local/lib/python3.12/site-packages/airflow/example_dags/example_branch_datetime_operator.py
[2024-09-24T15:46:11.935+0000] {processor.py:830} INFO - Processing file /home/airflow/.local/lib/python3.12/site-packages/airflow/example_dags/example_branch_datetime_operator.py for tasks to queue
[2024-09-24T15:46:11.938+0000] {logging_mixin.py:188} INFO - [2024-09-24T15:46:11.937+0000] {dagbag.py:545} INFO - Filling up the DagBag from /home/airflow/.local/lib/python3.12/site-packages/airflow/example_dags/example_branch_datetime_operator.py
[2024-09-24T15:46:11.951+0000] {processor.py:840} INFO - DAG(s) 'example_branch_datetime_operator_3', 'example_branch_datetime_operator', 'example_branch_datetime_operator_2' retrieved from /home/airflow/.local/lib/python3.12/site-packages/airflow/example_dags/example_branch_datetime_operator.py
[2024-09-24T15:46:11.983+0000] {logging_mixin.py:188} INFO - [2024-09-24T15:46:11.983+0000] {dag.py:3096} INFO - Sync 3 DAGs
[2024-09-24T15:46:12.026+0000] {logging_mixin.py:188} INFO - [2024-09-24T15:46:12.026+0000] {dag.py:3954} INFO - Setting next_dagrun for example_branch_datetime_operator to 2024-09-23 00:00:00+00:00, run_after=2024-09-24 00:00:00+00:00
[2024-09-24T15:46:12.032+0000] {logging_mixin.py:188} INFO - [2024-09-24T15:46:12.032+0000] {dag.py:3954} INFO - Setting next_dagrun for example_branch_datetime_operator_2 to 2024-09-23 00:00:00+00:00, run_after=2024-09-24 00:00:00+00:00
[2024-09-24T15:46:12.035+0000] {logging_mixin.py:188} INFO - [2024-09-24T15:46:12.035+0000] {dag.py:3954} INFO - Setting next_dagrun for example_branch_datetime_operator_3 to 2024-09-23 00:00:00+00:00, run_after=2024-09-24 00:00:00+00:00
[2024-09-24T15:46:12.050+0000] {processor.py:183} INFO - Processing /home/airflow/.local/lib/python3.12/site-packages/airflow/example_dags/example_branch_datetime_operator.py took 0.125 seconds
[2024-09-24T15:46:42.107+0000] {processor.py:161} INFO - Started process (PID=745) to work on /home/airflow/.local/lib/python3.12/site-packages/airflow/example_dags/example_branch_datetime_operator.py
[2024-09-24T15:46:42.108+0000] {processor.py:830} INFO - Processing file /home/airflow/.local/lib/python3.12/site-packages/airflow/example_dags/example_branch_datetime_operator.py for tasks to queue
[2024-09-24T15:46:42.110+0000] {logging_mixin.py:188} INFO - [2024-09-24T15:46:42.110+0000] {dagbag.py:545} INFO - Filling up the DagBag from /home/airflow/.local/lib/python3.12/site-packages/airflow/example_dags/example_branch_datetime_operator.py
[2024-09-24T15:46:42.122+0000] {processor.py:840} INFO - DAG(s) 'example_branch_datetime_operator_2', 'example_branch_datetime_operator_3', 'example_branch_datetime_operator' retrieved from /home/airflow/.local/lib/python3.12/site-packages/airflow/example_dags/example_branch_datetime_operator.py
[2024-09-24T15:46:42.152+0000] {logging_mixin.py:188} INFO - [2024-09-24T15:46:42.152+0000] {dag.py:3096} INFO - Sync 3 DAGs
[2024-09-24T15:46:42.198+0000] {logging_mixin.py:188} INFO - [2024-09-24T15:46:42.197+0000] {dag.py:3954} INFO - Setting next_dagrun for example_branch_datetime_operator to 2024-09-23 00:00:00+00:00, run_after=2024-09-24 00:00:00+00:00
[2024-09-24T15:46:42.209+0000] {logging_mixin.py:188} INFO - [2024-09-24T15:46:42.209+0000] {dag.py:3954} INFO - Setting next_dagrun for example_branch_datetime_operator_2 to 2024-09-23 00:00:00+00:00, run_after=2024-09-24 00:00:00+00:00
[2024-09-24T15:46:42.215+0000] {logging_mixin.py:188} INFO - [2024-09-24T15:46:42.214+0000] {dag.py:3954} INFO - Setting next_dagrun for example_branch_datetime_operator_3 to 2024-09-23 00:00:00+00:00, run_after=2024-09-24 00:00:00+00:00
[2024-09-24T15:46:42.241+0000] {processor.py:183} INFO - Processing /home/airflow/.local/lib/python3.12/site-packages/airflow/example_dags/example_branch_datetime_operator.py took 0.141 seconds
[2024-09-24T15:47:12.290+0000] {processor.py:161} INFO - Started process (PID=803) to work on /home/airflow/.local/lib/python3.12/site-packages/airflow/example_dags/example_branch_datetime_operator.py
[2024-09-24T15:47:12.292+0000] {processor.py:830} INFO - Processing file /home/airflow/.local/lib/python3.12/site-packages/airflow/example_dags/example_branch_datetime_operator.py for tasks to queue
[2024-09-24T15:47:12.294+0000] {logging_mixin.py:188} INFO - [2024-09-24T15:47:12.293+0000] {dagbag.py:545} INFO - Filling up the DagBag from /home/airflow/.local/lib/python3.12/site-packages/airflow/example_dags/example_branch_datetime_operator.py
[2024-09-24T15:47:12.305+0000] {processor.py:840} INFO - DAG(s) 'example_branch_datetime_operator_3', 'example_branch_datetime_operator', 'example_branch_datetime_operator_2' retrieved from /home/airflow/.local/lib/python3.12/site-packages/airflow/example_dags/example_branch_datetime_operator.py
[2024-09-24T15:47:12.338+0000] {logging_mixin.py:188} INFO - [2024-09-24T15:47:12.338+0000] {dag.py:3096} INFO - Sync 3 DAGs
[2024-09-24T15:47:12.373+0000] {logging_mixin.py:188} INFO - [2024-09-24T15:47:12.373+0000] {dag.py:3954} INFO - Setting next_dagrun for example_branch_datetime_operator to 2024-09-23 00:00:00+00:00, run_after=2024-09-24 00:00:00+00:00
[2024-09-24T15:47:12.380+0000] {logging_mixin.py:188} INFO - [2024-09-24T15:47:12.380+0000] {dag.py:3954} INFO - Setting next_dagrun for example_branch_datetime_operator_2 to 2024-09-23 00:00:00+00:00, run_after=2024-09-24 00:00:00+00:00
[2024-09-24T15:47:12.384+0000] {logging_mixin.py:188} INFO - [2024-09-24T15:47:12.383+0000] {dag.py:3954} INFO - Setting next_dagrun for example_branch_datetime_operator_3 to 2024-09-23 00:00:00+00:00, run_after=2024-09-24 00:00:00+00:00
[2024-09-24T15:47:12.405+0000] {processor.py:183} INFO - Processing /home/airflow/.local/lib/python3.12/site-packages/airflow/example_dags/example_branch_datetime_operator.py took 0.121 seconds
[2024-09-24T15:47:42.564+0000] {processor.py:161} INFO - Started process (PID=861) to work on /home/airflow/.local/lib/python3.12/site-packages/airflow/example_dags/example_branch_datetime_operator.py
[2024-09-24T15:47:42.565+0000] {processor.py:830} INFO - Processing file /home/airflow/.local/lib/python3.12/site-packages/airflow/example_dags/example_branch_datetime_operator.py for tasks to queue
[2024-09-24T15:47:42.567+0000] {logging_mixin.py:188} INFO - [2024-09-24T15:47:42.567+0000] {dagbag.py:545} INFO - Filling up the DagBag from /home/airflow/.local/lib/python3.12/site-packages/airflow/example_dags/example_branch_datetime_operator.py
[2024-09-24T15:47:42.578+0000] {processor.py:840} INFO - DAG(s) 'example_branch_datetime_operator', 'example_branch_datetime_operator_2', 'example_branch_datetime_operator_3' retrieved from /home/airflow/.local/lib/python3.12/site-packages/airflow/example_dags/example_branch_datetime_operator.py
[2024-09-24T15:47:42.614+0000] {logging_mixin.py:188} INFO - [2024-09-24T15:47:42.613+0000] {dag.py:3096} INFO - Sync 3 DAGs
[2024-09-24T15:47:42.643+0000] {logging_mixin.py:188} INFO - [2024-09-24T15:47:42.643+0000] {dag.py:3954} INFO - Setting next_dagrun for example_branch_datetime_operator to 2024-09-23 00:00:00+00:00, run_after=2024-09-24 00:00:00+00:00
[2024-09-24T15:47:42.650+0000] {logging_mixin.py:188} INFO - [2024-09-24T15:47:42.650+0000] {dag.py:3954} INFO - Setting next_dagrun for example_branch_datetime_operator_2 to 2024-09-23 00:00:00+00:00, run_after=2024-09-24 00:00:00+00:00
[2024-09-24T15:47:42.653+0000] {logging_mixin.py:188} INFO - [2024-09-24T15:47:42.653+0000] {dag.py:3954} INFO - Setting next_dagrun for example_branch_datetime_operator_3 to 2024-09-23 00:00:00+00:00, run_after=2024-09-24 00:00:00+00:00
[2024-09-24T15:47:42.672+0000] {processor.py:183} INFO - Processing /home/airflow/.local/lib/python3.12/site-packages/airflow/example_dags/example_branch_datetime_operator.py took 0.114 seconds
[2024-09-24T15:48:13.083+0000] {processor.py:161} INFO - Started process (PID=919) to work on /home/airflow/.local/lib/python3.12/site-packages/airflow/example_dags/example_branch_datetime_operator.py
[2024-09-24T15:48:13.084+0000] {processor.py:830} INFO - Processing file /home/airflow/.local/lib/python3.12/site-packages/airflow/example_dags/example_branch_datetime_operator.py for tasks to queue
[2024-09-24T15:48:13.086+0000] {logging_mixin.py:188} INFO - [2024-09-24T15:48:13.086+0000] {dagbag.py:545} INFO - Filling up the DagBag from /home/airflow/.local/lib/python3.12/site-packages/airflow/example_dags/example_branch_datetime_operator.py
[2024-09-24T15:48:13.098+0000] {processor.py:840} INFO - DAG(s) 'example_branch_datetime_operator_2', 'example_branch_datetime_operator_3', 'example_branch_datetime_operator' retrieved from /home/airflow/.local/lib/python3.12/site-packages/airflow/example_dags/example_branch_datetime_operator.py
[2024-09-24T15:48:13.130+0000] {logging_mixin.py:188} INFO - [2024-09-24T15:48:13.129+0000] {dag.py:3096} INFO - Sync 3 DAGs
[2024-09-24T15:48:13.158+0000] {logging_mixin.py:188} INFO - [2024-09-24T15:48:13.158+0000] {dag.py:3954} INFO - Setting next_dagrun for example_branch_datetime_operator to 2024-09-23 00:00:00+00:00, run_after=2024-09-24 00:00:00+00:00
[2024-09-24T15:48:13.165+0000] {logging_mixin.py:188} INFO - [2024-09-24T15:48:13.165+0000] {dag.py:3954} INFO - Setting next_dagrun for example_branch_datetime_operator_2 to 2024-09-23 00:00:00+00:00, run_after=2024-09-24 00:00:00+00:00
[2024-09-24T15:48:13.169+0000] {logging_mixin.py:188} INFO - [2024-09-24T15:48:13.168+0000] {dag.py:3954} INFO - Setting next_dagrun for example_branch_datetime_operator_3 to 2024-09-23 00:00:00+00:00, run_after=2024-09-24 00:00:00+00:00
[2024-09-24T15:48:13.191+0000] {processor.py:183} INFO - Processing /home/airflow/.local/lib/python3.12/site-packages/airflow/example_dags/example_branch_datetime_operator.py took 0.114 seconds
[2024-09-24T15:48:43.790+0000] {processor.py:161} INFO - Started process (PID=977) to work on /home/airflow/.local/lib/python3.12/site-packages/airflow/example_dags/example_branch_datetime_operator.py
[2024-09-24T15:48:43.792+0000] {processor.py:830} INFO - Processing file /home/airflow/.local/lib/python3.12/site-packages/airflow/example_dags/example_branch_datetime_operator.py for tasks to queue
[2024-09-24T15:48:43.794+0000] {logging_mixin.py:188} INFO - [2024-09-24T15:48:43.794+0000] {dagbag.py:545} INFO - Filling up the DagBag from /home/airflow/.local/lib/python3.12/site-packages/airflow/example_dags/example_branch_datetime_operator.py
[2024-09-24T15:48:43.805+0000] {processor.py:840} INFO - DAG(s) 'example_branch_datetime_operator_2', 'example_branch_datetime_operator', 'example_branch_datetime_operator_3' retrieved from /home/airflow/.local/lib/python3.12/site-packages/airflow/example_dags/example_branch_datetime_operator.py
[2024-09-24T15:48:43.840+0000] {logging_mixin.py:188} INFO - [2024-09-24T15:48:43.840+0000] {dag.py:3096} INFO - Sync 3 DAGs
[2024-09-24T15:48:43.870+0000] {logging_mixin.py:188} INFO - [2024-09-24T15:48:43.870+0000] {dag.py:3954} INFO - Setting next_dagrun for example_branch_datetime_operator to 2024-09-23 00:00:00+00:00, run_after=2024-09-24 00:00:00+00:00
[2024-09-24T15:48:43.877+0000] {logging_mixin.py:188} INFO - [2024-09-24T15:48:43.877+0000] {dag.py:3954} INFO - Setting next_dagrun for example_branch_datetime_operator_2 to 2024-09-23 00:00:00+00:00, run_after=2024-09-24 00:00:00+00:00
[2024-09-24T15:48:43.880+0000] {logging_mixin.py:188} INFO - [2024-09-24T15:48:43.880+0000] {dag.py:3954} INFO - Setting next_dagrun for example_branch_datetime_operator_3 to 2024-09-23 00:00:00+00:00, run_after=2024-09-24 00:00:00+00:00
[2024-09-24T15:48:43.902+0000] {processor.py:183} INFO - Processing /home/airflow/.local/lib/python3.12/site-packages/airflow/example_dags/example_branch_datetime_operator.py took 0.120 seconds
[2024-09-24T15:49:14.235+0000] {processor.py:161} INFO - Started process (PID=1036) to work on /home/airflow/.local/lib/python3.12/site-packages/airflow/example_dags/example_branch_datetime_operator.py
[2024-09-24T15:49:14.236+0000] {processor.py:830} INFO - Processing file /home/airflow/.local/lib/python3.12/site-packages/airflow/example_dags/example_branch_datetime_operator.py for tasks to queue
[2024-09-24T15:49:14.239+0000] {logging_mixin.py:188} INFO - [2024-09-24T15:49:14.238+0000] {dagbag.py:545} INFO - Filling up the DagBag from /home/airflow/.local/lib/python3.12/site-packages/airflow/example_dags/example_branch_datetime_operator.py
[2024-09-24T15:49:14.250+0000] {processor.py:840} INFO - DAG(s) 'example_branch_datetime_operator_3', 'example_branch_datetime_operator', 'example_branch_datetime_operator_2' retrieved from /home/airflow/.local/lib/python3.12/site-packages/airflow/example_dags/example_branch_datetime_operator.py
[2024-09-24T15:49:14.279+0000] {logging_mixin.py:188} INFO - [2024-09-24T15:49:14.279+0000] {dag.py:3096} INFO - Sync 3 DAGs
[2024-09-24T15:49:14.306+0000] {logging_mixin.py:188} INFO - [2024-09-24T15:49:14.305+0000] {dag.py:3954} INFO - Setting next_dagrun for example_branch_datetime_operator to 2024-09-23 00:00:00+00:00, run_after=2024-09-24 00:00:00+00:00
[2024-09-24T15:49:14.312+0000] {logging_mixin.py:188} INFO - [2024-09-24T15:49:14.311+0000] {dag.py:3954} INFO - Setting next_dagrun for example_branch_datetime_operator_2 to 2024-09-23 00:00:00+00:00, run_after=2024-09-24 00:00:00+00:00
[2024-09-24T15:49:14.315+0000] {logging_mixin.py:188} INFO - [2024-09-24T15:49:14.315+0000] {dag.py:3954} INFO - Setting next_dagrun for example_branch_datetime_operator_3 to 2024-09-23 00:00:00+00:00, run_after=2024-09-24 00:00:00+00:00
[2024-09-24T15:49:14.332+0000] {processor.py:183} INFO - Processing /home/airflow/.local/lib/python3.12/site-packages/airflow/example_dags/example_branch_datetime_operator.py took 0.104 seconds
[2024-09-24T15:49:44.495+0000] {processor.py:161} INFO - Started process (PID=1094) to work on /home/airflow/.local/lib/python3.12/site-packages/airflow/example_dags/example_branch_datetime_operator.py
[2024-09-24T15:49:44.496+0000] {processor.py:830} INFO - Processing file /home/airflow/.local/lib/python3.12/site-packages/airflow/example_dags/example_branch_datetime_operator.py for tasks to queue
[2024-09-24T15:49:44.498+0000] {logging_mixin.py:188} INFO - [2024-09-24T15:49:44.498+0000] {dagbag.py:545} INFO - Filling up the DagBag from /home/airflow/.local/lib/python3.12/site-packages/airflow/example_dags/example_branch_datetime_operator.py
[2024-09-24T15:49:44.510+0000] {processor.py:840} INFO - DAG(s) 'example_branch_datetime_operator_2', 'example_branch_datetime_operator_3', 'example_branch_datetime_operator' retrieved from /home/airflow/.local/lib/python3.12/site-packages/airflow/example_dags/example_branch_datetime_operator.py
[2024-09-24T15:49:44.539+0000] {logging_mixin.py:188} INFO - [2024-09-24T15:49:44.538+0000] {dag.py:3096} INFO - Sync 3 DAGs
[2024-09-24T15:49:44.564+0000] {logging_mixin.py:188} INFO - [2024-09-24T15:49:44.564+0000] {dag.py:3954} INFO - Setting next_dagrun for example_branch_datetime_operator to 2024-09-23 00:00:00+00:00, run_after=2024-09-24 00:00:00+00:00
[2024-09-24T15:49:44.570+0000] {logging_mixin.py:188} INFO - [2024-09-24T15:49:44.570+0000] {dag.py:3954} INFO - Setting next_dagrun for example_branch_datetime_operator_2 to 2024-09-23 00:00:00+00:00, run_after=2024-09-24 00:00:00+00:00
[2024-09-24T15:49:44.573+0000] {logging_mixin.py:188} INFO - [2024-09-24T15:49:44.573+0000] {dag.py:3954} INFO - Setting next_dagrun for example_branch_datetime_operator_3 to 2024-09-23 00:00:00+00:00, run_after=2024-09-24 00:00:00+00:00
[2024-09-24T15:49:44.592+0000] {processor.py:183} INFO - Processing /home/airflow/.local/lib/python3.12/site-packages/airflow/example_dags/example_branch_datetime_operator.py took 0.103 seconds
[2024-09-24T15:50:14.702+0000] {processor.py:161} INFO - Started process (PID=1151) to work on /home/airflow/.local/lib/python3.12/site-packages/airflow/example_dags/example_branch_datetime_operator.py
[2024-09-24T15:50:14.704+0000] {processor.py:830} INFO - Processing file /home/airflow/.local/lib/python3.12/site-packages/airflow/example_dags/example_branch_datetime_operator.py for tasks to queue
[2024-09-24T15:50:14.706+0000] {logging_mixin.py:188} INFO - [2024-09-24T15:50:14.706+0000] {dagbag.py:545} INFO - Filling up the DagBag from /home/airflow/.local/lib/python3.12/site-packages/airflow/example_dags/example_branch_datetime_operator.py
[2024-09-24T15:50:14.725+0000] {processor.py:840} INFO - DAG(s) 'example_branch_datetime_operator', 'example_branch_datetime_operator_3', 'example_branch_datetime_operator_2' retrieved from /home/airflow/.local/lib/python3.12/site-packages/airflow/example_dags/example_branch_datetime_operator.py
[2024-09-24T15:50:14.772+0000] {logging_mixin.py:188} INFO - [2024-09-24T15:50:14.771+0000] {dag.py:3096} INFO - Sync 3 DAGs
[2024-09-24T15:50:14.819+0000] {logging_mixin.py:188} INFO - [2024-09-24T15:50:14.818+0000] {dag.py:3954} INFO - Setting next_dagrun for example_branch_datetime_operator to 2024-09-23 00:00:00+00:00, run_after=2024-09-24 00:00:00+00:00
[2024-09-24T15:50:14.827+0000] {logging_mixin.py:188} INFO - [2024-09-24T15:50:14.826+0000] {dag.py:3954} INFO - Setting next_dagrun for example_branch_datetime_operator_2 to 2024-09-23 00:00:00+00:00, run_after=2024-09-24 00:00:00+00:00
[2024-09-24T15:50:14.835+0000] {logging_mixin.py:188} INFO - [2024-09-24T15:50:14.834+0000] {dag.py:3954} INFO - Setting next_dagrun for example_branch_datetime_operator_3 to 2024-09-23 00:00:00+00:00, run_after=2024-09-24 00:00:00+00:00
[2024-09-24T15:50:14.872+0000] {processor.py:183} INFO - Processing /home/airflow/.local/lib/python3.12/site-packages/airflow/example_dags/example_branch_datetime_operator.py took 0.180 seconds
[2024-09-24T15:50:44.992+0000] {processor.py:161} INFO - Started process (PID=1210) to work on /home/airflow/.local/lib/python3.12/site-packages/airflow/example_dags/example_branch_datetime_operator.py
[2024-09-24T15:50:44.993+0000] {processor.py:830} INFO - Processing file /home/airflow/.local/lib/python3.12/site-packages/airflow/example_dags/example_branch_datetime_operator.py for tasks to queue
[2024-09-24T15:50:44.996+0000] {logging_mixin.py:188} INFO - [2024-09-24T15:50:44.995+0000] {dagbag.py:545} INFO - Filling up the DagBag from /home/airflow/.local/lib/python3.12/site-packages/airflow/example_dags/example_branch_datetime_operator.py
[2024-09-24T15:50:45.012+0000] {processor.py:840} INFO - DAG(s) 'example_branch_datetime_operator', 'example_branch_datetime_operator_3', 'example_branch_datetime_operator_2' retrieved from /home/airflow/.local/lib/python3.12/site-packages/airflow/example_dags/example_branch_datetime_operator.py
[2024-09-24T15:50:45.040+0000] {logging_mixin.py:188} INFO - [2024-09-24T15:50:45.040+0000] {dag.py:3096} INFO - Sync 3 DAGs
[2024-09-24T15:50:45.068+0000] {logging_mixin.py:188} INFO - [2024-09-24T15:50:45.068+0000] {dag.py:3954} INFO - Setting next_dagrun for example_branch_datetime_operator to 2024-09-23 00:00:00+00:00, run_after=2024-09-24 00:00:00+00:00
[2024-09-24T15:50:45.074+0000] {logging_mixin.py:188} INFO - [2024-09-24T15:50:45.074+0000] {dag.py:3954} INFO - Setting next_dagrun for example_branch_datetime_operator_2 to 2024-09-23 00:00:00+00:00, run_after=2024-09-24 00:00:00+00:00
[2024-09-24T15:50:45.078+0000] {logging_mixin.py:188} INFO - [2024-09-24T15:50:45.078+0000] {dag.py:3954} INFO - Setting next_dagrun for example_branch_datetime_operator_3 to 2024-09-23 00:00:00+00:00, run_after=2024-09-24 00:00:00+00:00
[2024-09-24T15:50:45.101+0000] {processor.py:183} INFO - Processing /home/airflow/.local/lib/python3.12/site-packages/airflow/example_dags/example_branch_datetime_operator.py took 0.116 seconds
[2024-09-24T15:51:15.314+0000] {processor.py:161} INFO - Started process (PID=1268) to work on /home/airflow/.local/lib/python3.12/site-packages/airflow/example_dags/example_branch_datetime_operator.py
[2024-09-24T15:51:15.315+0000] {processor.py:830} INFO - Processing file /home/airflow/.local/lib/python3.12/site-packages/airflow/example_dags/example_branch_datetime_operator.py for tasks to queue
[2024-09-24T15:51:15.317+0000] {logging_mixin.py:188} INFO - [2024-09-24T15:51:15.317+0000] {dagbag.py:545} INFO - Filling up the DagBag from /home/airflow/.local/lib/python3.12/site-packages/airflow/example_dags/example_branch_datetime_operator.py
[2024-09-24T15:51:15.333+0000] {processor.py:840} INFO - DAG(s) 'example_branch_datetime_operator_2', 'example_branch_datetime_operator_3', 'example_branch_datetime_operator' retrieved from /home/airflow/.local/lib/python3.12/site-packages/airflow/example_dags/example_branch_datetime_operator.py
[2024-09-24T15:51:15.362+0000] {logging_mixin.py:188} INFO - [2024-09-24T15:51:15.361+0000] {dag.py:3096} INFO - Sync 3 DAGs
[2024-09-24T15:51:15.391+0000] {logging_mixin.py:188} INFO - [2024-09-24T15:51:15.391+0000] {dag.py:3954} INFO - Setting next_dagrun for example_branch_datetime_operator to 2024-09-23 00:00:00+00:00, run_after=2024-09-24 00:00:00+00:00
[2024-09-24T15:51:15.399+0000] {logging_mixin.py:188} INFO - [2024-09-24T15:51:15.399+0000] {dag.py:3954} INFO - Setting next_dagrun for example_branch_datetime_operator_2 to 2024-09-23 00:00:00+00:00, run_after=2024-09-24 00:00:00+00:00
[2024-09-24T15:51:15.402+0000] {logging_mixin.py:188} INFO - [2024-09-24T15:51:15.402+0000] {dag.py:3954} INFO - Setting next_dagrun for example_branch_datetime_operator_3 to 2024-09-23 00:00:00+00:00, run_after=2024-09-24 00:00:00+00:00
[2024-09-24T15:51:15.425+0000] {processor.py:183} INFO - Processing /home/airflow/.local/lib/python3.12/site-packages/airflow/example_dags/example_branch_datetime_operator.py took 0.117 seconds
[2024-09-24T15:51:45.881+0000] {processor.py:161} INFO - Started process (PID=1326) to work on /home/airflow/.local/lib/python3.12/site-packages/airflow/example_dags/example_branch_datetime_operator.py
[2024-09-24T15:51:45.883+0000] {processor.py:830} INFO - Processing file /home/airflow/.local/lib/python3.12/site-packages/airflow/example_dags/example_branch_datetime_operator.py for tasks to queue
[2024-09-24T15:51:45.885+0000] {logging_mixin.py:188} INFO - [2024-09-24T15:51:45.885+0000] {dagbag.py:545} INFO - Filling up the DagBag from /home/airflow/.local/lib/python3.12/site-packages/airflow/example_dags/example_branch_datetime_operator.py
[2024-09-24T15:51:45.898+0000] {processor.py:840} INFO - DAG(s) 'example_branch_datetime_operator_2', 'example_branch_datetime_operator_3', 'example_branch_datetime_operator' retrieved from /home/airflow/.local/lib/python3.12/site-packages/airflow/example_dags/example_branch_datetime_operator.py
[2024-09-24T15:51:45.930+0000] {logging_mixin.py:188} INFO - [2024-09-24T15:51:45.929+0000] {dag.py:3096} INFO - Sync 3 DAGs
[2024-09-24T15:51:45.961+0000] {logging_mixin.py:188} INFO - [2024-09-24T15:51:45.960+0000] {dag.py:3954} INFO - Setting next_dagrun for example_branch_datetime_operator to 2024-09-23 00:00:00+00:00, run_after=2024-09-24 00:00:00+00:00
[2024-09-24T15:51:45.966+0000] {logging_mixin.py:188} INFO - [2024-09-24T15:51:45.966+0000] {dag.py:3954} INFO - Setting next_dagrun for example_branch_datetime_operator_2 to 2024-09-23 00:00:00+00:00, run_after=2024-09-24 00:00:00+00:00
[2024-09-24T15:51:45.970+0000] {logging_mixin.py:188} INFO - [2024-09-24T15:51:45.970+0000] {dag.py:3954} INFO - Setting next_dagrun for example_branch_datetime_operator_3 to 2024-09-23 00:00:00+00:00, run_after=2024-09-24 00:00:00+00:00
[2024-09-24T15:51:45.992+0000] {processor.py:183} INFO - Processing /home/airflow/.local/lib/python3.12/site-packages/airflow/example_dags/example_branch_datetime_operator.py took 0.118 seconds
[2024-09-24T15:52:16.178+0000] {processor.py:161} INFO - Started process (PID=1384) to work on /home/airflow/.local/lib/python3.12/site-packages/airflow/example_dags/example_branch_datetime_operator.py
[2024-09-24T15:52:16.179+0000] {processor.py:830} INFO - Processing file /home/airflow/.local/lib/python3.12/site-packages/airflow/example_dags/example_branch_datetime_operator.py for tasks to queue
[2024-09-24T15:52:16.181+0000] {logging_mixin.py:188} INFO - [2024-09-24T15:52:16.181+0000] {dagbag.py:545} INFO - Filling up the DagBag from /home/airflow/.local/lib/python3.12/site-packages/airflow/example_dags/example_branch_datetime_operator.py
[2024-09-24T15:52:16.192+0000] {processor.py:840} INFO - DAG(s) 'example_branch_datetime_operator', 'example_branch_datetime_operator_3', 'example_branch_datetime_operator_2' retrieved from /home/airflow/.local/lib/python3.12/site-packages/airflow/example_dags/example_branch_datetime_operator.py
[2024-09-24T15:52:16.222+0000] {logging_mixin.py:188} INFO - [2024-09-24T15:52:16.222+0000] {dag.py:3096} INFO - Sync 3 DAGs
[2024-09-24T15:52:16.249+0000] {logging_mixin.py:188} INFO - [2024-09-24T15:52:16.248+0000] {dag.py:3954} INFO - Setting next_dagrun for example_branch_datetime_operator to 2024-09-23 00:00:00+00:00, run_after=2024-09-24 00:00:00+00:00
[2024-09-24T15:52:16.256+0000] {logging_mixin.py:188} INFO - [2024-09-24T15:52:16.256+0000] {dag.py:3954} INFO - Setting next_dagrun for example_branch_datetime_operator_2 to 2024-09-23 00:00:00+00:00, run_after=2024-09-24 00:00:00+00:00
[2024-09-24T15:52:16.259+0000] {logging_mixin.py:188} INFO - [2024-09-24T15:52:16.259+0000] {dag.py:3954} INFO - Setting next_dagrun for example_branch_datetime_operator_3 to 2024-09-23 00:00:00+00:00, run_after=2024-09-24 00:00:00+00:00
[2024-09-24T15:52:16.280+0000] {processor.py:183} INFO - Processing /home/airflow/.local/lib/python3.12/site-packages/airflow/example_dags/example_branch_datetime_operator.py took 0.108 seconds
[2024-09-24T15:52:46.657+0000] {processor.py:161} INFO - Started process (PID=1442) to work on /home/airflow/.local/lib/python3.12/site-packages/airflow/example_dags/example_branch_datetime_operator.py
[2024-09-24T15:52:46.658+0000] {processor.py:830} INFO - Processing file /home/airflow/.local/lib/python3.12/site-packages/airflow/example_dags/example_branch_datetime_operator.py for tasks to queue
[2024-09-24T15:52:46.661+0000] {logging_mixin.py:188} INFO - [2024-09-24T15:52:46.661+0000] {dagbag.py:545} INFO - Filling up the DagBag from /home/airflow/.local/lib/python3.12/site-packages/airflow/example_dags/example_branch_datetime_operator.py
[2024-09-24T15:52:46.673+0000] {processor.py:840} INFO - DAG(s) 'example_branch_datetime_operator_2', 'example_branch_datetime_operator_3', 'example_branch_datetime_operator' retrieved from /home/airflow/.local/lib/python3.12/site-packages/airflow/example_dags/example_branch_datetime_operator.py
[2024-09-24T15:52:46.705+0000] {logging_mixin.py:188} INFO - [2024-09-24T15:52:46.705+0000] {dag.py:3096} INFO - Sync 3 DAGs
[2024-09-24T15:52:46.732+0000] {logging_mixin.py:188} INFO - [2024-09-24T15:52:46.732+0000] {dag.py:3954} INFO - Setting next_dagrun for example_branch_datetime_operator to 2024-09-23 00:00:00+00:00, run_after=2024-09-24 00:00:00+00:00
[2024-09-24T15:52:46.739+0000] {logging_mixin.py:188} INFO - [2024-09-24T15:52:46.738+0000] {dag.py:3954} INFO - Setting next_dagrun for example_branch_datetime_operator_2 to 2024-09-23 00:00:00+00:00, run_after=2024-09-24 00:00:00+00:00
[2024-09-24T15:52:46.742+0000] {logging_mixin.py:188} INFO - [2024-09-24T15:52:46.742+0000] {dag.py:3954} INFO - Setting next_dagrun for example_branch_datetime_operator_3 to 2024-09-23 00:00:00+00:00, run_after=2024-09-24 00:00:00+00:00
[2024-09-24T15:52:46.762+0000] {processor.py:183} INFO - Processing /home/airflow/.local/lib/python3.12/site-packages/airflow/example_dags/example_branch_datetime_operator.py took 0.111 seconds
[2024-09-24T15:53:16.972+0000] {processor.py:161} INFO - Started process (PID=1498) to work on /home/airflow/.local/lib/python3.12/site-packages/airflow/example_dags/example_branch_datetime_operator.py
[2024-09-24T15:53:16.973+0000] {processor.py:830} INFO - Processing file /home/airflow/.local/lib/python3.12/site-packages/airflow/example_dags/example_branch_datetime_operator.py for tasks to queue
[2024-09-24T15:53:16.976+0000] {logging_mixin.py:188} INFO - [2024-09-24T15:53:16.976+0000] {dagbag.py:545} INFO - Filling up the DagBag from /home/airflow/.local/lib/python3.12/site-packages/airflow/example_dags/example_branch_datetime_operator.py
[2024-09-24T15:53:16.994+0000] {processor.py:840} INFO - DAG(s) 'example_branch_datetime_operator', 'example_branch_datetime_operator_2', 'example_branch_datetime_operator_3' retrieved from /home/airflow/.local/lib/python3.12/site-packages/airflow/example_dags/example_branch_datetime_operator.py
[2024-09-24T15:53:17.047+0000] {logging_mixin.py:188} INFO - [2024-09-24T15:53:17.046+0000] {dag.py:3096} INFO - Sync 3 DAGs
[2024-09-24T15:53:17.090+0000] {logging_mixin.py:188} INFO - [2024-09-24T15:53:17.089+0000] {dag.py:3954} INFO - Setting next_dagrun for example_branch_datetime_operator to 2024-09-23 00:00:00+00:00, run_after=2024-09-24 00:00:00+00:00
[2024-09-24T15:53:17.098+0000] {logging_mixin.py:188} INFO - [2024-09-24T15:53:17.098+0000] {dag.py:3954} INFO - Setting next_dagrun for example_branch_datetime_operator_2 to 2024-09-23 00:00:00+00:00, run_after=2024-09-24 00:00:00+00:00
[2024-09-24T15:53:17.103+0000] {logging_mixin.py:188} INFO - [2024-09-24T15:53:17.103+0000] {dag.py:3954} INFO - Setting next_dagrun for example_branch_datetime_operator_3 to 2024-09-23 00:00:00+00:00, run_after=2024-09-24 00:00:00+00:00
[2024-09-24T15:53:17.125+0000] {processor.py:183} INFO - Processing /home/airflow/.local/lib/python3.12/site-packages/airflow/example_dags/example_branch_datetime_operator.py took 0.160 seconds
