[2024-09-24T15:40:30.060+0000] {processor.py:161} INFO - Started process (PID=43) to work on /home/airflow/.local/lib/python3.12/site-packages/airflow/example_dags/example_short_circuit_operator.py
[2024-09-24T15:40:30.063+0000] {processor.py:830} INFO - Processing file /home/airflow/.local/lib/python3.12/site-packages/airflow/example_dags/example_short_circuit_operator.py for tasks to queue
[2024-09-24T15:40:30.070+0000] {logging_mixin.py:188} INFO - [2024-09-24T15:40:30.067+0000] {dagbag.py:545} INFO - Filling up the DagBag from /home/airflow/.local/lib/python3.12/site-packages/airflow/example_dags/example_short_circuit_operator.py
[2024-09-24T15:40:30.095+0000] {processor.py:840} INFO - DAG(s) 'example_short_circuit_operator' retrieved from /home/airflow/.local/lib/python3.12/site-packages/airflow/example_dags/example_short_circuit_operator.py
[2024-09-24T15:40:30.477+0000] {logging_mixin.py:188} INFO - [2024-09-24T15:40:30.477+0000] {dag.py:3096} INFO - Sync 1 DAGs
[2024-09-24T15:40:30.567+0000] {logging_mixin.py:188} INFO - [2024-09-24T15:40:30.566+0000] {dag.py:3954} INFO - Setting next_dagrun for example_short_circuit_operator to 2024-09-23 00:00:00+00:00, run_after=2024-09-24 00:00:00+00:00
[2024-09-24T15:40:30.634+0000] {processor.py:183} INFO - Processing /home/airflow/.local/lib/python3.12/site-packages/airflow/example_dags/example_short_circuit_operator.py took 0.591 seconds
[2024-09-24T15:41:01.148+0000] {processor.py:161} INFO - Started process (PID=100) to work on /home/airflow/.local/lib/python3.12/site-packages/airflow/example_dags/example_short_circuit_operator.py
[2024-09-24T15:41:01.152+0000] {processor.py:830} INFO - Processing file /home/airflow/.local/lib/python3.12/site-packages/airflow/example_dags/example_short_circuit_operator.py for tasks to queue
[2024-09-24T15:41:01.155+0000] {logging_mixin.py:188} INFO - [2024-09-24T15:41:01.155+0000] {dagbag.py:545} INFO - Filling up the DagBag from /home/airflow/.local/lib/python3.12/site-packages/airflow/example_dags/example_short_circuit_operator.py
[2024-09-24T15:41:01.167+0000] {processor.py:840} INFO - DAG(s) 'example_short_circuit_operator' retrieved from /home/airflow/.local/lib/python3.12/site-packages/airflow/example_dags/example_short_circuit_operator.py
[2024-09-24T15:41:01.193+0000] {logging_mixin.py:188} INFO - [2024-09-24T15:41:01.192+0000] {dag.py:3096} INFO - Sync 1 DAGs
[2024-09-24T15:41:01.217+0000] {logging_mixin.py:188} INFO - [2024-09-24T15:41:01.217+0000] {dag.py:3954} INFO - Setting next_dagrun for example_short_circuit_operator to 2024-09-23 00:00:00+00:00, run_after=2024-09-24 00:00:00+00:00
[2024-09-24T15:41:01.237+0000] {processor.py:183} INFO - Processing /home/airflow/.local/lib/python3.12/site-packages/airflow/example_dags/example_short_circuit_operator.py took 0.097 seconds
[2024-09-24T15:41:31.665+0000] {processor.py:161} INFO - Started process (PID=158) to work on /home/airflow/.local/lib/python3.12/site-packages/airflow/example_dags/example_short_circuit_operator.py
[2024-09-24T15:41:31.666+0000] {processor.py:830} INFO - Processing file /home/airflow/.local/lib/python3.12/site-packages/airflow/example_dags/example_short_circuit_operator.py for tasks to queue
[2024-09-24T15:41:31.669+0000] {logging_mixin.py:188} INFO - [2024-09-24T15:41:31.668+0000] {dagbag.py:545} INFO - Filling up the DagBag from /home/airflow/.local/lib/python3.12/site-packages/airflow/example_dags/example_short_circuit_operator.py
[2024-09-24T15:41:31.677+0000] {processor.py:840} INFO - DAG(s) 'example_short_circuit_operator' retrieved from /home/airflow/.local/lib/python3.12/site-packages/airflow/example_dags/example_short_circuit_operator.py
[2024-09-24T15:41:31.704+0000] {logging_mixin.py:188} INFO - [2024-09-24T15:41:31.704+0000] {dag.py:3096} INFO - Sync 1 DAGs
[2024-09-24T15:41:31.729+0000] {logging_mixin.py:188} INFO - [2024-09-24T15:41:31.729+0000] {dag.py:3954} INFO - Setting next_dagrun for example_short_circuit_operator to 2024-09-23 00:00:00+00:00, run_after=2024-09-24 00:00:00+00:00
[2024-09-24T15:41:31.751+0000] {processor.py:183} INFO - Processing /home/airflow/.local/lib/python3.12/site-packages/airflow/example_dags/example_short_circuit_operator.py took 0.093 seconds
[2024-09-24T15:42:02.051+0000] {processor.py:161} INFO - Started process (PID=216) to work on /home/airflow/.local/lib/python3.12/site-packages/airflow/example_dags/example_short_circuit_operator.py
[2024-09-24T15:42:02.052+0000] {processor.py:830} INFO - Processing file /home/airflow/.local/lib/python3.12/site-packages/airflow/example_dags/example_short_circuit_operator.py for tasks to queue
[2024-09-24T15:42:02.054+0000] {logging_mixin.py:188} INFO - [2024-09-24T15:42:02.054+0000] {dagbag.py:545} INFO - Filling up the DagBag from /home/airflow/.local/lib/python3.12/site-packages/airflow/example_dags/example_short_circuit_operator.py
[2024-09-24T15:42:02.062+0000] {processor.py:840} INFO - DAG(s) 'example_short_circuit_operator' retrieved from /home/airflow/.local/lib/python3.12/site-packages/airflow/example_dags/example_short_circuit_operator.py
[2024-09-24T15:42:02.089+0000] {logging_mixin.py:188} INFO - [2024-09-24T15:42:02.089+0000] {dag.py:3096} INFO - Sync 1 DAGs
[2024-09-24T15:42:02.118+0000] {logging_mixin.py:188} INFO - [2024-09-24T15:42:02.118+0000] {dag.py:3954} INFO - Setting next_dagrun for example_short_circuit_operator to 2024-09-23 00:00:00+00:00, run_after=2024-09-24 00:00:00+00:00
[2024-09-24T15:42:02.141+0000] {processor.py:183} INFO - Processing /home/airflow/.local/lib/python3.12/site-packages/airflow/example_dags/example_short_circuit_operator.py took 0.097 seconds
[2024-09-24T15:42:33.180+0000] {processor.py:161} INFO - Started process (PID=274) to work on /home/airflow/.local/lib/python3.12/site-packages/airflow/example_dags/example_short_circuit_operator.py
[2024-09-24T15:42:33.181+0000] {processor.py:830} INFO - Processing file /home/airflow/.local/lib/python3.12/site-packages/airflow/example_dags/example_short_circuit_operator.py for tasks to queue
[2024-09-24T15:42:33.183+0000] {logging_mixin.py:188} INFO - [2024-09-24T15:42:33.183+0000] {dagbag.py:545} INFO - Filling up the DagBag from /home/airflow/.local/lib/python3.12/site-packages/airflow/example_dags/example_short_circuit_operator.py
[2024-09-24T15:42:33.192+0000] {processor.py:840} INFO - DAG(s) 'example_short_circuit_operator' retrieved from /home/airflow/.local/lib/python3.12/site-packages/airflow/example_dags/example_short_circuit_operator.py
[2024-09-24T15:42:33.218+0000] {logging_mixin.py:188} INFO - [2024-09-24T15:42:33.217+0000] {dag.py:3096} INFO - Sync 1 DAGs
[2024-09-24T15:42:33.243+0000] {logging_mixin.py:188} INFO - [2024-09-24T15:42:33.242+0000] {dag.py:3954} INFO - Setting next_dagrun for example_short_circuit_operator to 2024-09-23 00:00:00+00:00, run_after=2024-09-24 00:00:00+00:00
[2024-09-24T15:42:33.265+0000] {processor.py:183} INFO - Processing /home/airflow/.local/lib/python3.12/site-packages/airflow/example_dags/example_short_circuit_operator.py took 0.092 seconds
[2024-09-24T15:43:03.422+0000] {processor.py:161} INFO - Started process (PID=332) to work on /home/airflow/.local/lib/python3.12/site-packages/airflow/example_dags/example_short_circuit_operator.py
[2024-09-24T15:43:03.424+0000] {processor.py:830} INFO - Processing file /home/airflow/.local/lib/python3.12/site-packages/airflow/example_dags/example_short_circuit_operator.py for tasks to queue
[2024-09-24T15:43:03.427+0000] {logging_mixin.py:188} INFO - [2024-09-24T15:43:03.426+0000] {dagbag.py:545} INFO - Filling up the DagBag from /home/airflow/.local/lib/python3.12/site-packages/airflow/example_dags/example_short_circuit_operator.py
[2024-09-24T15:43:03.436+0000] {processor.py:840} INFO - DAG(s) 'example_short_circuit_operator' retrieved from /home/airflow/.local/lib/python3.12/site-packages/airflow/example_dags/example_short_circuit_operator.py
[2024-09-24T15:43:03.462+0000] {logging_mixin.py:188} INFO - [2024-09-24T15:43:03.462+0000] {dag.py:3096} INFO - Sync 1 DAGs
[2024-09-24T15:43:03.489+0000] {logging_mixin.py:188} INFO - [2024-09-24T15:43:03.489+0000] {dag.py:3954} INFO - Setting next_dagrun for example_short_circuit_operator to 2024-09-23 00:00:00+00:00, run_after=2024-09-24 00:00:00+00:00
[2024-09-24T15:43:03.510+0000] {processor.py:183} INFO - Processing /home/airflow/.local/lib/python3.12/site-packages/airflow/example_dags/example_short_circuit_operator.py took 0.094 seconds
[2024-09-24T15:43:34.128+0000] {processor.py:161} INFO - Started process (PID=390) to work on /home/airflow/.local/lib/python3.12/site-packages/airflow/example_dags/example_short_circuit_operator.py
[2024-09-24T15:43:34.129+0000] {processor.py:830} INFO - Processing file /home/airflow/.local/lib/python3.12/site-packages/airflow/example_dags/example_short_circuit_operator.py for tasks to queue
[2024-09-24T15:43:34.132+0000] {logging_mixin.py:188} INFO - [2024-09-24T15:43:34.132+0000] {dagbag.py:545} INFO - Filling up the DagBag from /home/airflow/.local/lib/python3.12/site-packages/airflow/example_dags/example_short_circuit_operator.py
[2024-09-24T15:43:34.142+0000] {processor.py:840} INFO - DAG(s) 'example_short_circuit_operator' retrieved from /home/airflow/.local/lib/python3.12/site-packages/airflow/example_dags/example_short_circuit_operator.py
[2024-09-24T15:43:34.183+0000] {logging_mixin.py:188} INFO - [2024-09-24T15:43:34.182+0000] {dag.py:3096} INFO - Sync 1 DAGs
[2024-09-24T15:43:34.226+0000] {logging_mixin.py:188} INFO - [2024-09-24T15:43:34.226+0000] {dag.py:3954} INFO - Setting next_dagrun for example_short_circuit_operator to 2024-09-23 00:00:00+00:00, run_after=2024-09-24 00:00:00+00:00
[2024-09-24T15:43:34.254+0000] {processor.py:183} INFO - Processing /home/airflow/.local/lib/python3.12/site-packages/airflow/example_dags/example_short_circuit_operator.py took 0.134 seconds
[2024-09-24T15:44:04.787+0000] {processor.py:161} INFO - Started process (PID=448) to work on /home/airflow/.local/lib/python3.12/site-packages/airflow/example_dags/example_short_circuit_operator.py
[2024-09-24T15:44:04.789+0000] {processor.py:830} INFO - Processing file /home/airflow/.local/lib/python3.12/site-packages/airflow/example_dags/example_short_circuit_operator.py for tasks to queue
[2024-09-24T15:44:04.791+0000] {logging_mixin.py:188} INFO - [2024-09-24T15:44:04.790+0000] {dagbag.py:545} INFO - Filling up the DagBag from /home/airflow/.local/lib/python3.12/site-packages/airflow/example_dags/example_short_circuit_operator.py
[2024-09-24T15:44:04.799+0000] {processor.py:840} INFO - DAG(s) 'example_short_circuit_operator' retrieved from /home/airflow/.local/lib/python3.12/site-packages/airflow/example_dags/example_short_circuit_operator.py
[2024-09-24T15:44:04.823+0000] {logging_mixin.py:188} INFO - [2024-09-24T15:44:04.823+0000] {dag.py:3096} INFO - Sync 1 DAGs
[2024-09-24T15:44:04.849+0000] {logging_mixin.py:188} INFO - [2024-09-24T15:44:04.849+0000] {dag.py:3954} INFO - Setting next_dagrun for example_short_circuit_operator to 2024-09-23 00:00:00+00:00, run_after=2024-09-24 00:00:00+00:00
[2024-09-24T15:44:04.872+0000] {processor.py:183} INFO - Processing /home/airflow/.local/lib/python3.12/site-packages/airflow/example_dags/example_short_circuit_operator.py took 0.091 seconds
[2024-09-24T15:44:35.002+0000] {processor.py:161} INFO - Started process (PID=507) to work on /home/airflow/.local/lib/python3.12/site-packages/airflow/example_dags/example_short_circuit_operator.py
[2024-09-24T15:44:35.003+0000] {processor.py:830} INFO - Processing file /home/airflow/.local/lib/python3.12/site-packages/airflow/example_dags/example_short_circuit_operator.py for tasks to queue
[2024-09-24T15:44:35.005+0000] {logging_mixin.py:188} INFO - [2024-09-24T15:44:35.005+0000] {dagbag.py:545} INFO - Filling up the DagBag from /home/airflow/.local/lib/python3.12/site-packages/airflow/example_dags/example_short_circuit_operator.py
[2024-09-24T15:44:35.012+0000] {processor.py:840} INFO - DAG(s) 'example_short_circuit_operator' retrieved from /home/airflow/.local/lib/python3.12/site-packages/airflow/example_dags/example_short_circuit_operator.py
[2024-09-24T15:44:35.036+0000] {logging_mixin.py:188} INFO - [2024-09-24T15:44:35.035+0000] {dag.py:3096} INFO - Sync 1 DAGs
[2024-09-24T15:44:35.058+0000] {logging_mixin.py:188} INFO - [2024-09-24T15:44:35.058+0000] {dag.py:3954} INFO - Setting next_dagrun for example_short_circuit_operator to 2024-09-23 00:00:00+00:00, run_after=2024-09-24 00:00:00+00:00
[2024-09-24T15:44:35.080+0000] {processor.py:183} INFO - Processing /home/airflow/.local/lib/python3.12/site-packages/airflow/example_dags/example_short_circuit_operator.py took 0.085 seconds
[2024-09-24T15:45:05.200+0000] {processor.py:161} INFO - Started process (PID=565) to work on /home/airflow/.local/lib/python3.12/site-packages/airflow/example_dags/example_short_circuit_operator.py
[2024-09-24T15:45:05.201+0000] {processor.py:830} INFO - Processing file /home/airflow/.local/lib/python3.12/site-packages/airflow/example_dags/example_short_circuit_operator.py for tasks to queue
[2024-09-24T15:45:05.203+0000] {logging_mixin.py:188} INFO - [2024-09-24T15:45:05.203+0000] {dagbag.py:545} INFO - Filling up the DagBag from /home/airflow/.local/lib/python3.12/site-packages/airflow/example_dags/example_short_circuit_operator.py
[2024-09-24T15:45:05.211+0000] {processor.py:840} INFO - DAG(s) 'example_short_circuit_operator' retrieved from /home/airflow/.local/lib/python3.12/site-packages/airflow/example_dags/example_short_circuit_operator.py
[2024-09-24T15:45:05.234+0000] {logging_mixin.py:188} INFO - [2024-09-24T15:45:05.234+0000] {dag.py:3096} INFO - Sync 1 DAGs
[2024-09-24T15:45:05.256+0000] {logging_mixin.py:188} INFO - [2024-09-24T15:45:05.256+0000] {dag.py:3954} INFO - Setting next_dagrun for example_short_circuit_operator to 2024-09-23 00:00:00+00:00, run_after=2024-09-24 00:00:00+00:00
[2024-09-24T15:45:05.274+0000] {processor.py:183} INFO - Processing /home/airflow/.local/lib/python3.12/site-packages/airflow/example_dags/example_short_circuit_operator.py took 0.081 seconds
[2024-09-24T15:45:35.732+0000] {processor.py:161} INFO - Started process (PID=622) to work on /home/airflow/.local/lib/python3.12/site-packages/airflow/example_dags/example_short_circuit_operator.py
[2024-09-24T15:45:35.733+0000] {processor.py:830} INFO - Processing file /home/airflow/.local/lib/python3.12/site-packages/airflow/example_dags/example_short_circuit_operator.py for tasks to queue
[2024-09-24T15:45:35.735+0000] {logging_mixin.py:188} INFO - [2024-09-24T15:45:35.735+0000] {dagbag.py:545} INFO - Filling up the DagBag from /home/airflow/.local/lib/python3.12/site-packages/airflow/example_dags/example_short_circuit_operator.py
[2024-09-24T15:45:35.743+0000] {processor.py:840} INFO - DAG(s) 'example_short_circuit_operator' retrieved from /home/airflow/.local/lib/python3.12/site-packages/airflow/example_dags/example_short_circuit_operator.py
[2024-09-24T15:45:35.769+0000] {logging_mixin.py:188} INFO - [2024-09-24T15:45:35.768+0000] {dag.py:3096} INFO - Sync 1 DAGs
[2024-09-24T15:45:35.793+0000] {logging_mixin.py:188} INFO - [2024-09-24T15:45:35.792+0000] {dag.py:3954} INFO - Setting next_dagrun for example_short_circuit_operator to 2024-09-23 00:00:00+00:00, run_after=2024-09-24 00:00:00+00:00
[2024-09-24T15:45:35.816+0000] {processor.py:183} INFO - Processing /home/airflow/.local/lib/python3.12/site-packages/airflow/example_dags/example_short_circuit_operator.py took 0.091 seconds
[2024-09-24T15:46:06.341+0000] {processor.py:161} INFO - Started process (PID=680) to work on /home/airflow/.local/lib/python3.12/site-packages/airflow/example_dags/example_short_circuit_operator.py
[2024-09-24T15:46:06.343+0000] {processor.py:830} INFO - Processing file /home/airflow/.local/lib/python3.12/site-packages/airflow/example_dags/example_short_circuit_operator.py for tasks to queue
[2024-09-24T15:46:06.346+0000] {logging_mixin.py:188} INFO - [2024-09-24T15:46:06.345+0000] {dagbag.py:545} INFO - Filling up the DagBag from /home/airflow/.local/lib/python3.12/site-packages/airflow/example_dags/example_short_circuit_operator.py
[2024-09-24T15:46:06.356+0000] {processor.py:840} INFO - DAG(s) 'example_short_circuit_operator' retrieved from /home/airflow/.local/lib/python3.12/site-packages/airflow/example_dags/example_short_circuit_operator.py
[2024-09-24T15:46:06.386+0000] {logging_mixin.py:188} INFO - [2024-09-24T15:46:06.386+0000] {dag.py:3096} INFO - Sync 1 DAGs
[2024-09-24T15:46:06.410+0000] {logging_mixin.py:188} INFO - [2024-09-24T15:46:06.410+0000] {dag.py:3954} INFO - Setting next_dagrun for example_short_circuit_operator to 2024-09-23 00:00:00+00:00, run_after=2024-09-24 00:00:00+00:00
[2024-09-24T15:46:06.430+0000] {processor.py:183} INFO - Processing /home/airflow/.local/lib/python3.12/site-packages/airflow/example_dags/example_short_circuit_operator.py took 0.101 seconds
[2024-09-24T15:46:36.490+0000] {processor.py:161} INFO - Started process (PID=738) to work on /home/airflow/.local/lib/python3.12/site-packages/airflow/example_dags/example_short_circuit_operator.py
[2024-09-24T15:46:36.492+0000] {processor.py:830} INFO - Processing file /home/airflow/.local/lib/python3.12/site-packages/airflow/example_dags/example_short_circuit_operator.py for tasks to queue
[2024-09-24T15:46:36.494+0000] {logging_mixin.py:188} INFO - [2024-09-24T15:46:36.494+0000] {dagbag.py:545} INFO - Filling up the DagBag from /home/airflow/.local/lib/python3.12/site-packages/airflow/example_dags/example_short_circuit_operator.py
[2024-09-24T15:46:36.506+0000] {processor.py:840} INFO - DAG(s) 'example_short_circuit_operator' retrieved from /home/airflow/.local/lib/python3.12/site-packages/airflow/example_dags/example_short_circuit_operator.py
[2024-09-24T15:46:36.537+0000] {logging_mixin.py:188} INFO - [2024-09-24T15:46:36.537+0000] {dag.py:3096} INFO - Sync 1 DAGs
[2024-09-24T15:46:36.581+0000] {logging_mixin.py:188} INFO - [2024-09-24T15:46:36.580+0000] {dag.py:3954} INFO - Setting next_dagrun for example_short_circuit_operator to 2024-09-23 00:00:00+00:00, run_after=2024-09-24 00:00:00+00:00
[2024-09-24T15:46:36.627+0000] {processor.py:183} INFO - Processing /home/airflow/.local/lib/python3.12/site-packages/airflow/example_dags/example_short_circuit_operator.py took 0.146 seconds
[2024-09-24T15:47:07.539+0000] {processor.py:161} INFO - Started process (PID=796) to work on /home/airflow/.local/lib/python3.12/site-packages/airflow/example_dags/example_short_circuit_operator.py
[2024-09-24T15:47:07.540+0000] {processor.py:830} INFO - Processing file /home/airflow/.local/lib/python3.12/site-packages/airflow/example_dags/example_short_circuit_operator.py for tasks to queue
[2024-09-24T15:47:07.542+0000] {logging_mixin.py:188} INFO - [2024-09-24T15:47:07.542+0000] {dagbag.py:545} INFO - Filling up the DagBag from /home/airflow/.local/lib/python3.12/site-packages/airflow/example_dags/example_short_circuit_operator.py
[2024-09-24T15:47:07.550+0000] {processor.py:840} INFO - DAG(s) 'example_short_circuit_operator' retrieved from /home/airflow/.local/lib/python3.12/site-packages/airflow/example_dags/example_short_circuit_operator.py
[2024-09-24T15:47:07.575+0000] {logging_mixin.py:188} INFO - [2024-09-24T15:47:07.574+0000] {dag.py:3096} INFO - Sync 1 DAGs
[2024-09-24T15:47:07.596+0000] {logging_mixin.py:188} INFO - [2024-09-24T15:47:07.596+0000] {dag.py:3954} INFO - Setting next_dagrun for example_short_circuit_operator to 2024-09-23 00:00:00+00:00, run_after=2024-09-24 00:00:00+00:00
[2024-09-24T15:47:07.617+0000] {processor.py:183} INFO - Processing /home/airflow/.local/lib/python3.12/site-packages/airflow/example_dags/example_short_circuit_operator.py took 0.084 seconds
[2024-09-24T15:47:38.075+0000] {processor.py:161} INFO - Started process (PID=854) to work on /home/airflow/.local/lib/python3.12/site-packages/airflow/example_dags/example_short_circuit_operator.py
[2024-09-24T15:47:38.076+0000] {processor.py:830} INFO - Processing file /home/airflow/.local/lib/python3.12/site-packages/airflow/example_dags/example_short_circuit_operator.py for tasks to queue
[2024-09-24T15:47:38.078+0000] {logging_mixin.py:188} INFO - [2024-09-24T15:47:38.077+0000] {dagbag.py:545} INFO - Filling up the DagBag from /home/airflow/.local/lib/python3.12/site-packages/airflow/example_dags/example_short_circuit_operator.py
[2024-09-24T15:47:38.086+0000] {processor.py:840} INFO - DAG(s) 'example_short_circuit_operator' retrieved from /home/airflow/.local/lib/python3.12/site-packages/airflow/example_dags/example_short_circuit_operator.py
[2024-09-24T15:47:38.115+0000] {logging_mixin.py:188} INFO - [2024-09-24T15:47:38.114+0000] {dag.py:3096} INFO - Sync 1 DAGs
[2024-09-24T15:47:38.139+0000] {logging_mixin.py:188} INFO - [2024-09-24T15:47:38.139+0000] {dag.py:3954} INFO - Setting next_dagrun for example_short_circuit_operator to 2024-09-23 00:00:00+00:00, run_after=2024-09-24 00:00:00+00:00
[2024-09-24T15:47:38.160+0000] {processor.py:183} INFO - Processing /home/airflow/.local/lib/python3.12/site-packages/airflow/example_dags/example_short_circuit_operator.py took 0.093 seconds
[2024-09-24T15:48:08.559+0000] {processor.py:161} INFO - Started process (PID=912) to work on /home/airflow/.local/lib/python3.12/site-packages/airflow/example_dags/example_short_circuit_operator.py
[2024-09-24T15:48:08.560+0000] {processor.py:830} INFO - Processing file /home/airflow/.local/lib/python3.12/site-packages/airflow/example_dags/example_short_circuit_operator.py for tasks to queue
[2024-09-24T15:48:08.563+0000] {logging_mixin.py:188} INFO - [2024-09-24T15:48:08.562+0000] {dagbag.py:545} INFO - Filling up the DagBag from /home/airflow/.local/lib/python3.12/site-packages/airflow/example_dags/example_short_circuit_operator.py
[2024-09-24T15:48:08.571+0000] {processor.py:840} INFO - DAG(s) 'example_short_circuit_operator' retrieved from /home/airflow/.local/lib/python3.12/site-packages/airflow/example_dags/example_short_circuit_operator.py
[2024-09-24T15:48:08.599+0000] {logging_mixin.py:188} INFO - [2024-09-24T15:48:08.599+0000] {dag.py:3096} INFO - Sync 1 DAGs
[2024-09-24T15:48:08.629+0000] {logging_mixin.py:188} INFO - [2024-09-24T15:48:08.629+0000] {dag.py:3954} INFO - Setting next_dagrun for example_short_circuit_operator to 2024-09-23 00:00:00+00:00, run_after=2024-09-24 00:00:00+00:00
[2024-09-24T15:48:08.657+0000] {processor.py:183} INFO - Processing /home/airflow/.local/lib/python3.12/site-packages/airflow/example_dags/example_short_circuit_operator.py took 0.104 seconds
[2024-09-24T15:48:38.810+0000] {processor.py:161} INFO - Started process (PID=970) to work on /home/airflow/.local/lib/python3.12/site-packages/airflow/example_dags/example_short_circuit_operator.py
[2024-09-24T15:48:38.811+0000] {processor.py:830} INFO - Processing file /home/airflow/.local/lib/python3.12/site-packages/airflow/example_dags/example_short_circuit_operator.py for tasks to queue
[2024-09-24T15:48:38.831+0000] {logging_mixin.py:188} INFO - [2024-09-24T15:48:38.827+0000] {dagbag.py:545} INFO - Filling up the DagBag from /home/airflow/.local/lib/python3.12/site-packages/airflow/example_dags/example_short_circuit_operator.py
[2024-09-24T15:48:38.885+0000] {processor.py:840} INFO - DAG(s) 'example_short_circuit_operator' retrieved from /home/airflow/.local/lib/python3.12/site-packages/airflow/example_dags/example_short_circuit_operator.py
[2024-09-24T15:48:38.981+0000] {logging_mixin.py:188} INFO - [2024-09-24T15:48:38.980+0000] {dag.py:3096} INFO - Sync 1 DAGs
[2024-09-24T15:48:39.029+0000] {logging_mixin.py:188} INFO - [2024-09-24T15:48:39.028+0000] {dag.py:3954} INFO - Setting next_dagrun for example_short_circuit_operator to 2024-09-23 00:00:00+00:00, run_after=2024-09-24 00:00:00+00:00
[2024-09-24T15:48:39.100+0000] {processor.py:183} INFO - Processing /home/airflow/.local/lib/python3.12/site-packages/airflow/example_dags/example_short_circuit_operator.py took 0.303 seconds
[2024-09-24T15:49:09.380+0000] {processor.py:161} INFO - Started process (PID=1029) to work on /home/airflow/.local/lib/python3.12/site-packages/airflow/example_dags/example_short_circuit_operator.py
[2024-09-24T15:49:09.382+0000] {processor.py:830} INFO - Processing file /home/airflow/.local/lib/python3.12/site-packages/airflow/example_dags/example_short_circuit_operator.py for tasks to queue
[2024-09-24T15:49:09.384+0000] {logging_mixin.py:188} INFO - [2024-09-24T15:49:09.383+0000] {dagbag.py:545} INFO - Filling up the DagBag from /home/airflow/.local/lib/python3.12/site-packages/airflow/example_dags/example_short_circuit_operator.py
[2024-09-24T15:49:09.392+0000] {processor.py:840} INFO - DAG(s) 'example_short_circuit_operator' retrieved from /home/airflow/.local/lib/python3.12/site-packages/airflow/example_dags/example_short_circuit_operator.py
[2024-09-24T15:49:09.415+0000] {logging_mixin.py:188} INFO - [2024-09-24T15:49:09.415+0000] {dag.py:3096} INFO - Sync 1 DAGs
[2024-09-24T15:49:09.441+0000] {logging_mixin.py:188} INFO - [2024-09-24T15:49:09.441+0000] {dag.py:3954} INFO - Setting next_dagrun for example_short_circuit_operator to 2024-09-23 00:00:00+00:00, run_after=2024-09-24 00:00:00+00:00
[2024-09-24T15:49:09.462+0000] {processor.py:183} INFO - Processing /home/airflow/.local/lib/python3.12/site-packages/airflow/example_dags/example_short_circuit_operator.py took 0.088 seconds
[2024-09-24T15:49:40.106+0000] {processor.py:161} INFO - Started process (PID=1087) to work on /home/airflow/.local/lib/python3.12/site-packages/airflow/example_dags/example_short_circuit_operator.py
[2024-09-24T15:49:40.107+0000] {processor.py:830} INFO - Processing file /home/airflow/.local/lib/python3.12/site-packages/airflow/example_dags/example_short_circuit_operator.py for tasks to queue
[2024-09-24T15:49:40.110+0000] {logging_mixin.py:188} INFO - [2024-09-24T15:49:40.109+0000] {dagbag.py:545} INFO - Filling up the DagBag from /home/airflow/.local/lib/python3.12/site-packages/airflow/example_dags/example_short_circuit_operator.py
[2024-09-24T15:49:40.118+0000] {processor.py:840} INFO - DAG(s) 'example_short_circuit_operator' retrieved from /home/airflow/.local/lib/python3.12/site-packages/airflow/example_dags/example_short_circuit_operator.py
[2024-09-24T15:49:40.143+0000] {logging_mixin.py:188} INFO - [2024-09-24T15:49:40.143+0000] {dag.py:3096} INFO - Sync 1 DAGs
[2024-09-24T15:49:40.167+0000] {logging_mixin.py:188} INFO - [2024-09-24T15:49:40.167+0000] {dag.py:3954} INFO - Setting next_dagrun for example_short_circuit_operator to 2024-09-23 00:00:00+00:00, run_after=2024-09-24 00:00:00+00:00
[2024-09-24T15:49:40.190+0000] {processor.py:183} INFO - Processing /home/airflow/.local/lib/python3.12/site-packages/airflow/example_dags/example_short_circuit_operator.py took 0.091 seconds
[2024-09-24T15:50:10.219+0000] {processor.py:161} INFO - Started process (PID=1145) to work on /home/airflow/.local/lib/python3.12/site-packages/airflow/example_dags/example_short_circuit_operator.py
[2024-09-24T15:50:10.221+0000] {processor.py:830} INFO - Processing file /home/airflow/.local/lib/python3.12/site-packages/airflow/example_dags/example_short_circuit_operator.py for tasks to queue
[2024-09-24T15:50:10.223+0000] {logging_mixin.py:188} INFO - [2024-09-24T15:50:10.222+0000] {dagbag.py:545} INFO - Filling up the DagBag from /home/airflow/.local/lib/python3.12/site-packages/airflow/example_dags/example_short_circuit_operator.py
[2024-09-24T15:50:10.235+0000] {processor.py:840} INFO - DAG(s) 'example_short_circuit_operator' retrieved from /home/airflow/.local/lib/python3.12/site-packages/airflow/example_dags/example_short_circuit_operator.py
[2024-09-24T15:50:10.268+0000] {logging_mixin.py:188} INFO - [2024-09-24T15:50:10.268+0000] {dag.py:3096} INFO - Sync 1 DAGs
[2024-09-24T15:50:10.301+0000] {logging_mixin.py:188} INFO - [2024-09-24T15:50:10.301+0000] {dag.py:3954} INFO - Setting next_dagrun for example_short_circuit_operator to 2024-09-23 00:00:00+00:00, run_after=2024-09-24 00:00:00+00:00
[2024-09-24T15:50:10.327+0000] {processor.py:183} INFO - Processing /home/airflow/.local/lib/python3.12/site-packages/airflow/example_dags/example_short_circuit_operator.py took 0.114 seconds
[2024-09-24T15:50:40.945+0000] {processor.py:161} INFO - Started process (PID=1202) to work on /home/airflow/.local/lib/python3.12/site-packages/airflow/example_dags/example_short_circuit_operator.py
[2024-09-24T15:50:40.946+0000] {processor.py:830} INFO - Processing file /home/airflow/.local/lib/python3.12/site-packages/airflow/example_dags/example_short_circuit_operator.py for tasks to queue
[2024-09-24T15:50:40.948+0000] {logging_mixin.py:188} INFO - [2024-09-24T15:50:40.948+0000] {dagbag.py:545} INFO - Filling up the DagBag from /home/airflow/.local/lib/python3.12/site-packages/airflow/example_dags/example_short_circuit_operator.py
[2024-09-24T15:50:40.956+0000] {processor.py:840} INFO - DAG(s) 'example_short_circuit_operator' retrieved from /home/airflow/.local/lib/python3.12/site-packages/airflow/example_dags/example_short_circuit_operator.py
[2024-09-24T15:50:40.982+0000] {logging_mixin.py:188} INFO - [2024-09-24T15:50:40.981+0000] {dag.py:3096} INFO - Sync 1 DAGs
[2024-09-24T15:50:41.006+0000] {logging_mixin.py:188} INFO - [2024-09-24T15:50:41.006+0000] {dag.py:3954} INFO - Setting next_dagrun for example_short_circuit_operator to 2024-09-23 00:00:00+00:00, run_after=2024-09-24 00:00:00+00:00
[2024-09-24T15:50:41.030+0000] {processor.py:183} INFO - Processing /home/airflow/.local/lib/python3.12/site-packages/airflow/example_dags/example_short_circuit_operator.py took 0.091 seconds
[2024-09-24T15:51:11.908+0000] {processor.py:161} INFO - Started process (PID=1260) to work on /home/airflow/.local/lib/python3.12/site-packages/airflow/example_dags/example_short_circuit_operator.py
[2024-09-24T15:51:11.910+0000] {processor.py:830} INFO - Processing file /home/airflow/.local/lib/python3.12/site-packages/airflow/example_dags/example_short_circuit_operator.py for tasks to queue
[2024-09-24T15:51:11.912+0000] {logging_mixin.py:188} INFO - [2024-09-24T15:51:11.912+0000] {dagbag.py:545} INFO - Filling up the DagBag from /home/airflow/.local/lib/python3.12/site-packages/airflow/example_dags/example_short_circuit_operator.py
[2024-09-24T15:51:11.922+0000] {processor.py:840} INFO - DAG(s) 'example_short_circuit_operator' retrieved from /home/airflow/.local/lib/python3.12/site-packages/airflow/example_dags/example_short_circuit_operator.py
[2024-09-24T15:51:11.947+0000] {logging_mixin.py:188} INFO - [2024-09-24T15:51:11.947+0000] {dag.py:3096} INFO - Sync 1 DAGs
[2024-09-24T15:51:11.972+0000] {logging_mixin.py:188} INFO - [2024-09-24T15:51:11.971+0000] {dag.py:3954} INFO - Setting next_dagrun for example_short_circuit_operator to 2024-09-23 00:00:00+00:00, run_after=2024-09-24 00:00:00+00:00
[2024-09-24T15:51:11.992+0000] {processor.py:183} INFO - Processing /home/airflow/.local/lib/python3.12/site-packages/airflow/example_dags/example_short_circuit_operator.py took 0.096 seconds
[2024-09-24T15:51:42.429+0000] {processor.py:161} INFO - Started process (PID=1318) to work on /home/airflow/.local/lib/python3.12/site-packages/airflow/example_dags/example_short_circuit_operator.py
[2024-09-24T15:51:42.430+0000] {processor.py:830} INFO - Processing file /home/airflow/.local/lib/python3.12/site-packages/airflow/example_dags/example_short_circuit_operator.py for tasks to queue
[2024-09-24T15:51:42.432+0000] {logging_mixin.py:188} INFO - [2024-09-24T15:51:42.432+0000] {dagbag.py:545} INFO - Filling up the DagBag from /home/airflow/.local/lib/python3.12/site-packages/airflow/example_dags/example_short_circuit_operator.py
[2024-09-24T15:51:42.439+0000] {processor.py:840} INFO - DAG(s) 'example_short_circuit_operator' retrieved from /home/airflow/.local/lib/python3.12/site-packages/airflow/example_dags/example_short_circuit_operator.py
[2024-09-24T15:51:42.463+0000] {logging_mixin.py:188} INFO - [2024-09-24T15:51:42.462+0000] {dag.py:3096} INFO - Sync 1 DAGs
[2024-09-24T15:51:42.485+0000] {logging_mixin.py:188} INFO - [2024-09-24T15:51:42.484+0000] {dag.py:3954} INFO - Setting next_dagrun for example_short_circuit_operator to 2024-09-23 00:00:00+00:00, run_after=2024-09-24 00:00:00+00:00
[2024-09-24T15:51:42.506+0000] {processor.py:183} INFO - Processing /home/airflow/.local/lib/python3.12/site-packages/airflow/example_dags/example_short_circuit_operator.py took 0.083 seconds
[2024-09-24T15:52:13.099+0000] {processor.py:161} INFO - Started process (PID=1376) to work on /home/airflow/.local/lib/python3.12/site-packages/airflow/example_dags/example_short_circuit_operator.py
[2024-09-24T15:52:13.101+0000] {processor.py:830} INFO - Processing file /home/airflow/.local/lib/python3.12/site-packages/airflow/example_dags/example_short_circuit_operator.py for tasks to queue
[2024-09-24T15:52:13.103+0000] {logging_mixin.py:188} INFO - [2024-09-24T15:52:13.103+0000] {dagbag.py:545} INFO - Filling up the DagBag from /home/airflow/.local/lib/python3.12/site-packages/airflow/example_dags/example_short_circuit_operator.py
[2024-09-24T15:52:13.111+0000] {processor.py:840} INFO - DAG(s) 'example_short_circuit_operator' retrieved from /home/airflow/.local/lib/python3.12/site-packages/airflow/example_dags/example_short_circuit_operator.py
[2024-09-24T15:52:13.136+0000] {logging_mixin.py:188} INFO - [2024-09-24T15:52:13.135+0000] {dag.py:3096} INFO - Sync 1 DAGs
[2024-09-24T15:52:13.161+0000] {logging_mixin.py:188} INFO - [2024-09-24T15:52:13.161+0000] {dag.py:3954} INFO - Setting next_dagrun for example_short_circuit_operator to 2024-09-23 00:00:00+00:00, run_after=2024-09-24 00:00:00+00:00
[2024-09-24T15:52:13.190+0000] {processor.py:183} INFO - Processing /home/airflow/.local/lib/python3.12/site-packages/airflow/example_dags/example_short_circuit_operator.py took 0.096 seconds
[2024-09-24T15:52:43.239+0000] {processor.py:161} INFO - Started process (PID=1435) to work on /home/airflow/.local/lib/python3.12/site-packages/airflow/example_dags/example_short_circuit_operator.py
[2024-09-24T15:52:43.240+0000] {processor.py:830} INFO - Processing file /home/airflow/.local/lib/python3.12/site-packages/airflow/example_dags/example_short_circuit_operator.py for tasks to queue
[2024-09-24T15:52:43.243+0000] {logging_mixin.py:188} INFO - [2024-09-24T15:52:43.242+0000] {dagbag.py:545} INFO - Filling up the DagBag from /home/airflow/.local/lib/python3.12/site-packages/airflow/example_dags/example_short_circuit_operator.py
[2024-09-24T15:52:43.252+0000] {processor.py:840} INFO - DAG(s) 'example_short_circuit_operator' retrieved from /home/airflow/.local/lib/python3.12/site-packages/airflow/example_dags/example_short_circuit_operator.py
[2024-09-24T15:52:43.285+0000] {logging_mixin.py:188} INFO - [2024-09-24T15:52:43.284+0000] {dag.py:3096} INFO - Sync 1 DAGs
[2024-09-24T15:52:43.322+0000] {logging_mixin.py:188} INFO - [2024-09-24T15:52:43.322+0000] {dag.py:3954} INFO - Setting next_dagrun for example_short_circuit_operator to 2024-09-23 00:00:00+00:00, run_after=2024-09-24 00:00:00+00:00
[2024-09-24T15:52:43.348+0000] {processor.py:183} INFO - Processing /home/airflow/.local/lib/python3.12/site-packages/airflow/example_dags/example_short_circuit_operator.py took 0.118 seconds
[2024-09-24T15:53:13.526+0000] {processor.py:161} INFO - Started process (PID=1492) to work on /home/airflow/.local/lib/python3.12/site-packages/airflow/example_dags/example_short_circuit_operator.py
[2024-09-24T15:53:13.528+0000] {processor.py:830} INFO - Processing file /home/airflow/.local/lib/python3.12/site-packages/airflow/example_dags/example_short_circuit_operator.py for tasks to queue
[2024-09-24T15:53:13.530+0000] {logging_mixin.py:188} INFO - [2024-09-24T15:53:13.530+0000] {dagbag.py:545} INFO - Filling up the DagBag from /home/airflow/.local/lib/python3.12/site-packages/airflow/example_dags/example_short_circuit_operator.py
[2024-09-24T15:53:13.538+0000] {processor.py:840} INFO - DAG(s) 'example_short_circuit_operator' retrieved from /home/airflow/.local/lib/python3.12/site-packages/airflow/example_dags/example_short_circuit_operator.py
[2024-09-24T15:53:13.567+0000] {logging_mixin.py:188} INFO - [2024-09-24T15:53:13.567+0000] {dag.py:3096} INFO - Sync 1 DAGs
[2024-09-24T15:53:13.597+0000] {logging_mixin.py:188} INFO - [2024-09-24T15:53:13.597+0000] {dag.py:3954} INFO - Setting next_dagrun for example_short_circuit_operator to 2024-09-23 00:00:00+00:00, run_after=2024-09-24 00:00:00+00:00
[2024-09-24T15:53:13.625+0000] {processor.py:183} INFO - Processing /home/airflow/.local/lib/python3.12/site-packages/airflow/example_dags/example_short_circuit_operator.py took 0.107 seconds
