[2024-09-24T15:40:41.907+0000] {processor.py:161} INFO - Started process (PID=62) to work on /home/airflow/.local/lib/python3.12/site-packages/airflow/example_dags/example_branch_labels.py
[2024-09-24T15:40:41.908+0000] {processor.py:830} INFO - Processing file /home/airflow/.local/lib/python3.12/site-packages/airflow/example_dags/example_branch_labels.py for tasks to queue
[2024-09-24T15:40:41.911+0000] {logging_mixin.py:188} INFO - [2024-09-24T15:40:41.911+0000] {dagbag.py:545} INFO - Filling up the DagBag from /home/airflow/.local/lib/python3.12/site-packages/airflow/example_dags/example_branch_labels.py
[2024-09-24T15:40:41.924+0000] {processor.py:840} INFO - DAG(s) 'example_branch_labels' retrieved from /home/airflow/.local/lib/python3.12/site-packages/airflow/example_dags/example_branch_labels.py
[2024-09-24T15:40:42.146+0000] {logging_mixin.py:188} INFO - [2024-09-24T15:40:42.145+0000] {dag.py:3096} INFO - Sync 1 DAGs
[2024-09-24T15:40:42.192+0000] {logging_mixin.py:188} INFO - [2024-09-24T15:40:42.191+0000] {dag.py:3954} INFO - Setting next_dagrun for example_branch_labels to 2024-09-23 00:00:00+00:00, run_after=2024-09-24 00:00:00+00:00
[2024-09-24T15:40:42.224+0000] {processor.py:183} INFO - Processing /home/airflow/.local/lib/python3.12/site-packages/airflow/example_dags/example_branch_labels.py took 0.327 seconds
[2024-09-24T15:41:12.635+0000] {processor.py:161} INFO - Started process (PID=120) to work on /home/airflow/.local/lib/python3.12/site-packages/airflow/example_dags/example_branch_labels.py
[2024-09-24T15:41:12.636+0000] {processor.py:830} INFO - Processing file /home/airflow/.local/lib/python3.12/site-packages/airflow/example_dags/example_branch_labels.py for tasks to queue
[2024-09-24T15:41:12.638+0000] {logging_mixin.py:188} INFO - [2024-09-24T15:41:12.637+0000] {dagbag.py:545} INFO - Filling up the DagBag from /home/airflow/.local/lib/python3.12/site-packages/airflow/example_dags/example_branch_labels.py
[2024-09-24T15:41:12.647+0000] {processor.py:840} INFO - DAG(s) 'example_branch_labels' retrieved from /home/airflow/.local/lib/python3.12/site-packages/airflow/example_dags/example_branch_labels.py
[2024-09-24T15:41:12.673+0000] {logging_mixin.py:188} INFO - [2024-09-24T15:41:12.672+0000] {dag.py:3096} INFO - Sync 1 DAGs
[2024-09-24T15:41:12.702+0000] {logging_mixin.py:188} INFO - [2024-09-24T15:41:12.702+0000] {dag.py:3954} INFO - Setting next_dagrun for example_branch_labels to 2024-09-23 00:00:00+00:00, run_after=2024-09-24 00:00:00+00:00
[2024-09-24T15:41:12.737+0000] {processor.py:183} INFO - Processing /home/airflow/.local/lib/python3.12/site-packages/airflow/example_dags/example_branch_labels.py took 0.110 seconds
[2024-09-24T15:41:42.895+0000] {processor.py:161} INFO - Started process (PID=178) to work on /home/airflow/.local/lib/python3.12/site-packages/airflow/example_dags/example_branch_labels.py
[2024-09-24T15:41:42.896+0000] {processor.py:830} INFO - Processing file /home/airflow/.local/lib/python3.12/site-packages/airflow/example_dags/example_branch_labels.py for tasks to queue
[2024-09-24T15:41:42.899+0000] {logging_mixin.py:188} INFO - [2024-09-24T15:41:42.898+0000] {dagbag.py:545} INFO - Filling up the DagBag from /home/airflow/.local/lib/python3.12/site-packages/airflow/example_dags/example_branch_labels.py
[2024-09-24T15:41:42.909+0000] {processor.py:840} INFO - DAG(s) 'example_branch_labels' retrieved from /home/airflow/.local/lib/python3.12/site-packages/airflow/example_dags/example_branch_labels.py
[2024-09-24T15:41:42.931+0000] {logging_mixin.py:188} INFO - [2024-09-24T15:41:42.930+0000] {dag.py:3096} INFO - Sync 1 DAGs
[2024-09-24T15:41:42.957+0000] {logging_mixin.py:188} INFO - [2024-09-24T15:41:42.957+0000] {dag.py:3954} INFO - Setting next_dagrun for example_branch_labels to 2024-09-23 00:00:00+00:00, run_after=2024-09-24 00:00:00+00:00
[2024-09-24T15:41:42.976+0000] {processor.py:183} INFO - Processing /home/airflow/.local/lib/python3.12/site-packages/airflow/example_dags/example_branch_labels.py took 0.088 seconds
[2024-09-24T15:42:13.390+0000] {processor.py:161} INFO - Started process (PID=236) to work on /home/airflow/.local/lib/python3.12/site-packages/airflow/example_dags/example_branch_labels.py
[2024-09-24T15:42:13.391+0000] {processor.py:830} INFO - Processing file /home/airflow/.local/lib/python3.12/site-packages/airflow/example_dags/example_branch_labels.py for tasks to queue
[2024-09-24T15:42:13.393+0000] {logging_mixin.py:188} INFO - [2024-09-24T15:42:13.393+0000] {dagbag.py:545} INFO - Filling up the DagBag from /home/airflow/.local/lib/python3.12/site-packages/airflow/example_dags/example_branch_labels.py
[2024-09-24T15:42:13.402+0000] {processor.py:840} INFO - DAG(s) 'example_branch_labels' retrieved from /home/airflow/.local/lib/python3.12/site-packages/airflow/example_dags/example_branch_labels.py
[2024-09-24T15:42:13.423+0000] {logging_mixin.py:188} INFO - [2024-09-24T15:42:13.422+0000] {dag.py:3096} INFO - Sync 1 DAGs
[2024-09-24T15:42:13.449+0000] {logging_mixin.py:188} INFO - [2024-09-24T15:42:13.449+0000] {dag.py:3954} INFO - Setting next_dagrun for example_branch_labels to 2024-09-23 00:00:00+00:00, run_after=2024-09-24 00:00:00+00:00
[2024-09-24T15:42:13.473+0000] {processor.py:183} INFO - Processing /home/airflow/.local/lib/python3.12/site-packages/airflow/example_dags/example_branch_labels.py took 0.090 seconds
[2024-09-24T15:42:43.739+0000] {processor.py:161} INFO - Started process (PID=294) to work on /home/airflow/.local/lib/python3.12/site-packages/airflow/example_dags/example_branch_labels.py
[2024-09-24T15:42:43.740+0000] {processor.py:830} INFO - Processing file /home/airflow/.local/lib/python3.12/site-packages/airflow/example_dags/example_branch_labels.py for tasks to queue
[2024-09-24T15:42:43.743+0000] {logging_mixin.py:188} INFO - [2024-09-24T15:42:43.742+0000] {dagbag.py:545} INFO - Filling up the DagBag from /home/airflow/.local/lib/python3.12/site-packages/airflow/example_dags/example_branch_labels.py
[2024-09-24T15:42:43.754+0000] {processor.py:840} INFO - DAG(s) 'example_branch_labels' retrieved from /home/airflow/.local/lib/python3.12/site-packages/airflow/example_dags/example_branch_labels.py
[2024-09-24T15:42:43.782+0000] {logging_mixin.py:188} INFO - [2024-09-24T15:42:43.782+0000] {dag.py:3096} INFO - Sync 1 DAGs
[2024-09-24T15:42:43.812+0000] {logging_mixin.py:188} INFO - [2024-09-24T15:42:43.812+0000] {dag.py:3954} INFO - Setting next_dagrun for example_branch_labels to 2024-09-23 00:00:00+00:00, run_after=2024-09-24 00:00:00+00:00
[2024-09-24T15:42:43.830+0000] {processor.py:183} INFO - Processing /home/airflow/.local/lib/python3.12/site-packages/airflow/example_dags/example_branch_labels.py took 0.098 seconds
[2024-09-24T15:43:14.394+0000] {processor.py:161} INFO - Started process (PID=352) to work on /home/airflow/.local/lib/python3.12/site-packages/airflow/example_dags/example_branch_labels.py
[2024-09-24T15:43:14.395+0000] {processor.py:830} INFO - Processing file /home/airflow/.local/lib/python3.12/site-packages/airflow/example_dags/example_branch_labels.py for tasks to queue
[2024-09-24T15:43:14.402+0000] {logging_mixin.py:188} INFO - [2024-09-24T15:43:14.402+0000] {dagbag.py:545} INFO - Filling up the DagBag from /home/airflow/.local/lib/python3.12/site-packages/airflow/example_dags/example_branch_labels.py
[2024-09-24T15:43:14.442+0000] {processor.py:840} INFO - DAG(s) 'example_branch_labels' retrieved from /home/airflow/.local/lib/python3.12/site-packages/airflow/example_dags/example_branch_labels.py
[2024-09-24T15:43:14.494+0000] {logging_mixin.py:188} INFO - [2024-09-24T15:43:14.493+0000] {dag.py:3096} INFO - Sync 1 DAGs
[2024-09-24T15:43:14.543+0000] {logging_mixin.py:188} INFO - [2024-09-24T15:43:14.543+0000] {dag.py:3954} INFO - Setting next_dagrun for example_branch_labels to 2024-09-23 00:00:00+00:00, run_after=2024-09-24 00:00:00+00:00
[2024-09-24T15:43:14.575+0000] {processor.py:183} INFO - Processing /home/airflow/.local/lib/python3.12/site-packages/airflow/example_dags/example_branch_labels.py took 0.201 seconds
[2024-09-24T15:43:44.629+0000] {processor.py:161} INFO - Started process (PID=410) to work on /home/airflow/.local/lib/python3.12/site-packages/airflow/example_dags/example_branch_labels.py
[2024-09-24T15:43:44.630+0000] {processor.py:830} INFO - Processing file /home/airflow/.local/lib/python3.12/site-packages/airflow/example_dags/example_branch_labels.py for tasks to queue
[2024-09-24T15:43:44.632+0000] {logging_mixin.py:188} INFO - [2024-09-24T15:43:44.632+0000] {dagbag.py:545} INFO - Filling up the DagBag from /home/airflow/.local/lib/python3.12/site-packages/airflow/example_dags/example_branch_labels.py
[2024-09-24T15:43:44.641+0000] {processor.py:840} INFO - DAG(s) 'example_branch_labels' retrieved from /home/airflow/.local/lib/python3.12/site-packages/airflow/example_dags/example_branch_labels.py
[2024-09-24T15:43:44.663+0000] {logging_mixin.py:188} INFO - [2024-09-24T15:43:44.663+0000] {dag.py:3096} INFO - Sync 1 DAGs
[2024-09-24T15:43:44.691+0000] {logging_mixin.py:188} INFO - [2024-09-24T15:43:44.691+0000] {dag.py:3954} INFO - Setting next_dagrun for example_branch_labels to 2024-09-23 00:00:00+00:00, run_after=2024-09-24 00:00:00+00:00
[2024-09-24T15:43:44.709+0000] {processor.py:183} INFO - Processing /home/airflow/.local/lib/python3.12/site-packages/airflow/example_dags/example_branch_labels.py took 0.086 seconds
[2024-09-24T15:44:15.239+0000] {processor.py:161} INFO - Started process (PID=468) to work on /home/airflow/.local/lib/python3.12/site-packages/airflow/example_dags/example_branch_labels.py
[2024-09-24T15:44:15.240+0000] {processor.py:830} INFO - Processing file /home/airflow/.local/lib/python3.12/site-packages/airflow/example_dags/example_branch_labels.py for tasks to queue
[2024-09-24T15:44:15.242+0000] {logging_mixin.py:188} INFO - [2024-09-24T15:44:15.241+0000] {dagbag.py:545} INFO - Filling up the DagBag from /home/airflow/.local/lib/python3.12/site-packages/airflow/example_dags/example_branch_labels.py
[2024-09-24T15:44:15.251+0000] {processor.py:840} INFO - DAG(s) 'example_branch_labels' retrieved from /home/airflow/.local/lib/python3.12/site-packages/airflow/example_dags/example_branch_labels.py
[2024-09-24T15:44:15.276+0000] {logging_mixin.py:188} INFO - [2024-09-24T15:44:15.275+0000] {dag.py:3096} INFO - Sync 1 DAGs
[2024-09-24T15:44:15.310+0000] {logging_mixin.py:188} INFO - [2024-09-24T15:44:15.310+0000] {dag.py:3954} INFO - Setting next_dagrun for example_branch_labels to 2024-09-23 00:00:00+00:00, run_after=2024-09-24 00:00:00+00:00
[2024-09-24T15:44:15.335+0000] {processor.py:183} INFO - Processing /home/airflow/.local/lib/python3.12/site-packages/airflow/example_dags/example_branch_labels.py took 0.103 seconds
[2024-09-24T15:44:45.500+0000] {processor.py:161} INFO - Started process (PID=526) to work on /home/airflow/.local/lib/python3.12/site-packages/airflow/example_dags/example_branch_labels.py
[2024-09-24T15:44:45.501+0000] {processor.py:830} INFO - Processing file /home/airflow/.local/lib/python3.12/site-packages/airflow/example_dags/example_branch_labels.py for tasks to queue
[2024-09-24T15:44:45.504+0000] {logging_mixin.py:188} INFO - [2024-09-24T15:44:45.503+0000] {dagbag.py:545} INFO - Filling up the DagBag from /home/airflow/.local/lib/python3.12/site-packages/airflow/example_dags/example_branch_labels.py
[2024-09-24T15:44:45.513+0000] {processor.py:840} INFO - DAG(s) 'example_branch_labels' retrieved from /home/airflow/.local/lib/python3.12/site-packages/airflow/example_dags/example_branch_labels.py
[2024-09-24T15:44:45.536+0000] {logging_mixin.py:188} INFO - [2024-09-24T15:44:45.536+0000] {dag.py:3096} INFO - Sync 1 DAGs
[2024-09-24T15:44:45.566+0000] {logging_mixin.py:188} INFO - [2024-09-24T15:44:45.566+0000] {dag.py:3954} INFO - Setting next_dagrun for example_branch_labels to 2024-09-23 00:00:00+00:00, run_after=2024-09-24 00:00:00+00:00
[2024-09-24T15:44:45.588+0000] {processor.py:183} INFO - Processing /home/airflow/.local/lib/python3.12/site-packages/airflow/example_dags/example_branch_labels.py took 0.096 seconds
[2024-09-24T15:45:15.729+0000] {processor.py:161} INFO - Started process (PID=584) to work on /home/airflow/.local/lib/python3.12/site-packages/airflow/example_dags/example_branch_labels.py
[2024-09-24T15:45:15.730+0000] {processor.py:830} INFO - Processing file /home/airflow/.local/lib/python3.12/site-packages/airflow/example_dags/example_branch_labels.py for tasks to queue
[2024-09-24T15:45:15.733+0000] {logging_mixin.py:188} INFO - [2024-09-24T15:45:15.732+0000] {dagbag.py:545} INFO - Filling up the DagBag from /home/airflow/.local/lib/python3.12/site-packages/airflow/example_dags/example_branch_labels.py
[2024-09-24T15:45:15.740+0000] {processor.py:840} INFO - DAG(s) 'example_branch_labels' retrieved from /home/airflow/.local/lib/python3.12/site-packages/airflow/example_dags/example_branch_labels.py
[2024-09-24T15:45:15.763+0000] {logging_mixin.py:188} INFO - [2024-09-24T15:45:15.762+0000] {dag.py:3096} INFO - Sync 1 DAGs
[2024-09-24T15:45:15.790+0000] {logging_mixin.py:188} INFO - [2024-09-24T15:45:15.789+0000] {dag.py:3954} INFO - Setting next_dagrun for example_branch_labels to 2024-09-23 00:00:00+00:00, run_after=2024-09-24 00:00:00+00:00
[2024-09-24T15:45:15.811+0000] {processor.py:183} INFO - Processing /home/airflow/.local/lib/python3.12/site-packages/airflow/example_dags/example_branch_labels.py took 0.088 seconds
[2024-09-24T15:45:46.139+0000] {processor.py:161} INFO - Started process (PID=642) to work on /home/airflow/.local/lib/python3.12/site-packages/airflow/example_dags/example_branch_labels.py
[2024-09-24T15:45:46.140+0000] {processor.py:830} INFO - Processing file /home/airflow/.local/lib/python3.12/site-packages/airflow/example_dags/example_branch_labels.py for tasks to queue
[2024-09-24T15:45:46.143+0000] {logging_mixin.py:188} INFO - [2024-09-24T15:45:46.143+0000] {dagbag.py:545} INFO - Filling up the DagBag from /home/airflow/.local/lib/python3.12/site-packages/airflow/example_dags/example_branch_labels.py
[2024-09-24T15:45:46.155+0000] {processor.py:840} INFO - DAG(s) 'example_branch_labels' retrieved from /home/airflow/.local/lib/python3.12/site-packages/airflow/example_dags/example_branch_labels.py
[2024-09-24T15:45:46.187+0000] {logging_mixin.py:188} INFO - [2024-09-24T15:45:46.186+0000] {dag.py:3096} INFO - Sync 1 DAGs
[2024-09-24T15:45:46.217+0000] {logging_mixin.py:188} INFO - [2024-09-24T15:45:46.217+0000] {dag.py:3954} INFO - Setting next_dagrun for example_branch_labels to 2024-09-23 00:00:00+00:00, run_after=2024-09-24 00:00:00+00:00
[2024-09-24T15:45:46.239+0000] {processor.py:183} INFO - Processing /home/airflow/.local/lib/python3.12/site-packages/airflow/example_dags/example_branch_labels.py took 0.111 seconds
[2024-09-24T15:46:16.775+0000] {processor.py:161} INFO - Started process (PID=700) to work on /home/airflow/.local/lib/python3.12/site-packages/airflow/example_dags/example_branch_labels.py
[2024-09-24T15:46:16.777+0000] {processor.py:830} INFO - Processing file /home/airflow/.local/lib/python3.12/site-packages/airflow/example_dags/example_branch_labels.py for tasks to queue
[2024-09-24T15:46:16.779+0000] {logging_mixin.py:188} INFO - [2024-09-24T15:46:16.778+0000] {dagbag.py:545} INFO - Filling up the DagBag from /home/airflow/.local/lib/python3.12/site-packages/airflow/example_dags/example_branch_labels.py
[2024-09-24T15:46:16.787+0000] {processor.py:840} INFO - DAG(s) 'example_branch_labels' retrieved from /home/airflow/.local/lib/python3.12/site-packages/airflow/example_dags/example_branch_labels.py
[2024-09-24T15:46:16.810+0000] {logging_mixin.py:188} INFO - [2024-09-24T15:46:16.809+0000] {dag.py:3096} INFO - Sync 1 DAGs
[2024-09-24T15:46:16.836+0000] {logging_mixin.py:188} INFO - [2024-09-24T15:46:16.836+0000] {dag.py:3954} INFO - Setting next_dagrun for example_branch_labels to 2024-09-23 00:00:00+00:00, run_after=2024-09-24 00:00:00+00:00
[2024-09-24T15:46:16.857+0000] {processor.py:183} INFO - Processing /home/airflow/.local/lib/python3.12/site-packages/airflow/example_dags/example_branch_labels.py took 0.087 seconds
[2024-09-24T15:46:47.184+0000] {processor.py:161} INFO - Started process (PID=758) to work on /home/airflow/.local/lib/python3.12/site-packages/airflow/example_dags/example_branch_labels.py
[2024-09-24T15:46:47.185+0000] {processor.py:830} INFO - Processing file /home/airflow/.local/lib/python3.12/site-packages/airflow/example_dags/example_branch_labels.py for tasks to queue
[2024-09-24T15:46:47.187+0000] {logging_mixin.py:188} INFO - [2024-09-24T15:46:47.186+0000] {dagbag.py:545} INFO - Filling up the DagBag from /home/airflow/.local/lib/python3.12/site-packages/airflow/example_dags/example_branch_labels.py
[2024-09-24T15:46:47.195+0000] {processor.py:840} INFO - DAG(s) 'example_branch_labels' retrieved from /home/airflow/.local/lib/python3.12/site-packages/airflow/example_dags/example_branch_labels.py
[2024-09-24T15:46:47.218+0000] {logging_mixin.py:188} INFO - [2024-09-24T15:46:47.218+0000] {dag.py:3096} INFO - Sync 1 DAGs
[2024-09-24T15:46:47.246+0000] {logging_mixin.py:188} INFO - [2024-09-24T15:46:47.246+0000] {dag.py:3954} INFO - Setting next_dagrun for example_branch_labels to 2024-09-23 00:00:00+00:00, run_after=2024-09-24 00:00:00+00:00
[2024-09-24T15:46:47.267+0000] {processor.py:183} INFO - Processing /home/airflow/.local/lib/python3.12/site-packages/airflow/example_dags/example_branch_labels.py took 0.089 seconds
[2024-09-24T15:47:17.323+0000] {processor.py:161} INFO - Started process (PID=816) to work on /home/airflow/.local/lib/python3.12/site-packages/airflow/example_dags/example_branch_labels.py
[2024-09-24T15:47:17.324+0000] {processor.py:830} INFO - Processing file /home/airflow/.local/lib/python3.12/site-packages/airflow/example_dags/example_branch_labels.py for tasks to queue
[2024-09-24T15:47:17.326+0000] {logging_mixin.py:188} INFO - [2024-09-24T15:47:17.326+0000] {dagbag.py:545} INFO - Filling up the DagBag from /home/airflow/.local/lib/python3.12/site-packages/airflow/example_dags/example_branch_labels.py
[2024-09-24T15:47:17.336+0000] {processor.py:840} INFO - DAG(s) 'example_branch_labels' retrieved from /home/airflow/.local/lib/python3.12/site-packages/airflow/example_dags/example_branch_labels.py
[2024-09-24T15:47:17.360+0000] {logging_mixin.py:188} INFO - [2024-09-24T15:47:17.360+0000] {dag.py:3096} INFO - Sync 1 DAGs
[2024-09-24T15:47:17.391+0000] {logging_mixin.py:188} INFO - [2024-09-24T15:47:17.391+0000] {dag.py:3954} INFO - Setting next_dagrun for example_branch_labels to 2024-09-23 00:00:00+00:00, run_after=2024-09-24 00:00:00+00:00
[2024-09-24T15:47:17.413+0000] {processor.py:183} INFO - Processing /home/airflow/.local/lib/python3.12/site-packages/airflow/example_dags/example_branch_labels.py took 0.096 seconds
[2024-09-24T15:47:47.515+0000] {processor.py:161} INFO - Started process (PID=874) to work on /home/airflow/.local/lib/python3.12/site-packages/airflow/example_dags/example_branch_labels.py
[2024-09-24T15:47:47.516+0000] {processor.py:830} INFO - Processing file /home/airflow/.local/lib/python3.12/site-packages/airflow/example_dags/example_branch_labels.py for tasks to queue
[2024-09-24T15:47:47.518+0000] {logging_mixin.py:188} INFO - [2024-09-24T15:47:47.518+0000] {dagbag.py:545} INFO - Filling up the DagBag from /home/airflow/.local/lib/python3.12/site-packages/airflow/example_dags/example_branch_labels.py
[2024-09-24T15:47:47.527+0000] {processor.py:840} INFO - DAG(s) 'example_branch_labels' retrieved from /home/airflow/.local/lib/python3.12/site-packages/airflow/example_dags/example_branch_labels.py
[2024-09-24T15:47:47.551+0000] {logging_mixin.py:188} INFO - [2024-09-24T15:47:47.550+0000] {dag.py:3096} INFO - Sync 1 DAGs
[2024-09-24T15:47:47.576+0000] {logging_mixin.py:188} INFO - [2024-09-24T15:47:47.575+0000] {dag.py:3954} INFO - Setting next_dagrun for example_branch_labels to 2024-09-23 00:00:00+00:00, run_after=2024-09-24 00:00:00+00:00
[2024-09-24T15:47:47.594+0000] {processor.py:183} INFO - Processing /home/airflow/.local/lib/python3.12/site-packages/airflow/example_dags/example_branch_labels.py took 0.086 seconds
[2024-09-24T15:48:18.002+0000] {processor.py:161} INFO - Started process (PID=932) to work on /home/airflow/.local/lib/python3.12/site-packages/airflow/example_dags/example_branch_labels.py
[2024-09-24T15:48:18.003+0000] {processor.py:830} INFO - Processing file /home/airflow/.local/lib/python3.12/site-packages/airflow/example_dags/example_branch_labels.py for tasks to queue
[2024-09-24T15:48:18.006+0000] {logging_mixin.py:188} INFO - [2024-09-24T15:48:18.006+0000] {dagbag.py:545} INFO - Filling up the DagBag from /home/airflow/.local/lib/python3.12/site-packages/airflow/example_dags/example_branch_labels.py
[2024-09-24T15:48:18.014+0000] {processor.py:840} INFO - DAG(s) 'example_branch_labels' retrieved from /home/airflow/.local/lib/python3.12/site-packages/airflow/example_dags/example_branch_labels.py
[2024-09-24T15:48:18.039+0000] {logging_mixin.py:188} INFO - [2024-09-24T15:48:18.039+0000] {dag.py:3096} INFO - Sync 1 DAGs
[2024-09-24T15:48:18.071+0000] {logging_mixin.py:188} INFO - [2024-09-24T15:48:18.070+0000] {dag.py:3954} INFO - Setting next_dagrun for example_branch_labels to 2024-09-23 00:00:00+00:00, run_after=2024-09-24 00:00:00+00:00
[2024-09-24T15:48:18.091+0000] {processor.py:183} INFO - Processing /home/airflow/.local/lib/python3.12/site-packages/airflow/example_dags/example_branch_labels.py took 0.095 seconds
[2024-09-24T15:48:48.609+0000] {processor.py:161} INFO - Started process (PID=990) to work on /home/airflow/.local/lib/python3.12/site-packages/airflow/example_dags/example_branch_labels.py
[2024-09-24T15:48:48.610+0000] {processor.py:830} INFO - Processing file /home/airflow/.local/lib/python3.12/site-packages/airflow/example_dags/example_branch_labels.py for tasks to queue
[2024-09-24T15:48:48.612+0000] {logging_mixin.py:188} INFO - [2024-09-24T15:48:48.612+0000] {dagbag.py:545} INFO - Filling up the DagBag from /home/airflow/.local/lib/python3.12/site-packages/airflow/example_dags/example_branch_labels.py
[2024-09-24T15:48:48.621+0000] {processor.py:840} INFO - DAG(s) 'example_branch_labels' retrieved from /home/airflow/.local/lib/python3.12/site-packages/airflow/example_dags/example_branch_labels.py
[2024-09-24T15:48:48.647+0000] {logging_mixin.py:188} INFO - [2024-09-24T15:48:48.647+0000] {dag.py:3096} INFO - Sync 1 DAGs
[2024-09-24T15:48:48.678+0000] {logging_mixin.py:188} INFO - [2024-09-24T15:48:48.677+0000] {dag.py:3954} INFO - Setting next_dagrun for example_branch_labels to 2024-09-23 00:00:00+00:00, run_after=2024-09-24 00:00:00+00:00
[2024-09-24T15:48:48.704+0000] {processor.py:183} INFO - Processing /home/airflow/.local/lib/python3.12/site-packages/airflow/example_dags/example_branch_labels.py took 0.103 seconds
[2024-09-24T15:49:18.929+0000] {processor.py:161} INFO - Started process (PID=1049) to work on /home/airflow/.local/lib/python3.12/site-packages/airflow/example_dags/example_branch_labels.py
[2024-09-24T15:49:18.930+0000] {processor.py:830} INFO - Processing file /home/airflow/.local/lib/python3.12/site-packages/airflow/example_dags/example_branch_labels.py for tasks to queue
[2024-09-24T15:49:18.932+0000] {logging_mixin.py:188} INFO - [2024-09-24T15:49:18.932+0000] {dagbag.py:545} INFO - Filling up the DagBag from /home/airflow/.local/lib/python3.12/site-packages/airflow/example_dags/example_branch_labels.py
[2024-09-24T15:49:18.941+0000] {processor.py:840} INFO - DAG(s) 'example_branch_labels' retrieved from /home/airflow/.local/lib/python3.12/site-packages/airflow/example_dags/example_branch_labels.py
[2024-09-24T15:49:18.963+0000] {logging_mixin.py:188} INFO - [2024-09-24T15:49:18.963+0000] {dag.py:3096} INFO - Sync 1 DAGs
[2024-09-24T15:49:18.990+0000] {logging_mixin.py:188} INFO - [2024-09-24T15:49:18.989+0000] {dag.py:3954} INFO - Setting next_dagrun for example_branch_labels to 2024-09-23 00:00:00+00:00, run_after=2024-09-24 00:00:00+00:00
[2024-09-24T15:49:19.011+0000] {processor.py:183} INFO - Processing /home/airflow/.local/lib/python3.12/site-packages/airflow/example_dags/example_branch_labels.py took 0.089 seconds
[2024-09-24T15:49:49.388+0000] {processor.py:161} INFO - Started process (PID=1107) to work on /home/airflow/.local/lib/python3.12/site-packages/airflow/example_dags/example_branch_labels.py
[2024-09-24T15:49:49.389+0000] {processor.py:830} INFO - Processing file /home/airflow/.local/lib/python3.12/site-packages/airflow/example_dags/example_branch_labels.py for tasks to queue
[2024-09-24T15:49:49.392+0000] {logging_mixin.py:188} INFO - [2024-09-24T15:49:49.392+0000] {dagbag.py:545} INFO - Filling up the DagBag from /home/airflow/.local/lib/python3.12/site-packages/airflow/example_dags/example_branch_labels.py
[2024-09-24T15:49:49.402+0000] {processor.py:840} INFO - DAG(s) 'example_branch_labels' retrieved from /home/airflow/.local/lib/python3.12/site-packages/airflow/example_dags/example_branch_labels.py
[2024-09-24T15:49:49.426+0000] {logging_mixin.py:188} INFO - [2024-09-24T15:49:49.425+0000] {dag.py:3096} INFO - Sync 1 DAGs
[2024-09-24T15:49:49.451+0000] {logging_mixin.py:188} INFO - [2024-09-24T15:49:49.451+0000] {dag.py:3954} INFO - Setting next_dagrun for example_branch_labels to 2024-09-23 00:00:00+00:00, run_after=2024-09-24 00:00:00+00:00
[2024-09-24T15:49:49.471+0000] {processor.py:183} INFO - Processing /home/airflow/.local/lib/python3.12/site-packages/airflow/example_dags/example_branch_labels.py took 0.092 seconds
[2024-09-24T15:50:19.831+0000] {processor.py:161} INFO - Started process (PID=1165) to work on /home/airflow/.local/lib/python3.12/site-packages/airflow/example_dags/example_branch_labels.py
[2024-09-24T15:50:19.834+0000] {processor.py:830} INFO - Processing file /home/airflow/.local/lib/python3.12/site-packages/airflow/example_dags/example_branch_labels.py for tasks to queue
[2024-09-24T15:50:19.837+0000] {logging_mixin.py:188} INFO - [2024-09-24T15:50:19.837+0000] {dagbag.py:545} INFO - Filling up the DagBag from /home/airflow/.local/lib/python3.12/site-packages/airflow/example_dags/example_branch_labels.py
[2024-09-24T15:50:19.847+0000] {processor.py:840} INFO - DAG(s) 'example_branch_labels' retrieved from /home/airflow/.local/lib/python3.12/site-packages/airflow/example_dags/example_branch_labels.py
[2024-09-24T15:50:19.876+0000] {logging_mixin.py:188} INFO - [2024-09-24T15:50:19.876+0000] {dag.py:3096} INFO - Sync 1 DAGs
[2024-09-24T15:50:19.909+0000] {logging_mixin.py:188} INFO - [2024-09-24T15:50:19.909+0000] {dag.py:3954} INFO - Setting next_dagrun for example_branch_labels to 2024-09-23 00:00:00+00:00, run_after=2024-09-24 00:00:00+00:00
[2024-09-24T15:50:19.939+0000] {processor.py:183} INFO - Processing /home/airflow/.local/lib/python3.12/site-packages/airflow/example_dags/example_branch_labels.py took 0.117 seconds
[2024-09-24T15:50:50.032+0000] {processor.py:161} INFO - Started process (PID=1224) to work on /home/airflow/.local/lib/python3.12/site-packages/airflow/example_dags/example_branch_labels.py
[2024-09-24T15:50:50.033+0000] {processor.py:830} INFO - Processing file /home/airflow/.local/lib/python3.12/site-packages/airflow/example_dags/example_branch_labels.py for tasks to queue
[2024-09-24T15:50:50.036+0000] {logging_mixin.py:188} INFO - [2024-09-24T15:50:50.035+0000] {dagbag.py:545} INFO - Filling up the DagBag from /home/airflow/.local/lib/python3.12/site-packages/airflow/example_dags/example_branch_labels.py
[2024-09-24T15:50:50.044+0000] {processor.py:840} INFO - DAG(s) 'example_branch_labels' retrieved from /home/airflow/.local/lib/python3.12/site-packages/airflow/example_dags/example_branch_labels.py
[2024-09-24T15:50:50.068+0000] {logging_mixin.py:188} INFO - [2024-09-24T15:50:50.068+0000] {dag.py:3096} INFO - Sync 1 DAGs
[2024-09-24T15:50:50.096+0000] {logging_mixin.py:188} INFO - [2024-09-24T15:50:50.096+0000] {dag.py:3954} INFO - Setting next_dagrun for example_branch_labels to 2024-09-23 00:00:00+00:00, run_after=2024-09-24 00:00:00+00:00
[2024-09-24T15:50:50.116+0000] {processor.py:183} INFO - Processing /home/airflow/.local/lib/python3.12/site-packages/airflow/example_dags/example_branch_labels.py took 0.092 seconds
[2024-09-24T15:51:20.454+0000] {processor.py:161} INFO - Started process (PID=1282) to work on /home/airflow/.local/lib/python3.12/site-packages/airflow/example_dags/example_branch_labels.py
[2024-09-24T15:51:20.455+0000] {processor.py:830} INFO - Processing file /home/airflow/.local/lib/python3.12/site-packages/airflow/example_dags/example_branch_labels.py for tasks to queue
[2024-09-24T15:51:20.458+0000] {logging_mixin.py:188} INFO - [2024-09-24T15:51:20.458+0000] {dagbag.py:545} INFO - Filling up the DagBag from /home/airflow/.local/lib/python3.12/site-packages/airflow/example_dags/example_branch_labels.py
[2024-09-24T15:51:20.466+0000] {processor.py:840} INFO - DAG(s) 'example_branch_labels' retrieved from /home/airflow/.local/lib/python3.12/site-packages/airflow/example_dags/example_branch_labels.py
[2024-09-24T15:51:20.493+0000] {logging_mixin.py:188} INFO - [2024-09-24T15:51:20.493+0000] {dag.py:3096} INFO - Sync 1 DAGs
[2024-09-24T15:51:20.522+0000] {logging_mixin.py:188} INFO - [2024-09-24T15:51:20.522+0000] {dag.py:3954} INFO - Setting next_dagrun for example_branch_labels to 2024-09-23 00:00:00+00:00, run_after=2024-09-24 00:00:00+00:00
[2024-09-24T15:51:20.545+0000] {processor.py:183} INFO - Processing /home/airflow/.local/lib/python3.12/site-packages/airflow/example_dags/example_branch_labels.py took 0.097 seconds
[2024-09-24T15:51:50.944+0000] {processor.py:161} INFO - Started process (PID=1340) to work on /home/airflow/.local/lib/python3.12/site-packages/airflow/example_dags/example_branch_labels.py
[2024-09-24T15:51:50.946+0000] {processor.py:830} INFO - Processing file /home/airflow/.local/lib/python3.12/site-packages/airflow/example_dags/example_branch_labels.py for tasks to queue
[2024-09-24T15:51:50.949+0000] {logging_mixin.py:188} INFO - [2024-09-24T15:51:50.948+0000] {dagbag.py:545} INFO - Filling up the DagBag from /home/airflow/.local/lib/python3.12/site-packages/airflow/example_dags/example_branch_labels.py
[2024-09-24T15:51:50.959+0000] {processor.py:840} INFO - DAG(s) 'example_branch_labels' retrieved from /home/airflow/.local/lib/python3.12/site-packages/airflow/example_dags/example_branch_labels.py
[2024-09-24T15:51:50.996+0000] {logging_mixin.py:188} INFO - [2024-09-24T15:51:50.995+0000] {dag.py:3096} INFO - Sync 1 DAGs
[2024-09-24T15:51:51.040+0000] {logging_mixin.py:188} INFO - [2024-09-24T15:51:51.040+0000] {dag.py:3954} INFO - Setting next_dagrun for example_branch_labels to 2024-09-23 00:00:00+00:00, run_after=2024-09-24 00:00:00+00:00
[2024-09-24T15:51:51.079+0000] {processor.py:183} INFO - Processing /home/airflow/.local/lib/python3.12/site-packages/airflow/example_dags/example_branch_labels.py took 0.143 seconds
[2024-09-24T15:52:21.257+0000] {processor.py:161} INFO - Started process (PID=1398) to work on /home/airflow/.local/lib/python3.12/site-packages/airflow/example_dags/example_branch_labels.py
[2024-09-24T15:52:21.259+0000] {processor.py:830} INFO - Processing file /home/airflow/.local/lib/python3.12/site-packages/airflow/example_dags/example_branch_labels.py for tasks to queue
[2024-09-24T15:52:21.261+0000] {logging_mixin.py:188} INFO - [2024-09-24T15:52:21.261+0000] {dagbag.py:545} INFO - Filling up the DagBag from /home/airflow/.local/lib/python3.12/site-packages/airflow/example_dags/example_branch_labels.py
[2024-09-24T15:52:21.273+0000] {processor.py:840} INFO - DAG(s) 'example_branch_labels' retrieved from /home/airflow/.local/lib/python3.12/site-packages/airflow/example_dags/example_branch_labels.py
[2024-09-24T15:52:21.295+0000] {logging_mixin.py:188} INFO - [2024-09-24T15:52:21.295+0000] {dag.py:3096} INFO - Sync 1 DAGs
[2024-09-24T15:52:21.320+0000] {logging_mixin.py:188} INFO - [2024-09-24T15:52:21.320+0000] {dag.py:3954} INFO - Setting next_dagrun for example_branch_labels to 2024-09-23 00:00:00+00:00, run_after=2024-09-24 00:00:00+00:00
[2024-09-24T15:52:21.341+0000] {processor.py:183} INFO - Processing /home/airflow/.local/lib/python3.12/site-packages/airflow/example_dags/example_branch_labels.py took 0.091 seconds
[2024-09-24T15:52:51.615+0000] {processor.py:161} INFO - Started process (PID=1456) to work on /home/airflow/.local/lib/python3.12/site-packages/airflow/example_dags/example_branch_labels.py
[2024-09-24T15:52:51.616+0000] {processor.py:830} INFO - Processing file /home/airflow/.local/lib/python3.12/site-packages/airflow/example_dags/example_branch_labels.py for tasks to queue
[2024-09-24T15:52:51.619+0000] {logging_mixin.py:188} INFO - [2024-09-24T15:52:51.618+0000] {dagbag.py:545} INFO - Filling up the DagBag from /home/airflow/.local/lib/python3.12/site-packages/airflow/example_dags/example_branch_labels.py
[2024-09-24T15:52:51.628+0000] {processor.py:840} INFO - DAG(s) 'example_branch_labels' retrieved from /home/airflow/.local/lib/python3.12/site-packages/airflow/example_dags/example_branch_labels.py
[2024-09-24T15:52:51.650+0000] {logging_mixin.py:188} INFO - [2024-09-24T15:52:51.650+0000] {dag.py:3096} INFO - Sync 1 DAGs
[2024-09-24T15:52:51.675+0000] {logging_mixin.py:188} INFO - [2024-09-24T15:52:51.674+0000] {dag.py:3954} INFO - Setting next_dagrun for example_branch_labels to 2024-09-23 00:00:00+00:00, run_after=2024-09-24 00:00:00+00:00
[2024-09-24T15:52:51.695+0000] {processor.py:183} INFO - Processing /home/airflow/.local/lib/python3.12/site-packages/airflow/example_dags/example_branch_labels.py took 0.088 seconds
[2024-09-24T15:53:22.122+0000] {processor.py:161} INFO - Started process (PID=1514) to work on /home/airflow/.local/lib/python3.12/site-packages/airflow/example_dags/example_branch_labels.py
[2024-09-24T15:53:22.123+0000] {processor.py:830} INFO - Processing file /home/airflow/.local/lib/python3.12/site-packages/airflow/example_dags/example_branch_labels.py for tasks to queue
[2024-09-24T15:53:22.126+0000] {logging_mixin.py:188} INFO - [2024-09-24T15:53:22.125+0000] {dagbag.py:545} INFO - Filling up the DagBag from /home/airflow/.local/lib/python3.12/site-packages/airflow/example_dags/example_branch_labels.py
[2024-09-24T15:53:22.135+0000] {processor.py:840} INFO - DAG(s) 'example_branch_labels' retrieved from /home/airflow/.local/lib/python3.12/site-packages/airflow/example_dags/example_branch_labels.py
[2024-09-24T15:53:22.163+0000] {logging_mixin.py:188} INFO - [2024-09-24T15:53:22.163+0000] {dag.py:3096} INFO - Sync 1 DAGs
[2024-09-24T15:53:22.198+0000] {logging_mixin.py:188} INFO - [2024-09-24T15:53:22.197+0000] {dag.py:3954} INFO - Setting next_dagrun for example_branch_labels to 2024-09-23 00:00:00+00:00, run_after=2024-09-24 00:00:00+00:00
[2024-09-24T15:53:22.224+0000] {processor.py:183} INFO - Processing /home/airflow/.local/lib/python3.12/site-packages/airflow/example_dags/example_branch_labels.py took 0.112 seconds
