[2024-09-24T15:40:44.829+0000] {processor.py:161} INFO - Started process (PID=78) to work on /home/airflow/.local/lib/python3.12/site-packages/airflow/example_dags/example_complex.py
[2024-09-24T15:40:44.831+0000] {processor.py:830} INFO - Processing file /home/airflow/.local/lib/python3.12/site-packages/airflow/example_dags/example_complex.py for tasks to queue
[2024-09-24T15:40:44.834+0000] {logging_mixin.py:188} INFO - [2024-09-24T15:40:44.833+0000] {dagbag.py:545} INFO - Filling up the DagBag from /home/airflow/.local/lib/python3.12/site-packages/airflow/example_dags/example_complex.py
[2024-09-24T15:40:44.857+0000] {processor.py:840} INFO - DAG(s) 'example_complex' retrieved from /home/airflow/.local/lib/python3.12/site-packages/airflow/example_dags/example_complex.py
[2024-09-24T15:40:45.063+0000] {logging_mixin.py:188} INFO - [2024-09-24T15:40:45.063+0000] {dag.py:3096} INFO - Sync 1 DAGs
[2024-09-24T15:40:45.080+0000] {logging_mixin.py:188} INFO - [2024-09-24T15:40:45.080+0000] {dag.py:3954} INFO - Setting next_dagrun for example_complex to None, run_after=None
[2024-09-24T15:40:45.117+0000] {processor.py:183} INFO - Processing /home/airflow/.local/lib/python3.12/site-packages/airflow/example_dags/example_complex.py took 0.297 seconds
[2024-09-24T15:41:15.745+0000] {processor.py:161} INFO - Started process (PID=136) to work on /home/airflow/.local/lib/python3.12/site-packages/airflow/example_dags/example_complex.py
[2024-09-24T15:41:15.746+0000] {processor.py:830} INFO - Processing file /home/airflow/.local/lib/python3.12/site-packages/airflow/example_dags/example_complex.py for tasks to queue
[2024-09-24T15:41:15.749+0000] {logging_mixin.py:188} INFO - [2024-09-24T15:41:15.748+0000] {dagbag.py:545} INFO - Filling up the DagBag from /home/airflow/.local/lib/python3.12/site-packages/airflow/example_dags/example_complex.py
[2024-09-24T15:41:15.761+0000] {processor.py:840} INFO - DAG(s) 'example_complex' retrieved from /home/airflow/.local/lib/python3.12/site-packages/airflow/example_dags/example_complex.py
[2024-09-24T15:41:15.796+0000] {logging_mixin.py:188} INFO - [2024-09-24T15:41:15.795+0000] {dag.py:3096} INFO - Sync 1 DAGs
[2024-09-24T15:41:15.815+0000] {logging_mixin.py:188} INFO - [2024-09-24T15:41:15.814+0000] {dag.py:3954} INFO - Setting next_dagrun for example_complex to None, run_after=None
[2024-09-24T15:41:15.835+0000] {processor.py:183} INFO - Processing /home/airflow/.local/lib/python3.12/site-packages/airflow/example_dags/example_complex.py took 0.097 seconds
[2024-09-24T15:41:46.060+0000] {processor.py:161} INFO - Started process (PID=194) to work on /home/airflow/.local/lib/python3.12/site-packages/airflow/example_dags/example_complex.py
[2024-09-24T15:41:46.061+0000] {processor.py:830} INFO - Processing file /home/airflow/.local/lib/python3.12/site-packages/airflow/example_dags/example_complex.py for tasks to queue
[2024-09-24T15:41:46.063+0000] {logging_mixin.py:188} INFO - [2024-09-24T15:41:46.063+0000] {dagbag.py:545} INFO - Filling up the DagBag from /home/airflow/.local/lib/python3.12/site-packages/airflow/example_dags/example_complex.py
[2024-09-24T15:41:46.076+0000] {processor.py:840} INFO - DAG(s) 'example_complex' retrieved from /home/airflow/.local/lib/python3.12/site-packages/airflow/example_dags/example_complex.py
[2024-09-24T15:41:46.173+0000] {logging_mixin.py:188} INFO - [2024-09-24T15:41:46.173+0000] {dag.py:3096} INFO - Sync 1 DAGs
[2024-09-24T15:41:46.192+0000] {logging_mixin.py:188} INFO - [2024-09-24T15:41:46.191+0000] {dag.py:3954} INFO - Setting next_dagrun for example_complex to None, run_after=None
[2024-09-24T15:41:46.219+0000] {processor.py:183} INFO - Processing /home/airflow/.local/lib/python3.12/site-packages/airflow/example_dags/example_complex.py took 0.168 seconds
[2024-09-24T15:42:16.427+0000] {processor.py:161} INFO - Started process (PID=252) to work on /home/airflow/.local/lib/python3.12/site-packages/airflow/example_dags/example_complex.py
[2024-09-24T15:42:16.428+0000] {processor.py:830} INFO - Processing file /home/airflow/.local/lib/python3.12/site-packages/airflow/example_dags/example_complex.py for tasks to queue
[2024-09-24T15:42:16.430+0000] {logging_mixin.py:188} INFO - [2024-09-24T15:42:16.430+0000] {dagbag.py:545} INFO - Filling up the DagBag from /home/airflow/.local/lib/python3.12/site-packages/airflow/example_dags/example_complex.py
[2024-09-24T15:42:16.442+0000] {processor.py:840} INFO - DAG(s) 'example_complex' retrieved from /home/airflow/.local/lib/python3.12/site-packages/airflow/example_dags/example_complex.py
[2024-09-24T15:42:16.485+0000] {logging_mixin.py:188} INFO - [2024-09-24T15:42:16.484+0000] {dag.py:3096} INFO - Sync 1 DAGs
[2024-09-24T15:42:16.499+0000] {logging_mixin.py:188} INFO - [2024-09-24T15:42:16.499+0000] {dag.py:3954} INFO - Setting next_dagrun for example_complex to None, run_after=None
[2024-09-24T15:42:16.521+0000] {processor.py:183} INFO - Processing /home/airflow/.local/lib/python3.12/site-packages/airflow/example_dags/example_complex.py took 0.101 seconds
[2024-09-24T15:42:46.784+0000] {processor.py:161} INFO - Started process (PID=310) to work on /home/airflow/.local/lib/python3.12/site-packages/airflow/example_dags/example_complex.py
[2024-09-24T15:42:46.785+0000] {processor.py:830} INFO - Processing file /home/airflow/.local/lib/python3.12/site-packages/airflow/example_dags/example_complex.py for tasks to queue
[2024-09-24T15:42:46.788+0000] {logging_mixin.py:188} INFO - [2024-09-24T15:42:46.787+0000] {dagbag.py:545} INFO - Filling up the DagBag from /home/airflow/.local/lib/python3.12/site-packages/airflow/example_dags/example_complex.py
[2024-09-24T15:42:46.802+0000] {processor.py:840} INFO - DAG(s) 'example_complex' retrieved from /home/airflow/.local/lib/python3.12/site-packages/airflow/example_dags/example_complex.py
[2024-09-24T15:42:46.844+0000] {logging_mixin.py:188} INFO - [2024-09-24T15:42:46.844+0000] {dag.py:3096} INFO - Sync 1 DAGs
[2024-09-24T15:42:46.861+0000] {logging_mixin.py:188} INFO - [2024-09-24T15:42:46.861+0000] {dag.py:3954} INFO - Setting next_dagrun for example_complex to None, run_after=None
[2024-09-24T15:42:46.882+0000] {processor.py:183} INFO - Processing /home/airflow/.local/lib/python3.12/site-packages/airflow/example_dags/example_complex.py took 0.104 seconds
[2024-09-24T15:43:17.527+0000] {processor.py:161} INFO - Started process (PID=368) to work on /home/airflow/.local/lib/python3.12/site-packages/airflow/example_dags/example_complex.py
[2024-09-24T15:43:17.528+0000] {processor.py:830} INFO - Processing file /home/airflow/.local/lib/python3.12/site-packages/airflow/example_dags/example_complex.py for tasks to queue
[2024-09-24T15:43:17.531+0000] {logging_mixin.py:188} INFO - [2024-09-24T15:43:17.530+0000] {dagbag.py:545} INFO - Filling up the DagBag from /home/airflow/.local/lib/python3.12/site-packages/airflow/example_dags/example_complex.py
[2024-09-24T15:43:17.543+0000] {processor.py:840} INFO - DAG(s) 'example_complex' retrieved from /home/airflow/.local/lib/python3.12/site-packages/airflow/example_dags/example_complex.py
[2024-09-24T15:43:17.580+0000] {logging_mixin.py:188} INFO - [2024-09-24T15:43:17.579+0000] {dag.py:3096} INFO - Sync 1 DAGs
[2024-09-24T15:43:17.600+0000] {logging_mixin.py:188} INFO - [2024-09-24T15:43:17.600+0000] {dag.py:3954} INFO - Setting next_dagrun for example_complex to None, run_after=None
[2024-09-24T15:43:17.619+0000] {processor.py:183} INFO - Processing /home/airflow/.local/lib/python3.12/site-packages/airflow/example_dags/example_complex.py took 0.099 seconds
[2024-09-24T15:43:47.748+0000] {processor.py:161} INFO - Started process (PID=426) to work on /home/airflow/.local/lib/python3.12/site-packages/airflow/example_dags/example_complex.py
[2024-09-24T15:43:47.749+0000] {processor.py:830} INFO - Processing file /home/airflow/.local/lib/python3.12/site-packages/airflow/example_dags/example_complex.py for tasks to queue
[2024-09-24T15:43:47.751+0000] {logging_mixin.py:188} INFO - [2024-09-24T15:43:47.751+0000] {dagbag.py:545} INFO - Filling up the DagBag from /home/airflow/.local/lib/python3.12/site-packages/airflow/example_dags/example_complex.py
[2024-09-24T15:43:47.763+0000] {processor.py:840} INFO - DAG(s) 'example_complex' retrieved from /home/airflow/.local/lib/python3.12/site-packages/airflow/example_dags/example_complex.py
[2024-09-24T15:43:47.799+0000] {logging_mixin.py:188} INFO - [2024-09-24T15:43:47.798+0000] {dag.py:3096} INFO - Sync 1 DAGs
[2024-09-24T15:43:47.814+0000] {logging_mixin.py:188} INFO - [2024-09-24T15:43:47.814+0000] {dag.py:3954} INFO - Setting next_dagrun for example_complex to None, run_after=None
[2024-09-24T15:43:47.834+0000] {processor.py:183} INFO - Processing /home/airflow/.local/lib/python3.12/site-packages/airflow/example_dags/example_complex.py took 0.093 seconds
[2024-09-24T15:44:18.492+0000] {processor.py:161} INFO - Started process (PID=484) to work on /home/airflow/.local/lib/python3.12/site-packages/airflow/example_dags/example_complex.py
[2024-09-24T15:44:18.493+0000] {processor.py:830} INFO - Processing file /home/airflow/.local/lib/python3.12/site-packages/airflow/example_dags/example_complex.py for tasks to queue
[2024-09-24T15:44:18.496+0000] {logging_mixin.py:188} INFO - [2024-09-24T15:44:18.495+0000] {dagbag.py:545} INFO - Filling up the DagBag from /home/airflow/.local/lib/python3.12/site-packages/airflow/example_dags/example_complex.py
[2024-09-24T15:44:18.516+0000] {processor.py:840} INFO - DAG(s) 'example_complex' retrieved from /home/airflow/.local/lib/python3.12/site-packages/airflow/example_dags/example_complex.py
[2024-09-24T15:44:18.598+0000] {logging_mixin.py:188} INFO - [2024-09-24T15:44:18.597+0000] {dag.py:3096} INFO - Sync 1 DAGs
[2024-09-24T15:44:18.644+0000] {logging_mixin.py:188} INFO - [2024-09-24T15:44:18.644+0000] {dag.py:3954} INFO - Setting next_dagrun for example_complex to None, run_after=None
[2024-09-24T15:44:18.688+0000] {processor.py:183} INFO - Processing /home/airflow/.local/lib/python3.12/site-packages/airflow/example_dags/example_complex.py took 0.205 seconds
[2024-09-24T15:44:48.803+0000] {processor.py:161} INFO - Started process (PID=542) to work on /home/airflow/.local/lib/python3.12/site-packages/airflow/example_dags/example_complex.py
[2024-09-24T15:44:48.805+0000] {processor.py:830} INFO - Processing file /home/airflow/.local/lib/python3.12/site-packages/airflow/example_dags/example_complex.py for tasks to queue
[2024-09-24T15:44:48.806+0000] {logging_mixin.py:188} INFO - [2024-09-24T15:44:48.806+0000] {dagbag.py:545} INFO - Filling up the DagBag from /home/airflow/.local/lib/python3.12/site-packages/airflow/example_dags/example_complex.py
[2024-09-24T15:44:48.818+0000] {processor.py:840} INFO - DAG(s) 'example_complex' retrieved from /home/airflow/.local/lib/python3.12/site-packages/airflow/example_dags/example_complex.py
[2024-09-24T15:44:48.853+0000] {logging_mixin.py:188} INFO - [2024-09-24T15:44:48.853+0000] {dag.py:3096} INFO - Sync 1 DAGs
[2024-09-24T15:44:48.872+0000] {logging_mixin.py:188} INFO - [2024-09-24T15:44:48.872+0000] {dag.py:3954} INFO - Setting next_dagrun for example_complex to None, run_after=None
[2024-09-24T15:44:48.910+0000] {processor.py:183} INFO - Processing /home/airflow/.local/lib/python3.12/site-packages/airflow/example_dags/example_complex.py took 0.113 seconds
[2024-09-24T15:45:18.991+0000] {processor.py:161} INFO - Started process (PID=600) to work on /home/airflow/.local/lib/python3.12/site-packages/airflow/example_dags/example_complex.py
[2024-09-24T15:45:18.992+0000] {processor.py:830} INFO - Processing file /home/airflow/.local/lib/python3.12/site-packages/airflow/example_dags/example_complex.py for tasks to queue
[2024-09-24T15:45:18.994+0000] {logging_mixin.py:188} INFO - [2024-09-24T15:45:18.993+0000] {dagbag.py:545} INFO - Filling up the DagBag from /home/airflow/.local/lib/python3.12/site-packages/airflow/example_dags/example_complex.py
[2024-09-24T15:45:19.007+0000] {processor.py:840} INFO - DAG(s) 'example_complex' retrieved from /home/airflow/.local/lib/python3.12/site-packages/airflow/example_dags/example_complex.py
[2024-09-24T15:45:19.041+0000] {logging_mixin.py:188} INFO - [2024-09-24T15:45:19.041+0000] {dag.py:3096} INFO - Sync 1 DAGs
[2024-09-24T15:45:19.056+0000] {logging_mixin.py:188} INFO - [2024-09-24T15:45:19.056+0000] {dag.py:3954} INFO - Setting next_dagrun for example_complex to None, run_after=None
[2024-09-24T15:45:19.079+0000] {processor.py:183} INFO - Processing /home/airflow/.local/lib/python3.12/site-packages/airflow/example_dags/example_complex.py took 0.095 seconds
[2024-09-24T15:45:49.193+0000] {processor.py:161} INFO - Started process (PID=658) to work on /home/airflow/.local/lib/python3.12/site-packages/airflow/example_dags/example_complex.py
[2024-09-24T15:45:49.194+0000] {processor.py:830} INFO - Processing file /home/airflow/.local/lib/python3.12/site-packages/airflow/example_dags/example_complex.py for tasks to queue
[2024-09-24T15:45:49.196+0000] {logging_mixin.py:188} INFO - [2024-09-24T15:45:49.196+0000] {dagbag.py:545} INFO - Filling up the DagBag from /home/airflow/.local/lib/python3.12/site-packages/airflow/example_dags/example_complex.py
[2024-09-24T15:45:49.209+0000] {processor.py:840} INFO - DAG(s) 'example_complex' retrieved from /home/airflow/.local/lib/python3.12/site-packages/airflow/example_dags/example_complex.py
[2024-09-24T15:45:49.246+0000] {logging_mixin.py:188} INFO - [2024-09-24T15:45:49.246+0000] {dag.py:3096} INFO - Sync 1 DAGs
[2024-09-24T15:45:49.261+0000] {logging_mixin.py:188} INFO - [2024-09-24T15:45:49.261+0000] {dag.py:3954} INFO - Setting next_dagrun for example_complex to None, run_after=None
[2024-09-24T15:45:49.284+0000] {processor.py:183} INFO - Processing /home/airflow/.local/lib/python3.12/site-packages/airflow/example_dags/example_complex.py took 0.098 seconds
[2024-09-24T15:46:19.734+0000] {processor.py:161} INFO - Started process (PID=716) to work on /home/airflow/.local/lib/python3.12/site-packages/airflow/example_dags/example_complex.py
[2024-09-24T15:46:19.736+0000] {processor.py:830} INFO - Processing file /home/airflow/.local/lib/python3.12/site-packages/airflow/example_dags/example_complex.py for tasks to queue
[2024-09-24T15:46:19.740+0000] {logging_mixin.py:188} INFO - [2024-09-24T15:46:19.739+0000] {dagbag.py:545} INFO - Filling up the DagBag from /home/airflow/.local/lib/python3.12/site-packages/airflow/example_dags/example_complex.py
[2024-09-24T15:46:19.754+0000] {processor.py:840} INFO - DAG(s) 'example_complex' retrieved from /home/airflow/.local/lib/python3.12/site-packages/airflow/example_dags/example_complex.py
[2024-09-24T15:46:19.793+0000] {logging_mixin.py:188} INFO - [2024-09-24T15:46:19.792+0000] {dag.py:3096} INFO - Sync 1 DAGs
[2024-09-24T15:46:19.809+0000] {logging_mixin.py:188} INFO - [2024-09-24T15:46:19.809+0000] {dag.py:3954} INFO - Setting next_dagrun for example_complex to None, run_after=None
[2024-09-24T15:46:19.828+0000] {processor.py:183} INFO - Processing /home/airflow/.local/lib/python3.12/site-packages/airflow/example_dags/example_complex.py took 0.103 seconds
[2024-09-24T15:46:50.109+0000] {processor.py:161} INFO - Started process (PID=774) to work on /home/airflow/.local/lib/python3.12/site-packages/airflow/example_dags/example_complex.py
[2024-09-24T15:46:50.110+0000] {processor.py:830} INFO - Processing file /home/airflow/.local/lib/python3.12/site-packages/airflow/example_dags/example_complex.py for tasks to queue
[2024-09-24T15:46:50.112+0000] {logging_mixin.py:188} INFO - [2024-09-24T15:46:50.112+0000] {dagbag.py:545} INFO - Filling up the DagBag from /home/airflow/.local/lib/python3.12/site-packages/airflow/example_dags/example_complex.py
[2024-09-24T15:46:50.124+0000] {processor.py:840} INFO - DAG(s) 'example_complex' retrieved from /home/airflow/.local/lib/python3.12/site-packages/airflow/example_dags/example_complex.py
[2024-09-24T15:46:50.157+0000] {logging_mixin.py:188} INFO - [2024-09-24T15:46:50.157+0000] {dag.py:3096} INFO - Sync 1 DAGs
[2024-09-24T15:46:50.171+0000] {logging_mixin.py:188} INFO - [2024-09-24T15:46:50.171+0000] {dag.py:3954} INFO - Setting next_dagrun for example_complex to None, run_after=None
[2024-09-24T15:46:50.192+0000] {processor.py:183} INFO - Processing /home/airflow/.local/lib/python3.12/site-packages/airflow/example_dags/example_complex.py took 0.090 seconds
[2024-09-24T15:47:20.608+0000] {processor.py:161} INFO - Started process (PID=832) to work on /home/airflow/.local/lib/python3.12/site-packages/airflow/example_dags/example_complex.py
[2024-09-24T15:47:20.609+0000] {processor.py:830} INFO - Processing file /home/airflow/.local/lib/python3.12/site-packages/airflow/example_dags/example_complex.py for tasks to queue
[2024-09-24T15:47:20.612+0000] {logging_mixin.py:188} INFO - [2024-09-24T15:47:20.611+0000] {dagbag.py:545} INFO - Filling up the DagBag from /home/airflow/.local/lib/python3.12/site-packages/airflow/example_dags/example_complex.py
[2024-09-24T15:47:20.627+0000] {processor.py:840} INFO - DAG(s) 'example_complex' retrieved from /home/airflow/.local/lib/python3.12/site-packages/airflow/example_dags/example_complex.py
[2024-09-24T15:47:20.665+0000] {logging_mixin.py:188} INFO - [2024-09-24T15:47:20.665+0000] {dag.py:3096} INFO - Sync 1 DAGs
[2024-09-24T15:47:20.680+0000] {logging_mixin.py:188} INFO - [2024-09-24T15:47:20.679+0000] {dag.py:3954} INFO - Setting next_dagrun for example_complex to None, run_after=None
[2024-09-24T15:47:20.697+0000] {processor.py:183} INFO - Processing /home/airflow/.local/lib/python3.12/site-packages/airflow/example_dags/example_complex.py took 0.097 seconds
[2024-09-24T15:47:51.578+0000] {processor.py:161} INFO - Started process (PID=890) to work on /home/airflow/.local/lib/python3.12/site-packages/airflow/example_dags/example_complex.py
[2024-09-24T15:47:51.579+0000] {processor.py:830} INFO - Processing file /home/airflow/.local/lib/python3.12/site-packages/airflow/example_dags/example_complex.py for tasks to queue
[2024-09-24T15:47:51.581+0000] {logging_mixin.py:188} INFO - [2024-09-24T15:47:51.581+0000] {dagbag.py:545} INFO - Filling up the DagBag from /home/airflow/.local/lib/python3.12/site-packages/airflow/example_dags/example_complex.py
[2024-09-24T15:47:51.593+0000] {processor.py:840} INFO - DAG(s) 'example_complex' retrieved from /home/airflow/.local/lib/python3.12/site-packages/airflow/example_dags/example_complex.py
[2024-09-24T15:47:51.639+0000] {logging_mixin.py:188} INFO - [2024-09-24T15:47:51.639+0000] {dag.py:3096} INFO - Sync 1 DAGs
[2024-09-24T15:47:51.654+0000] {logging_mixin.py:188} INFO - [2024-09-24T15:47:51.653+0000] {dag.py:3954} INFO - Setting next_dagrun for example_complex to None, run_after=None
[2024-09-24T15:47:51.672+0000] {processor.py:183} INFO - Processing /home/airflow/.local/lib/python3.12/site-packages/airflow/example_dags/example_complex.py took 0.102 seconds
[2024-09-24T15:48:21.939+0000] {processor.py:161} INFO - Started process (PID=948) to work on /home/airflow/.local/lib/python3.12/site-packages/airflow/example_dags/example_complex.py
[2024-09-24T15:48:21.940+0000] {processor.py:830} INFO - Processing file /home/airflow/.local/lib/python3.12/site-packages/airflow/example_dags/example_complex.py for tasks to queue
[2024-09-24T15:48:21.942+0000] {logging_mixin.py:188} INFO - [2024-09-24T15:48:21.942+0000] {dagbag.py:545} INFO - Filling up the DagBag from /home/airflow/.local/lib/python3.12/site-packages/airflow/example_dags/example_complex.py
[2024-09-24T15:48:21.953+0000] {processor.py:840} INFO - DAG(s) 'example_complex' retrieved from /home/airflow/.local/lib/python3.12/site-packages/airflow/example_dags/example_complex.py
[2024-09-24T15:48:21.989+0000] {logging_mixin.py:188} INFO - [2024-09-24T15:48:21.989+0000] {dag.py:3096} INFO - Sync 1 DAGs
[2024-09-24T15:48:22.005+0000] {logging_mixin.py:188} INFO - [2024-09-24T15:48:22.005+0000] {dag.py:3954} INFO - Setting next_dagrun for example_complex to None, run_after=None
[2024-09-24T15:48:22.023+0000] {processor.py:183} INFO - Processing /home/airflow/.local/lib/python3.12/site-packages/airflow/example_dags/example_complex.py took 0.091 seconds
[2024-09-24T15:48:52.763+0000] {processor.py:161} INFO - Started process (PID=1006) to work on /home/airflow/.local/lib/python3.12/site-packages/airflow/example_dags/example_complex.py
[2024-09-24T15:48:52.765+0000] {processor.py:830} INFO - Processing file /home/airflow/.local/lib/python3.12/site-packages/airflow/example_dags/example_complex.py for tasks to queue
[2024-09-24T15:48:52.768+0000] {logging_mixin.py:188} INFO - [2024-09-24T15:48:52.767+0000] {dagbag.py:545} INFO - Filling up the DagBag from /home/airflow/.local/lib/python3.12/site-packages/airflow/example_dags/example_complex.py
[2024-09-24T15:48:52.790+0000] {processor.py:840} INFO - DAG(s) 'example_complex' retrieved from /home/airflow/.local/lib/python3.12/site-packages/airflow/example_dags/example_complex.py
[2024-09-24T15:48:52.864+0000] {logging_mixin.py:188} INFO - [2024-09-24T15:48:52.864+0000] {dag.py:3096} INFO - Sync 1 DAGs
[2024-09-24T15:48:52.889+0000] {logging_mixin.py:188} INFO - [2024-09-24T15:48:52.888+0000] {dag.py:3954} INFO - Setting next_dagrun for example_complex to None, run_after=None
[2024-09-24T15:48:52.917+0000] {processor.py:183} INFO - Processing /home/airflow/.local/lib/python3.12/site-packages/airflow/example_dags/example_complex.py took 0.166 seconds
[2024-09-24T15:49:23.061+0000] {processor.py:161} INFO - Started process (PID=1065) to work on /home/airflow/.local/lib/python3.12/site-packages/airflow/example_dags/example_complex.py
[2024-09-24T15:49:23.062+0000] {processor.py:830} INFO - Processing file /home/airflow/.local/lib/python3.12/site-packages/airflow/example_dags/example_complex.py for tasks to queue
[2024-09-24T15:49:23.064+0000] {logging_mixin.py:188} INFO - [2024-09-24T15:49:23.063+0000] {dagbag.py:545} INFO - Filling up the DagBag from /home/airflow/.local/lib/python3.12/site-packages/airflow/example_dags/example_complex.py
[2024-09-24T15:49:23.075+0000] {processor.py:840} INFO - DAG(s) 'example_complex' retrieved from /home/airflow/.local/lib/python3.12/site-packages/airflow/example_dags/example_complex.py
[2024-09-24T15:49:23.109+0000] {logging_mixin.py:188} INFO - [2024-09-24T15:49:23.109+0000] {dag.py:3096} INFO - Sync 1 DAGs
[2024-09-24T15:49:23.123+0000] {logging_mixin.py:188} INFO - [2024-09-24T15:49:23.123+0000] {dag.py:3954} INFO - Setting next_dagrun for example_complex to None, run_after=None
[2024-09-24T15:49:23.144+0000] {processor.py:183} INFO - Processing /home/airflow/.local/lib/python3.12/site-packages/airflow/example_dags/example_complex.py took 0.089 seconds
[2024-09-24T15:49:53.276+0000] {processor.py:161} INFO - Started process (PID=1123) to work on /home/airflow/.local/lib/python3.12/site-packages/airflow/example_dags/example_complex.py
[2024-09-24T15:49:53.278+0000] {processor.py:830} INFO - Processing file /home/airflow/.local/lib/python3.12/site-packages/airflow/example_dags/example_complex.py for tasks to queue
[2024-09-24T15:49:53.280+0000] {logging_mixin.py:188} INFO - [2024-09-24T15:49:53.279+0000] {dagbag.py:545} INFO - Filling up the DagBag from /home/airflow/.local/lib/python3.12/site-packages/airflow/example_dags/example_complex.py
[2024-09-24T15:49:53.292+0000] {processor.py:840} INFO - DAG(s) 'example_complex' retrieved from /home/airflow/.local/lib/python3.12/site-packages/airflow/example_dags/example_complex.py
[2024-09-24T15:49:53.327+0000] {logging_mixin.py:188} INFO - [2024-09-24T15:49:53.327+0000] {dag.py:3096} INFO - Sync 1 DAGs
[2024-09-24T15:49:53.344+0000] {logging_mixin.py:188} INFO - [2024-09-24T15:49:53.343+0000] {dag.py:3954} INFO - Setting next_dagrun for example_complex to None, run_after=None
[2024-09-24T15:49:53.363+0000] {processor.py:183} INFO - Processing /home/airflow/.local/lib/python3.12/site-packages/airflow/example_dags/example_complex.py took 0.092 seconds
[2024-09-24T15:50:23.938+0000] {processor.py:161} INFO - Started process (PID=1181) to work on /home/airflow/.local/lib/python3.12/site-packages/airflow/example_dags/example_complex.py
[2024-09-24T15:50:23.939+0000] {processor.py:830} INFO - Processing file /home/airflow/.local/lib/python3.12/site-packages/airflow/example_dags/example_complex.py for tasks to queue
[2024-09-24T15:50:23.943+0000] {logging_mixin.py:188} INFO - [2024-09-24T15:50:23.942+0000] {dagbag.py:545} INFO - Filling up the DagBag from /home/airflow/.local/lib/python3.12/site-packages/airflow/example_dags/example_complex.py
[2024-09-24T15:50:23.960+0000] {processor.py:840} INFO - DAG(s) 'example_complex' retrieved from /home/airflow/.local/lib/python3.12/site-packages/airflow/example_dags/example_complex.py
[2024-09-24T15:50:24.020+0000] {logging_mixin.py:188} INFO - [2024-09-24T15:50:24.020+0000] {dag.py:3096} INFO - Sync 1 DAGs
[2024-09-24T15:50:24.041+0000] {logging_mixin.py:188} INFO - [2024-09-24T15:50:24.041+0000] {dag.py:3954} INFO - Setting next_dagrun for example_complex to None, run_after=None
[2024-09-24T15:50:24.074+0000] {processor.py:183} INFO - Processing /home/airflow/.local/lib/python3.12/site-packages/airflow/example_dags/example_complex.py took 0.143 seconds
[2024-09-24T15:50:54.934+0000] {processor.py:161} INFO - Started process (PID=1240) to work on /home/airflow/.local/lib/python3.12/site-packages/airflow/example_dags/example_complex.py
[2024-09-24T15:50:54.935+0000] {processor.py:830} INFO - Processing file /home/airflow/.local/lib/python3.12/site-packages/airflow/example_dags/example_complex.py for tasks to queue
[2024-09-24T15:50:54.938+0000] {logging_mixin.py:188} INFO - [2024-09-24T15:50:54.938+0000] {dagbag.py:545} INFO - Filling up the DagBag from /home/airflow/.local/lib/python3.12/site-packages/airflow/example_dags/example_complex.py
[2024-09-24T15:50:54.950+0000] {processor.py:840} INFO - DAG(s) 'example_complex' retrieved from /home/airflow/.local/lib/python3.12/site-packages/airflow/example_dags/example_complex.py
[2024-09-24T15:50:54.987+0000] {logging_mixin.py:188} INFO - [2024-09-24T15:50:54.986+0000] {dag.py:3096} INFO - Sync 1 DAGs
[2024-09-24T15:50:55.002+0000] {logging_mixin.py:188} INFO - [2024-09-24T15:50:55.002+0000] {dag.py:3954} INFO - Setting next_dagrun for example_complex to None, run_after=None
[2024-09-24T15:50:55.022+0000] {processor.py:183} INFO - Processing /home/airflow/.local/lib/python3.12/site-packages/airflow/example_dags/example_complex.py took 0.097 seconds
[2024-09-24T15:51:25.471+0000] {processor.py:161} INFO - Started process (PID=1298) to work on /home/airflow/.local/lib/python3.12/site-packages/airflow/example_dags/example_complex.py
[2024-09-24T15:51:25.472+0000] {processor.py:830} INFO - Processing file /home/airflow/.local/lib/python3.12/site-packages/airflow/example_dags/example_complex.py for tasks to queue
[2024-09-24T15:51:25.474+0000] {logging_mixin.py:188} INFO - [2024-09-24T15:51:25.474+0000] {dagbag.py:545} INFO - Filling up the DagBag from /home/airflow/.local/lib/python3.12/site-packages/airflow/example_dags/example_complex.py
[2024-09-24T15:51:25.486+0000] {processor.py:840} INFO - DAG(s) 'example_complex' retrieved from /home/airflow/.local/lib/python3.12/site-packages/airflow/example_dags/example_complex.py
[2024-09-24T15:51:25.521+0000] {logging_mixin.py:188} INFO - [2024-09-24T15:51:25.520+0000] {dag.py:3096} INFO - Sync 1 DAGs
[2024-09-24T15:51:25.537+0000] {logging_mixin.py:188} INFO - [2024-09-24T15:51:25.537+0000] {dag.py:3954} INFO - Setting next_dagrun for example_complex to None, run_after=None
[2024-09-24T15:51:25.558+0000] {processor.py:183} INFO - Processing /home/airflow/.local/lib/python3.12/site-packages/airflow/example_dags/example_complex.py took 0.094 seconds
[2024-09-24T15:51:55.976+0000] {processor.py:161} INFO - Started process (PID=1356) to work on /home/airflow/.local/lib/python3.12/site-packages/airflow/example_dags/example_complex.py
[2024-09-24T15:51:55.978+0000] {processor.py:830} INFO - Processing file /home/airflow/.local/lib/python3.12/site-packages/airflow/example_dags/example_complex.py for tasks to queue
[2024-09-24T15:51:55.979+0000] {logging_mixin.py:188} INFO - [2024-09-24T15:51:55.979+0000] {dagbag.py:545} INFO - Filling up the DagBag from /home/airflow/.local/lib/python3.12/site-packages/airflow/example_dags/example_complex.py
[2024-09-24T15:51:55.992+0000] {processor.py:840} INFO - DAG(s) 'example_complex' retrieved from /home/airflow/.local/lib/python3.12/site-packages/airflow/example_dags/example_complex.py
[2024-09-24T15:51:56.031+0000] {logging_mixin.py:188} INFO - [2024-09-24T15:51:56.030+0000] {dag.py:3096} INFO - Sync 1 DAGs
[2024-09-24T15:51:56.046+0000] {logging_mixin.py:188} INFO - [2024-09-24T15:51:56.045+0000] {dag.py:3954} INFO - Setting next_dagrun for example_complex to None, run_after=None
[2024-09-24T15:51:56.074+0000] {processor.py:183} INFO - Processing /home/airflow/.local/lib/python3.12/site-packages/airflow/example_dags/example_complex.py took 0.106 seconds
[2024-09-24T15:52:26.200+0000] {processor.py:161} INFO - Started process (PID=1414) to work on /home/airflow/.local/lib/python3.12/site-packages/airflow/example_dags/example_complex.py
[2024-09-24T15:52:26.201+0000] {processor.py:830} INFO - Processing file /home/airflow/.local/lib/python3.12/site-packages/airflow/example_dags/example_complex.py for tasks to queue
[2024-09-24T15:52:26.204+0000] {logging_mixin.py:188} INFO - [2024-09-24T15:52:26.204+0000] {dagbag.py:545} INFO - Filling up the DagBag from /home/airflow/.local/lib/python3.12/site-packages/airflow/example_dags/example_complex.py
[2024-09-24T15:52:26.216+0000] {processor.py:840} INFO - DAG(s) 'example_complex' retrieved from /home/airflow/.local/lib/python3.12/site-packages/airflow/example_dags/example_complex.py
[2024-09-24T15:52:26.252+0000] {logging_mixin.py:188} INFO - [2024-09-24T15:52:26.252+0000] {dag.py:3096} INFO - Sync 1 DAGs
[2024-09-24T15:52:26.266+0000] {logging_mixin.py:188} INFO - [2024-09-24T15:52:26.266+0000] {dag.py:3954} INFO - Setting next_dagrun for example_complex to None, run_after=None
[2024-09-24T15:52:26.287+0000] {processor.py:183} INFO - Processing /home/airflow/.local/lib/python3.12/site-packages/airflow/example_dags/example_complex.py took 0.093 seconds
[2024-09-24T15:52:56.620+0000] {processor.py:161} INFO - Started process (PID=1472) to work on /home/airflow/.local/lib/python3.12/site-packages/airflow/example_dags/example_complex.py
[2024-09-24T15:52:56.621+0000] {processor.py:830} INFO - Processing file /home/airflow/.local/lib/python3.12/site-packages/airflow/example_dags/example_complex.py for tasks to queue
[2024-09-24T15:52:56.623+0000] {logging_mixin.py:188} INFO - [2024-09-24T15:52:56.622+0000] {dagbag.py:545} INFO - Filling up the DagBag from /home/airflow/.local/lib/python3.12/site-packages/airflow/example_dags/example_complex.py
[2024-09-24T15:52:56.634+0000] {processor.py:840} INFO - DAG(s) 'example_complex' retrieved from /home/airflow/.local/lib/python3.12/site-packages/airflow/example_dags/example_complex.py
[2024-09-24T15:52:56.667+0000] {logging_mixin.py:188} INFO - [2024-09-24T15:52:56.667+0000] {dag.py:3096} INFO - Sync 1 DAGs
[2024-09-24T15:52:56.682+0000] {logging_mixin.py:188} INFO - [2024-09-24T15:52:56.682+0000] {dag.py:3954} INFO - Setting next_dagrun for example_complex to None, run_after=None
[2024-09-24T15:52:56.705+0000] {processor.py:183} INFO - Processing /home/airflow/.local/lib/python3.12/site-packages/airflow/example_dags/example_complex.py took 0.091 seconds
[2024-09-24T15:53:27.430+0000] {processor.py:161} INFO - Started process (PID=1530) to work on /home/airflow/.local/lib/python3.12/site-packages/airflow/example_dags/example_complex.py
[2024-09-24T15:53:27.431+0000] {processor.py:830} INFO - Processing file /home/airflow/.local/lib/python3.12/site-packages/airflow/example_dags/example_complex.py for tasks to queue
[2024-09-24T15:53:27.434+0000] {logging_mixin.py:188} INFO - [2024-09-24T15:53:27.434+0000] {dagbag.py:545} INFO - Filling up the DagBag from /home/airflow/.local/lib/python3.12/site-packages/airflow/example_dags/example_complex.py
[2024-09-24T15:53:27.444+0000] {processor.py:840} INFO - DAG(s) 'example_complex' retrieved from /home/airflow/.local/lib/python3.12/site-packages/airflow/example_dags/example_complex.py
[2024-09-24T15:53:27.477+0000] {logging_mixin.py:188} INFO - [2024-09-24T15:53:27.477+0000] {dag.py:3096} INFO - Sync 1 DAGs
[2024-09-24T15:53:27.493+0000] {logging_mixin.py:188} INFO - [2024-09-24T15:53:27.493+0000] {dag.py:3954} INFO - Setting next_dagrun for example_complex to None, run_after=None
[2024-09-24T15:53:27.511+0000] {processor.py:183} INFO - Processing /home/airflow/.local/lib/python3.12/site-packages/airflow/example_dags/example_complex.py took 0.087 seconds
