[2024-09-24T15:40:29.450+0000] {processor.py:161} INFO - Started process (PID=35) to work on /home/airflow/.local/lib/python3.12/site-packages/airflow/example_dags/example_nested_branch_dag.py
[2024-09-24T15:40:29.452+0000] {processor.py:830} INFO - Processing file /home/airflow/.local/lib/python3.12/site-packages/airflow/example_dags/example_nested_branch_dag.py for tasks to queue
[2024-09-24T15:40:29.459+0000] {logging_mixin.py:188} INFO - [2024-09-24T15:40:29.457+0000] {dagbag.py:545} INFO - Filling up the DagBag from /home/airflow/.local/lib/python3.12/site-packages/airflow/example_dags/example_nested_branch_dag.py
[2024-09-24T15:40:29.486+0000] {processor.py:840} INFO - DAG(s) 'example_nested_branch_dag' retrieved from /home/airflow/.local/lib/python3.12/site-packages/airflow/example_dags/example_nested_branch_dag.py
[2024-09-24T15:40:29.805+0000] {logging_mixin.py:188} INFO - [2024-09-24T15:40:29.804+0000] {dag.py:3096} INFO - Sync 1 DAGs
[2024-09-24T15:40:29.860+0000] {logging_mixin.py:188} INFO - [2024-09-24T15:40:29.860+0000] {dag.py:3954} INFO - Setting next_dagrun for example_nested_branch_dag to 2024-09-23 00:00:00+00:00, run_after=2024-09-24 00:00:00+00:00
[2024-09-24T15:40:29.918+0000] {processor.py:183} INFO - Processing /home/airflow/.local/lib/python3.12/site-packages/airflow/example_dags/example_nested_branch_dag.py took 0.480 seconds
[2024-09-24T15:40:59.973+0000] {processor.py:161} INFO - Started process (PID=99) to work on /home/airflow/.local/lib/python3.12/site-packages/airflow/example_dags/example_nested_branch_dag.py
[2024-09-24T15:40:59.974+0000] {processor.py:830} INFO - Processing file /home/airflow/.local/lib/python3.12/site-packages/airflow/example_dags/example_nested_branch_dag.py for tasks to queue
[2024-09-24T15:40:59.977+0000] {logging_mixin.py:188} INFO - [2024-09-24T15:40:59.977+0000] {dagbag.py:545} INFO - Filling up the DagBag from /home/airflow/.local/lib/python3.12/site-packages/airflow/example_dags/example_nested_branch_dag.py
[2024-09-24T15:40:59.989+0000] {processor.py:840} INFO - DAG(s) 'example_nested_branch_dag' retrieved from /home/airflow/.local/lib/python3.12/site-packages/airflow/example_dags/example_nested_branch_dag.py
[2024-09-24T15:41:00.025+0000] {logging_mixin.py:188} INFO - [2024-09-24T15:41:00.025+0000] {dag.py:3096} INFO - Sync 1 DAGs
[2024-09-24T15:41:00.074+0000] {logging_mixin.py:188} INFO - [2024-09-24T15:41:00.073+0000] {dag.py:3954} INFO - Setting next_dagrun for example_nested_branch_dag to 2024-09-23 00:00:00+00:00, run_after=2024-09-24 00:00:00+00:00
[2024-09-24T15:41:00.104+0000] {processor.py:183} INFO - Processing /home/airflow/.local/lib/python3.12/site-packages/airflow/example_dags/example_nested_branch_dag.py took 0.137 seconds
[2024-09-24T15:41:30.616+0000] {processor.py:161} INFO - Started process (PID=157) to work on /home/airflow/.local/lib/python3.12/site-packages/airflow/example_dags/example_nested_branch_dag.py
[2024-09-24T15:41:30.617+0000] {processor.py:830} INFO - Processing file /home/airflow/.local/lib/python3.12/site-packages/airflow/example_dags/example_nested_branch_dag.py for tasks to queue
[2024-09-24T15:41:30.619+0000] {logging_mixin.py:188} INFO - [2024-09-24T15:41:30.619+0000] {dagbag.py:545} INFO - Filling up the DagBag from /home/airflow/.local/lib/python3.12/site-packages/airflow/example_dags/example_nested_branch_dag.py
[2024-09-24T15:41:30.631+0000] {processor.py:840} INFO - DAG(s) 'example_nested_branch_dag' retrieved from /home/airflow/.local/lib/python3.12/site-packages/airflow/example_dags/example_nested_branch_dag.py
[2024-09-24T15:41:30.656+0000] {logging_mixin.py:188} INFO - [2024-09-24T15:41:30.656+0000] {dag.py:3096} INFO - Sync 1 DAGs
[2024-09-24T15:41:30.681+0000] {logging_mixin.py:188} INFO - [2024-09-24T15:41:30.680+0000] {dag.py:3954} INFO - Setting next_dagrun for example_nested_branch_dag to 2024-09-23 00:00:00+00:00, run_after=2024-09-24 00:00:00+00:00
[2024-09-24T15:41:30.715+0000] {processor.py:183} INFO - Processing /home/airflow/.local/lib/python3.12/site-packages/airflow/example_dags/example_nested_branch_dag.py took 0.106 seconds
[2024-09-24T15:42:01.035+0000] {processor.py:161} INFO - Started process (PID=215) to work on /home/airflow/.local/lib/python3.12/site-packages/airflow/example_dags/example_nested_branch_dag.py
[2024-09-24T15:42:01.036+0000] {processor.py:830} INFO - Processing file /home/airflow/.local/lib/python3.12/site-packages/airflow/example_dags/example_nested_branch_dag.py for tasks to queue
[2024-09-24T15:42:01.038+0000] {logging_mixin.py:188} INFO - [2024-09-24T15:42:01.038+0000] {dagbag.py:545} INFO - Filling up the DagBag from /home/airflow/.local/lib/python3.12/site-packages/airflow/example_dags/example_nested_branch_dag.py
[2024-09-24T15:42:01.050+0000] {processor.py:840} INFO - DAG(s) 'example_nested_branch_dag' retrieved from /home/airflow/.local/lib/python3.12/site-packages/airflow/example_dags/example_nested_branch_dag.py
[2024-09-24T15:42:01.075+0000] {logging_mixin.py:188} INFO - [2024-09-24T15:42:01.075+0000] {dag.py:3096} INFO - Sync 1 DAGs
[2024-09-24T15:42:01.101+0000] {logging_mixin.py:188} INFO - [2024-09-24T15:42:01.100+0000] {dag.py:3954} INFO - Setting next_dagrun for example_nested_branch_dag to 2024-09-23 00:00:00+00:00, run_after=2024-09-24 00:00:00+00:00
[2024-09-24T15:42:01.121+0000] {processor.py:183} INFO - Processing /home/airflow/.local/lib/python3.12/site-packages/airflow/example_dags/example_nested_branch_dag.py took 0.093 seconds
[2024-09-24T15:42:32.045+0000] {processor.py:161} INFO - Started process (PID=273) to work on /home/airflow/.local/lib/python3.12/site-packages/airflow/example_dags/example_nested_branch_dag.py
[2024-09-24T15:42:32.047+0000] {processor.py:830} INFO - Processing file /home/airflow/.local/lib/python3.12/site-packages/airflow/example_dags/example_nested_branch_dag.py for tasks to queue
[2024-09-24T15:42:32.049+0000] {logging_mixin.py:188} INFO - [2024-09-24T15:42:32.048+0000] {dagbag.py:545} INFO - Filling up the DagBag from /home/airflow/.local/lib/python3.12/site-packages/airflow/example_dags/example_nested_branch_dag.py
[2024-09-24T15:42:32.060+0000] {processor.py:840} INFO - DAG(s) 'example_nested_branch_dag' retrieved from /home/airflow/.local/lib/python3.12/site-packages/airflow/example_dags/example_nested_branch_dag.py
[2024-09-24T15:42:32.086+0000] {logging_mixin.py:188} INFO - [2024-09-24T15:42:32.085+0000] {dag.py:3096} INFO - Sync 1 DAGs
[2024-09-24T15:42:32.112+0000] {logging_mixin.py:188} INFO - [2024-09-24T15:42:32.112+0000] {dag.py:3954} INFO - Setting next_dagrun for example_nested_branch_dag to 2024-09-23 00:00:00+00:00, run_after=2024-09-24 00:00:00+00:00
[2024-09-24T15:42:32.133+0000] {processor.py:183} INFO - Processing /home/airflow/.local/lib/python3.12/site-packages/airflow/example_dags/example_nested_branch_dag.py took 0.094 seconds
[2024-09-24T15:43:02.342+0000] {processor.py:161} INFO - Started process (PID=331) to work on /home/airflow/.local/lib/python3.12/site-packages/airflow/example_dags/example_nested_branch_dag.py
[2024-09-24T15:43:02.344+0000] {processor.py:830} INFO - Processing file /home/airflow/.local/lib/python3.12/site-packages/airflow/example_dags/example_nested_branch_dag.py for tasks to queue
[2024-09-24T15:43:02.350+0000] {logging_mixin.py:188} INFO - [2024-09-24T15:43:02.349+0000] {dagbag.py:545} INFO - Filling up the DagBag from /home/airflow/.local/lib/python3.12/site-packages/airflow/example_dags/example_nested_branch_dag.py
[2024-09-24T15:43:02.373+0000] {processor.py:840} INFO - DAG(s) 'example_nested_branch_dag' retrieved from /home/airflow/.local/lib/python3.12/site-packages/airflow/example_dags/example_nested_branch_dag.py
[2024-09-24T15:43:02.400+0000] {logging_mixin.py:188} INFO - [2024-09-24T15:43:02.400+0000] {dag.py:3096} INFO - Sync 1 DAGs
[2024-09-24T15:43:02.428+0000] {logging_mixin.py:188} INFO - [2024-09-24T15:43:02.427+0000] {dag.py:3954} INFO - Setting next_dagrun for example_nested_branch_dag to 2024-09-23 00:00:00+00:00, run_after=2024-09-24 00:00:00+00:00
[2024-09-24T15:43:02.465+0000] {processor.py:183} INFO - Processing /home/airflow/.local/lib/python3.12/site-packages/airflow/example_dags/example_nested_branch_dag.py took 0.132 seconds
[2024-09-24T15:43:33.021+0000] {processor.py:161} INFO - Started process (PID=389) to work on /home/airflow/.local/lib/python3.12/site-packages/airflow/example_dags/example_nested_branch_dag.py
[2024-09-24T15:43:33.023+0000] {processor.py:830} INFO - Processing file /home/airflow/.local/lib/python3.12/site-packages/airflow/example_dags/example_nested_branch_dag.py for tasks to queue
[2024-09-24T15:43:33.026+0000] {logging_mixin.py:188} INFO - [2024-09-24T15:43:33.025+0000] {dagbag.py:545} INFO - Filling up the DagBag from /home/airflow/.local/lib/python3.12/site-packages/airflow/example_dags/example_nested_branch_dag.py
[2024-09-24T15:43:33.051+0000] {processor.py:840} INFO - DAG(s) 'example_nested_branch_dag' retrieved from /home/airflow/.local/lib/python3.12/site-packages/airflow/example_dags/example_nested_branch_dag.py
[2024-09-24T15:43:33.098+0000] {logging_mixin.py:188} INFO - [2024-09-24T15:43:33.097+0000] {dag.py:3096} INFO - Sync 1 DAGs
[2024-09-24T15:43:33.129+0000] {logging_mixin.py:188} INFO - [2024-09-24T15:43:33.128+0000] {dag.py:3954} INFO - Setting next_dagrun for example_nested_branch_dag to 2024-09-23 00:00:00+00:00, run_after=2024-09-24 00:00:00+00:00
[2024-09-24T15:43:33.155+0000] {processor.py:183} INFO - Processing /home/airflow/.local/lib/python3.12/site-packages/airflow/example_dags/example_nested_branch_dag.py took 0.144 seconds
[2024-09-24T15:44:03.646+0000] {processor.py:161} INFO - Started process (PID=447) to work on /home/airflow/.local/lib/python3.12/site-packages/airflow/example_dags/example_nested_branch_dag.py
[2024-09-24T15:44:03.647+0000] {processor.py:830} INFO - Processing file /home/airflow/.local/lib/python3.12/site-packages/airflow/example_dags/example_nested_branch_dag.py for tasks to queue
[2024-09-24T15:44:03.649+0000] {logging_mixin.py:188} INFO - [2024-09-24T15:44:03.648+0000] {dagbag.py:545} INFO - Filling up the DagBag from /home/airflow/.local/lib/python3.12/site-packages/airflow/example_dags/example_nested_branch_dag.py
[2024-09-24T15:44:03.658+0000] {processor.py:840} INFO - DAG(s) 'example_nested_branch_dag' retrieved from /home/airflow/.local/lib/python3.12/site-packages/airflow/example_dags/example_nested_branch_dag.py
[2024-09-24T15:44:03.692+0000] {logging_mixin.py:188} INFO - [2024-09-24T15:44:03.691+0000] {dag.py:3096} INFO - Sync 1 DAGs
[2024-09-24T15:44:03.720+0000] {logging_mixin.py:188} INFO - [2024-09-24T15:44:03.719+0000] {dag.py:3954} INFO - Setting next_dagrun for example_nested_branch_dag to 2024-09-23 00:00:00+00:00, run_after=2024-09-24 00:00:00+00:00
[2024-09-24T15:44:03.741+0000] {processor.py:183} INFO - Processing /home/airflow/.local/lib/python3.12/site-packages/airflow/example_dags/example_nested_branch_dag.py took 0.101 seconds
[2024-09-24T15:44:33.886+0000] {processor.py:161} INFO - Started process (PID=505) to work on /home/airflow/.local/lib/python3.12/site-packages/airflow/example_dags/example_nested_branch_dag.py
[2024-09-24T15:44:33.887+0000] {processor.py:830} INFO - Processing file /home/airflow/.local/lib/python3.12/site-packages/airflow/example_dags/example_nested_branch_dag.py for tasks to queue
[2024-09-24T15:44:33.889+0000] {logging_mixin.py:188} INFO - [2024-09-24T15:44:33.889+0000] {dagbag.py:545} INFO - Filling up the DagBag from /home/airflow/.local/lib/python3.12/site-packages/airflow/example_dags/example_nested_branch_dag.py
[2024-09-24T15:44:33.899+0000] {processor.py:840} INFO - DAG(s) 'example_nested_branch_dag' retrieved from /home/airflow/.local/lib/python3.12/site-packages/airflow/example_dags/example_nested_branch_dag.py
[2024-09-24T15:44:33.923+0000] {logging_mixin.py:188} INFO - [2024-09-24T15:44:33.923+0000] {dag.py:3096} INFO - Sync 1 DAGs
[2024-09-24T15:44:33.949+0000] {logging_mixin.py:188} INFO - [2024-09-24T15:44:33.948+0000] {dag.py:3954} INFO - Setting next_dagrun for example_nested_branch_dag to 2024-09-23 00:00:00+00:00, run_after=2024-09-24 00:00:00+00:00
[2024-09-24T15:44:33.968+0000] {processor.py:183} INFO - Processing /home/airflow/.local/lib/python3.12/site-packages/airflow/example_dags/example_nested_branch_dag.py took 0.087 seconds
[2024-09-24T15:45:04.088+0000] {processor.py:161} INFO - Started process (PID=563) to work on /home/airflow/.local/lib/python3.12/site-packages/airflow/example_dags/example_nested_branch_dag.py
[2024-09-24T15:45:04.089+0000] {processor.py:830} INFO - Processing file /home/airflow/.local/lib/python3.12/site-packages/airflow/example_dags/example_nested_branch_dag.py for tasks to queue
[2024-09-24T15:45:04.090+0000] {logging_mixin.py:188} INFO - [2024-09-24T15:45:04.090+0000] {dagbag.py:545} INFO - Filling up the DagBag from /home/airflow/.local/lib/python3.12/site-packages/airflow/example_dags/example_nested_branch_dag.py
[2024-09-24T15:45:04.100+0000] {processor.py:840} INFO - DAG(s) 'example_nested_branch_dag' retrieved from /home/airflow/.local/lib/python3.12/site-packages/airflow/example_dags/example_nested_branch_dag.py
[2024-09-24T15:45:04.122+0000] {logging_mixin.py:188} INFO - [2024-09-24T15:45:04.121+0000] {dag.py:3096} INFO - Sync 1 DAGs
[2024-09-24T15:45:04.145+0000] {logging_mixin.py:188} INFO - [2024-09-24T15:45:04.145+0000] {dag.py:3954} INFO - Setting next_dagrun for example_nested_branch_dag to 2024-09-23 00:00:00+00:00, run_after=2024-09-24 00:00:00+00:00
[2024-09-24T15:45:04.165+0000] {processor.py:183} INFO - Processing /home/airflow/.local/lib/python3.12/site-packages/airflow/example_dags/example_nested_branch_dag.py took 0.083 seconds
[2024-09-24T15:45:34.582+0000] {processor.py:161} INFO - Started process (PID=621) to work on /home/airflow/.local/lib/python3.12/site-packages/airflow/example_dags/example_nested_branch_dag.py
[2024-09-24T15:45:34.584+0000] {processor.py:830} INFO - Processing file /home/airflow/.local/lib/python3.12/site-packages/airflow/example_dags/example_nested_branch_dag.py for tasks to queue
[2024-09-24T15:45:34.588+0000] {logging_mixin.py:188} INFO - [2024-09-24T15:45:34.587+0000] {dagbag.py:545} INFO - Filling up the DagBag from /home/airflow/.local/lib/python3.12/site-packages/airflow/example_dags/example_nested_branch_dag.py
[2024-09-24T15:45:34.605+0000] {processor.py:840} INFO - DAG(s) 'example_nested_branch_dag' retrieved from /home/airflow/.local/lib/python3.12/site-packages/airflow/example_dags/example_nested_branch_dag.py
[2024-09-24T15:45:34.630+0000] {logging_mixin.py:188} INFO - [2024-09-24T15:45:34.630+0000] {dag.py:3096} INFO - Sync 1 DAGs
[2024-09-24T15:45:34.665+0000] {logging_mixin.py:188} INFO - [2024-09-24T15:45:34.665+0000] {dag.py:3954} INFO - Setting next_dagrun for example_nested_branch_dag to 2024-09-23 00:00:00+00:00, run_after=2024-09-24 00:00:00+00:00
[2024-09-24T15:45:34.695+0000] {processor.py:183} INFO - Processing /home/airflow/.local/lib/python3.12/site-packages/airflow/example_dags/example_nested_branch_dag.py took 0.124 seconds
[2024-09-24T15:46:05.190+0000] {processor.py:161} INFO - Started process (PID=679) to work on /home/airflow/.local/lib/python3.12/site-packages/airflow/example_dags/example_nested_branch_dag.py
[2024-09-24T15:46:05.194+0000] {processor.py:830} INFO - Processing file /home/airflow/.local/lib/python3.12/site-packages/airflow/example_dags/example_nested_branch_dag.py for tasks to queue
[2024-09-24T15:46:05.197+0000] {logging_mixin.py:188} INFO - [2024-09-24T15:46:05.196+0000] {dagbag.py:545} INFO - Filling up the DagBag from /home/airflow/.local/lib/python3.12/site-packages/airflow/example_dags/example_nested_branch_dag.py
[2024-09-24T15:46:05.210+0000] {processor.py:840} INFO - DAG(s) 'example_nested_branch_dag' retrieved from /home/airflow/.local/lib/python3.12/site-packages/airflow/example_dags/example_nested_branch_dag.py
[2024-09-24T15:46:05.240+0000] {logging_mixin.py:188} INFO - [2024-09-24T15:46:05.240+0000] {dag.py:3096} INFO - Sync 1 DAGs
[2024-09-24T15:46:05.265+0000] {logging_mixin.py:188} INFO - [2024-09-24T15:46:05.264+0000] {dag.py:3954} INFO - Setting next_dagrun for example_nested_branch_dag to 2024-09-23 00:00:00+00:00, run_after=2024-09-24 00:00:00+00:00
[2024-09-24T15:46:05.286+0000] {processor.py:183} INFO - Processing /home/airflow/.local/lib/python3.12/site-packages/airflow/example_dags/example_nested_branch_dag.py took 0.102 seconds
[2024-09-24T15:46:35.358+0000] {processor.py:161} INFO - Started process (PID=737) to work on /home/airflow/.local/lib/python3.12/site-packages/airflow/example_dags/example_nested_branch_dag.py
[2024-09-24T15:46:35.359+0000] {processor.py:830} INFO - Processing file /home/airflow/.local/lib/python3.12/site-packages/airflow/example_dags/example_nested_branch_dag.py for tasks to queue
[2024-09-24T15:46:35.361+0000] {logging_mixin.py:188} INFO - [2024-09-24T15:46:35.361+0000] {dagbag.py:545} INFO - Filling up the DagBag from /home/airflow/.local/lib/python3.12/site-packages/airflow/example_dags/example_nested_branch_dag.py
[2024-09-24T15:46:35.374+0000] {processor.py:840} INFO - DAG(s) 'example_nested_branch_dag' retrieved from /home/airflow/.local/lib/python3.12/site-packages/airflow/example_dags/example_nested_branch_dag.py
[2024-09-24T15:46:35.399+0000] {logging_mixin.py:188} INFO - [2024-09-24T15:46:35.399+0000] {dag.py:3096} INFO - Sync 1 DAGs
[2024-09-24T15:46:35.428+0000] {logging_mixin.py:188} INFO - [2024-09-24T15:46:35.428+0000] {dag.py:3954} INFO - Setting next_dagrun for example_nested_branch_dag to 2024-09-23 00:00:00+00:00, run_after=2024-09-24 00:00:00+00:00
[2024-09-24T15:46:35.457+0000] {processor.py:183} INFO - Processing /home/airflow/.local/lib/python3.12/site-packages/airflow/example_dags/example_nested_branch_dag.py took 0.109 seconds
[2024-09-24T15:47:05.507+0000] {processor.py:161} INFO - Started process (PID=795) to work on /home/airflow/.local/lib/python3.12/site-packages/airflow/example_dags/example_nested_branch_dag.py
[2024-09-24T15:47:05.508+0000] {processor.py:830} INFO - Processing file /home/airflow/.local/lib/python3.12/site-packages/airflow/example_dags/example_nested_branch_dag.py for tasks to queue
[2024-09-24T15:47:05.510+0000] {logging_mixin.py:188} INFO - [2024-09-24T15:47:05.510+0000] {dagbag.py:545} INFO - Filling up the DagBag from /home/airflow/.local/lib/python3.12/site-packages/airflow/example_dags/example_nested_branch_dag.py
[2024-09-24T15:47:05.521+0000] {processor.py:840} INFO - DAG(s) 'example_nested_branch_dag' retrieved from /home/airflow/.local/lib/python3.12/site-packages/airflow/example_dags/example_nested_branch_dag.py
[2024-09-24T15:47:05.543+0000] {logging_mixin.py:188} INFO - [2024-09-24T15:47:05.542+0000] {dag.py:3096} INFO - Sync 1 DAGs
[2024-09-24T15:47:05.566+0000] {logging_mixin.py:188} INFO - [2024-09-24T15:47:05.566+0000] {dag.py:3954} INFO - Setting next_dagrun for example_nested_branch_dag to 2024-09-23 00:00:00+00:00, run_after=2024-09-24 00:00:00+00:00
[2024-09-24T15:47:05.586+0000] {processor.py:183} INFO - Processing /home/airflow/.local/lib/python3.12/site-packages/airflow/example_dags/example_nested_branch_dag.py took 0.086 seconds
[2024-09-24T15:47:35.966+0000] {processor.py:161} INFO - Started process (PID=853) to work on /home/airflow/.local/lib/python3.12/site-packages/airflow/example_dags/example_nested_branch_dag.py
[2024-09-24T15:47:35.968+0000] {processor.py:830} INFO - Processing file /home/airflow/.local/lib/python3.12/site-packages/airflow/example_dags/example_nested_branch_dag.py for tasks to queue
[2024-09-24T15:47:35.970+0000] {logging_mixin.py:188} INFO - [2024-09-24T15:47:35.969+0000] {dagbag.py:545} INFO - Filling up the DagBag from /home/airflow/.local/lib/python3.12/site-packages/airflow/example_dags/example_nested_branch_dag.py
[2024-09-24T15:47:35.981+0000] {processor.py:840} INFO - DAG(s) 'example_nested_branch_dag' retrieved from /home/airflow/.local/lib/python3.12/site-packages/airflow/example_dags/example_nested_branch_dag.py
[2024-09-24T15:47:36.003+0000] {logging_mixin.py:188} INFO - [2024-09-24T15:47:36.003+0000] {dag.py:3096} INFO - Sync 1 DAGs
[2024-09-24T15:47:36.032+0000] {logging_mixin.py:188} INFO - [2024-09-24T15:47:36.031+0000] {dag.py:3954} INFO - Setting next_dagrun for example_nested_branch_dag to 2024-09-23 00:00:00+00:00, run_after=2024-09-24 00:00:00+00:00
[2024-09-24T15:47:36.052+0000] {processor.py:183} INFO - Processing /home/airflow/.local/lib/python3.12/site-packages/airflow/example_dags/example_nested_branch_dag.py took 0.096 seconds
[2024-09-24T15:48:06.426+0000] {processor.py:161} INFO - Started process (PID=911) to work on /home/airflow/.local/lib/python3.12/site-packages/airflow/example_dags/example_nested_branch_dag.py
[2024-09-24T15:48:06.427+0000] {processor.py:830} INFO - Processing file /home/airflow/.local/lib/python3.12/site-packages/airflow/example_dags/example_nested_branch_dag.py for tasks to queue
[2024-09-24T15:48:06.430+0000] {logging_mixin.py:188} INFO - [2024-09-24T15:48:06.429+0000] {dagbag.py:545} INFO - Filling up the DagBag from /home/airflow/.local/lib/python3.12/site-packages/airflow/example_dags/example_nested_branch_dag.py
[2024-09-24T15:48:06.441+0000] {processor.py:840} INFO - DAG(s) 'example_nested_branch_dag' retrieved from /home/airflow/.local/lib/python3.12/site-packages/airflow/example_dags/example_nested_branch_dag.py
[2024-09-24T15:48:06.467+0000] {logging_mixin.py:188} INFO - [2024-09-24T15:48:06.466+0000] {dag.py:3096} INFO - Sync 1 DAGs
[2024-09-24T15:48:06.494+0000] {logging_mixin.py:188} INFO - [2024-09-24T15:48:06.493+0000] {dag.py:3954} INFO - Setting next_dagrun for example_nested_branch_dag to 2024-09-23 00:00:00+00:00, run_after=2024-09-24 00:00:00+00:00
[2024-09-24T15:48:06.524+0000] {processor.py:183} INFO - Processing /home/airflow/.local/lib/python3.12/site-packages/airflow/example_dags/example_nested_branch_dag.py took 0.104 seconds
[2024-09-24T15:48:36.622+0000] {processor.py:161} INFO - Started process (PID=969) to work on /home/airflow/.local/lib/python3.12/site-packages/airflow/example_dags/example_nested_branch_dag.py
[2024-09-24T15:48:36.623+0000] {processor.py:830} INFO - Processing file /home/airflow/.local/lib/python3.12/site-packages/airflow/example_dags/example_nested_branch_dag.py for tasks to queue
[2024-09-24T15:48:36.627+0000] {logging_mixin.py:188} INFO - [2024-09-24T15:48:36.626+0000] {dagbag.py:545} INFO - Filling up the DagBag from /home/airflow/.local/lib/python3.12/site-packages/airflow/example_dags/example_nested_branch_dag.py
[2024-09-24T15:48:36.642+0000] {processor.py:840} INFO - DAG(s) 'example_nested_branch_dag' retrieved from /home/airflow/.local/lib/python3.12/site-packages/airflow/example_dags/example_nested_branch_dag.py
[2024-09-24T15:48:36.674+0000] {logging_mixin.py:188} INFO - [2024-09-24T15:48:36.674+0000] {dag.py:3096} INFO - Sync 1 DAGs
[2024-09-24T15:48:36.706+0000] {logging_mixin.py:188} INFO - [2024-09-24T15:48:36.706+0000] {dag.py:3954} INFO - Setting next_dagrun for example_nested_branch_dag to 2024-09-23 00:00:00+00:00, run_after=2024-09-24 00:00:00+00:00
[2024-09-24T15:48:36.740+0000] {processor.py:183} INFO - Processing /home/airflow/.local/lib/python3.12/site-packages/airflow/example_dags/example_nested_branch_dag.py took 0.128 seconds
[2024-09-24T15:49:06.774+0000] {processor.py:161} INFO - Started process (PID=1028) to work on /home/airflow/.local/lib/python3.12/site-packages/airflow/example_dags/example_nested_branch_dag.py
[2024-09-24T15:49:06.775+0000] {processor.py:830} INFO - Processing file /home/airflow/.local/lib/python3.12/site-packages/airflow/example_dags/example_nested_branch_dag.py for tasks to queue
[2024-09-24T15:49:06.778+0000] {logging_mixin.py:188} INFO - [2024-09-24T15:49:06.777+0000] {dagbag.py:545} INFO - Filling up the DagBag from /home/airflow/.local/lib/python3.12/site-packages/airflow/example_dags/example_nested_branch_dag.py
[2024-09-24T15:49:06.789+0000] {processor.py:840} INFO - DAG(s) 'example_nested_branch_dag' retrieved from /home/airflow/.local/lib/python3.12/site-packages/airflow/example_dags/example_nested_branch_dag.py
[2024-09-24T15:49:06.822+0000] {logging_mixin.py:188} INFO - [2024-09-24T15:49:06.822+0000] {dag.py:3096} INFO - Sync 1 DAGs
[2024-09-24T15:49:06.856+0000] {logging_mixin.py:188} INFO - [2024-09-24T15:49:06.855+0000] {dag.py:3954} INFO - Setting next_dagrun for example_nested_branch_dag to 2024-09-23 00:00:00+00:00, run_after=2024-09-24 00:00:00+00:00
[2024-09-24T15:49:06.890+0000] {processor.py:183} INFO - Processing /home/airflow/.local/lib/python3.12/site-packages/airflow/example_dags/example_nested_branch_dag.py took 0.123 seconds
[2024-09-24T15:49:36.941+0000] {processor.py:161} INFO - Started process (PID=1084) to work on /home/airflow/.local/lib/python3.12/site-packages/airflow/example_dags/example_nested_branch_dag.py
[2024-09-24T15:49:36.942+0000] {processor.py:830} INFO - Processing file /home/airflow/.local/lib/python3.12/site-packages/airflow/example_dags/example_nested_branch_dag.py for tasks to queue
[2024-09-24T15:49:36.944+0000] {logging_mixin.py:188} INFO - [2024-09-24T15:49:36.944+0000] {dagbag.py:545} INFO - Filling up the DagBag from /home/airflow/.local/lib/python3.12/site-packages/airflow/example_dags/example_nested_branch_dag.py
[2024-09-24T15:49:36.955+0000] {processor.py:840} INFO - DAG(s) 'example_nested_branch_dag' retrieved from /home/airflow/.local/lib/python3.12/site-packages/airflow/example_dags/example_nested_branch_dag.py
[2024-09-24T15:49:36.979+0000] {logging_mixin.py:188} INFO - [2024-09-24T15:49:36.978+0000] {dag.py:3096} INFO - Sync 1 DAGs
[2024-09-24T15:49:37.008+0000] {logging_mixin.py:188} INFO - [2024-09-24T15:49:37.007+0000] {dag.py:3954} INFO - Setting next_dagrun for example_nested_branch_dag to 2024-09-23 00:00:00+00:00, run_after=2024-09-24 00:00:00+00:00
[2024-09-24T15:49:37.028+0000] {processor.py:183} INFO - Processing /home/airflow/.local/lib/python3.12/site-packages/airflow/example_dags/example_nested_branch_dag.py took 0.094 seconds
[2024-09-24T15:50:07.995+0000] {processor.py:161} INFO - Started process (PID=1142) to work on /home/airflow/.local/lib/python3.12/site-packages/airflow/example_dags/example_nested_branch_dag.py
[2024-09-24T15:50:07.997+0000] {processor.py:830} INFO - Processing file /home/airflow/.local/lib/python3.12/site-packages/airflow/example_dags/example_nested_branch_dag.py for tasks to queue
[2024-09-24T15:50:08.018+0000] {logging_mixin.py:188} INFO - [2024-09-24T15:50:08.007+0000] {dagbag.py:545} INFO - Filling up the DagBag from /home/airflow/.local/lib/python3.12/site-packages/airflow/example_dags/example_nested_branch_dag.py
[2024-09-24T15:50:08.055+0000] {processor.py:840} INFO - DAG(s) 'example_nested_branch_dag' retrieved from /home/airflow/.local/lib/python3.12/site-packages/airflow/example_dags/example_nested_branch_dag.py
[2024-09-24T15:50:08.099+0000] {logging_mixin.py:188} INFO - [2024-09-24T15:50:08.099+0000] {dag.py:3096} INFO - Sync 1 DAGs
[2024-09-24T15:50:08.140+0000] {logging_mixin.py:188} INFO - [2024-09-24T15:50:08.140+0000] {dag.py:3954} INFO - Setting next_dagrun for example_nested_branch_dag to 2024-09-23 00:00:00+00:00, run_after=2024-09-24 00:00:00+00:00
[2024-09-24T15:50:08.168+0000] {processor.py:183} INFO - Processing /home/airflow/.local/lib/python3.12/site-packages/airflow/example_dags/example_nested_branch_dag.py took 0.189 seconds
[2024-09-24T15:50:38.931+0000] {processor.py:161} INFO - Started process (PID=1201) to work on /home/airflow/.local/lib/python3.12/site-packages/airflow/example_dags/example_nested_branch_dag.py
[2024-09-24T15:50:38.932+0000] {processor.py:830} INFO - Processing file /home/airflow/.local/lib/python3.12/site-packages/airflow/example_dags/example_nested_branch_dag.py for tasks to queue
[2024-09-24T15:50:38.934+0000] {logging_mixin.py:188} INFO - [2024-09-24T15:50:38.934+0000] {dagbag.py:545} INFO - Filling up the DagBag from /home/airflow/.local/lib/python3.12/site-packages/airflow/example_dags/example_nested_branch_dag.py
[2024-09-24T15:50:38.945+0000] {processor.py:840} INFO - DAG(s) 'example_nested_branch_dag' retrieved from /home/airflow/.local/lib/python3.12/site-packages/airflow/example_dags/example_nested_branch_dag.py
[2024-09-24T15:50:38.970+0000] {logging_mixin.py:188} INFO - [2024-09-24T15:50:38.970+0000] {dag.py:3096} INFO - Sync 1 DAGs
[2024-09-24T15:50:38.995+0000] {logging_mixin.py:188} INFO - [2024-09-24T15:50:38.995+0000] {dag.py:3954} INFO - Setting next_dagrun for example_nested_branch_dag to 2024-09-23 00:00:00+00:00, run_after=2024-09-24 00:00:00+00:00
[2024-09-24T15:50:39.019+0000] {processor.py:183} INFO - Processing /home/airflow/.local/lib/python3.12/site-packages/airflow/example_dags/example_nested_branch_dag.py took 0.094 seconds
[2024-09-24T15:51:09.778+0000] {processor.py:161} INFO - Started process (PID=1259) to work on /home/airflow/.local/lib/python3.12/site-packages/airflow/example_dags/example_nested_branch_dag.py
[2024-09-24T15:51:09.779+0000] {processor.py:830} INFO - Processing file /home/airflow/.local/lib/python3.12/site-packages/airflow/example_dags/example_nested_branch_dag.py for tasks to queue
[2024-09-24T15:51:09.781+0000] {logging_mixin.py:188} INFO - [2024-09-24T15:51:09.780+0000] {dagbag.py:545} INFO - Filling up the DagBag from /home/airflow/.local/lib/python3.12/site-packages/airflow/example_dags/example_nested_branch_dag.py
[2024-09-24T15:51:09.791+0000] {processor.py:840} INFO - DAG(s) 'example_nested_branch_dag' retrieved from /home/airflow/.local/lib/python3.12/site-packages/airflow/example_dags/example_nested_branch_dag.py
[2024-09-24T15:51:09.813+0000] {logging_mixin.py:188} INFO - [2024-09-24T15:51:09.813+0000] {dag.py:3096} INFO - Sync 1 DAGs
[2024-09-24T15:51:09.837+0000] {logging_mixin.py:188} INFO - [2024-09-24T15:51:09.836+0000] {dag.py:3954} INFO - Setting next_dagrun for example_nested_branch_dag to 2024-09-23 00:00:00+00:00, run_after=2024-09-24 00:00:00+00:00
[2024-09-24T15:51:09.861+0000] {processor.py:183} INFO - Processing /home/airflow/.local/lib/python3.12/site-packages/airflow/example_dags/example_nested_branch_dag.py took 0.090 seconds
[2024-09-24T15:51:40.296+0000] {processor.py:161} INFO - Started process (PID=1317) to work on /home/airflow/.local/lib/python3.12/site-packages/airflow/example_dags/example_nested_branch_dag.py
[2024-09-24T15:51:40.298+0000] {processor.py:830} INFO - Processing file /home/airflow/.local/lib/python3.12/site-packages/airflow/example_dags/example_nested_branch_dag.py for tasks to queue
[2024-09-24T15:51:40.300+0000] {logging_mixin.py:188} INFO - [2024-09-24T15:51:40.300+0000] {dagbag.py:545} INFO - Filling up the DagBag from /home/airflow/.local/lib/python3.12/site-packages/airflow/example_dags/example_nested_branch_dag.py
[2024-09-24T15:51:40.312+0000] {processor.py:840} INFO - DAG(s) 'example_nested_branch_dag' retrieved from /home/airflow/.local/lib/python3.12/site-packages/airflow/example_dags/example_nested_branch_dag.py
[2024-09-24T15:51:40.340+0000] {logging_mixin.py:188} INFO - [2024-09-24T15:51:40.339+0000] {dag.py:3096} INFO - Sync 1 DAGs
[2024-09-24T15:51:40.369+0000] {logging_mixin.py:188} INFO - [2024-09-24T15:51:40.368+0000] {dag.py:3954} INFO - Setting next_dagrun for example_nested_branch_dag to 2024-09-23 00:00:00+00:00, run_after=2024-09-24 00:00:00+00:00
[2024-09-24T15:51:40.391+0000] {processor.py:183} INFO - Processing /home/airflow/.local/lib/python3.12/site-packages/airflow/example_dags/example_nested_branch_dag.py took 0.104 seconds
[2024-09-24T15:52:11.088+0000] {processor.py:161} INFO - Started process (PID=1375) to work on /home/airflow/.local/lib/python3.12/site-packages/airflow/example_dags/example_nested_branch_dag.py
[2024-09-24T15:52:11.090+0000] {processor.py:830} INFO - Processing file /home/airflow/.local/lib/python3.12/site-packages/airflow/example_dags/example_nested_branch_dag.py for tasks to queue
[2024-09-24T15:52:11.092+0000] {logging_mixin.py:188} INFO - [2024-09-24T15:52:11.092+0000] {dagbag.py:545} INFO - Filling up the DagBag from /home/airflow/.local/lib/python3.12/site-packages/airflow/example_dags/example_nested_branch_dag.py
[2024-09-24T15:52:11.105+0000] {processor.py:840} INFO - DAG(s) 'example_nested_branch_dag' retrieved from /home/airflow/.local/lib/python3.12/site-packages/airflow/example_dags/example_nested_branch_dag.py
[2024-09-24T15:52:11.131+0000] {logging_mixin.py:188} INFO - [2024-09-24T15:52:11.131+0000] {dag.py:3096} INFO - Sync 1 DAGs
[2024-09-24T15:52:11.158+0000] {logging_mixin.py:188} INFO - [2024-09-24T15:52:11.158+0000] {dag.py:3954} INFO - Setting next_dagrun for example_nested_branch_dag to 2024-09-23 00:00:00+00:00, run_after=2024-09-24 00:00:00+00:00
[2024-09-24T15:52:11.179+0000] {processor.py:183} INFO - Processing /home/airflow/.local/lib/python3.12/site-packages/airflow/example_dags/example_nested_branch_dag.py took 0.102 seconds
[2024-09-24T15:52:42.044+0000] {processor.py:161} INFO - Started process (PID=1433) to work on /home/airflow/.local/lib/python3.12/site-packages/airflow/example_dags/example_nested_branch_dag.py
[2024-09-24T15:52:42.047+0000] {processor.py:830} INFO - Processing file /home/airflow/.local/lib/python3.12/site-packages/airflow/example_dags/example_nested_branch_dag.py for tasks to queue
[2024-09-24T15:52:42.053+0000] {logging_mixin.py:188} INFO - [2024-09-24T15:52:42.052+0000] {dagbag.py:545} INFO - Filling up the DagBag from /home/airflow/.local/lib/python3.12/site-packages/airflow/example_dags/example_nested_branch_dag.py
[2024-09-24T15:52:42.074+0000] {processor.py:840} INFO - DAG(s) 'example_nested_branch_dag' retrieved from /home/airflow/.local/lib/python3.12/site-packages/airflow/example_dags/example_nested_branch_dag.py
[2024-09-24T15:52:42.102+0000] {logging_mixin.py:188} INFO - [2024-09-24T15:52:42.102+0000] {dag.py:3096} INFO - Sync 1 DAGs
[2024-09-24T15:52:42.146+0000] {logging_mixin.py:188} INFO - [2024-09-24T15:52:42.145+0000] {dag.py:3954} INFO - Setting next_dagrun for example_nested_branch_dag to 2024-09-23 00:00:00+00:00, run_after=2024-09-24 00:00:00+00:00
[2024-09-24T15:52:42.172+0000] {processor.py:183} INFO - Processing /home/airflow/.local/lib/python3.12/site-packages/airflow/example_dags/example_nested_branch_dag.py took 0.137 seconds
[2024-09-24T15:53:12.475+0000] {processor.py:161} INFO - Started process (PID=1491) to work on /home/airflow/.local/lib/python3.12/site-packages/airflow/example_dags/example_nested_branch_dag.py
[2024-09-24T15:53:12.476+0000] {processor.py:830} INFO - Processing file /home/airflow/.local/lib/python3.12/site-packages/airflow/example_dags/example_nested_branch_dag.py for tasks to queue
[2024-09-24T15:53:12.478+0000] {logging_mixin.py:188} INFO - [2024-09-24T15:53:12.478+0000] {dagbag.py:545} INFO - Filling up the DagBag from /home/airflow/.local/lib/python3.12/site-packages/airflow/example_dags/example_nested_branch_dag.py
[2024-09-24T15:53:12.489+0000] {processor.py:840} INFO - DAG(s) 'example_nested_branch_dag' retrieved from /home/airflow/.local/lib/python3.12/site-packages/airflow/example_dags/example_nested_branch_dag.py
[2024-09-24T15:53:12.512+0000] {logging_mixin.py:188} INFO - [2024-09-24T15:53:12.512+0000] {dag.py:3096} INFO - Sync 1 DAGs
[2024-09-24T15:53:12.541+0000] {logging_mixin.py:188} INFO - [2024-09-24T15:53:12.541+0000] {dag.py:3954} INFO - Setting next_dagrun for example_nested_branch_dag to 2024-09-23 00:00:00+00:00, run_after=2024-09-24 00:00:00+00:00
[2024-09-24T15:53:12.562+0000] {processor.py:183} INFO - Processing /home/airflow/.local/lib/python3.12/site-packages/airflow/example_dags/example_nested_branch_dag.py took 0.093 seconds
