[2024-09-24T15:40:45.009+0000] {processor.py:161} INFO - Started process (PID=79) to work on /home/airflow/.local/lib/python3.12/site-packages/airflow/example_dags/example_skip_dag.py
[2024-09-24T15:40:45.011+0000] {processor.py:830} INFO - Processing file /home/airflow/.local/lib/python3.12/site-packages/airflow/example_dags/example_skip_dag.py for tasks to queue
[2024-09-24T15:40:45.014+0000] {logging_mixin.py:188} INFO - [2024-09-24T15:40:45.014+0000] {dagbag.py:545} INFO - Filling up the DagBag from /home/airflow/.local/lib/python3.12/site-packages/airflow/example_dags/example_skip_dag.py
[2024-09-24T15:40:45.027+0000] {processor.py:840} INFO - DAG(s) 'example_skip_dag' retrieved from /home/airflow/.local/lib/python3.12/site-packages/airflow/example_dags/example_skip_dag.py
[2024-09-24T15:40:45.212+0000] {logging_mixin.py:188} INFO - [2024-09-24T15:40:45.212+0000] {dag.py:3096} INFO - Sync 1 DAGs
[2024-09-24T15:40:45.242+0000] {logging_mixin.py:188} INFO - [2024-09-24T15:40:45.242+0000] {dag.py:3954} INFO - Setting next_dagrun for example_skip_dag to 2024-09-23 00:00:00+00:00, run_after=2024-09-24 00:00:00+00:00
[2024-09-24T15:40:45.267+0000] {processor.py:183} INFO - Processing /home/airflow/.local/lib/python3.12/site-packages/airflow/example_dags/example_skip_dag.py took 0.267 seconds
[2024-09-24T15:41:15.828+0000] {processor.py:161} INFO - Started process (PID=137) to work on /home/airflow/.local/lib/python3.12/site-packages/airflow/example_dags/example_skip_dag.py
[2024-09-24T15:41:15.829+0000] {processor.py:830} INFO - Processing file /home/airflow/.local/lib/python3.12/site-packages/airflow/example_dags/example_skip_dag.py for tasks to queue
[2024-09-24T15:41:15.832+0000] {logging_mixin.py:188} INFO - [2024-09-24T15:41:15.831+0000] {dagbag.py:545} INFO - Filling up the DagBag from /home/airflow/.local/lib/python3.12/site-packages/airflow/example_dags/example_skip_dag.py
[2024-09-24T15:41:15.838+0000] {processor.py:840} INFO - DAG(s) 'example_skip_dag' retrieved from /home/airflow/.local/lib/python3.12/site-packages/airflow/example_dags/example_skip_dag.py
[2024-09-24T15:41:15.860+0000] {logging_mixin.py:188} INFO - [2024-09-24T15:41:15.859+0000] {dag.py:3096} INFO - Sync 1 DAGs
[2024-09-24T15:41:15.884+0000] {logging_mixin.py:188} INFO - [2024-09-24T15:41:15.884+0000] {dag.py:3954} INFO - Setting next_dagrun for example_skip_dag to 2024-09-23 00:00:00+00:00, run_after=2024-09-24 00:00:00+00:00
[2024-09-24T15:41:15.912+0000] {processor.py:183} INFO - Processing /home/airflow/.local/lib/python3.12/site-packages/airflow/example_dags/example_skip_dag.py took 0.090 seconds
[2024-09-24T15:41:46.196+0000] {processor.py:161} INFO - Started process (PID=195) to work on /home/airflow/.local/lib/python3.12/site-packages/airflow/example_dags/example_skip_dag.py
[2024-09-24T15:41:46.197+0000] {processor.py:830} INFO - Processing file /home/airflow/.local/lib/python3.12/site-packages/airflow/example_dags/example_skip_dag.py for tasks to queue
[2024-09-24T15:41:46.200+0000] {logging_mixin.py:188} INFO - [2024-09-24T15:41:46.199+0000] {dagbag.py:545} INFO - Filling up the DagBag from /home/airflow/.local/lib/python3.12/site-packages/airflow/example_dags/example_skip_dag.py
[2024-09-24T15:41:46.211+0000] {processor.py:840} INFO - DAG(s) 'example_skip_dag' retrieved from /home/airflow/.local/lib/python3.12/site-packages/airflow/example_dags/example_skip_dag.py
[2024-09-24T15:41:46.243+0000] {logging_mixin.py:188} INFO - [2024-09-24T15:41:46.242+0000] {dag.py:3096} INFO - Sync 1 DAGs
[2024-09-24T15:41:46.269+0000] {logging_mixin.py:188} INFO - [2024-09-24T15:41:46.269+0000] {dag.py:3954} INFO - Setting next_dagrun for example_skip_dag to 2024-09-23 00:00:00+00:00, run_after=2024-09-24 00:00:00+00:00
[2024-09-24T15:41:46.300+0000] {processor.py:183} INFO - Processing /home/airflow/.local/lib/python3.12/site-packages/airflow/example_dags/example_skip_dag.py took 0.111 seconds
[2024-09-24T15:42:16.526+0000] {processor.py:161} INFO - Started process (PID=253) to work on /home/airflow/.local/lib/python3.12/site-packages/airflow/example_dags/example_skip_dag.py
[2024-09-24T15:42:16.528+0000] {processor.py:830} INFO - Processing file /home/airflow/.local/lib/python3.12/site-packages/airflow/example_dags/example_skip_dag.py for tasks to queue
[2024-09-24T15:42:16.531+0000] {logging_mixin.py:188} INFO - [2024-09-24T15:42:16.530+0000] {dagbag.py:545} INFO - Filling up the DagBag from /home/airflow/.local/lib/python3.12/site-packages/airflow/example_dags/example_skip_dag.py
[2024-09-24T15:42:16.540+0000] {processor.py:840} INFO - DAG(s) 'example_skip_dag' retrieved from /home/airflow/.local/lib/python3.12/site-packages/airflow/example_dags/example_skip_dag.py
[2024-09-24T15:42:16.561+0000] {logging_mixin.py:188} INFO - [2024-09-24T15:42:16.561+0000] {dag.py:3096} INFO - Sync 1 DAGs
[2024-09-24T15:42:16.586+0000] {logging_mixin.py:188} INFO - [2024-09-24T15:42:16.586+0000] {dag.py:3954} INFO - Setting next_dagrun for example_skip_dag to 2024-09-23 00:00:00+00:00, run_after=2024-09-24 00:00:00+00:00
[2024-09-24T15:42:16.610+0000] {processor.py:183} INFO - Processing /home/airflow/.local/lib/python3.12/site-packages/airflow/example_dags/example_skip_dag.py took 0.090 seconds
[2024-09-24T15:42:46.875+0000] {processor.py:161} INFO - Started process (PID=311) to work on /home/airflow/.local/lib/python3.12/site-packages/airflow/example_dags/example_skip_dag.py
[2024-09-24T15:42:46.877+0000] {processor.py:830} INFO - Processing file /home/airflow/.local/lib/python3.12/site-packages/airflow/example_dags/example_skip_dag.py for tasks to queue
[2024-09-24T15:42:46.879+0000] {logging_mixin.py:188} INFO - [2024-09-24T15:42:46.878+0000] {dagbag.py:545} INFO - Filling up the DagBag from /home/airflow/.local/lib/python3.12/site-packages/airflow/example_dags/example_skip_dag.py
[2024-09-24T15:42:46.886+0000] {processor.py:840} INFO - DAG(s) 'example_skip_dag' retrieved from /home/airflow/.local/lib/python3.12/site-packages/airflow/example_dags/example_skip_dag.py
[2024-09-24T15:42:46.910+0000] {logging_mixin.py:188} INFO - [2024-09-24T15:42:46.909+0000] {dag.py:3096} INFO - Sync 1 DAGs
[2024-09-24T15:42:46.940+0000] {logging_mixin.py:188} INFO - [2024-09-24T15:42:46.939+0000] {dag.py:3954} INFO - Setting next_dagrun for example_skip_dag to 2024-09-23 00:00:00+00:00, run_after=2024-09-24 00:00:00+00:00
[2024-09-24T15:42:46.958+0000] {processor.py:183} INFO - Processing /home/airflow/.local/lib/python3.12/site-packages/airflow/example_dags/example_skip_dag.py took 0.090 seconds
[2024-09-24T15:43:17.607+0000] {processor.py:161} INFO - Started process (PID=369) to work on /home/airflow/.local/lib/python3.12/site-packages/airflow/example_dags/example_skip_dag.py
[2024-09-24T15:43:17.608+0000] {processor.py:830} INFO - Processing file /home/airflow/.local/lib/python3.12/site-packages/airflow/example_dags/example_skip_dag.py for tasks to queue
[2024-09-24T15:43:17.610+0000] {logging_mixin.py:188} INFO - [2024-09-24T15:43:17.609+0000] {dagbag.py:545} INFO - Filling up the DagBag from /home/airflow/.local/lib/python3.12/site-packages/airflow/example_dags/example_skip_dag.py
[2024-09-24T15:43:17.617+0000] {processor.py:840} INFO - DAG(s) 'example_skip_dag' retrieved from /home/airflow/.local/lib/python3.12/site-packages/airflow/example_dags/example_skip_dag.py
[2024-09-24T15:43:17.641+0000] {logging_mixin.py:188} INFO - [2024-09-24T15:43:17.640+0000] {dag.py:3096} INFO - Sync 1 DAGs
[2024-09-24T15:43:17.666+0000] {logging_mixin.py:188} INFO - [2024-09-24T15:43:17.666+0000] {dag.py:3954} INFO - Setting next_dagrun for example_skip_dag to 2024-09-23 00:00:00+00:00, run_after=2024-09-24 00:00:00+00:00
[2024-09-24T15:43:17.686+0000] {processor.py:183} INFO - Processing /home/airflow/.local/lib/python3.12/site-packages/airflow/example_dags/example_skip_dag.py took 0.086 seconds
[2024-09-24T15:43:47.824+0000] {processor.py:161} INFO - Started process (PID=427) to work on /home/airflow/.local/lib/python3.12/site-packages/airflow/example_dags/example_skip_dag.py
[2024-09-24T15:43:47.825+0000] {processor.py:830} INFO - Processing file /home/airflow/.local/lib/python3.12/site-packages/airflow/example_dags/example_skip_dag.py for tasks to queue
[2024-09-24T15:43:47.828+0000] {logging_mixin.py:188} INFO - [2024-09-24T15:43:47.827+0000] {dagbag.py:545} INFO - Filling up the DagBag from /home/airflow/.local/lib/python3.12/site-packages/airflow/example_dags/example_skip_dag.py
[2024-09-24T15:43:47.835+0000] {processor.py:840} INFO - DAG(s) 'example_skip_dag' retrieved from /home/airflow/.local/lib/python3.12/site-packages/airflow/example_dags/example_skip_dag.py
[2024-09-24T15:43:47.860+0000] {logging_mixin.py:188} INFO - [2024-09-24T15:43:47.860+0000] {dag.py:3096} INFO - Sync 1 DAGs
[2024-09-24T15:43:47.885+0000] {logging_mixin.py:188} INFO - [2024-09-24T15:43:47.885+0000] {dag.py:3954} INFO - Setting next_dagrun for example_skip_dag to 2024-09-23 00:00:00+00:00, run_after=2024-09-24 00:00:00+00:00
[2024-09-24T15:43:47.904+0000] {processor.py:183} INFO - Processing /home/airflow/.local/lib/python3.12/site-packages/airflow/example_dags/example_skip_dag.py took 0.086 seconds
[2024-09-24T15:44:18.667+0000] {processor.py:161} INFO - Started process (PID=485) to work on /home/airflow/.local/lib/python3.12/site-packages/airflow/example_dags/example_skip_dag.py
[2024-09-24T15:44:18.669+0000] {processor.py:830} INFO - Processing file /home/airflow/.local/lib/python3.12/site-packages/airflow/example_dags/example_skip_dag.py for tasks to queue
[2024-09-24T15:44:18.676+0000] {logging_mixin.py:188} INFO - [2024-09-24T15:44:18.675+0000] {dagbag.py:545} INFO - Filling up the DagBag from /home/airflow/.local/lib/python3.12/site-packages/airflow/example_dags/example_skip_dag.py
[2024-09-24T15:44:18.693+0000] {processor.py:840} INFO - DAG(s) 'example_skip_dag' retrieved from /home/airflow/.local/lib/python3.12/site-packages/airflow/example_dags/example_skip_dag.py
[2024-09-24T15:44:18.753+0000] {logging_mixin.py:188} INFO - [2024-09-24T15:44:18.752+0000] {dag.py:3096} INFO - Sync 1 DAGs
[2024-09-24T15:44:18.808+0000] {logging_mixin.py:188} INFO - [2024-09-24T15:44:18.807+0000] {dag.py:3954} INFO - Setting next_dagrun for example_skip_dag to 2024-09-23 00:00:00+00:00, run_after=2024-09-24 00:00:00+00:00
[2024-09-24T15:44:18.847+0000] {processor.py:183} INFO - Processing /home/airflow/.local/lib/python3.12/site-packages/airflow/example_dags/example_skip_dag.py took 0.196 seconds
[2024-09-24T15:44:48.957+0000] {processor.py:161} INFO - Started process (PID=543) to work on /home/airflow/.local/lib/python3.12/site-packages/airflow/example_dags/example_skip_dag.py
[2024-09-24T15:44:48.959+0000] {processor.py:830} INFO - Processing file /home/airflow/.local/lib/python3.12/site-packages/airflow/example_dags/example_skip_dag.py for tasks to queue
[2024-09-24T15:44:48.962+0000] {logging_mixin.py:188} INFO - [2024-09-24T15:44:48.961+0000] {dagbag.py:545} INFO - Filling up the DagBag from /home/airflow/.local/lib/python3.12/site-packages/airflow/example_dags/example_skip_dag.py
[2024-09-24T15:44:48.973+0000] {processor.py:840} INFO - DAG(s) 'example_skip_dag' retrieved from /home/airflow/.local/lib/python3.12/site-packages/airflow/example_dags/example_skip_dag.py
[2024-09-24T15:44:49.010+0000] {logging_mixin.py:188} INFO - [2024-09-24T15:44:49.009+0000] {dag.py:3096} INFO - Sync 1 DAGs
[2024-09-24T15:44:49.047+0000] {logging_mixin.py:188} INFO - [2024-09-24T15:44:49.047+0000] {dag.py:3954} INFO - Setting next_dagrun for example_skip_dag to 2024-09-23 00:00:00+00:00, run_after=2024-09-24 00:00:00+00:00
[2024-09-24T15:44:49.088+0000] {processor.py:183} INFO - Processing /home/airflow/.local/lib/python3.12/site-packages/airflow/example_dags/example_skip_dag.py took 0.139 seconds
[2024-09-24T15:45:20.015+0000] {processor.py:161} INFO - Started process (PID=601) to work on /home/airflow/.local/lib/python3.12/site-packages/airflow/example_dags/example_skip_dag.py
[2024-09-24T15:45:20.016+0000] {processor.py:830} INFO - Processing file /home/airflow/.local/lib/python3.12/site-packages/airflow/example_dags/example_skip_dag.py for tasks to queue
[2024-09-24T15:45:20.020+0000] {logging_mixin.py:188} INFO - [2024-09-24T15:45:20.019+0000] {dagbag.py:545} INFO - Filling up the DagBag from /home/airflow/.local/lib/python3.12/site-packages/airflow/example_dags/example_skip_dag.py
[2024-09-24T15:45:20.032+0000] {processor.py:840} INFO - DAG(s) 'example_skip_dag' retrieved from /home/airflow/.local/lib/python3.12/site-packages/airflow/example_dags/example_skip_dag.py
[2024-09-24T15:45:20.072+0000] {logging_mixin.py:188} INFO - [2024-09-24T15:45:20.071+0000] {dag.py:3096} INFO - Sync 1 DAGs
[2024-09-24T15:45:20.117+0000] {logging_mixin.py:188} INFO - [2024-09-24T15:45:20.117+0000] {dag.py:3954} INFO - Setting next_dagrun for example_skip_dag to 2024-09-23 00:00:00+00:00, run_after=2024-09-24 00:00:00+00:00
[2024-09-24T15:45:20.149+0000] {processor.py:183} INFO - Processing /home/airflow/.local/lib/python3.12/site-packages/airflow/example_dags/example_skip_dag.py took 0.145 seconds
[2024-09-24T15:45:50.200+0000] {processor.py:161} INFO - Started process (PID=659) to work on /home/airflow/.local/lib/python3.12/site-packages/airflow/example_dags/example_skip_dag.py
[2024-09-24T15:45:50.201+0000] {processor.py:830} INFO - Processing file /home/airflow/.local/lib/python3.12/site-packages/airflow/example_dags/example_skip_dag.py for tasks to queue
[2024-09-24T15:45:50.203+0000] {logging_mixin.py:188} INFO - [2024-09-24T15:45:50.203+0000] {dagbag.py:545} INFO - Filling up the DagBag from /home/airflow/.local/lib/python3.12/site-packages/airflow/example_dags/example_skip_dag.py
[2024-09-24T15:45:50.209+0000] {processor.py:840} INFO - DAG(s) 'example_skip_dag' retrieved from /home/airflow/.local/lib/python3.12/site-packages/airflow/example_dags/example_skip_dag.py
[2024-09-24T15:45:50.231+0000] {logging_mixin.py:188} INFO - [2024-09-24T15:45:50.231+0000] {dag.py:3096} INFO - Sync 1 DAGs
[2024-09-24T15:45:50.252+0000] {logging_mixin.py:188} INFO - [2024-09-24T15:45:50.252+0000] {dag.py:3954} INFO - Setting next_dagrun for example_skip_dag to 2024-09-23 00:00:00+00:00, run_after=2024-09-24 00:00:00+00:00
[2024-09-24T15:45:50.270+0000] {processor.py:183} INFO - Processing /home/airflow/.local/lib/python3.12/site-packages/airflow/example_dags/example_skip_dag.py took 0.077 seconds
[2024-09-24T15:46:20.878+0000] {processor.py:161} INFO - Started process (PID=717) to work on /home/airflow/.local/lib/python3.12/site-packages/airflow/example_dags/example_skip_dag.py
[2024-09-24T15:46:20.883+0000] {processor.py:830} INFO - Processing file /home/airflow/.local/lib/python3.12/site-packages/airflow/example_dags/example_skip_dag.py for tasks to queue
[2024-09-24T15:46:20.890+0000] {logging_mixin.py:188} INFO - [2024-09-24T15:46:20.889+0000] {dagbag.py:545} INFO - Filling up the DagBag from /home/airflow/.local/lib/python3.12/site-packages/airflow/example_dags/example_skip_dag.py
[2024-09-24T15:46:20.918+0000] {processor.py:840} INFO - DAG(s) 'example_skip_dag' retrieved from /home/airflow/.local/lib/python3.12/site-packages/airflow/example_dags/example_skip_dag.py
[2024-09-24T15:46:20.970+0000] {logging_mixin.py:188} INFO - [2024-09-24T15:46:20.970+0000] {dag.py:3096} INFO - Sync 1 DAGs
[2024-09-24T15:46:21.005+0000] {logging_mixin.py:188} INFO - [2024-09-24T15:46:21.004+0000] {dag.py:3954} INFO - Setting next_dagrun for example_skip_dag to 2024-09-23 00:00:00+00:00, run_after=2024-09-24 00:00:00+00:00
[2024-09-24T15:46:21.032+0000] {processor.py:183} INFO - Processing /home/airflow/.local/lib/python3.12/site-packages/airflow/example_dags/example_skip_dag.py took 0.173 seconds
[2024-09-24T15:46:51.213+0000] {processor.py:161} INFO - Started process (PID=775) to work on /home/airflow/.local/lib/python3.12/site-packages/airflow/example_dags/example_skip_dag.py
[2024-09-24T15:46:51.214+0000] {processor.py:830} INFO - Processing file /home/airflow/.local/lib/python3.12/site-packages/airflow/example_dags/example_skip_dag.py for tasks to queue
[2024-09-24T15:46:51.217+0000] {logging_mixin.py:188} INFO - [2024-09-24T15:46:51.216+0000] {dagbag.py:545} INFO - Filling up the DagBag from /home/airflow/.local/lib/python3.12/site-packages/airflow/example_dags/example_skip_dag.py
[2024-09-24T15:46:51.227+0000] {processor.py:840} INFO - DAG(s) 'example_skip_dag' retrieved from /home/airflow/.local/lib/python3.12/site-packages/airflow/example_dags/example_skip_dag.py
[2024-09-24T15:46:51.259+0000] {logging_mixin.py:188} INFO - [2024-09-24T15:46:51.258+0000] {dag.py:3096} INFO - Sync 1 DAGs
[2024-09-24T15:46:51.294+0000] {logging_mixin.py:188} INFO - [2024-09-24T15:46:51.294+0000] {dag.py:3954} INFO - Setting next_dagrun for example_skip_dag to 2024-09-23 00:00:00+00:00, run_after=2024-09-24 00:00:00+00:00
[2024-09-24T15:46:51.331+0000] {processor.py:183} INFO - Processing /home/airflow/.local/lib/python3.12/site-packages/airflow/example_dags/example_skip_dag.py took 0.129 seconds
[2024-09-24T15:47:21.699+0000] {processor.py:161} INFO - Started process (PID=833) to work on /home/airflow/.local/lib/python3.12/site-packages/airflow/example_dags/example_skip_dag.py
[2024-09-24T15:47:21.701+0000] {processor.py:830} INFO - Processing file /home/airflow/.local/lib/python3.12/site-packages/airflow/example_dags/example_skip_dag.py for tasks to queue
[2024-09-24T15:47:21.704+0000] {logging_mixin.py:188} INFO - [2024-09-24T15:47:21.703+0000] {dagbag.py:545} INFO - Filling up the DagBag from /home/airflow/.local/lib/python3.12/site-packages/airflow/example_dags/example_skip_dag.py
[2024-09-24T15:47:21.713+0000] {processor.py:840} INFO - DAG(s) 'example_skip_dag' retrieved from /home/airflow/.local/lib/python3.12/site-packages/airflow/example_dags/example_skip_dag.py
[2024-09-24T15:47:21.744+0000] {logging_mixin.py:188} INFO - [2024-09-24T15:47:21.744+0000] {dag.py:3096} INFO - Sync 1 DAGs
[2024-09-24T15:47:21.776+0000] {logging_mixin.py:188} INFO - [2024-09-24T15:47:21.776+0000] {dag.py:3954} INFO - Setting next_dagrun for example_skip_dag to 2024-09-23 00:00:00+00:00, run_after=2024-09-24 00:00:00+00:00
[2024-09-24T15:47:21.798+0000] {processor.py:183} INFO - Processing /home/airflow/.local/lib/python3.12/site-packages/airflow/example_dags/example_skip_dag.py took 0.107 seconds
[2024-09-24T15:47:52.672+0000] {processor.py:161} INFO - Started process (PID=891) to work on /home/airflow/.local/lib/python3.12/site-packages/airflow/example_dags/example_skip_dag.py
[2024-09-24T15:47:52.674+0000] {processor.py:830} INFO - Processing file /home/airflow/.local/lib/python3.12/site-packages/airflow/example_dags/example_skip_dag.py for tasks to queue
[2024-09-24T15:47:52.677+0000] {logging_mixin.py:188} INFO - [2024-09-24T15:47:52.676+0000] {dagbag.py:545} INFO - Filling up the DagBag from /home/airflow/.local/lib/python3.12/site-packages/airflow/example_dags/example_skip_dag.py
[2024-09-24T15:47:52.685+0000] {processor.py:840} INFO - DAG(s) 'example_skip_dag' retrieved from /home/airflow/.local/lib/python3.12/site-packages/airflow/example_dags/example_skip_dag.py
[2024-09-24T15:47:52.715+0000] {logging_mixin.py:188} INFO - [2024-09-24T15:47:52.715+0000] {dag.py:3096} INFO - Sync 1 DAGs
[2024-09-24T15:47:52.748+0000] {logging_mixin.py:188} INFO - [2024-09-24T15:47:52.747+0000] {dag.py:3954} INFO - Setting next_dagrun for example_skip_dag to 2024-09-23 00:00:00+00:00, run_after=2024-09-24 00:00:00+00:00
[2024-09-24T15:47:52.769+0000] {processor.py:183} INFO - Processing /home/airflow/.local/lib/python3.12/site-packages/airflow/example_dags/example_skip_dag.py took 0.103 seconds
[2024-09-24T15:48:23.029+0000] {processor.py:161} INFO - Started process (PID=949) to work on /home/airflow/.local/lib/python3.12/site-packages/airflow/example_dags/example_skip_dag.py
[2024-09-24T15:48:23.030+0000] {processor.py:830} INFO - Processing file /home/airflow/.local/lib/python3.12/site-packages/airflow/example_dags/example_skip_dag.py for tasks to queue
[2024-09-24T15:48:23.033+0000] {logging_mixin.py:188} INFO - [2024-09-24T15:48:23.032+0000] {dagbag.py:545} INFO - Filling up the DagBag from /home/airflow/.local/lib/python3.12/site-packages/airflow/example_dags/example_skip_dag.py
[2024-09-24T15:48:23.041+0000] {processor.py:840} INFO - DAG(s) 'example_skip_dag' retrieved from /home/airflow/.local/lib/python3.12/site-packages/airflow/example_dags/example_skip_dag.py
[2024-09-24T15:48:23.071+0000] {logging_mixin.py:188} INFO - [2024-09-24T15:48:23.071+0000] {dag.py:3096} INFO - Sync 1 DAGs
[2024-09-24T15:48:23.104+0000] {logging_mixin.py:188} INFO - [2024-09-24T15:48:23.103+0000] {dag.py:3954} INFO - Setting next_dagrun for example_skip_dag to 2024-09-23 00:00:00+00:00, run_after=2024-09-24 00:00:00+00:00
[2024-09-24T15:48:23.128+0000] {processor.py:183} INFO - Processing /home/airflow/.local/lib/python3.12/site-packages/airflow/example_dags/example_skip_dag.py took 0.106 seconds
[2024-09-24T15:48:53.939+0000] {processor.py:161} INFO - Started process (PID=1007) to work on /home/airflow/.local/lib/python3.12/site-packages/airflow/example_dags/example_skip_dag.py
[2024-09-24T15:48:53.940+0000] {processor.py:830} INFO - Processing file /home/airflow/.local/lib/python3.12/site-packages/airflow/example_dags/example_skip_dag.py for tasks to queue
[2024-09-24T15:48:53.941+0000] {logging_mixin.py:188} INFO - [2024-09-24T15:48:53.941+0000] {dagbag.py:545} INFO - Filling up the DagBag from /home/airflow/.local/lib/python3.12/site-packages/airflow/example_dags/example_skip_dag.py
[2024-09-24T15:48:53.948+0000] {processor.py:840} INFO - DAG(s) 'example_skip_dag' retrieved from /home/airflow/.local/lib/python3.12/site-packages/airflow/example_dags/example_skip_dag.py
[2024-09-24T15:48:53.970+0000] {logging_mixin.py:188} INFO - [2024-09-24T15:48:53.970+0000] {dag.py:3096} INFO - Sync 1 DAGs
[2024-09-24T15:48:53.993+0000] {logging_mixin.py:188} INFO - [2024-09-24T15:48:53.993+0000] {dag.py:3954} INFO - Setting next_dagrun for example_skip_dag to 2024-09-23 00:00:00+00:00, run_after=2024-09-24 00:00:00+00:00
[2024-09-24T15:48:54.012+0000] {processor.py:183} INFO - Processing /home/airflow/.local/lib/python3.12/site-packages/airflow/example_dags/example_skip_dag.py took 0.080 seconds
[2024-09-24T15:49:24.086+0000] {processor.py:161} INFO - Started process (PID=1066) to work on /home/airflow/.local/lib/python3.12/site-packages/airflow/example_dags/example_skip_dag.py
[2024-09-24T15:49:24.087+0000] {processor.py:830} INFO - Processing file /home/airflow/.local/lib/python3.12/site-packages/airflow/example_dags/example_skip_dag.py for tasks to queue
[2024-09-24T15:49:24.089+0000] {logging_mixin.py:188} INFO - [2024-09-24T15:49:24.089+0000] {dagbag.py:545} INFO - Filling up the DagBag from /home/airflow/.local/lib/python3.12/site-packages/airflow/example_dags/example_skip_dag.py
[2024-09-24T15:49:24.096+0000] {processor.py:840} INFO - DAG(s) 'example_skip_dag' retrieved from /home/airflow/.local/lib/python3.12/site-packages/airflow/example_dags/example_skip_dag.py
[2024-09-24T15:49:24.120+0000] {logging_mixin.py:188} INFO - [2024-09-24T15:49:24.120+0000] {dag.py:3096} INFO - Sync 1 DAGs
[2024-09-24T15:49:24.144+0000] {logging_mixin.py:188} INFO - [2024-09-24T15:49:24.143+0000] {dag.py:3954} INFO - Setting next_dagrun for example_skip_dag to 2024-09-23 00:00:00+00:00, run_after=2024-09-24 00:00:00+00:00
[2024-09-24T15:49:24.166+0000] {processor.py:183} INFO - Processing /home/airflow/.local/lib/python3.12/site-packages/airflow/example_dags/example_skip_dag.py took 0.087 seconds
[2024-09-24T15:49:54.389+0000] {processor.py:161} INFO - Started process (PID=1124) to work on /home/airflow/.local/lib/python3.12/site-packages/airflow/example_dags/example_skip_dag.py
[2024-09-24T15:49:54.390+0000] {processor.py:830} INFO - Processing file /home/airflow/.local/lib/python3.12/site-packages/airflow/example_dags/example_skip_dag.py for tasks to queue
[2024-09-24T15:49:54.393+0000] {logging_mixin.py:188} INFO - [2024-09-24T15:49:54.392+0000] {dagbag.py:545} INFO - Filling up the DagBag from /home/airflow/.local/lib/python3.12/site-packages/airflow/example_dags/example_skip_dag.py
[2024-09-24T15:49:54.401+0000] {processor.py:840} INFO - DAG(s) 'example_skip_dag' retrieved from /home/airflow/.local/lib/python3.12/site-packages/airflow/example_dags/example_skip_dag.py
[2024-09-24T15:49:54.427+0000] {logging_mixin.py:188} INFO - [2024-09-24T15:49:54.427+0000] {dag.py:3096} INFO - Sync 1 DAGs
[2024-09-24T15:49:54.451+0000] {logging_mixin.py:188} INFO - [2024-09-24T15:49:54.451+0000] {dag.py:3954} INFO - Setting next_dagrun for example_skip_dag to 2024-09-23 00:00:00+00:00, run_after=2024-09-24 00:00:00+00:00
[2024-09-24T15:49:54.473+0000] {processor.py:183} INFO - Processing /home/airflow/.local/lib/python3.12/site-packages/airflow/example_dags/example_skip_dag.py took 0.092 seconds
[2024-09-24T15:50:25.045+0000] {processor.py:161} INFO - Started process (PID=1182) to work on /home/airflow/.local/lib/python3.12/site-packages/airflow/example_dags/example_skip_dag.py
[2024-09-24T15:50:25.046+0000] {processor.py:830} INFO - Processing file /home/airflow/.local/lib/python3.12/site-packages/airflow/example_dags/example_skip_dag.py for tasks to queue
[2024-09-24T15:50:25.048+0000] {logging_mixin.py:188} INFO - [2024-09-24T15:50:25.048+0000] {dagbag.py:545} INFO - Filling up the DagBag from /home/airflow/.local/lib/python3.12/site-packages/airflow/example_dags/example_skip_dag.py
[2024-09-24T15:50:25.056+0000] {processor.py:840} INFO - DAG(s) 'example_skip_dag' retrieved from /home/airflow/.local/lib/python3.12/site-packages/airflow/example_dags/example_skip_dag.py
[2024-09-24T15:50:25.082+0000] {logging_mixin.py:188} INFO - [2024-09-24T15:50:25.081+0000] {dag.py:3096} INFO - Sync 1 DAGs
[2024-09-24T15:50:25.117+0000] {logging_mixin.py:188} INFO - [2024-09-24T15:50:25.117+0000] {dag.py:3954} INFO - Setting next_dagrun for example_skip_dag to 2024-09-23 00:00:00+00:00, run_after=2024-09-24 00:00:00+00:00
[2024-09-24T15:50:25.147+0000] {processor.py:183} INFO - Processing /home/airflow/.local/lib/python3.12/site-packages/airflow/example_dags/example_skip_dag.py took 0.108 seconds
[2024-09-24T15:50:56.035+0000] {processor.py:161} INFO - Started process (PID=1241) to work on /home/airflow/.local/lib/python3.12/site-packages/airflow/example_dags/example_skip_dag.py
[2024-09-24T15:50:56.037+0000] {processor.py:830} INFO - Processing file /home/airflow/.local/lib/python3.12/site-packages/airflow/example_dags/example_skip_dag.py for tasks to queue
[2024-09-24T15:50:56.041+0000] {logging_mixin.py:188} INFO - [2024-09-24T15:50:56.041+0000] {dagbag.py:545} INFO - Filling up the DagBag from /home/airflow/.local/lib/python3.12/site-packages/airflow/example_dags/example_skip_dag.py
[2024-09-24T15:50:56.052+0000] {processor.py:840} INFO - DAG(s) 'example_skip_dag' retrieved from /home/airflow/.local/lib/python3.12/site-packages/airflow/example_dags/example_skip_dag.py
[2024-09-24T15:50:56.084+0000] {logging_mixin.py:188} INFO - [2024-09-24T15:50:56.084+0000] {dag.py:3096} INFO - Sync 1 DAGs
[2024-09-24T15:50:56.114+0000] {logging_mixin.py:188} INFO - [2024-09-24T15:50:56.114+0000] {dag.py:3954} INFO - Setting next_dagrun for example_skip_dag to 2024-09-23 00:00:00+00:00, run_after=2024-09-24 00:00:00+00:00
[2024-09-24T15:50:56.134+0000] {processor.py:183} INFO - Processing /home/airflow/.local/lib/python3.12/site-packages/airflow/example_dags/example_skip_dag.py took 0.107 seconds
[2024-09-24T15:51:26.581+0000] {processor.py:161} INFO - Started process (PID=1299) to work on /home/airflow/.local/lib/python3.12/site-packages/airflow/example_dags/example_skip_dag.py
[2024-09-24T15:51:26.583+0000] {processor.py:830} INFO - Processing file /home/airflow/.local/lib/python3.12/site-packages/airflow/example_dags/example_skip_dag.py for tasks to queue
[2024-09-24T15:51:26.585+0000] {logging_mixin.py:188} INFO - [2024-09-24T15:51:26.585+0000] {dagbag.py:545} INFO - Filling up the DagBag from /home/airflow/.local/lib/python3.12/site-packages/airflow/example_dags/example_skip_dag.py
[2024-09-24T15:51:26.592+0000] {processor.py:840} INFO - DAG(s) 'example_skip_dag' retrieved from /home/airflow/.local/lib/python3.12/site-packages/airflow/example_dags/example_skip_dag.py
[2024-09-24T15:51:26.615+0000] {logging_mixin.py:188} INFO - [2024-09-24T15:51:26.615+0000] {dag.py:3096} INFO - Sync 1 DAGs
[2024-09-24T15:51:26.640+0000] {logging_mixin.py:188} INFO - [2024-09-24T15:51:26.640+0000] {dag.py:3954} INFO - Setting next_dagrun for example_skip_dag to 2024-09-23 00:00:00+00:00, run_after=2024-09-24 00:00:00+00:00
[2024-09-24T15:51:26.659+0000] {processor.py:183} INFO - Processing /home/airflow/.local/lib/python3.12/site-packages/airflow/example_dags/example_skip_dag.py took 0.087 seconds
[2024-09-24T15:51:57.107+0000] {processor.py:161} INFO - Started process (PID=1357) to work on /home/airflow/.local/lib/python3.12/site-packages/airflow/example_dags/example_skip_dag.py
[2024-09-24T15:51:57.108+0000] {processor.py:830} INFO - Processing file /home/airflow/.local/lib/python3.12/site-packages/airflow/example_dags/example_skip_dag.py for tasks to queue
[2024-09-24T15:51:57.111+0000] {logging_mixin.py:188} INFO - [2024-09-24T15:51:57.111+0000] {dagbag.py:545} INFO - Filling up the DagBag from /home/airflow/.local/lib/python3.12/site-packages/airflow/example_dags/example_skip_dag.py
[2024-09-24T15:51:57.122+0000] {processor.py:840} INFO - DAG(s) 'example_skip_dag' retrieved from /home/airflow/.local/lib/python3.12/site-packages/airflow/example_dags/example_skip_dag.py
[2024-09-24T15:51:57.154+0000] {logging_mixin.py:188} INFO - [2024-09-24T15:51:57.154+0000] {dag.py:3096} INFO - Sync 1 DAGs
[2024-09-24T15:51:57.183+0000] {logging_mixin.py:188} INFO - [2024-09-24T15:51:57.182+0000] {dag.py:3954} INFO - Setting next_dagrun for example_skip_dag to 2024-09-23 00:00:00+00:00, run_after=2024-09-24 00:00:00+00:00
[2024-09-24T15:51:57.208+0000] {processor.py:183} INFO - Processing /home/airflow/.local/lib/python3.12/site-packages/airflow/example_dags/example_skip_dag.py took 0.108 seconds
[2024-09-24T15:52:27.287+0000] {processor.py:161} INFO - Started process (PID=1415) to work on /home/airflow/.local/lib/python3.12/site-packages/airflow/example_dags/example_skip_dag.py
[2024-09-24T15:52:27.288+0000] {processor.py:830} INFO - Processing file /home/airflow/.local/lib/python3.12/site-packages/airflow/example_dags/example_skip_dag.py for tasks to queue
[2024-09-24T15:52:27.290+0000] {logging_mixin.py:188} INFO - [2024-09-24T15:52:27.290+0000] {dagbag.py:545} INFO - Filling up the DagBag from /home/airflow/.local/lib/python3.12/site-packages/airflow/example_dags/example_skip_dag.py
[2024-09-24T15:52:27.297+0000] {processor.py:840} INFO - DAG(s) 'example_skip_dag' retrieved from /home/airflow/.local/lib/python3.12/site-packages/airflow/example_dags/example_skip_dag.py
[2024-09-24T15:52:27.322+0000] {logging_mixin.py:188} INFO - [2024-09-24T15:52:27.321+0000] {dag.py:3096} INFO - Sync 1 DAGs
[2024-09-24T15:52:27.345+0000] {logging_mixin.py:188} INFO - [2024-09-24T15:52:27.345+0000] {dag.py:3954} INFO - Setting next_dagrun for example_skip_dag to 2024-09-23 00:00:00+00:00, run_after=2024-09-24 00:00:00+00:00
[2024-09-24T15:52:27.367+0000] {processor.py:183} INFO - Processing /home/airflow/.local/lib/python3.12/site-packages/airflow/example_dags/example_skip_dag.py took 0.087 seconds
[2024-09-24T15:52:57.728+0000] {processor.py:161} INFO - Started process (PID=1473) to work on /home/airflow/.local/lib/python3.12/site-packages/airflow/example_dags/example_skip_dag.py
[2024-09-24T15:52:57.729+0000] {processor.py:830} INFO - Processing file /home/airflow/.local/lib/python3.12/site-packages/airflow/example_dags/example_skip_dag.py for tasks to queue
[2024-09-24T15:52:57.731+0000] {logging_mixin.py:188} INFO - [2024-09-24T15:52:57.731+0000] {dagbag.py:545} INFO - Filling up the DagBag from /home/airflow/.local/lib/python3.12/site-packages/airflow/example_dags/example_skip_dag.py
[2024-09-24T15:52:57.739+0000] {processor.py:840} INFO - DAG(s) 'example_skip_dag' retrieved from /home/airflow/.local/lib/python3.12/site-packages/airflow/example_dags/example_skip_dag.py
[2024-09-24T15:52:57.760+0000] {logging_mixin.py:188} INFO - [2024-09-24T15:52:57.760+0000] {dag.py:3096} INFO - Sync 1 DAGs
[2024-09-24T15:52:57.783+0000] {logging_mixin.py:188} INFO - [2024-09-24T15:52:57.783+0000] {dag.py:3954} INFO - Setting next_dagrun for example_skip_dag to 2024-09-23 00:00:00+00:00, run_after=2024-09-24 00:00:00+00:00
[2024-09-24T15:52:57.802+0000] {processor.py:183} INFO - Processing /home/airflow/.local/lib/python3.12/site-packages/airflow/example_dags/example_skip_dag.py took 0.080 seconds
[2024-09-24T15:53:28.522+0000] {processor.py:161} INFO - Started process (PID=1531) to work on /home/airflow/.local/lib/python3.12/site-packages/airflow/example_dags/example_skip_dag.py
[2024-09-24T15:53:28.524+0000] {processor.py:830} INFO - Processing file /home/airflow/.local/lib/python3.12/site-packages/airflow/example_dags/example_skip_dag.py for tasks to queue
[2024-09-24T15:53:28.527+0000] {logging_mixin.py:188} INFO - [2024-09-24T15:53:28.526+0000] {dagbag.py:545} INFO - Filling up the DagBag from /home/airflow/.local/lib/python3.12/site-packages/airflow/example_dags/example_skip_dag.py
[2024-09-24T15:53:28.534+0000] {processor.py:840} INFO - DAG(s) 'example_skip_dag' retrieved from /home/airflow/.local/lib/python3.12/site-packages/airflow/example_dags/example_skip_dag.py
[2024-09-24T15:53:28.563+0000] {logging_mixin.py:188} INFO - [2024-09-24T15:53:28.562+0000] {dag.py:3096} INFO - Sync 1 DAGs
[2024-09-24T15:53:28.590+0000] {logging_mixin.py:188} INFO - [2024-09-24T15:53:28.589+0000] {dag.py:3954} INFO - Setting next_dagrun for example_skip_dag to 2024-09-23 00:00:00+00:00, run_after=2024-09-24 00:00:00+00:00
[2024-09-24T15:53:28.612+0000] {processor.py:183} INFO - Processing /home/airflow/.local/lib/python3.12/site-packages/airflow/example_dags/example_skip_dag.py took 0.097 seconds
