[2024-09-24T15:40:43.078+0000] {processor.py:161} INFO - Started process (PID=68) to work on /home/airflow/.local/lib/python3.12/site-packages/airflow/example_dags/example_short_circuit_decorator.py
[2024-09-24T15:40:43.080+0000] {processor.py:830} INFO - Processing file /home/airflow/.local/lib/python3.12/site-packages/airflow/example_dags/example_short_circuit_decorator.py for tasks to queue
[2024-09-24T15:40:43.083+0000] {logging_mixin.py:188} INFO - [2024-09-24T15:40:43.083+0000] {dagbag.py:545} INFO - Filling up the DagBag from /home/airflow/.local/lib/python3.12/site-packages/airflow/example_dags/example_short_circuit_decorator.py
[2024-09-24T15:40:43.106+0000] {processor.py:840} INFO - DAG(s) 'example_short_circuit_decorator' retrieved from /home/airflow/.local/lib/python3.12/site-packages/airflow/example_dags/example_short_circuit_decorator.py
[2024-09-24T15:40:43.292+0000] {logging_mixin.py:188} INFO - [2024-09-24T15:40:43.292+0000] {dag.py:3096} INFO - Sync 1 DAGs
[2024-09-24T15:40:43.321+0000] {logging_mixin.py:188} INFO - [2024-09-24T15:40:43.321+0000] {dag.py:3954} INFO - Setting next_dagrun for example_short_circuit_decorator to 2024-09-23 00:00:00+00:00, run_after=2024-09-24 00:00:00+00:00
[2024-09-24T15:40:43.352+0000] {processor.py:183} INFO - Processing /home/airflow/.local/lib/python3.12/site-packages/airflow/example_dags/example_short_circuit_decorator.py took 0.285 seconds
[2024-09-24T15:41:14.014+0000] {processor.py:161} INFO - Started process (PID=126) to work on /home/airflow/.local/lib/python3.12/site-packages/airflow/example_dags/example_short_circuit_decorator.py
[2024-09-24T15:41:14.016+0000] {processor.py:830} INFO - Processing file /home/airflow/.local/lib/python3.12/site-packages/airflow/example_dags/example_short_circuit_decorator.py for tasks to queue
[2024-09-24T15:41:14.018+0000] {logging_mixin.py:188} INFO - [2024-09-24T15:41:14.018+0000] {dagbag.py:545} INFO - Filling up the DagBag from /home/airflow/.local/lib/python3.12/site-packages/airflow/example_dags/example_short_circuit_decorator.py
[2024-09-24T15:41:14.028+0000] {processor.py:840} INFO - DAG(s) 'example_short_circuit_decorator' retrieved from /home/airflow/.local/lib/python3.12/site-packages/airflow/example_dags/example_short_circuit_decorator.py
[2024-09-24T15:41:14.053+0000] {logging_mixin.py:188} INFO - [2024-09-24T15:41:14.052+0000] {dag.py:3096} INFO - Sync 1 DAGs
[2024-09-24T15:41:14.077+0000] {logging_mixin.py:188} INFO - [2024-09-24T15:41:14.076+0000] {dag.py:3954} INFO - Setting next_dagrun for example_short_circuit_decorator to 2024-09-23 00:00:00+00:00, run_after=2024-09-24 00:00:00+00:00
[2024-09-24T15:41:14.112+0000] {processor.py:183} INFO - Processing /home/airflow/.local/lib/python3.12/site-packages/airflow/example_dags/example_short_circuit_decorator.py took 0.104 seconds
[2024-09-24T15:41:44.246+0000] {processor.py:161} INFO - Started process (PID=184) to work on /home/airflow/.local/lib/python3.12/site-packages/airflow/example_dags/example_short_circuit_decorator.py
[2024-09-24T15:41:44.247+0000] {processor.py:830} INFO - Processing file /home/airflow/.local/lib/python3.12/site-packages/airflow/example_dags/example_short_circuit_decorator.py for tasks to queue
[2024-09-24T15:41:44.250+0000] {logging_mixin.py:188} INFO - [2024-09-24T15:41:44.250+0000] {dagbag.py:545} INFO - Filling up the DagBag from /home/airflow/.local/lib/python3.12/site-packages/airflow/example_dags/example_short_circuit_decorator.py
[2024-09-24T15:41:44.265+0000] {processor.py:840} INFO - DAG(s) 'example_short_circuit_decorator' retrieved from /home/airflow/.local/lib/python3.12/site-packages/airflow/example_dags/example_short_circuit_decorator.py
[2024-09-24T15:41:44.290+0000] {logging_mixin.py:188} INFO - [2024-09-24T15:41:44.290+0000] {dag.py:3096} INFO - Sync 1 DAGs
[2024-09-24T15:41:44.324+0000] {logging_mixin.py:188} INFO - [2024-09-24T15:41:44.324+0000] {dag.py:3954} INFO - Setting next_dagrun for example_short_circuit_decorator to 2024-09-23 00:00:00+00:00, run_after=2024-09-24 00:00:00+00:00
[2024-09-24T15:41:44.346+0000] {processor.py:183} INFO - Processing /home/airflow/.local/lib/python3.12/site-packages/airflow/example_dags/example_short_circuit_decorator.py took 0.109 seconds
[2024-09-24T15:42:14.799+0000] {processor.py:161} INFO - Started process (PID=242) to work on /home/airflow/.local/lib/python3.12/site-packages/airflow/example_dags/example_short_circuit_decorator.py
[2024-09-24T15:42:14.800+0000] {processor.py:830} INFO - Processing file /home/airflow/.local/lib/python3.12/site-packages/airflow/example_dags/example_short_circuit_decorator.py for tasks to queue
[2024-09-24T15:42:14.803+0000] {logging_mixin.py:188} INFO - [2024-09-24T15:42:14.802+0000] {dagbag.py:545} INFO - Filling up the DagBag from /home/airflow/.local/lib/python3.12/site-packages/airflow/example_dags/example_short_circuit_decorator.py
[2024-09-24T15:42:14.813+0000] {processor.py:840} INFO - DAG(s) 'example_short_circuit_decorator' retrieved from /home/airflow/.local/lib/python3.12/site-packages/airflow/example_dags/example_short_circuit_decorator.py
[2024-09-24T15:42:14.838+0000] {logging_mixin.py:188} INFO - [2024-09-24T15:42:14.837+0000] {dag.py:3096} INFO - Sync 1 DAGs
[2024-09-24T15:42:14.866+0000] {logging_mixin.py:188} INFO - [2024-09-24T15:42:14.866+0000] {dag.py:3954} INFO - Setting next_dagrun for example_short_circuit_decorator to 2024-09-23 00:00:00+00:00, run_after=2024-09-24 00:00:00+00:00
[2024-09-24T15:42:14.888+0000] {processor.py:183} INFO - Processing /home/airflow/.local/lib/python3.12/site-packages/airflow/example_dags/example_short_circuit_decorator.py took 0.095 seconds
[2024-09-24T15:42:45.233+0000] {processor.py:161} INFO - Started process (PID=300) to work on /home/airflow/.local/lib/python3.12/site-packages/airflow/example_dags/example_short_circuit_decorator.py
[2024-09-24T15:42:45.234+0000] {processor.py:830} INFO - Processing file /home/airflow/.local/lib/python3.12/site-packages/airflow/example_dags/example_short_circuit_decorator.py for tasks to queue
[2024-09-24T15:42:45.235+0000] {logging_mixin.py:188} INFO - [2024-09-24T15:42:45.235+0000] {dagbag.py:545} INFO - Filling up the DagBag from /home/airflow/.local/lib/python3.12/site-packages/airflow/example_dags/example_short_circuit_decorator.py
[2024-09-24T15:42:45.245+0000] {processor.py:840} INFO - DAG(s) 'example_short_circuit_decorator' retrieved from /home/airflow/.local/lib/python3.12/site-packages/airflow/example_dags/example_short_circuit_decorator.py
[2024-09-24T15:42:45.271+0000] {logging_mixin.py:188} INFO - [2024-09-24T15:42:45.271+0000] {dag.py:3096} INFO - Sync 1 DAGs
[2024-09-24T15:42:45.294+0000] {logging_mixin.py:188} INFO - [2024-09-24T15:42:45.293+0000] {dag.py:3954} INFO - Setting next_dagrun for example_short_circuit_decorator to 2024-09-23 00:00:00+00:00, run_after=2024-09-24 00:00:00+00:00
[2024-09-24T15:42:45.314+0000] {processor.py:183} INFO - Processing /home/airflow/.local/lib/python3.12/site-packages/airflow/example_dags/example_short_circuit_decorator.py took 0.088 seconds
[2024-09-24T15:43:15.892+0000] {processor.py:161} INFO - Started process (PID=358) to work on /home/airflow/.local/lib/python3.12/site-packages/airflow/example_dags/example_short_circuit_decorator.py
[2024-09-24T15:43:15.894+0000] {processor.py:830} INFO - Processing file /home/airflow/.local/lib/python3.12/site-packages/airflow/example_dags/example_short_circuit_decorator.py for tasks to queue
[2024-09-24T15:43:15.896+0000] {logging_mixin.py:188} INFO - [2024-09-24T15:43:15.896+0000] {dagbag.py:545} INFO - Filling up the DagBag from /home/airflow/.local/lib/python3.12/site-packages/airflow/example_dags/example_short_circuit_decorator.py
[2024-09-24T15:43:15.906+0000] {processor.py:840} INFO - DAG(s) 'example_short_circuit_decorator' retrieved from /home/airflow/.local/lib/python3.12/site-packages/airflow/example_dags/example_short_circuit_decorator.py
[2024-09-24T15:43:15.932+0000] {logging_mixin.py:188} INFO - [2024-09-24T15:43:15.932+0000] {dag.py:3096} INFO - Sync 1 DAGs
[2024-09-24T15:43:15.957+0000] {logging_mixin.py:188} INFO - [2024-09-24T15:43:15.956+0000] {dag.py:3954} INFO - Setting next_dagrun for example_short_circuit_decorator to 2024-09-23 00:00:00+00:00, run_after=2024-09-24 00:00:00+00:00
[2024-09-24T15:43:15.977+0000] {processor.py:183} INFO - Processing /home/airflow/.local/lib/python3.12/site-packages/airflow/example_dags/example_short_circuit_decorator.py took 0.093 seconds
[2024-09-24T15:43:46.103+0000] {processor.py:161} INFO - Started process (PID=416) to work on /home/airflow/.local/lib/python3.12/site-packages/airflow/example_dags/example_short_circuit_decorator.py
[2024-09-24T15:43:46.105+0000] {processor.py:830} INFO - Processing file /home/airflow/.local/lib/python3.12/site-packages/airflow/example_dags/example_short_circuit_decorator.py for tasks to queue
[2024-09-24T15:43:46.107+0000] {logging_mixin.py:188} INFO - [2024-09-24T15:43:46.106+0000] {dagbag.py:545} INFO - Filling up the DagBag from /home/airflow/.local/lib/python3.12/site-packages/airflow/example_dags/example_short_circuit_decorator.py
[2024-09-24T15:43:46.117+0000] {processor.py:840} INFO - DAG(s) 'example_short_circuit_decorator' retrieved from /home/airflow/.local/lib/python3.12/site-packages/airflow/example_dags/example_short_circuit_decorator.py
[2024-09-24T15:43:46.145+0000] {logging_mixin.py:188} INFO - [2024-09-24T15:43:46.145+0000] {dag.py:3096} INFO - Sync 1 DAGs
[2024-09-24T15:43:46.169+0000] {logging_mixin.py:188} INFO - [2024-09-24T15:43:46.169+0000] {dag.py:3954} INFO - Setting next_dagrun for example_short_circuit_decorator to 2024-09-23 00:00:00+00:00, run_after=2024-09-24 00:00:00+00:00
[2024-09-24T15:43:46.187+0000] {processor.py:183} INFO - Processing /home/airflow/.local/lib/python3.12/site-packages/airflow/example_dags/example_short_circuit_decorator.py took 0.090 seconds
[2024-09-24T15:44:16.667+0000] {processor.py:161} INFO - Started process (PID=474) to work on /home/airflow/.local/lib/python3.12/site-packages/airflow/example_dags/example_short_circuit_decorator.py
[2024-09-24T15:44:16.670+0000] {processor.py:830} INFO - Processing file /home/airflow/.local/lib/python3.12/site-packages/airflow/example_dags/example_short_circuit_decorator.py for tasks to queue
[2024-09-24T15:44:16.676+0000] {logging_mixin.py:188} INFO - [2024-09-24T15:44:16.676+0000] {dagbag.py:545} INFO - Filling up the DagBag from /home/airflow/.local/lib/python3.12/site-packages/airflow/example_dags/example_short_circuit_decorator.py
[2024-09-24T15:44:16.700+0000] {processor.py:840} INFO - DAG(s) 'example_short_circuit_decorator' retrieved from /home/airflow/.local/lib/python3.12/site-packages/airflow/example_dags/example_short_circuit_decorator.py
[2024-09-24T15:44:16.745+0000] {logging_mixin.py:188} INFO - [2024-09-24T15:44:16.744+0000] {dag.py:3096} INFO - Sync 1 DAGs
[2024-09-24T15:44:16.785+0000] {logging_mixin.py:188} INFO - [2024-09-24T15:44:16.784+0000] {dag.py:3954} INFO - Setting next_dagrun for example_short_circuit_decorator to 2024-09-23 00:00:00+00:00, run_after=2024-09-24 00:00:00+00:00
[2024-09-24T15:44:16.811+0000] {processor.py:183} INFO - Processing /home/airflow/.local/lib/python3.12/site-packages/airflow/example_dags/example_short_circuit_decorator.py took 0.159 seconds
[2024-09-24T15:44:47.084+0000] {processor.py:161} INFO - Started process (PID=532) to work on /home/airflow/.local/lib/python3.12/site-packages/airflow/example_dags/example_short_circuit_decorator.py
[2024-09-24T15:44:47.085+0000] {processor.py:830} INFO - Processing file /home/airflow/.local/lib/python3.12/site-packages/airflow/example_dags/example_short_circuit_decorator.py for tasks to queue
[2024-09-24T15:44:47.088+0000] {logging_mixin.py:188} INFO - [2024-09-24T15:44:47.088+0000] {dagbag.py:545} INFO - Filling up the DagBag from /home/airflow/.local/lib/python3.12/site-packages/airflow/example_dags/example_short_circuit_decorator.py
[2024-09-24T15:44:47.101+0000] {processor.py:840} INFO - DAG(s) 'example_short_circuit_decorator' retrieved from /home/airflow/.local/lib/python3.12/site-packages/airflow/example_dags/example_short_circuit_decorator.py
[2024-09-24T15:44:47.134+0000] {logging_mixin.py:188} INFO - [2024-09-24T15:44:47.134+0000] {dag.py:3096} INFO - Sync 1 DAGs
[2024-09-24T15:44:47.159+0000] {logging_mixin.py:188} INFO - [2024-09-24T15:44:47.159+0000] {dag.py:3954} INFO - Setting next_dagrun for example_short_circuit_decorator to 2024-09-23 00:00:00+00:00, run_after=2024-09-24 00:00:00+00:00
[2024-09-24T15:44:47.182+0000] {processor.py:183} INFO - Processing /home/airflow/.local/lib/python3.12/site-packages/airflow/example_dags/example_short_circuit_decorator.py took 0.107 seconds
[2024-09-24T15:45:17.307+0000] {processor.py:161} INFO - Started process (PID=590) to work on /home/airflow/.local/lib/python3.12/site-packages/airflow/example_dags/example_short_circuit_decorator.py
[2024-09-24T15:45:17.308+0000] {processor.py:830} INFO - Processing file /home/airflow/.local/lib/python3.12/site-packages/airflow/example_dags/example_short_circuit_decorator.py for tasks to queue
[2024-09-24T15:45:17.311+0000] {logging_mixin.py:188} INFO - [2024-09-24T15:45:17.310+0000] {dagbag.py:545} INFO - Filling up the DagBag from /home/airflow/.local/lib/python3.12/site-packages/airflow/example_dags/example_short_circuit_decorator.py
[2024-09-24T15:45:17.323+0000] {processor.py:840} INFO - DAG(s) 'example_short_circuit_decorator' retrieved from /home/airflow/.local/lib/python3.12/site-packages/airflow/example_dags/example_short_circuit_decorator.py
[2024-09-24T15:45:17.350+0000] {logging_mixin.py:188} INFO - [2024-09-24T15:45:17.350+0000] {dag.py:3096} INFO - Sync 1 DAGs
[2024-09-24T15:45:17.375+0000] {logging_mixin.py:188} INFO - [2024-09-24T15:45:17.374+0000] {dag.py:3954} INFO - Setting next_dagrun for example_short_circuit_decorator to 2024-09-23 00:00:00+00:00, run_after=2024-09-24 00:00:00+00:00
[2024-09-24T15:45:17.396+0000] {processor.py:183} INFO - Processing /home/airflow/.local/lib/python3.12/site-packages/airflow/example_dags/example_short_circuit_decorator.py took 0.100 seconds
[2024-09-24T15:45:47.512+0000] {processor.py:161} INFO - Started process (PID=648) to work on /home/airflow/.local/lib/python3.12/site-packages/airflow/example_dags/example_short_circuit_decorator.py
[2024-09-24T15:45:47.514+0000] {processor.py:830} INFO - Processing file /home/airflow/.local/lib/python3.12/site-packages/airflow/example_dags/example_short_circuit_decorator.py for tasks to queue
[2024-09-24T15:45:47.517+0000] {logging_mixin.py:188} INFO - [2024-09-24T15:45:47.517+0000] {dagbag.py:545} INFO - Filling up the DagBag from /home/airflow/.local/lib/python3.12/site-packages/airflow/example_dags/example_short_circuit_decorator.py
[2024-09-24T15:45:47.531+0000] {processor.py:840} INFO - DAG(s) 'example_short_circuit_decorator' retrieved from /home/airflow/.local/lib/python3.12/site-packages/airflow/example_dags/example_short_circuit_decorator.py
[2024-09-24T15:45:47.559+0000] {logging_mixin.py:188} INFO - [2024-09-24T15:45:47.559+0000] {dag.py:3096} INFO - Sync 1 DAGs
[2024-09-24T15:45:47.588+0000] {logging_mixin.py:188} INFO - [2024-09-24T15:45:47.588+0000] {dag.py:3954} INFO - Setting next_dagrun for example_short_circuit_decorator to 2024-09-23 00:00:00+00:00, run_after=2024-09-24 00:00:00+00:00
[2024-09-24T15:45:47.610+0000] {processor.py:183} INFO - Processing /home/airflow/.local/lib/python3.12/site-packages/airflow/example_dags/example_short_circuit_decorator.py took 0.105 seconds
[2024-09-24T15:46:18.129+0000] {processor.py:161} INFO - Started process (PID=706) to work on /home/airflow/.local/lib/python3.12/site-packages/airflow/example_dags/example_short_circuit_decorator.py
[2024-09-24T15:46:18.131+0000] {processor.py:830} INFO - Processing file /home/airflow/.local/lib/python3.12/site-packages/airflow/example_dags/example_short_circuit_decorator.py for tasks to queue
[2024-09-24T15:46:18.133+0000] {logging_mixin.py:188} INFO - [2024-09-24T15:46:18.133+0000] {dagbag.py:545} INFO - Filling up the DagBag from /home/airflow/.local/lib/python3.12/site-packages/airflow/example_dags/example_short_circuit_decorator.py
[2024-09-24T15:46:18.143+0000] {processor.py:840} INFO - DAG(s) 'example_short_circuit_decorator' retrieved from /home/airflow/.local/lib/python3.12/site-packages/airflow/example_dags/example_short_circuit_decorator.py
[2024-09-24T15:46:18.169+0000] {logging_mixin.py:188} INFO - [2024-09-24T15:46:18.168+0000] {dag.py:3096} INFO - Sync 1 DAGs
[2024-09-24T15:46:18.194+0000] {logging_mixin.py:188} INFO - [2024-09-24T15:46:18.194+0000] {dag.py:3954} INFO - Setting next_dagrun for example_short_circuit_decorator to 2024-09-23 00:00:00+00:00, run_after=2024-09-24 00:00:00+00:00
[2024-09-24T15:46:18.214+0000] {processor.py:183} INFO - Processing /home/airflow/.local/lib/python3.12/site-packages/airflow/example_dags/example_short_circuit_decorator.py took 0.092 seconds
[2024-09-24T15:46:48.532+0000] {processor.py:161} INFO - Started process (PID=764) to work on /home/airflow/.local/lib/python3.12/site-packages/airflow/example_dags/example_short_circuit_decorator.py
[2024-09-24T15:46:48.533+0000] {processor.py:830} INFO - Processing file /home/airflow/.local/lib/python3.12/site-packages/airflow/example_dags/example_short_circuit_decorator.py for tasks to queue
[2024-09-24T15:46:48.536+0000] {logging_mixin.py:188} INFO - [2024-09-24T15:46:48.535+0000] {dagbag.py:545} INFO - Filling up the DagBag from /home/airflow/.local/lib/python3.12/site-packages/airflow/example_dags/example_short_circuit_decorator.py
[2024-09-24T15:46:48.547+0000] {processor.py:840} INFO - DAG(s) 'example_short_circuit_decorator' retrieved from /home/airflow/.local/lib/python3.12/site-packages/airflow/example_dags/example_short_circuit_decorator.py
[2024-09-24T15:46:48.573+0000] {logging_mixin.py:188} INFO - [2024-09-24T15:46:48.572+0000] {dag.py:3096} INFO - Sync 1 DAGs
[2024-09-24T15:46:48.599+0000] {logging_mixin.py:188} INFO - [2024-09-24T15:46:48.599+0000] {dag.py:3954} INFO - Setting next_dagrun for example_short_circuit_decorator to 2024-09-23 00:00:00+00:00, run_after=2024-09-24 00:00:00+00:00
[2024-09-24T15:46:48.620+0000] {processor.py:183} INFO - Processing /home/airflow/.local/lib/python3.12/site-packages/airflow/example_dags/example_short_circuit_decorator.py took 0.095 seconds
[2024-09-24T15:47:18.818+0000] {processor.py:161} INFO - Started process (PID=822) to work on /home/airflow/.local/lib/python3.12/site-packages/airflow/example_dags/example_short_circuit_decorator.py
[2024-09-24T15:47:18.820+0000] {processor.py:830} INFO - Processing file /home/airflow/.local/lib/python3.12/site-packages/airflow/example_dags/example_short_circuit_decorator.py for tasks to queue
[2024-09-24T15:47:18.822+0000] {logging_mixin.py:188} INFO - [2024-09-24T15:47:18.822+0000] {dagbag.py:545} INFO - Filling up the DagBag from /home/airflow/.local/lib/python3.12/site-packages/airflow/example_dags/example_short_circuit_decorator.py
[2024-09-24T15:47:18.832+0000] {processor.py:840} INFO - DAG(s) 'example_short_circuit_decorator' retrieved from /home/airflow/.local/lib/python3.12/site-packages/airflow/example_dags/example_short_circuit_decorator.py
[2024-09-24T15:47:18.861+0000] {logging_mixin.py:188} INFO - [2024-09-24T15:47:18.860+0000] {dag.py:3096} INFO - Sync 1 DAGs
[2024-09-24T15:47:18.889+0000] {logging_mixin.py:188} INFO - [2024-09-24T15:47:18.888+0000] {dag.py:3954} INFO - Setting next_dagrun for example_short_circuit_decorator to 2024-09-23 00:00:00+00:00, run_after=2024-09-24 00:00:00+00:00
[2024-09-24T15:47:18.912+0000] {processor.py:183} INFO - Processing /home/airflow/.local/lib/python3.12/site-packages/airflow/example_dags/example_short_circuit_decorator.py took 0.101 seconds
[2024-09-24T15:47:48.993+0000] {processor.py:161} INFO - Started process (PID=880) to work on /home/airflow/.local/lib/python3.12/site-packages/airflow/example_dags/example_short_circuit_decorator.py
[2024-09-24T15:47:48.995+0000] {processor.py:830} INFO - Processing file /home/airflow/.local/lib/python3.12/site-packages/airflow/example_dags/example_short_circuit_decorator.py for tasks to queue
[2024-09-24T15:47:49.000+0000] {logging_mixin.py:188} INFO - [2024-09-24T15:47:48.999+0000] {dagbag.py:545} INFO - Filling up the DagBag from /home/airflow/.local/lib/python3.12/site-packages/airflow/example_dags/example_short_circuit_decorator.py
[2024-09-24T15:47:49.013+0000] {processor.py:840} INFO - DAG(s) 'example_short_circuit_decorator' retrieved from /home/airflow/.local/lib/python3.12/site-packages/airflow/example_dags/example_short_circuit_decorator.py
[2024-09-24T15:47:49.054+0000] {logging_mixin.py:188} INFO - [2024-09-24T15:47:49.053+0000] {dag.py:3096} INFO - Sync 1 DAGs
[2024-09-24T15:47:49.085+0000] {logging_mixin.py:188} INFO - [2024-09-24T15:47:49.084+0000] {dag.py:3954} INFO - Setting next_dagrun for example_short_circuit_decorator to 2024-09-23 00:00:00+00:00, run_after=2024-09-24 00:00:00+00:00
[2024-09-24T15:47:49.104+0000] {processor.py:183} INFO - Processing /home/airflow/.local/lib/python3.12/site-packages/airflow/example_dags/example_short_circuit_decorator.py took 0.120 seconds
[2024-09-24T15:48:19.384+0000] {processor.py:161} INFO - Started process (PID=938) to work on /home/airflow/.local/lib/python3.12/site-packages/airflow/example_dags/example_short_circuit_decorator.py
[2024-09-24T15:48:19.385+0000] {processor.py:830} INFO - Processing file /home/airflow/.local/lib/python3.12/site-packages/airflow/example_dags/example_short_circuit_decorator.py for tasks to queue
[2024-09-24T15:48:19.388+0000] {logging_mixin.py:188} INFO - [2024-09-24T15:48:19.387+0000] {dagbag.py:545} INFO - Filling up the DagBag from /home/airflow/.local/lib/python3.12/site-packages/airflow/example_dags/example_short_circuit_decorator.py
[2024-09-24T15:48:19.401+0000] {processor.py:840} INFO - DAG(s) 'example_short_circuit_decorator' retrieved from /home/airflow/.local/lib/python3.12/site-packages/airflow/example_dags/example_short_circuit_decorator.py
[2024-09-24T15:48:19.430+0000] {logging_mixin.py:188} INFO - [2024-09-24T15:48:19.430+0000] {dag.py:3096} INFO - Sync 1 DAGs
[2024-09-24T15:48:19.456+0000] {logging_mixin.py:188} INFO - [2024-09-24T15:48:19.456+0000] {dag.py:3954} INFO - Setting next_dagrun for example_short_circuit_decorator to 2024-09-23 00:00:00+00:00, run_after=2024-09-24 00:00:00+00:00
[2024-09-24T15:48:19.478+0000] {processor.py:183} INFO - Processing /home/airflow/.local/lib/python3.12/site-packages/airflow/example_dags/example_short_circuit_decorator.py took 0.105 seconds
[2024-09-24T15:48:50.015+0000] {processor.py:161} INFO - Started process (PID=996) to work on /home/airflow/.local/lib/python3.12/site-packages/airflow/example_dags/example_short_circuit_decorator.py
[2024-09-24T15:48:50.016+0000] {processor.py:830} INFO - Processing file /home/airflow/.local/lib/python3.12/site-packages/airflow/example_dags/example_short_circuit_decorator.py for tasks to queue
[2024-09-24T15:48:50.018+0000] {logging_mixin.py:188} INFO - [2024-09-24T15:48:50.018+0000] {dagbag.py:545} INFO - Filling up the DagBag from /home/airflow/.local/lib/python3.12/site-packages/airflow/example_dags/example_short_circuit_decorator.py
[2024-09-24T15:48:50.029+0000] {processor.py:840} INFO - DAG(s) 'example_short_circuit_decorator' retrieved from /home/airflow/.local/lib/python3.12/site-packages/airflow/example_dags/example_short_circuit_decorator.py
[2024-09-24T15:48:50.054+0000] {logging_mixin.py:188} INFO - [2024-09-24T15:48:50.053+0000] {dag.py:3096} INFO - Sync 1 DAGs
[2024-09-24T15:48:50.076+0000] {logging_mixin.py:188} INFO - [2024-09-24T15:48:50.076+0000] {dag.py:3954} INFO - Setting next_dagrun for example_short_circuit_decorator to 2024-09-23 00:00:00+00:00, run_after=2024-09-24 00:00:00+00:00
[2024-09-24T15:48:50.098+0000] {processor.py:183} INFO - Processing /home/airflow/.local/lib/python3.12/site-packages/airflow/example_dags/example_short_circuit_decorator.py took 0.090 seconds
[2024-09-24T15:49:20.325+0000] {processor.py:161} INFO - Started process (PID=1055) to work on /home/airflow/.local/lib/python3.12/site-packages/airflow/example_dags/example_short_circuit_decorator.py
[2024-09-24T15:49:20.326+0000] {processor.py:830} INFO - Processing file /home/airflow/.local/lib/python3.12/site-packages/airflow/example_dags/example_short_circuit_decorator.py for tasks to queue
[2024-09-24T15:49:20.328+0000] {logging_mixin.py:188} INFO - [2024-09-24T15:49:20.328+0000] {dagbag.py:545} INFO - Filling up the DagBag from /home/airflow/.local/lib/python3.12/site-packages/airflow/example_dags/example_short_circuit_decorator.py
[2024-09-24T15:49:20.339+0000] {processor.py:840} INFO - DAG(s) 'example_short_circuit_decorator' retrieved from /home/airflow/.local/lib/python3.12/site-packages/airflow/example_dags/example_short_circuit_decorator.py
[2024-09-24T15:49:20.366+0000] {logging_mixin.py:188} INFO - [2024-09-24T15:49:20.365+0000] {dag.py:3096} INFO - Sync 1 DAGs
[2024-09-24T15:49:20.389+0000] {logging_mixin.py:188} INFO - [2024-09-24T15:49:20.389+0000] {dag.py:3954} INFO - Setting next_dagrun for example_short_circuit_decorator to 2024-09-23 00:00:00+00:00, run_after=2024-09-24 00:00:00+00:00
[2024-09-24T15:49:20.408+0000] {processor.py:183} INFO - Processing /home/airflow/.local/lib/python3.12/site-packages/airflow/example_dags/example_short_circuit_decorator.py took 0.092 seconds
[2024-09-24T15:49:50.744+0000] {processor.py:161} INFO - Started process (PID=1113) to work on /home/airflow/.local/lib/python3.12/site-packages/airflow/example_dags/example_short_circuit_decorator.py
[2024-09-24T15:49:50.745+0000] {processor.py:830} INFO - Processing file /home/airflow/.local/lib/python3.12/site-packages/airflow/example_dags/example_short_circuit_decorator.py for tasks to queue
[2024-09-24T15:49:50.747+0000] {logging_mixin.py:188} INFO - [2024-09-24T15:49:50.746+0000] {dagbag.py:545} INFO - Filling up the DagBag from /home/airflow/.local/lib/python3.12/site-packages/airflow/example_dags/example_short_circuit_decorator.py
[2024-09-24T15:49:50.758+0000] {processor.py:840} INFO - DAG(s) 'example_short_circuit_decorator' retrieved from /home/airflow/.local/lib/python3.12/site-packages/airflow/example_dags/example_short_circuit_decorator.py
[2024-09-24T15:49:50.781+0000] {logging_mixin.py:188} INFO - [2024-09-24T15:49:50.781+0000] {dag.py:3096} INFO - Sync 1 DAGs
[2024-09-24T15:49:50.804+0000] {logging_mixin.py:188} INFO - [2024-09-24T15:49:50.804+0000] {dag.py:3954} INFO - Setting next_dagrun for example_short_circuit_decorator to 2024-09-23 00:00:00+00:00, run_after=2024-09-24 00:00:00+00:00
[2024-09-24T15:49:50.824+0000] {processor.py:183} INFO - Processing /home/airflow/.local/lib/python3.12/site-packages/airflow/example_dags/example_short_circuit_decorator.py took 0.087 seconds
[2024-09-24T15:50:21.210+0000] {processor.py:161} INFO - Started process (PID=1171) to work on /home/airflow/.local/lib/python3.12/site-packages/airflow/example_dags/example_short_circuit_decorator.py
[2024-09-24T15:50:21.211+0000] {processor.py:830} INFO - Processing file /home/airflow/.local/lib/python3.12/site-packages/airflow/example_dags/example_short_circuit_decorator.py for tasks to queue
[2024-09-24T15:50:21.213+0000] {logging_mixin.py:188} INFO - [2024-09-24T15:50:21.213+0000] {dagbag.py:545} INFO - Filling up the DagBag from /home/airflow/.local/lib/python3.12/site-packages/airflow/example_dags/example_short_circuit_decorator.py
[2024-09-24T15:50:21.223+0000] {processor.py:840} INFO - DAG(s) 'example_short_circuit_decorator' retrieved from /home/airflow/.local/lib/python3.12/site-packages/airflow/example_dags/example_short_circuit_decorator.py
[2024-09-24T15:50:21.247+0000] {logging_mixin.py:188} INFO - [2024-09-24T15:50:21.247+0000] {dag.py:3096} INFO - Sync 1 DAGs
[2024-09-24T15:50:21.270+0000] {logging_mixin.py:188} INFO - [2024-09-24T15:50:21.270+0000] {dag.py:3954} INFO - Setting next_dagrun for example_short_circuit_decorator to 2024-09-23 00:00:00+00:00, run_after=2024-09-24 00:00:00+00:00
[2024-09-24T15:50:21.291+0000] {processor.py:183} INFO - Processing /home/airflow/.local/lib/python3.12/site-packages/airflow/example_dags/example_short_circuit_decorator.py took 0.088 seconds
[2024-09-24T15:50:51.388+0000] {processor.py:161} INFO - Started process (PID=1230) to work on /home/airflow/.local/lib/python3.12/site-packages/airflow/example_dags/example_short_circuit_decorator.py
[2024-09-24T15:50:51.389+0000] {processor.py:830} INFO - Processing file /home/airflow/.local/lib/python3.12/site-packages/airflow/example_dags/example_short_circuit_decorator.py for tasks to queue
[2024-09-24T15:50:51.391+0000] {logging_mixin.py:188} INFO - [2024-09-24T15:50:51.391+0000] {dagbag.py:545} INFO - Filling up the DagBag from /home/airflow/.local/lib/python3.12/site-packages/airflow/example_dags/example_short_circuit_decorator.py
[2024-09-24T15:50:51.401+0000] {processor.py:840} INFO - DAG(s) 'example_short_circuit_decorator' retrieved from /home/airflow/.local/lib/python3.12/site-packages/airflow/example_dags/example_short_circuit_decorator.py
[2024-09-24T15:50:51.428+0000] {logging_mixin.py:188} INFO - [2024-09-24T15:50:51.428+0000] {dag.py:3096} INFO - Sync 1 DAGs
[2024-09-24T15:50:51.453+0000] {logging_mixin.py:188} INFO - [2024-09-24T15:50:51.453+0000] {dag.py:3954} INFO - Setting next_dagrun for example_short_circuit_decorator to 2024-09-23 00:00:00+00:00, run_after=2024-09-24 00:00:00+00:00
[2024-09-24T15:50:51.475+0000] {processor.py:183} INFO - Processing /home/airflow/.local/lib/python3.12/site-packages/airflow/example_dags/example_short_circuit_decorator.py took 0.095 seconds
[2024-09-24T15:51:21.826+0000] {processor.py:161} INFO - Started process (PID=1288) to work on /home/airflow/.local/lib/python3.12/site-packages/airflow/example_dags/example_short_circuit_decorator.py
[2024-09-24T15:51:21.827+0000] {processor.py:830} INFO - Processing file /home/airflow/.local/lib/python3.12/site-packages/airflow/example_dags/example_short_circuit_decorator.py for tasks to queue
[2024-09-24T15:51:21.829+0000] {logging_mixin.py:188} INFO - [2024-09-24T15:51:21.828+0000] {dagbag.py:545} INFO - Filling up the DagBag from /home/airflow/.local/lib/python3.12/site-packages/airflow/example_dags/example_short_circuit_decorator.py
[2024-09-24T15:51:21.839+0000] {processor.py:840} INFO - DAG(s) 'example_short_circuit_decorator' retrieved from /home/airflow/.local/lib/python3.12/site-packages/airflow/example_dags/example_short_circuit_decorator.py
[2024-09-24T15:51:21.869+0000] {logging_mixin.py:188} INFO - [2024-09-24T15:51:21.868+0000] {dag.py:3096} INFO - Sync 1 DAGs
[2024-09-24T15:51:21.902+0000] {logging_mixin.py:188} INFO - [2024-09-24T15:51:21.902+0000] {dag.py:3954} INFO - Setting next_dagrun for example_short_circuit_decorator to 2024-09-23 00:00:00+00:00, run_after=2024-09-24 00:00:00+00:00
[2024-09-24T15:51:21.936+0000] {processor.py:183} INFO - Processing /home/airflow/.local/lib/python3.12/site-packages/airflow/example_dags/example_short_circuit_decorator.py took 0.117 seconds
[2024-09-24T15:51:52.410+0000] {processor.py:161} INFO - Started process (PID=1346) to work on /home/airflow/.local/lib/python3.12/site-packages/airflow/example_dags/example_short_circuit_decorator.py
[2024-09-24T15:51:52.411+0000] {processor.py:830} INFO - Processing file /home/airflow/.local/lib/python3.12/site-packages/airflow/example_dags/example_short_circuit_decorator.py for tasks to queue
[2024-09-24T15:51:52.413+0000] {logging_mixin.py:188} INFO - [2024-09-24T15:51:52.413+0000] {dagbag.py:545} INFO - Filling up the DagBag from /home/airflow/.local/lib/python3.12/site-packages/airflow/example_dags/example_short_circuit_decorator.py
[2024-09-24T15:51:52.424+0000] {processor.py:840} INFO - DAG(s) 'example_short_circuit_decorator' retrieved from /home/airflow/.local/lib/python3.12/site-packages/airflow/example_dags/example_short_circuit_decorator.py
[2024-09-24T15:51:52.454+0000] {logging_mixin.py:188} INFO - [2024-09-24T15:51:52.453+0000] {dag.py:3096} INFO - Sync 1 DAGs
[2024-09-24T15:51:52.489+0000] {logging_mixin.py:188} INFO - [2024-09-24T15:51:52.488+0000] {dag.py:3954} INFO - Setting next_dagrun for example_short_circuit_decorator to 2024-09-23 00:00:00+00:00, run_after=2024-09-24 00:00:00+00:00
[2024-09-24T15:51:52.514+0000] {processor.py:183} INFO - Processing /home/airflow/.local/lib/python3.12/site-packages/airflow/example_dags/example_short_circuit_decorator.py took 0.111 seconds
[2024-09-24T15:52:22.609+0000] {processor.py:161} INFO - Started process (PID=1404) to work on /home/airflow/.local/lib/python3.12/site-packages/airflow/example_dags/example_short_circuit_decorator.py
[2024-09-24T15:52:22.610+0000] {processor.py:830} INFO - Processing file /home/airflow/.local/lib/python3.12/site-packages/airflow/example_dags/example_short_circuit_decorator.py for tasks to queue
[2024-09-24T15:52:22.613+0000] {logging_mixin.py:188} INFO - [2024-09-24T15:52:22.612+0000] {dagbag.py:545} INFO - Filling up the DagBag from /home/airflow/.local/lib/python3.12/site-packages/airflow/example_dags/example_short_circuit_decorator.py
[2024-09-24T15:52:22.623+0000] {processor.py:840} INFO - DAG(s) 'example_short_circuit_decorator' retrieved from /home/airflow/.local/lib/python3.12/site-packages/airflow/example_dags/example_short_circuit_decorator.py
[2024-09-24T15:52:22.646+0000] {logging_mixin.py:188} INFO - [2024-09-24T15:52:22.646+0000] {dag.py:3096} INFO - Sync 1 DAGs
[2024-09-24T15:52:22.673+0000] {logging_mixin.py:188} INFO - [2024-09-24T15:52:22.673+0000] {dag.py:3954} INFO - Setting next_dagrun for example_short_circuit_decorator to 2024-09-23 00:00:00+00:00, run_after=2024-09-24 00:00:00+00:00
[2024-09-24T15:52:22.702+0000] {processor.py:183} INFO - Processing /home/airflow/.local/lib/python3.12/site-packages/airflow/example_dags/example_short_circuit_decorator.py took 0.100 seconds
[2024-09-24T15:52:52.981+0000] {processor.py:161} INFO - Started process (PID=1462) to work on /home/airflow/.local/lib/python3.12/site-packages/airflow/example_dags/example_short_circuit_decorator.py
[2024-09-24T15:52:52.983+0000] {processor.py:830} INFO - Processing file /home/airflow/.local/lib/python3.12/site-packages/airflow/example_dags/example_short_circuit_decorator.py for tasks to queue
[2024-09-24T15:52:52.986+0000] {logging_mixin.py:188} INFO - [2024-09-24T15:52:52.985+0000] {dagbag.py:545} INFO - Filling up the DagBag from /home/airflow/.local/lib/python3.12/site-packages/airflow/example_dags/example_short_circuit_decorator.py
[2024-09-24T15:52:52.997+0000] {processor.py:840} INFO - DAG(s) 'example_short_circuit_decorator' retrieved from /home/airflow/.local/lib/python3.12/site-packages/airflow/example_dags/example_short_circuit_decorator.py
[2024-09-24T15:52:53.024+0000] {logging_mixin.py:188} INFO - [2024-09-24T15:52:53.024+0000] {dag.py:3096} INFO - Sync 1 DAGs
[2024-09-24T15:52:53.049+0000] {logging_mixin.py:188} INFO - [2024-09-24T15:52:53.049+0000] {dag.py:3954} INFO - Setting next_dagrun for example_short_circuit_decorator to 2024-09-23 00:00:00+00:00, run_after=2024-09-24 00:00:00+00:00
[2024-09-24T15:52:53.068+0000] {processor.py:183} INFO - Processing /home/airflow/.local/lib/python3.12/site-packages/airflow/example_dags/example_short_circuit_decorator.py took 0.095 seconds
[2024-09-24T15:53:23.606+0000] {processor.py:161} INFO - Started process (PID=1520) to work on /home/airflow/.local/lib/python3.12/site-packages/airflow/example_dags/example_short_circuit_decorator.py
[2024-09-24T15:53:23.608+0000] {processor.py:830} INFO - Processing file /home/airflow/.local/lib/python3.12/site-packages/airflow/example_dags/example_short_circuit_decorator.py for tasks to queue
[2024-09-24T15:53:23.612+0000] {logging_mixin.py:188} INFO - [2024-09-24T15:53:23.611+0000] {dagbag.py:545} INFO - Filling up the DagBag from /home/airflow/.local/lib/python3.12/site-packages/airflow/example_dags/example_short_circuit_decorator.py
[2024-09-24T15:53:23.644+0000] {processor.py:840} INFO - DAG(s) 'example_short_circuit_decorator' retrieved from /home/airflow/.local/lib/python3.12/site-packages/airflow/example_dags/example_short_circuit_decorator.py
[2024-09-24T15:53:23.693+0000] {logging_mixin.py:188} INFO - [2024-09-24T15:53:23.691+0000] {dag.py:3096} INFO - Sync 1 DAGs
[2024-09-24T15:53:23.754+0000] {logging_mixin.py:188} INFO - [2024-09-24T15:53:23.753+0000] {dag.py:3954} INFO - Setting next_dagrun for example_short_circuit_decorator to 2024-09-23 00:00:00+00:00, run_after=2024-09-24 00:00:00+00:00
[2024-09-24T15:53:23.805+0000] {processor.py:183} INFO - Processing /home/airflow/.local/lib/python3.12/site-packages/airflow/example_dags/example_short_circuit_decorator.py took 0.222 seconds
