[2024-09-24T15:40:37.361+0000] {processor.py:161} INFO - Started process (PID=51) to work on /home/airflow/.local/lib/python3.12/site-packages/airflow/example_dags/example_latest_only.py
[2024-09-24T15:40:37.373+0000] {processor.py:830} INFO - Processing file /home/airflow/.local/lib/python3.12/site-packages/airflow/example_dags/example_latest_only.py for tasks to queue
[2024-09-24T15:40:37.385+0000] {logging_mixin.py:188} INFO - [2024-09-24T15:40:37.383+0000] {dagbag.py:545} INFO - Filling up the DagBag from /home/airflow/.local/lib/python3.12/site-packages/airflow/example_dags/example_latest_only.py
[2024-09-24T15:40:37.459+0000] {processor.py:840} INFO - DAG(s) 'latest_only' retrieved from /home/airflow/.local/lib/python3.12/site-packages/airflow/example_dags/example_latest_only.py
[2024-09-24T15:40:38.283+0000] {logging_mixin.py:188} INFO - [2024-09-24T15:40:38.282+0000] {dag.py:3096} INFO - Sync 1 DAGs
[2024-09-24T15:40:38.346+0000] {logging_mixin.py:188} INFO - [2024-09-24T15:40:38.346+0000] {dag.py:3954} INFO - Setting next_dagrun for latest_only to 2024-09-24 08:00:00+00:00, run_after=2024-09-24 12:00:00+00:00
[2024-09-24T15:40:38.395+0000] {processor.py:183} INFO - Processing /home/airflow/.local/lib/python3.12/site-packages/airflow/example_dags/example_latest_only.py took 1.100 seconds
[2024-09-24T15:41:08.704+0000] {processor.py:161} INFO - Started process (PID=109) to work on /home/airflow/.local/lib/python3.12/site-packages/airflow/example_dags/example_latest_only.py
[2024-09-24T15:41:08.705+0000] {processor.py:830} INFO - Processing file /home/airflow/.local/lib/python3.12/site-packages/airflow/example_dags/example_latest_only.py for tasks to queue
[2024-09-24T15:41:08.708+0000] {logging_mixin.py:188} INFO - [2024-09-24T15:41:08.708+0000] {dagbag.py:545} INFO - Filling up the DagBag from /home/airflow/.local/lib/python3.12/site-packages/airflow/example_dags/example_latest_only.py
[2024-09-24T15:41:08.716+0000] {processor.py:840} INFO - DAG(s) 'latest_only' retrieved from /home/airflow/.local/lib/python3.12/site-packages/airflow/example_dags/example_latest_only.py
[2024-09-24T15:41:08.757+0000] {logging_mixin.py:188} INFO - [2024-09-24T15:41:08.756+0000] {dag.py:3096} INFO - Sync 1 DAGs
[2024-09-24T15:41:08.801+0000] {logging_mixin.py:188} INFO - [2024-09-24T15:41:08.801+0000] {dag.py:3954} INFO - Setting next_dagrun for latest_only to 2024-09-24 08:00:00+00:00, run_after=2024-09-24 12:00:00+00:00
[2024-09-24T15:41:08.822+0000] {processor.py:183} INFO - Processing /home/airflow/.local/lib/python3.12/site-packages/airflow/example_dags/example_latest_only.py took 0.126 seconds
[2024-09-24T15:41:39.288+0000] {processor.py:161} INFO - Started process (PID=167) to work on /home/airflow/.local/lib/python3.12/site-packages/airflow/example_dags/example_latest_only.py
[2024-09-24T15:41:39.289+0000] {processor.py:830} INFO - Processing file /home/airflow/.local/lib/python3.12/site-packages/airflow/example_dags/example_latest_only.py for tasks to queue
[2024-09-24T15:41:39.292+0000] {logging_mixin.py:188} INFO - [2024-09-24T15:41:39.291+0000] {dagbag.py:545} INFO - Filling up the DagBag from /home/airflow/.local/lib/python3.12/site-packages/airflow/example_dags/example_latest_only.py
[2024-09-24T15:41:39.297+0000] {processor.py:840} INFO - DAG(s) 'latest_only' retrieved from /home/airflow/.local/lib/python3.12/site-packages/airflow/example_dags/example_latest_only.py
[2024-09-24T15:41:39.319+0000] {logging_mixin.py:188} INFO - [2024-09-24T15:41:39.319+0000] {dag.py:3096} INFO - Sync 1 DAGs
[2024-09-24T15:41:39.345+0000] {logging_mixin.py:188} INFO - [2024-09-24T15:41:39.345+0000] {dag.py:3954} INFO - Setting next_dagrun for latest_only to 2024-09-24 08:00:00+00:00, run_after=2024-09-24 12:00:00+00:00
[2024-09-24T15:41:39.377+0000] {processor.py:183} INFO - Processing /home/airflow/.local/lib/python3.12/site-packages/airflow/example_dags/example_latest_only.py took 0.095 seconds
[2024-09-24T15:42:09.682+0000] {processor.py:161} INFO - Started process (PID=225) to work on /home/airflow/.local/lib/python3.12/site-packages/airflow/example_dags/example_latest_only.py
[2024-09-24T15:42:09.683+0000] {processor.py:830} INFO - Processing file /home/airflow/.local/lib/python3.12/site-packages/airflow/example_dags/example_latest_only.py for tasks to queue
[2024-09-24T15:42:09.685+0000] {logging_mixin.py:188} INFO - [2024-09-24T15:42:09.685+0000] {dagbag.py:545} INFO - Filling up the DagBag from /home/airflow/.local/lib/python3.12/site-packages/airflow/example_dags/example_latest_only.py
[2024-09-24T15:42:09.690+0000] {processor.py:840} INFO - DAG(s) 'latest_only' retrieved from /home/airflow/.local/lib/python3.12/site-packages/airflow/example_dags/example_latest_only.py
[2024-09-24T15:42:09.712+0000] {logging_mixin.py:188} INFO - [2024-09-24T15:42:09.712+0000] {dag.py:3096} INFO - Sync 1 DAGs
[2024-09-24T15:42:09.735+0000] {logging_mixin.py:188} INFO - [2024-09-24T15:42:09.735+0000] {dag.py:3954} INFO - Setting next_dagrun for latest_only to 2024-09-24 08:00:00+00:00, run_after=2024-09-24 12:00:00+00:00
[2024-09-24T15:42:09.759+0000] {processor.py:183} INFO - Processing /home/airflow/.local/lib/python3.12/site-packages/airflow/example_dags/example_latest_only.py took 0.084 seconds
[2024-09-24T15:42:39.997+0000] {processor.py:161} INFO - Started process (PID=283) to work on /home/airflow/.local/lib/python3.12/site-packages/airflow/example_dags/example_latest_only.py
[2024-09-24T15:42:39.998+0000] {processor.py:830} INFO - Processing file /home/airflow/.local/lib/python3.12/site-packages/airflow/example_dags/example_latest_only.py for tasks to queue
[2024-09-24T15:42:40.000+0000] {logging_mixin.py:188} INFO - [2024-09-24T15:42:40.000+0000] {dagbag.py:545} INFO - Filling up the DagBag from /home/airflow/.local/lib/python3.12/site-packages/airflow/example_dags/example_latest_only.py
[2024-09-24T15:42:40.006+0000] {processor.py:840} INFO - DAG(s) 'latest_only' retrieved from /home/airflow/.local/lib/python3.12/site-packages/airflow/example_dags/example_latest_only.py
[2024-09-24T15:42:40.027+0000] {logging_mixin.py:188} INFO - [2024-09-24T15:42:40.026+0000] {dag.py:3096} INFO - Sync 1 DAGs
[2024-09-24T15:42:40.050+0000] {logging_mixin.py:188} INFO - [2024-09-24T15:42:40.050+0000] {dag.py:3954} INFO - Setting next_dagrun for latest_only to 2024-09-24 08:00:00+00:00, run_after=2024-09-24 12:00:00+00:00
[2024-09-24T15:42:40.072+0000] {processor.py:183} INFO - Processing /home/airflow/.local/lib/python3.12/site-packages/airflow/example_dags/example_latest_only.py took 0.081 seconds
[2024-09-24T15:43:10.206+0000] {processor.py:161} INFO - Started process (PID=341) to work on /home/airflow/.local/lib/python3.12/site-packages/airflow/example_dags/example_latest_only.py
[2024-09-24T15:43:10.208+0000] {processor.py:830} INFO - Processing file /home/airflow/.local/lib/python3.12/site-packages/airflow/example_dags/example_latest_only.py for tasks to queue
[2024-09-24T15:43:10.211+0000] {logging_mixin.py:188} INFO - [2024-09-24T15:43:10.211+0000] {dagbag.py:545} INFO - Filling up the DagBag from /home/airflow/.local/lib/python3.12/site-packages/airflow/example_dags/example_latest_only.py
[2024-09-24T15:43:10.217+0000] {processor.py:840} INFO - DAG(s) 'latest_only' retrieved from /home/airflow/.local/lib/python3.12/site-packages/airflow/example_dags/example_latest_only.py
[2024-09-24T15:43:10.245+0000] {logging_mixin.py:188} INFO - [2024-09-24T15:43:10.244+0000] {dag.py:3096} INFO - Sync 1 DAGs
[2024-09-24T15:43:10.276+0000] {logging_mixin.py:188} INFO - [2024-09-24T15:43:10.276+0000] {dag.py:3954} INFO - Setting next_dagrun for latest_only to 2024-09-24 08:00:00+00:00, run_after=2024-09-24 12:00:00+00:00
[2024-09-24T15:43:10.312+0000] {processor.py:183} INFO - Processing /home/airflow/.local/lib/python3.12/site-packages/airflow/example_dags/example_latest_only.py took 0.112 seconds
[2024-09-24T15:43:40.889+0000] {processor.py:161} INFO - Started process (PID=399) to work on /home/airflow/.local/lib/python3.12/site-packages/airflow/example_dags/example_latest_only.py
[2024-09-24T15:43:40.890+0000] {processor.py:830} INFO - Processing file /home/airflow/.local/lib/python3.12/site-packages/airflow/example_dags/example_latest_only.py for tasks to queue
[2024-09-24T15:43:40.894+0000] {logging_mixin.py:188} INFO - [2024-09-24T15:43:40.893+0000] {dagbag.py:545} INFO - Filling up the DagBag from /home/airflow/.local/lib/python3.12/site-packages/airflow/example_dags/example_latest_only.py
[2024-09-24T15:43:40.902+0000] {processor.py:840} INFO - DAG(s) 'latest_only' retrieved from /home/airflow/.local/lib/python3.12/site-packages/airflow/example_dags/example_latest_only.py
[2024-09-24T15:43:40.930+0000] {logging_mixin.py:188} INFO - [2024-09-24T15:43:40.929+0000] {dag.py:3096} INFO - Sync 1 DAGs
[2024-09-24T15:43:40.957+0000] {logging_mixin.py:188} INFO - [2024-09-24T15:43:40.956+0000] {dag.py:3954} INFO - Setting next_dagrun for latest_only to 2024-09-24 08:00:00+00:00, run_after=2024-09-24 12:00:00+00:00
[2024-09-24T15:43:40.985+0000] {processor.py:183} INFO - Processing /home/airflow/.local/lib/python3.12/site-packages/airflow/example_dags/example_latest_only.py took 0.104 seconds
[2024-09-24T15:44:11.414+0000] {processor.py:161} INFO - Started process (PID=457) to work on /home/airflow/.local/lib/python3.12/site-packages/airflow/example_dags/example_latest_only.py
[2024-09-24T15:44:11.415+0000] {processor.py:830} INFO - Processing file /home/airflow/.local/lib/python3.12/site-packages/airflow/example_dags/example_latest_only.py for tasks to queue
[2024-09-24T15:44:11.417+0000] {logging_mixin.py:188} INFO - [2024-09-24T15:44:11.417+0000] {dagbag.py:545} INFO - Filling up the DagBag from /home/airflow/.local/lib/python3.12/site-packages/airflow/example_dags/example_latest_only.py
[2024-09-24T15:44:11.423+0000] {processor.py:840} INFO - DAG(s) 'latest_only' retrieved from /home/airflow/.local/lib/python3.12/site-packages/airflow/example_dags/example_latest_only.py
[2024-09-24T15:44:11.453+0000] {logging_mixin.py:188} INFO - [2024-09-24T15:44:11.453+0000] {dag.py:3096} INFO - Sync 1 DAGs
[2024-09-24T15:44:11.487+0000] {logging_mixin.py:188} INFO - [2024-09-24T15:44:11.487+0000] {dag.py:3954} INFO - Setting next_dagrun for latest_only to 2024-09-24 08:00:00+00:00, run_after=2024-09-24 12:00:00+00:00
[2024-09-24T15:44:11.517+0000] {processor.py:183} INFO - Processing /home/airflow/.local/lib/python3.12/site-packages/airflow/example_dags/example_latest_only.py took 0.113 seconds
[2024-09-24T15:44:41.735+0000] {processor.py:161} INFO - Started process (PID=515) to work on /home/airflow/.local/lib/python3.12/site-packages/airflow/example_dags/example_latest_only.py
[2024-09-24T15:44:41.736+0000] {processor.py:830} INFO - Processing file /home/airflow/.local/lib/python3.12/site-packages/airflow/example_dags/example_latest_only.py for tasks to queue
[2024-09-24T15:44:41.738+0000] {logging_mixin.py:188} INFO - [2024-09-24T15:44:41.738+0000] {dagbag.py:545} INFO - Filling up the DagBag from /home/airflow/.local/lib/python3.12/site-packages/airflow/example_dags/example_latest_only.py
[2024-09-24T15:44:41.744+0000] {processor.py:840} INFO - DAG(s) 'latest_only' retrieved from /home/airflow/.local/lib/python3.12/site-packages/airflow/example_dags/example_latest_only.py
[2024-09-24T15:44:41.766+0000] {logging_mixin.py:188} INFO - [2024-09-24T15:44:41.766+0000] {dag.py:3096} INFO - Sync 1 DAGs
[2024-09-24T15:44:41.796+0000] {logging_mixin.py:188} INFO - [2024-09-24T15:44:41.795+0000] {dag.py:3954} INFO - Setting next_dagrun for latest_only to 2024-09-24 08:00:00+00:00, run_after=2024-09-24 12:00:00+00:00
[2024-09-24T15:44:41.819+0000] {processor.py:183} INFO - Processing /home/airflow/.local/lib/python3.12/site-packages/airflow/example_dags/example_latest_only.py took 0.092 seconds
[2024-09-24T15:45:11.969+0000] {processor.py:161} INFO - Started process (PID=573) to work on /home/airflow/.local/lib/python3.12/site-packages/airflow/example_dags/example_latest_only.py
[2024-09-24T15:45:11.970+0000] {processor.py:830} INFO - Processing file /home/airflow/.local/lib/python3.12/site-packages/airflow/example_dags/example_latest_only.py for tasks to queue
[2024-09-24T15:45:11.972+0000] {logging_mixin.py:188} INFO - [2024-09-24T15:45:11.972+0000] {dagbag.py:545} INFO - Filling up the DagBag from /home/airflow/.local/lib/python3.12/site-packages/airflow/example_dags/example_latest_only.py
[2024-09-24T15:45:11.977+0000] {processor.py:840} INFO - DAG(s) 'latest_only' retrieved from /home/airflow/.local/lib/python3.12/site-packages/airflow/example_dags/example_latest_only.py
[2024-09-24T15:45:12.001+0000] {logging_mixin.py:188} INFO - [2024-09-24T15:45:12.001+0000] {dag.py:3096} INFO - Sync 1 DAGs
[2024-09-24T15:45:12.027+0000] {logging_mixin.py:188} INFO - [2024-09-24T15:45:12.027+0000] {dag.py:3954} INFO - Setting next_dagrun for latest_only to 2024-09-24 08:00:00+00:00, run_after=2024-09-24 12:00:00+00:00
[2024-09-24T15:45:12.047+0000] {processor.py:183} INFO - Processing /home/airflow/.local/lib/python3.12/site-packages/airflow/example_dags/example_latest_only.py took 0.084 seconds
[2024-09-24T15:45:42.282+0000] {processor.py:161} INFO - Started process (PID=631) to work on /home/airflow/.local/lib/python3.12/site-packages/airflow/example_dags/example_latest_only.py
[2024-09-24T15:45:42.284+0000] {processor.py:830} INFO - Processing file /home/airflow/.local/lib/python3.12/site-packages/airflow/example_dags/example_latest_only.py for tasks to queue
[2024-09-24T15:45:42.287+0000] {logging_mixin.py:188} INFO - [2024-09-24T15:45:42.287+0000] {dagbag.py:545} INFO - Filling up the DagBag from /home/airflow/.local/lib/python3.12/site-packages/airflow/example_dags/example_latest_only.py
[2024-09-24T15:45:42.294+0000] {processor.py:840} INFO - DAG(s) 'latest_only' retrieved from /home/airflow/.local/lib/python3.12/site-packages/airflow/example_dags/example_latest_only.py
[2024-09-24T15:45:42.320+0000] {logging_mixin.py:188} INFO - [2024-09-24T15:45:42.320+0000] {dag.py:3096} INFO - Sync 1 DAGs
[2024-09-24T15:45:42.350+0000] {logging_mixin.py:188} INFO - [2024-09-24T15:45:42.349+0000] {dag.py:3954} INFO - Setting next_dagrun for latest_only to 2024-09-24 08:00:00+00:00, run_after=2024-09-24 12:00:00+00:00
[2024-09-24T15:45:42.375+0000] {processor.py:183} INFO - Processing /home/airflow/.local/lib/python3.12/site-packages/airflow/example_dags/example_latest_only.py took 0.100 seconds
[2024-09-24T15:46:12.952+0000] {processor.py:161} INFO - Started process (PID=689) to work on /home/airflow/.local/lib/python3.12/site-packages/airflow/example_dags/example_latest_only.py
[2024-09-24T15:46:12.954+0000] {processor.py:830} INFO - Processing file /home/airflow/.local/lib/python3.12/site-packages/airflow/example_dags/example_latest_only.py for tasks to queue
[2024-09-24T15:46:12.956+0000] {logging_mixin.py:188} INFO - [2024-09-24T15:46:12.956+0000] {dagbag.py:545} INFO - Filling up the DagBag from /home/airflow/.local/lib/python3.12/site-packages/airflow/example_dags/example_latest_only.py
[2024-09-24T15:46:12.965+0000] {processor.py:840} INFO - DAG(s) 'latest_only' retrieved from /home/airflow/.local/lib/python3.12/site-packages/airflow/example_dags/example_latest_only.py
[2024-09-24T15:46:12.995+0000] {logging_mixin.py:188} INFO - [2024-09-24T15:46:12.994+0000] {dag.py:3096} INFO - Sync 1 DAGs
[2024-09-24T15:46:13.030+0000] {logging_mixin.py:188} INFO - [2024-09-24T15:46:13.029+0000] {dag.py:3954} INFO - Setting next_dagrun for latest_only to 2024-09-24 08:00:00+00:00, run_after=2024-09-24 12:00:00+00:00
[2024-09-24T15:46:13.058+0000] {processor.py:183} INFO - Processing /home/airflow/.local/lib/python3.12/site-packages/airflow/example_dags/example_latest_only.py took 0.111 seconds
[2024-09-24T15:46:43.251+0000] {processor.py:161} INFO - Started process (PID=747) to work on /home/airflow/.local/lib/python3.12/site-packages/airflow/example_dags/example_latest_only.py
[2024-09-24T15:46:43.252+0000] {processor.py:830} INFO - Processing file /home/airflow/.local/lib/python3.12/site-packages/airflow/example_dags/example_latest_only.py for tasks to queue
[2024-09-24T15:46:43.254+0000] {logging_mixin.py:188} INFO - [2024-09-24T15:46:43.254+0000] {dagbag.py:545} INFO - Filling up the DagBag from /home/airflow/.local/lib/python3.12/site-packages/airflow/example_dags/example_latest_only.py
[2024-09-24T15:46:43.261+0000] {processor.py:840} INFO - DAG(s) 'latest_only' retrieved from /home/airflow/.local/lib/python3.12/site-packages/airflow/example_dags/example_latest_only.py
[2024-09-24T15:46:43.288+0000] {logging_mixin.py:188} INFO - [2024-09-24T15:46:43.288+0000] {dag.py:3096} INFO - Sync 1 DAGs
[2024-09-24T15:46:43.322+0000] {logging_mixin.py:188} INFO - [2024-09-24T15:46:43.321+0000] {dag.py:3954} INFO - Setting next_dagrun for latest_only to 2024-09-24 08:00:00+00:00, run_after=2024-09-24 12:00:00+00:00
[2024-09-24T15:46:43.349+0000] {processor.py:183} INFO - Processing /home/airflow/.local/lib/python3.12/site-packages/airflow/example_dags/example_latest_only.py took 0.107 seconds
[2024-09-24T15:47:13.431+0000] {processor.py:161} INFO - Started process (PID=805) to work on /home/airflow/.local/lib/python3.12/site-packages/airflow/example_dags/example_latest_only.py
[2024-09-24T15:47:13.432+0000] {processor.py:830} INFO - Processing file /home/airflow/.local/lib/python3.12/site-packages/airflow/example_dags/example_latest_only.py for tasks to queue
[2024-09-24T15:47:13.435+0000] {logging_mixin.py:188} INFO - [2024-09-24T15:47:13.434+0000] {dagbag.py:545} INFO - Filling up the DagBag from /home/airflow/.local/lib/python3.12/site-packages/airflow/example_dags/example_latest_only.py
[2024-09-24T15:47:13.444+0000] {processor.py:840} INFO - DAG(s) 'latest_only' retrieved from /home/airflow/.local/lib/python3.12/site-packages/airflow/example_dags/example_latest_only.py
[2024-09-24T15:47:13.475+0000] {logging_mixin.py:188} INFO - [2024-09-24T15:47:13.474+0000] {dag.py:3096} INFO - Sync 1 DAGs
[2024-09-24T15:47:13.505+0000] {logging_mixin.py:188} INFO - [2024-09-24T15:47:13.505+0000] {dag.py:3954} INFO - Setting next_dagrun for latest_only to 2024-09-24 08:00:00+00:00, run_after=2024-09-24 12:00:00+00:00
[2024-09-24T15:47:13.528+0000] {processor.py:183} INFO - Processing /home/airflow/.local/lib/python3.12/site-packages/airflow/example_dags/example_latest_only.py took 0.107 seconds
[2024-09-24T15:47:43.570+0000] {processor.py:161} INFO - Started process (PID=862) to work on /home/airflow/.local/lib/python3.12/site-packages/airflow/example_dags/example_latest_only.py
[2024-09-24T15:47:43.571+0000] {processor.py:830} INFO - Processing file /home/airflow/.local/lib/python3.12/site-packages/airflow/example_dags/example_latest_only.py for tasks to queue
[2024-09-24T15:47:43.574+0000] {logging_mixin.py:188} INFO - [2024-09-24T15:47:43.573+0000] {dagbag.py:545} INFO - Filling up the DagBag from /home/airflow/.local/lib/python3.12/site-packages/airflow/example_dags/example_latest_only.py
[2024-09-24T15:47:43.580+0000] {processor.py:840} INFO - DAG(s) 'latest_only' retrieved from /home/airflow/.local/lib/python3.12/site-packages/airflow/example_dags/example_latest_only.py
[2024-09-24T15:47:43.603+0000] {logging_mixin.py:188} INFO - [2024-09-24T15:47:43.602+0000] {dag.py:3096} INFO - Sync 1 DAGs
[2024-09-24T15:47:43.629+0000] {logging_mixin.py:188} INFO - [2024-09-24T15:47:43.629+0000] {dag.py:3954} INFO - Setting next_dagrun for latest_only to 2024-09-24 08:00:00+00:00, run_after=2024-09-24 12:00:00+00:00
[2024-09-24T15:47:43.649+0000] {processor.py:183} INFO - Processing /home/airflow/.local/lib/python3.12/site-packages/airflow/example_dags/example_latest_only.py took 0.086 seconds
[2024-09-24T15:48:14.096+0000] {processor.py:161} INFO - Started process (PID=921) to work on /home/airflow/.local/lib/python3.12/site-packages/airflow/example_dags/example_latest_only.py
[2024-09-24T15:48:14.097+0000] {processor.py:830} INFO - Processing file /home/airflow/.local/lib/python3.12/site-packages/airflow/example_dags/example_latest_only.py for tasks to queue
[2024-09-24T15:48:14.099+0000] {logging_mixin.py:188} INFO - [2024-09-24T15:48:14.098+0000] {dagbag.py:545} INFO - Filling up the DagBag from /home/airflow/.local/lib/python3.12/site-packages/airflow/example_dags/example_latest_only.py
[2024-09-24T15:48:14.104+0000] {processor.py:840} INFO - DAG(s) 'latest_only' retrieved from /home/airflow/.local/lib/python3.12/site-packages/airflow/example_dags/example_latest_only.py
[2024-09-24T15:48:14.129+0000] {logging_mixin.py:188} INFO - [2024-09-24T15:48:14.129+0000] {dag.py:3096} INFO - Sync 1 DAGs
[2024-09-24T15:48:14.153+0000] {logging_mixin.py:188} INFO - [2024-09-24T15:48:14.152+0000] {dag.py:3954} INFO - Setting next_dagrun for latest_only to 2024-09-24 08:00:00+00:00, run_after=2024-09-24 12:00:00+00:00
[2024-09-24T15:48:14.175+0000] {processor.py:183} INFO - Processing /home/airflow/.local/lib/python3.12/site-packages/airflow/example_dags/example_latest_only.py took 0.086 seconds
[2024-09-24T15:48:44.822+0000] {processor.py:161} INFO - Started process (PID=979) to work on /home/airflow/.local/lib/python3.12/site-packages/airflow/example_dags/example_latest_only.py
[2024-09-24T15:48:44.823+0000] {processor.py:830} INFO - Processing file /home/airflow/.local/lib/python3.12/site-packages/airflow/example_dags/example_latest_only.py for tasks to queue
[2024-09-24T15:48:44.825+0000] {logging_mixin.py:188} INFO - [2024-09-24T15:48:44.825+0000] {dagbag.py:545} INFO - Filling up the DagBag from /home/airflow/.local/lib/python3.12/site-packages/airflow/example_dags/example_latest_only.py
[2024-09-24T15:48:44.831+0000] {processor.py:840} INFO - DAG(s) 'latest_only' retrieved from /home/airflow/.local/lib/python3.12/site-packages/airflow/example_dags/example_latest_only.py
[2024-09-24T15:48:44.857+0000] {logging_mixin.py:188} INFO - [2024-09-24T15:48:44.857+0000] {dag.py:3096} INFO - Sync 1 DAGs
[2024-09-24T15:48:44.891+0000] {logging_mixin.py:188} INFO - [2024-09-24T15:48:44.890+0000] {dag.py:3954} INFO - Setting next_dagrun for latest_only to 2024-09-24 08:00:00+00:00, run_after=2024-09-24 12:00:00+00:00
[2024-09-24T15:48:44.911+0000] {processor.py:183} INFO - Processing /home/airflow/.local/lib/python3.12/site-packages/airflow/example_dags/example_latest_only.py took 0.099 seconds
[2024-09-24T15:49:15.241+0000] {processor.py:161} INFO - Started process (PID=1038) to work on /home/airflow/.local/lib/python3.12/site-packages/airflow/example_dags/example_latest_only.py
[2024-09-24T15:49:15.242+0000] {processor.py:830} INFO - Processing file /home/airflow/.local/lib/python3.12/site-packages/airflow/example_dags/example_latest_only.py for tasks to queue
[2024-09-24T15:49:15.245+0000] {logging_mixin.py:188} INFO - [2024-09-24T15:49:15.244+0000] {dagbag.py:545} INFO - Filling up the DagBag from /home/airflow/.local/lib/python3.12/site-packages/airflow/example_dags/example_latest_only.py
[2024-09-24T15:49:15.249+0000] {processor.py:840} INFO - DAG(s) 'latest_only' retrieved from /home/airflow/.local/lib/python3.12/site-packages/airflow/example_dags/example_latest_only.py
[2024-09-24T15:49:15.273+0000] {logging_mixin.py:188} INFO - [2024-09-24T15:49:15.273+0000] {dag.py:3096} INFO - Sync 1 DAGs
[2024-09-24T15:49:15.297+0000] {logging_mixin.py:188} INFO - [2024-09-24T15:49:15.297+0000] {dag.py:3954} INFO - Setting next_dagrun for latest_only to 2024-09-24 08:00:00+00:00, run_after=2024-09-24 12:00:00+00:00
[2024-09-24T15:49:15.316+0000] {processor.py:183} INFO - Processing /home/airflow/.local/lib/python3.12/site-packages/airflow/example_dags/example_latest_only.py took 0.081 seconds
[2024-09-24T15:49:45.652+0000] {processor.py:161} INFO - Started process (PID=1096) to work on /home/airflow/.local/lib/python3.12/site-packages/airflow/example_dags/example_latest_only.py
[2024-09-24T15:49:45.654+0000] {processor.py:830} INFO - Processing file /home/airflow/.local/lib/python3.12/site-packages/airflow/example_dags/example_latest_only.py for tasks to queue
[2024-09-24T15:49:45.656+0000] {logging_mixin.py:188} INFO - [2024-09-24T15:49:45.656+0000] {dagbag.py:545} INFO - Filling up the DagBag from /home/airflow/.local/lib/python3.12/site-packages/airflow/example_dags/example_latest_only.py
[2024-09-24T15:49:45.663+0000] {processor.py:840} INFO - DAG(s) 'latest_only' retrieved from /home/airflow/.local/lib/python3.12/site-packages/airflow/example_dags/example_latest_only.py
[2024-09-24T15:49:45.689+0000] {logging_mixin.py:188} INFO - [2024-09-24T15:49:45.689+0000] {dag.py:3096} INFO - Sync 1 DAGs
[2024-09-24T15:49:45.713+0000] {logging_mixin.py:188} INFO - [2024-09-24T15:49:45.713+0000] {dag.py:3954} INFO - Setting next_dagrun for latest_only to 2024-09-24 08:00:00+00:00, run_after=2024-09-24 12:00:00+00:00
[2024-09-24T15:49:45.734+0000] {processor.py:183} INFO - Processing /home/airflow/.local/lib/python3.12/site-packages/airflow/example_dags/example_latest_only.py took 0.088 seconds
[2024-09-24T15:50:16.130+0000] {processor.py:161} INFO - Started process (PID=1154) to work on /home/airflow/.local/lib/python3.12/site-packages/airflow/example_dags/example_latest_only.py
[2024-09-24T15:50:16.132+0000] {processor.py:830} INFO - Processing file /home/airflow/.local/lib/python3.12/site-packages/airflow/example_dags/example_latest_only.py for tasks to queue
[2024-09-24T15:50:16.134+0000] {logging_mixin.py:188} INFO - [2024-09-24T15:50:16.134+0000] {dagbag.py:545} INFO - Filling up the DagBag from /home/airflow/.local/lib/python3.12/site-packages/airflow/example_dags/example_latest_only.py
[2024-09-24T15:50:16.140+0000] {processor.py:840} INFO - DAG(s) 'latest_only' retrieved from /home/airflow/.local/lib/python3.12/site-packages/airflow/example_dags/example_latest_only.py
[2024-09-24T15:50:16.163+0000] {logging_mixin.py:188} INFO - [2024-09-24T15:50:16.163+0000] {dag.py:3096} INFO - Sync 1 DAGs
[2024-09-24T15:50:16.191+0000] {logging_mixin.py:188} INFO - [2024-09-24T15:50:16.191+0000] {dag.py:3954} INFO - Setting next_dagrun for latest_only to 2024-09-24 08:00:00+00:00, run_after=2024-09-24 12:00:00+00:00
[2024-09-24T15:50:16.220+0000] {processor.py:183} INFO - Processing /home/airflow/.local/lib/python3.12/site-packages/airflow/example_dags/example_latest_only.py took 0.098 seconds
[2024-09-24T15:50:46.313+0000] {processor.py:161} INFO - Started process (PID=1213) to work on /home/airflow/.local/lib/python3.12/site-packages/airflow/example_dags/example_latest_only.py
[2024-09-24T15:50:46.314+0000] {processor.py:830} INFO - Processing file /home/airflow/.local/lib/python3.12/site-packages/airflow/example_dags/example_latest_only.py for tasks to queue
[2024-09-24T15:50:46.316+0000] {logging_mixin.py:188} INFO - [2024-09-24T15:50:46.316+0000] {dagbag.py:545} INFO - Filling up the DagBag from /home/airflow/.local/lib/python3.12/site-packages/airflow/example_dags/example_latest_only.py
[2024-09-24T15:50:46.321+0000] {processor.py:840} INFO - DAG(s) 'latest_only' retrieved from /home/airflow/.local/lib/python3.12/site-packages/airflow/example_dags/example_latest_only.py
[2024-09-24T15:50:46.342+0000] {logging_mixin.py:188} INFO - [2024-09-24T15:50:46.342+0000] {dag.py:3096} INFO - Sync 1 DAGs
[2024-09-24T15:50:46.366+0000] {logging_mixin.py:188} INFO - [2024-09-24T15:50:46.366+0000] {dag.py:3954} INFO - Setting next_dagrun for latest_only to 2024-09-24 08:00:00+00:00, run_after=2024-09-24 12:00:00+00:00
[2024-09-24T15:50:46.387+0000] {processor.py:183} INFO - Processing /home/airflow/.local/lib/python3.12/site-packages/airflow/example_dags/example_latest_only.py took 0.081 seconds
[2024-09-24T15:51:16.469+0000] {processor.py:161} INFO - Started process (PID=1270) to work on /home/airflow/.local/lib/python3.12/site-packages/airflow/example_dags/example_latest_only.py
[2024-09-24T15:51:16.471+0000] {processor.py:830} INFO - Processing file /home/airflow/.local/lib/python3.12/site-packages/airflow/example_dags/example_latest_only.py for tasks to queue
[2024-09-24T15:51:16.473+0000] {logging_mixin.py:188} INFO - [2024-09-24T15:51:16.473+0000] {dagbag.py:545} INFO - Filling up the DagBag from /home/airflow/.local/lib/python3.12/site-packages/airflow/example_dags/example_latest_only.py
[2024-09-24T15:51:16.479+0000] {processor.py:840} INFO - DAG(s) 'latest_only' retrieved from /home/airflow/.local/lib/python3.12/site-packages/airflow/example_dags/example_latest_only.py
[2024-09-24T15:51:16.505+0000] {logging_mixin.py:188} INFO - [2024-09-24T15:51:16.505+0000] {dag.py:3096} INFO - Sync 1 DAGs
[2024-09-24T15:51:16.532+0000] {logging_mixin.py:188} INFO - [2024-09-24T15:51:16.532+0000] {dag.py:3954} INFO - Setting next_dagrun for latest_only to 2024-09-24 08:00:00+00:00, run_after=2024-09-24 12:00:00+00:00
[2024-09-24T15:51:16.552+0000] {processor.py:183} INFO - Processing /home/airflow/.local/lib/python3.12/site-packages/airflow/example_dags/example_latest_only.py took 0.093 seconds
[2024-09-24T15:51:46.895+0000] {processor.py:161} INFO - Started process (PID=1328) to work on /home/airflow/.local/lib/python3.12/site-packages/airflow/example_dags/example_latest_only.py
[2024-09-24T15:51:46.896+0000] {processor.py:830} INFO - Processing file /home/airflow/.local/lib/python3.12/site-packages/airflow/example_dags/example_latest_only.py for tasks to queue
[2024-09-24T15:51:46.898+0000] {logging_mixin.py:188} INFO - [2024-09-24T15:51:46.898+0000] {dagbag.py:545} INFO - Filling up the DagBag from /home/airflow/.local/lib/python3.12/site-packages/airflow/example_dags/example_latest_only.py
[2024-09-24T15:51:46.903+0000] {processor.py:840} INFO - DAG(s) 'latest_only' retrieved from /home/airflow/.local/lib/python3.12/site-packages/airflow/example_dags/example_latest_only.py
[2024-09-24T15:51:46.925+0000] {logging_mixin.py:188} INFO - [2024-09-24T15:51:46.924+0000] {dag.py:3096} INFO - Sync 1 DAGs
[2024-09-24T15:51:46.949+0000] {logging_mixin.py:188} INFO - [2024-09-24T15:51:46.949+0000] {dag.py:3954} INFO - Setting next_dagrun for latest_only to 2024-09-24 08:00:00+00:00, run_after=2024-09-24 12:00:00+00:00
[2024-09-24T15:51:46.972+0000] {processor.py:183} INFO - Processing /home/airflow/.local/lib/python3.12/site-packages/airflow/example_dags/example_latest_only.py took 0.083 seconds
[2024-09-24T15:52:17.198+0000] {processor.py:161} INFO - Started process (PID=1386) to work on /home/airflow/.local/lib/python3.12/site-packages/airflow/example_dags/example_latest_only.py
[2024-09-24T15:52:17.199+0000] {processor.py:830} INFO - Processing file /home/airflow/.local/lib/python3.12/site-packages/airflow/example_dags/example_latest_only.py for tasks to queue
[2024-09-24T15:52:17.202+0000] {logging_mixin.py:188} INFO - [2024-09-24T15:52:17.201+0000] {dagbag.py:545} INFO - Filling up the DagBag from /home/airflow/.local/lib/python3.12/site-packages/airflow/example_dags/example_latest_only.py
[2024-09-24T15:52:17.207+0000] {processor.py:840} INFO - DAG(s) 'latest_only' retrieved from /home/airflow/.local/lib/python3.12/site-packages/airflow/example_dags/example_latest_only.py
[2024-09-24T15:52:17.229+0000] {logging_mixin.py:188} INFO - [2024-09-24T15:52:17.229+0000] {dag.py:3096} INFO - Sync 1 DAGs
[2024-09-24T15:52:17.252+0000] {logging_mixin.py:188} INFO - [2024-09-24T15:52:17.252+0000] {dag.py:3954} INFO - Setting next_dagrun for latest_only to 2024-09-24 08:00:00+00:00, run_after=2024-09-24 12:00:00+00:00
[2024-09-24T15:52:17.273+0000] {processor.py:183} INFO - Processing /home/airflow/.local/lib/python3.12/site-packages/airflow/example_dags/example_latest_only.py took 0.081 seconds
[2024-09-24T15:52:47.678+0000] {processor.py:161} INFO - Started process (PID=1444) to work on /home/airflow/.local/lib/python3.12/site-packages/airflow/example_dags/example_latest_only.py
[2024-09-24T15:52:47.679+0000] {processor.py:830} INFO - Processing file /home/airflow/.local/lib/python3.12/site-packages/airflow/example_dags/example_latest_only.py for tasks to queue
[2024-09-24T15:52:47.681+0000] {logging_mixin.py:188} INFO - [2024-09-24T15:52:47.681+0000] {dagbag.py:545} INFO - Filling up the DagBag from /home/airflow/.local/lib/python3.12/site-packages/airflow/example_dags/example_latest_only.py
[2024-09-24T15:52:47.687+0000] {processor.py:840} INFO - DAG(s) 'latest_only' retrieved from /home/airflow/.local/lib/python3.12/site-packages/airflow/example_dags/example_latest_only.py
[2024-09-24T15:52:47.712+0000] {logging_mixin.py:188} INFO - [2024-09-24T15:52:47.712+0000] {dag.py:3096} INFO - Sync 1 DAGs
[2024-09-24T15:52:47.740+0000] {logging_mixin.py:188} INFO - [2024-09-24T15:52:47.740+0000] {dag.py:3954} INFO - Setting next_dagrun for latest_only to 2024-09-24 08:00:00+00:00, run_after=2024-09-24 12:00:00+00:00
[2024-09-24T15:52:47.766+0000] {processor.py:183} INFO - Processing /home/airflow/.local/lib/python3.12/site-packages/airflow/example_dags/example_latest_only.py took 0.104 seconds
[2024-09-24T15:53:18.169+0000] {processor.py:161} INFO - Started process (PID=1502) to work on /home/airflow/.local/lib/python3.12/site-packages/airflow/example_dags/example_latest_only.py
[2024-09-24T15:53:18.170+0000] {processor.py:830} INFO - Processing file /home/airflow/.local/lib/python3.12/site-packages/airflow/example_dags/example_latest_only.py for tasks to queue
[2024-09-24T15:53:18.172+0000] {logging_mixin.py:188} INFO - [2024-09-24T15:53:18.172+0000] {dagbag.py:545} INFO - Filling up the DagBag from /home/airflow/.local/lib/python3.12/site-packages/airflow/example_dags/example_latest_only.py
[2024-09-24T15:53:18.180+0000] {processor.py:840} INFO - DAG(s) 'latest_only' retrieved from /home/airflow/.local/lib/python3.12/site-packages/airflow/example_dags/example_latest_only.py
[2024-09-24T15:53:18.208+0000] {logging_mixin.py:188} INFO - [2024-09-24T15:53:18.207+0000] {dag.py:3096} INFO - Sync 1 DAGs
[2024-09-24T15:53:18.236+0000] {logging_mixin.py:188} INFO - [2024-09-24T15:53:18.236+0000] {dag.py:3954} INFO - Setting next_dagrun for latest_only to 2024-09-24 08:00:00+00:00, run_after=2024-09-24 12:00:00+00:00
[2024-09-24T15:53:18.259+0000] {processor.py:183} INFO - Processing /home/airflow/.local/lib/python3.12/site-packages/airflow/example_dags/example_latest_only.py took 0.099 seconds
