[2024-09-24T15:40:41.990+0000] {processor.py:161} INFO - Started process (PID=63) to work on /home/airflow/.local/lib/python3.12/site-packages/airflow/example_dags/example_branch_python_dop_operator_3.py
[2024-09-24T15:40:41.992+0000] {processor.py:830} INFO - Processing file /home/airflow/.local/lib/python3.12/site-packages/airflow/example_dags/example_branch_python_dop_operator_3.py for tasks to queue
[2024-09-24T15:40:41.995+0000] {logging_mixin.py:188} INFO - [2024-09-24T15:40:41.995+0000] {dagbag.py:545} INFO - Filling up the DagBag from /home/airflow/.local/lib/python3.12/site-packages/airflow/example_dags/example_branch_python_dop_operator_3.py
[2024-09-24T15:40:42.014+0000] {processor.py:840} INFO - DAG(s) 'example_branch_dop_operator_v3' retrieved from /home/airflow/.local/lib/python3.12/site-packages/airflow/example_dags/example_branch_python_dop_operator_3.py
[2024-09-24T15:40:42.242+0000] {logging_mixin.py:188} INFO - [2024-09-24T15:40:42.241+0000] {dag.py:3096} INFO - Sync 1 DAGs
[2024-09-24T15:40:42.293+0000] {logging_mixin.py:188} INFO - [2024-09-24T15:40:42.292+0000] {dag.py:3954} INFO - Setting next_dagrun for example_branch_dop_operator_v3 to 2024-09-24 15:39:00+00:00, run_after=2024-09-24 15:40:00+00:00
[2024-09-24T15:40:42.327+0000] {processor.py:183} INFO - Processing /home/airflow/.local/lib/python3.12/site-packages/airflow/example_dags/example_branch_python_dop_operator_3.py took 0.350 seconds
[2024-09-24T15:41:12.670+0000] {processor.py:161} INFO - Started process (PID=121) to work on /home/airflow/.local/lib/python3.12/site-packages/airflow/example_dags/example_branch_python_dop_operator_3.py
[2024-09-24T15:41:12.671+0000] {processor.py:830} INFO - Processing file /home/airflow/.local/lib/python3.12/site-packages/airflow/example_dags/example_branch_python_dop_operator_3.py for tasks to queue
[2024-09-24T15:41:12.673+0000] {logging_mixin.py:188} INFO - [2024-09-24T15:41:12.673+0000] {dagbag.py:545} INFO - Filling up the DagBag from /home/airflow/.local/lib/python3.12/site-packages/airflow/example_dags/example_branch_python_dop_operator_3.py
[2024-09-24T15:41:12.683+0000] {processor.py:840} INFO - DAG(s) 'example_branch_dop_operator_v3' retrieved from /home/airflow/.local/lib/python3.12/site-packages/airflow/example_dags/example_branch_python_dop_operator_3.py
[2024-09-24T15:41:12.706+0000] {logging_mixin.py:188} INFO - [2024-09-24T15:41:12.706+0000] {dag.py:3096} INFO - Sync 1 DAGs
[2024-09-24T15:41:12.754+0000] {logging_mixin.py:188} INFO - [2024-09-24T15:41:12.753+0000] {dag.py:3954} INFO - Setting next_dagrun for example_branch_dop_operator_v3 to 2024-09-24 15:40:00+00:00, run_after=2024-09-24 15:41:00+00:00
[2024-09-24T15:41:12.776+0000] {processor.py:183} INFO - Processing /home/airflow/.local/lib/python3.12/site-packages/airflow/example_dags/example_branch_python_dop_operator_3.py took 0.113 seconds
[2024-09-24T15:41:42.922+0000] {processor.py:161} INFO - Started process (PID=179) to work on /home/airflow/.local/lib/python3.12/site-packages/airflow/example_dags/example_branch_python_dop_operator_3.py
[2024-09-24T15:41:42.923+0000] {processor.py:830} INFO - Processing file /home/airflow/.local/lib/python3.12/site-packages/airflow/example_dags/example_branch_python_dop_operator_3.py for tasks to queue
[2024-09-24T15:41:42.925+0000] {logging_mixin.py:188} INFO - [2024-09-24T15:41:42.925+0000] {dagbag.py:545} INFO - Filling up the DagBag from /home/airflow/.local/lib/python3.12/site-packages/airflow/example_dags/example_branch_python_dop_operator_3.py
[2024-09-24T15:41:42.935+0000] {processor.py:840} INFO - DAG(s) 'example_branch_dop_operator_v3' retrieved from /home/airflow/.local/lib/python3.12/site-packages/airflow/example_dags/example_branch_python_dop_operator_3.py
[2024-09-24T15:41:42.957+0000] {logging_mixin.py:188} INFO - [2024-09-24T15:41:42.957+0000] {dag.py:3096} INFO - Sync 1 DAGs
[2024-09-24T15:41:42.985+0000] {logging_mixin.py:188} INFO - [2024-09-24T15:41:42.984+0000] {dag.py:3954} INFO - Setting next_dagrun for example_branch_dop_operator_v3 to 2024-09-24 15:40:00+00:00, run_after=2024-09-24 15:41:00+00:00
[2024-09-24T15:41:43.004+0000] {processor.py:183} INFO - Processing /home/airflow/.local/lib/python3.12/site-packages/airflow/example_dags/example_branch_python_dop_operator_3.py took 0.088 seconds
[2024-09-24T15:42:13.411+0000] {processor.py:161} INFO - Started process (PID=237) to work on /home/airflow/.local/lib/python3.12/site-packages/airflow/example_dags/example_branch_python_dop_operator_3.py
[2024-09-24T15:42:13.412+0000] {processor.py:830} INFO - Processing file /home/airflow/.local/lib/python3.12/site-packages/airflow/example_dags/example_branch_python_dop_operator_3.py for tasks to queue
[2024-09-24T15:42:13.414+0000] {logging_mixin.py:188} INFO - [2024-09-24T15:42:13.414+0000] {dagbag.py:545} INFO - Filling up the DagBag from /home/airflow/.local/lib/python3.12/site-packages/airflow/example_dags/example_branch_python_dop_operator_3.py
[2024-09-24T15:42:13.422+0000] {processor.py:840} INFO - DAG(s) 'example_branch_dop_operator_v3' retrieved from /home/airflow/.local/lib/python3.12/site-packages/airflow/example_dags/example_branch_python_dop_operator_3.py
[2024-09-24T15:42:13.445+0000] {logging_mixin.py:188} INFO - [2024-09-24T15:42:13.445+0000] {dag.py:3096} INFO - Sync 1 DAGs
[2024-09-24T15:42:13.471+0000] {logging_mixin.py:188} INFO - [2024-09-24T15:42:13.471+0000] {dag.py:3954} INFO - Setting next_dagrun for example_branch_dop_operator_v3 to 2024-09-24 15:41:00+00:00, run_after=2024-09-24 15:42:00+00:00
[2024-09-24T15:42:13.492+0000] {processor.py:183} INFO - Processing /home/airflow/.local/lib/python3.12/site-packages/airflow/example_dags/example_branch_python_dop_operator_3.py took 0.087 seconds
[2024-09-24T15:42:43.862+0000] {processor.py:161} INFO - Started process (PID=295) to work on /home/airflow/.local/lib/python3.12/site-packages/airflow/example_dags/example_branch_python_dop_operator_3.py
[2024-09-24T15:42:43.864+0000] {processor.py:830} INFO - Processing file /home/airflow/.local/lib/python3.12/site-packages/airflow/example_dags/example_branch_python_dop_operator_3.py for tasks to queue
[2024-09-24T15:42:43.866+0000] {logging_mixin.py:188} INFO - [2024-09-24T15:42:43.865+0000] {dagbag.py:545} INFO - Filling up the DagBag from /home/airflow/.local/lib/python3.12/site-packages/airflow/example_dags/example_branch_python_dop_operator_3.py
[2024-09-24T15:42:43.876+0000] {processor.py:840} INFO - DAG(s) 'example_branch_dop_operator_v3' retrieved from /home/airflow/.local/lib/python3.12/site-packages/airflow/example_dags/example_branch_python_dop_operator_3.py
[2024-09-24T15:42:43.896+0000] {logging_mixin.py:188} INFO - [2024-09-24T15:42:43.896+0000] {dag.py:3096} INFO - Sync 1 DAGs
[2024-09-24T15:42:43.933+0000] {logging_mixin.py:188} INFO - [2024-09-24T15:42:43.933+0000] {dag.py:3954} INFO - Setting next_dagrun for example_branch_dop_operator_v3 to 2024-09-24 15:41:00+00:00, run_after=2024-09-24 15:42:00+00:00
[2024-09-24T15:42:43.958+0000] {processor.py:183} INFO - Processing /home/airflow/.local/lib/python3.12/site-packages/airflow/example_dags/example_branch_python_dop_operator_3.py took 0.103 seconds
[2024-09-24T15:43:14.413+0000] {processor.py:161} INFO - Started process (PID=353) to work on /home/airflow/.local/lib/python3.12/site-packages/airflow/example_dags/example_branch_python_dop_operator_3.py
[2024-09-24T15:43:14.415+0000] {processor.py:830} INFO - Processing file /home/airflow/.local/lib/python3.12/site-packages/airflow/example_dags/example_branch_python_dop_operator_3.py for tasks to queue
[2024-09-24T15:43:14.435+0000] {logging_mixin.py:188} INFO - [2024-09-24T15:43:14.434+0000] {dagbag.py:545} INFO - Filling up the DagBag from /home/airflow/.local/lib/python3.12/site-packages/airflow/example_dags/example_branch_python_dop_operator_3.py
[2024-09-24T15:43:14.463+0000] {processor.py:840} INFO - DAG(s) 'example_branch_dop_operator_v3' retrieved from /home/airflow/.local/lib/python3.12/site-packages/airflow/example_dags/example_branch_python_dop_operator_3.py
[2024-09-24T15:43:14.507+0000] {logging_mixin.py:188} INFO - [2024-09-24T15:43:14.506+0000] {dag.py:3096} INFO - Sync 1 DAGs
[2024-09-24T15:43:14.561+0000] {logging_mixin.py:188} INFO - [2024-09-24T15:43:14.560+0000] {dag.py:3954} INFO - Setting next_dagrun for example_branch_dop_operator_v3 to 2024-09-24 15:42:00+00:00, run_after=2024-09-24 15:43:00+00:00
[2024-09-24T15:43:14.596+0000] {processor.py:183} INFO - Processing /home/airflow/.local/lib/python3.12/site-packages/airflow/example_dags/example_branch_python_dop_operator_3.py took 0.194 seconds
[2024-09-24T15:43:44.743+0000] {processor.py:161} INFO - Started process (PID=411) to work on /home/airflow/.local/lib/python3.12/site-packages/airflow/example_dags/example_branch_python_dop_operator_3.py
[2024-09-24T15:43:44.744+0000] {processor.py:830} INFO - Processing file /home/airflow/.local/lib/python3.12/site-packages/airflow/example_dags/example_branch_python_dop_operator_3.py for tasks to queue
[2024-09-24T15:43:44.746+0000] {logging_mixin.py:188} INFO - [2024-09-24T15:43:44.746+0000] {dagbag.py:545} INFO - Filling up the DagBag from /home/airflow/.local/lib/python3.12/site-packages/airflow/example_dags/example_branch_python_dop_operator_3.py
[2024-09-24T15:43:44.756+0000] {processor.py:840} INFO - DAG(s) 'example_branch_dop_operator_v3' retrieved from /home/airflow/.local/lib/python3.12/site-packages/airflow/example_dags/example_branch_python_dop_operator_3.py
[2024-09-24T15:43:44.778+0000] {logging_mixin.py:188} INFO - [2024-09-24T15:43:44.778+0000] {dag.py:3096} INFO - Sync 1 DAGs
[2024-09-24T15:43:44.807+0000] {logging_mixin.py:188} INFO - [2024-09-24T15:43:44.806+0000] {dag.py:3954} INFO - Setting next_dagrun for example_branch_dop_operator_v3 to 2024-09-24 15:42:00+00:00, run_after=2024-09-24 15:43:00+00:00
[2024-09-24T15:43:44.830+0000] {processor.py:183} INFO - Processing /home/airflow/.local/lib/python3.12/site-packages/airflow/example_dags/example_branch_python_dop_operator_3.py took 0.093 seconds
[2024-09-24T15:44:15.247+0000] {processor.py:161} INFO - Started process (PID=469) to work on /home/airflow/.local/lib/python3.12/site-packages/airflow/example_dags/example_branch_python_dop_operator_3.py
[2024-09-24T15:44:15.249+0000] {processor.py:830} INFO - Processing file /home/airflow/.local/lib/python3.12/site-packages/airflow/example_dags/example_branch_python_dop_operator_3.py for tasks to queue
[2024-09-24T15:44:15.251+0000] {logging_mixin.py:188} INFO - [2024-09-24T15:44:15.251+0000] {dagbag.py:545} INFO - Filling up the DagBag from /home/airflow/.local/lib/python3.12/site-packages/airflow/example_dags/example_branch_python_dop_operator_3.py
[2024-09-24T15:44:15.261+0000] {processor.py:840} INFO - DAG(s) 'example_branch_dop_operator_v3' retrieved from /home/airflow/.local/lib/python3.12/site-packages/airflow/example_dags/example_branch_python_dop_operator_3.py
[2024-09-24T15:44:15.287+0000] {logging_mixin.py:188} INFO - [2024-09-24T15:44:15.287+0000] {dag.py:3096} INFO - Sync 1 DAGs
[2024-09-24T15:44:15.324+0000] {logging_mixin.py:188} INFO - [2024-09-24T15:44:15.323+0000] {dag.py:3954} INFO - Setting next_dagrun for example_branch_dop_operator_v3 to 2024-09-24 15:43:00+00:00, run_after=2024-09-24 15:44:00+00:00
[2024-09-24T15:44:15.352+0000] {processor.py:183} INFO - Processing /home/airflow/.local/lib/python3.12/site-packages/airflow/example_dags/example_branch_python_dop_operator_3.py took 0.113 seconds
[2024-09-24T15:44:45.626+0000] {processor.py:161} INFO - Started process (PID=527) to work on /home/airflow/.local/lib/python3.12/site-packages/airflow/example_dags/example_branch_python_dop_operator_3.py
[2024-09-24T15:44:45.627+0000] {processor.py:830} INFO - Processing file /home/airflow/.local/lib/python3.12/site-packages/airflow/example_dags/example_branch_python_dop_operator_3.py for tasks to queue
[2024-09-24T15:44:45.629+0000] {logging_mixin.py:188} INFO - [2024-09-24T15:44:45.629+0000] {dagbag.py:545} INFO - Filling up the DagBag from /home/airflow/.local/lib/python3.12/site-packages/airflow/example_dags/example_branch_python_dop_operator_3.py
[2024-09-24T15:44:45.639+0000] {processor.py:840} INFO - DAG(s) 'example_branch_dop_operator_v3' retrieved from /home/airflow/.local/lib/python3.12/site-packages/airflow/example_dags/example_branch_python_dop_operator_3.py
[2024-09-24T15:44:45.664+0000] {logging_mixin.py:188} INFO - [2024-09-24T15:44:45.664+0000] {dag.py:3096} INFO - Sync 1 DAGs
[2024-09-24T15:44:45.707+0000] {logging_mixin.py:188} INFO - [2024-09-24T15:44:45.707+0000] {dag.py:3954} INFO - Setting next_dagrun for example_branch_dop_operator_v3 to 2024-09-24 15:43:00+00:00, run_after=2024-09-24 15:44:00+00:00
[2024-09-24T15:44:45.750+0000] {processor.py:183} INFO - Processing /home/airflow/.local/lib/python3.12/site-packages/airflow/example_dags/example_branch_python_dop_operator_3.py took 0.131 seconds
[2024-09-24T15:45:15.857+0000] {processor.py:161} INFO - Started process (PID=585) to work on /home/airflow/.local/lib/python3.12/site-packages/airflow/example_dags/example_branch_python_dop_operator_3.py
[2024-09-24T15:45:15.858+0000] {processor.py:830} INFO - Processing file /home/airflow/.local/lib/python3.12/site-packages/airflow/example_dags/example_branch_python_dop_operator_3.py for tasks to queue
[2024-09-24T15:45:15.860+0000] {logging_mixin.py:188} INFO - [2024-09-24T15:45:15.860+0000] {dagbag.py:545} INFO - Filling up the DagBag from /home/airflow/.local/lib/python3.12/site-packages/airflow/example_dags/example_branch_python_dop_operator_3.py
[2024-09-24T15:45:15.876+0000] {processor.py:840} INFO - DAG(s) 'example_branch_dop_operator_v3' retrieved from /home/airflow/.local/lib/python3.12/site-packages/airflow/example_dags/example_branch_python_dop_operator_3.py
[2024-09-24T15:45:15.909+0000] {logging_mixin.py:188} INFO - [2024-09-24T15:45:15.909+0000] {dag.py:3096} INFO - Sync 1 DAGs
[2024-09-24T15:45:15.952+0000] {logging_mixin.py:188} INFO - [2024-09-24T15:45:15.952+0000] {dag.py:3954} INFO - Setting next_dagrun for example_branch_dop_operator_v3 to 2024-09-24 15:44:00+00:00, run_after=2024-09-24 15:45:00+00:00
[2024-09-24T15:45:15.982+0000] {processor.py:183} INFO - Processing /home/airflow/.local/lib/python3.12/site-packages/airflow/example_dags/example_branch_python_dop_operator_3.py took 0.133 seconds
[2024-09-24T15:45:46.188+0000] {processor.py:161} INFO - Started process (PID=643) to work on /home/airflow/.local/lib/python3.12/site-packages/airflow/example_dags/example_branch_python_dop_operator_3.py
[2024-09-24T15:45:46.189+0000] {processor.py:830} INFO - Processing file /home/airflow/.local/lib/python3.12/site-packages/airflow/example_dags/example_branch_python_dop_operator_3.py for tasks to queue
[2024-09-24T15:45:46.191+0000] {logging_mixin.py:188} INFO - [2024-09-24T15:45:46.191+0000] {dagbag.py:545} INFO - Filling up the DagBag from /home/airflow/.local/lib/python3.12/site-packages/airflow/example_dags/example_branch_python_dop_operator_3.py
[2024-09-24T15:45:46.203+0000] {processor.py:840} INFO - DAG(s) 'example_branch_dop_operator_v3' retrieved from /home/airflow/.local/lib/python3.12/site-packages/airflow/example_dags/example_branch_python_dop_operator_3.py
[2024-09-24T15:45:46.226+0000] {logging_mixin.py:188} INFO - [2024-09-24T15:45:46.226+0000] {dag.py:3096} INFO - Sync 1 DAGs
[2024-09-24T15:45:46.261+0000] {logging_mixin.py:188} INFO - [2024-09-24T15:45:46.260+0000] {dag.py:3954} INFO - Setting next_dagrun for example_branch_dop_operator_v3 to 2024-09-24 15:44:00+00:00, run_after=2024-09-24 15:45:00+00:00
[2024-09-24T15:45:46.284+0000] {processor.py:183} INFO - Processing /home/airflow/.local/lib/python3.12/site-packages/airflow/example_dags/example_branch_python_dop_operator_3.py took 0.105 seconds
[2024-09-24T15:46:16.855+0000] {processor.py:161} INFO - Started process (PID=701) to work on /home/airflow/.local/lib/python3.12/site-packages/airflow/example_dags/example_branch_python_dop_operator_3.py
[2024-09-24T15:46:16.856+0000] {processor.py:830} INFO - Processing file /home/airflow/.local/lib/python3.12/site-packages/airflow/example_dags/example_branch_python_dop_operator_3.py for tasks to queue
[2024-09-24T15:46:16.858+0000] {logging_mixin.py:188} INFO - [2024-09-24T15:46:16.858+0000] {dagbag.py:545} INFO - Filling up the DagBag from /home/airflow/.local/lib/python3.12/site-packages/airflow/example_dags/example_branch_python_dop_operator_3.py
[2024-09-24T15:46:16.870+0000] {processor.py:840} INFO - DAG(s) 'example_branch_dop_operator_v3' retrieved from /home/airflow/.local/lib/python3.12/site-packages/airflow/example_dags/example_branch_python_dop_operator_3.py
[2024-09-24T15:46:16.891+0000] {logging_mixin.py:188} INFO - [2024-09-24T15:46:16.891+0000] {dag.py:3096} INFO - Sync 1 DAGs
[2024-09-24T15:46:16.920+0000] {logging_mixin.py:188} INFO - [2024-09-24T15:46:16.920+0000] {dag.py:3954} INFO - Setting next_dagrun for example_branch_dop_operator_v3 to 2024-09-24 15:45:00+00:00, run_after=2024-09-24 15:46:00+00:00
[2024-09-24T15:46:16.941+0000] {processor.py:183} INFO - Processing /home/airflow/.local/lib/python3.12/site-packages/airflow/example_dags/example_branch_python_dop_operator_3.py took 0.092 seconds
[2024-09-24T15:46:47.185+0000] {processor.py:161} INFO - Started process (PID=759) to work on /home/airflow/.local/lib/python3.12/site-packages/airflow/example_dags/example_branch_python_dop_operator_3.py
[2024-09-24T15:46:47.186+0000] {processor.py:830} INFO - Processing file /home/airflow/.local/lib/python3.12/site-packages/airflow/example_dags/example_branch_python_dop_operator_3.py for tasks to queue
[2024-09-24T15:46:47.187+0000] {logging_mixin.py:188} INFO - [2024-09-24T15:46:47.187+0000] {dagbag.py:545} INFO - Filling up the DagBag from /home/airflow/.local/lib/python3.12/site-packages/airflow/example_dags/example_branch_python_dop_operator_3.py
[2024-09-24T15:46:47.197+0000] {processor.py:840} INFO - DAG(s) 'example_branch_dop_operator_v3' retrieved from /home/airflow/.local/lib/python3.12/site-packages/airflow/example_dags/example_branch_python_dop_operator_3.py
[2024-09-24T15:46:47.219+0000] {logging_mixin.py:188} INFO - [2024-09-24T15:46:47.218+0000] {dag.py:3096} INFO - Sync 1 DAGs
[2024-09-24T15:46:47.250+0000] {logging_mixin.py:188} INFO - [2024-09-24T15:46:47.250+0000] {dag.py:3954} INFO - Setting next_dagrun for example_branch_dop_operator_v3 to 2024-09-24 15:45:00+00:00, run_after=2024-09-24 15:46:00+00:00
[2024-09-24T15:46:47.271+0000] {processor.py:183} INFO - Processing /home/airflow/.local/lib/python3.12/site-packages/airflow/example_dags/example_branch_python_dop_operator_3.py took 0.092 seconds
[2024-09-24T15:47:17.452+0000] {processor.py:161} INFO - Started process (PID=817) to work on /home/airflow/.local/lib/python3.12/site-packages/airflow/example_dags/example_branch_python_dop_operator_3.py
[2024-09-24T15:47:17.453+0000] {processor.py:830} INFO - Processing file /home/airflow/.local/lib/python3.12/site-packages/airflow/example_dags/example_branch_python_dop_operator_3.py for tasks to queue
[2024-09-24T15:47:17.455+0000] {logging_mixin.py:188} INFO - [2024-09-24T15:47:17.455+0000] {dagbag.py:545} INFO - Filling up the DagBag from /home/airflow/.local/lib/python3.12/site-packages/airflow/example_dags/example_branch_python_dop_operator_3.py
[2024-09-24T15:47:17.465+0000] {processor.py:840} INFO - DAG(s) 'example_branch_dop_operator_v3' retrieved from /home/airflow/.local/lib/python3.12/site-packages/airflow/example_dags/example_branch_python_dop_operator_3.py
[2024-09-24T15:47:17.488+0000] {logging_mixin.py:188} INFO - [2024-09-24T15:47:17.487+0000] {dag.py:3096} INFO - Sync 1 DAGs
[2024-09-24T15:47:17.517+0000] {logging_mixin.py:188} INFO - [2024-09-24T15:47:17.517+0000] {dag.py:3954} INFO - Setting next_dagrun for example_branch_dop_operator_v3 to 2024-09-24 15:46:00+00:00, run_after=2024-09-24 15:47:00+00:00
[2024-09-24T15:47:17.537+0000] {processor.py:183} INFO - Processing /home/airflow/.local/lib/python3.12/site-packages/airflow/example_dags/example_branch_python_dop_operator_3.py took 0.092 seconds
[2024-09-24T15:47:47.632+0000] {processor.py:161} INFO - Started process (PID=875) to work on /home/airflow/.local/lib/python3.12/site-packages/airflow/example_dags/example_branch_python_dop_operator_3.py
[2024-09-24T15:47:47.633+0000] {processor.py:830} INFO - Processing file /home/airflow/.local/lib/python3.12/site-packages/airflow/example_dags/example_branch_python_dop_operator_3.py for tasks to queue
[2024-09-24T15:47:47.635+0000] {logging_mixin.py:188} INFO - [2024-09-24T15:47:47.634+0000] {dagbag.py:545} INFO - Filling up the DagBag from /home/airflow/.local/lib/python3.12/site-packages/airflow/example_dags/example_branch_python_dop_operator_3.py
[2024-09-24T15:47:47.643+0000] {processor.py:840} INFO - DAG(s) 'example_branch_dop_operator_v3' retrieved from /home/airflow/.local/lib/python3.12/site-packages/airflow/example_dags/example_branch_python_dop_operator_3.py
[2024-09-24T15:47:47.666+0000] {logging_mixin.py:188} INFO - [2024-09-24T15:47:47.665+0000] {dag.py:3096} INFO - Sync 1 DAGs
[2024-09-24T15:47:47.694+0000] {logging_mixin.py:188} INFO - [2024-09-24T15:47:47.694+0000] {dag.py:3954} INFO - Setting next_dagrun for example_branch_dop_operator_v3 to 2024-09-24 15:46:00+00:00, run_after=2024-09-24 15:47:00+00:00
[2024-09-24T15:47:47.715+0000] {processor.py:183} INFO - Processing /home/airflow/.local/lib/python3.12/site-packages/airflow/example_dags/example_branch_python_dop_operator_3.py took 0.091 seconds
[2024-09-24T15:48:18.003+0000] {processor.py:161} INFO - Started process (PID=933) to work on /home/airflow/.local/lib/python3.12/site-packages/airflow/example_dags/example_branch_python_dop_operator_3.py
[2024-09-24T15:48:18.004+0000] {processor.py:830} INFO - Processing file /home/airflow/.local/lib/python3.12/site-packages/airflow/example_dags/example_branch_python_dop_operator_3.py for tasks to queue
[2024-09-24T15:48:18.006+0000] {logging_mixin.py:188} INFO - [2024-09-24T15:48:18.006+0000] {dagbag.py:545} INFO - Filling up the DagBag from /home/airflow/.local/lib/python3.12/site-packages/airflow/example_dags/example_branch_python_dop_operator_3.py
[2024-09-24T15:48:18.015+0000] {processor.py:840} INFO - DAG(s) 'example_branch_dop_operator_v3' retrieved from /home/airflow/.local/lib/python3.12/site-packages/airflow/example_dags/example_branch_python_dop_operator_3.py
[2024-09-24T15:48:18.038+0000] {logging_mixin.py:188} INFO - [2024-09-24T15:48:18.038+0000] {dag.py:3096} INFO - Sync 1 DAGs
[2024-09-24T15:48:18.068+0000] {logging_mixin.py:188} INFO - [2024-09-24T15:48:18.068+0000] {dag.py:3954} INFO - Setting next_dagrun for example_branch_dop_operator_v3 to 2024-09-24 15:47:00+00:00, run_after=2024-09-24 15:48:00+00:00
[2024-09-24T15:48:18.090+0000] {processor.py:183} INFO - Processing /home/airflow/.local/lib/python3.12/site-packages/airflow/example_dags/example_branch_python_dop_operator_3.py took 0.094 seconds
[2024-09-24T15:48:48.715+0000] {processor.py:161} INFO - Started process (PID=991) to work on /home/airflow/.local/lib/python3.12/site-packages/airflow/example_dags/example_branch_python_dop_operator_3.py
[2024-09-24T15:48:48.717+0000] {processor.py:830} INFO - Processing file /home/airflow/.local/lib/python3.12/site-packages/airflow/example_dags/example_branch_python_dop_operator_3.py for tasks to queue
[2024-09-24T15:48:48.720+0000] {logging_mixin.py:188} INFO - [2024-09-24T15:48:48.719+0000] {dagbag.py:545} INFO - Filling up the DagBag from /home/airflow/.local/lib/python3.12/site-packages/airflow/example_dags/example_branch_python_dop_operator_3.py
[2024-09-24T15:48:48.736+0000] {processor.py:840} INFO - DAG(s) 'example_branch_dop_operator_v3' retrieved from /home/airflow/.local/lib/python3.12/site-packages/airflow/example_dags/example_branch_python_dop_operator_3.py
[2024-09-24T15:48:48.768+0000] {logging_mixin.py:188} INFO - [2024-09-24T15:48:48.768+0000] {dag.py:3096} INFO - Sync 1 DAGs
[2024-09-24T15:48:48.829+0000] {logging_mixin.py:188} INFO - [2024-09-24T15:48:48.828+0000] {dag.py:3954} INFO - Setting next_dagrun for example_branch_dop_operator_v3 to 2024-09-24 15:47:00+00:00, run_after=2024-09-24 15:48:00+00:00
[2024-09-24T15:48:48.863+0000] {processor.py:183} INFO - Processing /home/airflow/.local/lib/python3.12/site-packages/airflow/example_dags/example_branch_python_dop_operator_3.py took 0.156 seconds
[2024-09-24T15:49:19.011+0000] {processor.py:161} INFO - Started process (PID=1050) to work on /home/airflow/.local/lib/python3.12/site-packages/airflow/example_dags/example_branch_python_dop_operator_3.py
[2024-09-24T15:49:19.012+0000] {processor.py:830} INFO - Processing file /home/airflow/.local/lib/python3.12/site-packages/airflow/example_dags/example_branch_python_dop_operator_3.py for tasks to queue
[2024-09-24T15:49:19.015+0000] {logging_mixin.py:188} INFO - [2024-09-24T15:49:19.014+0000] {dagbag.py:545} INFO - Filling up the DagBag from /home/airflow/.local/lib/python3.12/site-packages/airflow/example_dags/example_branch_python_dop_operator_3.py
[2024-09-24T15:49:19.026+0000] {processor.py:840} INFO - DAG(s) 'example_branch_dop_operator_v3' retrieved from /home/airflow/.local/lib/python3.12/site-packages/airflow/example_dags/example_branch_python_dop_operator_3.py
[2024-09-24T15:49:19.051+0000] {logging_mixin.py:188} INFO - [2024-09-24T15:49:19.051+0000] {dag.py:3096} INFO - Sync 1 DAGs
[2024-09-24T15:49:19.088+0000] {logging_mixin.py:188} INFO - [2024-09-24T15:49:19.088+0000] {dag.py:3954} INFO - Setting next_dagrun for example_branch_dop_operator_v3 to 2024-09-24 15:48:00+00:00, run_after=2024-09-24 15:49:00+00:00
[2024-09-24T15:49:19.114+0000] {processor.py:183} INFO - Processing /home/airflow/.local/lib/python3.12/site-packages/airflow/example_dags/example_branch_python_dop_operator_3.py took 0.109 seconds
[2024-09-24T15:49:49.480+0000] {processor.py:161} INFO - Started process (PID=1108) to work on /home/airflow/.local/lib/python3.12/site-packages/airflow/example_dags/example_branch_python_dop_operator_3.py
[2024-09-24T15:49:49.482+0000] {processor.py:830} INFO - Processing file /home/airflow/.local/lib/python3.12/site-packages/airflow/example_dags/example_branch_python_dop_operator_3.py for tasks to queue
[2024-09-24T15:49:49.485+0000] {logging_mixin.py:188} INFO - [2024-09-24T15:49:49.485+0000] {dagbag.py:545} INFO - Filling up the DagBag from /home/airflow/.local/lib/python3.12/site-packages/airflow/example_dags/example_branch_python_dop_operator_3.py
[2024-09-24T15:49:49.496+0000] {processor.py:840} INFO - DAG(s) 'example_branch_dop_operator_v3' retrieved from /home/airflow/.local/lib/python3.12/site-packages/airflow/example_dags/example_branch_python_dop_operator_3.py
[2024-09-24T15:49:49.517+0000] {logging_mixin.py:188} INFO - [2024-09-24T15:49:49.517+0000] {dag.py:3096} INFO - Sync 1 DAGs
[2024-09-24T15:49:49.545+0000] {logging_mixin.py:188} INFO - [2024-09-24T15:49:49.545+0000] {dag.py:3954} INFO - Setting next_dagrun for example_branch_dop_operator_v3 to 2024-09-24 15:48:00+00:00, run_after=2024-09-24 15:49:00+00:00
[2024-09-24T15:49:49.570+0000] {processor.py:183} INFO - Processing /home/airflow/.local/lib/python3.12/site-packages/airflow/example_dags/example_branch_python_dop_operator_3.py took 0.097 seconds
[2024-09-24T15:50:19.949+0000] {processor.py:161} INFO - Started process (PID=1166) to work on /home/airflow/.local/lib/python3.12/site-packages/airflow/example_dags/example_branch_python_dop_operator_3.py
[2024-09-24T15:50:19.951+0000] {processor.py:830} INFO - Processing file /home/airflow/.local/lib/python3.12/site-packages/airflow/example_dags/example_branch_python_dop_operator_3.py for tasks to queue
[2024-09-24T15:50:19.954+0000] {logging_mixin.py:188} INFO - [2024-09-24T15:50:19.954+0000] {dagbag.py:545} INFO - Filling up the DagBag from /home/airflow/.local/lib/python3.12/site-packages/airflow/example_dags/example_branch_python_dop_operator_3.py
[2024-09-24T15:50:19.969+0000] {processor.py:840} INFO - DAG(s) 'example_branch_dop_operator_v3' retrieved from /home/airflow/.local/lib/python3.12/site-packages/airflow/example_dags/example_branch_python_dop_operator_3.py
[2024-09-24T15:50:19.994+0000] {logging_mixin.py:188} INFO - [2024-09-24T15:50:19.993+0000] {dag.py:3096} INFO - Sync 1 DAGs
[2024-09-24T15:50:20.029+0000] {logging_mixin.py:188} INFO - [2024-09-24T15:50:20.029+0000] {dag.py:3954} INFO - Setting next_dagrun for example_branch_dop_operator_v3 to 2024-09-24 15:49:00+00:00, run_after=2024-09-24 15:50:00+00:00
[2024-09-24T15:50:20.054+0000] {processor.py:183} INFO - Processing /home/airflow/.local/lib/python3.12/site-packages/airflow/example_dags/example_branch_python_dop_operator_3.py took 0.114 seconds
[2024-09-24T15:50:50.103+0000] {processor.py:161} INFO - Started process (PID=1225) to work on /home/airflow/.local/lib/python3.12/site-packages/airflow/example_dags/example_branch_python_dop_operator_3.py
[2024-09-24T15:50:50.104+0000] {processor.py:830} INFO - Processing file /home/airflow/.local/lib/python3.12/site-packages/airflow/example_dags/example_branch_python_dop_operator_3.py for tasks to queue
[2024-09-24T15:50:50.107+0000] {logging_mixin.py:188} INFO - [2024-09-24T15:50:50.106+0000] {dagbag.py:545} INFO - Filling up the DagBag from /home/airflow/.local/lib/python3.12/site-packages/airflow/example_dags/example_branch_python_dop_operator_3.py
[2024-09-24T15:50:50.115+0000] {processor.py:840} INFO - DAG(s) 'example_branch_dop_operator_v3' retrieved from /home/airflow/.local/lib/python3.12/site-packages/airflow/example_dags/example_branch_python_dop_operator_3.py
[2024-09-24T15:50:50.137+0000] {logging_mixin.py:188} INFO - [2024-09-24T15:50:50.137+0000] {dag.py:3096} INFO - Sync 1 DAGs
[2024-09-24T15:50:50.167+0000] {logging_mixin.py:188} INFO - [2024-09-24T15:50:50.167+0000] {dag.py:3954} INFO - Setting next_dagrun for example_branch_dop_operator_v3 to 2024-09-24 15:49:00+00:00, run_after=2024-09-24 15:50:00+00:00
[2024-09-24T15:50:50.189+0000] {processor.py:183} INFO - Processing /home/airflow/.local/lib/python3.12/site-packages/airflow/example_dags/example_branch_python_dop_operator_3.py took 0.092 seconds
[2024-09-24T15:51:20.552+0000] {processor.py:161} INFO - Started process (PID=1283) to work on /home/airflow/.local/lib/python3.12/site-packages/airflow/example_dags/example_branch_python_dop_operator_3.py
[2024-09-24T15:51:20.553+0000] {processor.py:830} INFO - Processing file /home/airflow/.local/lib/python3.12/site-packages/airflow/example_dags/example_branch_python_dop_operator_3.py for tasks to queue
[2024-09-24T15:51:20.556+0000] {logging_mixin.py:188} INFO - [2024-09-24T15:51:20.555+0000] {dagbag.py:545} INFO - Filling up the DagBag from /home/airflow/.local/lib/python3.12/site-packages/airflow/example_dags/example_branch_python_dop_operator_3.py
[2024-09-24T15:51:20.566+0000] {processor.py:840} INFO - DAG(s) 'example_branch_dop_operator_v3' retrieved from /home/airflow/.local/lib/python3.12/site-packages/airflow/example_dags/example_branch_python_dop_operator_3.py
[2024-09-24T15:51:20.586+0000] {logging_mixin.py:188} INFO - [2024-09-24T15:51:20.585+0000] {dag.py:3096} INFO - Sync 1 DAGs
[2024-09-24T15:51:20.612+0000] {logging_mixin.py:188} INFO - [2024-09-24T15:51:20.612+0000] {dag.py:3954} INFO - Setting next_dagrun for example_branch_dop_operator_v3 to 2024-09-24 15:50:00+00:00, run_after=2024-09-24 15:51:00+00:00
[2024-09-24T15:51:20.634+0000] {processor.py:183} INFO - Processing /home/airflow/.local/lib/python3.12/site-packages/airflow/example_dags/example_branch_python_dop_operator_3.py took 0.088 seconds
[2024-09-24T15:51:51.127+0000] {processor.py:161} INFO - Started process (PID=1341) to work on /home/airflow/.local/lib/python3.12/site-packages/airflow/example_dags/example_branch_python_dop_operator_3.py
[2024-09-24T15:51:51.129+0000] {processor.py:830} INFO - Processing file /home/airflow/.local/lib/python3.12/site-packages/airflow/example_dags/example_branch_python_dop_operator_3.py for tasks to queue
[2024-09-24T15:51:51.132+0000] {logging_mixin.py:188} INFO - [2024-09-24T15:51:51.131+0000] {dagbag.py:545} INFO - Filling up the DagBag from /home/airflow/.local/lib/python3.12/site-packages/airflow/example_dags/example_branch_python_dop_operator_3.py
[2024-09-24T15:51:51.146+0000] {processor.py:840} INFO - DAG(s) 'example_branch_dop_operator_v3' retrieved from /home/airflow/.local/lib/python3.12/site-packages/airflow/example_dags/example_branch_python_dop_operator_3.py
[2024-09-24T15:51:51.173+0000] {logging_mixin.py:188} INFO - [2024-09-24T15:51:51.172+0000] {dag.py:3096} INFO - Sync 1 DAGs
[2024-09-24T15:51:51.207+0000] {logging_mixin.py:188} INFO - [2024-09-24T15:51:51.207+0000] {dag.py:3954} INFO - Setting next_dagrun for example_branch_dop_operator_v3 to 2024-09-24 15:50:00+00:00, run_after=2024-09-24 15:51:00+00:00
[2024-09-24T15:51:51.233+0000] {processor.py:183} INFO - Processing /home/airflow/.local/lib/python3.12/site-packages/airflow/example_dags/example_branch_python_dop_operator_3.py took 0.115 seconds
[2024-09-24T15:52:21.367+0000] {processor.py:161} INFO - Started process (PID=1399) to work on /home/airflow/.local/lib/python3.12/site-packages/airflow/example_dags/example_branch_python_dop_operator_3.py
[2024-09-24T15:52:21.368+0000] {processor.py:830} INFO - Processing file /home/airflow/.local/lib/python3.12/site-packages/airflow/example_dags/example_branch_python_dop_operator_3.py for tasks to queue
[2024-09-24T15:52:21.370+0000] {logging_mixin.py:188} INFO - [2024-09-24T15:52:21.370+0000] {dagbag.py:545} INFO - Filling up the DagBag from /home/airflow/.local/lib/python3.12/site-packages/airflow/example_dags/example_branch_python_dop_operator_3.py
[2024-09-24T15:52:21.379+0000] {processor.py:840} INFO - DAG(s) 'example_branch_dop_operator_v3' retrieved from /home/airflow/.local/lib/python3.12/site-packages/airflow/example_dags/example_branch_python_dop_operator_3.py
[2024-09-24T15:52:21.401+0000] {logging_mixin.py:188} INFO - [2024-09-24T15:52:21.401+0000] {dag.py:3096} INFO - Sync 1 DAGs
[2024-09-24T15:52:21.428+0000] {logging_mixin.py:188} INFO - [2024-09-24T15:52:21.428+0000] {dag.py:3954} INFO - Setting next_dagrun for example_branch_dop_operator_v3 to 2024-09-24 15:51:00+00:00, run_after=2024-09-24 15:52:00+00:00
[2024-09-24T15:52:21.446+0000] {processor.py:183} INFO - Processing /home/airflow/.local/lib/python3.12/site-packages/airflow/example_dags/example_branch_python_dop_operator_3.py took 0.086 seconds
[2024-09-24T15:52:51.701+0000] {processor.py:161} INFO - Started process (PID=1457) to work on /home/airflow/.local/lib/python3.12/site-packages/airflow/example_dags/example_branch_python_dop_operator_3.py
[2024-09-24T15:52:51.703+0000] {processor.py:830} INFO - Processing file /home/airflow/.local/lib/python3.12/site-packages/airflow/example_dags/example_branch_python_dop_operator_3.py for tasks to queue
[2024-09-24T15:52:51.705+0000] {logging_mixin.py:188} INFO - [2024-09-24T15:52:51.705+0000] {dagbag.py:545} INFO - Filling up the DagBag from /home/airflow/.local/lib/python3.12/site-packages/airflow/example_dags/example_branch_python_dop_operator_3.py
[2024-09-24T15:52:51.716+0000] {processor.py:840} INFO - DAG(s) 'example_branch_dop_operator_v3' retrieved from /home/airflow/.local/lib/python3.12/site-packages/airflow/example_dags/example_branch_python_dop_operator_3.py
[2024-09-24T15:52:51.736+0000] {logging_mixin.py:188} INFO - [2024-09-24T15:52:51.735+0000] {dag.py:3096} INFO - Sync 1 DAGs
[2024-09-24T15:52:51.764+0000] {logging_mixin.py:188} INFO - [2024-09-24T15:52:51.764+0000] {dag.py:3954} INFO - Setting next_dagrun for example_branch_dop_operator_v3 to 2024-09-24 15:51:00+00:00, run_after=2024-09-24 15:52:00+00:00
[2024-09-24T15:52:51.787+0000] {processor.py:183} INFO - Processing /home/airflow/.local/lib/python3.12/site-packages/airflow/example_dags/example_branch_python_dop_operator_3.py took 0.093 seconds
[2024-09-24T15:53:22.222+0000] {processor.py:161} INFO - Started process (PID=1515) to work on /home/airflow/.local/lib/python3.12/site-packages/airflow/example_dags/example_branch_python_dop_operator_3.py
[2024-09-24T15:53:22.224+0000] {processor.py:830} INFO - Processing file /home/airflow/.local/lib/python3.12/site-packages/airflow/example_dags/example_branch_python_dop_operator_3.py for tasks to queue
[2024-09-24T15:53:22.226+0000] {logging_mixin.py:188} INFO - [2024-09-24T15:53:22.226+0000] {dagbag.py:545} INFO - Filling up the DagBag from /home/airflow/.local/lib/python3.12/site-packages/airflow/example_dags/example_branch_python_dop_operator_3.py
[2024-09-24T15:53:22.237+0000] {processor.py:840} INFO - DAG(s) 'example_branch_dop_operator_v3' retrieved from /home/airflow/.local/lib/python3.12/site-packages/airflow/example_dags/example_branch_python_dop_operator_3.py
[2024-09-24T15:53:22.258+0000] {logging_mixin.py:188} INFO - [2024-09-24T15:53:22.258+0000] {dag.py:3096} INFO - Sync 1 DAGs
[2024-09-24T15:53:22.291+0000] {logging_mixin.py:188} INFO - [2024-09-24T15:53:22.290+0000] {dag.py:3954} INFO - Setting next_dagrun for example_branch_dop_operator_v3 to 2024-09-24 15:52:00+00:00, run_after=2024-09-24 15:53:00+00:00
[2024-09-24T15:53:22.316+0000] {processor.py:183} INFO - Processing /home/airflow/.local/lib/python3.12/site-packages/airflow/example_dags/example_branch_python_dop_operator_3.py took 0.100 seconds
