[2024-09-24T15:40:44.168+0000] {processor.py:161} INFO - Started process (PID=74) to work on /home/airflow/.local/lib/python3.12/site-packages/airflow/example_dags/tutorial.py
[2024-09-24T15:40:44.170+0000] {processor.py:830} INFO - Processing file /home/airflow/.local/lib/python3.12/site-packages/airflow/example_dags/tutorial.py for tasks to queue
[2024-09-24T15:40:44.174+0000] {logging_mixin.py:188} INFO - [2024-09-24T15:40:44.173+0000] {dagbag.py:545} INFO - Filling up the DagBag from /home/airflow/.local/lib/python3.12/site-packages/airflow/example_dags/tutorial.py
[2024-09-24T15:40:44.188+0000] {processor.py:840} INFO - DAG(s) 'tutorial' retrieved from /home/airflow/.local/lib/python3.12/site-packages/airflow/example_dags/tutorial.py
[2024-09-24T15:40:44.381+0000] {logging_mixin.py:188} INFO - [2024-09-24T15:40:44.381+0000] {dag.py:3096} INFO - Sync 1 DAGs
[2024-09-24T15:40:44.418+0000] {logging_mixin.py:188} INFO - [2024-09-24T15:40:44.417+0000] {dag.py:3954} INFO - Setting next_dagrun for tutorial to 2024-09-23 00:00:00+00:00, run_after=2024-09-24 00:00:00+00:00
[2024-09-24T15:40:44.452+0000] {processor.py:183} INFO - Processing /home/airflow/.local/lib/python3.12/site-packages/airflow/example_dags/tutorial.py took 0.294 seconds
[2024-09-24T15:41:14.540+0000] {processor.py:161} INFO - Started process (PID=132) to work on /home/airflow/.local/lib/python3.12/site-packages/airflow/example_dags/tutorial.py
[2024-09-24T15:41:14.541+0000] {processor.py:830} INFO - Processing file /home/airflow/.local/lib/python3.12/site-packages/airflow/example_dags/tutorial.py for tasks to queue
[2024-09-24T15:41:14.543+0000] {logging_mixin.py:188} INFO - [2024-09-24T15:41:14.542+0000] {dagbag.py:545} INFO - Filling up the DagBag from /home/airflow/.local/lib/python3.12/site-packages/airflow/example_dags/tutorial.py
[2024-09-24T15:41:14.548+0000] {processor.py:840} INFO - DAG(s) 'tutorial' retrieved from /home/airflow/.local/lib/python3.12/site-packages/airflow/example_dags/tutorial.py
[2024-09-24T15:41:14.568+0000] {logging_mixin.py:188} INFO - [2024-09-24T15:41:14.568+0000] {dag.py:3096} INFO - Sync 1 DAGs
[2024-09-24T15:41:14.591+0000] {logging_mixin.py:188} INFO - [2024-09-24T15:41:14.591+0000] {dag.py:3954} INFO - Setting next_dagrun for tutorial to 2024-09-23 00:00:00+00:00, run_after=2024-09-24 00:00:00+00:00
[2024-09-24T15:41:14.610+0000] {processor.py:183} INFO - Processing /home/airflow/.local/lib/python3.12/site-packages/airflow/example_dags/tutorial.py took 0.076 seconds
[2024-09-24T15:41:44.690+0000] {processor.py:161} INFO - Started process (PID=190) to work on /home/airflow/.local/lib/python3.12/site-packages/airflow/example_dags/tutorial.py
[2024-09-24T15:41:44.692+0000] {processor.py:830} INFO - Processing file /home/airflow/.local/lib/python3.12/site-packages/airflow/example_dags/tutorial.py for tasks to queue
[2024-09-24T15:41:44.694+0000] {logging_mixin.py:188} INFO - [2024-09-24T15:41:44.693+0000] {dagbag.py:545} INFO - Filling up the DagBag from /home/airflow/.local/lib/python3.12/site-packages/airflow/example_dags/tutorial.py
[2024-09-24T15:41:44.701+0000] {processor.py:840} INFO - DAG(s) 'tutorial' retrieved from /home/airflow/.local/lib/python3.12/site-packages/airflow/example_dags/tutorial.py
[2024-09-24T15:41:44.721+0000] {logging_mixin.py:188} INFO - [2024-09-24T15:41:44.720+0000] {dag.py:3096} INFO - Sync 1 DAGs
[2024-09-24T15:41:44.746+0000] {logging_mixin.py:188} INFO - [2024-09-24T15:41:44.746+0000] {dag.py:3954} INFO - Setting next_dagrun for tutorial to 2024-09-23 00:00:00+00:00, run_after=2024-09-24 00:00:00+00:00
[2024-09-24T15:41:44.774+0000] {processor.py:183} INFO - Processing /home/airflow/.local/lib/python3.12/site-packages/airflow/example_dags/tutorial.py took 0.091 seconds
[2024-09-24T15:42:15.167+0000] {processor.py:161} INFO - Started process (PID=248) to work on /home/airflow/.local/lib/python3.12/site-packages/airflow/example_dags/tutorial.py
[2024-09-24T15:42:15.168+0000] {processor.py:830} INFO - Processing file /home/airflow/.local/lib/python3.12/site-packages/airflow/example_dags/tutorial.py for tasks to queue
[2024-09-24T15:42:15.170+0000] {logging_mixin.py:188} INFO - [2024-09-24T15:42:15.170+0000] {dagbag.py:545} INFO - Filling up the DagBag from /home/airflow/.local/lib/python3.12/site-packages/airflow/example_dags/tutorial.py
[2024-09-24T15:42:15.176+0000] {processor.py:840} INFO - DAG(s) 'tutorial' retrieved from /home/airflow/.local/lib/python3.12/site-packages/airflow/example_dags/tutorial.py
[2024-09-24T15:42:15.198+0000] {logging_mixin.py:188} INFO - [2024-09-24T15:42:15.198+0000] {dag.py:3096} INFO - Sync 1 DAGs
[2024-09-24T15:42:15.222+0000] {logging_mixin.py:188} INFO - [2024-09-24T15:42:15.222+0000] {dag.py:3954} INFO - Setting next_dagrun for tutorial to 2024-09-23 00:00:00+00:00, run_after=2024-09-24 00:00:00+00:00
[2024-09-24T15:42:15.244+0000] {processor.py:183} INFO - Processing /home/airflow/.local/lib/python3.12/site-packages/airflow/example_dags/tutorial.py took 0.083 seconds
[2024-09-24T15:42:45.566+0000] {processor.py:161} INFO - Started process (PID=306) to work on /home/airflow/.local/lib/python3.12/site-packages/airflow/example_dags/tutorial.py
[2024-09-24T15:42:45.567+0000] {processor.py:830} INFO - Processing file /home/airflow/.local/lib/python3.12/site-packages/airflow/example_dags/tutorial.py for tasks to queue
[2024-09-24T15:42:45.570+0000] {logging_mixin.py:188} INFO - [2024-09-24T15:42:45.569+0000] {dagbag.py:545} INFO - Filling up the DagBag from /home/airflow/.local/lib/python3.12/site-packages/airflow/example_dags/tutorial.py
[2024-09-24T15:42:45.577+0000] {processor.py:840} INFO - DAG(s) 'tutorial' retrieved from /home/airflow/.local/lib/python3.12/site-packages/airflow/example_dags/tutorial.py
[2024-09-24T15:42:45.603+0000] {logging_mixin.py:188} INFO - [2024-09-24T15:42:45.603+0000] {dag.py:3096} INFO - Sync 1 DAGs
[2024-09-24T15:42:45.630+0000] {logging_mixin.py:188} INFO - [2024-09-24T15:42:45.630+0000] {dag.py:3954} INFO - Setting next_dagrun for tutorial to 2024-09-23 00:00:00+00:00, run_after=2024-09-24 00:00:00+00:00
[2024-09-24T15:42:45.653+0000] {processor.py:183} INFO - Processing /home/airflow/.local/lib/python3.12/site-packages/airflow/example_dags/tutorial.py took 0.097 seconds
[2024-09-24T15:43:16.290+0000] {processor.py:161} INFO - Started process (PID=364) to work on /home/airflow/.local/lib/python3.12/site-packages/airflow/example_dags/tutorial.py
[2024-09-24T15:43:16.291+0000] {processor.py:830} INFO - Processing file /home/airflow/.local/lib/python3.12/site-packages/airflow/example_dags/tutorial.py for tasks to queue
[2024-09-24T15:43:16.293+0000] {logging_mixin.py:188} INFO - [2024-09-24T15:43:16.293+0000] {dagbag.py:545} INFO - Filling up the DagBag from /home/airflow/.local/lib/python3.12/site-packages/airflow/example_dags/tutorial.py
[2024-09-24T15:43:16.302+0000] {processor.py:840} INFO - DAG(s) 'tutorial' retrieved from /home/airflow/.local/lib/python3.12/site-packages/airflow/example_dags/tutorial.py
[2024-09-24T15:43:16.325+0000] {logging_mixin.py:188} INFO - [2024-09-24T15:43:16.325+0000] {dag.py:3096} INFO - Sync 1 DAGs
[2024-09-24T15:43:16.352+0000] {logging_mixin.py:188} INFO - [2024-09-24T15:43:16.352+0000] {dag.py:3954} INFO - Setting next_dagrun for tutorial to 2024-09-23 00:00:00+00:00, run_after=2024-09-24 00:00:00+00:00
[2024-09-24T15:43:16.375+0000] {processor.py:183} INFO - Processing /home/airflow/.local/lib/python3.12/site-packages/airflow/example_dags/tutorial.py took 0.094 seconds
[2024-09-24T15:43:46.456+0000] {processor.py:161} INFO - Started process (PID=422) to work on /home/airflow/.local/lib/python3.12/site-packages/airflow/example_dags/tutorial.py
[2024-09-24T15:43:46.458+0000] {processor.py:830} INFO - Processing file /home/airflow/.local/lib/python3.12/site-packages/airflow/example_dags/tutorial.py for tasks to queue
[2024-09-24T15:43:46.461+0000] {logging_mixin.py:188} INFO - [2024-09-24T15:43:46.460+0000] {dagbag.py:545} INFO - Filling up the DagBag from /home/airflow/.local/lib/python3.12/site-packages/airflow/example_dags/tutorial.py
[2024-09-24T15:43:46.468+0000] {processor.py:840} INFO - DAG(s) 'tutorial' retrieved from /home/airflow/.local/lib/python3.12/site-packages/airflow/example_dags/tutorial.py
[2024-09-24T15:43:46.490+0000] {logging_mixin.py:188} INFO - [2024-09-24T15:43:46.489+0000] {dag.py:3096} INFO - Sync 1 DAGs
[2024-09-24T15:43:46.517+0000] {logging_mixin.py:188} INFO - [2024-09-24T15:43:46.517+0000] {dag.py:3954} INFO - Setting next_dagrun for tutorial to 2024-09-23 00:00:00+00:00, run_after=2024-09-24 00:00:00+00:00
[2024-09-24T15:43:46.541+0000] {processor.py:183} INFO - Processing /home/airflow/.local/lib/python3.12/site-packages/airflow/example_dags/tutorial.py took 0.092 seconds
[2024-09-24T15:44:17.110+0000] {processor.py:161} INFO - Started process (PID=480) to work on /home/airflow/.local/lib/python3.12/site-packages/airflow/example_dags/tutorial.py
[2024-09-24T15:44:17.111+0000] {processor.py:830} INFO - Processing file /home/airflow/.local/lib/python3.12/site-packages/airflow/example_dags/tutorial.py for tasks to queue
[2024-09-24T15:44:17.114+0000] {logging_mixin.py:188} INFO - [2024-09-24T15:44:17.114+0000] {dagbag.py:545} INFO - Filling up the DagBag from /home/airflow/.local/lib/python3.12/site-packages/airflow/example_dags/tutorial.py
[2024-09-24T15:44:17.122+0000] {processor.py:840} INFO - DAG(s) 'tutorial' retrieved from /home/airflow/.local/lib/python3.12/site-packages/airflow/example_dags/tutorial.py
[2024-09-24T15:44:17.145+0000] {logging_mixin.py:188} INFO - [2024-09-24T15:44:17.145+0000] {dag.py:3096} INFO - Sync 1 DAGs
[2024-09-24T15:44:17.172+0000] {logging_mixin.py:188} INFO - [2024-09-24T15:44:17.172+0000] {dag.py:3954} INFO - Setting next_dagrun for tutorial to 2024-09-23 00:00:00+00:00, run_after=2024-09-24 00:00:00+00:00
[2024-09-24T15:44:17.198+0000] {processor.py:183} INFO - Processing /home/airflow/.local/lib/python3.12/site-packages/airflow/example_dags/tutorial.py took 0.096 seconds
[2024-09-24T15:44:47.468+0000] {processor.py:161} INFO - Started process (PID=538) to work on /home/airflow/.local/lib/python3.12/site-packages/airflow/example_dags/tutorial.py
[2024-09-24T15:44:47.469+0000] {processor.py:830} INFO - Processing file /home/airflow/.local/lib/python3.12/site-packages/airflow/example_dags/tutorial.py for tasks to queue
[2024-09-24T15:44:47.471+0000] {logging_mixin.py:188} INFO - [2024-09-24T15:44:47.471+0000] {dagbag.py:545} INFO - Filling up the DagBag from /home/airflow/.local/lib/python3.12/site-packages/airflow/example_dags/tutorial.py
[2024-09-24T15:44:47.479+0000] {processor.py:840} INFO - DAG(s) 'tutorial' retrieved from /home/airflow/.local/lib/python3.12/site-packages/airflow/example_dags/tutorial.py
[2024-09-24T15:44:47.502+0000] {logging_mixin.py:188} INFO - [2024-09-24T15:44:47.502+0000] {dag.py:3096} INFO - Sync 1 DAGs
[2024-09-24T15:44:47.533+0000] {logging_mixin.py:188} INFO - [2024-09-24T15:44:47.533+0000] {dag.py:3954} INFO - Setting next_dagrun for tutorial to 2024-09-23 00:00:00+00:00, run_after=2024-09-24 00:00:00+00:00
[2024-09-24T15:44:47.557+0000] {processor.py:183} INFO - Processing /home/airflow/.local/lib/python3.12/site-packages/airflow/example_dags/tutorial.py took 0.096 seconds
[2024-09-24T15:45:17.651+0000] {processor.py:161} INFO - Started process (PID=596) to work on /home/airflow/.local/lib/python3.12/site-packages/airflow/example_dags/tutorial.py
[2024-09-24T15:45:17.652+0000] {processor.py:830} INFO - Processing file /home/airflow/.local/lib/python3.12/site-packages/airflow/example_dags/tutorial.py for tasks to queue
[2024-09-24T15:45:17.655+0000] {logging_mixin.py:188} INFO - [2024-09-24T15:45:17.654+0000] {dagbag.py:545} INFO - Filling up the DagBag from /home/airflow/.local/lib/python3.12/site-packages/airflow/example_dags/tutorial.py
[2024-09-24T15:45:17.660+0000] {processor.py:840} INFO - DAG(s) 'tutorial' retrieved from /home/airflow/.local/lib/python3.12/site-packages/airflow/example_dags/tutorial.py
[2024-09-24T15:45:17.682+0000] {logging_mixin.py:188} INFO - [2024-09-24T15:45:17.681+0000] {dag.py:3096} INFO - Sync 1 DAGs
[2024-09-24T15:45:17.707+0000] {logging_mixin.py:188} INFO - [2024-09-24T15:45:17.706+0000] {dag.py:3954} INFO - Setting next_dagrun for tutorial to 2024-09-23 00:00:00+00:00, run_after=2024-09-24 00:00:00+00:00
[2024-09-24T15:45:17.727+0000] {processor.py:183} INFO - Processing /home/airflow/.local/lib/python3.12/site-packages/airflow/example_dags/tutorial.py took 0.082 seconds
[2024-09-24T15:45:47.860+0000] {processor.py:161} INFO - Started process (PID=654) to work on /home/airflow/.local/lib/python3.12/site-packages/airflow/example_dags/tutorial.py
[2024-09-24T15:45:47.861+0000] {processor.py:830} INFO - Processing file /home/airflow/.local/lib/python3.12/site-packages/airflow/example_dags/tutorial.py for tasks to queue
[2024-09-24T15:45:47.863+0000] {logging_mixin.py:188} INFO - [2024-09-24T15:45:47.863+0000] {dagbag.py:545} INFO - Filling up the DagBag from /home/airflow/.local/lib/python3.12/site-packages/airflow/example_dags/tutorial.py
[2024-09-24T15:45:47.869+0000] {processor.py:840} INFO - DAG(s) 'tutorial' retrieved from /home/airflow/.local/lib/python3.12/site-packages/airflow/example_dags/tutorial.py
[2024-09-24T15:45:47.891+0000] {logging_mixin.py:188} INFO - [2024-09-24T15:45:47.891+0000] {dag.py:3096} INFO - Sync 1 DAGs
[2024-09-24T15:45:47.916+0000] {logging_mixin.py:188} INFO - [2024-09-24T15:45:47.916+0000] {dag.py:3954} INFO - Setting next_dagrun for tutorial to 2024-09-23 00:00:00+00:00, run_after=2024-09-24 00:00:00+00:00
[2024-09-24T15:45:47.935+0000] {processor.py:183} INFO - Processing /home/airflow/.local/lib/python3.12/site-packages/airflow/example_dags/tutorial.py took 0.082 seconds
[2024-09-24T15:46:18.507+0000] {processor.py:161} INFO - Started process (PID=712) to work on /home/airflow/.local/lib/python3.12/site-packages/airflow/example_dags/tutorial.py
[2024-09-24T15:46:18.508+0000] {processor.py:830} INFO - Processing file /home/airflow/.local/lib/python3.12/site-packages/airflow/example_dags/tutorial.py for tasks to queue
[2024-09-24T15:46:18.510+0000] {logging_mixin.py:188} INFO - [2024-09-24T15:46:18.510+0000] {dagbag.py:545} INFO - Filling up the DagBag from /home/airflow/.local/lib/python3.12/site-packages/airflow/example_dags/tutorial.py
[2024-09-24T15:46:18.517+0000] {processor.py:840} INFO - DAG(s) 'tutorial' retrieved from /home/airflow/.local/lib/python3.12/site-packages/airflow/example_dags/tutorial.py
[2024-09-24T15:46:18.539+0000] {logging_mixin.py:188} INFO - [2024-09-24T15:46:18.539+0000] {dag.py:3096} INFO - Sync 1 DAGs
[2024-09-24T15:46:18.577+0000] {logging_mixin.py:188} INFO - [2024-09-24T15:46:18.576+0000] {dag.py:3954} INFO - Setting next_dagrun for tutorial to 2024-09-23 00:00:00+00:00, run_after=2024-09-24 00:00:00+00:00
[2024-09-24T15:46:18.614+0000] {processor.py:183} INFO - Processing /home/airflow/.local/lib/python3.12/site-packages/airflow/example_dags/tutorial.py took 0.113 seconds
[2024-09-24T15:46:48.894+0000] {processor.py:161} INFO - Started process (PID=770) to work on /home/airflow/.local/lib/python3.12/site-packages/airflow/example_dags/tutorial.py
[2024-09-24T15:46:48.895+0000] {processor.py:830} INFO - Processing file /home/airflow/.local/lib/python3.12/site-packages/airflow/example_dags/tutorial.py for tasks to queue
[2024-09-24T15:46:48.897+0000] {logging_mixin.py:188} INFO - [2024-09-24T15:46:48.897+0000] {dagbag.py:545} INFO - Filling up the DagBag from /home/airflow/.local/lib/python3.12/site-packages/airflow/example_dags/tutorial.py
[2024-09-24T15:46:48.903+0000] {processor.py:840} INFO - DAG(s) 'tutorial' retrieved from /home/airflow/.local/lib/python3.12/site-packages/airflow/example_dags/tutorial.py
[2024-09-24T15:46:48.947+0000] {logging_mixin.py:188} INFO - [2024-09-24T15:46:48.947+0000] {dag.py:3096} INFO - Sync 1 DAGs
[2024-09-24T15:46:48.969+0000] {logging_mixin.py:188} INFO - [2024-09-24T15:46:48.969+0000] {dag.py:3954} INFO - Setting next_dagrun for tutorial to 2024-09-23 00:00:00+00:00, run_after=2024-09-24 00:00:00+00:00
[2024-09-24T15:46:48.989+0000] {processor.py:183} INFO - Processing /home/airflow/.local/lib/python3.12/site-packages/airflow/example_dags/tutorial.py took 0.100 seconds
[2024-09-24T15:47:19.355+0000] {processor.py:161} INFO - Started process (PID=828) to work on /home/airflow/.local/lib/python3.12/site-packages/airflow/example_dags/tutorial.py
[2024-09-24T15:47:19.358+0000] {processor.py:830} INFO - Processing file /home/airflow/.local/lib/python3.12/site-packages/airflow/example_dags/tutorial.py for tasks to queue
[2024-09-24T15:47:19.361+0000] {logging_mixin.py:188} INFO - [2024-09-24T15:47:19.360+0000] {dagbag.py:545} INFO - Filling up the DagBag from /home/airflow/.local/lib/python3.12/site-packages/airflow/example_dags/tutorial.py
[2024-09-24T15:47:19.374+0000] {processor.py:840} INFO - DAG(s) 'tutorial' retrieved from /home/airflow/.local/lib/python3.12/site-packages/airflow/example_dags/tutorial.py
[2024-09-24T15:47:19.408+0000] {logging_mixin.py:188} INFO - [2024-09-24T15:47:19.408+0000] {dag.py:3096} INFO - Sync 1 DAGs
[2024-09-24T15:47:19.444+0000] {logging_mixin.py:188} INFO - [2024-09-24T15:47:19.444+0000] {dag.py:3954} INFO - Setting next_dagrun for tutorial to 2024-09-23 00:00:00+00:00, run_after=2024-09-24 00:00:00+00:00
[2024-09-24T15:47:19.469+0000] {processor.py:183} INFO - Processing /home/airflow/.local/lib/python3.12/site-packages/airflow/example_dags/tutorial.py took 0.126 seconds
[2024-09-24T15:47:50.380+0000] {processor.py:161} INFO - Started process (PID=886) to work on /home/airflow/.local/lib/python3.12/site-packages/airflow/example_dags/tutorial.py
[2024-09-24T15:47:50.381+0000] {processor.py:830} INFO - Processing file /home/airflow/.local/lib/python3.12/site-packages/airflow/example_dags/tutorial.py for tasks to queue
[2024-09-24T15:47:50.383+0000] {logging_mixin.py:188} INFO - [2024-09-24T15:47:50.383+0000] {dagbag.py:545} INFO - Filling up the DagBag from /home/airflow/.local/lib/python3.12/site-packages/airflow/example_dags/tutorial.py
[2024-09-24T15:47:50.390+0000] {processor.py:840} INFO - DAG(s) 'tutorial' retrieved from /home/airflow/.local/lib/python3.12/site-packages/airflow/example_dags/tutorial.py
[2024-09-24T15:47:50.411+0000] {logging_mixin.py:188} INFO - [2024-09-24T15:47:50.410+0000] {dag.py:3096} INFO - Sync 1 DAGs
[2024-09-24T15:47:50.439+0000] {logging_mixin.py:188} INFO - [2024-09-24T15:47:50.438+0000] {dag.py:3954} INFO - Setting next_dagrun for tutorial to 2024-09-23 00:00:00+00:00, run_after=2024-09-24 00:00:00+00:00
[2024-09-24T15:47:50.463+0000] {processor.py:183} INFO - Processing /home/airflow/.local/lib/python3.12/site-packages/airflow/example_dags/tutorial.py took 0.091 seconds
[2024-09-24T15:48:20.795+0000] {processor.py:161} INFO - Started process (PID=944) to work on /home/airflow/.local/lib/python3.12/site-packages/airflow/example_dags/tutorial.py
[2024-09-24T15:48:20.796+0000] {processor.py:830} INFO - Processing file /home/airflow/.local/lib/python3.12/site-packages/airflow/example_dags/tutorial.py for tasks to queue
[2024-09-24T15:48:20.798+0000] {logging_mixin.py:188} INFO - [2024-09-24T15:48:20.798+0000] {dagbag.py:545} INFO - Filling up the DagBag from /home/airflow/.local/lib/python3.12/site-packages/airflow/example_dags/tutorial.py
[2024-09-24T15:48:20.805+0000] {processor.py:840} INFO - DAG(s) 'tutorial' retrieved from /home/airflow/.local/lib/python3.12/site-packages/airflow/example_dags/tutorial.py
[2024-09-24T15:48:20.830+0000] {logging_mixin.py:188} INFO - [2024-09-24T15:48:20.829+0000] {dag.py:3096} INFO - Sync 1 DAGs
[2024-09-24T15:48:20.856+0000] {logging_mixin.py:188} INFO - [2024-09-24T15:48:20.856+0000] {dag.py:3954} INFO - Setting next_dagrun for tutorial to 2024-09-23 00:00:00+00:00, run_after=2024-09-24 00:00:00+00:00
[2024-09-24T15:48:20.887+0000] {processor.py:183} INFO - Processing /home/airflow/.local/lib/python3.12/site-packages/airflow/example_dags/tutorial.py took 0.099 seconds
[2024-09-24T15:48:51.439+0000] {processor.py:161} INFO - Started process (PID=1002) to work on /home/airflow/.local/lib/python3.12/site-packages/airflow/example_dags/tutorial.py
[2024-09-24T15:48:51.440+0000] {processor.py:830} INFO - Processing file /home/airflow/.local/lib/python3.12/site-packages/airflow/example_dags/tutorial.py for tasks to queue
[2024-09-24T15:48:51.444+0000] {logging_mixin.py:188} INFO - [2024-09-24T15:48:51.444+0000] {dagbag.py:545} INFO - Filling up the DagBag from /home/airflow/.local/lib/python3.12/site-packages/airflow/example_dags/tutorial.py
[2024-09-24T15:48:51.453+0000] {processor.py:840} INFO - DAG(s) 'tutorial' retrieved from /home/airflow/.local/lib/python3.12/site-packages/airflow/example_dags/tutorial.py
[2024-09-24T15:48:51.475+0000] {logging_mixin.py:188} INFO - [2024-09-24T15:48:51.475+0000] {dag.py:3096} INFO - Sync 1 DAGs
[2024-09-24T15:48:51.501+0000] {logging_mixin.py:188} INFO - [2024-09-24T15:48:51.500+0000] {dag.py:3954} INFO - Setting next_dagrun for tutorial to 2024-09-23 00:00:00+00:00, run_after=2024-09-24 00:00:00+00:00
[2024-09-24T15:48:51.525+0000] {processor.py:183} INFO - Processing /home/airflow/.local/lib/python3.12/site-packages/airflow/example_dags/tutorial.py took 0.094 seconds
[2024-09-24T15:49:21.688+0000] {processor.py:161} INFO - Started process (PID=1061) to work on /home/airflow/.local/lib/python3.12/site-packages/airflow/example_dags/tutorial.py
[2024-09-24T15:49:21.689+0000] {processor.py:830} INFO - Processing file /home/airflow/.local/lib/python3.12/site-packages/airflow/example_dags/tutorial.py for tasks to queue
[2024-09-24T15:49:21.691+0000] {logging_mixin.py:188} INFO - [2024-09-24T15:49:21.691+0000] {dagbag.py:545} INFO - Filling up the DagBag from /home/airflow/.local/lib/python3.12/site-packages/airflow/example_dags/tutorial.py
[2024-09-24T15:49:21.697+0000] {processor.py:840} INFO - DAG(s) 'tutorial' retrieved from /home/airflow/.local/lib/python3.12/site-packages/airflow/example_dags/tutorial.py
[2024-09-24T15:49:21.719+0000] {logging_mixin.py:188} INFO - [2024-09-24T15:49:21.719+0000] {dag.py:3096} INFO - Sync 1 DAGs
[2024-09-24T15:49:21.746+0000] {logging_mixin.py:188} INFO - [2024-09-24T15:49:21.745+0000] {dag.py:3954} INFO - Setting next_dagrun for tutorial to 2024-09-23 00:00:00+00:00, run_after=2024-09-24 00:00:00+00:00
[2024-09-24T15:49:21.769+0000] {processor.py:183} INFO - Processing /home/airflow/.local/lib/python3.12/site-packages/airflow/example_dags/tutorial.py took 0.087 seconds
[2024-09-24T15:49:52.095+0000] {processor.py:161} INFO - Started process (PID=1119) to work on /home/airflow/.local/lib/python3.12/site-packages/airflow/example_dags/tutorial.py
[2024-09-24T15:49:52.096+0000] {processor.py:830} INFO - Processing file /home/airflow/.local/lib/python3.12/site-packages/airflow/example_dags/tutorial.py for tasks to queue
[2024-09-24T15:49:52.098+0000] {logging_mixin.py:188} INFO - [2024-09-24T15:49:52.098+0000] {dagbag.py:545} INFO - Filling up the DagBag from /home/airflow/.local/lib/python3.12/site-packages/airflow/example_dags/tutorial.py
[2024-09-24T15:49:52.105+0000] {processor.py:840} INFO - DAG(s) 'tutorial' retrieved from /home/airflow/.local/lib/python3.12/site-packages/airflow/example_dags/tutorial.py
[2024-09-24T15:49:52.128+0000] {logging_mixin.py:188} INFO - [2024-09-24T15:49:52.127+0000] {dag.py:3096} INFO - Sync 1 DAGs
[2024-09-24T15:49:52.152+0000] {logging_mixin.py:188} INFO - [2024-09-24T15:49:52.152+0000] {dag.py:3954} INFO - Setting next_dagrun for tutorial to 2024-09-23 00:00:00+00:00, run_after=2024-09-24 00:00:00+00:00
[2024-09-24T15:49:52.174+0000] {processor.py:183} INFO - Processing /home/airflow/.local/lib/python3.12/site-packages/airflow/example_dags/tutorial.py took 0.086 seconds
[2024-09-24T15:50:22.705+0000] {processor.py:161} INFO - Started process (PID=1177) to work on /home/airflow/.local/lib/python3.12/site-packages/airflow/example_dags/tutorial.py
[2024-09-24T15:50:22.707+0000] {processor.py:830} INFO - Processing file /home/airflow/.local/lib/python3.12/site-packages/airflow/example_dags/tutorial.py for tasks to queue
[2024-09-24T15:50:22.709+0000] {logging_mixin.py:188} INFO - [2024-09-24T15:50:22.709+0000] {dagbag.py:545} INFO - Filling up the DagBag from /home/airflow/.local/lib/python3.12/site-packages/airflow/example_dags/tutorial.py
[2024-09-24T15:50:22.718+0000] {processor.py:840} INFO - DAG(s) 'tutorial' retrieved from /home/airflow/.local/lib/python3.12/site-packages/airflow/example_dags/tutorial.py
[2024-09-24T15:50:22.742+0000] {logging_mixin.py:188} INFO - [2024-09-24T15:50:22.742+0000] {dag.py:3096} INFO - Sync 1 DAGs
[2024-09-24T15:50:22.772+0000] {logging_mixin.py:188} INFO - [2024-09-24T15:50:22.771+0000] {dag.py:3954} INFO - Setting next_dagrun for tutorial to 2024-09-23 00:00:00+00:00, run_after=2024-09-24 00:00:00+00:00
[2024-09-24T15:50:22.795+0000] {processor.py:183} INFO - Processing /home/airflow/.local/lib/python3.12/site-packages/airflow/example_dags/tutorial.py took 0.099 seconds
[2024-09-24T15:50:53.758+0000] {processor.py:161} INFO - Started process (PID=1236) to work on /home/airflow/.local/lib/python3.12/site-packages/airflow/example_dags/tutorial.py
[2024-09-24T15:50:53.760+0000] {processor.py:830} INFO - Processing file /home/airflow/.local/lib/python3.12/site-packages/airflow/example_dags/tutorial.py for tasks to queue
[2024-09-24T15:50:53.762+0000] {logging_mixin.py:188} INFO - [2024-09-24T15:50:53.762+0000] {dagbag.py:545} INFO - Filling up the DagBag from /home/airflow/.local/lib/python3.12/site-packages/airflow/example_dags/tutorial.py
[2024-09-24T15:50:53.769+0000] {processor.py:840} INFO - DAG(s) 'tutorial' retrieved from /home/airflow/.local/lib/python3.12/site-packages/airflow/example_dags/tutorial.py
[2024-09-24T15:50:53.791+0000] {logging_mixin.py:188} INFO - [2024-09-24T15:50:53.791+0000] {dag.py:3096} INFO - Sync 1 DAGs
[2024-09-24T15:50:53.817+0000] {logging_mixin.py:188} INFO - [2024-09-24T15:50:53.817+0000] {dag.py:3954} INFO - Setting next_dagrun for tutorial to 2024-09-23 00:00:00+00:00, run_after=2024-09-24 00:00:00+00:00
[2024-09-24T15:50:53.843+0000] {processor.py:183} INFO - Processing /home/airflow/.local/lib/python3.12/site-packages/airflow/example_dags/tutorial.py took 0.090 seconds
[2024-09-24T15:51:24.290+0000] {processor.py:161} INFO - Started process (PID=1294) to work on /home/airflow/.local/lib/python3.12/site-packages/airflow/example_dags/tutorial.py
[2024-09-24T15:51:24.291+0000] {processor.py:830} INFO - Processing file /home/airflow/.local/lib/python3.12/site-packages/airflow/example_dags/tutorial.py for tasks to queue
[2024-09-24T15:51:24.294+0000] {logging_mixin.py:188} INFO - [2024-09-24T15:51:24.293+0000] {dagbag.py:545} INFO - Filling up the DagBag from /home/airflow/.local/lib/python3.12/site-packages/airflow/example_dags/tutorial.py
[2024-09-24T15:51:24.300+0000] {processor.py:840} INFO - DAG(s) 'tutorial' retrieved from /home/airflow/.local/lib/python3.12/site-packages/airflow/example_dags/tutorial.py
[2024-09-24T15:51:24.321+0000] {logging_mixin.py:188} INFO - [2024-09-24T15:51:24.321+0000] {dag.py:3096} INFO - Sync 1 DAGs
[2024-09-24T15:51:24.346+0000] {logging_mixin.py:188} INFO - [2024-09-24T15:51:24.346+0000] {dag.py:3954} INFO - Setting next_dagrun for tutorial to 2024-09-23 00:00:00+00:00, run_after=2024-09-24 00:00:00+00:00
[2024-09-24T15:51:24.371+0000] {processor.py:183} INFO - Processing /home/airflow/.local/lib/python3.12/site-packages/airflow/example_dags/tutorial.py took 0.086 seconds
[2024-09-24T15:51:54.815+0000] {processor.py:161} INFO - Started process (PID=1352) to work on /home/airflow/.local/lib/python3.12/site-packages/airflow/example_dags/tutorial.py
[2024-09-24T15:51:54.816+0000] {processor.py:830} INFO - Processing file /home/airflow/.local/lib/python3.12/site-packages/airflow/example_dags/tutorial.py for tasks to queue
[2024-09-24T15:51:54.818+0000] {logging_mixin.py:188} INFO - [2024-09-24T15:51:54.818+0000] {dagbag.py:545} INFO - Filling up the DagBag from /home/airflow/.local/lib/python3.12/site-packages/airflow/example_dags/tutorial.py
[2024-09-24T15:51:54.825+0000] {processor.py:840} INFO - DAG(s) 'tutorial' retrieved from /home/airflow/.local/lib/python3.12/site-packages/airflow/example_dags/tutorial.py
[2024-09-24T15:51:54.847+0000] {logging_mixin.py:188} INFO - [2024-09-24T15:51:54.847+0000] {dag.py:3096} INFO - Sync 1 DAGs
[2024-09-24T15:51:54.874+0000] {logging_mixin.py:188} INFO - [2024-09-24T15:51:54.874+0000] {dag.py:3954} INFO - Setting next_dagrun for tutorial to 2024-09-23 00:00:00+00:00, run_after=2024-09-24 00:00:00+00:00
[2024-09-24T15:51:54.898+0000] {processor.py:183} INFO - Processing /home/airflow/.local/lib/python3.12/site-packages/airflow/example_dags/tutorial.py took 0.090 seconds
[2024-09-24T15:52:25.027+0000] {processor.py:161} INFO - Started process (PID=1410) to work on /home/airflow/.local/lib/python3.12/site-packages/airflow/example_dags/tutorial.py
[2024-09-24T15:52:25.028+0000] {processor.py:830} INFO - Processing file /home/airflow/.local/lib/python3.12/site-packages/airflow/example_dags/tutorial.py for tasks to queue
[2024-09-24T15:52:25.030+0000] {logging_mixin.py:188} INFO - [2024-09-24T15:52:25.030+0000] {dagbag.py:545} INFO - Filling up the DagBag from /home/airflow/.local/lib/python3.12/site-packages/airflow/example_dags/tutorial.py
[2024-09-24T15:52:25.036+0000] {processor.py:840} INFO - DAG(s) 'tutorial' retrieved from /home/airflow/.local/lib/python3.12/site-packages/airflow/example_dags/tutorial.py
[2024-09-24T15:52:25.056+0000] {logging_mixin.py:188} INFO - [2024-09-24T15:52:25.056+0000] {dag.py:3096} INFO - Sync 1 DAGs
[2024-09-24T15:52:25.078+0000] {logging_mixin.py:188} INFO - [2024-09-24T15:52:25.077+0000] {dag.py:3954} INFO - Setting next_dagrun for tutorial to 2024-09-23 00:00:00+00:00, run_after=2024-09-24 00:00:00+00:00
[2024-09-24T15:52:25.096+0000] {processor.py:183} INFO - Processing /home/airflow/.local/lib/python3.12/site-packages/airflow/example_dags/tutorial.py took 0.075 seconds
[2024-09-24T15:52:55.448+0000] {processor.py:161} INFO - Started process (PID=1468) to work on /home/airflow/.local/lib/python3.12/site-packages/airflow/example_dags/tutorial.py
[2024-09-24T15:52:55.449+0000] {processor.py:830} INFO - Processing file /home/airflow/.local/lib/python3.12/site-packages/airflow/example_dags/tutorial.py for tasks to queue
[2024-09-24T15:52:55.454+0000] {logging_mixin.py:188} INFO - [2024-09-24T15:52:55.454+0000] {dagbag.py:545} INFO - Filling up the DagBag from /home/airflow/.local/lib/python3.12/site-packages/airflow/example_dags/tutorial.py
[2024-09-24T15:52:55.467+0000] {processor.py:840} INFO - DAG(s) 'tutorial' retrieved from /home/airflow/.local/lib/python3.12/site-packages/airflow/example_dags/tutorial.py
[2024-09-24T15:52:55.500+0000] {logging_mixin.py:188} INFO - [2024-09-24T15:52:55.500+0000] {dag.py:3096} INFO - Sync 1 DAGs
[2024-09-24T15:52:55.538+0000] {logging_mixin.py:188} INFO - [2024-09-24T15:52:55.537+0000] {dag.py:3954} INFO - Setting next_dagrun for tutorial to 2024-09-23 00:00:00+00:00, run_after=2024-09-24 00:00:00+00:00
[2024-09-24T15:52:55.568+0000] {processor.py:183} INFO - Processing /home/airflow/.local/lib/python3.12/site-packages/airflow/example_dags/tutorial.py took 0.134 seconds
[2024-09-24T15:53:26.221+0000] {processor.py:161} INFO - Started process (PID=1526) to work on /home/airflow/.local/lib/python3.12/site-packages/airflow/example_dags/tutorial.py
[2024-09-24T15:53:26.223+0000] {processor.py:830} INFO - Processing file /home/airflow/.local/lib/python3.12/site-packages/airflow/example_dags/tutorial.py for tasks to queue
[2024-09-24T15:53:26.226+0000] {logging_mixin.py:188} INFO - [2024-09-24T15:53:26.226+0000] {dagbag.py:545} INFO - Filling up the DagBag from /home/airflow/.local/lib/python3.12/site-packages/airflow/example_dags/tutorial.py
[2024-09-24T15:53:26.235+0000] {processor.py:840} INFO - DAG(s) 'tutorial' retrieved from /home/airflow/.local/lib/python3.12/site-packages/airflow/example_dags/tutorial.py
[2024-09-24T15:53:26.260+0000] {logging_mixin.py:188} INFO - [2024-09-24T15:53:26.260+0000] {dag.py:3096} INFO - Sync 1 DAGs
[2024-09-24T15:53:26.285+0000] {logging_mixin.py:188} INFO - [2024-09-24T15:53:26.285+0000] {dag.py:3954} INFO - Setting next_dagrun for tutorial to 2024-09-23 00:00:00+00:00, run_after=2024-09-24 00:00:00+00:00
[2024-09-24T15:53:26.307+0000] {processor.py:183} INFO - Processing /home/airflow/.local/lib/python3.12/site-packages/airflow/example_dags/tutorial.py took 0.093 seconds
