[2024-09-29T17:32:17.409+0000] {local_task_job_runner.py:120} INFO - ::group::Pre task execution logs
[2024-09-29T17:32:17.452+0000] {taskinstance.py:2076} INFO - Dependencies all met for dep_context=non-requeueable deps ti=<TaskInstance: intialization_database.merge_transform_all_sources manual__2024-09-29T17:31:50.659543+00:00 [queued]>
[2024-09-29T17:32:17.466+0000] {taskinstance.py:2076} INFO - Dependencies all met for dep_context=requeueable deps ti=<TaskInstance: intialization_database.merge_transform_all_sources manual__2024-09-29T17:31:50.659543+00:00 [queued]>
[2024-09-29T17:32:17.467+0000] {taskinstance.py:2306} INFO - Starting attempt 1 of 2
[2024-09-29T17:32:17.489+0000] {taskinstance.py:2330} INFO - Executing <Task(PythonOperator): merge_transform_all_sources> on 2024-09-29 17:31:50.659543+00:00
[2024-09-29T17:32:17.499+0000] {warnings.py:112} WARNING - /home/***/.local/lib/python3.12/site-packages/***/task/task_runner/standard_task_runner.py:61: DeprecationWarning: This process (pid=5379) is multi-threaded, use of fork() may lead to deadlocks in the child.
  pid = os.fork()

[2024-09-29T17:32:17.504+0000] {standard_task_runner.py:63} INFO - Started process 5381 to run task
[2024-09-29T17:32:17.505+0000] {standard_task_runner.py:90} INFO - Running: ['***', 'tasks', 'run', 'intialization_database', 'merge_transform_all_sources', 'manual__2024-09-29T17:31:50.659543+00:00', '--job-id', '2872', '--raw', '--subdir', 'DAGS_FOLDER/initialization.py', '--cfg-path', '/tmp/tmp_ahbxfeq']
[2024-09-29T17:32:17.507+0000] {standard_task_runner.py:91} INFO - Job 2872: Subtask merge_transform_all_sources
[2024-09-29T17:32:17.588+0000] {task_command.py:426} INFO - Running <TaskInstance: intialization_database.merge_transform_all_sources manual__2024-09-29T17:31:50.659543+00:00 [running]> on host e78fe06b6548
[2024-09-29T17:32:17.712+0000] {taskinstance.py:2648} INFO - Exporting env vars: AIRFLOW_CTX_DAG_OWNER='***' AIRFLOW_CTX_DAG_ID='intialization_database' AIRFLOW_CTX_TASK_ID='merge_transform_all_sources' AIRFLOW_CTX_EXECUTION_DATE='2024-09-29T17:31:50.659543+00:00' AIRFLOW_CTX_TRY_NUMBER='1' AIRFLOW_CTX_DAG_RUN_ID='manual__2024-09-29T17:31:50.659543+00:00'
[2024-09-29T17:32:17.714+0000] {taskinstance.py:430} INFO - ::endgroup::
[2024-09-29T17:32:23.471+0000] {python.py:237} INFO - Done. Returned value was: None
[2024-09-29T17:32:23.472+0000] {taskinstance.py:441} INFO - ::group::Post task execution logs
[2024-09-29T17:32:23.487+0000] {taskinstance.py:1206} INFO - Marking task as SUCCESS. dag_id=intialization_database, task_id=merge_transform_all_sources, run_id=manual__2024-09-29T17:31:50.659543+00:00, execution_date=20240929T173150, start_date=20240929T173217, end_date=20240929T173223
[2024-09-29T17:32:23.545+0000] {local_task_job_runner.py:240} INFO - Task exited with return code 0
[2024-09-29T17:32:23.557+0000] {warnings.py:112} WARNING - /home/***/.local/lib/python3.12/site-packages/***/models/baseoperator.py:1297: AirflowProviderDeprecationWarning: Call to deprecated class PostgresOperator. (Please use `***.providers.common.sql.operators.sql.SQLExecuteQueryOperator`.Also, you can provide `hook_params={'schema': <database>}`.)
  result = cls.__new__(cls)

[2024-09-29T17:32:23.585+0000] {taskinstance.py:3503} INFO - 1 downstream tasks scheduled from follow-on schedule check
[2024-09-29T17:32:23.589+0000] {local_task_job_runner.py:222} INFO - ::endgroup::
