[2024-10-03T11:16:09.773+0000] {local_task_job_runner.py:120} INFO - ::group::Pre task execution logs
[2024-10-03T11:16:09.832+0000] {taskinstance.py:2076} INFO - Dependencies all met for dep_context=non-requeueable deps ti=<TaskInstance: intialization_database.merge_transform_sofascore manual__2024-10-03T11:10:39.479630+00:00 [queued]>
[2024-10-03T11:16:09.849+0000] {taskinstance.py:2076} INFO - Dependencies all met for dep_context=requeueable deps ti=<TaskInstance: intialization_database.merge_transform_sofascore manual__2024-10-03T11:10:39.479630+00:00 [queued]>
[2024-10-03T11:16:09.850+0000] {taskinstance.py:2306} INFO - Starting attempt 1 of 2
[2024-10-03T11:16:09.886+0000] {taskinstance.py:2330} INFO - Executing <Task(PythonOperator): merge_transform_sofascore> on 2024-10-03 11:10:39.479630+00:00
[2024-10-03T11:16:09.903+0000] {warnings.py:112} WARNING - /home/***/.local/lib/python3.12/site-packages/***/task/task_runner/standard_task_runner.py:61: DeprecationWarning: This process (pid=136) is multi-threaded, use of fork() may lead to deadlocks in the child.
  pid = os.fork()

[2024-10-03T11:16:09.904+0000] {standard_task_runner.py:90} INFO - Running: ['***', 'tasks', 'run', 'intialization_database', 'merge_transform_sofascore', 'manual__2024-10-03T11:10:39.479630+00:00', '--job-id', '3712', '--raw', '--subdir', 'DAGS_FOLDER/initialization.py', '--cfg-path', '/tmp/tmp_4jrdttj']
[2024-10-03T11:16:09.906+0000] {standard_task_runner.py:63} INFO - Started process 138 to run task
[2024-10-03T11:16:09.907+0000] {standard_task_runner.py:91} INFO - Job 3712: Subtask merge_transform_sofascore
[2024-10-03T11:16:10.000+0000] {task_command.py:426} INFO - Running <TaskInstance: intialization_database.merge_transform_sofascore manual__2024-10-03T11:10:39.479630+00:00 [running]> on host 7d10ea254acc
[2024-10-03T11:16:10.157+0000] {taskinstance.py:2648} INFO - Exporting env vars: AIRFLOW_CTX_DAG_OWNER='***' AIRFLOW_CTX_DAG_ID='intialization_database' AIRFLOW_CTX_TASK_ID='merge_transform_sofascore' AIRFLOW_CTX_EXECUTION_DATE='2024-10-03T11:10:39.479630+00:00' AIRFLOW_CTX_TRY_NUMBER='1' AIRFLOW_CTX_DAG_RUN_ID='manual__2024-10-03T11:10:39.479630+00:00'
[2024-10-03T11:16:10.159+0000] {taskinstance.py:430} INFO - ::endgroup::
[2024-10-03T11:16:23.672+0000] {warnings.py:112} WARNING - /opt/***/dags/helpers_initialization_dag/helpers_sofascore_merging_transforming_csvs_fl.py:38: FutureWarning: DataFrame.applymap has been deprecated. Use DataFrame.map instead.
  dataframe = dataframe.applymap(lambda x: x.strip() if isinstance(x, str) else x)

[2024-10-03T11:16:29.291+0000] {python.py:237} INFO - Done. Returned value was: None
[2024-10-03T11:16:29.292+0000] {taskinstance.py:441} INFO - ::group::Post task execution logs
[2024-10-03T11:16:29.308+0000] {taskinstance.py:1206} INFO - Marking task as SUCCESS. dag_id=intialization_database, task_id=merge_transform_sofascore, run_id=manual__2024-10-03T11:10:39.479630+00:00, execution_date=20241003T111039, start_date=20241003T111609, end_date=20241003T111629
[2024-10-03T11:16:29.424+0000] {local_task_job_runner.py:240} INFO - Task exited with return code 0
[2024-10-03T11:16:29.436+0000] {warnings.py:112} WARNING - /home/***/.local/lib/python3.12/site-packages/***/models/baseoperator.py:1297: AirflowProviderDeprecationWarning: Call to deprecated class PostgresOperator. (Please use `***.providers.common.sql.operators.sql.SQLExecuteQueryOperator`.Also, you can provide `hook_params={'schema': <database>}`.)
  result = cls.__new__(cls)

[2024-10-03T11:16:29.467+0000] {taskinstance.py:3503} INFO - 1 downstream tasks scheduled from follow-on schedule check
[2024-10-03T11:16:29.469+0000] {local_task_job_runner.py:222} INFO - ::endgroup::
