[2024-10-02T13:21:02.128+0000] {local_task_job_runner.py:120} INFO - ::group::Pre task execution logs
[2024-10-02T13:21:02.159+0000] {taskinstance.py:2076} INFO - Dependencies all met for dep_context=non-requeueable deps ti=<TaskInstance: intialization_database.create_database_football_scotland manual__2024-10-02T13:20:21.277733+00:00 [queued]>
[2024-10-02T13:21:02.169+0000] {taskinstance.py:2076} INFO - Dependencies all met for dep_context=requeueable deps ti=<TaskInstance: intialization_database.create_database_football_scotland manual__2024-10-02T13:20:21.277733+00:00 [queued]>
[2024-10-02T13:21:02.171+0000] {taskinstance.py:2306} INFO - Starting attempt 1 of 2
[2024-10-02T13:21:02.187+0000] {taskinstance.py:2330} INFO - Executing <Task(PostgresOperator): create_database_football_scotland> on 2024-10-02 13:20:21.277733+00:00
[2024-10-02T13:21:02.195+0000] {warnings.py:112} WARNING - /home/***/.local/lib/python3.12/site-packages/***/task/task_runner/standard_task_runner.py:61: DeprecationWarning: This process (pid=4816) is multi-threaded, use of fork() may lead to deadlocks in the child.
  pid = os.fork()

[2024-10-02T13:21:02.197+0000] {standard_task_runner.py:63} INFO - Started process 4818 to run task
[2024-10-02T13:21:02.197+0000] {standard_task_runner.py:90} INFO - Running: ['***', 'tasks', 'run', 'intialization_database', 'create_database_football_scotland', 'manual__2024-10-02T13:20:21.277733+00:00', '--job-id', '3351', '--raw', '--subdir', 'DAGS_FOLDER/initialization.py', '--cfg-path', '/tmp/tmp_l_sjxox']
[2024-10-02T13:21:02.199+0000] {standard_task_runner.py:91} INFO - Job 3351: Subtask create_database_football_scotland
[2024-10-02T13:21:02.256+0000] {task_command.py:426} INFO - Running <TaskInstance: intialization_database.create_database_football_scotland manual__2024-10-02T13:20:21.277733+00:00 [running]> on host 6dc69f1b4d8f
[2024-10-02T13:21:02.396+0000] {taskinstance.py:2648} INFO - Exporting env vars: AIRFLOW_CTX_DAG_OWNER='***' AIRFLOW_CTX_DAG_ID='intialization_database' AIRFLOW_CTX_TASK_ID='create_database_football_scotland' AIRFLOW_CTX_EXECUTION_DATE='2024-10-02T13:20:21.277733+00:00' AIRFLOW_CTX_TRY_NUMBER='1' AIRFLOW_CTX_DAG_RUN_ID='manual__2024-10-02T13:20:21.277733+00:00'
[2024-10-02T13:21:02.397+0000] {taskinstance.py:430} INFO - ::endgroup::
[2024-10-02T13:21:02.398+0000] {sql.py:276} INFO - Executing: -- SQL script to create a database and schema
CREATE DATABASE football_scotland;

[2024-10-02T13:21:02.408+0000] {base.py:84} INFO - Using connection ID 'football_***_connection' for task execution.
[2024-10-02T13:21:02.419+0000] {base.py:84} INFO - Using connection ID 'football_***_connection' for task execution.
[2024-10-02T13:21:02.424+0000] {sql.py:487} INFO - Running statement: -- SQL script to create a database and schema
CREATE DATABASE football_scotland;
, parameters: None
[2024-10-02T13:21:02.515+0000] {taskinstance.py:441} INFO - ::group::Post task execution logs
[2024-10-02T13:21:02.528+0000] {taskinstance.py:1206} INFO - Marking task as SUCCESS. dag_id=intialization_database, task_id=create_database_football_scotland, run_id=manual__2024-10-02T13:20:21.277733+00:00, execution_date=20241002T132021, start_date=20241002T132102, end_date=20241002T132102
[2024-10-02T13:21:02.573+0000] {local_task_job_runner.py:240} INFO - Task exited with return code 0
[2024-10-02T13:21:02.591+0000] {warnings.py:112} WARNING - /home/***/.local/lib/python3.12/site-packages/***/models/baseoperator.py:1297: AirflowProviderDeprecationWarning: Call to deprecated class PostgresOperator. (Please use `***.providers.common.sql.operators.sql.SQLExecuteQueryOperator`.Also, you can provide `hook_params={'schema': <database>}`.)
  result = cls.__new__(cls)

[2024-10-02T13:21:02.620+0000] {taskinstance.py:3503} INFO - 0 downstream tasks scheduled from follow-on schedule check
[2024-10-02T13:21:02.626+0000] {local_task_job_runner.py:222} INFO - ::endgroup::
