[2024-09-29T12:20:50.499+0000] {local_task_job_runner.py:120} INFO - ::group::Pre task execution logs
[2024-09-29T12:20:50.566+0000] {taskinstance.py:2076} INFO - Dependencies all met for dep_context=non-requeueable deps ti=<TaskInstance: intialization_database.merge_transform_fbref_only_match_reports manual__2024-09-29T12:20:40.532258+00:00 [queued]>
[2024-09-29T12:20:50.582+0000] {taskinstance.py:2076} INFO - Dependencies all met for dep_context=requeueable deps ti=<TaskInstance: intialization_database.merge_transform_fbref_only_match_reports manual__2024-09-29T12:20:40.532258+00:00 [queued]>
[2024-09-29T12:20:50.585+0000] {taskinstance.py:2306} INFO - Starting attempt 1 of 2
[2024-09-29T12:20:50.610+0000] {taskinstance.py:2330} INFO - Executing <Task(PythonOperator): merge_transform_fbref_only_match_reports> on 2024-09-29 12:20:40.532258+00:00
[2024-09-29T12:20:50.635+0000] {warnings.py:112} WARNING - /home/***/.local/lib/python3.12/site-packages/***/task/task_runner/standard_task_runner.py:61: DeprecationWarning: This process (pid=1197) is multi-threaded, use of fork() may lead to deadlocks in the child.
  pid = os.fork()

[2024-09-29T12:20:50.643+0000] {standard_task_runner.py:63} INFO - Started process 1199 to run task
[2024-09-29T12:20:50.643+0000] {standard_task_runner.py:90} INFO - Running: ['***', 'tasks', 'run', 'intialization_database', 'merge_transform_fbref_only_match_reports', 'manual__2024-09-29T12:20:40.532258+00:00', '--job-id', '2807', '--raw', '--subdir', 'DAGS_FOLDER/initialization.py', '--cfg-path', '/tmp/tmpap6kgcyo']
[2024-09-29T12:20:50.645+0000] {standard_task_runner.py:91} INFO - Job 2807: Subtask merge_transform_fbref_only_match_reports
[2024-09-29T12:20:50.713+0000] {task_command.py:426} INFO - Running <TaskInstance: intialization_database.merge_transform_fbref_only_match_reports manual__2024-09-29T12:20:40.532258+00:00 [running]> on host e78fe06b6548
[2024-09-29T12:20:50.834+0000] {taskinstance.py:2648} INFO - Exporting env vars: AIRFLOW_CTX_DAG_OWNER='***' AIRFLOW_CTX_DAG_ID='intialization_database' AIRFLOW_CTX_TASK_ID='merge_transform_fbref_only_match_reports' AIRFLOW_CTX_EXECUTION_DATE='2024-09-29T12:20:40.532258+00:00' AIRFLOW_CTX_TRY_NUMBER='1' AIRFLOW_CTX_DAG_RUN_ID='manual__2024-09-29T12:20:40.532258+00:00'
[2024-09-29T12:20:50.836+0000] {taskinstance.py:430} INFO - ::endgroup::
[2024-09-29T12:20:51.183+0000] {warnings.py:112} WARNING - /opt/***/dags/helpers_initialization_dag/fbref_only_match_reports_merging_transforming_csvs_fl.py:37: FutureWarning: DataFrame.applymap has been deprecated. Use DataFrame.map instead.
  fbref_match_reports_merged_df = fbref_match_reports_merged_df.applymap(lambda x: x.strip() if isinstance(x, str) else x)

[2024-09-29T12:20:51.742+0000] {python.py:237} INFO - Done. Returned value was: None
[2024-09-29T12:20:51.742+0000] {taskinstance.py:441} INFO - ::group::Post task execution logs
[2024-09-29T12:20:51.751+0000] {taskinstance.py:1206} INFO - Marking task as SUCCESS. dag_id=intialization_database, task_id=merge_transform_fbref_only_match_reports, run_id=manual__2024-09-29T12:20:40.532258+00:00, execution_date=20240929T122040, start_date=20240929T122050, end_date=20240929T122051
[2024-09-29T12:20:51.781+0000] {local_task_job_runner.py:240} INFO - Task exited with return code 0
[2024-09-29T12:20:51.808+0000] {taskinstance.py:3503} INFO - 1 downstream tasks scheduled from follow-on schedule check
[2024-09-29T12:20:51.810+0000] {local_task_job_runner.py:222} INFO - ::endgroup::
