[2024-10-02T18:51:14.682+0000] {local_task_job_runner.py:120} INFO - ::group::Pre task execution logs
[2024-10-02T18:51:14.728+0000] {taskinstance.py:2076} INFO - Dependencies all met for dep_context=non-requeueable deps ti=<TaskInstance: intialization_database.merge_transform_fbref_only_match_reports manual__2024-10-02T18:51:00.605482+00:00 [queued]>
[2024-10-02T18:51:14.745+0000] {taskinstance.py:2076} INFO - Dependencies all met for dep_context=requeueable deps ti=<TaskInstance: intialization_database.merge_transform_fbref_only_match_reports manual__2024-10-02T18:51:00.605482+00:00 [queued]>
[2024-10-02T18:51:14.746+0000] {taskinstance.py:2306} INFO - Starting attempt 1 of 2
[2024-10-02T18:51:14.768+0000] {taskinstance.py:2330} INFO - Executing <Task(PythonOperator): merge_transform_fbref_only_match_reports> on 2024-10-02 18:51:00.605482+00:00
[2024-10-02T18:51:14.778+0000] {warnings.py:112} WARNING - /home/***/.local/lib/python3.12/site-packages/***/task/task_runner/standard_task_runner.py:61: DeprecationWarning: This process (pid=9174) is multi-threaded, use of fork() may lead to deadlocks in the child.
  pid = os.fork()

[2024-10-02T18:51:14.781+0000] {standard_task_runner.py:63} INFO - Started process 9176 to run task
[2024-10-02T18:51:14.781+0000] {standard_task_runner.py:90} INFO - Running: ['***', 'tasks', 'run', 'intialization_database', 'merge_transform_fbref_only_match_reports', 'manual__2024-10-02T18:51:00.605482+00:00', '--job-id', '3411', '--raw', '--subdir', 'DAGS_FOLDER/initialization.py', '--cfg-path', '/tmp/tmpow_oda14']
[2024-10-02T18:51:14.783+0000] {standard_task_runner.py:91} INFO - Job 3411: Subtask merge_transform_fbref_only_match_reports
[2024-10-02T18:51:14.840+0000] {task_command.py:426} INFO - Running <TaskInstance: intialization_database.merge_transform_fbref_only_match_reports manual__2024-10-02T18:51:00.605482+00:00 [running]> on host 6dc69f1b4d8f
[2024-10-02T18:51:14.954+0000] {taskinstance.py:2648} INFO - Exporting env vars: AIRFLOW_CTX_DAG_OWNER='***' AIRFLOW_CTX_DAG_ID='intialization_database' AIRFLOW_CTX_TASK_ID='merge_transform_fbref_only_match_reports' AIRFLOW_CTX_EXECUTION_DATE='2024-10-02T18:51:00.605482+00:00' AIRFLOW_CTX_TRY_NUMBER='1' AIRFLOW_CTX_DAG_RUN_ID='manual__2024-10-02T18:51:00.605482+00:00'
[2024-10-02T18:51:14.956+0000] {taskinstance.py:430} INFO - ::endgroup::
[2024-10-02T18:51:15.253+0000] {warnings.py:112} WARNING - /opt/***/dags/helpers_initialization_dag/fbref_only_match_reports_merging_transforming_csvs_fl.py:37: FutureWarning: DataFrame.applymap has been deprecated. Use DataFrame.map instead.
  fbref_match_reports_merged_df = fbref_match_reports_merged_df.applymap(lambda x: x.strip() if isinstance(x, str) else x)

[2024-10-02T18:51:16.031+0000] {python.py:237} INFO - Done. Returned value was: None
[2024-10-02T18:51:16.032+0000] {taskinstance.py:441} INFO - ::group::Post task execution logs
[2024-10-02T18:51:16.045+0000] {taskinstance.py:1206} INFO - Marking task as SUCCESS. dag_id=intialization_database, task_id=merge_transform_fbref_only_match_reports, run_id=manual__2024-10-02T18:51:00.605482+00:00, execution_date=20241002T185100, start_date=20241002T185114, end_date=20241002T185116
[2024-10-02T18:51:16.080+0000] {local_task_job_runner.py:240} INFO - Task exited with return code 0
[2024-10-02T18:51:16.096+0000] {warnings.py:112} WARNING - /home/***/.local/lib/python3.12/site-packages/***/models/baseoperator.py:1297: AirflowProviderDeprecationWarning: Call to deprecated class PostgresOperator. (Please use `***.providers.common.sql.operators.sql.SQLExecuteQueryOperator`.Also, you can provide `hook_params={'schema': <database>}`.)
  result = cls.__new__(cls)

[2024-10-02T18:51:16.132+0000] {taskinstance.py:3503} INFO - 1 downstream tasks scheduled from follow-on schedule check
[2024-10-02T18:51:16.134+0000] {local_task_job_runner.py:222} INFO - ::endgroup::
