[2024-10-01T12:23:22.957+0000] {local_task_job_runner.py:120} INFO - ::group::Pre task execution logs
[2024-10-01T12:23:22.985+0000] {taskinstance.py:2076} INFO - Dependencies all met for dep_context=non-requeueable deps ti=<TaskInstance: intialization_database.create_schema_in_football_scotland manual__2024-10-01T12:22:36.785156+00:00 [queued]>
[2024-10-01T12:23:22.995+0000] {taskinstance.py:2076} INFO - Dependencies all met for dep_context=requeueable deps ti=<TaskInstance: intialization_database.create_schema_in_football_scotland manual__2024-10-01T12:22:36.785156+00:00 [queued]>
[2024-10-01T12:23:22.996+0000] {taskinstance.py:2306} INFO - Starting attempt 1 of 2
[2024-10-01T12:23:23.013+0000] {taskinstance.py:2330} INFO - Executing <Task(PostgresOperator): create_schema_in_football_scotland> on 2024-10-01 12:22:36.785156+00:00
[2024-10-01T12:23:23.022+0000] {warnings.py:112} WARNING - /home/***/.local/lib/python3.12/site-packages/***/task/task_runner/standard_task_runner.py:61: DeprecationWarning: This process (pid=1619) is multi-threaded, use of fork() may lead to deadlocks in the child.
  pid = os.fork()

[2024-10-01T12:23:23.024+0000] {standard_task_runner.py:63} INFO - Started process 1621 to run task
[2024-10-01T12:23:23.024+0000] {standard_task_runner.py:90} INFO - Running: ['***', 'tasks', 'run', 'intialization_database', 'create_schema_in_football_scotland', 'manual__2024-10-01T12:22:36.785156+00:00', '--job-id', '2969', '--raw', '--subdir', 'DAGS_FOLDER/initialization.py', '--cfg-path', '/tmp/tmpfuzr1szo']
[2024-10-01T12:23:23.025+0000] {standard_task_runner.py:91} INFO - Job 2969: Subtask create_schema_in_football_scotland
[2024-10-01T12:23:23.093+0000] {task_command.py:426} INFO - Running <TaskInstance: intialization_database.create_schema_in_football_scotland manual__2024-10-01T12:22:36.785156+00:00 [running]> on host f8103d9b7858
[2024-10-01T12:23:23.236+0000] {taskinstance.py:2648} INFO - Exporting env vars: AIRFLOW_CTX_DAG_OWNER='***' AIRFLOW_CTX_DAG_ID='intialization_database' AIRFLOW_CTX_TASK_ID='create_schema_in_football_scotland' AIRFLOW_CTX_EXECUTION_DATE='2024-10-01T12:22:36.785156+00:00' AIRFLOW_CTX_TRY_NUMBER='1' AIRFLOW_CTX_DAG_RUN_ID='manual__2024-10-01T12:22:36.785156+00:00'
[2024-10-01T12:23:23.239+0000] {taskinstance.py:430} INFO - ::endgroup::
[2024-10-01T12:23:23.241+0000] {sql.py:276} INFO - Executing: 
        CREATE SCHEMA IF NOT EXISTS scottish_premiership;
    
[2024-10-01T12:23:23.255+0000] {base.py:84} INFO - Using connection ID 'football_scotland_connection' for task execution.
[2024-10-01T12:23:23.272+0000] {base.py:84} INFO - Using connection ID 'football_scotland_connection' for task execution.
[2024-10-01T12:23:23.284+0000] {sql.py:487} INFO - Running statement: 
        CREATE SCHEMA IF NOT EXISTS scottish_premiership;
    , parameters: None
[2024-10-01T12:23:23.288+0000] {taskinstance.py:441} INFO - ::group::Post task execution logs
[2024-10-01T12:23:23.304+0000] {taskinstance.py:1206} INFO - Marking task as SUCCESS. dag_id=intialization_database, task_id=create_schema_in_football_scotland, run_id=manual__2024-10-01T12:22:36.785156+00:00, execution_date=20241001T122236, start_date=20241001T122322, end_date=20241001T122323
[2024-10-01T12:23:23.359+0000] {local_task_job_runner.py:240} INFO - Task exited with return code 0
[2024-10-01T12:23:23.372+0000] {warnings.py:112} WARNING - /home/***/.local/lib/python3.12/site-packages/***/models/baseoperator.py:1297: AirflowProviderDeprecationWarning: Call to deprecated class PostgresOperator. (Please use `***.providers.common.sql.operators.sql.SQLExecuteQueryOperator`.Also, you can provide `hook_params={'schema': <database>}`.)
  result = cls.__new__(cls)

[2024-10-01T12:23:23.388+0000] {taskinstance.py:3503} INFO - 1 downstream tasks scheduled from follow-on schedule check
[2024-10-01T12:23:23.390+0000] {local_task_job_runner.py:222} INFO - ::endgroup::
