[2024-10-01T10:37:03.587+0000] {local_task_job_runner.py:120} INFO - ::group::Pre task execution logs
[2024-10-01T10:37:03.633+0000] {taskinstance.py:2076} INFO - Dependencies all met for dep_context=non-requeueable deps ti=<TaskInstance: intialization_database.merge_transform_football_data_task manual__2024-10-01T10:36:53.685680+00:00 [queued]>
[2024-10-01T10:37:03.653+0000] {taskinstance.py:2076} INFO - Dependencies all met for dep_context=requeueable deps ti=<TaskInstance: intialization_database.merge_transform_football_data_task manual__2024-10-01T10:36:53.685680+00:00 [queued]>
[2024-10-01T10:37:03.654+0000] {taskinstance.py:2306} INFO - Starting attempt 1 of 2
[2024-10-01T10:37:03.689+0000] {taskinstance.py:2330} INFO - Executing <Task(PythonOperator): merge_transform_football_data_task> on 2024-10-01 10:36:53.685680+00:00
[2024-10-01T10:37:03.705+0000] {warnings.py:112} WARNING - /home/***/.local/lib/python3.12/site-packages/***/task/task_runner/standard_task_runner.py:61: DeprecationWarning: This process (pid=93) is multi-threaded, use of fork() may lead to deadlocks in the child.
  pid = os.fork()

[2024-10-01T10:37:03.713+0000] {standard_task_runner.py:63} INFO - Started process 95 to run task
[2024-10-01T10:37:03.712+0000] {standard_task_runner.py:90} INFO - Running: ['***', 'tasks', 'run', 'intialization_database', 'merge_transform_football_data_task', 'manual__2024-10-01T10:36:53.685680+00:00', '--job-id', '2890', '--raw', '--subdir', 'DAGS_FOLDER/initialization.py', '--cfg-path', '/tmp/tmp3tmfz8hk']
[2024-10-01T10:37:03.719+0000] {standard_task_runner.py:91} INFO - Job 2890: Subtask merge_transform_football_data_task
[2024-10-01T10:37:03.816+0000] {task_command.py:426} INFO - Running <TaskInstance: intialization_database.merge_transform_football_data_task manual__2024-10-01T10:36:53.685680+00:00 [running]> on host f8103d9b7858
[2024-10-01T10:37:04.076+0000] {taskinstance.py:2648} INFO - Exporting env vars: AIRFLOW_CTX_DAG_OWNER='***' AIRFLOW_CTX_DAG_ID='intialization_database' AIRFLOW_CTX_TASK_ID='merge_transform_football_data_task' AIRFLOW_CTX_EXECUTION_DATE='2024-10-01T10:36:53.685680+00:00' AIRFLOW_CTX_TRY_NUMBER='1' AIRFLOW_CTX_DAG_RUN_ID='manual__2024-10-01T10:36:53.685680+00:00'
[2024-10-01T10:37:04.078+0000] {taskinstance.py:430} INFO - ::endgroup::
[2024-10-01T10:37:05.361+0000] {warnings.py:112} WARNING - /opt/***/dags/helpers_initialization_dag/football_data_merging_transforming_csvs_fl.py:94: SettingWithCopyWarning: 
A value is trying to be set on a copy of a slice from a DataFrame.
Try using .loc[row_indexer,col_indexer] = value instead

See the caveats in the documentation: https://pandas.pydata.org/pandas-docs/stable/user_guide/indexing.html#returning-a-view-versus-a-copy
  df_99_00_00['Date'] = df_99_00_00['Date'].apply(fix_date_format_after_nineties)

[2024-10-01T10:37:05.382+0000] {warnings.py:112} WARNING - /opt/***/dags/helpers_initialization_dag/football_data_merging_transforming_csvs_fl.py:99: SettingWithCopyWarning: 
A value is trying to be set on a copy of a slice from a DataFrame.
Try using .loc[row_indexer,col_indexer] = value instead

See the caveats in the documentation: https://pandas.pydata.org/pandas-docs/stable/user_guide/indexing.html#returning-a-view-versus-a-copy
  df_99_00_99['Date'] = df_99_00_99['Date'].apply(fix_date_format)

[2024-10-01T10:37:05.413+0000] {warnings.py:112} WARNING - /opt/***/dags/helpers_initialization_dag/football_data_merging_transforming_csvs_fl.py:113: FutureWarning: DataFrame.applymap has been deprecated. Use DataFrame.map instead.
  df_concatenated = df_concatenated.applymap(lambda x: x.strip() if isinstance(x, str) else x)

[2024-10-01T10:37:05.574+0000] {logging_mixin.py:188} INFO - File /opt/***/dags/csvs/first_load_csvs/football_data_csvs/df_99_00_00.csv has been deleted.
[2024-10-01T10:37:05.576+0000] {python.py:237} INFO - Done. Returned value was: None
[2024-10-01T10:37:05.576+0000] {taskinstance.py:441} INFO - ::group::Post task execution logs
[2024-10-01T10:37:05.586+0000] {taskinstance.py:1206} INFO - Marking task as SUCCESS. dag_id=intialization_database, task_id=merge_transform_football_data_task, run_id=manual__2024-10-01T10:36:53.685680+00:00, execution_date=20241001T103653, start_date=20241001T103703, end_date=20241001T103705
[2024-10-01T10:37:05.620+0000] {local_task_job_runner.py:240} INFO - Task exited with return code 0
[2024-10-01T10:37:05.635+0000] {warnings.py:112} WARNING - /home/***/.local/lib/python3.12/site-packages/***/models/baseoperator.py:1297: AirflowProviderDeprecationWarning: Call to deprecated class PostgresOperator. (Please use `***.providers.common.sql.operators.sql.SQLExecuteQueryOperator`.Also, you can provide `hook_params={'schema': <database>}`.)
  result = cls.__new__(cls)

[2024-10-01T10:37:05.664+0000] {taskinstance.py:3503} INFO - 1 downstream tasks scheduled from follow-on schedule check
[2024-10-01T10:37:05.667+0000] {local_task_job_runner.py:222} INFO - ::endgroup::
