[2024-10-02T12:55:26.263+0000] {local_task_job_runner.py:120} INFO - ::group::Pre task execution logs
[2024-10-02T12:55:26.296+0000] {taskinstance.py:2076} INFO - Dependencies all met for dep_context=non-requeueable deps ti=<TaskInstance: intialization_database.merge_transform_sofascore manual__2024-10-02T12:55:08.378341+00:00 [queued]>
[2024-10-02T12:55:26.308+0000] {taskinstance.py:2076} INFO - Dependencies all met for dep_context=requeueable deps ti=<TaskInstance: intialization_database.merge_transform_sofascore manual__2024-10-02T12:55:08.378341+00:00 [queued]>
[2024-10-02T12:55:26.309+0000] {taskinstance.py:2306} INFO - Starting attempt 1 of 2
[2024-10-02T12:55:26.327+0000] {taskinstance.py:2330} INFO - Executing <Task(PythonOperator): merge_transform_sofascore> on 2024-10-02 12:55:08.378341+00:00
[2024-10-02T12:55:26.337+0000] {warnings.py:112} WARNING - /home/***/.local/lib/python3.12/site-packages/***/task/task_runner/standard_task_runner.py:61: DeprecationWarning: This process (pid=4447) is multi-threaded, use of fork() may lead to deadlocks in the child.
  pid = os.fork()

[2024-10-02T12:55:26.339+0000] {standard_task_runner.py:63} INFO - Started process 4449 to run task
[2024-10-02T12:55:26.340+0000] {standard_task_runner.py:90} INFO - Running: ['***', 'tasks', 'run', 'intialization_database', 'merge_transform_sofascore', 'manual__2024-10-02T12:55:08.378341+00:00', '--job-id', '3334', '--raw', '--subdir', 'DAGS_FOLDER/initialization.py', '--cfg-path', '/tmp/tmpz1sq41x0']
[2024-10-02T12:55:26.342+0000] {standard_task_runner.py:91} INFO - Job 3334: Subtask merge_transform_sofascore
[2024-10-02T12:55:26.399+0000] {task_command.py:426} INFO - Running <TaskInstance: intialization_database.merge_transform_sofascore manual__2024-10-02T12:55:08.378341+00:00 [running]> on host 6dc69f1b4d8f
[2024-10-02T12:55:26.523+0000] {taskinstance.py:2648} INFO - Exporting env vars: AIRFLOW_CTX_DAG_OWNER='***' AIRFLOW_CTX_DAG_ID='intialization_database' AIRFLOW_CTX_TASK_ID='merge_transform_sofascore' AIRFLOW_CTX_EXECUTION_DATE='2024-10-02T12:55:08.378341+00:00' AIRFLOW_CTX_TRY_NUMBER='1' AIRFLOW_CTX_DAG_RUN_ID='manual__2024-10-02T12:55:08.378341+00:00'
[2024-10-02T12:55:26.525+0000] {taskinstance.py:430} INFO - ::endgroup::
[2024-10-02T12:55:33.759+0000] {warnings.py:112} WARNING - /opt/***/dags/helpers_initialization_dag/helpers_sofascore_merging_transforming_csvs_fl.py:38: FutureWarning: DataFrame.applymap has been deprecated. Use DataFrame.map instead.
  dataframe = dataframe.applymap(lambda x: x.strip() if isinstance(x, str) else x)

[2024-10-02T12:55:36.424+0000] {python.py:237} INFO - Done. Returned value was: None
[2024-10-02T12:55:36.425+0000] {taskinstance.py:441} INFO - ::group::Post task execution logs
[2024-10-02T12:55:36.436+0000] {taskinstance.py:1206} INFO - Marking task as SUCCESS. dag_id=intialization_database, task_id=merge_transform_sofascore, run_id=manual__2024-10-02T12:55:08.378341+00:00, execution_date=20241002T125508, start_date=20241002T125526, end_date=20241002T125536
[2024-10-02T12:55:36.503+0000] {local_task_job_runner.py:240} INFO - Task exited with return code 0
[2024-10-02T12:55:36.515+0000] {warnings.py:112} WARNING - /home/***/.local/lib/python3.12/site-packages/***/models/baseoperator.py:1297: AirflowProviderDeprecationWarning: Call to deprecated class PostgresOperator. (Please use `***.providers.common.sql.operators.sql.SQLExecuteQueryOperator`.Also, you can provide `hook_params={'schema': <database>}`.)
  result = cls.__new__(cls)

[2024-10-02T12:55:36.538+0000] {taskinstance.py:3503} INFO - 1 downstream tasks scheduled from follow-on schedule check
[2024-10-02T12:55:36.542+0000] {local_task_job_runner.py:222} INFO - ::endgroup::
