[2024-09-27T12:47:40.242+0000] {local_task_job_runner.py:120} INFO - ::group::Pre task execution logs
[2024-09-27T12:47:40.270+0000] {taskinstance.py:2076} INFO - Dependencies all met for dep_context=non-requeueable deps ti=<TaskInstance: intialization_database.merge_transform_sofascore manual__2024-09-27T12:42:19.276259+00:00 [queued]>
[2024-09-27T12:47:40.285+0000] {taskinstance.py:2076} INFO - Dependencies all met for dep_context=requeueable deps ti=<TaskInstance: intialization_database.merge_transform_sofascore manual__2024-09-27T12:42:19.276259+00:00 [queued]>
[2024-09-27T12:47:40.287+0000] {taskinstance.py:2306} INFO - Starting attempt 1 of 2
[2024-09-27T12:47:40.325+0000] {taskinstance.py:2330} INFO - Executing <Task(PythonOperator): merge_transform_sofascore> on 2024-09-27 12:42:19.276259+00:00
[2024-09-27T12:47:40.351+0000] {warnings.py:112} WARNING - /home/***/.local/lib/python3.12/site-packages/***/task/task_runner/standard_task_runner.py:61: DeprecationWarning: This process (pid=353) is multi-threaded, use of fork() may lead to deadlocks in the child.
  pid = os.fork()

[2024-09-27T12:47:40.355+0000] {standard_task_runner.py:63} INFO - Started process 355 to run task
[2024-09-27T12:47:40.364+0000] {standard_task_runner.py:90} INFO - Running: ['***', 'tasks', 'run', 'intialization_database', 'merge_transform_sofascore', 'manual__2024-09-27T12:42:19.276259+00:00', '--job-id', '2760', '--raw', '--subdir', 'DAGS_FOLDER/initialization.py', '--cfg-path', '/tmp/tmpya4hltqx']
[2024-09-27T12:47:40.367+0000] {standard_task_runner.py:91} INFO - Job 2760: Subtask merge_transform_sofascore
[2024-09-27T12:47:40.562+0000] {task_command.py:426} INFO - Running <TaskInstance: intialization_database.merge_transform_sofascore manual__2024-09-27T12:42:19.276259+00:00 [running]> on host 3439da570e34
[2024-09-27T12:47:40.892+0000] {taskinstance.py:2648} INFO - Exporting env vars: AIRFLOW_CTX_DAG_OWNER='***' AIRFLOW_CTX_DAG_ID='intialization_database' AIRFLOW_CTX_TASK_ID='merge_transform_sofascore' AIRFLOW_CTX_EXECUTION_DATE='2024-09-27T12:42:19.276259+00:00' AIRFLOW_CTX_TRY_NUMBER='1' AIRFLOW_CTX_DAG_RUN_ID='manual__2024-09-27T12:42:19.276259+00:00'
[2024-09-27T12:47:40.896+0000] {taskinstance.py:430} INFO - ::endgroup::
[2024-09-27T12:47:40.899+0000] {taskinstance.py:441} INFO - ::group::Post task execution logs
[2024-09-27T12:47:40.902+0000] {taskinstance.py:2905} ERROR - Task failed with exception
Traceback (most recent call last):
  File "/home/airflow/.local/lib/python3.12/site-packages/airflow/models/taskinstance.py", line 465, in _execute_task
    result = _execute_callable(context=context, **execute_callable_kwargs)
             ^^^^^^^^^^^^^^^^^^^^^^^^^^^^^^^^^^^^^^^^^^^^^^^^^^^^^^^^^^^^^
  File "/home/airflow/.local/lib/python3.12/site-packages/airflow/models/taskinstance.py", line 432, in _execute_callable
    return execute_callable(context=context, **execute_callable_kwargs)
           ^^^^^^^^^^^^^^^^^^^^^^^^^^^^^^^^^^^^^^^^^^^^^^^^^^^^^^^^^^^^
  File "/home/airflow/.local/lib/python3.12/site-packages/airflow/models/baseoperator.py", line 401, in wrapper
    return func(self, *args, **kwargs)
           ^^^^^^^^^^^^^^^^^^^^^^^^^^^
  File "/home/airflow/.local/lib/python3.12/site-packages/airflow/operators/python.py", line 235, in execute
    return_value = self.execute_callable()
                   ^^^^^^^^^^^^^^^^^^^^^^^
  File "/home/airflow/.local/lib/python3.12/site-packages/airflow/operators/python.py", line 252, in execute_callable
    return self.python_callable(*self.op_args, **self.op_kwargs)
           ^^^^^^^^^^^^^^^^^^^^^^^^^^^^^^^^^^^^^^^^^^^^^^^^^^^^^
  File "/opt/airflow/dags/helpers_initialization_dag/sofascore_merging_transforming_csvs_fl.py", line 20, in sofascore_merging_transforming_csvs_fl
    csv_files = [file for file in os.listdir(folder_path) if file.endswith('.csv')]
                                  ^^^^^^^^^^^^^^^^^^^^^^^
FileNotFoundError: [Errno 2] No such file or directory: '../csvs/first_load_csvs/sofascore_csvs/2012'
[2024-09-27T12:47:40.949+0000] {taskinstance.py:1206} INFO - Marking task as UP_FOR_RETRY. dag_id=intialization_database, task_id=merge_transform_sofascore, run_id=manual__2024-09-27T12:42:19.276259+00:00, execution_date=20240927T124219, start_date=20240927T124740, end_date=20240927T124740
[2024-09-27T12:47:41.008+0000] {standard_task_runner.py:110} ERROR - Failed to execute job 2760 for task merge_transform_sofascore ([Errno 2] No such file or directory: '../csvs/first_load_csvs/sofascore_csvs/2012'; 355)
[2024-09-27T12:47:41.062+0000] {local_task_job_runner.py:240} INFO - Task exited with return code 1
[2024-09-27T12:47:41.127+0000] {taskinstance.py:3503} INFO - 0 downstream tasks scheduled from follow-on schedule check
[2024-09-27T12:47:41.131+0000] {local_task_job_runner.py:222} INFO - ::endgroup::
