[2024-10-01T19:11:17.930+0000] {local_task_job_runner.py:120} INFO - ::group::Pre task execution logs
[2024-10-01T19:11:17.955+0000] {taskinstance.py:2076} INFO - Dependencies all met for dep_context=non-requeueable deps ti=<TaskInstance: intialization_database.create_staging_table_fl_drop_temp manual__2024-10-01T19:09:57.520963+00:00 [queued]>
[2024-10-01T19:11:17.965+0000] {taskinstance.py:2076} INFO - Dependencies all met for dep_context=requeueable deps ti=<TaskInstance: intialization_database.create_staging_table_fl_drop_temp manual__2024-10-01T19:09:57.520963+00:00 [queued]>
[2024-10-01T19:11:17.966+0000] {taskinstance.py:2306} INFO - Starting attempt 1 of 2
[2024-10-01T19:11:17.981+0000] {taskinstance.py:2330} INFO - Executing <Task(PostgresOperator): create_staging_table_fl_drop_temp> on 2024-10-01 19:09:57.520963+00:00
[2024-10-01T19:11:17.989+0000] {warnings.py:112} WARNING - /home/***/.local/lib/python3.12/site-packages/***/task/task_runner/standard_task_runner.py:61: DeprecationWarning: This process (pid=7316) is multi-threaded, use of fork() may lead to deadlocks in the child.
  pid = os.fork()

[2024-10-01T19:11:17.991+0000] {standard_task_runner.py:63} INFO - Started process 7318 to run task
[2024-10-01T19:11:17.991+0000] {standard_task_runner.py:90} INFO - Running: ['***', 'tasks', 'run', 'intialization_database', 'create_staging_table_fl_drop_temp', 'manual__2024-10-01T19:09:57.520963+00:00', '--job-id', '3154', '--raw', '--subdir', 'DAGS_FOLDER/initialization.py', '--cfg-path', '/tmp/tmpl9rmoap8']
[2024-10-01T19:11:17.992+0000] {standard_task_runner.py:91} INFO - Job 3154: Subtask create_staging_table_fl_drop_temp
[2024-10-01T19:11:18.059+0000] {task_command.py:426} INFO - Running <TaskInstance: intialization_database.create_staging_table_fl_drop_temp manual__2024-10-01T19:09:57.520963+00:00 [running]> on host f8103d9b7858
[2024-10-01T19:11:18.159+0000] {taskinstance.py:2648} INFO - Exporting env vars: AIRFLOW_CTX_DAG_OWNER='***' AIRFLOW_CTX_DAG_ID='intialization_database' AIRFLOW_CTX_TASK_ID='create_staging_table_fl_drop_temp' AIRFLOW_CTX_EXECUTION_DATE='2024-10-01T19:09:57.520963+00:00' AIRFLOW_CTX_TRY_NUMBER='1' AIRFLOW_CTX_DAG_RUN_ID='manual__2024-10-01T19:09:57.520963+00:00'
[2024-10-01T19:11:18.161+0000] {taskinstance.py:430} INFO - ::endgroup::
[2024-10-01T19:11:18.162+0000] {sql.py:276} INFO - Executing: -- Step 1: Create a temporary table with the same structure
CREATE TABLE scottish_premiership.staging_table_fl AS
SELECT DISTINCT * FROM scottish_premiership.staging_table_fl_temp;

-- Step 2: Drop the original staging_table
--DROP TABLE scottish_premiership.staging_table_fl_temp;

[2024-10-01T19:11:18.171+0000] {base.py:84} INFO - Using connection ID 'football_scotland_connection' for task execution.
[2024-10-01T19:11:18.184+0000] {base.py:84} INFO - Using connection ID 'football_scotland_connection' for task execution.
[2024-10-01T19:11:18.193+0000] {sql.py:487} INFO - Running statement: -- Step 1: Create a temporary table with the same structure
CREATE TABLE scottish_premiership.staging_table_fl AS
SELECT DISTINCT * FROM scottish_premiership.staging_table_fl_temp;

-- Step 2: Drop the original staging_table
--DROP TABLE scottish_premiership.staging_table_fl_temp;
, parameters: None
[2024-10-01T19:11:18.196+0000] {taskinstance.py:441} INFO - ::group::Post task execution logs
[2024-10-01T19:11:18.198+0000] {taskinstance.py:2905} ERROR - Task failed with exception
Traceback (most recent call last):
  File "/home/airflow/.local/lib/python3.12/site-packages/airflow/models/taskinstance.py", line 465, in _execute_task
    result = _execute_callable(context=context, **execute_callable_kwargs)
             ^^^^^^^^^^^^^^^^^^^^^^^^^^^^^^^^^^^^^^^^^^^^^^^^^^^^^^^^^^^^^
  File "/home/airflow/.local/lib/python3.12/site-packages/airflow/models/taskinstance.py", line 432, in _execute_callable
    return execute_callable(context=context, **execute_callable_kwargs)
           ^^^^^^^^^^^^^^^^^^^^^^^^^^^^^^^^^^^^^^^^^^^^^^^^^^^^^^^^^^^^
  File "/home/airflow/.local/lib/python3.12/site-packages/airflow/models/baseoperator.py", line 401, in wrapper
    return func(self, *args, **kwargs)
           ^^^^^^^^^^^^^^^^^^^^^^^^^^^
  File "/home/airflow/.local/lib/python3.12/site-packages/airflow/providers/common/sql/operators/sql.py", line 282, in execute
    output = hook.run(
             ^^^^^^^^^
  File "/home/airflow/.local/lib/python3.12/site-packages/airflow/providers/common/sql/hooks/sql.py", line 435, in run
    self._run_command(cur, sql_statement, parameters)
  File "/home/airflow/.local/lib/python3.12/site-packages/airflow/providers/common/sql/hooks/sql.py", line 492, in _run_command
    cur.execute(sql_statement)
psycopg2.errors.UndefinedFunction: could not identify an equality operator for type json
LINE 3: SELECT DISTINCT * FROM scottish_premiership.staging_table_fl...
                        ^

[2024-10-01T19:11:18.214+0000] {taskinstance.py:1206} INFO - Marking task as UP_FOR_RETRY. dag_id=intialization_database, task_id=create_staging_table_fl_drop_temp, run_id=manual__2024-10-01T19:09:57.520963+00:00, execution_date=20241001T190957, start_date=20241001T191117, end_date=20241001T191118
[2024-10-01T19:11:18.232+0000] {standard_task_runner.py:110} ERROR - Failed to execute job 3154 for task create_staging_table_fl_drop_temp (could not identify an equality operator for type json
LINE 3: SELECT DISTINCT * FROM scottish_premiership.staging_table_fl...
                        ^
; 7318)
[2024-10-01T19:11:18.286+0000] {local_task_job_runner.py:240} INFO - Task exited with return code 1
[2024-10-01T19:11:18.315+0000] {taskinstance.py:3503} INFO - 0 downstream tasks scheduled from follow-on schedule check
[2024-10-01T19:11:18.319+0000] {local_task_job_runner.py:222} INFO - ::endgroup::
