[2024-10-09T14:21:24.485+0000] {local_task_job_runner.py:120} INFO - ::group::Pre task execution logs
[2024-10-09T14:21:24.518+0000] {taskinstance.py:2076} INFO - Dependencies all met for dep_context=non-requeueable deps ti=<TaskInstance: update_database.run_docker_container manual__2024-10-09T14:21:19.685041+00:00 [queued]>
[2024-10-09T14:21:24.531+0000] {taskinstance.py:2076} INFO - Dependencies all met for dep_context=requeueable deps ti=<TaskInstance: update_database.run_docker_container manual__2024-10-09T14:21:19.685041+00:00 [queued]>
[2024-10-09T14:21:24.533+0000] {taskinstance.py:2306} INFO - Starting attempt 1 of 2
[2024-10-09T14:21:24.553+0000] {taskinstance.py:2330} INFO - Executing <Task(PythonOperator): run_docker_container> on 2024-10-09 14:21:19.685041+00:00
[2024-10-09T14:21:24.561+0000] {warnings.py:112} WARNING - /home/***/.local/lib/python3.12/site-packages/***/task/task_runner/standard_task_runner.py:61: DeprecationWarning: This process (pid=641) is multi-threaded, use of fork() may lead to deadlocks in the child.
  pid = os.fork()

[2024-10-09T14:21:24.563+0000] {standard_task_runner.py:63} INFO - Started process 643 to run task
[2024-10-09T14:21:24.563+0000] {standard_task_runner.py:90} INFO - Running: ['***', 'tasks', 'run', 'update_database', 'run_docker_container', 'manual__2024-10-09T14:21:19.685041+00:00', '--job-id', '3878', '--raw', '--subdir', 'DAGS_FOLDER/update.py', '--cfg-path', '/tmp/tmppdpl9jts']
[2024-10-09T14:21:24.565+0000] {standard_task_runner.py:91} INFO - Job 3878: Subtask run_docker_container
[2024-10-09T14:21:24.622+0000] {task_command.py:426} INFO - Running <TaskInstance: update_database.run_docker_container manual__2024-10-09T14:21:19.685041+00:00 [running]> on host 9ee81962cd27
[2024-10-09T14:21:24.737+0000] {taskinstance.py:2648} INFO - Exporting env vars: AIRFLOW_CTX_DAG_OWNER='***' AIRFLOW_CTX_DAG_ID='update_database' AIRFLOW_CTX_TASK_ID='run_docker_container' AIRFLOW_CTX_EXECUTION_DATE='2024-10-09T14:21:19.685041+00:00' AIRFLOW_CTX_TRY_NUMBER='1' AIRFLOW_CTX_DAG_RUN_ID='manual__2024-10-09T14:21:19.685041+00:00'
[2024-10-09T14:21:24.739+0000] {taskinstance.py:430} INFO - ::endgroup::
[2024-10-09T14:21:25.949+0000] {taskinstance.py:441} INFO - ::group::Post task execution logs
[2024-10-09T14:21:25.954+0000] {taskinstance.py:2905} ERROR - Task failed with exception
Traceback (most recent call last):
  File "/home/airflow/.local/lib/python3.12/site-packages/docker/api/client.py", line 275, in _raise_for_status
    response.raise_for_status()
  File "/home/airflow/.local/lib/python3.12/site-packages/requests/models.py", line 1021, in raise_for_status
    raise HTTPError(http_error_msg, response=self)
requests.exceptions.HTTPError: 409 Client Error: Conflict for url: http+docker://localhost/v1.44/containers/create?name=sofascore_scraper_container

The above exception was the direct cause of the following exception:

Traceback (most recent call last):
  File "/home/airflow/.local/lib/python3.12/site-packages/airflow/models/taskinstance.py", line 465, in _execute_task
    result = _execute_callable(context=context, **execute_callable_kwargs)
             ^^^^^^^^^^^^^^^^^^^^^^^^^^^^^^^^^^^^^^^^^^^^^^^^^^^^^^^^^^^^^
  File "/home/airflow/.local/lib/python3.12/site-packages/airflow/models/taskinstance.py", line 432, in _execute_callable
    return execute_callable(context=context, **execute_callable_kwargs)
           ^^^^^^^^^^^^^^^^^^^^^^^^^^^^^^^^^^^^^^^^^^^^^^^^^^^^^^^^^^^^
  File "/home/airflow/.local/lib/python3.12/site-packages/airflow/models/baseoperator.py", line 401, in wrapper
    return func(self, *args, **kwargs)
           ^^^^^^^^^^^^^^^^^^^^^^^^^^^
  File "/home/airflow/.local/lib/python3.12/site-packages/airflow/operators/python.py", line 235, in execute
    return_value = self.execute_callable()
                   ^^^^^^^^^^^^^^^^^^^^^^^
  File "/home/airflow/.local/lib/python3.12/site-packages/airflow/operators/python.py", line 252, in execute_callable
    return self.python_callable(*self.op_args, **self.op_kwargs)
           ^^^^^^^^^^^^^^^^^^^^^^^^^^^^^^^^^^^^^^^^^^^^^^^^^^^^^
  File "/opt/airflow/dags/sofascore_scraper_container/run_docker_container.py", line 29, in run_docker_container
    container = client.containers.run(
                ^^^^^^^^^^^^^^^^^^^^^^
  File "/home/airflow/.local/lib/python3.12/site-packages/docker/models/containers.py", line 876, in run
    container = self.create(image=image, command=command,
                ^^^^^^^^^^^^^^^^^^^^^^^^^^^^^^^^^^^^^^^^^
  File "/home/airflow/.local/lib/python3.12/site-packages/docker/models/containers.py", line 935, in create
    resp = self.client.api.create_container(**create_kwargs)
           ^^^^^^^^^^^^^^^^^^^^^^^^^^^^^^^^^^^^^^^^^^^^^^^^^
  File "/home/airflow/.local/lib/python3.12/site-packages/docker/api/container.py", line 440, in create_container
    return self.create_container_from_config(config, name, platform)
           ^^^^^^^^^^^^^^^^^^^^^^^^^^^^^^^^^^^^^^^^^^^^^^^^^^^^^^^^^
  File "/home/airflow/.local/lib/python3.12/site-packages/docker/api/container.py", line 457, in create_container_from_config
    return self._result(res, True)
           ^^^^^^^^^^^^^^^^^^^^^^^
  File "/home/airflow/.local/lib/python3.12/site-packages/docker/api/client.py", line 281, in _result
    self._raise_for_status(response)
  File "/home/airflow/.local/lib/python3.12/site-packages/docker/api/client.py", line 277, in _raise_for_status
    raise create_api_error_from_http_exception(e) from e
          ^^^^^^^^^^^^^^^^^^^^^^^^^^^^^^^^^^^^^^^
  File "/home/airflow/.local/lib/python3.12/site-packages/docker/errors.py", line 39, in create_api_error_from_http_exception
    raise cls(e, response=response, explanation=explanation) from e
docker.errors.APIError: 409 Client Error for http+docker://localhost/v1.44/containers/create?name=sofascore_scraper_container: Conflict ("Conflict. The container name "/sofascore_scraper_container" is already in use by container "1e3cb0b14a17f5846e2098ed0bdbc0160d97c9e6ce41dcb9372900371ccf49bd". You have to remove (or rename) that container to be able to reuse that name.")
[2024-10-09T14:21:25.979+0000] {taskinstance.py:1206} INFO - Marking task as UP_FOR_RETRY. dag_id=update_database, task_id=run_docker_container, run_id=manual__2024-10-09T14:21:19.685041+00:00, execution_date=20241009T142119, start_date=20241009T142124, end_date=20241009T142125
[2024-10-09T14:21:26.002+0000] {standard_task_runner.py:110} ERROR - Failed to execute job 3878 for task run_docker_container (409 Client Error for http+docker://localhost/v1.44/containers/create?name=sofascore_scraper_container: Conflict ("Conflict. The container name "/sofascore_scraper_container" is already in use by container "1e3cb0b14a17f5846e2098ed0bdbc0160d97c9e6ce41dcb9372900371ccf49bd". You have to remove (or rename) that container to be able to reuse that name."); 643)
[2024-10-09T14:21:26.024+0000] {local_task_job_runner.py:240} INFO - Task exited with return code 1
[2024-10-09T14:21:26.046+0000] {taskinstance.py:3503} INFO - 0 downstream tasks scheduled from follow-on schedule check
[2024-10-09T14:21:26.048+0000] {local_task_job_runner.py:222} INFO - ::endgroup::
