[2024-10-01T10:37:38.854+0000] {local_task_job_runner.py:120} INFO - ::group::Pre task execution logs
[2024-10-01T10:37:38.899+0000] {taskinstance.py:2076} INFO - Dependencies all met for dep_context=non-requeueable deps ti=<TaskInstance: intialization_database.merge_transform_all_sources manual__2024-10-01T10:36:53.685680+00:00 [queued]>
[2024-10-01T10:37:38.917+0000] {taskinstance.py:2076} INFO - Dependencies all met for dep_context=requeueable deps ti=<TaskInstance: intialization_database.merge_transform_all_sources manual__2024-10-01T10:36:53.685680+00:00 [queued]>
[2024-10-01T10:37:38.931+0000] {taskinstance.py:2306} INFO - Starting attempt 1 of 2
[2024-10-01T10:37:38.952+0000] {taskinstance.py:2330} INFO - Executing <Task(PythonOperator): merge_transform_all_sources> on 2024-10-01 10:36:53.685680+00:00
[2024-10-01T10:37:38.963+0000] {warnings.py:112} WARNING - /home/***/.local/lib/python3.12/site-packages/***/task/task_runner/standard_task_runner.py:61: DeprecationWarning: This process (pid=109) is multi-threaded, use of fork() may lead to deadlocks in the child.
  pid = os.fork()

[2024-10-01T10:37:38.965+0000] {standard_task_runner.py:90} INFO - Running: ['***', 'tasks', 'run', 'intialization_database', 'merge_transform_all_sources', 'manual__2024-10-01T10:36:53.685680+00:00', '--job-id', '2893', '--raw', '--subdir', 'DAGS_FOLDER/initialization.py', '--cfg-path', '/tmp/tmp68ocbt3_']
[2024-10-01T10:37:38.969+0000] {standard_task_runner.py:91} INFO - Job 2893: Subtask merge_transform_all_sources
[2024-10-01T10:37:38.966+0000] {standard_task_runner.py:63} INFO - Started process 111 to run task
[2024-10-01T10:37:39.070+0000] {task_command.py:426} INFO - Running <TaskInstance: intialization_database.merge_transform_all_sources manual__2024-10-01T10:36:53.685680+00:00 [running]> on host f8103d9b7858
[2024-10-01T10:37:39.532+0000] {taskinstance.py:2648} INFO - Exporting env vars: AIRFLOW_CTX_DAG_OWNER='***' AIRFLOW_CTX_DAG_ID='intialization_database' AIRFLOW_CTX_TASK_ID='merge_transform_all_sources' AIRFLOW_CTX_EXECUTION_DATE='2024-10-01T10:36:53.685680+00:00' AIRFLOW_CTX_TRY_NUMBER='1' AIRFLOW_CTX_DAG_RUN_ID='manual__2024-10-01T10:36:53.685680+00:00'
[2024-10-01T10:37:39.536+0000] {taskinstance.py:430} INFO - ::endgroup::
[2024-10-01T10:37:48.954+0000] {python.py:237} INFO - Done. Returned value was: None
[2024-10-01T10:37:48.957+0000] {taskinstance.py:441} INFO - ::group::Post task execution logs
[2024-10-01T10:37:48.981+0000] {taskinstance.py:1206} INFO - Marking task as SUCCESS. dag_id=intialization_database, task_id=merge_transform_all_sources, run_id=manual__2024-10-01T10:36:53.685680+00:00, execution_date=20241001T103653, start_date=20241001T103738, end_date=20241001T103748
[2024-10-01T10:37:49.127+0000] {local_task_job_runner.py:240} INFO - Task exited with return code 0
[2024-10-01T10:37:49.164+0000] {warnings.py:112} WARNING - /home/***/.local/lib/python3.12/site-packages/***/models/baseoperator.py:1297: AirflowProviderDeprecationWarning: Call to deprecated class PostgresOperator. (Please use `***.providers.common.sql.operators.sql.SQLExecuteQueryOperator`.Also, you can provide `hook_params={'schema': <database>}`.)
  result = cls.__new__(cls)

[2024-10-01T10:37:49.233+0000] {taskinstance.py:3503} INFO - 1 downstream tasks scheduled from follow-on schedule check
[2024-10-01T10:37:49.240+0000] {local_task_job_runner.py:222} INFO - ::endgroup::
