[2024-10-02T20:34:46.209+0000] {local_task_job_runner.py:120} INFO - ::group::Pre task execution logs
[2024-10-02T20:34:46.253+0000] {taskinstance.py:2076} INFO - Dependencies all met for dep_context=non-requeueable deps ti=<TaskInstance: intialization_database.merge_transform_all_sources manual__2024-10-02T20:34:17.155144+00:00 [queued]>
[2024-10-02T20:34:46.272+0000] {taskinstance.py:2076} INFO - Dependencies all met for dep_context=requeueable deps ti=<TaskInstance: intialization_database.merge_transform_all_sources manual__2024-10-02T20:34:17.155144+00:00 [queued]>
[2024-10-02T20:34:46.275+0000] {taskinstance.py:2306} INFO - Starting attempt 1 of 2
[2024-10-02T20:34:46.311+0000] {taskinstance.py:2330} INFO - Executing <Task(PythonOperator): merge_transform_all_sources> on 2024-10-02 20:34:17.155144+00:00
[2024-10-02T20:34:46.324+0000] {warnings.py:112} WARNING - /home/***/.local/lib/python3.12/site-packages/***/task/task_runner/standard_task_runner.py:61: DeprecationWarning: This process (pid=10866) is multi-threaded, use of fork() may lead to deadlocks in the child.
  pid = os.fork()

[2024-10-02T20:34:46.328+0000] {standard_task_runner.py:63} INFO - Started process 10868 to run task
[2024-10-02T20:34:46.329+0000] {standard_task_runner.py:90} INFO - Running: ['***', 'tasks', 'run', 'intialization_database', 'merge_transform_all_sources', 'manual__2024-10-02T20:34:17.155144+00:00', '--job-id', '3550', '--raw', '--subdir', 'DAGS_FOLDER/initialization.py', '--cfg-path', '/tmp/tmp7r7t_an6']
[2024-10-02T20:34:46.332+0000] {standard_task_runner.py:91} INFO - Job 3550: Subtask merge_transform_all_sources
[2024-10-02T20:34:46.418+0000] {task_command.py:426} INFO - Running <TaskInstance: intialization_database.merge_transform_all_sources manual__2024-10-02T20:34:17.155144+00:00 [running]> on host 6dc69f1b4d8f
[2024-10-02T20:34:46.587+0000] {taskinstance.py:2648} INFO - Exporting env vars: AIRFLOW_CTX_DAG_OWNER='***' AIRFLOW_CTX_DAG_ID='intialization_database' AIRFLOW_CTX_TASK_ID='merge_transform_all_sources' AIRFLOW_CTX_EXECUTION_DATE='2024-10-02T20:34:17.155144+00:00' AIRFLOW_CTX_TRY_NUMBER='1' AIRFLOW_CTX_DAG_RUN_ID='manual__2024-10-02T20:34:17.155144+00:00'
[2024-10-02T20:34:46.590+0000] {taskinstance.py:430} INFO - ::endgroup::
[2024-10-02T20:34:54.073+0000] {python.py:237} INFO - Done. Returned value was: None
[2024-10-02T20:34:54.074+0000] {taskinstance.py:441} INFO - ::group::Post task execution logs
[2024-10-02T20:34:54.087+0000] {taskinstance.py:1206} INFO - Marking task as SUCCESS. dag_id=intialization_database, task_id=merge_transform_all_sources, run_id=manual__2024-10-02T20:34:17.155144+00:00, execution_date=20241002T203417, start_date=20241002T203446, end_date=20241002T203454
[2024-10-02T20:34:54.144+0000] {local_task_job_runner.py:240} INFO - Task exited with return code 0
[2024-10-02T20:34:54.156+0000] {warnings.py:112} WARNING - /home/***/.local/lib/python3.12/site-packages/***/models/baseoperator.py:1297: AirflowProviderDeprecationWarning: Call to deprecated class PostgresOperator. (Please use `***.providers.common.sql.operators.sql.SQLExecuteQueryOperator`.Also, you can provide `hook_params={'schema': <database>}`.)
  result = cls.__new__(cls)

[2024-10-02T20:34:54.184+0000] {taskinstance.py:3503} INFO - 1 downstream tasks scheduled from follow-on schedule check
[2024-10-02T20:34:54.188+0000] {local_task_job_runner.py:222} INFO - ::endgroup::
