[2024-09-29T12:27:51.192+0000] {local_task_job_runner.py:120} INFO - ::group::Pre task execution logs
[2024-09-29T12:27:51.224+0000] {taskinstance.py:2076} INFO - Dependencies all met for dep_context=non-requeueable deps ti=<TaskInstance: intialization_database.merge_transform_fbref_only_match_reports manual__2024-09-29T12:27:42.051590+00:00 [queued]>
[2024-09-29T12:27:51.236+0000] {taskinstance.py:2076} INFO - Dependencies all met for dep_context=requeueable deps ti=<TaskInstance: intialization_database.merge_transform_fbref_only_match_reports manual__2024-09-29T12:27:42.051590+00:00 [queued]>
[2024-09-29T12:27:51.239+0000] {taskinstance.py:2306} INFO - Starting attempt 1 of 2
[2024-09-29T12:27:51.255+0000] {taskinstance.py:2330} INFO - Executing <Task(PythonOperator): merge_transform_fbref_only_match_reports> on 2024-09-29 12:27:42.051590+00:00
[2024-09-29T12:27:51.262+0000] {warnings.py:112} WARNING - /home/***/.local/lib/python3.12/site-packages/***/task/task_runner/standard_task_runner.py:61: DeprecationWarning: This process (pid=1321) is multi-threaded, use of fork() may lead to deadlocks in the child.
  pid = os.fork()

[2024-09-29T12:27:51.264+0000] {standard_task_runner.py:63} INFO - Started process 1323 to run task
[2024-09-29T12:27:51.264+0000] {standard_task_runner.py:90} INFO - Running: ['***', 'tasks', 'run', 'intialization_database', 'merge_transform_fbref_only_match_reports', 'manual__2024-09-29T12:27:42.051590+00:00', '--job-id', '2820', '--raw', '--subdir', 'DAGS_FOLDER/initialization.py', '--cfg-path', '/tmp/tmp1dry013b']
[2024-09-29T12:27:51.265+0000] {standard_task_runner.py:91} INFO - Job 2820: Subtask merge_transform_fbref_only_match_reports
[2024-09-29T12:27:51.327+0000] {task_command.py:426} INFO - Running <TaskInstance: intialization_database.merge_transform_fbref_only_match_reports manual__2024-09-29T12:27:42.051590+00:00 [running]> on host e78fe06b6548
[2024-09-29T12:27:51.445+0000] {taskinstance.py:2648} INFO - Exporting env vars: AIRFLOW_CTX_DAG_OWNER='***' AIRFLOW_CTX_DAG_ID='intialization_database' AIRFLOW_CTX_TASK_ID='merge_transform_fbref_only_match_reports' AIRFLOW_CTX_EXECUTION_DATE='2024-09-29T12:27:42.051590+00:00' AIRFLOW_CTX_TRY_NUMBER='1' AIRFLOW_CTX_DAG_RUN_ID='manual__2024-09-29T12:27:42.051590+00:00'
[2024-09-29T12:27:51.447+0000] {taskinstance.py:430} INFO - ::endgroup::
[2024-09-29T12:27:51.771+0000] {warnings.py:112} WARNING - /opt/***/dags/helpers_initialization_dag/fbref_only_match_reports_merging_transforming_csvs_fl.py:37: FutureWarning: DataFrame.applymap has been deprecated. Use DataFrame.map instead.
  fbref_match_reports_merged_df = fbref_match_reports_merged_df.applymap(lambda x: x.strip() if isinstance(x, str) else x)

[2024-09-29T12:27:52.586+0000] {python.py:237} INFO - Done. Returned value was: None
[2024-09-29T12:27:52.587+0000] {taskinstance.py:441} INFO - ::group::Post task execution logs
[2024-09-29T12:27:52.602+0000] {taskinstance.py:1206} INFO - Marking task as SUCCESS. dag_id=intialization_database, task_id=merge_transform_fbref_only_match_reports, run_id=manual__2024-09-29T12:27:42.051590+00:00, execution_date=20240929T122742, start_date=20240929T122751, end_date=20240929T122752
[2024-09-29T12:27:52.643+0000] {local_task_job_runner.py:240} INFO - Task exited with return code 0
[2024-09-29T12:27:52.688+0000] {taskinstance.py:3503} INFO - 1 downstream tasks scheduled from follow-on schedule check
[2024-09-29T12:27:52.690+0000] {local_task_job_runner.py:222} INFO - ::endgroup::
