[2024-10-02T09:34:33.707+0000] {local_task_job_runner.py:120} INFO - ::group::Pre task execution logs
[2024-10-02T09:34:33.751+0000] {taskinstance.py:2076} INFO - Dependencies all met for dep_context=non-requeueable deps ti=<TaskInstance: intialization_database.merge_transform_sofascore manual__2024-10-02T09:34:13.299644+00:00 [queued]>
[2024-10-02T09:34:33.774+0000] {taskinstance.py:2076} INFO - Dependencies all met for dep_context=requeueable deps ti=<TaskInstance: intialization_database.merge_transform_sofascore manual__2024-10-02T09:34:13.299644+00:00 [queued]>
[2024-10-02T09:34:33.775+0000] {taskinstance.py:2306} INFO - Starting attempt 1 of 2
[2024-10-02T09:34:33.798+0000] {taskinstance.py:2330} INFO - Executing <Task(PythonOperator): merge_transform_sofascore> on 2024-10-02 09:34:13.299644+00:00
[2024-10-02T09:34:33.808+0000] {warnings.py:112} WARNING - /home/***/.local/lib/python3.12/site-packages/***/task/task_runner/standard_task_runner.py:61: DeprecationWarning: This process (pid=1436) is multi-threaded, use of fork() may lead to deadlocks in the child.
  pid = os.fork()

[2024-10-02T09:34:33.810+0000] {standard_task_runner.py:63} INFO - Started process 1438 to run task
[2024-10-02T09:34:33.813+0000] {standard_task_runner.py:90} INFO - Running: ['***', 'tasks', 'run', 'intialization_database', 'merge_transform_sofascore', 'manual__2024-10-02T09:34:13.299644+00:00', '--job-id', '3172', '--raw', '--subdir', 'DAGS_FOLDER/initialization.py', '--cfg-path', '/tmp/tmpnyw7dqwq']
[2024-10-02T09:34:33.816+0000] {standard_task_runner.py:91} INFO - Job 3172: Subtask merge_transform_sofascore
[2024-10-02T09:34:33.889+0000] {task_command.py:426} INFO - Running <TaskInstance: intialization_database.merge_transform_sofascore manual__2024-10-02T09:34:13.299644+00:00 [running]> on host 6dc69f1b4d8f
[2024-10-02T09:34:34.203+0000] {taskinstance.py:2648} INFO - Exporting env vars: AIRFLOW_CTX_DAG_OWNER='***' AIRFLOW_CTX_DAG_ID='intialization_database' AIRFLOW_CTX_TASK_ID='merge_transform_sofascore' AIRFLOW_CTX_EXECUTION_DATE='2024-10-02T09:34:13.299644+00:00' AIRFLOW_CTX_TRY_NUMBER='1' AIRFLOW_CTX_DAG_RUN_ID='manual__2024-10-02T09:34:13.299644+00:00'
[2024-10-02T09:34:34.217+0000] {taskinstance.py:430} INFO - ::endgroup::
[2024-10-02T09:34:47.756+0000] {warnings.py:112} WARNING - /opt/***/dags/helpers_initialization_dag/helpers_sofascore_merging_transforming_csvs_fl.py:38: FutureWarning: DataFrame.applymap has been deprecated. Use DataFrame.map instead.
  dataframe = dataframe.applymap(lambda x: x.strip() if isinstance(x, str) else x)

[2024-10-02T09:34:51.355+0000] {python.py:237} INFO - Done. Returned value was: None
[2024-10-02T09:34:51.356+0000] {taskinstance.py:441} INFO - ::group::Post task execution logs
[2024-10-02T09:34:51.371+0000] {taskinstance.py:1206} INFO - Marking task as SUCCESS. dag_id=intialization_database, task_id=merge_transform_sofascore, run_id=manual__2024-10-02T09:34:13.299644+00:00, execution_date=20241002T093413, start_date=20241002T093433, end_date=20241002T093451
[2024-10-02T09:34:51.474+0000] {local_task_job_runner.py:240} INFO - Task exited with return code 0
[2024-10-02T09:34:51.485+0000] {warnings.py:112} WARNING - /home/***/.local/lib/python3.12/site-packages/***/models/baseoperator.py:1297: AirflowProviderDeprecationWarning: Call to deprecated class PostgresOperator. (Please use `***.providers.common.sql.operators.sql.SQLExecuteQueryOperator`.Also, you can provide `hook_params={'schema': <database>}`.)
  result = cls.__new__(cls)

[2024-10-02T09:34:51.508+0000] {taskinstance.py:3503} INFO - 1 downstream tasks scheduled from follow-on schedule check
[2024-10-02T09:34:51.512+0000] {local_task_job_runner.py:222} INFO - ::endgroup::
