[2024-10-03T11:15:33.054+0000] {local_task_job_runner.py:120} INFO - ::group::Pre task execution logs
[2024-10-03T11:15:33.141+0000] {taskinstance.py:2076} INFO - Dependencies all met for dep_context=non-requeueable deps ti=<TaskInstance: intialization_database.create_football_scotland_connection manual__2024-10-03T11:08:10.204482+00:00 [queued]>
[2024-10-03T11:15:33.173+0000] {taskinstance.py:2076} INFO - Dependencies all met for dep_context=requeueable deps ti=<TaskInstance: intialization_database.create_football_scotland_connection manual__2024-10-03T11:08:10.204482+00:00 [queued]>
[2024-10-03T11:15:33.192+0000] {taskinstance.py:2306} INFO - Starting attempt 1 of 1
[2024-10-03T11:15:33.232+0000] {taskinstance.py:2330} INFO - Executing <Task(PythonOperator): create_football_scotland_connection> on 2024-10-03 11:08:10.204482+00:00
[2024-10-03T11:15:33.248+0000] {warnings.py:112} WARNING - /home/***/.local/lib/python3.12/site-packages/***/task/task_runner/standard_task_runner.py:61: DeprecationWarning: This process (pid=105) is multi-threaded, use of fork() may lead to deadlocks in the child.
  pid = os.fork()

[2024-10-03T11:15:33.251+0000] {standard_task_runner.py:63} INFO - Started process 107 to run task
[2024-10-03T11:15:33.252+0000] {standard_task_runner.py:90} INFO - Running: ['***', 'tasks', 'run', 'intialization_database', 'create_football_scotland_connection', 'manual__2024-10-03T11:08:10.204482+00:00', '--job-id', '3704', '--raw', '--subdir', 'DAGS_FOLDER/initialization.py', '--cfg-path', '/tmp/tmppyogn9sp']
[2024-10-03T11:15:33.254+0000] {standard_task_runner.py:91} INFO - Job 3704: Subtask create_football_scotland_connection
[2024-10-03T11:15:33.355+0000] {task_command.py:426} INFO - Running <TaskInstance: intialization_database.create_football_scotland_connection manual__2024-10-03T11:08:10.204482+00:00 [running]> on host 7d10ea254acc
[2024-10-03T11:15:33.508+0000] {taskinstance.py:2648} INFO - Exporting env vars: AIRFLOW_CTX_DAG_OWNER='***' AIRFLOW_CTX_DAG_ID='intialization_database' AIRFLOW_CTX_TASK_ID='create_football_scotland_connection' AIRFLOW_CTX_EXECUTION_DATE='2024-10-03T11:08:10.204482+00:00' AIRFLOW_CTX_TRY_NUMBER='1' AIRFLOW_CTX_DAG_RUN_ID='manual__2024-10-03T11:08:10.204482+00:00'
[2024-10-03T11:15:33.512+0000] {taskinstance.py:430} INFO - ::endgroup::
[2024-10-03T11:15:33.514+0000] {crypto.py:82} WARNING - empty cryptography key - values will not be stored encrypted.
[2024-10-03T11:15:33.531+0000] {python.py:237} INFO - Done. Returned value was: None
[2024-10-03T11:15:33.532+0000] {taskinstance.py:441} INFO - ::group::Post task execution logs
[2024-10-03T11:15:33.548+0000] {taskinstance.py:1206} INFO - Marking task as SUCCESS. dag_id=intialization_database, task_id=create_football_scotland_connection, run_id=manual__2024-10-03T11:08:10.204482+00:00, execution_date=20241003T110810, start_date=20241003T111533, end_date=20241003T111533
[2024-10-03T11:15:33.589+0000] {local_task_job_runner.py:240} INFO - Task exited with return code 0
[2024-10-03T11:15:33.611+0000] {warnings.py:112} WARNING - /home/***/.local/lib/python3.12/site-packages/***/models/baseoperator.py:1297: AirflowProviderDeprecationWarning: Call to deprecated class PostgresOperator. (Please use `***.providers.common.sql.operators.sql.SQLExecuteQueryOperator`.Also, you can provide `hook_params={'schema': <database>}`.)
  result = cls.__new__(cls)

[2024-10-03T11:15:33.645+0000] {taskinstance.py:3503} INFO - 1 downstream tasks scheduled from follow-on schedule check
[2024-10-03T11:15:33.658+0000] {local_task_job_runner.py:222} INFO - ::endgroup::
