[2024-10-01T15:20:13.360+0000] {local_task_job_runner.py:120} INFO - ::group::Pre task execution logs
[2024-10-01T15:20:13.396+0000] {taskinstance.py:2076} INFO - Dependencies all met for dep_context=non-requeueable deps ti=<TaskInstance: intialization_database.create_schema_in_football_scotland manual__2024-10-01T15:19:25.731918+00:00 [queued]>
[2024-10-01T15:20:13.409+0000] {taskinstance.py:2076} INFO - Dependencies all met for dep_context=requeueable deps ti=<TaskInstance: intialization_database.create_schema_in_football_scotland manual__2024-10-01T15:19:25.731918+00:00 [queued]>
[2024-10-01T15:20:13.412+0000] {taskinstance.py:2306} INFO - Starting attempt 1 of 2
[2024-10-01T15:20:13.434+0000] {taskinstance.py:2330} INFO - Executing <Task(PostgresOperator): create_schema_in_football_scotland> on 2024-10-01 15:19:25.731918+00:00
[2024-10-01T15:20:13.443+0000] {warnings.py:112} WARNING - /home/***/.local/lib/python3.12/site-packages/***/task/task_runner/standard_task_runner.py:61: DeprecationWarning: This process (pid=4048) is multi-threaded, use of fork() may lead to deadlocks in the child.
  pid = os.fork()

[2024-10-01T15:20:13.446+0000] {standard_task_runner.py:63} INFO - Started process 4050 to run task
[2024-10-01T15:20:13.447+0000] {standard_task_runner.py:90} INFO - Running: ['***', 'tasks', 'run', 'intialization_database', 'create_schema_in_football_scotland', 'manual__2024-10-01T15:19:25.731918+00:00', '--job-id', '3023', '--raw', '--subdir', 'DAGS_FOLDER/initialization.py', '--cfg-path', '/tmp/tmpp1jwjqe8']
[2024-10-01T15:20:13.449+0000] {standard_task_runner.py:91} INFO - Job 3023: Subtask create_schema_in_football_scotland
[2024-10-01T15:20:13.516+0000] {task_command.py:426} INFO - Running <TaskInstance: intialization_database.create_schema_in_football_scotland manual__2024-10-01T15:19:25.731918+00:00 [running]> on host f8103d9b7858
[2024-10-01T15:20:13.647+0000] {taskinstance.py:2648} INFO - Exporting env vars: AIRFLOW_CTX_DAG_OWNER='***' AIRFLOW_CTX_DAG_ID='intialization_database' AIRFLOW_CTX_TASK_ID='create_schema_in_football_scotland' AIRFLOW_CTX_EXECUTION_DATE='2024-10-01T15:19:25.731918+00:00' AIRFLOW_CTX_TRY_NUMBER='1' AIRFLOW_CTX_DAG_RUN_ID='manual__2024-10-01T15:19:25.731918+00:00'
[2024-10-01T15:20:13.649+0000] {taskinstance.py:430} INFO - ::endgroup::
[2024-10-01T15:20:13.650+0000] {sql.py:276} INFO - Executing: 
        CREATE SCHEMA IF NOT EXISTS scottish_premiership;
    
[2024-10-01T15:20:13.660+0000] {base.py:84} INFO - Using connection ID 'football_scotland_connection' for task execution.
[2024-10-01T15:20:13.673+0000] {base.py:84} INFO - Using connection ID 'football_scotland_connection' for task execution.
[2024-10-01T15:20:13.682+0000] {sql.py:487} INFO - Running statement: 
        CREATE SCHEMA IF NOT EXISTS scottish_premiership;
    , parameters: None
[2024-10-01T15:20:13.684+0000] {taskinstance.py:441} INFO - ::group::Post task execution logs
[2024-10-01T15:20:13.696+0000] {taskinstance.py:1206} INFO - Marking task as SUCCESS. dag_id=intialization_database, task_id=create_schema_in_football_scotland, run_id=manual__2024-10-01T15:19:25.731918+00:00, execution_date=20241001T151925, start_date=20241001T152013, end_date=20241001T152013
[2024-10-01T15:20:13.742+0000] {local_task_job_runner.py:240} INFO - Task exited with return code 0
[2024-10-01T15:20:13.754+0000] {warnings.py:112} WARNING - /home/***/.local/lib/python3.12/site-packages/***/models/baseoperator.py:1297: AirflowProviderDeprecationWarning: Call to deprecated class PostgresOperator. (Please use `***.providers.common.sql.operators.sql.SQLExecuteQueryOperator`.Also, you can provide `hook_params={'schema': <database>}`.)
  result = cls.__new__(cls)

[2024-10-01T15:20:13.775+0000] {taskinstance.py:3503} INFO - 1 downstream tasks scheduled from follow-on schedule check
[2024-10-01T15:20:13.777+0000] {local_task_job_runner.py:222} INFO - ::endgroup::
