[2024-10-16T13:13:44.675+0000] {local_task_job_runner.py:120} INFO - ::group::Pre task execution logs
[2024-10-16T13:13:44.728+0000] {taskinstance.py:2076} INFO - Dependencies all met for dep_context=non-requeueable deps ti=<TaskInstance: update_database.run_fbref_match_reports_scraper_container manual__2024-10-16T13:13:35.782007+00:00 [queued]>
[2024-10-16T13:13:44.747+0000] {taskinstance.py:2076} INFO - Dependencies all met for dep_context=requeueable deps ti=<TaskInstance: update_database.run_fbref_match_reports_scraper_container manual__2024-10-16T13:13:35.782007+00:00 [queued]>
[2024-10-16T13:13:44.748+0000] {taskinstance.py:2306} INFO - Starting attempt 1 of 2
[2024-10-16T13:13:44.791+0000] {taskinstance.py:2330} INFO - Executing <Task(PythonOperator): run_fbref_match_reports_scraper_container> on 2024-10-16 13:13:35.782007+00:00
[2024-10-16T13:13:44.810+0000] {warnings.py:112} WARNING - /home/***/.local/lib/python3.12/site-packages/***/task/task_runner/standard_task_runner.py:61: DeprecationWarning: This process (pid=108) is multi-threaded, use of fork() may lead to deadlocks in the child.
  pid = os.fork()

[2024-10-16T13:13:44.813+0000] {standard_task_runner.py:90} INFO - Running: ['***', 'tasks', 'run', 'update_database', 'run_fbref_match_reports_scraper_container', 'manual__2024-10-16T13:13:35.782007+00:00', '--job-id', '3889', '--raw', '--subdir', 'DAGS_FOLDER/update.py', '--cfg-path', '/tmp/tmpjmvd9e_y']
[2024-10-16T13:13:44.821+0000] {standard_task_runner.py:63} INFO - Started process 110 to run task
[2024-10-16T13:13:44.821+0000] {standard_task_runner.py:91} INFO - Job 3889: Subtask run_fbref_match_reports_scraper_container
[2024-10-16T13:13:44.959+0000] {task_command.py:426} INFO - Running <TaskInstance: update_database.run_fbref_match_reports_scraper_container manual__2024-10-16T13:13:35.782007+00:00 [running]> on host a665de55afa2
[2024-10-16T13:13:45.127+0000] {taskinstance.py:2648} INFO - Exporting env vars: AIRFLOW_CTX_DAG_OWNER='***' AIRFLOW_CTX_DAG_ID='update_database' AIRFLOW_CTX_TASK_ID='run_fbref_match_reports_scraper_container' AIRFLOW_CTX_EXECUTION_DATE='2024-10-16T13:13:35.782007+00:00' AIRFLOW_CTX_TRY_NUMBER='1' AIRFLOW_CTX_DAG_RUN_ID='manual__2024-10-16T13:13:35.782007+00:00'
[2024-10-16T13:13:45.132+0000] {taskinstance.py:430} INFO - ::endgroup::
[2024-10-16T14:26:18.789+0000] {logging_mixin.py:188} INFO - Container 'fbref_match_reports_scraper_container' is running with DATE_ENV=2024-05-19 and bind mount C:/Users/efsta/Desktop/Kostas/Data/football_scotland/***/dags/fbref_match_reports_scraper_container/csv -> /app/csv
[2024-10-16T14:26:18.895+0000] {python.py:237} INFO - Done. Returned value was: None
[2024-10-16T14:26:18.907+0000] {taskinstance.py:441} INFO - ::group::Post task execution logs
[2024-10-16T14:26:19.270+0000] {taskinstance.py:1206} INFO - Marking task as SUCCESS. dag_id=update_database, task_id=run_fbref_match_reports_scraper_container, run_id=manual__2024-10-16T13:13:35.782007+00:00, execution_date=20241016T131335, start_date=20241016T131344, end_date=20241016T142619
[2024-10-16T14:26:19.573+0000] {local_task_job_runner.py:240} INFO - Task exited with return code 0
[2024-10-16T14:26:19.768+0000] {taskinstance.py:3503} INFO - 1 downstream tasks scheduled from follow-on schedule check
[2024-10-16T14:26:19.770+0000] {local_task_job_runner.py:222} INFO - ::endgroup::
