[2024-10-08T14:18:03.581+0000] {local_task_job_runner.py:120} INFO - ::group::Pre task execution logs
[2024-10-08T14:18:03.612+0000] {taskinstance.py:2076} INFO - Dependencies all met for dep_context=non-requeueable deps ti=<TaskInstance: update_database.pull_docker_image manual__2024-10-08T14:18:01.313866+00:00 [queued]>
[2024-10-08T14:18:03.622+0000] {taskinstance.py:2076} INFO - Dependencies all met for dep_context=requeueable deps ti=<TaskInstance: update_database.pull_docker_image manual__2024-10-08T14:18:01.313866+00:00 [queued]>
[2024-10-08T14:18:03.623+0000] {taskinstance.py:2306} INFO - Starting attempt 1 of 2
[2024-10-08T14:18:03.643+0000] {taskinstance.py:2330} INFO - Executing <Task(BashOperator): pull_docker_image> on 2024-10-08 14:18:01.313866+00:00
[2024-10-08T14:18:03.649+0000] {warnings.py:112} WARNING - /home/***/.local/lib/python3.12/site-packages/***/task/task_runner/standard_task_runner.py:61: DeprecationWarning: This process (pid=530) is multi-threaded, use of fork() may lead to deadlocks in the child.
  pid = os.fork()

[2024-10-08T14:18:03.652+0000] {standard_task_runner.py:63} INFO - Started process 539 to run task
[2024-10-08T14:18:03.653+0000] {standard_task_runner.py:90} INFO - Running: ['***', 'tasks', 'run', 'update_database', 'pull_docker_image', 'manual__2024-10-08T14:18:01.313866+00:00', '--job-id', '3827', '--raw', '--subdir', 'DAGS_FOLDER/update.py', '--cfg-path', '/tmp/tmpra4pkut2']
[2024-10-08T14:18:03.654+0000] {standard_task_runner.py:91} INFO - Job 3827: Subtask pull_docker_image
[2024-10-08T14:18:03.705+0000] {task_command.py:426} INFO - Running <TaskInstance: update_database.pull_docker_image manual__2024-10-08T14:18:01.313866+00:00 [running]> on host 5e30186d778c
[2024-10-08T14:18:03.817+0000] {taskinstance.py:2648} INFO - Exporting env vars: AIRFLOW_CTX_DAG_OWNER='***' AIRFLOW_CTX_DAG_ID='update_database' AIRFLOW_CTX_TASK_ID='pull_docker_image' AIRFLOW_CTX_EXECUTION_DATE='2024-10-08T14:18:01.313866+00:00' AIRFLOW_CTX_TRY_NUMBER='1' AIRFLOW_CTX_DAG_RUN_ID='manual__2024-10-08T14:18:01.313866+00:00'
[2024-10-08T14:18:03.819+0000] {taskinstance.py:430} INFO - ::endgroup::
[2024-10-08T14:18:03.821+0000] {subprocess.py:63} INFO - Tmp dir root location: /tmp
[2024-10-08T14:18:03.822+0000] {subprocess.py:75} INFO - Running command: ['/usr/bin/bash', '-c', 'docker pull kostasmitalloulis/sofascoe_scraper_image_up:latest']
[2024-10-08T14:18:03.833+0000] {subprocess.py:86} INFO - Output:
[2024-10-08T14:18:18.875+0000] {subprocess.py:93} INFO - Error response from daemon: Get "https://registry-1.docker.io/v2/": net/http: request canceled while waiting for connection (Client.Timeout exceeded while awaiting headers)
[2024-10-08T14:18:18.877+0000] {subprocess.py:97} INFO - Command exited with return code 1
[2024-10-08T14:18:18.878+0000] {taskinstance.py:441} INFO - ::group::Post task execution logs
[2024-10-08T14:18:18.887+0000] {taskinstance.py:2905} ERROR - Task failed with exception
Traceback (most recent call last):
  File "/home/airflow/.local/lib/python3.12/site-packages/airflow/models/taskinstance.py", line 465, in _execute_task
    result = _execute_callable(context=context, **execute_callable_kwargs)
             ^^^^^^^^^^^^^^^^^^^^^^^^^^^^^^^^^^^^^^^^^^^^^^^^^^^^^^^^^^^^^
  File "/home/airflow/.local/lib/python3.12/site-packages/airflow/models/taskinstance.py", line 432, in _execute_callable
    return execute_callable(context=context, **execute_callable_kwargs)
           ^^^^^^^^^^^^^^^^^^^^^^^^^^^^^^^^^^^^^^^^^^^^^^^^^^^^^^^^^^^^
  File "/home/airflow/.local/lib/python3.12/site-packages/airflow/models/baseoperator.py", line 401, in wrapper
    return func(self, *args, **kwargs)
           ^^^^^^^^^^^^^^^^^^^^^^^^^^^
  File "/home/airflow/.local/lib/python3.12/site-packages/airflow/operators/bash.py", line 243, in execute
    raise AirflowException(
airflow.exceptions.AirflowException: Bash command failed. The command returned a non-zero exit code 1.
[2024-10-08T14:18:18.891+0000] {taskinstance.py:1206} INFO - Marking task as UP_FOR_RETRY. dag_id=update_database, task_id=pull_docker_image, run_id=manual__2024-10-08T14:18:01.313866+00:00, execution_date=20241008T141801, start_date=20241008T141803, end_date=20241008T141818
[2024-10-08T14:18:18.907+0000] {standard_task_runner.py:110} ERROR - Failed to execute job 3827 for task pull_docker_image (Bash command failed. The command returned a non-zero exit code 1.; 539)
[2024-10-08T14:18:18.928+0000] {local_task_job_runner.py:240} INFO - Task exited with return code 1
[2024-10-08T14:18:18.949+0000] {taskinstance.py:3503} INFO - 0 downstream tasks scheduled from follow-on schedule check
[2024-10-08T14:18:18.951+0000] {local_task_job_runner.py:222} INFO - ::endgroup::
