[2024-09-29T17:15:05.557+0000] {local_task_job_runner.py:120} INFO - ::group::Pre task execution logs
[2024-09-29T17:15:05.639+0000] {taskinstance.py:2076} INFO - Dependencies all met for dep_context=non-requeueable deps ti=<TaskInstance: intialization_database.merge_transform_all_sources manual__2024-09-29T17:14:26.507144+00:00 [queued]>
[2024-09-29T17:15:05.667+0000] {taskinstance.py:2076} INFO - Dependencies all met for dep_context=requeueable deps ti=<TaskInstance: intialization_database.merge_transform_all_sources manual__2024-09-29T17:14:26.507144+00:00 [queued]>
[2024-09-29T17:15:05.671+0000] {taskinstance.py:2306} INFO - Starting attempt 1 of 2
[2024-09-29T17:15:05.728+0000] {taskinstance.py:2330} INFO - Executing <Task(PythonOperator): merge_transform_all_sources> on 2024-09-29 17:14:26.507144+00:00
[2024-09-29T17:15:05.745+0000] {warnings.py:112} WARNING - /home/***/.local/lib/python3.12/site-packages/***/task/task_runner/standard_task_runner.py:61: DeprecationWarning: This process (pid=5055) is multi-threaded, use of fork() may lead to deadlocks in the child.
  pid = os.fork()

[2024-09-29T17:15:05.748+0000] {standard_task_runner.py:63} INFO - Started process 5057 to run task
[2024-09-29T17:15:05.753+0000] {standard_task_runner.py:90} INFO - Running: ['***', 'tasks', 'run', 'intialization_database', 'merge_transform_all_sources', 'manual__2024-09-29T17:14:26.507144+00:00', '--job-id', '2836', '--raw', '--subdir', 'DAGS_FOLDER/initialization.py', '--cfg-path', '/tmp/tmp0g4g726f']
[2024-09-29T17:15:05.756+0000] {standard_task_runner.py:91} INFO - Job 2836: Subtask merge_transform_all_sources
[2024-09-29T17:15:05.850+0000] {task_command.py:426} INFO - Running <TaskInstance: intialization_database.merge_transform_all_sources manual__2024-09-29T17:14:26.507144+00:00 [running]> on host e78fe06b6548
[2024-09-29T17:15:06.036+0000] {taskinstance.py:2648} INFO - Exporting env vars: AIRFLOW_CTX_DAG_OWNER='***' AIRFLOW_CTX_DAG_ID='intialization_database' AIRFLOW_CTX_TASK_ID='merge_transform_all_sources' AIRFLOW_CTX_EXECUTION_DATE='2024-09-29T17:14:26.507144+00:00' AIRFLOW_CTX_TRY_NUMBER='1' AIRFLOW_CTX_DAG_RUN_ID='manual__2024-09-29T17:14:26.507144+00:00'
[2024-09-29T17:15:06.038+0000] {taskinstance.py:430} INFO - ::endgroup::
[2024-09-29T17:15:12.321+0000] {python.py:237} INFO - Done. Returned value was: None
[2024-09-29T17:15:12.322+0000] {taskinstance.py:441} INFO - ::group::Post task execution logs
[2024-09-29T17:15:12.333+0000] {taskinstance.py:1206} INFO - Marking task as SUCCESS. dag_id=intialization_database, task_id=merge_transform_all_sources, run_id=manual__2024-09-29T17:14:26.507144+00:00, execution_date=20240929T171426, start_date=20240929T171505, end_date=20240929T171512
[2024-09-29T17:15:12.396+0000] {local_task_job_runner.py:240} INFO - Task exited with return code 0
[2024-09-29T17:15:12.409+0000] {warnings.py:112} WARNING - /home/***/.local/lib/python3.12/site-packages/***/models/baseoperator.py:1297: AirflowProviderDeprecationWarning: Call to deprecated class PostgresOperator. (Please use `***.providers.common.sql.operators.sql.SQLExecuteQueryOperator`.Also, you can provide `hook_params={'schema': <database>}`.)
  result = cls.__new__(cls)

[2024-09-29T17:15:12.433+0000] {taskinstance.py:3503} INFO - 1 downstream tasks scheduled from follow-on schedule check
[2024-09-29T17:15:12.435+0000] {local_task_job_runner.py:222} INFO - ::endgroup::
