[2024-09-29T11:47:41.284+0000] {local_task_job_runner.py:120} INFO - ::group::Pre task execution logs
[2024-09-29T11:47:41.311+0000] {taskinstance.py:2076} INFO - Dependencies all met for dep_context=non-requeueable deps ti=<TaskInstance: intialization_database.merge_transform_football_data_task manual__2024-09-29T11:47:35.728695+00:00 [queued]>
[2024-09-29T11:47:41.321+0000] {taskinstance.py:2076} INFO - Dependencies all met for dep_context=requeueable deps ti=<TaskInstance: intialization_database.merge_transform_football_data_task manual__2024-09-29T11:47:35.728695+00:00 [queued]>
[2024-09-29T11:47:41.322+0000] {taskinstance.py:2306} INFO - Starting attempt 1 of 2
[2024-09-29T11:47:41.337+0000] {taskinstance.py:2330} INFO - Executing <Task(PythonOperator): merge_transform_football_data_task> on 2024-09-29 11:47:35.728695+00:00
[2024-09-29T11:47:41.344+0000] {warnings.py:112} WARNING - /home/***/.local/lib/python3.12/site-packages/***/task/task_runner/standard_task_runner.py:61: DeprecationWarning: This process (pid=718) is multi-threaded, use of fork() may lead to deadlocks in the child.
  pid = os.fork()

[2024-09-29T11:47:41.345+0000] {standard_task_runner.py:63} INFO - Started process 720 to run task
[2024-09-29T11:47:41.346+0000] {standard_task_runner.py:90} INFO - Running: ['***', 'tasks', 'run', 'intialization_database', 'merge_transform_football_data_task', 'manual__2024-09-29T11:47:35.728695+00:00', '--job-id', '2788', '--raw', '--subdir', 'DAGS_FOLDER/initialization.py', '--cfg-path', '/tmp/tmptgc_8and']
[2024-09-29T11:47:41.348+0000] {standard_task_runner.py:91} INFO - Job 2788: Subtask merge_transform_football_data_task
[2024-09-29T11:47:41.395+0000] {task_command.py:426} INFO - Running <TaskInstance: intialization_database.merge_transform_football_data_task manual__2024-09-29T11:47:35.728695+00:00 [running]> on host e78fe06b6548
[2024-09-29T11:47:41.486+0000] {taskinstance.py:2648} INFO - Exporting env vars: AIRFLOW_CTX_DAG_OWNER='***' AIRFLOW_CTX_DAG_ID='intialization_database' AIRFLOW_CTX_TASK_ID='merge_transform_football_data_task' AIRFLOW_CTX_EXECUTION_DATE='2024-09-29T11:47:35.728695+00:00' AIRFLOW_CTX_TRY_NUMBER='1' AIRFLOW_CTX_DAG_RUN_ID='manual__2024-09-29T11:47:35.728695+00:00'
[2024-09-29T11:47:41.488+0000] {taskinstance.py:430} INFO - ::endgroup::
[2024-09-29T11:47:42.684+0000] {warnings.py:112} WARNING - /opt/***/dags/helpers_initialization_dag/football_data_merging_transforming_csvs_fl.py:94: SettingWithCopyWarning: 
A value is trying to be set on a copy of a slice from a DataFrame.
Try using .loc[row_indexer,col_indexer] = value instead

See the caveats in the documentation: https://pandas.pydata.org/pandas-docs/stable/user_guide/indexing.html#returning-a-view-versus-a-copy
  df_99_00_00['Date'] = df_99_00_00['Date'].apply(fix_date_format_after_nineties)

[2024-09-29T11:47:42.710+0000] {warnings.py:112} WARNING - /opt/***/dags/helpers_initialization_dag/football_data_merging_transforming_csvs_fl.py:99: SettingWithCopyWarning: 
A value is trying to be set on a copy of a slice from a DataFrame.
Try using .loc[row_indexer,col_indexer] = value instead

See the caveats in the documentation: https://pandas.pydata.org/pandas-docs/stable/user_guide/indexing.html#returning-a-view-versus-a-copy
  df_99_00_99['Date'] = df_99_00_99['Date'].apply(fix_date_format)

[2024-09-29T11:47:42.741+0000] {warnings.py:112} WARNING - /opt/***/dags/helpers_initialization_dag/football_data_merging_transforming_csvs_fl.py:113: FutureWarning: DataFrame.applymap has been deprecated. Use DataFrame.map instead.
  df_concatenated = df_concatenated.applymap(lambda x: x.strip() if isinstance(x, str) else x)

[2024-09-29T11:47:42.909+0000] {logging_mixin.py:188} INFO - File /opt/***/dags/csvs/first_load_csvs/football_data_csvs/df_99_00_00.csv has been deleted.
[2024-09-29T11:47:42.911+0000] {python.py:237} INFO - Done. Returned value was: None
[2024-09-29T11:47:42.912+0000] {taskinstance.py:441} INFO - ::group::Post task execution logs
[2024-09-29T11:47:42.922+0000] {taskinstance.py:1206} INFO - Marking task as SUCCESS. dag_id=intialization_database, task_id=merge_transform_football_data_task, run_id=manual__2024-09-29T11:47:35.728695+00:00, execution_date=20240929T114735, start_date=20240929T114741, end_date=20240929T114742
[2024-09-29T11:47:42.965+0000] {local_task_job_runner.py:240} INFO - Task exited with return code 0
[2024-09-29T11:47:42.997+0000] {taskinstance.py:3503} INFO - 1 downstream tasks scheduled from follow-on schedule check
[2024-09-29T11:47:42.999+0000] {local_task_job_runner.py:222} INFO - ::endgroup::
