[2024-09-29T11:55:23.893+0000] {local_task_job_runner.py:120} INFO - ::group::Pre task execution logs
[2024-09-29T11:55:23.930+0000] {taskinstance.py:2076} INFO - Dependencies all met for dep_context=non-requeueable deps ti=<TaskInstance: intialization_database.create_football_airflow_connection manual__2024-09-29T11:54:46.578716+00:00 [queued]>
[2024-09-29T11:55:23.942+0000] {taskinstance.py:2076} INFO - Dependencies all met for dep_context=requeueable deps ti=<TaskInstance: intialization_database.create_football_airflow_connection manual__2024-09-29T11:54:46.578716+00:00 [queued]>
[2024-09-29T11:55:23.945+0000] {taskinstance.py:2306} INFO - Starting attempt 1 of 1
[2024-09-29T11:55:23.962+0000] {taskinstance.py:2330} INFO - Executing <Task(PythonOperator): create_football_airflow_connection> on 2024-09-29 11:54:46.578716+00:00
[2024-09-29T11:55:23.969+0000] {warnings.py:112} WARNING - /home/***/.local/lib/python3.12/site-packages/***/task/task_runner/standard_task_runner.py:61: DeprecationWarning: This process (pid=865) is multi-threaded, use of fork() may lead to deadlocks in the child.
  pid = os.fork()

[2024-09-29T11:55:23.971+0000] {standard_task_runner.py:63} INFO - Started process 867 to run task
[2024-09-29T11:55:23.973+0000] {standard_task_runner.py:90} INFO - Running: ['***', 'tasks', 'run', 'intialization_database', 'create_football_***_connection', 'manual__2024-09-29T11:54:46.578716+00:00', '--job-id', '2804', '--raw', '--subdir', 'DAGS_FOLDER/initialization.py', '--cfg-path', '/tmp/tmpomzn6wxw']
[2024-09-29T11:55:23.975+0000] {standard_task_runner.py:91} INFO - Job 2804: Subtask create_football_***_connection
[2024-09-29T11:55:24.029+0000] {task_command.py:426} INFO - Running <TaskInstance: intialization_database.create_football_airflow_connection manual__2024-09-29T11:54:46.578716+00:00 [running]> on host e78fe06b6548
[2024-09-29T11:55:24.137+0000] {taskinstance.py:2648} INFO - Exporting env vars: AIRFLOW_CTX_DAG_OWNER='***' AIRFLOW_CTX_DAG_ID='intialization_database' AIRFLOW_CTX_TASK_ID='create_football_***_connection' AIRFLOW_CTX_EXECUTION_DATE='2024-09-29T11:54:46.578716+00:00' AIRFLOW_CTX_TRY_NUMBER='1' AIRFLOW_CTX_DAG_RUN_ID='manual__2024-09-29T11:54:46.578716+00:00'
[2024-09-29T11:55:24.139+0000] {taskinstance.py:430} INFO - ::endgroup::
[2024-09-29T11:55:24.141+0000] {crypto.py:82} WARNING - empty cryptography key - values will not be stored encrypted.
[2024-09-29T11:55:24.150+0000] {python.py:237} INFO - Done. Returned value was: None
[2024-09-29T11:55:24.151+0000] {taskinstance.py:441} INFO - ::group::Post task execution logs
[2024-09-29T11:55:24.163+0000] {taskinstance.py:1206} INFO - Marking task as SUCCESS. dag_id=intialization_database, task_id=create_football_***_connection, run_id=manual__2024-09-29T11:54:46.578716+00:00, execution_date=20240929T115446, start_date=20240929T115523, end_date=20240929T115524
[2024-09-29T11:55:24.226+0000] {local_task_job_runner.py:240} INFO - Task exited with return code 0
[2024-09-29T11:55:24.251+0000] {taskinstance.py:3503} INFO - 0 downstream tasks scheduled from follow-on schedule check
[2024-09-29T11:55:24.254+0000] {local_task_job_runner.py:222} INFO - ::endgroup::
