[2024-10-08T14:28:46.435+0000] {local_task_job_runner.py:120} INFO - ::group::Pre task execution logs
[2024-10-08T14:28:46.502+0000] {taskinstance.py:2076} INFO - Dependencies all met for dep_context=non-requeueable deps ti=<TaskInstance: update_database.run_sofascore_scraper manual__2024-10-08T14:14:08.552864+00:00 [queued]>
[2024-10-08T14:28:46.530+0000] {taskinstance.py:2076} INFO - Dependencies all met for dep_context=requeueable deps ti=<TaskInstance: update_database.run_sofascore_scraper manual__2024-10-08T14:14:08.552864+00:00 [queued]>
[2024-10-08T14:28:46.531+0000] {taskinstance.py:2306} INFO - Starting attempt 2 of 2
[2024-10-08T14:28:46.562+0000] {taskinstance.py:2330} INFO - Executing <Task(BashOperator): run_sofascore_scraper> on 2024-10-08 14:14:08.552864+00:00
[2024-10-08T14:28:46.573+0000] {warnings.py:112} WARNING - /home/***/.local/lib/python3.12/site-packages/***/task/task_runner/standard_task_runner.py:61: DeprecationWarning: This process (pid=89) is multi-threaded, use of fork() may lead to deadlocks in the child.
  pid = os.fork()

[2024-10-08T14:28:46.575+0000] {standard_task_runner.py:63} INFO - Started process 102 to run task
[2024-10-08T14:28:46.576+0000] {standard_task_runner.py:90} INFO - Running: ['***', 'tasks', 'run', 'update_database', 'run_sofascore_scraper', 'manual__2024-10-08T14:14:08.552864+00:00', '--job-id', '3836', '--raw', '--subdir', 'DAGS_FOLDER/update.py', '--cfg-path', '/tmp/tmpn4r60r4m']
[2024-10-08T14:28:46.578+0000] {standard_task_runner.py:91} INFO - Job 3836: Subtask run_sofascore_scraper
[2024-10-08T14:28:46.653+0000] {task_command.py:426} INFO - Running <TaskInstance: update_database.run_sofascore_scraper manual__2024-10-08T14:14:08.552864+00:00 [running]> on host 1fee8bc549a8
[2024-10-08T14:28:46.811+0000] {taskinstance.py:2648} INFO - Exporting env vars: AIRFLOW_CTX_DAG_OWNER='***' AIRFLOW_CTX_DAG_ID='update_database' AIRFLOW_CTX_TASK_ID='run_sofascore_scraper' AIRFLOW_CTX_EXECUTION_DATE='2024-10-08T14:14:08.552864+00:00' AIRFLOW_CTX_TRY_NUMBER='2' AIRFLOW_CTX_DAG_RUN_ID='manual__2024-10-08T14:14:08.552864+00:00'
[2024-10-08T14:28:46.813+0000] {taskinstance.py:430} INFO - ::endgroup::
[2024-10-08T14:28:46.815+0000] {subprocess.py:63} INFO - Tmp dir root location: /tmp
[2024-10-08T14:28:46.817+0000] {subprocess.py:75} INFO - Running command: ['/usr/bin/bash', '-c', 'docker run -d --name sofascore_scraper_container -v C:/Users/efsta/Desktop/Kostas/Data/football_scotland/***/dags/sofascore_scraper_container/csv:/app/csv kostasmitalloulis/sofascoe_scraper_image_up:latest ']
[2024-10-08T14:28:46.836+0000] {subprocess.py:86} INFO - Output:
[2024-10-08T14:28:46.909+0000] {subprocess.py:93} INFO - docker: Error response from daemon: Conflict. The container name "/sofascore_scraper_container" is already in use by container "f654a3877fa40d95ab878a5ae3300948693f964e194fad101869002d5a524fca". You have to remove (or rename) that container to be able to reuse that name.
[2024-10-08T14:28:46.911+0000] {subprocess.py:93} INFO - See 'docker run --help'.
[2024-10-08T14:28:46.912+0000] {subprocess.py:97} INFO - Command exited with return code 125
[2024-10-08T14:28:46.924+0000] {taskinstance.py:441} INFO - ::group::Post task execution logs
[2024-10-08T14:28:46.943+0000] {taskinstance.py:2905} ERROR - Task failed with exception
Traceback (most recent call last):
  File "/home/airflow/.local/lib/python3.12/site-packages/airflow/models/taskinstance.py", line 465, in _execute_task
    result = _execute_callable(context=context, **execute_callable_kwargs)
             ^^^^^^^^^^^^^^^^^^^^^^^^^^^^^^^^^^^^^^^^^^^^^^^^^^^^^^^^^^^^^
  File "/home/airflow/.local/lib/python3.12/site-packages/airflow/models/taskinstance.py", line 432, in _execute_callable
    return execute_callable(context=context, **execute_callable_kwargs)
           ^^^^^^^^^^^^^^^^^^^^^^^^^^^^^^^^^^^^^^^^^^^^^^^^^^^^^^^^^^^^
  File "/home/airflow/.local/lib/python3.12/site-packages/airflow/models/baseoperator.py", line 401, in wrapper
    return func(self, *args, **kwargs)
           ^^^^^^^^^^^^^^^^^^^^^^^^^^^
  File "/home/airflow/.local/lib/python3.12/site-packages/airflow/operators/bash.py", line 243, in execute
    raise AirflowException(
airflow.exceptions.AirflowException: Bash command failed. The command returned a non-zero exit code 125.
[2024-10-08T14:28:46.950+0000] {taskinstance.py:1206} INFO - Marking task as FAILED. dag_id=update_database, task_id=run_sofascore_scraper, run_id=manual__2024-10-08T14:14:08.552864+00:00, execution_date=20241008T141408, start_date=20241008T142846, end_date=20241008T142846
[2024-10-08T14:28:46.981+0000] {standard_task_runner.py:110} ERROR - Failed to execute job 3836 for task run_sofascore_scraper (Bash command failed. The command returned a non-zero exit code 125.; 102)
[2024-10-08T14:28:47.004+0000] {local_task_job_runner.py:240} INFO - Task exited with return code 1
[2024-10-08T14:28:47.033+0000] {taskinstance.py:3503} INFO - 0 downstream tasks scheduled from follow-on schedule check
[2024-10-08T14:28:47.041+0000] {local_task_job_runner.py:222} INFO - ::endgroup::
