[2024-10-08T14:00:54.463+0000] {local_task_job_runner.py:120} INFO - ::group::Pre task execution logs
[2024-10-08T14:00:54.497+0000] {taskinstance.py:2076} INFO - Dependencies all met for dep_context=non-requeueable deps ti=<TaskInstance: update_database.delete_container_image manual__2024-10-08T13:58:45.388681+00:00 [queued]>
[2024-10-08T14:00:54.511+0000] {taskinstance.py:2076} INFO - Dependencies all met for dep_context=requeueable deps ti=<TaskInstance: update_database.delete_container_image manual__2024-10-08T13:58:45.388681+00:00 [queued]>
[2024-10-08T14:00:54.513+0000] {taskinstance.py:2306} INFO - Starting attempt 1 of 2
[2024-10-08T14:00:54.531+0000] {taskinstance.py:2330} INFO - Executing <Task(BashOperator): delete_container_image> on 2024-10-08 13:58:45.388681+00:00
[2024-10-08T14:00:54.541+0000] {warnings.py:112} WARNING - /home/***/.local/lib/python3.12/site-packages/***/task/task_runner/standard_task_runner.py:61: DeprecationWarning: This process (pid=195) is multi-threaded, use of fork() may lead to deadlocks in the child.
  pid = os.fork()

[2024-10-08T14:00:54.543+0000] {standard_task_runner.py:63} INFO - Started process 197 to run task
[2024-10-08T14:00:54.545+0000] {standard_task_runner.py:90} INFO - Running: ['***', 'tasks', 'run', 'update_database', 'delete_container_image', 'manual__2024-10-08T13:58:45.388681+00:00', '--job-id', '3816', '--raw', '--subdir', 'DAGS_FOLDER/update.py', '--cfg-path', '/tmp/tmpsyy2ho08']
[2024-10-08T14:00:54.547+0000] {standard_task_runner.py:91} INFO - Job 3816: Subtask delete_container_image
[2024-10-08T14:00:54.608+0000] {task_command.py:426} INFO - Running <TaskInstance: update_database.delete_container_image manual__2024-10-08T13:58:45.388681+00:00 [running]> on host 5e30186d778c
[2024-10-08T14:00:54.747+0000] {taskinstance.py:2648} INFO - Exporting env vars: AIRFLOW_CTX_DAG_OWNER='***' AIRFLOW_CTX_DAG_ID='update_database' AIRFLOW_CTX_TASK_ID='delete_container_image' AIRFLOW_CTX_EXECUTION_DATE='2024-10-08T13:58:45.388681+00:00' AIRFLOW_CTX_TRY_NUMBER='1' AIRFLOW_CTX_DAG_RUN_ID='manual__2024-10-08T13:58:45.388681+00:00'
[2024-10-08T14:00:54.749+0000] {taskinstance.py:430} INFO - ::endgroup::
[2024-10-08T14:00:54.750+0000] {subprocess.py:63} INFO - Tmp dir root location: /tmp
[2024-10-08T14:00:54.752+0000] {subprocess.py:75} INFO - Running command: ['/usr/bin/bash', '-c', 'docker rm sofascore_scraper_container && docker rmi kostasmitalloulis/sofascoe_scraper_image_up']
[2024-10-08T14:00:54.770+0000] {subprocess.py:86} INFO - Output:
[2024-10-08T14:00:54.893+0000] {subprocess.py:93} INFO - Error response from daemon: cannot remove container "/sofascore_scraper_container": container is running: stop the container before removing or force remove
[2024-10-08T14:00:54.895+0000] {subprocess.py:97} INFO - Command exited with return code 1
[2024-10-08T14:00:54.896+0000] {taskinstance.py:441} INFO - ::group::Post task execution logs
[2024-10-08T14:00:54.910+0000] {taskinstance.py:2905} ERROR - Task failed with exception
Traceback (most recent call last):
  File "/home/airflow/.local/lib/python3.12/site-packages/airflow/models/taskinstance.py", line 465, in _execute_task
    result = _execute_callable(context=context, **execute_callable_kwargs)
             ^^^^^^^^^^^^^^^^^^^^^^^^^^^^^^^^^^^^^^^^^^^^^^^^^^^^^^^^^^^^^
  File "/home/airflow/.local/lib/python3.12/site-packages/airflow/models/taskinstance.py", line 432, in _execute_callable
    return execute_callable(context=context, **execute_callable_kwargs)
           ^^^^^^^^^^^^^^^^^^^^^^^^^^^^^^^^^^^^^^^^^^^^^^^^^^^^^^^^^^^^
  File "/home/airflow/.local/lib/python3.12/site-packages/airflow/models/baseoperator.py", line 401, in wrapper
    return func(self, *args, **kwargs)
           ^^^^^^^^^^^^^^^^^^^^^^^^^^^
  File "/home/airflow/.local/lib/python3.12/site-packages/airflow/operators/bash.py", line 243, in execute
    raise AirflowException(
airflow.exceptions.AirflowException: Bash command failed. The command returned a non-zero exit code 1.
[2024-10-08T14:00:54.916+0000] {taskinstance.py:1206} INFO - Marking task as UP_FOR_RETRY. dag_id=update_database, task_id=delete_container_image, run_id=manual__2024-10-08T13:58:45.388681+00:00, execution_date=20241008T135845, start_date=20241008T140054, end_date=20241008T140054
[2024-10-08T14:00:54.935+0000] {standard_task_runner.py:110} ERROR - Failed to execute job 3816 for task delete_container_image (Bash command failed. The command returned a non-zero exit code 1.; 197)
[2024-10-08T14:00:54.959+0000] {local_task_job_runner.py:240} INFO - Task exited with return code 1
[2024-10-08T14:00:54.979+0000] {taskinstance.py:3503} INFO - 0 downstream tasks scheduled from follow-on schedule check
[2024-10-08T14:00:54.981+0000] {local_task_job_runner.py:222} INFO - ::endgroup::
