[2024-10-02T18:54:47.320+0000] {local_task_job_runner.py:120} INFO - ::group::Pre task execution logs
[2024-10-02T18:54:47.362+0000] {taskinstance.py:2076} INFO - Dependencies all met for dep_context=non-requeueable deps ti=<TaskInstance: intialization_database.create_football_scotland_connection manual__2024-10-02T18:53:54.511300+00:00 [queued]>
[2024-10-02T18:54:47.378+0000] {taskinstance.py:2076} INFO - Dependencies all met for dep_context=requeueable deps ti=<TaskInstance: intialization_database.create_football_scotland_connection manual__2024-10-02T18:53:54.511300+00:00 [queued]>
[2024-10-02T18:54:47.381+0000] {taskinstance.py:2306} INFO - Starting attempt 1 of 1
[2024-10-02T18:54:47.404+0000] {taskinstance.py:2330} INFO - Executing <Task(PythonOperator): create_football_scotland_connection> on 2024-10-02 18:53:54.511300+00:00
[2024-10-02T18:54:47.416+0000] {warnings.py:112} WARNING - /home/***/.local/lib/python3.12/site-packages/***/task/task_runner/standard_task_runner.py:61: DeprecationWarning: This process (pid=9271) is multi-threaded, use of fork() may lead to deadlocks in the child.
  pid = os.fork()

[2024-10-02T18:54:47.419+0000] {standard_task_runner.py:63} INFO - Started process 9280 to run task
[2024-10-02T18:54:47.419+0000] {standard_task_runner.py:90} INFO - Running: ['***', 'tasks', 'run', 'intialization_database', 'create_football_scotland_connection', 'manual__2024-10-02T18:53:54.511300+00:00', '--job-id', '3429', '--raw', '--subdir', 'DAGS_FOLDER/initialization.py', '--cfg-path', '/tmp/tmpnqqv0irx']
[2024-10-02T18:54:47.421+0000] {standard_task_runner.py:91} INFO - Job 3429: Subtask create_football_scotland_connection
[2024-10-02T18:54:47.499+0000] {task_command.py:426} INFO - Running <TaskInstance: intialization_database.create_football_scotland_connection manual__2024-10-02T18:53:54.511300+00:00 [running]> on host 6dc69f1b4d8f
[2024-10-02T18:54:47.708+0000] {taskinstance.py:2648} INFO - Exporting env vars: AIRFLOW_CTX_DAG_OWNER='***' AIRFLOW_CTX_DAG_ID='intialization_database' AIRFLOW_CTX_TASK_ID='create_football_scotland_connection' AIRFLOW_CTX_EXECUTION_DATE='2024-10-02T18:53:54.511300+00:00' AIRFLOW_CTX_TRY_NUMBER='1' AIRFLOW_CTX_DAG_RUN_ID='manual__2024-10-02T18:53:54.511300+00:00'
[2024-10-02T18:54:47.712+0000] {taskinstance.py:430} INFO - ::endgroup::
[2024-10-02T18:54:47.714+0000] {crypto.py:82} WARNING - empty cryptography key - values will not be stored encrypted.
[2024-10-02T18:54:47.725+0000] {python.py:237} INFO - Done. Returned value was: None
[2024-10-02T18:54:47.726+0000] {taskinstance.py:441} INFO - ::group::Post task execution logs
[2024-10-02T18:54:47.742+0000] {taskinstance.py:1206} INFO - Marking task as SUCCESS. dag_id=intialization_database, task_id=create_football_scotland_connection, run_id=manual__2024-10-02T18:53:54.511300+00:00, execution_date=20241002T185354, start_date=20241002T185447, end_date=20241002T185447
[2024-10-02T18:54:47.798+0000] {local_task_job_runner.py:240} INFO - Task exited with return code 0
[2024-10-02T18:54:47.812+0000] {warnings.py:112} WARNING - /home/***/.local/lib/python3.12/site-packages/***/models/baseoperator.py:1297: AirflowProviderDeprecationWarning: Call to deprecated class PostgresOperator. (Please use `***.providers.common.sql.operators.sql.SQLExecuteQueryOperator`.Also, you can provide `hook_params={'schema': <database>}`.)
  result = cls.__new__(cls)

[2024-10-02T18:54:47.843+0000] {taskinstance.py:3503} INFO - 1 downstream tasks scheduled from follow-on schedule check
[2024-10-02T18:54:47.848+0000] {local_task_job_runner.py:222} INFO - ::endgroup::
