[2024-09-27T12:48:41.728+0000] {local_task_job_runner.py:120} INFO - ::group::Pre task execution logs
[2024-09-27T12:48:41.754+0000] {taskinstance.py:2076} INFO - Dependencies all met for dep_context=non-requeueable deps ti=<TaskInstance: intialization_database.merge_transform_fbref_only_general_stats_of_each_match manual__2024-09-27T12:48:39.508023+00:00 [queued]>
[2024-09-27T12:48:41.763+0000] {taskinstance.py:2076} INFO - Dependencies all met for dep_context=requeueable deps ti=<TaskInstance: intialization_database.merge_transform_fbref_only_general_stats_of_each_match manual__2024-09-27T12:48:39.508023+00:00 [queued]>
[2024-09-27T12:48:41.764+0000] {taskinstance.py:2306} INFO - Starting attempt 1 of 2
[2024-09-27T12:48:41.780+0000] {taskinstance.py:2330} INFO - Executing <Task(PythonOperator): merge_transform_fbref_only_general_stats_of_each_match> on 2024-09-27 12:48:39.508023+00:00
[2024-09-27T12:48:41.789+0000] {warnings.py:112} WARNING - /home/***/.local/lib/python3.12/site-packages/***/task/task_runner/standard_task_runner.py:61: DeprecationWarning: This process (pid=370) is multi-threaded, use of fork() may lead to deadlocks in the child.
  pid = os.fork()

[2024-09-27T12:48:41.791+0000] {standard_task_runner.py:63} INFO - Started process 372 to run task
[2024-09-27T12:48:41.791+0000] {standard_task_runner.py:90} INFO - Running: ['***', 'tasks', 'run', 'intialization_database', 'merge_transform_fbref_only_general_stats_of_each_match', 'manual__2024-09-27T12:48:39.508023+00:00', '--job-id', '2761', '--raw', '--subdir', 'DAGS_FOLDER/initialization.py', '--cfg-path', '/tmp/tmpvf_hv3ze']
[2024-09-27T12:48:41.792+0000] {standard_task_runner.py:91} INFO - Job 2761: Subtask merge_transform_fbref_only_general_stats_of_each_match
[2024-09-27T12:48:41.843+0000] {task_command.py:426} INFO - Running <TaskInstance: intialization_database.merge_transform_fbref_only_general_stats_of_each_match manual__2024-09-27T12:48:39.508023+00:00 [running]> on host 3439da570e34
[2024-09-27T12:48:41.946+0000] {taskinstance.py:2648} INFO - Exporting env vars: AIRFLOW_CTX_DAG_OWNER='***' AIRFLOW_CTX_DAG_ID='intialization_database' AIRFLOW_CTX_TASK_ID='merge_transform_fbref_only_general_stats_of_each_match' AIRFLOW_CTX_EXECUTION_DATE='2024-09-27T12:48:39.508023+00:00' AIRFLOW_CTX_TRY_NUMBER='1' AIRFLOW_CTX_DAG_RUN_ID='manual__2024-09-27T12:48:39.508023+00:00'
[2024-09-27T12:48:41.949+0000] {taskinstance.py:430} INFO - ::endgroup::
[2024-09-27T12:48:42.072+0000] {warnings.py:112} WARNING - /opt/***/dags/helpers_initialization_dag/fbref_only_general_stats_of_each_match_merging_transforming_fl.py:27: FutureWarning: DataFrame.applymap has been deprecated. Use DataFrame.map instead.
  merged_transformed_df_only_general_stats = merged_transformed_df_only_general_stats.applymap(lambda x: x.strip() if isinstance(x, str) else x)

[2024-09-27T12:48:42.216+0000] {logging_mixin.py:188} INFO - All CSVs have been merged into /opt/***/dags/csvs/first_load_csvs/fbref_only_general_stats_merged_transformed.csv
[2024-09-27T12:48:42.217+0000] {python.py:237} INFO - Done. Returned value was: None
[2024-09-27T12:48:42.218+0000] {taskinstance.py:441} INFO - ::group::Post task execution logs
[2024-09-27T12:48:42.227+0000] {taskinstance.py:1206} INFO - Marking task as SUCCESS. dag_id=intialization_database, task_id=merge_transform_fbref_only_general_stats_of_each_match, run_id=manual__2024-09-27T12:48:39.508023+00:00, execution_date=20240927T124839, start_date=20240927T124841, end_date=20240927T124842
[2024-09-27T12:48:42.287+0000] {local_task_job_runner.py:240} INFO - Task exited with return code 0
[2024-09-27T12:48:42.318+0000] {taskinstance.py:3503} INFO - 1 downstream tasks scheduled from follow-on schedule check
[2024-09-27T12:48:42.322+0000] {local_task_job_runner.py:222} INFO - ::endgroup::
