[2024-10-02T09:48:23.812+0000] {local_task_job_runner.py:120} INFO - ::group::Pre task execution logs
[2024-10-02T09:48:23.841+0000] {taskinstance.py:2076} INFO - Dependencies all met for dep_context=non-requeueable deps ti=<TaskInstance: intialization_database.data_insert_dim_tables_fl manual__2024-10-02T09:47:14.996093+00:00 [queued]>
[2024-10-02T09:48:23.852+0000] {taskinstance.py:2076} INFO - Dependencies all met for dep_context=requeueable deps ti=<TaskInstance: intialization_database.data_insert_dim_tables_fl manual__2024-10-02T09:47:14.996093+00:00 [queued]>
[2024-10-02T09:48:23.854+0000] {taskinstance.py:2306} INFO - Starting attempt 1 of 2
[2024-10-02T09:48:23.871+0000] {taskinstance.py:2330} INFO - Executing <Task(PostgresOperator): data_insert_dim_tables_fl> on 2024-10-02 09:47:14.996093+00:00
[2024-10-02T09:48:23.882+0000] {warnings.py:112} WARNING - /home/***/.local/lib/python3.12/site-packages/***/task/task_runner/standard_task_runner.py:61: DeprecationWarning: This process (pid=1722) is multi-threaded, use of fork() may lead to deadlocks in the child.
  pid = os.fork()

[2024-10-02T09:48:23.884+0000] {standard_task_runner.py:63} INFO - Started process 1724 to run task
[2024-10-02T09:48:23.884+0000] {standard_task_runner.py:90} INFO - Running: ['***', 'tasks', 'run', 'intialization_database', 'data_insert_dim_tables_fl', 'manual__2024-10-02T09:47:14.996093+00:00', '--job-id', '3210', '--raw', '--subdir', 'DAGS_FOLDER/initialization.py', '--cfg-path', '/tmp/tmpztpjpdlu']
[2024-10-02T09:48:23.886+0000] {standard_task_runner.py:91} INFO - Job 3210: Subtask data_insert_dim_tables_fl
[2024-10-02T09:48:23.945+0000] {task_command.py:426} INFO - Running <TaskInstance: intialization_database.data_insert_dim_tables_fl manual__2024-10-02T09:47:14.996093+00:00 [running]> on host 6dc69f1b4d8f
[2024-10-02T09:48:24.070+0000] {taskinstance.py:2648} INFO - Exporting env vars: AIRFLOW_CTX_DAG_OWNER='***' AIRFLOW_CTX_DAG_ID='intialization_database' AIRFLOW_CTX_TASK_ID='data_insert_dim_tables_fl' AIRFLOW_CTX_EXECUTION_DATE='2024-10-02T09:47:14.996093+00:00' AIRFLOW_CTX_TRY_NUMBER='1' AIRFLOW_CTX_DAG_RUN_ID='manual__2024-10-02T09:47:14.996093+00:00'
[2024-10-02T09:48:24.072+0000] {taskinstance.py:430} INFO - ::endgroup::
[2024-10-02T09:48:24.072+0000] {sql.py:276} INFO - Executing: INSERT INTO scottish_premiership.dim_general_info (
    game_date,
    fd_time ,
    hometeam ,
    awayteam ,
    fd_fthg ,
    fd_ftag ,
    fd_hthg ,
    fd_htag ,
    fd_ftr ,
    fd_htr ,
    fd_tournament_season ,
    sofa_tournament_name ,
    sofa_tournament_country ,
    sofa_tournament_name_season ,
    sofa_tournament_season ,
    sofa_tournament_round ,
    fbref_time ,
    fbref_comp ,
    fbref_round ,
    fbref_day ,
    fbref_attendance ,
    fbref_full_season_format ,
    fbref_shortened_season ,
    fbref_match_report_url ,
    fbref_game_venue_epoch ,
    fbref_game_venue_time ,
    fbref_stadium_name ,
    german_import_time 
)
SELECT 
    game_date ,
    football_data_time ,
    hometeam ,
    football_data_awayteam ,
    football_data_fthg ,
    football_data_ftag ,
    football_data_hthg ,
    football_data_htag ,
    football_data_ftr ,
    football_data_htr ,
    football_data_tournament_season ,
    sofascore_tournament_name ,
    sofascore_tournament_country ,
    sofascore_tournament_name_season ,
    sofascore_tournament_season ,
    sofascore_tournament_round ,
    fbref_only_general_stats_time ,
    fbref_only_general_stats_comp ,
    fbref_only_general_stats_round ,
    fbref_only_general_stats_day ,
    fbref_only_general_stats_score_fixtures_hometeam_attendance,
    fbref_only_general_stats_full_season_format ,
    fbref_only_general_stats_shortened_season ,
    fbref_match_reports_match_report_url ,
    fbref_match_reports_game_venue_epoch ,
    fbref_match_reports_game_venue_time ,
    fbref_match_reports_stadium_name ,
    german_import_time 
FROM scottish_premiership.staging_table_fl
ON CONFLICT (game_date, hometeam) DO NOTHING;  -- Prevents duplicate inserts based on game_date and hometeam
[2024-10-02T09:48:24.082+0000] {base.py:84} INFO - Using connection ID 'football_scotland_connection' for task execution.
[2024-10-02T09:48:24.093+0000] {base.py:84} INFO - Using connection ID 'football_scotland_connection' for task execution.
[2024-10-02T09:48:24.097+0000] {sql.py:487} INFO - Running statement: INSERT INTO scottish_premiership.dim_general_info (
    game_date,
    fd_time ,
    hometeam ,
    awayteam ,
    fd_fthg ,
    fd_ftag ,
    fd_hthg ,
    fd_htag ,
    fd_ftr ,
    fd_htr ,
    fd_tournament_season ,
    sofa_tournament_name ,
    sofa_tournament_country ,
    sofa_tournament_name_season ,
    sofa_tournament_season ,
    sofa_tournament_round ,
    fbref_time ,
    fbref_comp ,
    fbref_round ,
    fbref_day ,
    fbref_attendance ,
    fbref_full_season_format ,
    fbref_shortened_season ,
    fbref_match_report_url ,
    fbref_game_venue_epoch ,
    fbref_game_venue_time ,
    fbref_stadium_name ,
    german_import_time 
)
SELECT 
    game_date ,
    football_data_time ,
    hometeam ,
    football_data_awayteam ,
    football_data_fthg ,
    football_data_ftag ,
    football_data_hthg ,
    football_data_htag ,
    football_data_ftr ,
    football_data_htr ,
    football_data_tournament_season ,
    sofascore_tournament_name ,
    sofascore_tournament_country ,
    sofascore_tournament_name_season ,
    sofascore_tournament_season ,
    sofascore_tournament_round ,
    fbref_only_general_stats_time ,
    fbref_only_general_stats_comp ,
    fbref_only_general_stats_round ,
    fbref_only_general_stats_day ,
    fbref_only_general_stats_score_fixtures_hometeam_attendance,
    fbref_only_general_stats_full_season_format ,
    fbref_only_general_stats_shortened_season ,
    fbref_match_reports_match_report_url ,
    fbref_match_reports_game_venue_epoch ,
    fbref_match_reports_game_venue_time ,
    fbref_match_reports_stadium_name ,
    german_import_time 
FROM scottish_premiership.staging_table_fl
ON CONFLICT (game_date, hometeam) DO NOTHING;  -- Prevents duplicate inserts based on game_date and hometeam, parameters: None
[2024-10-02T09:48:24.193+0000] {sql.py:496} INFO - Rows affected: 5591
[2024-10-02T09:48:24.194+0000] {taskinstance.py:441} INFO - ::group::Post task execution logs
[2024-10-02T09:48:24.206+0000] {taskinstance.py:1206} INFO - Marking task as SUCCESS. dag_id=intialization_database, task_id=data_insert_dim_tables_fl, run_id=manual__2024-10-02T09:47:14.996093+00:00, execution_date=20241002T094714, start_date=20241002T094823, end_date=20241002T094824
[2024-10-02T09:48:24.260+0000] {local_task_job_runner.py:240} INFO - Task exited with return code 0
[2024-10-02T09:48:24.279+0000] {taskinstance.py:3503} INFO - 0 downstream tasks scheduled from follow-on schedule check
[2024-10-02T09:48:24.282+0000] {local_task_job_runner.py:222} INFO - ::endgroup::
