[2024-10-01T12:17:05.884+0000] {local_task_job_runner.py:120} INFO - ::group::Pre task execution logs
[2024-10-01T12:17:05.921+0000] {taskinstance.py:2076} INFO - Dependencies all met for dep_context=non-requeueable deps ti=<TaskInstance: intialization_database.create_staging_table_fl manual__2024-10-01T12:16:16.623409+00:00 [queued]>
[2024-10-01T12:17:05.935+0000] {taskinstance.py:2076} INFO - Dependencies all met for dep_context=requeueable deps ti=<TaskInstance: intialization_database.create_staging_table_fl manual__2024-10-01T12:16:16.623409+00:00 [queued]>
[2024-10-01T12:17:05.937+0000] {taskinstance.py:2306} INFO - Starting attempt 1 of 2
[2024-10-01T12:17:05.957+0000] {taskinstance.py:2330} INFO - Executing <Task(PostgresOperator): create_staging_table_fl> on 2024-10-01 12:16:16.623409+00:00
[2024-10-01T12:17:05.968+0000] {warnings.py:112} WARNING - /home/***/.local/lib/python3.12/site-packages/***/task/task_runner/standard_task_runner.py:61: DeprecationWarning: This process (pid=1486) is multi-threaded, use of fork() may lead to deadlocks in the child.
  pid = os.fork()

[2024-10-01T12:17:05.970+0000] {standard_task_runner.py:63} INFO - Started process 1488 to run task
[2024-10-01T12:17:05.971+0000] {standard_task_runner.py:90} INFO - Running: ['***', 'tasks', 'run', 'intialization_database', 'create_staging_table_fl', 'manual__2024-10-01T12:16:16.623409+00:00', '--job-id', '2948', '--raw', '--subdir', 'DAGS_FOLDER/initialization.py', '--cfg-path', '/tmp/tmpfxztzk42']
[2024-10-01T12:17:05.972+0000] {standard_task_runner.py:91} INFO - Job 2948: Subtask create_staging_table_fl
[2024-10-01T12:17:06.034+0000] {task_command.py:426} INFO - Running <TaskInstance: intialization_database.create_staging_table_fl manual__2024-10-01T12:16:16.623409+00:00 [running]> on host f8103d9b7858
[2024-10-01T12:17:06.174+0000] {taskinstance.py:2648} INFO - Exporting env vars: AIRFLOW_CTX_DAG_OWNER='***' AIRFLOW_CTX_DAG_ID='intialization_database' AIRFLOW_CTX_TASK_ID='create_staging_table_fl' AIRFLOW_CTX_EXECUTION_DATE='2024-10-01T12:16:16.623409+00:00' AIRFLOW_CTX_TRY_NUMBER='1' AIRFLOW_CTX_DAG_RUN_ID='manual__2024-10-01T12:16:16.623409+00:00'
[2024-10-01T12:17:06.176+0000] {taskinstance.py:430} INFO - ::endgroup::
[2024-10-01T12:17:06.176+0000] {sql.py:276} INFO - Executing: CREATE TABLE staging_table_fl (
    game_date	VARCHAR(255),
    football_data_Time	VARCHAR(255),
    hometeam	VARCHAR(255),
    football_data_AwayTeam	VARCHAR(255),
    football_data_FTHG	VARCHAR(255),
    football_data_FTAG	VARCHAR(255),
    football_data_FTR	VARCHAR(255),
    football_data_HTHG	VARCHAR(255),
    football_data_HTAG	VARCHAR(255),
    football_data_HTR	VARCHAR(255),
    football_data_Referee	VARCHAR(255),
    football_data_HS	VARCHAR(255),
    football_data_AS	VARCHAR(255),
    football_data_HST	VARCHAR(255),
    football_data_AST	VARCHAR(255),
    football_data_HF	VARCHAR(255),
    football_data_AF	VARCHAR(255),
    football_data_HC	VARCHAR(255),
    football_data_AC	VARCHAR(255),
    football_data_HY	VARCHAR(255),
    football_data_AY	VARCHAR(255),
    football_data_HR	VARCHAR(255),
    football_data_AR	VARCHAR(255),
    football_data_B365H	VARCHAR(255),
    football_data_B365D	VARCHAR(255),
    football_data_B365A	VARCHAR(255),
    football_data_BWH	VARCHAR(255),
    football_data_BWD	VARCHAR(255),
    football_data_BWA	VARCHAR(255),
    football_data_tournament_season	VARCHAR(255),
    sofascore_game_link	VARCHAR(255),
    sofascore_game_id	VARCHAR(255),
    sofascore_tournament_name	VARCHAR(255),
    sofascore_tournament_country	VARCHAR(255),
    sofascore_tournament_name_season	VARCHAR(255),
    sofascore_tournament_season	VARCHAR(255),
    sofascore_tournament_round	VARCHAR(255),
    sofascore_awayteam_name	VARCHAR(255),
    sofascore_hometeam_country	VARCHAR(255),
    sofascore_awayteam_country	VARCHAR(255),
    sofascore_periods_of_match	VARCHAR(255),
    sofascore_homescore_ht	VARCHAR(255),
    sofascore_awayscore_ht	VARCHAR(255),
    sofascore_homescore_ft	VARCHAR(255),
    sofascore_awayscore_ft	VARCHAR(255),
    sofascore_total_goals_ht	VARCHAR(255),
    sofascore_total_goals_ft	VARCHAR(255),
    sofascore_incident_type_card	JSON,
    sofascore_incident_type_goal	JSON,
    sofascore_incident_type_substitution	JSON,
    sofascore_incident_type_period	JSON,
    sofascore_incidents	JSON,
    sofascore_home_formation	VARCHAR(255),
    sofascore_away_formation	VARCHAR(255),
    sofascore_home_players_list	JSON,
    sofascore_away_players_list	JSON,
    sofascore_home_manager_name	VARCHAR(255),
    sofascore_home_manager_slug	VARCHAR(255),
    sofascore_away_manager_name	VARCHAR(255),
    sofascore_away_manager_slug	VARCHAR(255),
    sofascore_referee_name	VARCHAR(255),
    sofascore_referee_yellow_cards	VARCHAR(255),
    sofascore_referee_redCards	VARCHAR(255),
    sofascore_referee_yellowRedCards	VARCHAR(255),
    sofascore_referee_games	VARCHAR(255),
    sofascore_referee_country	VARCHAR(255),
    sofascore_city_game_took_place	VARCHAR(255),
    sofascore_stadium_game_took_place	VARCHAR(255),
    sofascore_all_home_ball_possession	VARCHAR(255),
    sofascore_all_away_ball_possession	VARCHAR(255),
    sofascore_all_home_expected_goals	VARCHAR(255),
    sofascore_all_away_expected_goals	VARCHAR(255),
    sofascore_all_home_big_chances	VARCHAR(255),
    sofascore_all_away_big_chances	VARCHAR(255),
    sofascore_all_home_total_shots	VARCHAR(255),
    sofascore_all_away_total_shots	VARCHAR(255),
    sofascore_all_home_goalkeeper_saves	VARCHAR(255),
    sofascore_all_away_goalkeeper_saves	VARCHAR(255),
    sofascore_all_home_corner_kicks	VARCHAR(255),
    sofascore_all_away_corner_kicks	VARCHAR(255),
    sofascore_all_home_fouls	VARCHAR(255),
    sofascore_all_away_fouls	VARCHAR(255),
    sofascore_all_home_passes	VARCHAR(255),
    sofascore_all_away_passes	VARCHAR(255),
    sofascore_all_home_tackles	VARCHAR(255),
    sofascore_all_away_tackles	VARCHAR(255),
    sofascore_all_home_free_kicks	VARCHAR(255),
    sofascore_all_away_free_kicks	VARCHAR(255),
    sofascore_all_home_yellow_cards	VARCHAR(255),
    sofascore_all_away_yellow_cards	VARCHAR(255),
    sofascore_all_home_shots_on_target	VARCHAR(255),
    sofascore_all_away_shots_on_target	VARCHAR(255),
    sofascore_all_home_hit_woodwork	VARCHAR(255),
    sofascore_all_away_hit_woodwork	VARCHAR(255),
    sofascore_all_home_shots_off_target	VARCHAR(255),
    sofascore_all_away_shots_off_target	VARCHAR(255),
    sofascore_all_home_blocked_shots	VARCHAR(255),
    sofascore_all_away_blocked_shots	VARCHAR(255),
    sofascore_all_home_shots_inside_box	VARCHAR(255),
    sofascore_all_away_shots_inside_box	VARCHAR(255),
    sofascore_all_home_shots_outside_box	VARCHAR(255),
    sofascore_all_away_shots_outside_box	VARCHAR(255),
    sofascore_all_home_big_chances_scored	VARCHAR(255),
    sofascore_all_away_big_chances_scored	VARCHAR(255),
    sofascore_all_home_big_chances_missed	VARCHAR(255),
    sofascore_all_away_big_chances_missed	VARCHAR(255),
    sofascore_all_home_through_balls	VARCHAR(255),
    sofascore_all_away_through_balls	VARCHAR(255),
    sofascore_all_home_fouled_in_final_third	VARCHAR(255),
    sofascore_all_away_fouled_in_final_third	VARCHAR(255),
    sofascore_all_home_offsides	VARCHAR(255),
    sofascore_all_away_offsides	VARCHAR(255),
    sofascore_all_home_accurate_passes	VARCHAR(255),
    sofascore_all_away_accurate_passes	VARCHAR(255),
    sofascore_all_home_throw_ins	VARCHAR(255),
    sofascore_all_away_throw_ins	VARCHAR(255),
    sofascore_all_home_final_third_entries	VARCHAR(255),
    sofascore_all_away_final_third_entries	VARCHAR(255),
    sofascore_all_home_long_balls	VARCHAR(255),
    sofascore_all_away_long_balls	VARCHAR(255),
    sofascore_all_home_crosses	VARCHAR(255),
    sofascore_all_away_crosses	VARCHAR(255),
    sofascore_all_home_duels	VARCHAR(255),
    sofascore_all_away_duels	VARCHAR(255),
    sofascore_all_home_dispossessed	VARCHAR(255),
    sofascore_all_away_dispossessed	VARCHAR(255),
    sofascore_all_home_ground_duels	VARCHAR(255),
    sofascore_all_away_ground_duels	VARCHAR(255),
    sofascore_all_home_aerial_duels	VARCHAR(255),
    sofascore_all_away_aerial_duels	VARCHAR(255),
    sofascore_all_home_dribbles	VARCHAR(255),
    sofascore_all_away_dribbles	VARCHAR(255),
    sofascore_all_home_tackles_won	VARCHAR(255),
    sofascore_all_away_tackles_won	VARCHAR(255),
    sofascore_all_home_total_tackles	VARCHAR(255),
    sofascore_all_away_total_tackles	VARCHAR(255),
    sofascore_all_home_interceptions	VARCHAR(255),
    sofascore_all_away_interceptions	VARCHAR(255),
    sofascore_all_home_recoveries	VARCHAR(255),
    sofascore_all_away_recoveries	VARCHAR(255),
    sofascore_all_home_clearances	VARCHAR(255),
    sofascore_all_away_clearances	VARCHAR(255),
    sofascore_all_home_total_saves	VARCHAR(255),
    sofascore_all_away_total_saves	VARCHAR(255),
    sofascore_all_home_goals_prevented	VARCHAR(255),
    sofascore_all_away_goals_prevented	VARCHAR(255),
    sofascore_all_home_goal_kicks	VARCHAR(255),
    sofascore_all_away_goal_kicks	VARCHAR(255),
    sofascore_first_half_home_ball_possession	VARCHAR(255),
    sofascore_first_half_away_ball_possession	VARCHAR(255),
    sofascore_first_half_home_expected_goals	VARCHAR(255),
    sofascore_first_half_away_expected_goals	VARCHAR(255),
    sofascore_first_half_home_big_chances	VARCHAR(255),
    sofascore_first_half_away_big_chances	VARCHAR(255),
    sofascore_first_half_home_total_shots	VARCHAR(255),
    sofascore_first_half_away_total_shots	VARCHAR(255),
    sofascore_first_half_home_goalkeeper_saves	VARCHAR(255),
    sofascore_first_half_away_goalkeeper_saves	VARCHAR(255),
    sofascore_first_half_home_corner_kicks	VARCHAR(255),
    sofascore_first_half_away_corner_kicks	VARCHAR(255),
    sofascore_first_half_home_fouls	VARCHAR(255),
    sofascore_first_half_away_fouls	VARCHAR(255),
    sofascore_first_half_home_passes	VARCHAR(255),
    sofascore_first_half_away_passes	VARCHAR(255),
    sofascore_first_half_home_tackles	VARCHAR(255),
    sofascore_first_half_away_tackles	VARCHAR(255),
    sofascore_first_half_home_free_kicks	VARCHAR(255),
    sofascore_first_half_away_free_kicks	VARCHAR(255),
    sofascore_first_half_home_yellow_cards	VARCHAR(255),
    sofascore_first_half_away_yellow_cards	VARCHAR(255),
    sofascore_first_half_home_shots_on_target	VARCHAR(255),
    sofascore_first_half_away_shots_on_target	VARCHAR(255),
    sofascore_first_half_home_hit_woodwork	VARCHAR(255),
    sofascore_first_half_away_hit_woodwork	VARCHAR(255),
    sofascore_first_half_home_shots_off_target	VARCHAR(255),
    sofascore_first_half_away_shots_off_target	VARCHAR(255),
    sofascore_first_half_home_blocked_shots	VARCHAR(255),
    sofascore_first_half_away_blocked_shots	VARCHAR(255),
    sofascore_first_half_home_shots_inside_box	VARCHAR(255),
    sofascore_first_half_away_shots_inside_box	VARCHAR(255),
    sofascore_first_half_home_shots_outside_box	VARCHAR(255),
    sofascore_first_half_away_shots_outside_box	VARCHAR(255),
    sofascore_first_half_home_big_chances_scored	VARCHAR(255),
    sofascore_first_half_away_big_chances_scored	VARCHAR(255),
    sofascore_first_half_home_big_chances_missed	VARCHAR(255),
    sofascore_first_half_away_big_chances_missed	VARCHAR(255),
    sofascore_first_half_home_through_balls	VARCHAR(255),
    sofascore_first_half_away_through_balls	VARCHAR(255),
    sofascore_first_half_home_fouled_in_final_third	VARCHAR(255),
    sofascore_first_half_away_fouled_in_final_third	VARCHAR(255),
    sofascore_first_half_home_offsides	VARCHAR(255),
    sofascore_first_half_away_offsides	VARCHAR(255),
    sofascore_first_half_home_accurate_passes	VARCHAR(255),
    sofascore_first_half_away_accurate_passes	VARCHAR(255),
    sofascore_first_half_home_throw_ins	VARCHAR(255),
    sofascore_first_half_away_throw_ins	VARCHAR(255),
    sofascore_first_half_home_final_third_entries	VARCHAR(255),
    sofascore_first_half_away_final_third_entries	VARCHAR(255),
    sofascore_first_half_home_long_balls	VARCHAR(255),
    sofascore_first_half_away_long_balls	VARCHAR(255),
    sofascore_first_half_home_crosses	VARCHAR(255),
    sofascore_first_half_away_crosses	VARCHAR(255),
    sofascore_first_half_home_duels	VARCHAR(255),
    sofascore_first_half_away_duels	VARCHAR(255),
    sofascore_first_half_home_dispossessed	VARCHAR(255),
    sofascore_first_half_away_dispossessed	VARCHAR(255),
    sofascore_first_half_home_ground_duels	VARCHAR(255),
    sofascore_first_half_away_ground_duels	VARCHAR(255),
    sofascore_first_half_home_aerial_duels	VARCHAR(255),
    sofascore_first_half_away_aerial_duels	VARCHAR(255),
    sofascore_first_half_home_dribbles	VARCHAR(255),
    sofascore_first_half_away_dribbles	VARCHAR(255),
    sofascore_first_half_home_tackles_won	VARCHAR(255),
    sofascore_first_half_away_tackles_won	VARCHAR(255),
    sofascore_first_half_home_total_tackles	VARCHAR(255),
    sofascore_first_half_away_total_tackles	VARCHAR(255),
    sofascore_first_half_home_interceptions	VARCHAR(255),
    sofascore_first_half_away_interceptions	VARCHAR(255),
    sofascore_first_half_home_recoveries	VARCHAR(255),
    sofascore_first_half_away_recoveries	VARCHAR(255),
    sofascore_first_half_home_clearances	VARCHAR(255),
    sofascore_first_half_away_clearances	VARCHAR(255),
    sofascore_first_half_home_total_saves	VARCHAR(255),
    sofascore_first_half_away_total_saves	VARCHAR(255),
    sofascore_first_half_home_goals_prevented	VARCHAR(255),
    sofascore_first_half_away_goals_prevented	VARCHAR(255),
    sofascore_first_half_home_goal_kicks	VARCHAR(255),
    sofascore_first_half_away_goal_kicks	VARCHAR(255),
    sofascore_second_half_home_ball_possession	VARCHAR(255),
    sofascore_second_half_away_ball_possession	VARCHAR(255),
    sofascore_second_half_home_expected_goals	VARCHAR(255),
    sofascore_second_half_away_expected_goals	VARCHAR(255),
    sofascore_second_half_home_big_chances	VARCHAR(255),
    sofascore_second_half_away_big_chances	VARCHAR(255),
    sofascore_second_half_home_total_shots	VARCHAR(255),
    sofascore_second_half_away_total_shots	VARCHAR(255),
    sofascore_second_half_home_goalkeeper_saves	VARCHAR(255),
    sofascore_second_half_away_goalkeeper_saves	VARCHAR(255),
    sofascore_second_half_home_corner_kicks	VARCHAR(255),
    sofascore_second_half_away_corner_kicks	VARCHAR(255),
    sofascore_second_half_home_fouls	VARCHAR(255),
    sofascore_second_half_away_fouls	VARCHAR(255),
    sofascore_second_half_home_passes	VARCHAR(255),
    sofascore_second_half_away_passes	VARCHAR(255),
    sofascore_second_half_home_tackles	VARCHAR(255),
    sofascore_second_half_away_tackles	VARCHAR(255),
    sofascore_second_half_home_free_kicks	VARCHAR(255),
    sofascore_second_half_away_free_kicks	VARCHAR(255),
    sofascore_second_half_home_yellow_cards	VARCHAR(255),
    sofascore_second_half_away_yellow_cards	VARCHAR(255),
    sofascore_second_half_home_shots_on_target	VARCHAR(255),
    sofascore_second_half_away_shots_on_target	VARCHAR(255),
    sofascore_second_half_home_hit_woodwork	VARCHAR(255),
    sofascore_second_half_away_hit_woodwork	VARCHAR(255),
    sofascore_second_half_home_shots_off_target	VARCHAR(255),
    sofascore_second_half_away_shots_off_target	VARCHAR(255),
    sofascore_second_half_home_blocked_shots	VARCHAR(255),
    sofascore_second_half_away_blocked_shots	VARCHAR(255),
    sofascore_second_half_home_shots_inside_box	VARCHAR(255),
    sofascore_second_half_away_shots_inside_box	VARCHAR(255),
    sofascore_second_half_home_shots_outside_box	VARCHAR(255),
    sofascore_second_half_away_shots_outside_box	VARCHAR(255),
    sofascore_second_half_home_big_chances_scored	VARCHAR(255),
    sofascore_second_half_away_big_chances_scored	VARCHAR(255),
    sofascore_second_half_home_big_chances_missed	VARCHAR(255),
    sofascore_second_half_away_big_chances_missed	VARCHAR(255),
    sofascore_second_half_home_through_balls	VARCHAR(255),
    sofascore_second_half_away_through_balls	VARCHAR(255),
    sofascore_second_half_home_fouled_in_final_third	VARCHAR(255),
    sofascore_second_half_away_fouled_in_final_third	VARCHAR(255),
    sofascore_second_half_home_offsides	VARCHAR(255),
    sofascore_second_half_away_offsides	VARCHAR(255),
    sofascore_second_half_home_accurate_passes	VARCHAR(255),
    sofascore_second_half_away_accurate_passes	VARCHAR(255),
    sofascore_second_half_home_throw_ins	VARCHAR(255),
    sofascore_second_half_away_throw_ins	VARCHAR(255),
    sofascore_second_half_home_final_third_entries	VARCHAR(255),
    sofascore_second_half_away_final_third_entries	VARCHAR(255),
    sofascore_second_half_home_long_balls	VARCHAR(255),
    sofascore_second_half_away_long_balls	VARCHAR(255),
    sofascore_second_half_home_crosses	VARCHAR(255),
    sofascore_second_half_away_crosses	VARCHAR(255),
    sofascore_second_half_home_duels	VARCHAR(255),
    sofascore_second_half_away_duels	VARCHAR(255),
    sofascore_second_half_home_dispossessed	VARCHAR(255),
    sofascore_second_half_away_dispossessed	VARCHAR(255),
    sofascore_second_half_home_ground_duels	VARCHAR(255),
    sofascore_second_half_away_ground_duels	VARCHAR(255),
    sofascore_second_half_home_aerial_duels	VARCHAR(255),
    sofascore_second_half_away_aerial_duels	VARCHAR(255),
    sofascore_second_half_home_dribbles	VARCHAR(255),
    sofascore_second_half_away_dribbles	VARCHAR(255),
    sofascore_second_half_home_tackles_won	VARCHAR(255),
    sofascore_second_half_away_tackles_won	VARCHAR(255),
    sofascore_second_half_home_total_tackles	VARCHAR(255),
    sofascore_second_half_away_total_tackles	VARCHAR(255),
    sofascore_second_half_home_interceptions	VARCHAR(255),
    sofascore_second_half_away_interceptions	VARCHAR(255),
    sofascore_second_half_home_recoveries	VARCHAR(255),
    sofascore_second_half_away_recoveries	VARCHAR(255),
    sofascore_second_half_home_clearances	VARCHAR(255),
    sofascore_second_half_away_clearances	VARCHAR(255),
    sofascore_second_half_home_total_saves	VARCHAR(255),
    sofascore_second_half_away_total_saves	VARCHAR(255),
    sofascore_second_half_home_goals_prevented	VARCHAR(255),
    sofascore_second_half_away_goals_prevented	VARCHAR(255),
    sofascore_second_half_home_goal_kicks	VARCHAR(255),
    sofascore_second_half_away_goal_kicks	VARCHAR(255),
    sofascore_home_starting_eleven	JSON,
    sofascore_away_starting_eleven	JSON,
    sofascore_hometeam_avgRating	VARCHAR(255),
    sofascore_hometeam_position	VARCHAR(255),
    sofascore_hometeam_value	VARCHAR(255),
    sofascore_hometeam_eam_form	VARCHAR(255),
    sofascore_awayTeam_avgRating	VARCHAR(255),
    sofascore_awayTeam_position	VARCHAR(255),
    sofascore_awayTeam_value	VARCHAR(255),
    sofascore_awayTeam_form	VARCHAR(255),
    sofascore_match_finished	VARCHAR(255),
    fbref_only_general_stats_time	VARCHAR(255),
    fbref_only_general_stats_comp	VARCHAR(255),
    fbref_only_general_stats_round	VARCHAR(255),
    fbref_only_general_stats_day	VARCHAR(255),
    fbref_only_general_stats_awayteam	VARCHAR(255),
    fbref_only_general_stats_score_fixtures_hometeam_result	VARCHAR(255),
    fbref_only_general_stats_score_fixtures_hometeam_gf	VARCHAR(255),
    fbref_only_general_stats_score_fixtures_hometeam_ga	VARCHAR(255),
    fbref_only_general_stats_score_fixtures_hometeam_poss	VARCHAR(255),
    fbref_only_general_stats_score_fixtures_hometeam_attendance	VARCHAR(255),
    fbref_only_general_stats_score_fixtures_hometeam_captain	VARCHAR(255),
    fbref_only_general_stats_referee	VARCHAR(255),
    fbref_only_general_stats_score_fixtures_awayteam_result	VARCHAR(255),
    fbref_only_general_stats_score_fixtures_awayteam_gf	VARCHAR(255),
    fbref_only_general_stats_score_fixtures_awayteam_ga	VARCHAR(255),
    fbref_only_general_stats_score_fixtures_awayteam_poss	VARCHAR(255),
    fbref_only_general_stats_score_fixtures_awayteam_attendance	VARCHAR(255),
    fbref_only_general_stats_score_fixtures_awayteam_captain	VARCHAR(255),
    fbref_only_general_stats_score_fixtures_awayteam_formation	VARCHAR(255),
    fbref_only_general_stats_score_fixtures_hometeam_formation	VARCHAR(255),
    fbref_only_general_stats_shooting_hometeam_result	VARCHAR(255),
    fbref_only_general_stats_shooting_hometeam_gf	VARCHAR(255),
    fbref_only_general_stats_shooting_hometeam_ga	VARCHAR(255),
    fbref_only_general_stats_shooting_hometeam_gls	VARCHAR(255),
    fbref_only_general_stats_shooting_hometeam_sh	VARCHAR(255),
    fbref_only_general_stats_shooting_hometeam_sot	VARCHAR(255),
    fbref_only_general_stats_shooting_hometeam_sot_percentage	VARCHAR(255),
    fbref_only_general_stats_shooting_hometeam_gsh	VARCHAR(255),
    fbref_only_general_stats_shooting_hometeam_gsot	VARCHAR(255),
    fbref_only_general_stats_shooting_hometeam_pk	VARCHAR(255),
    fbref_only_general_stats_shooting_hometeam_pkatt	VARCHAR(255),
    fbref_only_general_stats_shooting_awayteam_result	VARCHAR(255),
    fbref_only_general_stats_shooting_awayteam_gf	VARCHAR(255),
    fbref_only_general_stats_shooting_awayteam_ga	VARCHAR(255),
    fbref_only_general_stats_shooting_awayteam_gls	VARCHAR(255),
    fbref_only_general_stats_shooting_awayteam_sh	VARCHAR(255),
    fbref_only_general_stats_shooting_awayteam_sot	VARCHAR(255),
    fbref_only_general_stats_shooting_awayteam_sot_percentage	VARCHAR(255),
    fbref_only_general_stats_shooting_awayteam_gsh	VARCHAR(255),
    fbref_only_general_stats_shooting_awayteam_gsot	VARCHAR(255),
    fbref_only_general_stats_shooting_awayteam_pk	VARCHAR(255),
    fbref_only_general_stats_shooting_awayteam_pkatt	VARCHAR(255),
    fbref_only_general_stats_goalkeeping_hometeam_result	VARCHAR(255),
    fbref_only_general_stats_goalkeeping_hometeam_gf	VARCHAR(255),
    fbref_only_general_stats_goalkeeping_hometeam_ga	VARCHAR(255),
    fbref_only_general_stats_goalkeeping_hometeam_ga.1	VARCHAR(255),
    fbref_only_general_stats_goalkeeping_hometeam_ga.2	VARCHAR(255),
    fbref_only_general_stats_goalkeeping_hometeam_ga.3	VARCHAR(255),
    fbref_only_general_stats_goalkeeping_hometeam_saves	VARCHAR(255),
    fbref_only_general_stats_goalkeeping_hometeam_save_percentage	VARCHAR(255),
    fbref_only_general_stats_goalkeeping_hometeam_pkatt	VARCHAR(255),
    fbref_only_general_stats_goalkeeping_hometeam_pka	VARCHAR(255),
    fbref_only_general_stats_goalkeeping_hometeam_pksv	VARCHAR(255),
    fbref_only_general_stats_goalkeeping_hometeam_pkm	VARCHAR(255),
    fbref_only_general_stats_goalkeeping_awayteam_result	VARCHAR(255),
    fbref_only_general_stats_goalkeeping_awayteam_gf	VARCHAR(255),
    fbref_only_general_stats_goalkeeping_awayteam_ga	VARCHAR(255),
    fbref_only_general_stats_goalkeeping_awayteam_ga_1	VARCHAR(255),
    fbref_only_general_stats_goalkeeping_awayteam_ga.2	VARCHAR(255),
    fbref_only_general_stats_goalkeeping_awayteam_ga.3	VARCHAR(255),
    fbref_only_general_stats_goalkeeping_awayteam_sota	VARCHAR(255),
    fbref_only_general_stats_goalkeeping_awayteam_saves	VARCHAR(255),
    fbref_only_general_stats_goalkeeping_awayteam_save_percentage	VARCHAR(255),
    fbref_only_general_stats_goalkeeping_awayteam_pkatt	VARCHAR(255),
    fbref_only_general_stats_goalkeeping_awayteam_pka	VARCHAR(255),
    fbref_only_general_stats_goalkeeping_awayteam_pksv	VARCHAR(255),
    fbref_only_general_stats_goalkeeping_awayteam_pkm	VARCHAR(255),
    fbref_only_general_stats_full_season_format	VARCHAR(255),
    fbref_only_general_stats_shortened_season	VARCHAR(255),
    fbref_match_reports_match_report_url	VARCHAR(255),
    fbref_match_reports_awayteam_name	VARCHAR(255),
    fbref_match_reports_hometeam_manager	VARCHAR(255),
    fbref_match_reports_awayteam_manager	VARCHAR(255),
    fbref_match_reports_hometeam_form	VARCHAR(255),
    fbref_match_reports_awayteam_form	VARCHAR(255),
    fbref_match_reports_game_venue_epoch	VARCHAR(255),
    fbref_match_reports_game_venue_time	VARCHAR(255),
    fbref_match_reports_stadium_name	VARCHAR(255),
    fbref_match_reports_game_officials	VARCHAR(255),
    fbref_match_reports_game_attendance	VARCHAR(255),
    fbref_match_reports_referee	VARCHAR(255),
    fbref_match_reports_ar1	VARCHAR(255),
    fbref_match_reports_ar2	VARCHAR(255),
    fbref_match_reports_fourth_official	VARCHAR(255),
    fbref_match_reports_hometeam_fouls	VARCHAR(255),
    fbref_match_reports_awayteam_fouls	VARCHAR(255),
    fbref_match_reports_hometeam_crosses	VARCHAR(255),
    fbref_match_reports_awayteam_crosses	VARCHAR(255),
    fbref_match_reports_hometeam_interceptions	VARCHAR(255),
    fbref_match_reports_awayteam_interceptions	VARCHAR(255),
    fbref_match_reports_hometeam_offsides	VARCHAR(255),
    fbref_match_reports_awayteam_offsides	VARCHAR(255),
    fbref_match_reports_hometeam_possesion	VARCHAR(255),
    fbref_match_reports_awayteam_possesion	VARCHAR(255),
    fbref_match_reports_hometeam_shots_on_target_percentage	VARCHAR(255),
    fbref_match_reports_awayteam_shots_on_target_percentage	VARCHAR(255),
    fbref_match_reports_hometean_shots_not_percentages	VARCHAR(255),
    fbref_match_reports_awayteam_shots_not_percentages	VARCHAR(255),
    fbref_match_reports_hometeam_saves_percentage	VARCHAR(255),
    fbref_match_reports_awayteam_saves_not_percentages	VARCHAR(255),
    fbref_match_reports_hometean_saves_not_percentages	VARCHAR(255),
    fbref_match_reports_awayteam_saves_percentage	VARCHAR(255),
    fbref_match_reports_rest_events_list	JSON,
    fbref_match_reports_yellow_cards_list	JSON,
    fbref_match_reports_red_cards_list	JSON,
    fbref_match_reports_goal_list	JSON,
    fbref_match_reports_substitutions_list	JSON,
    fbref_match_reports_missed_penalty_list	JSON,
    fbref_match_reports_hometeam_starting_eleven	JSON,
    fbref_match_reports_hometeam_bench	JSON,
    fbref_match_reports_hometeam_formation	VARCHAR(255),
    fbref_match_reports_awayteam_starting_eleven	JSON,
    fbref_match_reports_awayteam_bench	JSON,
    fbref_match_reports_awayteam_formation	VARCHAR(255),
    german_import_time	VARCHAR(255)
);
[2024-10-01T12:17:06.189+0000] {base.py:84} INFO - Using connection ID 'football_scotland_connection' for task execution.
[2024-10-01T12:17:06.205+0000] {base.py:84} INFO - Using connection ID 'football_scotland_connection' for task execution.
[2024-10-01T12:17:06.211+0000] {sql.py:487} INFO - Running statement: CREATE TABLE staging_table_fl (
    game_date	VARCHAR(255),
    football_data_Time	VARCHAR(255),
    hometeam	VARCHAR(255),
    football_data_AwayTeam	VARCHAR(255),
    football_data_FTHG	VARCHAR(255),
    football_data_FTAG	VARCHAR(255),
    football_data_FTR	VARCHAR(255),
    football_data_HTHG	VARCHAR(255),
    football_data_HTAG	VARCHAR(255),
    football_data_HTR	VARCHAR(255),
    football_data_Referee	VARCHAR(255),
    football_data_HS	VARCHAR(255),
    football_data_AS	VARCHAR(255),
    football_data_HST	VARCHAR(255),
    football_data_AST	VARCHAR(255),
    football_data_HF	VARCHAR(255),
    football_data_AF	VARCHAR(255),
    football_data_HC	VARCHAR(255),
    football_data_AC	VARCHAR(255),
    football_data_HY	VARCHAR(255),
    football_data_AY	VARCHAR(255),
    football_data_HR	VARCHAR(255),
    football_data_AR	VARCHAR(255),
    football_data_B365H	VARCHAR(255),
    football_data_B365D	VARCHAR(255),
    football_data_B365A	VARCHAR(255),
    football_data_BWH	VARCHAR(255),
    football_data_BWD	VARCHAR(255),
    football_data_BWA	VARCHAR(255),
    football_data_tournament_season	VARCHAR(255),
    sofascore_game_link	VARCHAR(255),
    sofascore_game_id	VARCHAR(255),
    sofascore_tournament_name	VARCHAR(255),
    sofascore_tournament_country	VARCHAR(255),
    sofascore_tournament_name_season	VARCHAR(255),
    sofascore_tournament_season	VARCHAR(255),
    sofascore_tournament_round	VARCHAR(255),
    sofascore_awayteam_name	VARCHAR(255),
    sofascore_hometeam_country	VARCHAR(255),
    sofascore_awayteam_country	VARCHAR(255),
    sofascore_periods_of_match	VARCHAR(255),
    sofascore_homescore_ht	VARCHAR(255),
    sofascore_awayscore_ht	VARCHAR(255),
    sofascore_homescore_ft	VARCHAR(255),
    sofascore_awayscore_ft	VARCHAR(255),
    sofascore_total_goals_ht	VARCHAR(255),
    sofascore_total_goals_ft	VARCHAR(255),
    sofascore_incident_type_card	JSON,
    sofascore_incident_type_goal	JSON,
    sofascore_incident_type_substitution	JSON,
    sofascore_incident_type_period	JSON,
    sofascore_incidents	JSON,
    sofascore_home_formation	VARCHAR(255),
    sofascore_away_formation	VARCHAR(255),
    sofascore_home_players_list	JSON,
    sofascore_away_players_list	JSON,
    sofascore_home_manager_name	VARCHAR(255),
    sofascore_home_manager_slug	VARCHAR(255),
    sofascore_away_manager_name	VARCHAR(255),
    sofascore_away_manager_slug	VARCHAR(255),
    sofascore_referee_name	VARCHAR(255),
    sofascore_referee_yellow_cards	VARCHAR(255),
    sofascore_referee_redCards	VARCHAR(255),
    sofascore_referee_yellowRedCards	VARCHAR(255),
    sofascore_referee_games	VARCHAR(255),
    sofascore_referee_country	VARCHAR(255),
    sofascore_city_game_took_place	VARCHAR(255),
    sofascore_stadium_game_took_place	VARCHAR(255),
    sofascore_all_home_ball_possession	VARCHAR(255),
    sofascore_all_away_ball_possession	VARCHAR(255),
    sofascore_all_home_expected_goals	VARCHAR(255),
    sofascore_all_away_expected_goals	VARCHAR(255),
    sofascore_all_home_big_chances	VARCHAR(255),
    sofascore_all_away_big_chances	VARCHAR(255),
    sofascore_all_home_total_shots	VARCHAR(255),
    sofascore_all_away_total_shots	VARCHAR(255),
    sofascore_all_home_goalkeeper_saves	VARCHAR(255),
    sofascore_all_away_goalkeeper_saves	VARCHAR(255),
    sofascore_all_home_corner_kicks	VARCHAR(255),
    sofascore_all_away_corner_kicks	VARCHAR(255),
    sofascore_all_home_fouls	VARCHAR(255),
    sofascore_all_away_fouls	VARCHAR(255),
    sofascore_all_home_passes	VARCHAR(255),
    sofascore_all_away_passes	VARCHAR(255),
    sofascore_all_home_tackles	VARCHAR(255),
    sofascore_all_away_tackles	VARCHAR(255),
    sofascore_all_home_free_kicks	VARCHAR(255),
    sofascore_all_away_free_kicks	VARCHAR(255),
    sofascore_all_home_yellow_cards	VARCHAR(255),
    sofascore_all_away_yellow_cards	VARCHAR(255),
    sofascore_all_home_shots_on_target	VARCHAR(255),
    sofascore_all_away_shots_on_target	VARCHAR(255),
    sofascore_all_home_hit_woodwork	VARCHAR(255),
    sofascore_all_away_hit_woodwork	VARCHAR(255),
    sofascore_all_home_shots_off_target	VARCHAR(255),
    sofascore_all_away_shots_off_target	VARCHAR(255),
    sofascore_all_home_blocked_shots	VARCHAR(255),
    sofascore_all_away_blocked_shots	VARCHAR(255),
    sofascore_all_home_shots_inside_box	VARCHAR(255),
    sofascore_all_away_shots_inside_box	VARCHAR(255),
    sofascore_all_home_shots_outside_box	VARCHAR(255),
    sofascore_all_away_shots_outside_box	VARCHAR(255),
    sofascore_all_home_big_chances_scored	VARCHAR(255),
    sofascore_all_away_big_chances_scored	VARCHAR(255),
    sofascore_all_home_big_chances_missed	VARCHAR(255),
    sofascore_all_away_big_chances_missed	VARCHAR(255),
    sofascore_all_home_through_balls	VARCHAR(255),
    sofascore_all_away_through_balls	VARCHAR(255),
    sofascore_all_home_fouled_in_final_third	VARCHAR(255),
    sofascore_all_away_fouled_in_final_third	VARCHAR(255),
    sofascore_all_home_offsides	VARCHAR(255),
    sofascore_all_away_offsides	VARCHAR(255),
    sofascore_all_home_accurate_passes	VARCHAR(255),
    sofascore_all_away_accurate_passes	VARCHAR(255),
    sofascore_all_home_throw_ins	VARCHAR(255),
    sofascore_all_away_throw_ins	VARCHAR(255),
    sofascore_all_home_final_third_entries	VARCHAR(255),
    sofascore_all_away_final_third_entries	VARCHAR(255),
    sofascore_all_home_long_balls	VARCHAR(255),
    sofascore_all_away_long_balls	VARCHAR(255),
    sofascore_all_home_crosses	VARCHAR(255),
    sofascore_all_away_crosses	VARCHAR(255),
    sofascore_all_home_duels	VARCHAR(255),
    sofascore_all_away_duels	VARCHAR(255),
    sofascore_all_home_dispossessed	VARCHAR(255),
    sofascore_all_away_dispossessed	VARCHAR(255),
    sofascore_all_home_ground_duels	VARCHAR(255),
    sofascore_all_away_ground_duels	VARCHAR(255),
    sofascore_all_home_aerial_duels	VARCHAR(255),
    sofascore_all_away_aerial_duels	VARCHAR(255),
    sofascore_all_home_dribbles	VARCHAR(255),
    sofascore_all_away_dribbles	VARCHAR(255),
    sofascore_all_home_tackles_won	VARCHAR(255),
    sofascore_all_away_tackles_won	VARCHAR(255),
    sofascore_all_home_total_tackles	VARCHAR(255),
    sofascore_all_away_total_tackles	VARCHAR(255),
    sofascore_all_home_interceptions	VARCHAR(255),
    sofascore_all_away_interceptions	VARCHAR(255),
    sofascore_all_home_recoveries	VARCHAR(255),
    sofascore_all_away_recoveries	VARCHAR(255),
    sofascore_all_home_clearances	VARCHAR(255),
    sofascore_all_away_clearances	VARCHAR(255),
    sofascore_all_home_total_saves	VARCHAR(255),
    sofascore_all_away_total_saves	VARCHAR(255),
    sofascore_all_home_goals_prevented	VARCHAR(255),
    sofascore_all_away_goals_prevented	VARCHAR(255),
    sofascore_all_home_goal_kicks	VARCHAR(255),
    sofascore_all_away_goal_kicks	VARCHAR(255),
    sofascore_first_half_home_ball_possession	VARCHAR(255),
    sofascore_first_half_away_ball_possession	VARCHAR(255),
    sofascore_first_half_home_expected_goals	VARCHAR(255),
    sofascore_first_half_away_expected_goals	VARCHAR(255),
    sofascore_first_half_home_big_chances	VARCHAR(255),
    sofascore_first_half_away_big_chances	VARCHAR(255),
    sofascore_first_half_home_total_shots	VARCHAR(255),
    sofascore_first_half_away_total_shots	VARCHAR(255),
    sofascore_first_half_home_goalkeeper_saves	VARCHAR(255),
    sofascore_first_half_away_goalkeeper_saves	VARCHAR(255),
    sofascore_first_half_home_corner_kicks	VARCHAR(255),
    sofascore_first_half_away_corner_kicks	VARCHAR(255),
    sofascore_first_half_home_fouls	VARCHAR(255),
    sofascore_first_half_away_fouls	VARCHAR(255),
    sofascore_first_half_home_passes	VARCHAR(255),
    sofascore_first_half_away_passes	VARCHAR(255),
    sofascore_first_half_home_tackles	VARCHAR(255),
    sofascore_first_half_away_tackles	VARCHAR(255),
    sofascore_first_half_home_free_kicks	VARCHAR(255),
    sofascore_first_half_away_free_kicks	VARCHAR(255),
    sofascore_first_half_home_yellow_cards	VARCHAR(255),
    sofascore_first_half_away_yellow_cards	VARCHAR(255),
    sofascore_first_half_home_shots_on_target	VARCHAR(255),
    sofascore_first_half_away_shots_on_target	VARCHAR(255),
    sofascore_first_half_home_hit_woodwork	VARCHAR(255),
    sofascore_first_half_away_hit_woodwork	VARCHAR(255),
    sofascore_first_half_home_shots_off_target	VARCHAR(255),
    sofascore_first_half_away_shots_off_target	VARCHAR(255),
    sofascore_first_half_home_blocked_shots	VARCHAR(255),
    sofascore_first_half_away_blocked_shots	VARCHAR(255),
    sofascore_first_half_home_shots_inside_box	VARCHAR(255),
    sofascore_first_half_away_shots_inside_box	VARCHAR(255),
    sofascore_first_half_home_shots_outside_box	VARCHAR(255),
    sofascore_first_half_away_shots_outside_box	VARCHAR(255),
    sofascore_first_half_home_big_chances_scored	VARCHAR(255),
    sofascore_first_half_away_big_chances_scored	VARCHAR(255),
    sofascore_first_half_home_big_chances_missed	VARCHAR(255),
    sofascore_first_half_away_big_chances_missed	VARCHAR(255),
    sofascore_first_half_home_through_balls	VARCHAR(255),
    sofascore_first_half_away_through_balls	VARCHAR(255),
    sofascore_first_half_home_fouled_in_final_third	VARCHAR(255),
    sofascore_first_half_away_fouled_in_final_third	VARCHAR(255),
    sofascore_first_half_home_offsides	VARCHAR(255),
    sofascore_first_half_away_offsides	VARCHAR(255),
    sofascore_first_half_home_accurate_passes	VARCHAR(255),
    sofascore_first_half_away_accurate_passes	VARCHAR(255),
    sofascore_first_half_home_throw_ins	VARCHAR(255),
    sofascore_first_half_away_throw_ins	VARCHAR(255),
    sofascore_first_half_home_final_third_entries	VARCHAR(255),
    sofascore_first_half_away_final_third_entries	VARCHAR(255),
    sofascore_first_half_home_long_balls	VARCHAR(255),
    sofascore_first_half_away_long_balls	VARCHAR(255),
    sofascore_first_half_home_crosses	VARCHAR(255),
    sofascore_first_half_away_crosses	VARCHAR(255),
    sofascore_first_half_home_duels	VARCHAR(255),
    sofascore_first_half_away_duels	VARCHAR(255),
    sofascore_first_half_home_dispossessed	VARCHAR(255),
    sofascore_first_half_away_dispossessed	VARCHAR(255),
    sofascore_first_half_home_ground_duels	VARCHAR(255),
    sofascore_first_half_away_ground_duels	VARCHAR(255),
    sofascore_first_half_home_aerial_duels	VARCHAR(255),
    sofascore_first_half_away_aerial_duels	VARCHAR(255),
    sofascore_first_half_home_dribbles	VARCHAR(255),
    sofascore_first_half_away_dribbles	VARCHAR(255),
    sofascore_first_half_home_tackles_won	VARCHAR(255),
    sofascore_first_half_away_tackles_won	VARCHAR(255),
    sofascore_first_half_home_total_tackles	VARCHAR(255),
    sofascore_first_half_away_total_tackles	VARCHAR(255),
    sofascore_first_half_home_interceptions	VARCHAR(255),
    sofascore_first_half_away_interceptions	VARCHAR(255),
    sofascore_first_half_home_recoveries	VARCHAR(255),
    sofascore_first_half_away_recoveries	VARCHAR(255),
    sofascore_first_half_home_clearances	VARCHAR(255),
    sofascore_first_half_away_clearances	VARCHAR(255),
    sofascore_first_half_home_total_saves	VARCHAR(255),
    sofascore_first_half_away_total_saves	VARCHAR(255),
    sofascore_first_half_home_goals_prevented	VARCHAR(255),
    sofascore_first_half_away_goals_prevented	VARCHAR(255),
    sofascore_first_half_home_goal_kicks	VARCHAR(255),
    sofascore_first_half_away_goal_kicks	VARCHAR(255),
    sofascore_second_half_home_ball_possession	VARCHAR(255),
    sofascore_second_half_away_ball_possession	VARCHAR(255),
    sofascore_second_half_home_expected_goals	VARCHAR(255),
    sofascore_second_half_away_expected_goals	VARCHAR(255),
    sofascore_second_half_home_big_chances	VARCHAR(255),
    sofascore_second_half_away_big_chances	VARCHAR(255),
    sofascore_second_half_home_total_shots	VARCHAR(255),
    sofascore_second_half_away_total_shots	VARCHAR(255),
    sofascore_second_half_home_goalkeeper_saves	VARCHAR(255),
    sofascore_second_half_away_goalkeeper_saves	VARCHAR(255),
    sofascore_second_half_home_corner_kicks	VARCHAR(255),
    sofascore_second_half_away_corner_kicks	VARCHAR(255),
    sofascore_second_half_home_fouls	VARCHAR(255),
    sofascore_second_half_away_fouls	VARCHAR(255),
    sofascore_second_half_home_passes	VARCHAR(255),
    sofascore_second_half_away_passes	VARCHAR(255),
    sofascore_second_half_home_tackles	VARCHAR(255),
    sofascore_second_half_away_tackles	VARCHAR(255),
    sofascore_second_half_home_free_kicks	VARCHAR(255),
    sofascore_second_half_away_free_kicks	VARCHAR(255),
    sofascore_second_half_home_yellow_cards	VARCHAR(255),
    sofascore_second_half_away_yellow_cards	VARCHAR(255),
    sofascore_second_half_home_shots_on_target	VARCHAR(255),
    sofascore_second_half_away_shots_on_target	VARCHAR(255),
    sofascore_second_half_home_hit_woodwork	VARCHAR(255),
    sofascore_second_half_away_hit_woodwork	VARCHAR(255),
    sofascore_second_half_home_shots_off_target	VARCHAR(255),
    sofascore_second_half_away_shots_off_target	VARCHAR(255),
    sofascore_second_half_home_blocked_shots	VARCHAR(255),
    sofascore_second_half_away_blocked_shots	VARCHAR(255),
    sofascore_second_half_home_shots_inside_box	VARCHAR(255),
    sofascore_second_half_away_shots_inside_box	VARCHAR(255),
    sofascore_second_half_home_shots_outside_box	VARCHAR(255),
    sofascore_second_half_away_shots_outside_box	VARCHAR(255),
    sofascore_second_half_home_big_chances_scored	VARCHAR(255),
    sofascore_second_half_away_big_chances_scored	VARCHAR(255),
    sofascore_second_half_home_big_chances_missed	VARCHAR(255),
    sofascore_second_half_away_big_chances_missed	VARCHAR(255),
    sofascore_second_half_home_through_balls	VARCHAR(255),
    sofascore_second_half_away_through_balls	VARCHAR(255),
    sofascore_second_half_home_fouled_in_final_third	VARCHAR(255),
    sofascore_second_half_away_fouled_in_final_third	VARCHAR(255),
    sofascore_second_half_home_offsides	VARCHAR(255),
    sofascore_second_half_away_offsides	VARCHAR(255),
    sofascore_second_half_home_accurate_passes	VARCHAR(255),
    sofascore_second_half_away_accurate_passes	VARCHAR(255),
    sofascore_second_half_home_throw_ins	VARCHAR(255),
    sofascore_second_half_away_throw_ins	VARCHAR(255),
    sofascore_second_half_home_final_third_entries	VARCHAR(255),
    sofascore_second_half_away_final_third_entries	VARCHAR(255),
    sofascore_second_half_home_long_balls	VARCHAR(255),
    sofascore_second_half_away_long_balls	VARCHAR(255),
    sofascore_second_half_home_crosses	VARCHAR(255),
    sofascore_second_half_away_crosses	VARCHAR(255),
    sofascore_second_half_home_duels	VARCHAR(255),
    sofascore_second_half_away_duels	VARCHAR(255),
    sofascore_second_half_home_dispossessed	VARCHAR(255),
    sofascore_second_half_away_dispossessed	VARCHAR(255),
    sofascore_second_half_home_ground_duels	VARCHAR(255),
    sofascore_second_half_away_ground_duels	VARCHAR(255),
    sofascore_second_half_home_aerial_duels	VARCHAR(255),
    sofascore_second_half_away_aerial_duels	VARCHAR(255),
    sofascore_second_half_home_dribbles	VARCHAR(255),
    sofascore_second_half_away_dribbles	VARCHAR(255),
    sofascore_second_half_home_tackles_won	VARCHAR(255),
    sofascore_second_half_away_tackles_won	VARCHAR(255),
    sofascore_second_half_home_total_tackles	VARCHAR(255),
    sofascore_second_half_away_total_tackles	VARCHAR(255),
    sofascore_second_half_home_interceptions	VARCHAR(255),
    sofascore_second_half_away_interceptions	VARCHAR(255),
    sofascore_second_half_home_recoveries	VARCHAR(255),
    sofascore_second_half_away_recoveries	VARCHAR(255),
    sofascore_second_half_home_clearances	VARCHAR(255),
    sofascore_second_half_away_clearances	VARCHAR(255),
    sofascore_second_half_home_total_saves	VARCHAR(255),
    sofascore_second_half_away_total_saves	VARCHAR(255),
    sofascore_second_half_home_goals_prevented	VARCHAR(255),
    sofascore_second_half_away_goals_prevented	VARCHAR(255),
    sofascore_second_half_home_goal_kicks	VARCHAR(255),
    sofascore_second_half_away_goal_kicks	VARCHAR(255),
    sofascore_home_starting_eleven	JSON,
    sofascore_away_starting_eleven	JSON,
    sofascore_hometeam_avgRating	VARCHAR(255),
    sofascore_hometeam_position	VARCHAR(255),
    sofascore_hometeam_value	VARCHAR(255),
    sofascore_hometeam_eam_form	VARCHAR(255),
    sofascore_awayTeam_avgRating	VARCHAR(255),
    sofascore_awayTeam_position	VARCHAR(255),
    sofascore_awayTeam_value	VARCHAR(255),
    sofascore_awayTeam_form	VARCHAR(255),
    sofascore_match_finished	VARCHAR(255),
    fbref_only_general_stats_time	VARCHAR(255),
    fbref_only_general_stats_comp	VARCHAR(255),
    fbref_only_general_stats_round	VARCHAR(255),
    fbref_only_general_stats_day	VARCHAR(255),
    fbref_only_general_stats_awayteam	VARCHAR(255),
    fbref_only_general_stats_score_fixtures_hometeam_result	VARCHAR(255),
    fbref_only_general_stats_score_fixtures_hometeam_gf	VARCHAR(255),
    fbref_only_general_stats_score_fixtures_hometeam_ga	VARCHAR(255),
    fbref_only_general_stats_score_fixtures_hometeam_poss	VARCHAR(255),
    fbref_only_general_stats_score_fixtures_hometeam_attendance	VARCHAR(255),
    fbref_only_general_stats_score_fixtures_hometeam_captain	VARCHAR(255),
    fbref_only_general_stats_referee	VARCHAR(255),
    fbref_only_general_stats_score_fixtures_awayteam_result	VARCHAR(255),
    fbref_only_general_stats_score_fixtures_awayteam_gf	VARCHAR(255),
    fbref_only_general_stats_score_fixtures_awayteam_ga	VARCHAR(255),
    fbref_only_general_stats_score_fixtures_awayteam_poss	VARCHAR(255),
    fbref_only_general_stats_score_fixtures_awayteam_attendance	VARCHAR(255),
    fbref_only_general_stats_score_fixtures_awayteam_captain	VARCHAR(255),
    fbref_only_general_stats_score_fixtures_awayteam_formation	VARCHAR(255),
    fbref_only_general_stats_score_fixtures_hometeam_formation	VARCHAR(255),
    fbref_only_general_stats_shooting_hometeam_result	VARCHAR(255),
    fbref_only_general_stats_shooting_hometeam_gf	VARCHAR(255),
    fbref_only_general_stats_shooting_hometeam_ga	VARCHAR(255),
    fbref_only_general_stats_shooting_hometeam_gls	VARCHAR(255),
    fbref_only_general_stats_shooting_hometeam_sh	VARCHAR(255),
    fbref_only_general_stats_shooting_hometeam_sot	VARCHAR(255),
    fbref_only_general_stats_shooting_hometeam_sot_percentage	VARCHAR(255),
    fbref_only_general_stats_shooting_hometeam_gsh	VARCHAR(255),
    fbref_only_general_stats_shooting_hometeam_gsot	VARCHAR(255),
    fbref_only_general_stats_shooting_hometeam_pk	VARCHAR(255),
    fbref_only_general_stats_shooting_hometeam_pkatt	VARCHAR(255),
    fbref_only_general_stats_shooting_awayteam_result	VARCHAR(255),
    fbref_only_general_stats_shooting_awayteam_gf	VARCHAR(255),
    fbref_only_general_stats_shooting_awayteam_ga	VARCHAR(255),
    fbref_only_general_stats_shooting_awayteam_gls	VARCHAR(255),
    fbref_only_general_stats_shooting_awayteam_sh	VARCHAR(255),
    fbref_only_general_stats_shooting_awayteam_sot	VARCHAR(255),
    fbref_only_general_stats_shooting_awayteam_sot_percentage	VARCHAR(255),
    fbref_only_general_stats_shooting_awayteam_gsh	VARCHAR(255),
    fbref_only_general_stats_shooting_awayteam_gsot	VARCHAR(255),
    fbref_only_general_stats_shooting_awayteam_pk	VARCHAR(255),
    fbref_only_general_stats_shooting_awayteam_pkatt	VARCHAR(255),
    fbref_only_general_stats_goalkeeping_hometeam_result	VARCHAR(255),
    fbref_only_general_stats_goalkeeping_hometeam_gf	VARCHAR(255),
    fbref_only_general_stats_goalkeeping_hometeam_ga	VARCHAR(255),
    fbref_only_general_stats_goalkeeping_hometeam_ga.1	VARCHAR(255),
    fbref_only_general_stats_goalkeeping_hometeam_ga.2	VARCHAR(255),
    fbref_only_general_stats_goalkeeping_hometeam_ga.3	VARCHAR(255),
    fbref_only_general_stats_goalkeeping_hometeam_saves	VARCHAR(255),
    fbref_only_general_stats_goalkeeping_hometeam_save_percentage	VARCHAR(255),
    fbref_only_general_stats_goalkeeping_hometeam_pkatt	VARCHAR(255),
    fbref_only_general_stats_goalkeeping_hometeam_pka	VARCHAR(255),
    fbref_only_general_stats_goalkeeping_hometeam_pksv	VARCHAR(255),
    fbref_only_general_stats_goalkeeping_hometeam_pkm	VARCHAR(255),
    fbref_only_general_stats_goalkeeping_awayteam_result	VARCHAR(255),
    fbref_only_general_stats_goalkeeping_awayteam_gf	VARCHAR(255),
    fbref_only_general_stats_goalkeeping_awayteam_ga	VARCHAR(255),
    fbref_only_general_stats_goalkeeping_awayteam_ga_1	VARCHAR(255),
    fbref_only_general_stats_goalkeeping_awayteam_ga.2	VARCHAR(255),
    fbref_only_general_stats_goalkeeping_awayteam_ga.3	VARCHAR(255),
    fbref_only_general_stats_goalkeeping_awayteam_sota	VARCHAR(255),
    fbref_only_general_stats_goalkeeping_awayteam_saves	VARCHAR(255),
    fbref_only_general_stats_goalkeeping_awayteam_save_percentage	VARCHAR(255),
    fbref_only_general_stats_goalkeeping_awayteam_pkatt	VARCHAR(255),
    fbref_only_general_stats_goalkeeping_awayteam_pka	VARCHAR(255),
    fbref_only_general_stats_goalkeeping_awayteam_pksv	VARCHAR(255),
    fbref_only_general_stats_goalkeeping_awayteam_pkm	VARCHAR(255),
    fbref_only_general_stats_full_season_format	VARCHAR(255),
    fbref_only_general_stats_shortened_season	VARCHAR(255),
    fbref_match_reports_match_report_url	VARCHAR(255),
    fbref_match_reports_awayteam_name	VARCHAR(255),
    fbref_match_reports_hometeam_manager	VARCHAR(255),
    fbref_match_reports_awayteam_manager	VARCHAR(255),
    fbref_match_reports_hometeam_form	VARCHAR(255),
    fbref_match_reports_awayteam_form	VARCHAR(255),
    fbref_match_reports_game_venue_epoch	VARCHAR(255),
    fbref_match_reports_game_venue_time	VARCHAR(255),
    fbref_match_reports_stadium_name	VARCHAR(255),
    fbref_match_reports_game_officials	VARCHAR(255),
    fbref_match_reports_game_attendance	VARCHAR(255),
    fbref_match_reports_referee	VARCHAR(255),
    fbref_match_reports_ar1	VARCHAR(255),
    fbref_match_reports_ar2	VARCHAR(255),
    fbref_match_reports_fourth_official	VARCHAR(255),
    fbref_match_reports_hometeam_fouls	VARCHAR(255),
    fbref_match_reports_awayteam_fouls	VARCHAR(255),
    fbref_match_reports_hometeam_crosses	VARCHAR(255),
    fbref_match_reports_awayteam_crosses	VARCHAR(255),
    fbref_match_reports_hometeam_interceptions	VARCHAR(255),
    fbref_match_reports_awayteam_interceptions	VARCHAR(255),
    fbref_match_reports_hometeam_offsides	VARCHAR(255),
    fbref_match_reports_awayteam_offsides	VARCHAR(255),
    fbref_match_reports_hometeam_possesion	VARCHAR(255),
    fbref_match_reports_awayteam_possesion	VARCHAR(255),
    fbref_match_reports_hometeam_shots_on_target_percentage	VARCHAR(255),
    fbref_match_reports_awayteam_shots_on_target_percentage	VARCHAR(255),
    fbref_match_reports_hometean_shots_not_percentages	VARCHAR(255),
    fbref_match_reports_awayteam_shots_not_percentages	VARCHAR(255),
    fbref_match_reports_hometeam_saves_percentage	VARCHAR(255),
    fbref_match_reports_awayteam_saves_not_percentages	VARCHAR(255),
    fbref_match_reports_hometean_saves_not_percentages	VARCHAR(255),
    fbref_match_reports_awayteam_saves_percentage	VARCHAR(255),
    fbref_match_reports_rest_events_list	JSON,
    fbref_match_reports_yellow_cards_list	JSON,
    fbref_match_reports_red_cards_list	JSON,
    fbref_match_reports_goal_list	JSON,
    fbref_match_reports_substitutions_list	JSON,
    fbref_match_reports_missed_penalty_list	JSON,
    fbref_match_reports_hometeam_starting_eleven	JSON,
    fbref_match_reports_hometeam_bench	JSON,
    fbref_match_reports_hometeam_formation	VARCHAR(255),
    fbref_match_reports_awayteam_starting_eleven	JSON,
    fbref_match_reports_awayteam_bench	JSON,
    fbref_match_reports_awayteam_formation	VARCHAR(255),
    german_import_time	VARCHAR(255)
);, parameters: None
[2024-10-01T12:17:06.215+0000] {taskinstance.py:441} INFO - ::group::Post task execution logs
[2024-10-01T12:17:06.217+0000] {taskinstance.py:2905} ERROR - Task failed with exception
Traceback (most recent call last):
  File "/home/airflow/.local/lib/python3.12/site-packages/airflow/models/taskinstance.py", line 465, in _execute_task
    result = _execute_callable(context=context, **execute_callable_kwargs)
             ^^^^^^^^^^^^^^^^^^^^^^^^^^^^^^^^^^^^^^^^^^^^^^^^^^^^^^^^^^^^^
  File "/home/airflow/.local/lib/python3.12/site-packages/airflow/models/taskinstance.py", line 432, in _execute_callable
    return execute_callable(context=context, **execute_callable_kwargs)
           ^^^^^^^^^^^^^^^^^^^^^^^^^^^^^^^^^^^^^^^^^^^^^^^^^^^^^^^^^^^^
  File "/home/airflow/.local/lib/python3.12/site-packages/airflow/models/baseoperator.py", line 401, in wrapper
    return func(self, *args, **kwargs)
           ^^^^^^^^^^^^^^^^^^^^^^^^^^^
  File "/home/airflow/.local/lib/python3.12/site-packages/airflow/providers/common/sql/operators/sql.py", line 282, in execute
    output = hook.run(
             ^^^^^^^^^
  File "/home/airflow/.local/lib/python3.12/site-packages/airflow/providers/common/sql/hooks/sql.py", line 435, in run
    self._run_command(cur, sql_statement, parameters)
  File "/home/airflow/.local/lib/python3.12/site-packages/airflow/providers/common/sql/hooks/sql.py", line 492, in _run_command
    cur.execute(sql_statement)
psycopg2.errors.SyntaxError: syntax error at or near ".1"
LINE 366: ...  fbref_only_general_stats_goalkeeping_hometeam_ga.1 VARCHAR...
                                                               ^

[2024-10-01T12:17:06.236+0000] {taskinstance.py:1206} INFO - Marking task as UP_FOR_RETRY. dag_id=intialization_database, task_id=create_staging_table_fl, run_id=manual__2024-10-01T12:16:16.623409+00:00, execution_date=20241001T121616, start_date=20241001T121705, end_date=20241001T121706
[2024-10-01T12:17:06.259+0000] {standard_task_runner.py:110} ERROR - Failed to execute job 2948 for task create_staging_table_fl (syntax error at or near ".1"
LINE 366: ...  fbref_only_general_stats_goalkeeping_hometeam_ga.1 VARCHAR...
                                                               ^
; 1488)
[2024-10-01T12:17:06.306+0000] {local_task_job_runner.py:240} INFO - Task exited with return code 1
[2024-10-01T12:17:06.334+0000] {taskinstance.py:3503} INFO - 0 downstream tasks scheduled from follow-on schedule check
[2024-10-01T12:17:06.336+0000] {local_task_job_runner.py:222} INFO - ::endgroup::
