[2024-10-02T22:16:53.296+0000] {local_task_job_runner.py:120} INFO - ::group::Pre task execution logs
[2024-10-02T22:16:53.324+0000] {taskinstance.py:2076} INFO - Dependencies all met for dep_context=non-requeueable deps ti=<TaskInstance: intialization_database.merge_transform_fbref_only_general_stats_of_each_match manual__2024-10-02T22:16:50.758376+00:00 [queued]>
[2024-10-02T22:16:53.334+0000] {taskinstance.py:2076} INFO - Dependencies all met for dep_context=requeueable deps ti=<TaskInstance: intialization_database.merge_transform_fbref_only_general_stats_of_each_match manual__2024-10-02T22:16:50.758376+00:00 [queued]>
[2024-10-02T22:16:53.335+0000] {taskinstance.py:2306} INFO - Starting attempt 1 of 2
[2024-10-02T22:16:53.351+0000] {taskinstance.py:2330} INFO - Executing <Task(PythonOperator): merge_transform_fbref_only_general_stats_of_each_match> on 2024-10-02 22:16:50.758376+00:00
[2024-10-02T22:16:53.362+0000] {warnings.py:112} WARNING - /home/***/.local/lib/python3.12/site-packages/***/task/task_runner/standard_task_runner.py:61: DeprecationWarning: This process (pid=12491) is multi-threaded, use of fork() may lead to deadlocks in the child.
  pid = os.fork()

[2024-10-02T22:16:53.364+0000] {standard_task_runner.py:63} INFO - Started process 12493 to run task
[2024-10-02T22:16:53.365+0000] {standard_task_runner.py:90} INFO - Running: ['***', 'tasks', 'run', 'intialization_database', 'merge_transform_fbref_only_general_stats_of_each_match', 'manual__2024-10-02T22:16:50.758376+00:00', '--job-id', '3676', '--raw', '--subdir', 'DAGS_FOLDER/initialization.py', '--cfg-path', '/tmp/tmpr_pt7rk3']
[2024-10-02T22:16:53.367+0000] {standard_task_runner.py:91} INFO - Job 3676: Subtask merge_transform_fbref_only_general_stats_of_each_match
[2024-10-02T22:16:53.429+0000] {task_command.py:426} INFO - Running <TaskInstance: intialization_database.merge_transform_fbref_only_general_stats_of_each_match manual__2024-10-02T22:16:50.758376+00:00 [running]> on host 6dc69f1b4d8f
[2024-10-02T22:16:53.568+0000] {taskinstance.py:2648} INFO - Exporting env vars: AIRFLOW_CTX_DAG_OWNER='***' AIRFLOW_CTX_DAG_ID='intialization_database' AIRFLOW_CTX_TASK_ID='merge_transform_fbref_only_general_stats_of_each_match' AIRFLOW_CTX_EXECUTION_DATE='2024-10-02T22:16:50.758376+00:00' AIRFLOW_CTX_TRY_NUMBER='1' AIRFLOW_CTX_DAG_RUN_ID='manual__2024-10-02T22:16:50.758376+00:00'
[2024-10-02T22:16:53.570+0000] {taskinstance.py:430} INFO - ::endgroup::
[2024-10-02T22:16:53.703+0000] {warnings.py:112} WARNING - /opt/***/dags/helpers_initialization_dag/fbref_only_general_stats_of_each_match_merging_transforming_fl.py:27: FutureWarning: DataFrame.applymap has been deprecated. Use DataFrame.map instead.
  merged_transformed_df_only_general_stats = merged_transformed_df_only_general_stats.applymap(lambda x: x.strip() if isinstance(x, str) else x)

[2024-10-02T22:16:53.880+0000] {logging_mixin.py:188} INFO - All CSVs have been merged into /opt/***/dags/csvs/first_load_csvs/fbref_only_general_stats_merged_transformed.csv
[2024-10-02T22:16:53.882+0000] {python.py:237} INFO - Done. Returned value was: None
[2024-10-02T22:16:53.882+0000] {taskinstance.py:441} INFO - ::group::Post task execution logs
[2024-10-02T22:16:53.895+0000] {taskinstance.py:1206} INFO - Marking task as SUCCESS. dag_id=intialization_database, task_id=merge_transform_fbref_only_general_stats_of_each_match, run_id=manual__2024-10-02T22:16:50.758376+00:00, execution_date=20241002T221650, start_date=20241002T221653, end_date=20241002T221653
[2024-10-02T22:16:53.941+0000] {local_task_job_runner.py:240} INFO - Task exited with return code 0
[2024-10-02T22:16:53.953+0000] {warnings.py:112} WARNING - /home/***/.local/lib/python3.12/site-packages/***/models/baseoperator.py:1297: AirflowProviderDeprecationWarning: Call to deprecated class PostgresOperator. (Please use `***.providers.common.sql.operators.sql.SQLExecuteQueryOperator`.Also, you can provide `hook_params={'schema': <database>}`.)
  result = cls.__new__(cls)

[2024-10-02T22:16:53.980+0000] {taskinstance.py:3503} INFO - 1 downstream tasks scheduled from follow-on schedule check
[2024-10-02T22:16:53.982+0000] {local_task_job_runner.py:222} INFO - ::endgroup::
