[2024-10-01T12:14:09.349+0000] {local_task_job_runner.py:120} INFO - ::group::Pre task execution logs
[2024-10-01T12:14:09.413+0000] {taskinstance.py:2076} INFO - Dependencies all met for dep_context=non-requeueable deps ti=<TaskInstance: intialization_database.create_database_football_scotland manual__2024-10-01T12:08:15.143592+00:00 [queued]>
[2024-10-01T12:14:09.433+0000] {taskinstance.py:2076} INFO - Dependencies all met for dep_context=requeueable deps ti=<TaskInstance: intialization_database.create_database_football_scotland manual__2024-10-01T12:08:15.143592+00:00 [queued]>
[2024-10-01T12:14:09.436+0000] {taskinstance.py:2306} INFO - Starting attempt 1 of 2
[2024-10-01T12:14:09.465+0000] {taskinstance.py:2330} INFO - Executing <Task(PostgresOperator): create_database_football_scotland> on 2024-10-01 12:08:15.143592+00:00
[2024-10-01T12:14:09.478+0000] {warnings.py:112} WARNING - /home/***/.local/lib/python3.12/site-packages/***/task/task_runner/standard_task_runner.py:61: DeprecationWarning: This process (pid=1400) is multi-threaded, use of fork() may lead to deadlocks in the child.
  pid = os.fork()

[2024-10-01T12:14:09.481+0000] {standard_task_runner.py:63} INFO - Started process 1402 to run task
[2024-10-01T12:14:09.481+0000] {standard_task_runner.py:90} INFO - Running: ['***', 'tasks', 'run', 'intialization_database', 'create_database_football_scotland', 'manual__2024-10-01T12:08:15.143592+00:00', '--job-id', '2931', '--raw', '--subdir', 'DAGS_FOLDER/initialization.py', '--cfg-path', '/tmp/tmpsj9yruzl']
[2024-10-01T12:14:09.485+0000] {standard_task_runner.py:91} INFO - Job 2931: Subtask create_database_football_scotland
[2024-10-01T12:14:09.595+0000] {task_command.py:426} INFO - Running <TaskInstance: intialization_database.create_database_football_scotland manual__2024-10-01T12:08:15.143592+00:00 [running]> on host f8103d9b7858
[2024-10-01T12:14:09.919+0000] {taskinstance.py:2648} INFO - Exporting env vars: AIRFLOW_CTX_DAG_OWNER='***' AIRFLOW_CTX_DAG_ID='intialization_database' AIRFLOW_CTX_TASK_ID='create_database_football_scotland' AIRFLOW_CTX_EXECUTION_DATE='2024-10-01T12:08:15.143592+00:00' AIRFLOW_CTX_TRY_NUMBER='1' AIRFLOW_CTX_DAG_RUN_ID='manual__2024-10-01T12:08:15.143592+00:00'
[2024-10-01T12:14:09.926+0000] {taskinstance.py:430} INFO - ::endgroup::
[2024-10-01T12:14:09.929+0000] {sql.py:276} INFO - Executing: -- SQL script to create a database and schema
CREATE DATABASE football_scotland;

[2024-10-01T12:14:09.954+0000] {base.py:84} INFO - Using connection ID 'football_***_connection' for task execution.
[2024-10-01T12:14:09.979+0000] {base.py:84} INFO - Using connection ID 'football_***_connection' for task execution.
[2024-10-01T12:14:09.990+0000] {sql.py:487} INFO - Running statement: -- SQL script to create a database and schema
CREATE DATABASE football_scotland;
, parameters: None
[2024-10-01T12:14:09.994+0000] {taskinstance.py:441} INFO - ::group::Post task execution logs
[2024-10-01T12:14:09.997+0000] {taskinstance.py:2905} ERROR - Task failed with exception
Traceback (most recent call last):
  File "/home/airflow/.local/lib/python3.12/site-packages/airflow/models/taskinstance.py", line 465, in _execute_task
    result = _execute_callable(context=context, **execute_callable_kwargs)
             ^^^^^^^^^^^^^^^^^^^^^^^^^^^^^^^^^^^^^^^^^^^^^^^^^^^^^^^^^^^^^
  File "/home/airflow/.local/lib/python3.12/site-packages/airflow/models/taskinstance.py", line 432, in _execute_callable
    return execute_callable(context=context, **execute_callable_kwargs)
           ^^^^^^^^^^^^^^^^^^^^^^^^^^^^^^^^^^^^^^^^^^^^^^^^^^^^^^^^^^^^
  File "/home/airflow/.local/lib/python3.12/site-packages/airflow/models/baseoperator.py", line 401, in wrapper
    return func(self, *args, **kwargs)
           ^^^^^^^^^^^^^^^^^^^^^^^^^^^
  File "/home/airflow/.local/lib/python3.12/site-packages/airflow/providers/common/sql/operators/sql.py", line 282, in execute
    output = hook.run(
             ^^^^^^^^^
  File "/home/airflow/.local/lib/python3.12/site-packages/airflow/providers/common/sql/hooks/sql.py", line 435, in run
    self._run_command(cur, sql_statement, parameters)
  File "/home/airflow/.local/lib/python3.12/site-packages/airflow/providers/common/sql/hooks/sql.py", line 492, in _run_command
    cur.execute(sql_statement)
psycopg2.errors.DuplicateDatabase: database "football_scotland" already exists

[2024-10-01T12:14:10.022+0000] {taskinstance.py:1206} INFO - Marking task as UP_FOR_RETRY. dag_id=intialization_database, task_id=create_database_football_scotland, run_id=manual__2024-10-01T12:08:15.143592+00:00, execution_date=20241001T120815, start_date=20241001T121409, end_date=20241001T121410
[2024-10-01T12:14:10.088+0000] {standard_task_runner.py:110} ERROR - Failed to execute job 2931 for task create_database_football_scotland (database "football_scotland" already exists
; 1402)
[2024-10-01T12:14:10.158+0000] {local_task_job_runner.py:240} INFO - Task exited with return code 1
[2024-10-01T12:14:10.202+0000] {warnings.py:112} WARNING - /home/***/.local/lib/python3.12/site-packages/***/models/baseoperator.py:1297: AirflowProviderDeprecationWarning: Call to deprecated class PostgresOperator. (Please use `***.providers.common.sql.operators.sql.SQLExecuteQueryOperator`.Also, you can provide `hook_params={'schema': <database>}`.)
  result = cls.__new__(cls)

[2024-10-01T12:14:10.244+0000] {taskinstance.py:3503} INFO - 0 downstream tasks scheduled from follow-on schedule check
[2024-10-01T12:14:10.249+0000] {local_task_job_runner.py:222} INFO - ::endgroup::
