[2024-10-03T11:21:20.106+0000] {local_task_job_runner.py:120} INFO - ::group::Pre task execution logs
[2024-10-03T11:21:20.159+0000] {taskinstance.py:2076} INFO - Dependencies all met for dep_context=non-requeueable deps ti=<TaskInstance: intialization_database.create_schema_in_football_scotland manual__2024-10-03T11:20:07.362964+00:00 [queued]>
[2024-10-03T11:21:20.179+0000] {taskinstance.py:2076} INFO - Dependencies all met for dep_context=requeueable deps ti=<TaskInstance: intialization_database.create_schema_in_football_scotland manual__2024-10-03T11:20:07.362964+00:00 [queued]>
[2024-10-03T11:21:20.180+0000] {taskinstance.py:2306} INFO - Starting attempt 1 of 2
[2024-10-03T11:21:20.209+0000] {taskinstance.py:2330} INFO - Executing <Task(PostgresOperator): create_schema_in_football_scotland> on 2024-10-03 11:20:07.362964+00:00
[2024-10-03T11:21:20.222+0000] {warnings.py:112} WARNING - /home/***/.local/lib/python3.12/site-packages/***/task/task_runner/standard_task_runner.py:61: DeprecationWarning: This process (pid=250) is multi-threaded, use of fork() may lead to deadlocks in the child.
  pid = os.fork()

[2024-10-03T11:21:20.225+0000] {standard_task_runner.py:63} INFO - Started process 259 to run task
[2024-10-03T11:21:20.225+0000] {standard_task_runner.py:90} INFO - Running: ['***', 'tasks', 'run', 'intialization_database', 'create_schema_in_football_scotland', 'manual__2024-10-03T11:20:07.362964+00:00', '--job-id', '3731', '--raw', '--subdir', 'DAGS_FOLDER/initialization.py', '--cfg-path', '/tmp/tmp03b55r6e']
[2024-10-03T11:21:20.227+0000] {standard_task_runner.py:91} INFO - Job 3731: Subtask create_schema_in_football_scotland
[2024-10-03T11:21:20.315+0000] {task_command.py:426} INFO - Running <TaskInstance: intialization_database.create_schema_in_football_scotland manual__2024-10-03T11:20:07.362964+00:00 [running]> on host 7d10ea254acc
[2024-10-03T11:21:20.462+0000] {taskinstance.py:2648} INFO - Exporting env vars: AIRFLOW_CTX_DAG_OWNER='***' AIRFLOW_CTX_DAG_ID='intialization_database' AIRFLOW_CTX_TASK_ID='create_schema_in_football_scotland' AIRFLOW_CTX_EXECUTION_DATE='2024-10-03T11:20:07.362964+00:00' AIRFLOW_CTX_TRY_NUMBER='1' AIRFLOW_CTX_DAG_RUN_ID='manual__2024-10-03T11:20:07.362964+00:00'
[2024-10-03T11:21:20.464+0000] {taskinstance.py:430} INFO - ::endgroup::
[2024-10-03T11:21:20.465+0000] {sql.py:276} INFO - Executing: 
        CREATE SCHEMA IF NOT EXISTS scottish_premiership;
    
[2024-10-03T11:21:20.479+0000] {base.py:84} INFO - Using connection ID 'football_scotland_connection' for task execution.
[2024-10-03T11:21:20.496+0000] {base.py:84} INFO - Using connection ID 'football_scotland_connection' for task execution.
[2024-10-03T11:21:20.508+0000] {sql.py:487} INFO - Running statement: 
        CREATE SCHEMA IF NOT EXISTS scottish_premiership;
    , parameters: None
[2024-10-03T11:21:20.512+0000] {taskinstance.py:441} INFO - ::group::Post task execution logs
[2024-10-03T11:21:20.531+0000] {taskinstance.py:1206} INFO - Marking task as SUCCESS. dag_id=intialization_database, task_id=create_schema_in_football_scotland, run_id=manual__2024-10-03T11:20:07.362964+00:00, execution_date=20241003T112007, start_date=20241003T112120, end_date=20241003T112120
[2024-10-03T11:21:20.603+0000] {local_task_job_runner.py:240} INFO - Task exited with return code 0
[2024-10-03T11:21:20.615+0000] {local_task_job_runner.py:222} INFO - ::endgroup::
