[2024-10-02T20:35:03.646+0000] {local_task_job_runner.py:120} INFO - ::group::Pre task execution logs
[2024-10-02T20:35:03.680+0000] {taskinstance.py:2076} INFO - Dependencies all met for dep_context=non-requeueable deps ti=<TaskInstance: intialization_database.create_football_scotland_connection manual__2024-10-02T20:34:17.155144+00:00 [queued]>
[2024-10-02T20:35:03.695+0000] {taskinstance.py:2076} INFO - Dependencies all met for dep_context=requeueable deps ti=<TaskInstance: intialization_database.create_football_scotland_connection manual__2024-10-02T20:34:17.155144+00:00 [queued]>
[2024-10-02T20:35:03.697+0000] {taskinstance.py:2306} INFO - Starting attempt 1 of 1
[2024-10-02T20:35:03.725+0000] {taskinstance.py:2330} INFO - Executing <Task(PythonOperator): create_football_scotland_connection> on 2024-10-02 20:34:17.155144+00:00
[2024-10-02T20:35:03.740+0000] {warnings.py:112} WARNING - /home/***/.local/lib/python3.12/site-packages/***/task/task_runner/standard_task_runner.py:61: DeprecationWarning: This process (pid=10882) is multi-threaded, use of fork() may lead to deadlocks in the child.
  pid = os.fork()

[2024-10-02T20:35:03.743+0000] {standard_task_runner.py:63} INFO - Started process 10884 to run task
[2024-10-02T20:35:03.743+0000] {standard_task_runner.py:90} INFO - Running: ['***', 'tasks', 'run', 'intialization_database', 'create_football_scotland_connection', 'manual__2024-10-02T20:34:17.155144+00:00', '--job-id', '3553', '--raw', '--subdir', 'DAGS_FOLDER/initialization.py', '--cfg-path', '/tmp/tmpqvaj7l71']
[2024-10-02T20:35:03.746+0000] {standard_task_runner.py:91} INFO - Job 3553: Subtask create_football_scotland_connection
[2024-10-02T20:35:03.840+0000] {task_command.py:426} INFO - Running <TaskInstance: intialization_database.create_football_scotland_connection manual__2024-10-02T20:34:17.155144+00:00 [running]> on host 6dc69f1b4d8f
[2024-10-02T20:35:03.993+0000] {taskinstance.py:2648} INFO - Exporting env vars: AIRFLOW_CTX_DAG_OWNER='***' AIRFLOW_CTX_DAG_ID='intialization_database' AIRFLOW_CTX_TASK_ID='create_football_scotland_connection' AIRFLOW_CTX_EXECUTION_DATE='2024-10-02T20:34:17.155144+00:00' AIRFLOW_CTX_TRY_NUMBER='1' AIRFLOW_CTX_DAG_RUN_ID='manual__2024-10-02T20:34:17.155144+00:00'
[2024-10-02T20:35:03.995+0000] {taskinstance.py:430} INFO - ::endgroup::
[2024-10-02T20:35:03.997+0000] {crypto.py:82} WARNING - empty cryptography key - values will not be stored encrypted.
[2024-10-02T20:35:04.009+0000] {python.py:237} INFO - Done. Returned value was: None
[2024-10-02T20:35:04.010+0000] {taskinstance.py:441} INFO - ::group::Post task execution logs
[2024-10-02T20:35:04.022+0000] {taskinstance.py:1206} INFO - Marking task as SUCCESS. dag_id=intialization_database, task_id=create_football_scotland_connection, run_id=manual__2024-10-02T20:34:17.155144+00:00, execution_date=20241002T203417, start_date=20241002T203503, end_date=20241002T203504
[2024-10-02T20:35:04.079+0000] {local_task_job_runner.py:240} INFO - Task exited with return code 0
[2024-10-02T20:35:04.092+0000] {warnings.py:112} WARNING - /home/***/.local/lib/python3.12/site-packages/***/models/baseoperator.py:1297: AirflowProviderDeprecationWarning: Call to deprecated class PostgresOperator. (Please use `***.providers.common.sql.operators.sql.SQLExecuteQueryOperator`.Also, you can provide `hook_params={'schema': <database>}`.)
  result = cls.__new__(cls)

[2024-10-02T20:35:04.118+0000] {taskinstance.py:3503} INFO - 1 downstream tasks scheduled from follow-on schedule check
[2024-10-02T20:35:04.122+0000] {local_task_job_runner.py:222} INFO - ::endgroup::
