[2024-10-02T13:21:36.241+0000] {local_task_job_runner.py:120} INFO - ::group::Pre task execution logs
[2024-10-02T13:21:36.265+0000] {taskinstance.py:2076} INFO - Dependencies all met for dep_context=non-requeueable deps ti=<TaskInstance: intialization_database.data_insert_dim_tables_fl manual__2024-10-02T13:20:21.277733+00:00 [queued]>
[2024-10-02T13:21:36.274+0000] {taskinstance.py:2076} INFO - Dependencies all met for dep_context=requeueable deps ti=<TaskInstance: intialization_database.data_insert_dim_tables_fl manual__2024-10-02T13:20:21.277733+00:00 [queued]>
[2024-10-02T13:21:36.275+0000] {taskinstance.py:2306} INFO - Starting attempt 1 of 2
[2024-10-02T13:21:36.290+0000] {taskinstance.py:2330} INFO - Executing <Task(PostgresOperator): data_insert_dim_tables_fl> on 2024-10-02 13:20:21.277733+00:00
[2024-10-02T13:21:36.299+0000] {warnings.py:112} WARNING - /home/***/.local/lib/python3.12/site-packages/***/task/task_runner/standard_task_runner.py:61: DeprecationWarning: This process (pid=4841) is multi-threaded, use of fork() may lead to deadlocks in the child.
  pid = os.fork()

[2024-10-02T13:21:36.301+0000] {standard_task_runner.py:63} INFO - Started process 4843 to run task
[2024-10-02T13:21:36.302+0000] {standard_task_runner.py:90} INFO - Running: ['***', 'tasks', 'run', 'intialization_database', 'data_insert_dim_tables_fl', 'manual__2024-10-02T13:20:21.277733+00:00', '--job-id', '3357', '--raw', '--subdir', 'DAGS_FOLDER/initialization.py', '--cfg-path', '/tmp/tmpvn14vhfo']
[2024-10-02T13:21:36.303+0000] {standard_task_runner.py:91} INFO - Job 3357: Subtask data_insert_dim_tables_fl
[2024-10-02T13:21:36.353+0000] {task_command.py:426} INFO - Running <TaskInstance: intialization_database.data_insert_dim_tables_fl manual__2024-10-02T13:20:21.277733+00:00 [running]> on host 6dc69f1b4d8f
[2024-10-02T13:21:36.456+0000] {taskinstance.py:2648} INFO - Exporting env vars: AIRFLOW_CTX_DAG_OWNER='***' AIRFLOW_CTX_DAG_ID='intialization_database' AIRFLOW_CTX_TASK_ID='data_insert_dim_tables_fl' AIRFLOW_CTX_EXECUTION_DATE='2024-10-02T13:20:21.277733+00:00' AIRFLOW_CTX_TRY_NUMBER='1' AIRFLOW_CTX_DAG_RUN_ID='manual__2024-10-02T13:20:21.277733+00:00'
[2024-10-02T13:21:36.458+0000] {taskinstance.py:430} INFO - ::endgroup::
[2024-10-02T13:21:36.458+0000] {sql.py:276} INFO - Executing: INSERT INTO scottish_premiership.dim_general_info (
    game_date,
    fd_time ,
    hometeam ,
    awayteam ,
    fd_fthg ,
    fd_ftag ,
    fd_hthg ,
    fd_htag ,
    fd_ftr ,
    fd_htr ,
    fd_tournament_season ,
    sofa_tournament_name ,
    sofa_tournament_country ,
    sofa_tournament_name_season ,
    sofa_tournament_season ,
    sofa_tournament_round ,
    fbref_time ,
    fbref_comp ,
    fbref_round ,
    fbref_day ,
    fbref_attendance ,
    fbref_full_season_format ,
    fbref_shortened_season ,
    fbref_match_report_url ,
    fbref_game_venue_epoch ,
    fbref_game_venue_time ,
    fbref_stadium_name ,
    german_import_time 
)
SELECT 
    game_date ,
    football_data_time ,
    hometeam ,
    football_data_awayteam ,
    football_data_fthg ,
    football_data_ftag ,
    football_data_hthg ,
    football_data_htag ,
    football_data_ftr ,
    football_data_htr ,
    football_data_tournament_season ,
    sofascore_tournament_name ,
    sofascore_tournament_country ,
    sofascore_tournament_name_season ,
    sofascore_tournament_season ,
    sofascore_tournament_round ,
    fbref_only_general_stats_time ,
    fbref_only_general_stats_comp ,
    fbref_only_general_stats_round ,
    fbref_only_general_stats_day ,
    fbref_only_general_stats_score_fixtures_hometeam_attendance,
    fbref_only_general_stats_full_season_format ,
    fbref_only_general_stats_shortened_season ,
    fbref_match_reports_match_report_url ,
    fbref_match_reports_game_venue_epoch ,
    fbref_match_reports_game_venue_time ,
    fbref_match_reports_stadium_name ,
    german_import_time 
FROM scottish_premiership.staging_table_fl
ON CONFLICT (game_date, hometeam) DO NOTHING;  -- Prevents duplicate inserts based on game_date and hometeam



--dim referees
INSERT INTO scottish_premiership.dim_referees (
    game_id , 
    fd_referee ,
    sofa_referee_name ,
    sofa_referee_yellow_cards ,
    sofa_referee_redcards ,
    sofa_referee_yellowredcards ,	
    sofa_referee_games	,
    sofa_referee_country ,
    fbref_gs_referee ,--general stats
    fbref_referee	,
    fbref_ar_first	,
    fbref_ar_second	,
    fbref_fourth_official 
)
SELECT 
    dg.game_id, 
    st.football_data_referee, 
    st.sofascore_referee_name, 
    st.sofascore_referee_yellow_cards, 
    st.sofascore_referee_redcards, 
    st.sofascore_referee_yellowredcards, 
    st.sofascore_referee_games, 
    st.sofascore_referee_country, 
    st.fbref_only_general_stats_referee,
    st.fbref_match_reports_referee,
    st.fbref_match_reports_ar1,
    st.fbref_match_reports_ar2,
    st.fbref_match_reports_fourth_official   
FROM 
    scottish_premiership.staging_table_fl st
JOIN 
    scottish_premiership.dim_general_info dg 
ON 
    st.game_date = dg.game_date AND st.hometeam = dg.hometeam
ON CONFLICT (game_id) DO NOTHING;  -- Prevents inserting duplicate statistics for the same game_id


--dim_managers
INSERT INTO scottish_premiership.dim_managers (
    game_id, 
    sofa_home_manager_name, 
    sofa_home_manager_slug,	
    sofa_away_manager_name,	
    sofa_away_manager_slug,
    fbref_hometeam_manager,	
    fbref_awayteam_manager
)
SELECT 
    dg.game_id, 
    st.sofascore_home_manager_name, 
    st.sofascore_home_manager_slug,	
    st.sofascore_away_manager_name,	
    st.sofascore_away_manager_slug,
    st.fbref_match_reports_hometeam_manager,	
    st.fbref_match_reports_awayteam_manager
FROM 
    scottish_premiership.staging_table_fl st
JOIN 
    scottish_premiership.dim_general_info dg 
ON 
    st.game_date = dg.game_date AND st.hometeam = dg.hometeam
ON CONFLICT (game_id) DO NOTHING;


--dim_betting_odds
INSERT INTO scottish_premiership.dim_betting_odds (
    game_id, 
    fd_b365h, 
    fd_b365d,	
    fd_b365a,	
    fd_bwh,
    fd_bwd,	
    fd_bwa
)
SELECT 
    dg.game_id, 
    st.football_data_b365h, 
    st.football_data_b365d,	
    st.football_data_b365a,	
    st.football_data_bwh,
    st.football_data_bwd,	
    st.football_data_bwa
FROM 
    scottish_premiership.staging_table_fl st
JOIN 
    scottish_premiership.dim_general_info dg 
ON 
    st.game_date = dg.game_date AND st.hometeam = dg.hometeam
ON CONFLICT (game_id) DO NOTHING;


--dim_shots
INSERT INTO scottish_premiership.dim_shots (
    game_id, 
    fd_hs, 
    fd_as,	
    fd_hst,	
    fd_ast,
    sofa_all_home_total_shots,	
    sofa_all_away_total_shots,
    sofa_all_home_shots_on_target,
    sofa_all_away_shots_on_target,
    sofa_all_home_hit_woodwork	,
    sofa_all_away_hit_woodwork	,
    sofa_all_home_shots_off_target	,
    sofa_all_away_shots_off_target	,
    sofa_all_home_blocked_shots	,
    sofa_all_away_blocked_shots,
    sofa_all_home_shots_inside_box,
    sofa_all_away_shots_inside_box,
    sofa_all_home_shots_outside_box,
    sofa_all_away_shots_outside_box,
    sofa_first_half_home_total_shots,
    sofa_first_half_away_total_shots,
    sofa_first_half_home_shots_on_target,
    sofa_first_half_away_shots_on_target,
    sofa_first_half_home_hit_woodwork,
    sofa_first_half_away_hit_woodwork,
    sofa_first_half_home_shots_off_target,
    sofa_first_half_away_shots_off_target,
    sofa_first_half_home_blocked_shots,
    sofa_first_half_away_blocked_shots,
    sofa_first_half_home_shots_inside_box,
    sofa_first_half_away_shots_inside_box,
    sofa_first_half_home_shots_outside_box,
    sofa_first_half_away_shots_outside_box,
    sofa_second_half_home_total_shots,
    sofa_second_half_away_total_shots,
    sofa_second_half_home_shots_on_target,
    sofa_second_half_away_shots_on_target,
    sofa_second_half_home_hit_woodwork,
    sofa_second_half_away_hit_woodwork,
    sofa_second_half_home_shots_off_target,
    sofa_second_half_away_shots_off_target,
    sofa_second_half_home_blocked_shots,
    sofa_second_half_away_blocked_shots,
    sofa_second_half_home_shots_inside_box,
    sofa_second_half_away_shots_inside_box,
    sofa_second_half_home_shots_outside_box,
    sofa_second_half_away_shots_outside_box,
    fbref_hometeam_sh,
    fbref_hometeam_sot,
    fbref_hometeam_sot_percentage,
    fbref_hometeam_gsh,
    fbref_hometeam_gsot,
    fbref_hometeam_pk,
    fbref_hometeam_pkatt,
    fbref_awayteam_sh,
    fbref_awayteam_sot,
    fbref_awayteam_sot_percentage,
    fbref_awayteam_gsh,
    fbref_awayteam_gsot,
    fbref_awayteam_pk,
    fbref_awayteam_pkatt,
    fbref_hometeam_shots_on_target_percentage,
    fbref_awayteam_shots_on_target_percentage,
    fbref_hometean_shots_not_percentages,
    fbref_awayteam_shots_not_percentages
)
SELECT 
    dg.game_id, 
    st.football_data_hs, 
    st.football_data_as,	
    st.football_data_hst,	
    st.football_data_ast,
    st.sofascore_all_home_total_shots,	
    st.sofascore_all_away_total_shots,
    st.sofascore_all_home_shots_on_target,
    st.sofascore_all_away_shots_on_target,
    st.sofascore_all_home_hit_woodwork	,
    st.sofascore_all_away_hit_woodwork	,
    st.sofascore_all_home_shots_off_target,	
    st.sofascore_all_away_shots_off_target,	
    st.sofascore_all_home_blocked_shots	,
    st.sofascore_all_away_blocked_shots,
    st.sofascore_all_home_shots_inside_box,
    st.sofascore_all_away_shots_inside_box,
    st.sofascore_all_home_shots_outside_box,
    st.sofascore_all_away_shots_outside_box,
    st.sofascore_first_half_home_total_shots,
    st.sofascore_first_half_away_total_shots,
    st.sofascore_first_half_home_shots_on_target,
    st.sofascore_first_half_away_shots_on_target,
    st.sofascore_first_half_home_hit_woodwork,
    st.sofascore_first_half_away_hit_woodwork,
    st.sofascore_first_half_home_shots_off_target,
    st.sofascore_first_half_away_shots_off_target,
    st.sofascore_first_half_home_blocked_shots,
    st.sofascore_first_half_away_blocked_shots,
    st.sofascore_first_half_home_shots_inside_box,
    st.sofascore_first_half_away_shots_inside_box,
    st.sofascore_first_half_home_shots_outside_box,
    st.sofascore_first_half_away_shots_outside_box,
    st.sofascore_second_half_home_total_shots,
    st.sofascore_second_half_away_total_shots,
    st.sofascore_second_half_home_shots_on_target,
    st.sofascore_second_half_away_shots_on_target,
    st.sofascore_second_half_home_hit_woodwork,
    st.sofascore_second_half_away_hit_woodwork,
    st.sofascore_second_half_home_shots_off_target,
    st.sofascore_second_half_away_shots_off_target,
    st.sofascore_second_half_home_blocked_shots,
    st.sofascore_second_half_away_blocked_shots,
    st.sofascore_second_half_home_shots_inside_box,
    st.sofascore_second_half_away_shots_inside_box,
    st.sofascore_second_half_home_shots_outside_box,
    st.sofascore_second_half_away_shots_outside_box,
    st.fbref_only_general_stats_shooting_hometeam_sh,
    st.fbref_only_general_stats_shooting_hometeam_sot,
    st.fbref_only_general_stats_shooting_hometeam_sot_percentage,
    st.fbref_only_general_stats_shooting_hometeam_gsh,
    st.fbref_only_general_stats_shooting_hometeam_gsot,
    st.fbref_only_general_stats_shooting_hometeam_pk,
    st.fbref_only_general_stats_shooting_hometeam_pkatt,
    st.fbref_only_general_stats_shooting_awayteam_sh,
    st.fbref_only_general_stats_shooting_awayteam_sot,
    st.fbref_only_general_stats_shooting_awayteam_sot_percentage,
    st.fbref_only_general_stats_shooting_awayteam_gsh,
    st.fbref_only_general_stats_shooting_awayteam_gsot,
    st.fbref_only_general_stats_shooting_awayteam_pk,
    st.fbref_only_general_stats_shooting_awayteam_pkatt,
    st.fbref_match_reports_hometeam_shots_on_target_percentage,
    st.fbref_match_reports_awayteam_shots_on_target_percentage,
    st.fbref_match_reports_hometean_shots_not_percentages,
    st.fbref_match_reports_awayteam_shots_not_percentages
FROM 
    scottish_premiership.staging_table_fl st
JOIN 
    scottish_premiership.dim_general_info dg 
ON 
    st.game_date = dg.game_date AND st.hometeam = dg.hometeam
ON CONFLICT (game_id) DO NOTHING;



--dim_fouls
INSERT INTO scottish_premiership.dim_fouls (
    game_id, 
    sofa_all_home_fouls	,
    sofa_all_away_fouls,
    sofa_all_home_fouled_in_final_third,
    sofa_all_away_fouled_in_final_third,
    sofa_first_half_home_fouls,
    sofa_first_half_away_fouls,
    sofa_first_half_home_fouled_in_final_third,
    sofa_first_half_away_fouled_in_final_third,
    sofa_second_half_home_fouls,
    sofa_second_half_away_fouls,
    sofa_second_half_home_fouled_in_final_third,
    sofa_second_half_away_fouled_in_final_third,
    fbref_hometeam_fouls,
    fbref_awayteam_fouls
)
SELECT 
    dg.game_id, 
    st.sofascore_all_home_fouls	,
    st.sofascore_all_away_fouls ,
    st.sofascore_all_home_fouled_in_final_third ,
    st.sofascore_all_away_fouled_in_final_third ,
    st.sofascore_first_half_home_fouls ,
    st.sofascore_first_half_away_fouls ,
    st.sofascore_first_half_home_fouled_in_final_third ,
    st.sofascore_first_half_away_fouled_in_final_third ,
    st.sofascore_second_half_home_fouls ,
    st.sofascore_second_half_away_fouls ,
    st.sofascore_second_half_home_fouled_in_final_third ,
    st.sofascore_second_half_away_fouled_in_final_third ,
    st.fbref_match_reports_hometeam_fouls ,
    st.fbref_match_reports_awayteam_fouls
FROM 
    scottish_premiership.staging_table_fl st
JOIN 
    scottish_premiership.dim_general_info dg 
ON 
    st.game_date = dg.game_date AND st.hometeam = dg.hometeam
ON CONFLICT (game_id) DO NOTHING;



			
	


[2024-10-02T13:21:36.468+0000] {base.py:84} INFO - Using connection ID 'football_scotland_connection' for task execution.
[2024-10-02T13:21:36.478+0000] {base.py:84} INFO - Using connection ID 'football_scotland_connection' for task execution.
[2024-10-02T13:21:36.482+0000] {sql.py:487} INFO - Running statement: INSERT INTO scottish_premiership.dim_general_info (
    game_date,
    fd_time ,
    hometeam ,
    awayteam ,
    fd_fthg ,
    fd_ftag ,
    fd_hthg ,
    fd_htag ,
    fd_ftr ,
    fd_htr ,
    fd_tournament_season ,
    sofa_tournament_name ,
    sofa_tournament_country ,
    sofa_tournament_name_season ,
    sofa_tournament_season ,
    sofa_tournament_round ,
    fbref_time ,
    fbref_comp ,
    fbref_round ,
    fbref_day ,
    fbref_attendance ,
    fbref_full_season_format ,
    fbref_shortened_season ,
    fbref_match_report_url ,
    fbref_game_venue_epoch ,
    fbref_game_venue_time ,
    fbref_stadium_name ,
    german_import_time 
)
SELECT 
    game_date ,
    football_data_time ,
    hometeam ,
    football_data_awayteam ,
    football_data_fthg ,
    football_data_ftag ,
    football_data_hthg ,
    football_data_htag ,
    football_data_ftr ,
    football_data_htr ,
    football_data_tournament_season ,
    sofascore_tournament_name ,
    sofascore_tournament_country ,
    sofascore_tournament_name_season ,
    sofascore_tournament_season ,
    sofascore_tournament_round ,
    fbref_only_general_stats_time ,
    fbref_only_general_stats_comp ,
    fbref_only_general_stats_round ,
    fbref_only_general_stats_day ,
    fbref_only_general_stats_score_fixtures_hometeam_attendance,
    fbref_only_general_stats_full_season_format ,
    fbref_only_general_stats_shortened_season ,
    fbref_match_reports_match_report_url ,
    fbref_match_reports_game_venue_epoch ,
    fbref_match_reports_game_venue_time ,
    fbref_match_reports_stadium_name ,
    german_import_time 
FROM scottish_premiership.staging_table_fl
ON CONFLICT (game_date, hometeam) DO NOTHING;  -- Prevents duplicate inserts based on game_date and hometeam



--dim referees
INSERT INTO scottish_premiership.dim_referees (
    game_id , 
    fd_referee ,
    sofa_referee_name ,
    sofa_referee_yellow_cards ,
    sofa_referee_redcards ,
    sofa_referee_yellowredcards ,	
    sofa_referee_games	,
    sofa_referee_country ,
    fbref_gs_referee ,--general stats
    fbref_referee	,
    fbref_ar_first	,
    fbref_ar_second	,
    fbref_fourth_official 
)
SELECT 
    dg.game_id, 
    st.football_data_referee, 
    st.sofascore_referee_name, 
    st.sofascore_referee_yellow_cards, 
    st.sofascore_referee_redcards, 
    st.sofascore_referee_yellowredcards, 
    st.sofascore_referee_games, 
    st.sofascore_referee_country, 
    st.fbref_only_general_stats_referee,
    st.fbref_match_reports_referee,
    st.fbref_match_reports_ar1,
    st.fbref_match_reports_ar2,
    st.fbref_match_reports_fourth_official   
FROM 
    scottish_premiership.staging_table_fl st
JOIN 
    scottish_premiership.dim_general_info dg 
ON 
    st.game_date = dg.game_date AND st.hometeam = dg.hometeam
ON CONFLICT (game_id) DO NOTHING;  -- Prevents inserting duplicate statistics for the same game_id


--dim_managers
INSERT INTO scottish_premiership.dim_managers (
    game_id, 
    sofa_home_manager_name, 
    sofa_home_manager_slug,	
    sofa_away_manager_name,	
    sofa_away_manager_slug,
    fbref_hometeam_manager,	
    fbref_awayteam_manager
)
SELECT 
    dg.game_id, 
    st.sofascore_home_manager_name, 
    st.sofascore_home_manager_slug,	
    st.sofascore_away_manager_name,	
    st.sofascore_away_manager_slug,
    st.fbref_match_reports_hometeam_manager,	
    st.fbref_match_reports_awayteam_manager
FROM 
    scottish_premiership.staging_table_fl st
JOIN 
    scottish_premiership.dim_general_info dg 
ON 
    st.game_date = dg.game_date AND st.hometeam = dg.hometeam
ON CONFLICT (game_id) DO NOTHING;


--dim_betting_odds
INSERT INTO scottish_premiership.dim_betting_odds (
    game_id, 
    fd_b365h, 
    fd_b365d,	
    fd_b365a,	
    fd_bwh,
    fd_bwd,	
    fd_bwa
)
SELECT 
    dg.game_id, 
    st.football_data_b365h, 
    st.football_data_b365d,	
    st.football_data_b365a,	
    st.football_data_bwh,
    st.football_data_bwd,	
    st.football_data_bwa
FROM 
    scottish_premiership.staging_table_fl st
JOIN 
    scottish_premiership.dim_general_info dg 
ON 
    st.game_date = dg.game_date AND st.hometeam = dg.hometeam
ON CONFLICT (game_id) DO NOTHING;


--dim_shots
INSERT INTO scottish_premiership.dim_shots (
    game_id, 
    fd_hs, 
    fd_as,	
    fd_hst,	
    fd_ast,
    sofa_all_home_total_shots,	
    sofa_all_away_total_shots,
    sofa_all_home_shots_on_target,
    sofa_all_away_shots_on_target,
    sofa_all_home_hit_woodwork	,
    sofa_all_away_hit_woodwork	,
    sofa_all_home_shots_off_target	,
    sofa_all_away_shots_off_target	,
    sofa_all_home_blocked_shots	,
    sofa_all_away_blocked_shots,
    sofa_all_home_shots_inside_box,
    sofa_all_away_shots_inside_box,
    sofa_all_home_shots_outside_box,
    sofa_all_away_shots_outside_box,
    sofa_first_half_home_total_shots,
    sofa_first_half_away_total_shots,
    sofa_first_half_home_shots_on_target,
    sofa_first_half_away_shots_on_target,
    sofa_first_half_home_hit_woodwork,
    sofa_first_half_away_hit_woodwork,
    sofa_first_half_home_shots_off_target,
    sofa_first_half_away_shots_off_target,
    sofa_first_half_home_blocked_shots,
    sofa_first_half_away_blocked_shots,
    sofa_first_half_home_shots_inside_box,
    sofa_first_half_away_shots_inside_box,
    sofa_first_half_home_shots_outside_box,
    sofa_first_half_away_shots_outside_box,
    sofa_second_half_home_total_shots,
    sofa_second_half_away_total_shots,
    sofa_second_half_home_shots_on_target,
    sofa_second_half_away_shots_on_target,
    sofa_second_half_home_hit_woodwork,
    sofa_second_half_away_hit_woodwork,
    sofa_second_half_home_shots_off_target,
    sofa_second_half_away_shots_off_target,
    sofa_second_half_home_blocked_shots,
    sofa_second_half_away_blocked_shots,
    sofa_second_half_home_shots_inside_box,
    sofa_second_half_away_shots_inside_box,
    sofa_second_half_home_shots_outside_box,
    sofa_second_half_away_shots_outside_box,
    fbref_hometeam_sh,
    fbref_hometeam_sot,
    fbref_hometeam_sot_percentage,
    fbref_hometeam_gsh,
    fbref_hometeam_gsot,
    fbref_hometeam_pk,
    fbref_hometeam_pkatt,
    fbref_awayteam_sh,
    fbref_awayteam_sot,
    fbref_awayteam_sot_percentage,
    fbref_awayteam_gsh,
    fbref_awayteam_gsot,
    fbref_awayteam_pk,
    fbref_awayteam_pkatt,
    fbref_hometeam_shots_on_target_percentage,
    fbref_awayteam_shots_on_target_percentage,
    fbref_hometean_shots_not_percentages,
    fbref_awayteam_shots_not_percentages
)
SELECT 
    dg.game_id, 
    st.football_data_hs, 
    st.football_data_as,	
    st.football_data_hst,	
    st.football_data_ast,
    st.sofascore_all_home_total_shots,	
    st.sofascore_all_away_total_shots,
    st.sofascore_all_home_shots_on_target,
    st.sofascore_all_away_shots_on_target,
    st.sofascore_all_home_hit_woodwork	,
    st.sofascore_all_away_hit_woodwork	,
    st.sofascore_all_home_shots_off_target,	
    st.sofascore_all_away_shots_off_target,	
    st.sofascore_all_home_blocked_shots	,
    st.sofascore_all_away_blocked_shots,
    st.sofascore_all_home_shots_inside_box,
    st.sofascore_all_away_shots_inside_box,
    st.sofascore_all_home_shots_outside_box,
    st.sofascore_all_away_shots_outside_box,
    st.sofascore_first_half_home_total_shots,
    st.sofascore_first_half_away_total_shots,
    st.sofascore_first_half_home_shots_on_target,
    st.sofascore_first_half_away_shots_on_target,
    st.sofascore_first_half_home_hit_woodwork,
    st.sofascore_first_half_away_hit_woodwork,
    st.sofascore_first_half_home_shots_off_target,
    st.sofascore_first_half_away_shots_off_target,
    st.sofascore_first_half_home_blocked_shots,
    st.sofascore_first_half_away_blocked_shots,
    st.sofascore_first_half_home_shots_inside_box,
    st.sofascore_first_half_away_shots_inside_box,
    st.sofascore_first_half_home_shots_outside_box,
    st.sofascore_first_half_away_shots_outside_box,
    st.sofascore_second_half_home_total_shots,
    st.sofascore_second_half_away_total_shots,
    st.sofascore_second_half_home_shots_on_target,
    st.sofascore_second_half_away_shots_on_target,
    st.sofascore_second_half_home_hit_woodwork,
    st.sofascore_second_half_away_hit_woodwork,
    st.sofascore_second_half_home_shots_off_target,
    st.sofascore_second_half_away_shots_off_target,
    st.sofascore_second_half_home_blocked_shots,
    st.sofascore_second_half_away_blocked_shots,
    st.sofascore_second_half_home_shots_inside_box,
    st.sofascore_second_half_away_shots_inside_box,
    st.sofascore_second_half_home_shots_outside_box,
    st.sofascore_second_half_away_shots_outside_box,
    st.fbref_only_general_stats_shooting_hometeam_sh,
    st.fbref_only_general_stats_shooting_hometeam_sot,
    st.fbref_only_general_stats_shooting_hometeam_sot_percentage,
    st.fbref_only_general_stats_shooting_hometeam_gsh,
    st.fbref_only_general_stats_shooting_hometeam_gsot,
    st.fbref_only_general_stats_shooting_hometeam_pk,
    st.fbref_only_general_stats_shooting_hometeam_pkatt,
    st.fbref_only_general_stats_shooting_awayteam_sh,
    st.fbref_only_general_stats_shooting_awayteam_sot,
    st.fbref_only_general_stats_shooting_awayteam_sot_percentage,
    st.fbref_only_general_stats_shooting_awayteam_gsh,
    st.fbref_only_general_stats_shooting_awayteam_gsot,
    st.fbref_only_general_stats_shooting_awayteam_pk,
    st.fbref_only_general_stats_shooting_awayteam_pkatt,
    st.fbref_match_reports_hometeam_shots_on_target_percentage,
    st.fbref_match_reports_awayteam_shots_on_target_percentage,
    st.fbref_match_reports_hometean_shots_not_percentages,
    st.fbref_match_reports_awayteam_shots_not_percentages
FROM 
    scottish_premiership.staging_table_fl st
JOIN 
    scottish_premiership.dim_general_info dg 
ON 
    st.game_date = dg.game_date AND st.hometeam = dg.hometeam
ON CONFLICT (game_id) DO NOTHING;



--dim_fouls
INSERT INTO scottish_premiership.dim_fouls (
    game_id, 
    sofa_all_home_fouls	,
    sofa_all_away_fouls,
    sofa_all_home_fouled_in_final_third,
    sofa_all_away_fouled_in_final_third,
    sofa_first_half_home_fouls,
    sofa_first_half_away_fouls,
    sofa_first_half_home_fouled_in_final_third,
    sofa_first_half_away_fouled_in_final_third,
    sofa_second_half_home_fouls,
    sofa_second_half_away_fouls,
    sofa_second_half_home_fouled_in_final_third,
    sofa_second_half_away_fouled_in_final_third,
    fbref_hometeam_fouls,
    fbref_awayteam_fouls
)
SELECT 
    dg.game_id, 
    st.sofascore_all_home_fouls	,
    st.sofascore_all_away_fouls ,
    st.sofascore_all_home_fouled_in_final_third ,
    st.sofascore_all_away_fouled_in_final_third ,
    st.sofascore_first_half_home_fouls ,
    st.sofascore_first_half_away_fouls ,
    st.sofascore_first_half_home_fouled_in_final_third ,
    st.sofascore_first_half_away_fouled_in_final_third ,
    st.sofascore_second_half_home_fouls ,
    st.sofascore_second_half_away_fouls ,
    st.sofascore_second_half_home_fouled_in_final_third ,
    st.sofascore_second_half_away_fouled_in_final_third ,
    st.fbref_match_reports_hometeam_fouls ,
    st.fbref_match_reports_awayteam_fouls
FROM 
    scottish_premiership.staging_table_fl st
JOIN 
    scottish_premiership.dim_general_info dg 
ON 
    st.game_date = dg.game_date AND st.hometeam = dg.hometeam
ON CONFLICT (game_id) DO NOTHING;



			
	

, parameters: None
[2024-10-02T13:21:57.635+0000] {sql.py:496} INFO - Rows affected: 5591
[2024-10-02T13:21:57.639+0000] {taskinstance.py:441} INFO - ::group::Post task execution logs
[2024-10-02T13:21:57.659+0000] {taskinstance.py:1206} INFO - Marking task as SUCCESS. dag_id=intialization_database, task_id=data_insert_dim_tables_fl, run_id=manual__2024-10-02T13:20:21.277733+00:00, execution_date=20241002T132021, start_date=20241002T132136, end_date=20241002T132157
[2024-10-02T13:21:57.712+0000] {local_task_job_runner.py:240} INFO - Task exited with return code 0
[2024-10-02T13:21:57.741+0000] {taskinstance.py:3503} INFO - 0 downstream tasks scheduled from follow-on schedule check
[2024-10-02T13:21:57.743+0000] {local_task_job_runner.py:222} INFO - ::endgroup::
