[2024-10-02T12:52:34.566+0000] {local_task_job_runner.py:120} INFO - ::group::Pre task execution logs
[2024-10-02T12:52:34.597+0000] {taskinstance.py:2076} INFO - Dependencies all met for dep_context=non-requeueable deps ti=<TaskInstance: intialization_database.create_football_scotland_connection manual__2024-10-02T12:51:46.686412+00:00 [queued]>
[2024-10-02T12:52:34.609+0000] {taskinstance.py:2076} INFO - Dependencies all met for dep_context=requeueable deps ti=<TaskInstance: intialization_database.create_football_scotland_connection manual__2024-10-02T12:51:46.686412+00:00 [queued]>
[2024-10-02T12:52:34.611+0000] {taskinstance.py:2306} INFO - Starting attempt 1 of 1
[2024-10-02T12:52:34.630+0000] {taskinstance.py:2330} INFO - Executing <Task(PythonOperator): create_football_scotland_connection> on 2024-10-02 12:51:46.686412+00:00
[2024-10-02T12:52:34.639+0000] {warnings.py:112} WARNING - /home/***/.local/lib/python3.12/site-packages/***/task/task_runner/standard_task_runner.py:61: DeprecationWarning: This process (pid=4385) is multi-threaded, use of fork() may lead to deadlocks in the child.
  pid = os.fork()

[2024-10-02T12:52:34.641+0000] {standard_task_runner.py:63} INFO - Started process 4387 to run task
[2024-10-02T12:52:34.641+0000] {standard_task_runner.py:90} INFO - Running: ['***', 'tasks', 'run', 'intialization_database', 'create_football_scotland_connection', 'manual__2024-10-02T12:51:46.686412+00:00', '--job-id', '3325', '--raw', '--subdir', 'DAGS_FOLDER/initialization.py', '--cfg-path', '/tmp/tmp6s7gvq5n']
[2024-10-02T12:52:34.645+0000] {standard_task_runner.py:91} INFO - Job 3325: Subtask create_football_scotland_connection
[2024-10-02T12:52:34.726+0000] {task_command.py:426} INFO - Running <TaskInstance: intialization_database.create_football_scotland_connection manual__2024-10-02T12:51:46.686412+00:00 [running]> on host 6dc69f1b4d8f
[2024-10-02T12:52:34.903+0000] {taskinstance.py:2648} INFO - Exporting env vars: AIRFLOW_CTX_DAG_OWNER='***' AIRFLOW_CTX_DAG_ID='intialization_database' AIRFLOW_CTX_TASK_ID='create_football_scotland_connection' AIRFLOW_CTX_EXECUTION_DATE='2024-10-02T12:51:46.686412+00:00' AIRFLOW_CTX_TRY_NUMBER='1' AIRFLOW_CTX_DAG_RUN_ID='manual__2024-10-02T12:51:46.686412+00:00'
[2024-10-02T12:52:34.905+0000] {taskinstance.py:430} INFO - ::endgroup::
[2024-10-02T12:52:34.907+0000] {crypto.py:82} WARNING - empty cryptography key - values will not be stored encrypted.
[2024-10-02T12:52:34.921+0000] {python.py:237} INFO - Done. Returned value was: None
[2024-10-02T12:52:34.922+0000] {taskinstance.py:441} INFO - ::group::Post task execution logs
[2024-10-02T12:52:34.935+0000] {taskinstance.py:1206} INFO - Marking task as SUCCESS. dag_id=intialization_database, task_id=create_football_scotland_connection, run_id=manual__2024-10-02T12:51:46.686412+00:00, execution_date=20241002T125146, start_date=20241002T125234, end_date=20241002T125234
[2024-10-02T12:52:34.978+0000] {local_task_job_runner.py:240} INFO - Task exited with return code 0
[2024-10-02T12:52:34.991+0000] {warnings.py:112} WARNING - /home/***/.local/lib/python3.12/site-packages/***/models/baseoperator.py:1297: AirflowProviderDeprecationWarning: Call to deprecated class PostgresOperator. (Please use `***.providers.common.sql.operators.sql.SQLExecuteQueryOperator`.Also, you can provide `hook_params={'schema': <database>}`.)
  result = cls.__new__(cls)

[2024-10-02T12:52:35.020+0000] {taskinstance.py:3503} INFO - 1 downstream tasks scheduled from follow-on schedule check
[2024-10-02T12:52:35.023+0000] {local_task_job_runner.py:222} INFO - ::endgroup::
