[2024-10-01T12:13:56.878+0000] {local_task_job_runner.py:120} INFO - ::group::Pre task execution logs
[2024-10-01T12:13:56.901+0000] {taskinstance.py:2076} INFO - Dependencies all met for dep_context=non-requeueable deps ti=<TaskInstance: intialization_database.merge_transform_all_sources manual__2024-10-01T12:08:15.143592+00:00 [queued]>
[2024-10-01T12:13:56.913+0000] {taskinstance.py:2076} INFO - Dependencies all met for dep_context=requeueable deps ti=<TaskInstance: intialization_database.merge_transform_all_sources manual__2024-10-01T12:08:15.143592+00:00 [queued]>
[2024-10-01T12:13:56.913+0000] {taskinstance.py:2306} INFO - Starting attempt 2 of 2
[2024-10-01T12:13:56.927+0000] {taskinstance.py:2330} INFO - Executing <Task(PythonOperator): merge_transform_all_sources> on 2024-10-01 12:08:15.143592+00:00
[2024-10-01T12:13:56.935+0000] {warnings.py:112} WARNING - /home/***/.local/lib/python3.12/site-packages/***/task/task_runner/standard_task_runner.py:61: DeprecationWarning: This process (pid=1387) is multi-threaded, use of fork() may lead to deadlocks in the child.
  pid = os.fork()

[2024-10-01T12:13:56.937+0000] {standard_task_runner.py:63} INFO - Started process 1389 to run task
[2024-10-01T12:13:56.937+0000] {standard_task_runner.py:90} INFO - Running: ['***', 'tasks', 'run', 'intialization_database', 'merge_transform_all_sources', 'manual__2024-10-01T12:08:15.143592+00:00', '--job-id', '2929', '--raw', '--subdir', 'DAGS_FOLDER/initialization.py', '--cfg-path', '/tmp/tmp78qehc30']
[2024-10-01T12:13:56.938+0000] {standard_task_runner.py:91} INFO - Job 2929: Subtask merge_transform_all_sources
[2024-10-01T12:13:56.990+0000] {task_command.py:426} INFO - Running <TaskInstance: intialization_database.merge_transform_all_sources manual__2024-10-01T12:08:15.143592+00:00 [running]> on host f8103d9b7858
[2024-10-01T12:13:57.102+0000] {taskinstance.py:2648} INFO - Exporting env vars: AIRFLOW_CTX_DAG_OWNER='***' AIRFLOW_CTX_DAG_ID='intialization_database' AIRFLOW_CTX_TASK_ID='merge_transform_all_sources' AIRFLOW_CTX_EXECUTION_DATE='2024-10-01T12:08:15.143592+00:00' AIRFLOW_CTX_TRY_NUMBER='2' AIRFLOW_CTX_DAG_RUN_ID='manual__2024-10-01T12:08:15.143592+00:00'
[2024-10-01T12:13:57.104+0000] {taskinstance.py:430} INFO - ::endgroup::
[2024-10-01T12:14:01.886+0000] {python.py:237} INFO - Done. Returned value was: None
[2024-10-01T12:14:01.887+0000] {taskinstance.py:441} INFO - ::group::Post task execution logs
[2024-10-01T12:14:01.898+0000] {taskinstance.py:1206} INFO - Marking task as SUCCESS. dag_id=intialization_database, task_id=merge_transform_all_sources, run_id=manual__2024-10-01T12:08:15.143592+00:00, execution_date=20241001T120815, start_date=20241001T121356, end_date=20241001T121401
[2024-10-01T12:14:01.969+0000] {local_task_job_runner.py:240} INFO - Task exited with return code 0
[2024-10-01T12:14:01.993+0000] {warnings.py:112} WARNING - /home/***/.local/lib/python3.12/site-packages/***/models/baseoperator.py:1297: AirflowProviderDeprecationWarning: Call to deprecated class PostgresOperator. (Please use `***.providers.common.sql.operators.sql.SQLExecuteQueryOperator`.Also, you can provide `hook_params={'schema': <database>}`.)
  result = cls.__new__(cls)

[2024-10-01T12:14:02.013+0000] {taskinstance.py:3503} INFO - 1 downstream tasks scheduled from follow-on schedule check
[2024-10-01T12:14:02.016+0000] {local_task_job_runner.py:222} INFO - ::endgroup::
