[2024-10-01T10:45:46.574+0000] {local_task_job_runner.py:120} INFO - ::group::Pre task execution logs
[2024-10-01T10:45:46.651+0000] {taskinstance.py:2076} INFO - Dependencies all met for dep_context=non-requeueable deps ti=<TaskInstance: intialization_database.create_football_airflow_connection manual__2024-10-01T10:44:32.614459+00:00 [queued]>
[2024-10-01T10:45:46.668+0000] {taskinstance.py:2076} INFO - Dependencies all met for dep_context=requeueable deps ti=<TaskInstance: intialization_database.create_football_airflow_connection manual__2024-10-01T10:44:32.614459+00:00 [queued]>
[2024-10-01T10:45:46.670+0000] {taskinstance.py:2306} INFO - Starting attempt 1 of 1
[2024-10-01T10:45:46.708+0000] {taskinstance.py:2330} INFO - Executing <Task(PythonOperator): create_football_airflow_connection> on 2024-10-01 10:44:32.614459+00:00
[2024-10-01T10:45:46.722+0000] {warnings.py:112} WARNING - /home/***/.local/lib/python3.12/site-packages/***/task/task_runner/standard_task_runner.py:61: DeprecationWarning: This process (pid=254) is multi-threaded, use of fork() may lead to deadlocks in the child.
  pid = os.fork()

[2024-10-01T10:45:46.725+0000] {standard_task_runner.py:90} INFO - Running: ['***', 'tasks', 'run', 'intialization_database', 'create_football_***_connection', 'manual__2024-10-01T10:44:32.614459+00:00', '--job-id', '2910', '--raw', '--subdir', 'DAGS_FOLDER/initialization.py', '--cfg-path', '/tmp/tmpf4lpvg5a']
[2024-10-01T10:45:46.734+0000] {standard_task_runner.py:63} INFO - Started process 256 to run task
[2024-10-01T10:45:46.736+0000] {standard_task_runner.py:91} INFO - Job 2910: Subtask create_football_***_connection
[2024-10-01T10:45:46.823+0000] {task_command.py:426} INFO - Running <TaskInstance: intialization_database.create_football_airflow_connection manual__2024-10-01T10:44:32.614459+00:00 [running]> on host f8103d9b7858
[2024-10-01T10:45:47.078+0000] {taskinstance.py:2648} INFO - Exporting env vars: AIRFLOW_CTX_DAG_OWNER='***' AIRFLOW_CTX_DAG_ID='intialization_database' AIRFLOW_CTX_TASK_ID='create_football_***_connection' AIRFLOW_CTX_EXECUTION_DATE='2024-10-01T10:44:32.614459+00:00' AIRFLOW_CTX_TRY_NUMBER='1' AIRFLOW_CTX_DAG_RUN_ID='manual__2024-10-01T10:44:32.614459+00:00'
[2024-10-01T10:45:47.084+0000] {taskinstance.py:430} INFO - ::endgroup::
[2024-10-01T10:45:47.086+0000] {crypto.py:82} WARNING - empty cryptography key - values will not be stored encrypted.
[2024-10-01T10:45:47.114+0000] {python.py:237} INFO - Done. Returned value was: None
[2024-10-01T10:45:47.116+0000] {taskinstance.py:441} INFO - ::group::Post task execution logs
[2024-10-01T10:45:47.137+0000] {taskinstance.py:1206} INFO - Marking task as SUCCESS. dag_id=intialization_database, task_id=create_football_***_connection, run_id=manual__2024-10-01T10:44:32.614459+00:00, execution_date=20241001T104432, start_date=20241001T104546, end_date=20241001T104547
[2024-10-01T10:45:47.235+0000] {local_task_job_runner.py:240} INFO - Task exited with return code 0
[2024-10-01T10:45:47.270+0000] {warnings.py:112} WARNING - /home/***/.local/lib/python3.12/site-packages/***/models/baseoperator.py:1297: AirflowProviderDeprecationWarning: Call to deprecated class PostgresOperator. (Please use `***.providers.common.sql.operators.sql.SQLExecuteQueryOperator`.Also, you can provide `hook_params={'schema': <database>}`.)
  result = cls.__new__(cls)

[2024-10-01T10:45:47.340+0000] {taskinstance.py:3503} INFO - 1 downstream tasks scheduled from follow-on schedule check
[2024-10-01T10:45:47.344+0000] {local_task_job_runner.py:222} INFO - ::endgroup::
