[2024-09-29T11:02:26.968+0000] {local_task_job_runner.py:120} INFO - ::group::Pre task execution logs
[2024-09-29T11:02:26.995+0000] {taskinstance.py:2076} INFO - Dependencies all met for dep_context=non-requeueable deps ti=<TaskInstance: intialization_database.merge_transform_sofascore manual__2024-09-29T11:02:09.590498+00:00 [queued]>
[2024-09-29T11:02:27.006+0000] {taskinstance.py:2076} INFO - Dependencies all met for dep_context=requeueable deps ti=<TaskInstance: intialization_database.merge_transform_sofascore manual__2024-09-29T11:02:09.590498+00:00 [queued]>
[2024-09-29T11:02:27.007+0000] {taskinstance.py:2306} INFO - Starting attempt 1 of 2
[2024-09-29T11:02:27.022+0000] {taskinstance.py:2330} INFO - Executing <Task(PythonOperator): merge_transform_sofascore> on 2024-09-29 11:02:09.590498+00:00
[2024-09-29T11:02:27.029+0000] {warnings.py:112} WARNING - /home/***/.local/lib/python3.12/site-packages/***/task/task_runner/standard_task_runner.py:61: DeprecationWarning: This process (pid=121) is multi-threaded, use of fork() may lead to deadlocks in the child.
  pid = os.fork()

[2024-09-29T11:02:27.032+0000] {standard_task_runner.py:63} INFO - Started process 123 to run task
[2024-09-29T11:02:27.031+0000] {standard_task_runner.py:90} INFO - Running: ['***', 'tasks', 'run', 'intialization_database', 'merge_transform_sofascore', 'manual__2024-09-29T11:02:09.590498+00:00', '--job-id', '2779', '--raw', '--subdir', 'DAGS_FOLDER/initialization.py', '--cfg-path', '/tmp/tmpjvlxucbp']
[2024-09-29T11:02:27.033+0000] {standard_task_runner.py:91} INFO - Job 2779: Subtask merge_transform_sofascore
[2024-09-29T11:02:27.081+0000] {task_command.py:426} INFO - Running <TaskInstance: intialization_database.merge_transform_sofascore manual__2024-09-29T11:02:09.590498+00:00 [running]> on host e78fe06b6548
[2024-09-29T11:02:27.194+0000] {taskinstance.py:2648} INFO - Exporting env vars: AIRFLOW_CTX_DAG_OWNER='***' AIRFLOW_CTX_DAG_ID='intialization_database' AIRFLOW_CTX_TASK_ID='merge_transform_sofascore' AIRFLOW_CTX_EXECUTION_DATE='2024-09-29T11:02:09.590498+00:00' AIRFLOW_CTX_TRY_NUMBER='1' AIRFLOW_CTX_DAG_RUN_ID='manual__2024-09-29T11:02:09.590498+00:00'
[2024-09-29T11:02:27.197+0000] {taskinstance.py:430} INFO - ::endgroup::
[2024-09-29T11:02:34.414+0000] {warnings.py:112} WARNING - /opt/***/dags/helpers_initialization_dag/helpers_sofascore_merging_transforming_csvs_fl.py:38: FutureWarning: DataFrame.applymap has been deprecated. Use DataFrame.map instead.
  dataframe = dataframe.applymap(lambda x: x.strip() if isinstance(x, str) else x)

[2024-09-29T11:02:37.014+0000] {python.py:237} INFO - Done. Returned value was: None
[2024-09-29T11:02:37.015+0000] {taskinstance.py:441} INFO - ::group::Post task execution logs
[2024-09-29T11:02:37.024+0000] {taskinstance.py:1206} INFO - Marking task as SUCCESS. dag_id=intialization_database, task_id=merge_transform_sofascore, run_id=manual__2024-09-29T11:02:09.590498+00:00, execution_date=20240929T110209, start_date=20240929T110226, end_date=20240929T110237
[2024-09-29T11:02:37.088+0000] {local_task_job_runner.py:240} INFO - Task exited with return code 0
[2024-09-29T11:02:37.114+0000] {taskinstance.py:3503} INFO - 1 downstream tasks scheduled from follow-on schedule check
[2024-09-29T11:02:37.116+0000] {local_task_job_runner.py:222} INFO - ::endgroup::
