[2024-10-02T21:01:04.435+0000] {local_task_job_runner.py:120} INFO - ::group::Pre task execution logs
[2024-10-02T21:01:04.473+0000] {taskinstance.py:2076} INFO - Dependencies all met for dep_context=non-requeueable deps ti=<TaskInstance: intialization_database.merge_transform_fbref_only_match_reports manual__2024-10-02T21:00:51.184293+00:00 [queued]>
[2024-10-02T21:01:04.487+0000] {taskinstance.py:2076} INFO - Dependencies all met for dep_context=requeueable deps ti=<TaskInstance: intialization_database.merge_transform_fbref_only_match_reports manual__2024-10-02T21:00:51.184293+00:00 [queued]>
[2024-10-02T21:01:04.491+0000] {taskinstance.py:2306} INFO - Starting attempt 1 of 2
[2024-10-02T21:01:04.512+0000] {taskinstance.py:2330} INFO - Executing <Task(PythonOperator): merge_transform_fbref_only_match_reports> on 2024-10-02 21:00:51.184293+00:00
[2024-10-02T21:01:04.526+0000] {warnings.py:112} WARNING - /home/***/.local/lib/python3.12/site-packages/***/task/task_runner/standard_task_runner.py:61: DeprecationWarning: This process (pid=11262) is multi-threaded, use of fork() may lead to deadlocks in the child.
  pid = os.fork()

[2024-10-02T21:01:04.528+0000] {standard_task_runner.py:63} INFO - Started process 11264 to run task
[2024-10-02T21:01:04.528+0000] {standard_task_runner.py:90} INFO - Running: ['***', 'tasks', 'run', 'intialization_database', 'merge_transform_fbref_only_match_reports', 'manual__2024-10-02T21:00:51.184293+00:00', '--job-id', '3574', '--raw', '--subdir', 'DAGS_FOLDER/initialization.py', '--cfg-path', '/tmp/tmpq7qixvxb']
[2024-10-02T21:01:04.529+0000] {standard_task_runner.py:91} INFO - Job 3574: Subtask merge_transform_fbref_only_match_reports
[2024-10-02T21:01:04.599+0000] {task_command.py:426} INFO - Running <TaskInstance: intialization_database.merge_transform_fbref_only_match_reports manual__2024-10-02T21:00:51.184293+00:00 [running]> on host 6dc69f1b4d8f
[2024-10-02T21:01:04.750+0000] {taskinstance.py:2648} INFO - Exporting env vars: AIRFLOW_CTX_DAG_OWNER='***' AIRFLOW_CTX_DAG_ID='intialization_database' AIRFLOW_CTX_TASK_ID='merge_transform_fbref_only_match_reports' AIRFLOW_CTX_EXECUTION_DATE='2024-10-02T21:00:51.184293+00:00' AIRFLOW_CTX_TRY_NUMBER='1' AIRFLOW_CTX_DAG_RUN_ID='manual__2024-10-02T21:00:51.184293+00:00'
[2024-10-02T21:01:04.752+0000] {taskinstance.py:430} INFO - ::endgroup::
[2024-10-02T21:01:05.078+0000] {warnings.py:112} WARNING - /opt/***/dags/helpers_initialization_dag/fbref_only_match_reports_merging_transforming_csvs_fl.py:37: FutureWarning: DataFrame.applymap has been deprecated. Use DataFrame.map instead.
  fbref_match_reports_merged_df = fbref_match_reports_merged_df.applymap(lambda x: x.strip() if isinstance(x, str) else x)

[2024-10-02T21:01:05.776+0000] {python.py:237} INFO - Done. Returned value was: None
[2024-10-02T21:01:05.777+0000] {taskinstance.py:441} INFO - ::group::Post task execution logs
[2024-10-02T21:01:05.793+0000] {taskinstance.py:1206} INFO - Marking task as SUCCESS. dag_id=intialization_database, task_id=merge_transform_fbref_only_match_reports, run_id=manual__2024-10-02T21:00:51.184293+00:00, execution_date=20241002T210051, start_date=20241002T210104, end_date=20241002T210105
[2024-10-02T21:01:05.828+0000] {local_task_job_runner.py:240} INFO - Task exited with return code 0
[2024-10-02T21:01:05.841+0000] {warnings.py:112} WARNING - /home/***/.local/lib/python3.12/site-packages/***/models/baseoperator.py:1297: AirflowProviderDeprecationWarning: Call to deprecated class PostgresOperator. (Please use `***.providers.common.sql.operators.sql.SQLExecuteQueryOperator`.Also, you can provide `hook_params={'schema': <database>}`.)
  result = cls.__new__(cls)

[2024-10-02T21:01:05.869+0000] {taskinstance.py:3503} INFO - 1 downstream tasks scheduled from follow-on schedule check
[2024-10-02T21:01:05.871+0000] {local_task_job_runner.py:222} INFO - ::endgroup::
