[2024-09-29T13:04:45.738+0000] {local_task_job_runner.py:120} INFO - ::group::Pre task execution logs
[2024-09-29T13:04:45.768+0000] {taskinstance.py:2076} INFO - Dependencies all met for dep_context=non-requeueable deps ti=<TaskInstance: intialization_database.create_pgadmin_server manual__2024-09-29T13:04:04.069652+00:00 [queued]>
[2024-09-29T13:04:45.781+0000] {taskinstance.py:2076} INFO - Dependencies all met for dep_context=requeueable deps ti=<TaskInstance: intialization_database.create_pgadmin_server manual__2024-09-29T13:04:04.069652+00:00 [queued]>
[2024-09-29T13:04:45.782+0000] {taskinstance.py:2306} INFO - Starting attempt 1 of 1
[2024-09-29T13:04:45.799+0000] {taskinstance.py:2330} INFO - Executing <Task(PythonOperator): create_pgadmin_server> on 2024-09-29 13:04:04.069652+00:00
[2024-09-29T13:04:45.807+0000] {warnings.py:112} WARNING - /home/***/.local/lib/python3.12/site-packages/***/task/task_runner/standard_task_runner.py:61: DeprecationWarning: This process (pid=1822) is multi-threaded, use of fork() may lead to deadlocks in the child.
  pid = os.fork()

[2024-09-29T13:04:45.809+0000] {standard_task_runner.py:63} INFO - Started process 1824 to run task
[2024-09-29T13:04:45.809+0000] {standard_task_runner.py:90} INFO - Running: ['***', 'tasks', 'run', 'intialization_database', 'create_pgadmin_server', 'manual__2024-09-29T13:04:04.069652+00:00', '--job-id', '2831', '--raw', '--subdir', 'DAGS_FOLDER/initialization.py', '--cfg-path', '/tmp/tmphq0jd4ru']
[2024-09-29T13:04:45.811+0000] {standard_task_runner.py:91} INFO - Job 2831: Subtask create_pgadmin_server
[2024-09-29T13:04:45.863+0000] {task_command.py:426} INFO - Running <TaskInstance: intialization_database.create_pgadmin_server manual__2024-09-29T13:04:04.069652+00:00 [running]> on host e78fe06b6548
[2024-09-29T13:04:45.993+0000] {taskinstance.py:2648} INFO - Exporting env vars: AIRFLOW_CTX_DAG_OWNER='***' AIRFLOW_CTX_DAG_ID='intialization_database' AIRFLOW_CTX_TASK_ID='create_pgadmin_server' AIRFLOW_CTX_EXECUTION_DATE='2024-09-29T13:04:04.069652+00:00' AIRFLOW_CTX_TRY_NUMBER='1' AIRFLOW_CTX_DAG_RUN_ID='manual__2024-09-29T13:04:04.069652+00:00'
[2024-09-29T13:04:45.996+0000] {taskinstance.py:430} INFO - ::endgroup::
[2024-09-29T13:04:46.063+0000] {logging_mixin.py:188} INFO - Logged in successfully.
[2024-09-29T13:04:46.073+0000] {logging_mixin.py:188} INFO - Failed to create server: b'<!doctype html>\n<html lang=en>\n<title>404 Not Found</title>\n<h1>Not Found</h1>\n<p>The requested URL was not found on the server. If you entered the URL manually please check your spelling and try again.</p>\n'
[2024-09-29T13:04:46.095+0000] {python.py:237} INFO - Done. Returned value was: None
[2024-09-29T13:04:46.096+0000] {taskinstance.py:441} INFO - ::group::Post task execution logs
[2024-09-29T13:04:46.108+0000] {taskinstance.py:1206} INFO - Marking task as SUCCESS. dag_id=intialization_database, task_id=create_pgadmin_server, run_id=manual__2024-09-29T13:04:04.069652+00:00, execution_date=20240929T130404, start_date=20240929T130445, end_date=20240929T130446
[2024-09-29T13:04:46.144+0000] {local_task_job_runner.py:240} INFO - Task exited with return code 0
[2024-09-29T13:04:46.166+0000] {taskinstance.py:3503} INFO - 0 downstream tasks scheduled from follow-on schedule check
[2024-09-29T13:04:46.168+0000] {local_task_job_runner.py:222} INFO - ::endgroup::
