[2024-10-03T11:13:57.449+0000] {local_task_job_runner.py:120} INFO - ::group::Pre task execution logs
[2024-10-03T11:13:57.491+0000] {taskinstance.py:2076} INFO - Dependencies all met for dep_context=non-requeueable deps ti=<TaskInstance: intialization_database.merge_transform_fbref_only_match_reports manual__2024-10-03T11:08:10.204482+00:00 [queued]>
[2024-10-03T11:13:57.502+0000] {taskinstance.py:2076} INFO - Dependencies all met for dep_context=requeueable deps ti=<TaskInstance: intialization_database.merge_transform_fbref_only_match_reports manual__2024-10-03T11:08:10.204482+00:00 [queued]>
[2024-10-03T11:13:57.515+0000] {taskinstance.py:2306} INFO - Starting attempt 1 of 2
[2024-10-03T11:13:57.560+0000] {taskinstance.py:2330} INFO - Executing <Task(PythonOperator): merge_transform_fbref_only_match_reports> on 2024-10-03 11:08:10.204482+00:00
[2024-10-03T11:13:57.572+0000] {warnings.py:112} WARNING - /home/***/.local/lib/python3.12/site-packages/***/task/task_runner/standard_task_runner.py:61: DeprecationWarning: This process (pid=70) is multi-threaded, use of fork() may lead to deadlocks in the child.
  pid = os.fork()

[2024-10-03T11:13:57.575+0000] {standard_task_runner.py:63} INFO - Started process 72 to run task
[2024-10-03T11:13:57.575+0000] {standard_task_runner.py:90} INFO - Running: ['***', 'tasks', 'run', 'intialization_database', 'merge_transform_fbref_only_match_reports', 'manual__2024-10-03T11:08:10.204482+00:00', '--job-id', '3697', '--raw', '--subdir', 'DAGS_FOLDER/initialization.py', '--cfg-path', '/tmp/tmphm2n_o47']
[2024-10-03T11:13:57.577+0000] {standard_task_runner.py:91} INFO - Job 3697: Subtask merge_transform_fbref_only_match_reports
[2024-10-03T11:13:57.646+0000] {task_command.py:426} INFO - Running <TaskInstance: intialization_database.merge_transform_fbref_only_match_reports manual__2024-10-03T11:08:10.204482+00:00 [running]> on host 7d10ea254acc
[2024-10-03T11:13:57.821+0000] {taskinstance.py:2648} INFO - Exporting env vars: AIRFLOW_CTX_DAG_OWNER='***' AIRFLOW_CTX_DAG_ID='intialization_database' AIRFLOW_CTX_TASK_ID='merge_transform_fbref_only_match_reports' AIRFLOW_CTX_EXECUTION_DATE='2024-10-03T11:08:10.204482+00:00' AIRFLOW_CTX_TRY_NUMBER='1' AIRFLOW_CTX_DAG_RUN_ID='manual__2024-10-03T11:08:10.204482+00:00'
[2024-10-03T11:13:57.824+0000] {taskinstance.py:430} INFO - ::endgroup::
[2024-10-03T11:13:58.449+0000] {warnings.py:112} WARNING - /opt/***/dags/helpers_initialization_dag/fbref_only_match_reports_merging_transforming_csvs_fl.py:37: FutureWarning: DataFrame.applymap has been deprecated. Use DataFrame.map instead.
  fbref_match_reports_merged_df = fbref_match_reports_merged_df.applymap(lambda x: x.strip() if isinstance(x, str) else x)

[2024-10-03T11:13:59.212+0000] {python.py:237} INFO - Done. Returned value was: None
[2024-10-03T11:13:59.213+0000] {taskinstance.py:441} INFO - ::group::Post task execution logs
[2024-10-03T11:13:59.229+0000] {taskinstance.py:1206} INFO - Marking task as SUCCESS. dag_id=intialization_database, task_id=merge_transform_fbref_only_match_reports, run_id=manual__2024-10-03T11:08:10.204482+00:00, execution_date=20241003T110810, start_date=20241003T111357, end_date=20241003T111359
[2024-10-03T11:13:59.407+0000] {local_task_job_runner.py:240} INFO - Task exited with return code 0
[2024-10-03T11:13:59.418+0000] {warnings.py:112} WARNING - /home/***/.local/lib/python3.12/site-packages/***/models/baseoperator.py:1297: AirflowProviderDeprecationWarning: Call to deprecated class PostgresOperator. (Please use `***.providers.common.sql.operators.sql.SQLExecuteQueryOperator`.Also, you can provide `hook_params={'schema': <database>}`.)
  result = cls.__new__(cls)

[2024-10-03T11:13:59.500+0000] {taskinstance.py:3503} INFO - 1 downstream tasks scheduled from follow-on schedule check
[2024-10-03T11:13:59.515+0000] {local_task_job_runner.py:222} INFO - ::endgroup::
