[2024-09-29T17:45:10.222+0000] {local_task_job_runner.py:120} INFO - ::group::Pre task execution logs
[2024-09-29T17:45:10.249+0000] {taskinstance.py:2076} INFO - Dependencies all met for dep_context=non-requeueable deps ti=<TaskInstance: intialization_database.create_database_football_scotland manual__2024-09-29T17:44:30.359107+00:00 [queued]>
[2024-09-29T17:45:10.260+0000] {taskinstance.py:2076} INFO - Dependencies all met for dep_context=requeueable deps ti=<TaskInstance: intialization_database.create_database_football_scotland manual__2024-09-29T17:44:30.359107+00:00 [queued]>
[2024-09-29T17:45:10.261+0000] {taskinstance.py:2306} INFO - Starting attempt 1 of 2
[2024-09-29T17:45:10.276+0000] {taskinstance.py:2330} INFO - Executing <Task(PostgresOperator): create_database_football_scotland> on 2024-09-29 17:44:30.359107+00:00
[2024-09-29T17:45:10.283+0000] {warnings.py:112} WARNING - /home/***/.local/lib/python3.12/site-packages/***/task/task_runner/standard_task_runner.py:61: DeprecationWarning: This process (pid=5576) is multi-threaded, use of fork() may lead to deadlocks in the child.
  pid = os.fork()

[2024-09-29T17:45:10.284+0000] {standard_task_runner.py:63} INFO - Started process 5578 to run task
[2024-09-29T17:45:10.284+0000] {standard_task_runner.py:90} INFO - Running: ['***', 'tasks', 'run', 'intialization_database', 'create_database_football_scotland', 'manual__2024-09-29T17:44:30.359107+00:00', '--job-id', '2884', '--raw', '--subdir', 'DAGS_FOLDER/initialization.py', '--cfg-path', '/tmp/tmppx5yr4xh']
[2024-09-29T17:45:10.286+0000] {standard_task_runner.py:91} INFO - Job 2884: Subtask create_database_football_scotland
[2024-09-29T17:45:10.331+0000] {task_command.py:426} INFO - Running <TaskInstance: intialization_database.create_database_football_scotland manual__2024-09-29T17:44:30.359107+00:00 [running]> on host e78fe06b6548
[2024-09-29T17:45:10.428+0000] {taskinstance.py:2648} INFO - Exporting env vars: AIRFLOW_CTX_DAG_OWNER='***' AIRFLOW_CTX_DAG_ID='intialization_database' AIRFLOW_CTX_TASK_ID='create_database_football_scotland' AIRFLOW_CTX_EXECUTION_DATE='2024-09-29T17:44:30.359107+00:00' AIRFLOW_CTX_TRY_NUMBER='1' AIRFLOW_CTX_DAG_RUN_ID='manual__2024-09-29T17:44:30.359107+00:00'
[2024-09-29T17:45:10.430+0000] {taskinstance.py:430} INFO - ::endgroup::
[2024-09-29T17:45:10.430+0000] {sql.py:276} INFO - Executing: -- SQL script to create a database and schema
CREATE DATABASE football_scotland;

[2024-09-29T17:45:10.440+0000] {base.py:84} INFO - Using connection ID 'football_***_connection' for task execution.
[2024-09-29T17:45:10.453+0000] {base.py:84} INFO - Using connection ID 'football_***_connection' for task execution.
[2024-09-29T17:45:10.458+0000] {sql.py:487} INFO - Running statement: -- SQL script to create a database and schema
CREATE DATABASE football_scotland;
, parameters: None
[2024-09-29T17:45:10.567+0000] {taskinstance.py:441} INFO - ::group::Post task execution logs
[2024-09-29T17:45:10.577+0000] {taskinstance.py:1206} INFO - Marking task as SUCCESS. dag_id=intialization_database, task_id=create_database_football_scotland, run_id=manual__2024-09-29T17:44:30.359107+00:00, execution_date=20240929T174430, start_date=20240929T174510, end_date=20240929T174510
[2024-09-29T17:45:10.619+0000] {local_task_job_runner.py:240} INFO - Task exited with return code 0
[2024-09-29T17:45:10.631+0000] {warnings.py:112} WARNING - /home/***/.local/lib/python3.12/site-packages/***/models/baseoperator.py:1297: AirflowProviderDeprecationWarning: Call to deprecated class PostgresOperator. (Please use `***.providers.common.sql.operators.sql.SQLExecuteQueryOperator`.Also, you can provide `hook_params={'schema': <database>}`.)
  result = cls.__new__(cls)

[2024-09-29T17:45:10.652+0000] {taskinstance.py:3503} INFO - 1 downstream tasks scheduled from follow-on schedule check
[2024-09-29T17:45:10.655+0000] {local_task_job_runner.py:222} INFO - ::endgroup::
